make -C build-tools all
make[1]: Entering directory '/home/zededa-ci/src/zenbuild/build-tools'
[ -x /home/zededa-ci/src/zenbuild/build-tools/bin/dep ] || /usr/bin/go  get github.com/golang/dep/cmd/dep
cd `dirname src/linuxkit/Gopkg.lock` ; /home/zededa-ci/src/zenbuild/build-tools/bin/dep ensure -v
Gopkg.lock was already in sync with imports and Gopkg.toml
(1/52) Wrote github.com/Azure/go-ansiterm@master
(2/52) Wrote github.com/packethost/packngo@f1be085ecd6fca1b0a0e25eda71f208dcfcee5ab
(3/52) Wrote github.com/Azure/go-autorest@v10.1.2
(4/52) Wrote github.com/docker/go-connections@v0.3.0
(5/52) Wrote github.com/pkg/errors@v0.8.0
(6/52) Wrote github.com/dgrijalva/jwt-go@v3.1.0
(7/52) Wrote github.com/docker/go-units@v0.3.2
(8/52) Wrote github.com/radu-matei/azure-vhd-utils@e52754d5569d2a643a7775f72ff2a6cf524f4c25
(9/52) Wrote github.com/go-ini/ini@v1.32.0
(10/52) Wrote github.com/opencontainers/runtime-spec@v1.0.1
(11/52) Wrote github.com/agl/ed25519@master
(12/52) Wrote github.com/Microsoft/go-winio@v0.4.7
(13/52) Wrote github.com/radu-matei/azure-sdk-for-go@3b12823551999669c9a325a32472508e0af7978e
(14/52) Wrote github.com/surma/gocpio@1.1.0
(15/52) Wrote github.com/opencontainers/go-digest@v1.0.0-rc1
(16/52) Wrote github.com/opencontainers/image-spec@v1.0.1
(17/52) Wrote github.com/google/uuid@0.2
(18/52) Wrote github.com/docker/go@v1.5.1-1
(19/52) Wrote github.com/xeipuuv/gojsonpointer@master
(20/52) Wrote github.com/rn/iso9660wrap@master
(21/52) Wrote gopkg.in/yaml.v2@v2
(22/52) Wrote github.com/xeipuuv/gojsonreference@master
(23/52) Wrote github.com/docker/go-p9p@master
(24/52) Wrote github.com/gorilla/mux@v1.6.1
(25/52) Wrote github.com/gorilla/context@v1.1
(26/52) Wrote github.com/golang/protobuf@v1.0.0
(27/52) Wrote github.com/xeipuuv/gojsonschema@master
(28/52) Wrote cloud.google.com/go@v0.18.0
(29/52) Wrote github.com/gogo/protobuf@v1.0.0
(30/52) Wrote golang.org/x/oauth2@master
(31/52) Wrote github.com/mitchellh/go-ps@master
(32/52) Wrote github.com/miekg/pkcs11@master
(33/52) Wrote github.com/gophercloud/gophercloud@master
(34/52) Wrote golang.org/x/net@master
(35/52) Wrote github.com/Azure/azure-sdk-for-go@26132835cbefa2669a306b777f34b929b56aa0a2
(36/52) Wrote github.com/sirupsen/logrus@v1.0.4
(37/52) Wrote github.com/jmespath/go-jmespath@0b12d6b5
(38/52) Wrote github.com/vmware/govmomi@v0.16.0
(39/52) Wrote github.com/theupdateframework/notary@master
(40/52) Wrote github.com/docker/distribution@3800056b8832cf6075e78b282ac010131d8687bc
(41/52) Wrote golang.org/x/crypto@master
(42/52) Wrote golang.org/x/sys@master
(43/52) Wrote github.com/moby/datakit@0.12.1
(44/52) Wrote google.golang.org/appengine@v1.0.0
(45/52) Wrote github.com/containerd/containerd@v1.0.2
(46/52) Wrote github.com/moby/hyperkit@a285521725f44f3d10ca1042c2c07d3a6e24bed8
(47/52) Wrote github.com/moby/tool@master
(48/52) Wrote google.golang.org/api@master
(49/52) Wrote github.com/aws/aws-sdk-go@v1.12.79
(50/52) Wrote github.com/linuxkit/linuxkit@master
(51/52) Wrote github.com/moby/vpnkit@v0.2.0
(52/52) Wrote github.com/docker/docker@ba99c19b593bdb9e7b90793681fe89b0a91781ed
make[1]: Leaving directory '/home/zededa-ci/src/zenbuild/build-tools'
Building and pushing "zededa/ztools:b352f1a612a035f0faca2df279375eae8e69cc6b"
b352f1a612a035f0faca2df279375eae8e69cc6b: Pulling from zededa/ztools
Digest: sha256:37ee507038d8f9c8298b5c58cb624ddd79bbb722ab2e879fe6349022f0eec3c7
Status: Image is up to date for zededa/ztools:b352f1a612a035f0faca2df279375eae8e69cc6b
b352f1a612a035f0faca2df279375eae8e69cc6b: Pulling from zededa/ztools
Digest: sha256:37ee507038d8f9c8298b5c58cb624ddd79bbb722ab2e879fe6349022f0eec3c7
Status: Image is up to date for zededa/ztools:b352f1a612a035f0faca2df279375eae8e69cc6b
The push refers to a repository [docker.io/zededa/ztools]
60a30bd737f2: Preparing
06152f49a8fc: Preparing
a0dd9923294b: Preparing
79f724920aa6: Preparing
0fb89b97dfac: Preparing
626232712272: Preparing
2fbe955e6f42: Preparing
c52110b5db2f: Preparing
30d3503cc5a9: Preparing
90901ec563e0: Preparing
2fbe955e6f42: Waiting
c52110b5db2f: Waiting
30d3503cc5a9: Waiting
90901ec563e0: Waiting
626232712272: Waiting
a0dd9923294b: Layer already exists
06152f49a8fc: Layer already exists
0fb89b97dfac: Layer already exists
79f724920aa6: Layer already exists
60a30bd737f2: Layer already exists
626232712272: Layer already exists
30d3503cc5a9: Layer already exists
2fbe955e6f42: Layer already exists
90901ec563e0: Layer already exists
c52110b5db2f: Layer already exists
latest: digest: sha256:308dd04d3ef27c51161894ef522a3e5b28aa76e04ec35f9b631bae55073dd11d size: 2411
make: Entering directory '/home/zededa-ci/src/zenbuild/pkg'
(cd ..; ./parse-pkgs.sh pkg/kmod_pfring/Dockerfile.in > pkg/kmod_pfring/Dockerfile)
(cd ..; ./parse-pkgs.sh pkg/qrexec-lib/Dockerfile.in > pkg/qrexec-lib/Dockerfile)
(cd ..; ./parse-pkgs.sh pkg/qrexec-dom0/Dockerfile.in > pkg/qrexec-dom0/Dockerfile)
(cd ..; ./parse-pkgs.sh pkg/zedctr/Dockerfile.in > pkg/zedctr/Dockerfile)
(cd ..; ./parse-pkgs.sh pkg/test-conf/Dockerfile.in > pkg/test-conf/Dockerfile)
(cd ..; ./parse-pkgs.sh pkg/mkflash/Dockerfile.in > pkg/mkflash/Dockerfile)
(cd ..; ./parse-pkgs.sh pkg/mkimage-iso-efi/Dockerfile.in > pkg/mkimage-iso-efi/Dockerfile)
(cd ..; ./parse-pkgs.sh pkg/mkimage-raw-efi//Dockerfile.in > pkg/mkimage-raw-efi//Dockerfile)
Building and pushing "zededa/grub:a83a89ea3b7f890696e759027bb10a0572248aef"
a83a89ea3b7f890696e759027bb10a0572248aef: Pulling from zededa/grub
Digest: sha256:13baa3f5f815be0c6e2fa45e2f78f57fdb98b63dd076e74d9dcd60fde9dab103
Status: Image is up to date for zededa/grub:a83a89ea3b7f890696e759027bb10a0572248aef
Building and pushing "zededa/xen:07f48fb845ebcbb4327b6493875a846d0e4ffd3b"
07f48fb845ebcbb4327b6493875a846d0e4ffd3b: Pulling from zededa/xen
Digest: sha256:c8b8389a2abf741dacda34dc25fd3a29454dd90d0bc9f89e4f6ae41001d76946
Status: Image is up to date for zededa/xen:07f48fb845ebcbb4327b6493875a846d0e4ffd3b
Building and pushing "zededa/kernel:2f3f0ca93049e132867b9f9a836848e6ecc03f4b"
2f3f0ca93049e132867b9f9a836848e6ecc03f4b: Pulling from zededa/kernel
Digest: sha256:3eff66f1abc70306b4e0ebae65f8b4df66ab0ed4626ed2046205ff01e5a17d17
Status: Image is up to date for zededa/kernel:2f3f0ca93049e132867b9f9a836848e6ecc03f4b
Building and pushing "zededa/kmod_pfring:21d2619aba445c8fdecf2afe1d2201f0ac4db2aa"
21d2619aba445c8fdecf2afe1d2201f0ac4db2aa: Pulling from zededa/kmod_pfring
Digest: sha256:4f2c1756085e214680cc6f78d7137773496ac5d997ebaf9eecaba320ccb19d25
Status: Image is up to date for zededa/kmod_pfring:21d2619aba445c8fdecf2afe1d2201f0ac4db2aa
Building and pushing "zededa/xen-tools:39c66bfb8fa3128310f9c5b3322fd64819d9e215"
39c66bfb8fa3128310f9c5b3322fd64819d9e215: Pulling from zededa/xen-tools
Digest: sha256:2a76e16a316d0bad85b310f2d4d8c6eb5dad5acfb4e5229ed04e7e8179af8add
Status: Image is up to date for zededa/xen-tools:39c66bfb8fa3128310f9c5b3322fd64819d9e215
Building and pushing "zededa/dnsmasq:e2de7e6a478850d931724f951f877cd507d77358"
e2de7e6a478850d931724f951f877cd507d77358: Pulling from zededa/dnsmasq
Digest: sha256:ffd5aa9dccf23e759478da4589f0a647e333fd6034691cbe8a57bf25d45d2663
Status: Image is up to date for zededa/dnsmasq:e2de7e6a478850d931724f951f877cd507d77358
Building and pushing "zededa/gpt-tools:f0be39997551891e81c6edc38acc20f61077287b"
f0be39997551891e81c6edc38acc20f61077287b: Pulling from zededa/gpt-tools
Digest: sha256:2b060f749a08dd331a21277d0c1851912ace5d501782f99df36e3a585710f4ae
Status: Image is up to date for zededa/gpt-tools:f0be39997551891e81c6edc38acc20f61077287b
Building and pushing "zededa/dom0-ztools:8136078abdf52ea3bb3a489702b2d47d2a30aca6"
8136078abdf52ea3bb3a489702b2d47d2a30aca6: Pulling from zededa/dom0-ztools
Digest: sha256:c59e1042d5f259a9c21a3feed536f3894f92c5fc5ba075a28f8d094f87478275
Status: Image is up to date for zededa/dom0-ztools:8136078abdf52ea3bb3a489702b2d47d2a30aca6
Building and pushing "zededa/qrexec-lib:2e0df0df95f86df6953d7d2e7729213b77fd7206"
2e0df0df95f86df6953d7d2e7729213b77fd7206: Pulling from zededa/qrexec-lib
Digest: sha256:739d5c48e4479003f0dbfddd8b98a2028be513deb70af727752905263ac2d53d
Status: Image is up to date for zededa/qrexec-lib:2e0df0df95f86df6953d7d2e7729213b77fd7206
Building and pushing "zededa/qrexec-dom0:2c3cf9b135409690eaa86092c41f7c800d398468"
2c3cf9b135409690eaa86092c41f7c800d398468: Pulling from zededa/qrexec-dom0
Digest: sha256:157d51bbe858847ef6d82ae4719ced5976a9a7098336a4a6e49830d33f868ab3
Status: Image is up to date for zededa/qrexec-dom0:2c3cf9b135409690eaa86092c41f7c800d398468
Building and pushing "zededa/wwan:addf826bbc6885c0a28cd8f018f69cadaca4674f"
addf826bbc6885c0a28cd8f018f69cadaca4674f: Pulling from zededa/wwan
Digest: sha256:4bbb9cfb02dee943d602a3c344f33c40b0d2c94ff035a0f58336c67b2a9a72bd
Status: Image is up to date for zededa/wwan:addf826bbc6885c0a28cd8f018f69cadaca4674f
Building and pushing "zededa/wlan:cfd366430df0620df11b2af7f3d9d63d617a5903"
cfd366430df0620df11b2af7f3d9d63d617a5903: Pulling from zededa/wlan
Digest: sha256:35c3b0eaef07370509074cbaf7ddcbd78e64115b22417faeb5bff386fb52481b
Status: Image is up to date for zededa/wlan:cfd366430df0620df11b2af7f3d9d63d617a5903
Building and pushing "zededa/watchdog:3e77cbcffbf4f71309bab82500039967bca0d189"
3e77cbcffbf4f71309bab82500039967bca0d189: Pulling from zededa/watchdog
Digest: sha256:b8e2bf72873ee5128a0146a25dfeb1d8548d753e9f35f8e760d6e8b33fca0d5c
Status: Image is up to date for zededa/watchdog:3e77cbcffbf4f71309bab82500039967bca0d189
Building and pushing "zededa/zedctr:f5d8d01b7c3727b48838b53c3e91835bf58ddde9"
f5d8d01b7c3727b48838b53c3e91835bf58ddde9: Pulling from zededa/zedctr
Digest: sha256:4860a3e2678be6e63cdec019705daa07666f931bb69b275851383ae3aa26cc05
Status: Image is up to date for zededa/zedctr:f5d8d01b7c3727b48838b53c3e91835bf58ddde9
Building and pushing "zededa/test-conf:f90db01a283c22ee7ff47f67195fc5673a2e952f"
f90db01a283c22ee7ff47f67195fc5673a2e952f: Pulling from zededa/test-conf
Digest: sha256:2359b38d7e7dda43b1ea104fc87284f62750cea7d348577df5f5e54f65558343
Status: Image is up to date for zededa/test-conf:f90db01a283c22ee7ff47f67195fc5673a2e952f
Building and pushing "zededa/mkrootfs-ext4:3ac05eda5dc3d0ea7298480b8363e93393effa35"
3ac05eda5dc3d0ea7298480b8363e93393effa35: Pulling from zededa/mkrootfs-ext4
Digest: sha256:dd6697e7a8e68892fa5def39fa0a9a0e91949b7d29d50208c51b680af7169b6e
Status: Image is up to date for zededa/mkrootfs-ext4:3ac05eda5dc3d0ea7298480b8363e93393effa35
Building and pushing "zededa/mkrootfs-squash:a036fd84fb2fd0bb3d1df9209522af8de0189a75"
a036fd84fb2fd0bb3d1df9209522af8de0189a75: Pulling from zededa/mkrootfs-squash
Digest: sha256:9e6abe4716641f2559dc7c94338f9ba2f5819b80057179736accfc9896499958
Status: Image is up to date for zededa/mkrootfs-squash:a036fd84fb2fd0bb3d1df9209522af8de0189a75
Building and pushing "zededa/mkflash:c9d56f7b811cfb17b5a4651beea2b4e10819b953"
c9d56f7b811cfb17b5a4651beea2b4e10819b953: Pulling from zededa/mkflash
Digest: sha256:ca21e686522e3b76f4297b9ae4971d83e8aa6322ba6075f14065377a757c2410
Status: Image is up to date for zededa/mkflash:c9d56f7b811cfb17b5a4651beea2b4e10819b953
Building and pushing "zededa/mkimage-iso-efi:11694010143cc163cb8fe07be51863dfef435970"
11694010143cc163cb8fe07be51863dfef435970: Pulling from zededa/mkimage-iso-efi
Digest: sha256:ffee2e235b9a32691907a00aa1a242c18fe174deab0d8dfe3941a18998cf1a73
Status: Image is up to date for zededa/mkimage-iso-efi:11694010143cc163cb8fe07be51863dfef435970
Building and pushing "zededa/mkimage-raw-efi:02ce01fe028811c42dff8597dc8427649aae0f4b"
02ce01fe028811c42dff8597dc8427649aae0f4b: Pulling from zededa/mkimage-raw-efi
Digest: sha256:8f546fa97aba84140a7d30db8ec9e9d988f81c482c56ff91f9837d04cdfb19c1
Status: Image is up to date for zededa/mkimage-raw-efi:02ce01fe028811c42dff8597dc8427649aae0f4b
make: Leaving directory '/home/zededa-ci/src/zenbuild/pkg'
make: Entering directory '/home/zededa-ci/src/zenbuild/build-pkgs'
Building and pushing "zededa/build-pkgs_abuild:7ae4d9f9fa290963de466d5ed96d6c9318354824"
7ae4d9f9fa290963de466d5ed96d6c9318354824: Pulling from zededa/build-pkgs_abuild
Digest: sha256:d8de31b2b439b28602ea727539340e235c411953de00fee6e51aec919a53e466
Status: Image is up to date for zededa/build-pkgs_abuild:7ae4d9f9fa290963de466d5ed96d6c9318354824
Building and pushing "zededa/build-pkgs_uefi:a3362428c518fb4db1a136a961bd17e8a66fb693"
a3362428c518fb4db1a136a961bd17e8a66fb693: Pulling from zededa/build-pkgs_uefi
Digest: sha256:551ca905d3f137281edee985de9038b7d459b066d1e06fab87e016508b75a464
Status: Image is up to date for zededa/build-pkgs_uefi:a3362428c518fb4db1a136a961bd17e8a66fb693
make: Leaving directory '/home/zededa-ci/src/zenbuild/build-pkgs'
make -C build-tools all
make[1]: Entering directory '/home/zededa-ci/src/zenbuild/build-tools'
[ -x /home/zededa-ci/src/zenbuild/build-tools/bin/dep ] || /usr/bin/go  get github.com/golang/dep/cmd/dep
cd `dirname src/linuxkit/Gopkg.lock` ; /home/zededa-ci/src/zenbuild/build-tools/bin/dep ensure -v
Gopkg.lock was already in sync with imports and Gopkg.toml
(1/52) Wrote gopkg.in/yaml.v2@v2
(2/52) Wrote github.com/agl/ed25519@master
(3/52) Wrote github.com/mitchellh/go-ps@master
(4/52) Wrote github.com/docker/go-units@v0.3.2
(5/52) Wrote github.com/docker/go-p9p@master
(6/52) Wrote github.com/google/uuid@0.2
(7/52) Wrote github.com/golang/protobuf@v1.0.0
(8/52) Wrote github.com/gorilla/context@v1.1
(9/52) Wrote github.com/Azure/go-ansiterm@master
(10/52) Wrote github.com/gorilla/mux@v1.6.1
(11/52) Wrote github.com/go-ini/ini@v1.32.0
(12/52) Wrote github.com/dgrijalva/jwt-go@v3.1.0
(13/52) Wrote github.com/Azure/go-autorest@v10.1.2
(14/52) Wrote github.com/Microsoft/go-winio@v0.4.7
(15/52) Wrote github.com/sirupsen/logrus@v1.0.4
(16/52) Wrote github.com/miekg/pkcs11@master
(17/52) Wrote github.com/docker/go@v1.5.1-1
(18/52) Wrote github.com/docker/go-connections@v0.3.0
(19/52) Wrote github.com/opencontainers/go-digest@v1.0.0-rc1
(20/52) Wrote github.com/opencontainers/image-spec@v1.0.1
(21/52) Wrote github.com/packethost/packngo@f1be085ecd6fca1b0a0e25eda71f208dcfcee5ab
(22/52) Wrote github.com/opencontainers/runtime-spec@v1.0.1
(23/52) Wrote github.com/pkg/errors@v0.8.0
(24/52) Wrote github.com/moby/datakit@0.12.1
(25/52) Wrote github.com/rn/iso9660wrap@master
(26/52) Wrote github.com/radu-matei/azure-sdk-for-go@3b12823551999669c9a325a32472508e0af7978e
(27/52) Wrote github.com/surma/gocpio@1.1.0
(28/52) Wrote github.com/moby/hyperkit@a285521725f44f3d10ca1042c2c07d3a6e24bed8
(29/52) Wrote cloud.google.com/go@v0.18.0
(30/52) Wrote github.com/radu-matei/azure-vhd-utils@e52754d5569d2a643a7775f72ff2a6cf524f4c25
(31/52) Wrote github.com/gogo/protobuf@v1.0.0
(32/52) Wrote github.com/xeipuuv/gojsonreference@master
(33/52) Wrote github.com/jmespath/go-jmespath@0b12d6b5
(34/52) Wrote github.com/Azure/azure-sdk-for-go@26132835cbefa2669a306b777f34b929b56aa0a2
(35/52) Wrote github.com/xeipuuv/gojsonschema@master
(36/52) Wrote github.com/xeipuuv/gojsonpointer@master
(37/52) Wrote github.com/moby/tool@master
(38/52) Wrote github.com/docker/distribution@3800056b8832cf6075e78b282ac010131d8687bc
(39/52) Wrote github.com/vmware/govmomi@v0.16.0
(40/52) Wrote github.com/gophercloud/gophercloud@master
(41/52) Wrote github.com/containerd/containerd@v1.0.2
(42/52) Wrote google.golang.org/appengine@v1.0.0
(43/52) Wrote golang.org/x/sys@master
(44/52) Wrote golang.org/x/oauth2@master
(45/52) Wrote golang.org/x/crypto@master
(46/52) Wrote github.com/aws/aws-sdk-go@v1.12.79
(47/52) Wrote golang.org/x/net@master
(48/52) Wrote github.com/moby/vpnkit@v0.2.0
(49/52) Wrote github.com/theupdateframework/notary@master
(50/52) Wrote github.com/linuxkit/linuxkit@master
(51/52) Wrote github.com/docker/docker@ba99c19b593bdb9e7b90793681fe89b0a91781ed
(52/52) Wrote google.golang.org/api@master
make[1]: Leaving directory '/home/zededa-ci/src/zenbuild/build-tools'
make -C build-pkgs
make[1]: Entering directory '/home/zededa-ci/src/zenbuild/build-pkgs'
Building "zededa/build-pkgs_abuild:7ae4d9f9fa290963de466d5ed96d6c9318354824"
7ae4d9f9fa290963de466d5ed96d6c9318354824: Pulling from zededa/build-pkgs_abuild
Digest: sha256:d8de31b2b439b28602ea727539340e235c411953de00fee6e51aec919a53e466
Status: Image is up to date for zededa/build-pkgs_abuild:7ae4d9f9fa290963de466d5ed96d6c9318354824
Building "zededa/build-pkgs_uefi:a3362428c518fb4db1a136a961bd17e8a66fb693"
a3362428c518fb4db1a136a961bd17e8a66fb693: Pulling from zededa/build-pkgs_uefi
Digest: sha256:551ca905d3f137281edee985de9038b7d459b066d1e06fab87e016508b75a464
Status: Image is up to date for zededa/build-pkgs_uefi:a3362428c518fb4db1a136a961bd17e8a66fb693
make[1]: Leaving directory '/home/zededa-ci/src/zenbuild/build-pkgs'
make -C pkg
make[1]: Entering directory '/home/zededa-ci/src/zenbuild/pkg'
(cd ..; ./parse-pkgs.sh pkg/kmod_pfring/Dockerfile.in > pkg/kmod_pfring/Dockerfile)
(cd ..; ./parse-pkgs.sh pkg/qrexec-lib/Dockerfile.in > pkg/qrexec-lib/Dockerfile)
(cd ..; ./parse-pkgs.sh pkg/qrexec-dom0/Dockerfile.in > pkg/qrexec-dom0/Dockerfile)
(cd ..; ./parse-pkgs.sh pkg/zedctr/Dockerfile.in > pkg/zedctr/Dockerfile)
(cd ..; ./parse-pkgs.sh pkg/test-conf/Dockerfile.in > pkg/test-conf/Dockerfile)
(cd ..; ./parse-pkgs.sh pkg/mkflash/Dockerfile.in > pkg/mkflash/Dockerfile)
(cd ..; ./parse-pkgs.sh pkg/mkimage-iso-efi/Dockerfile.in > pkg/mkimage-iso-efi/Dockerfile)
(cd ..; ./parse-pkgs.sh pkg/mkimage-raw-efi//Dockerfile.in > pkg/mkimage-raw-efi//Dockerfile)
Building "zededa/grub:a83a89ea3b7f890696e759027bb10a0572248aef"
a83a89ea3b7f890696e759027bb10a0572248aef: Pulling from zededa/grub
Digest: sha256:13baa3f5f815be0c6e2fa45e2f78f57fdb98b63dd076e74d9dcd60fde9dab103
Status: Image is up to date for zededa/grub:a83a89ea3b7f890696e759027bb10a0572248aef
Building "zededa/xen:07f48fb845ebcbb4327b6493875a846d0e4ffd3b"
07f48fb845ebcbb4327b6493875a846d0e4ffd3b: Pulling from zededa/xen
Digest: sha256:c8b8389a2abf741dacda34dc25fd3a29454dd90d0bc9f89e4f6ae41001d76946
Status: Image is up to date for zededa/xen:07f48fb845ebcbb4327b6493875a846d0e4ffd3b
Building "zededa/kernel:2f3f0ca93049e132867b9f9a836848e6ecc03f4b"
2f3f0ca93049e132867b9f9a836848e6ecc03f4b: Pulling from zededa/kernel
Digest: sha256:3eff66f1abc70306b4e0ebae65f8b4df66ab0ed4626ed2046205ff01e5a17d17
Status: Image is up to date for zededa/kernel:2f3f0ca93049e132867b9f9a836848e6ecc03f4b
Building "zededa/kmod_pfring:21d2619aba445c8fdecf2afe1d2201f0ac4db2aa"
21d2619aba445c8fdecf2afe1d2201f0ac4db2aa: Pulling from zededa/kmod_pfring
Digest: sha256:4f2c1756085e214680cc6f78d7137773496ac5d997ebaf9eecaba320ccb19d25
Status: Image is up to date for zededa/kmod_pfring:21d2619aba445c8fdecf2afe1d2201f0ac4db2aa
Building "zededa/xen-tools:39c66bfb8fa3128310f9c5b3322fd64819d9e215"
39c66bfb8fa3128310f9c5b3322fd64819d9e215: Pulling from zededa/xen-tools
Digest: sha256:2a76e16a316d0bad85b310f2d4d8c6eb5dad5acfb4e5229ed04e7e8179af8add
Status: Image is up to date for zededa/xen-tools:39c66bfb8fa3128310f9c5b3322fd64819d9e215
Building "zededa/dnsmasq:e2de7e6a478850d931724f951f877cd507d77358"
e2de7e6a478850d931724f951f877cd507d77358: Pulling from zededa/dnsmasq
Digest: sha256:ffd5aa9dccf23e759478da4589f0a647e333fd6034691cbe8a57bf25d45d2663
Status: Image is up to date for zededa/dnsmasq:e2de7e6a478850d931724f951f877cd507d77358
Building "zededa/gpt-tools:f0be39997551891e81c6edc38acc20f61077287b"
f0be39997551891e81c6edc38acc20f61077287b: Pulling from zededa/gpt-tools
Digest: sha256:2b060f749a08dd331a21277d0c1851912ace5d501782f99df36e3a585710f4ae
Status: Image is up to date for zededa/gpt-tools:f0be39997551891e81c6edc38acc20f61077287b
Building "zededa/dom0-ztools:8136078abdf52ea3bb3a489702b2d47d2a30aca6"
8136078abdf52ea3bb3a489702b2d47d2a30aca6: Pulling from zededa/dom0-ztools
Digest: sha256:c59e1042d5f259a9c21a3feed536f3894f92c5fc5ba075a28f8d094f87478275
Status: Image is up to date for zededa/dom0-ztools:8136078abdf52ea3bb3a489702b2d47d2a30aca6
Building "zededa/qrexec-lib:2e0df0df95f86df6953d7d2e7729213b77fd7206"
2e0df0df95f86df6953d7d2e7729213b77fd7206: Pulling from zededa/qrexec-lib
Digest: sha256:739d5c48e4479003f0dbfddd8b98a2028be513deb70af727752905263ac2d53d
Status: Image is up to date for zededa/qrexec-lib:2e0df0df95f86df6953d7d2e7729213b77fd7206
Building "zededa/qrexec-dom0:2c3cf9b135409690eaa86092c41f7c800d398468"
2c3cf9b135409690eaa86092c41f7c800d398468: Pulling from zededa/qrexec-dom0
Digest: sha256:157d51bbe858847ef6d82ae4719ced5976a9a7098336a4a6e49830d33f868ab3
Status: Image is up to date for zededa/qrexec-dom0:2c3cf9b135409690eaa86092c41f7c800d398468
Building "zededa/wwan:addf826bbc6885c0a28cd8f018f69cadaca4674f"
addf826bbc6885c0a28cd8f018f69cadaca4674f: Pulling from zededa/wwan
Digest: sha256:4bbb9cfb02dee943d602a3c344f33c40b0d2c94ff035a0f58336c67b2a9a72bd
Status: Image is up to date for zededa/wwan:addf826bbc6885c0a28cd8f018f69cadaca4674f
Building "zededa/wlan:cfd366430df0620df11b2af7f3d9d63d617a5903"
cfd366430df0620df11b2af7f3d9d63d617a5903: Pulling from zededa/wlan
Digest: sha256:35c3b0eaef07370509074cbaf7ddcbd78e64115b22417faeb5bff386fb52481b
Status: Image is up to date for zededa/wlan:cfd366430df0620df11b2af7f3d9d63d617a5903
Building "zededa/watchdog:3e77cbcffbf4f71309bab82500039967bca0d189"
3e77cbcffbf4f71309bab82500039967bca0d189: Pulling from zededa/watchdog
Digest: sha256:b8e2bf72873ee5128a0146a25dfeb1d8548d753e9f35f8e760d6e8b33fca0d5c
Status: Image is up to date for zededa/watchdog:3e77cbcffbf4f71309bab82500039967bca0d189
Building "zededa/zedctr:f5d8d01b7c3727b48838b53c3e91835bf58ddde9"
f5d8d01b7c3727b48838b53c3e91835bf58ddde9: Pulling from zededa/zedctr
Digest: sha256:4860a3e2678be6e63cdec019705daa07666f931bb69b275851383ae3aa26cc05
Status: Image is up to date for zededa/zedctr:f5d8d01b7c3727b48838b53c3e91835bf58ddde9
Building "zededa/test-conf:f90db01a283c22ee7ff47f67195fc5673a2e952f"
f90db01a283c22ee7ff47f67195fc5673a2e952f: Pulling from zededa/test-conf
Digest: sha256:2359b38d7e7dda43b1ea104fc87284f62750cea7d348577df5f5e54f65558343
Status: Image is up to date for zededa/test-conf:f90db01a283c22ee7ff47f67195fc5673a2e952f
Building "zededa/mkrootfs-ext4:3ac05eda5dc3d0ea7298480b8363e93393effa35"
3ac05eda5dc3d0ea7298480b8363e93393effa35: Pulling from zededa/mkrootfs-ext4
Digest: sha256:dd6697e7a8e68892fa5def39fa0a9a0e91949b7d29d50208c51b680af7169b6e
Status: Image is up to date for zededa/mkrootfs-ext4:3ac05eda5dc3d0ea7298480b8363e93393effa35
Building "zededa/mkrootfs-squash:a036fd84fb2fd0bb3d1df9209522af8de0189a75"
a036fd84fb2fd0bb3d1df9209522af8de0189a75: Pulling from zededa/mkrootfs-squash
Digest: sha256:9e6abe4716641f2559dc7c94338f9ba2f5819b80057179736accfc9896499958
Status: Image is up to date for zededa/mkrootfs-squash:a036fd84fb2fd0bb3d1df9209522af8de0189a75
Building "zededa/mkflash:c9d56f7b811cfb17b5a4651beea2b4e10819b953"
c9d56f7b811cfb17b5a4651beea2b4e10819b953: Pulling from zededa/mkflash
Digest: sha256:ca21e686522e3b76f4297b9ae4971d83e8aa6322ba6075f14065377a757c2410
Status: Image is up to date for zededa/mkflash:c9d56f7b811cfb17b5a4651beea2b4e10819b953
Building "zededa/mkimage-iso-efi:11694010143cc163cb8fe07be51863dfef435970"
11694010143cc163cb8fe07be51863dfef435970: Pulling from zededa/mkimage-iso-efi
Digest: sha256:ffee2e235b9a32691907a00aa1a242c18fe174deab0d8dfe3941a18998cf1a73
Status: Image is up to date for zededa/mkimage-iso-efi:11694010143cc163cb8fe07be51863dfef435970
Building "zededa/mkimage-raw-efi:02ce01fe028811c42dff8597dc8427649aae0f4b"
02ce01fe028811c42dff8597dc8427649aae0f4b: Pulling from zededa/mkimage-raw-efi
Digest: sha256:8f546fa97aba84140a7d30db8ec9e9d988f81c482c56ff91f9837d04cdfb19c1
Status: Image is up to date for zededa/mkimage-raw-efi:02ce01fe028811c42dff8597dc8427649aae0f4b
make[1]: Leaving directory '/home/zededa-ci/src/zenbuild/pkg'
./parse-pkgs.sh images/fallback.yml.in > images/fallback.yml
./makerootfs.sh images/fallback.yml squash rootfs.img
Extract kernel image: zededa/kernel:2f3f0ca93049e132867b9f9a836848e6ecc03f4b-arm64
Add init containers:
Process init image: zededa/grub:a83a89ea3b7f890696e759027bb10a0572248aef-arm64
Process init image: zededa/xen:07f48fb845ebcbb4327b6493875a846d0e4ffd3b-arm64
Process init image: zededa/gpt-tools:f0be39997551891e81c6edc38acc20f61077287b-arm64
Process init image: zededa/dom0-ztools:8136078abdf52ea3bb3a489702b2d47d2a30aca6-arm64
Process init image: linuxkit/init:7804129bd06218b72c298139a25698a748d253c6
Process init image: linuxkit/runc:a1b564248a0d0b118c11e61db9f84ecf41dd2d2a
Process init image: linuxkit/containerd:417f83f7b8dc1fa36acf90effe44f99c7397480a
Process init image: linuxkit/getty:bf6872ce0a9f3ab519b3e502cc41ba3958bda2a6
Process init image: zededa/kmod_pfring:21d2619aba445c8fdecf2afe1d2201f0ac4db2aa-arm64
Add onboot containers:
  Create OCI config for linuxkit/sysctl:4c1ef93bb5eb1a877318db4b2daa6768ed002e21
  Create OCI config for linuxkit/modprobe:v0.2
Add service containers:
  Create OCI config for linuxkit/dhcpcd:0d59a6cc03412289ef4313f2491ec666c1715cc9
  Create OCI config for linuxkit/openntpd:536e5947607c9e6a6771957c2ff817230cba0d3c
  Create OCI config for zededa/wwan:addf826bbc6885c0a28cd8f018f69cadaca4674f-arm64
  Create OCI config for zededa/wlan:cfd366430df0620df11b2af7f3d9d63d617a5903-arm64
  Create OCI config for zededa/zedctr:f5d8d01b7c3727b48838b53c3e91835bf58ddde9-arm64
Pull image: zededa/zedctr:f5d8d01b7c3727b48838b53c3e91835bf58ddde9-arm64
time="2018-04-16T15:32:21+02:00" level=fatal msg="Failed to create OCI spec for zededa/zedctr:f5d8d01b7c3727b48838b53c3e91835bf58ddde9-arm64: Error response from daemon: pull access denied for zededa/zedctr, repository does not exist or may require 'docker login'"
containers/services/wlan/runtime.json: Truncated input file (needed 77 bytes, only 0 available)
bsdtar: Error exit delayed from previous errors.
Makefile:60: recipe for target 'rootfs.img' failed
make: *** [rootfs.img] Error 1
