Already up-to-date.
make -C build-tools all
make[1]: Entering directory '/home/zededa-ci/src/zenbuild/build-tools'
make[1]: Nothing to be done for 'all'.
make[1]: Leaving directory '/home/zededa-ci/src/zenbuild/build-tools'
From github.com:zededa/go-provision
   e069b65c..111c0232  azurevpn   -> origin/azurevpn
Already up-to-date.
Already up-to-date.
Building and pushing "zededa/lisp:542d5debb4a9e2f0494b646be1e14c086a183b4d"
542d5debb4a9e2f0494b646be1e14c086a183b4d: Pulling from zededa/lisp
Digest: sha256:17620eaed33581c935e58b438c82f42317fad461ee3e85532d367dd3d95fecf7
Status: Image is up to date for zededa/lisp:542d5debb4a9e2f0494b646be1e14c086a183b4d
Building and pushing "zededa/lisp:latest"
Sending build context to Docker daemon  12.68MB
Step 1/20 : FROM golang:1.9.1-alpine AS go-build
 ---> cc52d0ad4cce
Step 2/20 : RUN apk update
 ---> Using cache
 ---> 06dc54679d07
Step 3/20 : RUN apk add --no-cache git gcc linux-headers libc-dev libpcap-dev
 ---> Using cache
 ---> e0b117c95ac3
Step 4/20 : ADD . /go/src/github.com/zededa/lisp
 ---> Using cache
 ---> ef0605887b99
Step 5/20 : RUN go install github.com/zededa/lisp/cmd/...
 ---> Using cache
 ---> 9b07ae7e0cca
Step 6/20 : FROM alpine:3.8
 ---> def91cb894ef
Step 7/20 : RUN apk add --no-cache curl gcc linux-headers libc-dev python python-dev libffi-dev openssl-dev libpcap-dev iproute2 tcpdump ethtool ip6tables
 ---> Using cache
 ---> 82953511567d
Step 8/20 : RUN mkdir /lisp
 ---> Using cache
 ---> 837e0c33946a
Step 9/20 : ARG LISP_URL=https://www.dropbox.com/s/ogfu5gaw550rlkq/zededa.tgz
 ---> Using cache
 ---> 069a7ed78b4c
Step 10/20 : RUN cd /lisp ; curl --insecure -L $LISP_URL | gzip -dc | tar -xf -
 ---> Using cache
 ---> 25962e7ed21d
Step 11/20 : ADD scripts/sudo /usr/bin/sudo
 ---> Using cache
 ---> be5a30abc303
Step 12/20 : ADD conf scripts/RESTART-LISP scripts/RUN-LISP.rtr1 scripts/RUN-LISP scripts/STOP-LISP scripts/CONFIG-SVC scripts/RL scripts/pslisp scripts/log-packets scripts/ping-mesh.py /lisp/
 ---> Using cache
 ---> 12c71f67e2c8
Step 13/20 : RUN python /lisp/get-pip.py
 ---> Using cache
 ---> ca52c0c114b1
Step 14/20 : RUN pip install -r /lisp/pip-requirements.txt
 ---> Using cache
 ---> 4a81fd6481ad
Step 15/20 : RUN echo 'PS1="`hostname | cut -d . -f 0` > "' >> /root/.profile
 ---> Using cache
 ---> 10a59d016033
Step 16/20 : COPY --from=go-build /go/bin/dataplane /lisp/lisp-ztr
 ---> Using cache
 ---> a1b6206d4782
Step 17/20 : EXPOSE 8080
 ---> Using cache
 ---> 327f715825cd
Step 18/20 : WORKDIR /lisp
 ---> Using cache
 ---> 94f55b419928
Step 19/20 : CMD ./CONFIG-SVC ; ./RL ; sleep 5 ; tail -f ./logs/*
 ---> Using cache
 ---> 4bb397d8dad3
Step 20/20 : LABEL org.mobyproject.linuxkit.revision 'unknown' org.mobyproject.linuxkit.version 'unknown' org.opencontainers.image.revision 'a27c9b47f004468c993589d2f1e76df029fe0dcf' org.opencontainers.image.source 'https://github.com/linuxkit/linuxkit'
 ---> Using cache
 ---> fb9d04f48599
Successfully built fb9d04f48599
Successfully tagged zededa/lisp:latest-arm64
Pushing zededa/lisp:latest-arm64
The push refers to a repository [docker.io/zededa/lisp]
5e0673ae0a81: Preparing
2460ce561105: Preparing
56d8e29e1251: Preparing
1c3b5db37693: Preparing
cea9b2e7dbd4: Preparing
19029139889c: Preparing
2944e231c712: Preparing
10ed7430ba4b: Preparing
c47b13687581: Preparing
b43ad2345ba5: Preparing
cd0a9a09f5aa: Preparing
10ed7430ba4b: Waiting
c47b13687581: Waiting
b43ad2345ba5: Waiting
cd0a9a09f5aa: Waiting
19029139889c: Waiting
2944e231c712: Waiting
5e0673ae0a81: Layer already exists
2460ce561105: Layer already exists
56d8e29e1251: Layer already exists
cea9b2e7dbd4: Layer already exists
1c3b5db37693: Layer already exists
c47b13687581: Layer already exists
b43ad2345ba5: Layer already exists
10ed7430ba4b: Layer already exists
2944e231c712: Layer already exists
19029139889c: Layer already exists
cd0a9a09f5aa: Layer already exists
latest-arm64: digest: sha256:174daf6127b2f0a25d48738a736df7fd247d74524fd87a025e281b1bd239749d size: 2621
Pushing zededa/lisp:latest-arm64 to manifest zededa/lisp:latest
time="2018-10-05T08:00:20+02:00" level=warning msg="Couldn't find or access image reference \"zededa/lisp:latest-s390x\". Skipping image."
Digest: sha256:23c5c3388d80fb79f636b5708f2fa412b429f2bf3f32e6b76117b12bc92622c4 743
Not signing zededa/lisp:latest
Build and push complete, not releasing, all done.
Building and pushing "zededa/ztools:4bae398d0cb75332924326c347eeb83814c7e733"
4bae398d0cb75332924326c347eeb83814c7e733: Pulling from zededa/ztools
no matching manifest for linux/arm64 in the manifest list entries
No image pulled, continuing with build
Sending build context to Docker daemon  34.94MB
Step 1/33 : FROM golang:1.9.1-alpine AS build
 ---> cc52d0ad4cce
Step 2/33 : RUN apk update
 ---> Using cache
 ---> 06dc54679d07
Step 3/33 : RUN apk add --no-cache git gcc linux-headers libc-dev util-linux
 ---> Using cache
 ---> bcd126094d65
Step 4/33 : ADD ./ /go/src/github.com/zededa/go-provision/
 ---> 802752d86823
Step 5/33 : ADD etc /config
 ---> 8a862b0d0933
Step 6/33 : ADD scripts/device-steps.sh scripts/find-uplink.sh scripts/generate-device.sh scripts/generate-self-signed.sh scripts/handlezedserverconfig.sh /opt/zededa/bin/
 ---> ba18804802c0
Step 7/33 : ADD examples /opt/zededa/examples
 ---> 99f6e96eebdf
Step 8/33 : ADD AssignableAdapters /var/tmp/zededa/AssignableAdapters
 ---> 6c064d0256d9
Step 9/33 : ADD DeviceNetworkConfig /var/tmp/zededa/DeviceNetworkConfig
 ---> 3e6cb9c97e85
Step 10/33 : ADD lisp.config.base /var/tmp/zededa/lisp.config.base
 ---> 2c05c6db2ce3
Step 11/33 : RUN (cd ./src/github.com/zededa/go-provision/; scripts/getversion.sh >/opt/zededa/bin/versioninfo)
 ---> Running in 409c702a0630
 ---> baa08d6a7bca
Removing intermediate container 409c702a0630
Step 12/33 : RUN cp /opt/zededa/bin/versioninfo /opt/zededa/bin/versioninfo.1
 ---> Running in ce492f91b50f
 ---> c68558020c6e
Removing intermediate container ce492f91b50f
Step 13/33 : RUN echo Building: `cat /opt/zededa/bin/versioninfo`
 ---> Running in 138d250000a6
Building: 20180314-test-1be57d35-2018-10-05.06.00
 ---> 5875979ea282
Removing intermediate container 138d250000a6
Step 14/33 : RUN go install github.com/zededa/go-provision/zedbox/...
 ---> Running in 01e9b6f7dcaa
 ---> 356957140395
Removing intermediate container 01e9b6f7dcaa
Step 15/33 : RUN cd /opt/zededa/bin ; ln -s /go/bin/* .
 ---> Running in 35eb1d2a41bd
 ---> cfdce8b1894a
Removing intermediate container 35eb1d2a41bd
Step 16/33 : RUN cd /opt/zededa/bin ; ln -s zedbox client; ln -s zedbox domainmgr; ln -s zedbox downloader; ln -s zedbox hardwaremodel; ln -s zedbox identitymgr; ln -s zedbox ledmanager; ln -s zedbox logmanager; ln -s zedbox verifier; ln -s zedbox zedagent; ln -s zedbox zedmanager; ln -s zedbox zedrouter; ln -s zedbox ipcmonitor
 ---> Running in 1ef7e8dc7c12
 ---> a1866b52935d
Removing intermediate container 1ef7e8dc7c12
Step 17/33 : FROM zededa/lisp:latest AS lisp
 ---> 8c611457d2fd
Step 18/33 : FROM scratch
 ---> 
Step 19/33 : COPY --from=build /opt/zededa/bin /opt/zededa/bin
 ---> b84b8bb53631
Step 20/33 : COPY --from=build /opt/zededa/examples /opt/zededa/examples
 ---> 2a8fb4af04c5
Step 21/33 : COPY --from=build /var/tmp/zededa/AssignableAdapters /var/tmp/zededa/AssignableAdapters
 ---> 578b50af0270
Step 22/33 : COPY --from=build /var/tmp/zededa/DeviceNetworkConfig /var/tmp/zededa/DeviceNetworkConfig
 ---> 431cf16b578d
Step 23/33 : COPY --from=build /var/tmp/zededa/lisp.config.base /var/tmp/zededa/lisp.config.base
 ---> 7a90a4e17e6c
Step 24/33 : COPY --from=build /config /opt/zededa/examples/config
 ---> 37a92b566ca9
Step 25/33 : COPY --from=build /go/bin/* /opt/zededa/bin/
 ---> 6a5828887d8c
Step 26/33 : COPY --from=lisp /lisp/lisp-ztr /opt/zededa/bin/
COPY failed: stat /var/lib/docker/btrfs/subvolumes/d325231aab234f88df50c9ed8bd8051b501c5d75e85bc5a12978ce345367183f/lisp/lisp-ztr: no such file or directory
exit status 1
Building and pushing "zededa/ztools:latest"
Sending build context to Docker daemon  34.94MB
Step 1/33 : FROM golang:1.9.1-alpine AS build
 ---> cc52d0ad4cce
Step 2/33 : RUN apk update
 ---> Using cache
 ---> 06dc54679d07
Step 3/33 : RUN apk add --no-cache git gcc linux-headers libc-dev util-linux
 ---> Using cache
 ---> bcd126094d65
Step 4/33 : ADD ./ /go/src/github.com/zededa/go-provision/
 ---> Using cache
 ---> 802752d86823
Step 5/33 : ADD etc /config
 ---> Using cache
 ---> 8a862b0d0933
Step 6/33 : ADD scripts/device-steps.sh scripts/find-uplink.sh scripts/generate-device.sh scripts/generate-self-signed.sh scripts/handlezedserverconfig.sh /opt/zededa/bin/
 ---> Using cache
 ---> ba18804802c0
Step 7/33 : ADD examples /opt/zededa/examples
 ---> Using cache
 ---> 99f6e96eebdf
Step 8/33 : ADD AssignableAdapters /var/tmp/zededa/AssignableAdapters
 ---> Using cache
 ---> 6c064d0256d9
Step 9/33 : ADD DeviceNetworkConfig /var/tmp/zededa/DeviceNetworkConfig
 ---> Using cache
 ---> 3e6cb9c97e85
Step 10/33 : ADD lisp.config.base /var/tmp/zededa/lisp.config.base
 ---> Using cache
 ---> 2c05c6db2ce3
Step 11/33 : RUN (cd ./src/github.com/zededa/go-provision/; scripts/getversion.sh >/opt/zededa/bin/versioninfo)
 ---> Using cache
 ---> baa08d6a7bca
Step 12/33 : RUN cp /opt/zededa/bin/versioninfo /opt/zededa/bin/versioninfo.1
 ---> Using cache
 ---> c68558020c6e
Step 13/33 : RUN echo Building: `cat /opt/zededa/bin/versioninfo`
 ---> Using cache
 ---> 5875979ea282
Step 14/33 : RUN go install github.com/zededa/go-provision/zedbox/...
 ---> Using cache
 ---> 356957140395
Step 15/33 : RUN cd /opt/zededa/bin ; ln -s /go/bin/* .
 ---> Using cache
 ---> cfdce8b1894a
Step 16/33 : RUN cd /opt/zededa/bin ; ln -s zedbox client; ln -s zedbox domainmgr; ln -s zedbox downloader; ln -s zedbox hardwaremodel; ln -s zedbox identitymgr; ln -s zedbox ledmanager; ln -s zedbox logmanager; ln -s zedbox verifier; ln -s zedbox zedagent; ln -s zedbox zedmanager; ln -s zedbox zedrouter; ln -s zedbox ipcmonitor
 ---> Using cache
 ---> a1866b52935d
Step 17/33 : FROM zededa/lisp:latest AS lisp
 ---> 8c611457d2fd
Step 18/33 : FROM scratch
 ---> 
Step 19/33 : COPY --from=build /opt/zededa/bin /opt/zededa/bin
 ---> Using cache
 ---> b84b8bb53631
Step 20/33 : COPY --from=build /opt/zededa/examples /opt/zededa/examples
 ---> Using cache
 ---> 2a8fb4af04c5
Step 21/33 : COPY --from=build /var/tmp/zededa/AssignableAdapters /var/tmp/zededa/AssignableAdapters
 ---> Using cache
 ---> 578b50af0270
Step 22/33 : COPY --from=build /var/tmp/zededa/DeviceNetworkConfig /var/tmp/zededa/DeviceNetworkConfig
 ---> Using cache
 ---> 431cf16b578d
Step 23/33 : COPY --from=build /var/tmp/zededa/lisp.config.base /var/tmp/zededa/lisp.config.base
 ---> Using cache
 ---> 7a90a4e17e6c
Step 24/33 : COPY --from=build /config /opt/zededa/examples/config
 ---> Using cache
 ---> 37a92b566ca9
Step 25/33 : COPY --from=build /go/bin/* /opt/zededa/bin/
 ---> Using cache
 ---> 6a5828887d8c
Step 26/33 : COPY --from=lisp /lisp/lisp-ztr /opt/zededa/bin/
COPY failed: stat /var/lib/docker/btrfs/subvolumes/c58e01c02ea40ba46b7cabb7e10d33ea9c6475f455cdc5e840922a76618509e6/lisp/lisp-ztr: no such file or directory
exit status 1
make: Entering directory '/home/zededa-ci/src/zenbuild/pkg'
(cd ..; ./parse-pkgs.sh pkg/qrexec-lib/Dockerfile.in > pkg/qrexec-lib/Dockerfile)
(cd ..; ./parse-pkgs.sh pkg/qrexec-dom0/Dockerfile.in > pkg/qrexec-dom0/Dockerfile)
(cd ..; ./parse-pkgs.sh pkg/zedctr/Dockerfile.in > pkg/zedctr/Dockerfile)
(cd ..; ./parse-pkgs.sh pkg/mkconf/Dockerfile.in > pkg/mkconf/Dockerfile)
Building and pushing "zededa/grub:682a14bcbda51798ff9ac9093d8e72bdae7193c2"
682a14bcbda51798ff9ac9093d8e72bdae7193c2: Pulling from zededa/grub
Digest: sha256:2a01fb5c047b4ed540bac8319966e4a826988ace61f448b3bd376f6752ed44d7
Status: Image is up to date for zededa/grub:682a14bcbda51798ff9ac9093d8e72bdae7193c2
Building and pushing "zededa/xen:be954dc9ba840dcff92c7edc1823e7e19d12a8ed"
be954dc9ba840dcff92c7edc1823e7e19d12a8ed: Pulling from zededa/xen
Digest: sha256:8db915eafa3bc0382221d858b5d5dc5abeeeb9814cd6e001a4fea280800bf55a
Status: Image is up to date for zededa/xen:be954dc9ba840dcff92c7edc1823e7e19d12a8ed
Building and pushing "zededa/kernel:09da08170f76d092aba146c3e0cae16e25c4d23d"
09da08170f76d092aba146c3e0cae16e25c4d23d: Pulling from zededa/kernel
Digest: sha256:c97924855c9b2908d583f157143338f746843e367c507daffd2301315bff2985
Status: Image is up to date for zededa/kernel:09da08170f76d092aba146c3e0cae16e25c4d23d
Building and pushing "zededa/fw:3e0fd246cb06901ab3f839b44d13cd0bd41291ca"
3e0fd246cb06901ab3f839b44d13cd0bd41291ca: Pulling from zededa/fw
Digest: sha256:792792e106c4b81ee26cc118c81475d30e3f1e9919be345bb50edbd4defc79d6
Status: Image is up to date for zededa/fw:3e0fd246cb06901ab3f839b44d13cd0bd41291ca
Building and pushing "zededa/xen-tools:9c96b441d083d7ef7bcb602bf009fa91bd7ebbf2"
9c96b441d083d7ef7bcb602bf009fa91bd7ebbf2: Pulling from zededa/xen-tools
Digest: sha256:40f51a39cb996dc0b2fe3ee5bb45d8a0204b504ce1ae8968d87145e2c20c5f71
Status: Image is up to date for zededa/xen-tools:9c96b441d083d7ef7bcb602bf009fa91bd7ebbf2
Building and pushing "zededa/dnsmasq:c5985cdd83998d06255fe115d230a280c6928f1b"
c5985cdd83998d06255fe115d230a280c6928f1b: Pulling from zededa/dnsmasq
Digest: sha256:59eee4a0a5b1fb52ef08de736eb7a9a1f51f9aca114e4a7269c4297f2673eff8
Status: Image is up to date for zededa/dnsmasq:c5985cdd83998d06255fe115d230a280c6928f1b
Building and pushing "zededa/strongswan:8f5ee3b98aa3ea49a9a4231baac9be933d6155ec"
8f5ee3b98aa3ea49a9a4231baac9be933d6155ec: Pulling from zededa/strongswan
Digest: sha256:278f3be51ab279e6684db3e58ee1b60b2adf1f8dde3e6103d0a915131725181d
Status: Image is up to date for zededa/strongswan:8f5ee3b98aa3ea49a9a4231baac9be933d6155ec
Building and pushing "zededa/gpt-tools:fe878611e4e032ea10946cbc9a1c3d5b22349dc4"
fe878611e4e032ea10946cbc9a1c3d5b22349dc4: Pulling from zededa/gpt-tools
Digest: sha256:fb59083cf0e36ce2eec63a75b9186f0f22140582e90432df3760a5abb7375631
Status: Image is up to date for zededa/gpt-tools:fe878611e4e032ea10946cbc9a1c3d5b22349dc4
Building and pushing "zededa/dom0-ztools:c6d8f2123c748379add5d3dbbac23e3630131760"
c6d8f2123c748379add5d3dbbac23e3630131760: Pulling from zededa/dom0-ztools
Digest: sha256:2b1328c5d4bee868ff75bb1a72125cfe0e8784e3d890e2f5cacdc5afe7d5449e
Status: Image is up to date for zededa/dom0-ztools:c6d8f2123c748379add5d3dbbac23e3630131760
Building and pushing "zededa/qrexec-lib:2e0df0df95f86df6953d7d2e7729213b77fd7206"
2e0df0df95f86df6953d7d2e7729213b77fd7206: Pulling from zededa/qrexec-lib
Digest: sha256:b3bebd4cab0292da1d4dd19c5e9e622f094b86dbfde4916ce9d2663c65a89dec
Status: Image is up to date for zededa/qrexec-lib:2e0df0df95f86df6953d7d2e7729213b77fd7206
Building and pushing "zededa/qrexec-dom0:2c3cf9b135409690eaa86092c41f7c800d398468"
2c3cf9b135409690eaa86092c41f7c800d398468: Pulling from zededa/qrexec-dom0
Digest: sha256:fcb8d6a5b7b8cbacfa646e83dcaa21c0dbc280f482657ec7e16ae49d579b0908
Status: Image is up to date for zededa/qrexec-dom0:2c3cf9b135409690eaa86092c41f7c800d398468
Building and pushing "zededa/wwan:5f68442251df0f2625fde14e947f11de2374b72d"
5f68442251df0f2625fde14e947f11de2374b72d: Pulling from zededa/wwan
Digest: sha256:2a0a76e164edc9145ceb47dcc4f053109c725fb2ddd242887371a35152ac45c9
Status: Image is up to date for zededa/wwan:5f68442251df0f2625fde14e947f11de2374b72d
Building and pushing "zededa/wlan:1363d1f48ad3e78faf2689d49f011ee76e2bcbca"
1363d1f48ad3e78faf2689d49f011ee76e2bcbca: Pulling from zededa/wlan
Digest: sha256:188fe8df07bab241be393bb6bec2672e9e3db79b5c062935fa054b3ee0e0be93
Status: Image is up to date for zededa/wlan:1363d1f48ad3e78faf2689d49f011ee76e2bcbca
Building and pushing "zededa/watchdog:2aea3af274e4928d2eab2b738d0e100ee5362173"
2aea3af274e4928d2eab2b738d0e100ee5362173: Pulling from zededa/watchdog
Digest: sha256:30d2dff87a8d352c62dad9b5a769302ca957a4516384461d6ca16159463d6eb7
Status: Image is up to date for zededa/watchdog:2aea3af274e4928d2eab2b738d0e100ee5362173
Building and pushing "zededa/device-trees:1bca882c64827de08bba9aa7713441b2b4d7ca8d"
1bca882c64827de08bba9aa7713441b2b4d7ca8d: Pulling from zededa/device-trees
Digest: sha256:b76a51f49c6ee7c2947abe162139b7dfbc47d2f237b47350fe3444000d75357f
Status: Image is up to date for zededa/device-trees:1bca882c64827de08bba9aa7713441b2b4d7ca8d
Building and pushing "zededa/debug:3aeeaf4e04f450283d49220eb7e82262b4531687"
3aeeaf4e04f450283d49220eb7e82262b4531687: Pulling from zededa/debug
Digest: sha256:39f864e857daaf50879d7a18e367f8c2cbba5f887c8e4a8c254ebc45f7d0f269
Status: Image is up to date for zededa/debug:3aeeaf4e04f450283d49220eb7e82262b4531687
Building and pushing "zededa/zedctr:2c6344cb32c7a533e3c6e4e68d3203d63ee75050"
2c6344cb32c7a533e3c6e4e68d3203d63ee75050: Pulling from zededa/zedctr
Digest: sha256:827e19a624488445c79b26db19ff4486f3402891c1734b987c428656c04c7909
Status: Downloaded newer image for zededa/zedctr:2c6344cb32c7a533e3c6e4e68d3203d63ee75050
Building and pushing "zededa/conf:4992a3a63c95b0e446c681a0deaca7a071aba709"
4992a3a63c95b0e446c681a0deaca7a071aba709: Pulling from zededa/conf
Digest: sha256:22ebfeea796241b953320fe6ab4791b2300fe890ccebc290fa0874b7433688ca
Status: Image is up to date for zededa/conf:4992a3a63c95b0e446c681a0deaca7a071aba709
Building and pushing "zededa/mkrootfs-ext4:5f77cd6a2b87a3a9927593763da1941dbed1ce80"
5f77cd6a2b87a3a9927593763da1941dbed1ce80: Pulling from zededa/mkrootfs-ext4
Digest: sha256:de0e17d937dc174b83637d8cbedc8d04c10cd3473f907366d7e3d84616f64d82
Status: Image is up to date for zededa/mkrootfs-ext4:5f77cd6a2b87a3a9927593763da1941dbed1ce80
Building and pushing "zededa/mkrootfs-squash:b47d705603f5f0d3765b03cf583e1a7fd287f212"
b47d705603f5f0d3765b03cf583e1a7fd287f212: Pulling from zededa/mkrootfs-squash
Digest: sha256:9b36324fbfa9cce806aa9879efa48ee9522b34a8d71aab786c2f348efa222029
Status: Image is up to date for zededa/mkrootfs-squash:b47d705603f5f0d3765b03cf583e1a7fd287f212
Building and pushing "zededa/mkflash:d4131c74a9e283a1e4ee5f3aa80b47b538378411"
d4131c74a9e283a1e4ee5f3aa80b47b538378411: Pulling from zededa/mkflash
Digest: sha256:b568d8da7efe08474faf885d824d03222fa34efc317ac63c2710ed70184b09cc
Status: Image is up to date for zededa/mkflash:d4131c74a9e283a1e4ee5f3aa80b47b538378411
Building and pushing "zededa/mkimage-iso-efi:49a6ff8320ce088460c8acb6f36bc15b15d800e9"
49a6ff8320ce088460c8acb6f36bc15b15d800e9: Pulling from zededa/mkimage-iso-efi
Digest: sha256:0c49fc5e55409da858f10720629373bd0258da32f62924027cc7a12d96fc6548
Status: Image is up to date for zededa/mkimage-iso-efi:49a6ff8320ce088460c8acb6f36bc15b15d800e9
make: Leaving directory '/home/zededa-ci/src/zenbuild/pkg'
make: Entering directory '/home/zededa-ci/src/zenbuild/pkg'
(cd ..; ./parse-pkgs.sh pkg/zedctr//Dockerfile.in > pkg/zedctr//Dockerfile)
Building and pushing "zededa/zedctr:2c6344cb32c7a533e3c6e4e68d3203d63ee75050"
Sending build context to Docker daemon  20.48kB
Step 1/21 : FROM zededa/ztools:latest as ztools
 ---> 6341cd92336a
Step 2/21 : FROM zededa/xen-tools:9c96b441d083d7ef7bcb602bf009fa91bd7ebbf2-arm64 as xen-tools
 ---> 194a0d29c96f
Step 3/21 : FROM zededa/dnsmasq:c5985cdd83998d06255fe115d230a280c6928f1b-arm64 as dnsmasq
 ---> 85ce87902c8e
Step 4/21 : FROM zededa/strongswan:8f5ee3b98aa3ea49a9a4231baac9be933d6155ec-arm64 as strongswan
 ---> 2e11606a1b07
Step 5/21 : FROM zededa/gpt-tools:fe878611e4e032ea10946cbc9a1c3d5b22349dc4-arm64 as gpttools
 ---> 245b06fc67fd
Step 6/21 : FROM zededa/watchdog:2aea3af274e4928d2eab2b738d0e100ee5362173-arm64 as watchdog
 ---> 2682e16114b6
Step 7/21 : FROM alpine:3.8
 ---> def91cb894ef
Step 8/21 : RUN apk add --no-cache     yajl xz bash openssl iptables ip6tables iproute2 dhcpcd     apk-cron coreutils dmidecode sudo libbz2 libuuid ipset     libpcap libaio logrotate pixman glib curl radvd perl ethtool     openssh-server util-linux e2fsprogs libcrypto1.0 xorriso
 ---> Running in 513d94b7fb8f
fetch http://dl-cdn.alpinelinux.org/alpine/v3.8/main/aarch64/APKINDEX.tar.gz
fetch http://dl-cdn.alpinelinux.org/alpine/v3.8/community/aarch64/APKINDEX.tar.gz
(1/62) Installing apk-cron (1.0-r1)
(2/62) Installing ncurses-terminfo-base (6.1_p20180818-r1)
(3/62) Installing ncurses-terminfo (6.1_p20180818-r1)
(4/62) Installing ncurses-libs (6.1_p20180818-r1)
(5/62) Installing readline (7.0.003-r0)
(6/62) Installing bash (4.4.19-r1)
Executing bash-4.4.19-r1.post-install
(7/62) Installing libattr (2.4.47-r7)
(8/62) Installing libacl (2.2.52-r5)
(9/62) Installing coreutils (8.29-r2)
(10/62) Installing ca-certificates (20171114-r3)
(11/62) Installing nghttp2-libs (1.32.0-r0)
(12/62) Installing libssh2 (1.8.0-r3)
(13/62) Installing libcurl (7.61.1-r0)
(14/62) Installing curl (7.61.1-r0)
(15/62) Installing dhcpcd (7.0.7-r0)
(16/62) Installing dmidecode (3.1-r0)
(17/62) Installing libuuid (2.32-r0)
(18/62) Installing libblkid (2.32-r0)
(19/62) Installing libcom_err (1.44.2-r0)
(20/62) Installing e2fsprogs-libs (1.44.2-r0)
(21/62) Installing e2fsprogs (1.44.2-r0)
(22/62) Installing ethtool (4.16-r0)
(23/62) Installing libffi (3.2.1-r4)
(24/62) Installing libintl (0.19.8.1-r2)
(25/62) Installing libmount (2.32-r0)
(26/62) Installing pcre (8.42-r0)
(27/62) Installing glib (2.56.1-r0)
(28/62) Installing libmnl (1.0.4-r0)
(29/62) Installing jansson (2.11-r0)
(30/62) Installing libnftnl-libs (1.1.1-r0)
(31/62) Installing iptables (1.6.2-r0)
(32/62) Installing ip6tables (1.6.2-r0)
(33/62) Installing libelf (0.8.13-r3)
(34/62) Installing iproute2 (4.13.0-r0)
Executing iproute2-4.13.0-r0.post-install
(35/62) Installing ipset (6.38-r1)
(36/62) Installing libaio (0.3.111-r0)
(37/62) Installing libbz2 (1.0.6-r6)
(38/62) Installing libcrypto1.0 (1.0.2p-r0)
(39/62) Installing libpcap (1.8.1-r1)
(40/62) Installing popt (1.16-r7)
(41/62) Installing logrotate (3.14.0-r0)
(42/62) Installing openssh-keygen (7.7_p1-r3)
(43/62) Installing openssh-server-common (7.7_p1-r3)
(44/62) Installing openssh-server (7.7_p1-r3)
(45/62) Installing libssl1.0 (1.0.2p-r0)
(46/62) Installing openssl (1.0.2p-r0)
(47/62) Installing perl (5.26.2-r1)
(48/62) Installing pixman (0.34.0-r5)
(49/62) Installing radvd (2.17-r2)
Executing radvd-2.17-r2.pre-install
(50/62) Installing sudo (1.8.23-r2)
(51/62) Installing libsmartcols (2.32-r0)
(52/62) Installing findmnt (2.32-r0)
(53/62) Installing libfdisk (2.32-r0)
(54/62) Installing util-linux (2.32-r0)
(55/62) Installing libburn (1.4.8-r0)
(56/62) Installing libedit (20170329.3.1-r3)
(57/62) Installing libisofs (1.4.8-r0)
(58/62) Installing libisoburn (1.4.8-r0)
(59/62) Installing xorriso (1.4.8-r0)
(60/62) Installing xz-libs (5.2.4-r0)
(61/62) Installing xz (5.2.4-r0)
(62/62) Installing yajl (2.1.0-r0)
Executing busybox-1.28.4-r0.trigger
Executing ca-certificates-20171114-r3.trigger
Executing glib-2.56.1-r0.trigger
OK: 72 MiB in 75 packages
 ---> b3fbfceb878e
Removing intermediate container 513d94b7fb8f
Step 9/21 : RUN [ `uname -m` = "aarch64" ] && apk add --no-cache libfdt || :
 ---> Running in 1b0b089d5889
fetch http://dl-cdn.alpinelinux.org/alpine/v3.8/main/aarch64/APKINDEX.tar.gz
fetch http://dl-cdn.alpinelinux.org/alpine/v3.8/community/aarch64/APKINDEX.tar.gz
(1/1) Installing libfdt (1.4.4-r0)
OK: 72 MiB in 76 packages
 ---> 6a2c861b6f1f
Removing intermediate container 1b0b089d5889
Step 10/21 : RUN ln -s libpcap.so.1 /usr/lib/libpcap.so
 ---> Running in 67d9e3e427dc
 ---> 246935c8aa4e
Removing intermediate container 67d9e3e427dc
Step 11/21 : RUN ssh-keygen -A ; echo PermitRootLogin yes >> /etc/ssh/sshd_config ; sed -ie '/^root/s#^.*$#root:$6$Ndt1G5AYZFQ8rz7m$7vGZMKKotSYxwxk/.jMfuOCzxw0I3DNedygaQaLF7kYSYsLqiBHhmc8RJSXp8/VxSYPpgYSz/8fkv0hO6I4js.:17477:0:::::#' /etc/shadow
 ---> Running in 310da559d718
ssh-keygen: generating new host keys: RSA DSA ECDSA ED25519 
 ---> 1507b401d6e7
Removing intermediate container 310da559d718
Step 12/21 : COPY --from=xen-tools / /
 ---> db49460f13f7
Step 13/21 : COPY --from=ztools / /
 ---> 2644b4ccc104
Step 14/21 : COPY --from=gpttools / /
 ---> 26d90da8d8e9
Step 15/21 : COPY --from=dnsmasq /usr/sbin/dnsmasq /opt/zededa/bin/dnsmasq
 ---> 7e7915fb196e
Step 16/21 : COPY --from=strongswan / /
 ---> 1a0cf2f8dff8
Step 17/21 : COPY --from=watchdog /usr/sbin /usr/sbin
 ---> 59122774bd0a
Step 18/21 : COPY rootfs/ /
 ---> 1619943ee909
Step 19/21 : RUN chmod 644 /etc/logrotate.d/zededa
 ---> Running in bd6704506340
 ---> 039f22aec05f
Removing intermediate container bd6704506340
Step 20/21 : CMD /init.sh
 ---> Running in b59efe0959bc
 ---> ad0f99960f10
Removing intermediate container b59efe0959bc
Step 21/21 : LABEL org.mobyproject.config '{"capabilities":["all"],"binds":["/dev:/dev","/etc/resolv.conf:/etc/resolv.conf","/run:/run","/var/config:/config","/var/log:/var/log/dom0","/:/hostfs"],"net":"host","pid":"host"}' org.mobyproject.linuxkit.revision 'unknown' org.mobyproject.linuxkit.version 'unknown' org.opencontainers.image.revision '43923623ae4790456c927e31a19d1857a2f71cf1' org.opencontainers.image.source 'https://github.com/linuxkit/linuxkit'
 ---> Running in 57006c922db0
 ---> 61df61e95d62
Removing intermediate container 57006c922db0
Successfully built 61df61e95d62
Successfully tagged zededa/zedctr:2c6344cb32c7a533e3c6e4e68d3203d63ee75050-arm64
Pushing zededa/zedctr:2c6344cb32c7a533e3c6e4e68d3203d63ee75050-arm64
The push refers to a repository [docker.io/zededa/zedctr]
31e8f456921d: Preparing
e06a98b6d2ca: Preparing
c2c99f72275e: Preparing
5f904abdcebc: Preparing
543b981cbc5d: Preparing
981b7b269978: Preparing
400d5a602195: Preparing
86759d6a53c8: Preparing
7a557808742d: Preparing
f20268d1c0c3: Preparing
448917c7a3f2: Preparing
b43ad2345ba5: Preparing
cd0a9a09f5aa: Preparing
981b7b269978: Waiting
400d5a602195: Waiting
448917c7a3f2: Waiting
86759d6a53c8: Waiting
cd0a9a09f5aa: Waiting
b43ad2345ba5: Waiting
f20268d1c0c3: Waiting
7a557808742d: Waiting
543b981cbc5d: Layer already exists
c2c99f72275e: Layer already exists
31e8f456921d: Layer already exists
981b7b269978: Layer already exists
400d5a602195: Layer already exists
e06a98b6d2ca: Pushed
5f904abdcebc: Pushed
86759d6a53c8: Pushed
b43ad2345ba5: Layer already exists
cd0a9a09f5aa: Layer already exists
7a557808742d: Pushed
f20268d1c0c3: Pushed
448917c7a3f2: Pushed
2c6344cb32c7a533e3c6e4e68d3203d63ee75050-arm64: digest: sha256:9f1a5a08260ab362296f29b57c3bcd1b5d7c22413e871742eac6bdef96b4ff7b size: 3047
Pushing zededa/zedctr:2c6344cb32c7a533e3c6e4e68d3203d63ee75050-arm64 to manifest zededa/zedctr:2c6344cb32c7a533e3c6e4e68d3203d63ee75050
time="2018-10-05T08:05:34+02:00" level=warning msg="Couldn't find or access image reference \"zededa/zedctr:2c6344cb32c7a533e3c6e4e68d3203d63ee75050-s390x\". Skipping image."
Digest: sha256:31879731da4def199968b109d6dd66bfe2e7badc4e2e9b926c348e20df2e5c24 743
Not signing zededa/zedctr:2c6344cb32c7a533e3c6e4e68d3203d63ee75050
Build and push complete, not releasing, all done.
make: Leaving directory '/home/zededa-ci/src/zenbuild/pkg'
make: Entering directory '/home/zededa-ci/src/zenbuild/build-pkgs'
Building and pushing "zededa/build-pkgs_abuild:7ae4d9f9fa290963de466d5ed96d6c9318354824"
7ae4d9f9fa290963de466d5ed96d6c9318354824: Pulling from zededa/build-pkgs_abuild
Digest: sha256:771baf780dc73b5be54a50cbdc73900191ad5a61725b44149d0d211644759ee3
Status: Image is up to date for zededa/build-pkgs_abuild:7ae4d9f9fa290963de466d5ed96d6c9318354824
Building and pushing "zededa/build-pkgs_uefi:a3362428c518fb4db1a136a961bd17e8a66fb693"
a3362428c518fb4db1a136a961bd17e8a66fb693: Pulling from zededa/build-pkgs_uefi
Digest: sha256:66c4937f4eee2fa58faf348003fa1ee1340032240a44206f92803d583ba9deea
Status: Image is up to date for zededa/build-pkgs_uefi:a3362428c518fb4db1a136a961bd17e8a66fb693
make: Leaving directory '/home/zededa-ci/src/zenbuild/build-pkgs'
cd bios ; _() { C=`docker create $1 fake` ; docker export $C | tar -xf - $2 ; docker rm $C ; } ; _ zededa/build-pkgs_uefi:a3362428c518fb4db1a136a961bd17e8a66fb693-arm64 OVMF.fd
e758379b7a06c19efa8febf85faec3a750d5c010d54dbf88b76f9ac24f1951fa
make -C build-tools all
make[1]: Entering directory '/home/zededa-ci/src/zenbuild/build-tools'
make[1]: Nothing to be done for 'all'.
make[1]: Leaving directory '/home/zededa-ci/src/zenbuild/build-tools'
tee: /dev/tty: No such device or address
2c6344cb32c7a533e3c6e4e68d3203d63ee75050-arm64: Pulling from zededa/zedctr
Digest: sha256:9f1a5a08260ab362296f29b57c3bcd1b5d7c22413e871742eac6bdef96b4ff7b
Status: Image is up to date for zededa/zedctr:2c6344cb32c7a533e3c6e4e68d3203d63ee75050-arm64
DOCKER_ARCH_TAG="arm64" ./parse-pkgs.sh images/installer.yml.in > images/installer.yml
# the following is a horrible hack that needs to go away ASAP
if [ "aarch64" != `uname -m` ] ; then \
           sed -e '/source:/s#rootfs.img#rootfs_aarch64.img#' \
               -e '/command:/s#/dev/sda#/dev/vda#' -i.orig images/installer.yml ;\
   echo "WARNING: We are assembling a aarch64 image on `uname -m`. Things may break." ;\
        fi
DOCKER_ARCH_TAG="arm64" ./parse-pkgs.sh images/rootfs.yml.in > images/rootfs.yml
# the following is a horrible hack that needs to go away ASAP
if [ "aarch64" != `uname -m` ] ; then \
           sed -e '/source:/s#rootfs.img#rootfs_aarch64.img#' \
               -e '/command:/s#/dev/sda#/dev/vda#' -i.orig images/rootfs.yml ;\
   echo "WARNING: We are assembling a aarch64 image on `uname -m`. Things may break." ;\
        fi
./makerootfs.sh images/rootfs.yml squash rootfs_aarch64.img
Extract kernel image: zededa/kernel:09da08170f76d092aba146c3e0cae16e25c4d23d-arm64
Add init containers:
Process init image: zededa/grub:682a14bcbda51798ff9ac9093d8e72bdae7193c2-arm64
Process init image: zededa/device-trees:1bca882c64827de08bba9aa7713441b2b4d7ca8d-arm64
Process init image: zededa/fw:3e0fd246cb06901ab3f839b44d13cd0bd41291ca-arm64
Process init image: zededa/xen:be954dc9ba840dcff92c7edc1823e7e19d12a8ed-arm64
Process init image: zededa/gpt-tools:fe878611e4e032ea10946cbc9a1c3d5b22349dc4-arm64
Process init image: zededa/dom0-ztools:c6d8f2123c748379add5d3dbbac23e3630131760-arm64
Process init image: linuxkit/init:v0.5
Process init image: linuxkit/runc:v0.5
Process init image: linuxkit/containerd:v0.5
Process init image: linuxkit/getty:v0.5
Add onboot containers:
  Create OCI config for linuxkit/sysctl:v0.5
  Create OCI config for linuxkit/modprobe:v0.5
  Create OCI config for linuxkit/mount:v0.5
Add service containers:
  Create OCI config for linuxkit/openntpd:v0.5
  Create OCI config for zededa/wwan:5f68442251df0f2625fde14e947f11de2374b72d-arm64
  Create OCI config for zededa/wlan:1363d1f48ad3e78faf2689d49f011ee76e2bcbca-arm64
  Create OCI config for zededa/zedctr:2c6344cb32c7a533e3c6e4e68d3203d63ee75050-arm64
Add files:
  /containers/services/zededa-tools/lower/opt/zededa/bin/versioninfo
Parallel mksquashfs: Using 4 processors
Creating 4.0 filesystem on /rootfs.img, block size 131072.
[=============================================|              ] 12900/16692  77%[===========================================================|] 16692/16692 100%

Exportable Squashfs 4.0 filesystem, gzip compressed, data block size 131072
	compressed data, compressed metadata, compressed fragments, compressed xattrs
	duplicates are removed
Filesystem size 172310.51 Kbytes (168.27 Mbytes)
	31.47% of uncompressed filesystem size (547452.89 Kbytes)
Inode table size 175167 bytes (171.06 Kbytes)
	25.94% of uncompressed inode table size (675378 bytes)
Directory table size 182351 bytes (178.08 Kbytes)
	44.90% of uncompressed directory table size (406136 bytes)
Number of duplicate files found 4368
Number of inodes 17836
Number of files 13368
Number of fragments 725
Number of symbolic links  3044
Number of device nodes 7
Number of fifo nodes 0
Number of socket nodes 0
Number of directories 1417
Number of ids (unique uids + gids) 3
Number of uids 1
	root (0)
Number of gids 3
	root (0)
	shadow (42)
	tty (5)
./makeiso.sh images/installer.yml installer_aarch64.iso
Extract kernel image: zededa/kernel:09da08170f76d092aba146c3e0cae16e25c4d23d-arm64
Add init containers:
Process init image: zededa/grub:682a14bcbda51798ff9ac9093d8e72bdae7193c2-arm64
Process init image: zededa/device-trees:1bca882c64827de08bba9aa7713441b2b4d7ca8d-arm64
Process init image: zededa/xen:be954dc9ba840dcff92c7edc1823e7e19d12a8ed-arm64
Process init image: linuxkit/init:v0.5
Process init image: linuxkit/runc:v0.5
Process init image: linuxkit/getty:v0.5
Add onboot containers:
  Create OCI config for zededa/mkflash:d4131c74a9e283a1e4ee5f3aa80b47b538378411-arm64
Add files:
  /parts/config.img
  /parts/rootfs.img
time="2018-10-05T08:08:41+02:00" level=fatal msg="failed to add filesystem parts: open rootfs.img: no such file or directory"
xorriso 1.4.6 : RockRidge filesystem manipulator, libburnia project.

Drive current: -outdev 'stdio:linuxkit-efi.iso'
Media current: stdio file, overwriteable
Media status : is blank
Media summary: 0 sessions, 0 data blocks, 0 data,  808g free
Added to ISO image: directory '/'='/tmp/efi'
xorriso : UPDATE : 4596 files added in 1 seconds
xorriso : UPDATE : 4596 files added in 1 seconds
libisofs: NOTE : Cannot arrange content of data files in surely reproducible way
xorriso : UPDATE :  16.30% done
ISO image produced: 99922 sectors
Written to medium : 99922 sectors at LBA 0
Writing to 'stdio:linuxkit-efi.iso' completed successfully.

tar c rootfs_aarch64.img config.img | ./makeflash.sh -C 8192 fallback_aarch64.raw
1+0 records in
1+0 records out
1 byte copied, 0.0106358 s, 0.1 kB/s
+ IMGFILE=/output.img
+ NUMPARTS=9
+ mkdir -p /parts
+ [ -t 0 ]
+ cd /parts
+ bsdtar xzf -
+ ESP_FILE=/tmp/efifs.img
+ cut -f1 -d 
+ echo /parts/rootfs_aarch64.img
+ IMGA_FILE=/parts/rootfs_aarch64.img
+ CONF_FILE=/parts/config.img
+ mount -o loop /parts/rootfs_aarch64.img /mnt
mount: mounting /dev/loop0 on /mnt failed: Invalid argument
Makefile:152: recipe for target 'fallback_aarch64.raw' failed
make: *** [fallback_aarch64.raw] Error 111
make: Entering directory '/home/zededa-ci/src/zenbuild/build-pkgs'
Building and pushing "zededa/zenix:latest"
Sending build context to Docker daemon  517.3MB
Step 1/9 : FROM alpine:edge
 ---> 698b28d4f8d1
Step 2/9 : RUN apk add --no-cache qemu-system-x86_64 qemu-system-aarch64 bash make git
 ---> Using cache
 ---> 5b21459beb8b
Step 3/9 : COPY . /bits/
 ---> Using cache
 ---> c5f345eda82a
Step 4/9 : COPY OVMF.fd /bits/bios/OVMF.fd
 ---> Using cache
 ---> e342e4ec1c5c
Step 5/9 : COPY runme.sh /
 ---> Using cache
 ---> c300c2ff8dc7
Step 6/9 : RUN touch /bits/bios/OVMF.fd
 ---> Using cache
 ---> 85b9a3f966f3
Step 7/9 : WORKDIR /bits
 ---> Using cache
 ---> b59a8adaf13d
Step 8/9 : ENTRYPOINT /runme.sh
 ---> Using cache
 ---> a2c4b6771d85
Step 9/9 : LABEL org.mobyproject.linuxkit.revision 'unknown' org.mobyproject.linuxkit.version 'unknown' org.opencontainers.image.revision '43923623ae4790456c927e31a19d1857a2f71cf1' org.opencontainers.image.source 'https://github.com/linuxkit/linuxkit'
 ---> Using cache
 ---> 036b313ae0c2
Successfully built 036b313ae0c2
Successfully tagged zededa/zenix:latest-arm64
Pushing zededa/zenix:latest-arm64
The push refers to a repository [docker.io/zededa/zenix]
96feea203423: Preparing
c96588d795bb: Preparing
5ef670ff3c99: Preparing
841a93c06d96: Preparing
18d6c5bbfc56: Preparing
7f4507898901: Preparing
2a2e682c36db: Preparing
7f4507898901: Waiting
c96588d795bb: Layer already exists
5ef670ff3c99: Layer already exists
841a93c06d96: Layer already exists
18d6c5bbfc56: Layer already exists
96feea203423: Layer already exists
2a2e682c36db: Layer already exists
7f4507898901: Layer already exists
latest-arm64: digest: sha256:f7d919895bbc538f897d4e3d6199d04525f7f64b5f19e6d519ddec16fca5978c size: 1787
Pushing zededa/zenix:latest-arm64 to manifest zededa/zenix:latest
time="2018-10-05T08:09:41+02:00" level=warning msg="Couldn't find or access image reference \"zededa/zenix:latest-s390x\". Skipping image."
Digest: sha256:b8b3e65832d842373757675de5a4a9ef84873ae6b3c7646f9119dd8baecd13e4 743
Not signing zededa/zenix:latest
Build and push complete, not releasing, all done.
make: Leaving directory '/home/zededa-ci/src/zenbuild/build-pkgs'
FINISHED
