Already up-to-date.
make -C build-tools all
make[1]: Entering directory '/home/zededa-ci/src/zenbuild/build-tools'
make[1]: Nothing to be done for 'all'.
make[1]: Leaving directory '/home/zededa-ci/src/zenbuild/build-tools'
Already up-to-date.
Already up-to-date.
Building and pushing "zededa/lisp:503622e6ba0052cbdf7850710bcde0cef1adc053"
503622e6ba0052cbdf7850710bcde0cef1adc053: Pulling from zededa/lisp
Digest: sha256:f27f5bad569f2dc29a953ff8f1746f1130e074d8b389cf18614443d3cdf0aeff
Status: Image is up to date for zededa/lisp:503622e6ba0052cbdf7850710bcde0cef1adc053
Building and pushing "zededa/lisp:latest"
Sending build context to Docker daemon  7.934MB
Step 1/19 : FROM golang:1.9.1-alpine AS go-build
 ---> cc52d0ad4cce
Step 2/19 : RUN apk update
 ---> Using cache
 ---> b0202011f9d2
Step 3/19 : RUN apk add --no-cache git gcc linux-headers libc-dev libpcap-dev
 ---> Using cache
 ---> e1e8ea822b21
Step 4/19 : ADD . /go/src/github.com/zededa/lisp
 ---> Using cache
 ---> 48d402d9528a
Step 5/19 : RUN go install github.com/zededa/lisp/cmd/...
 ---> Using cache
 ---> 5f6edeed269f
Step 6/19 : FROM alpine:latest
 ---> f6df4608fa98
Step 7/19 : ARG LISP_URL=https://www.dropbox.com/s/ogfu5gaw550rlkq/zededa.tgz
 ---> Using cache
 ---> eff2a91d232b
Step 8/19 : RUN apk add --no-cache curl gcc linux-headers libc-dev python python-dev libffi-dev openssl-dev libpcap-dev iproute2 tcpdump ethtool ip6tables
 ---> Using cache
 ---> e5f0eb6132e4
Step 9/19 : RUN mkdir /lisp ; cd /lisp ; curl --insecure -L $LISP_URL | gzip -dc | tar -xf -
 ---> Using cache
 ---> a8a99f7d39c8
Step 10/19 : ADD scripts/sudo /usr/bin/sudo
 ---> Using cache
 ---> eedd737b983f
Step 11/19 : ADD conf scripts/RESTART-LISP scripts/RUN-LISP.rtr1 scripts/RUN-LISP scripts/STOP-LISP scripts/CONFIG-SVC scripts/RL scripts/pslisp /lisp/
 ---> Using cache
 ---> c656a7a3ce21
Step 12/19 : RUN python /lisp/get-pip.py
 ---> Using cache
 ---> acff22b9ffb1
Step 13/19 : RUN pip install -r /lisp/pip-requirements.txt
 ---> Using cache
 ---> cf90b407090c
Step 14/19 : RUN echo 'PS1="`hostname | cut -d . -f 0` > "' >> /root/.profile
 ---> Using cache
 ---> c66e64644440
Step 15/19 : COPY --from=go-build /go/bin/dataplane /lisp
 ---> Using cache
 ---> 5067fb52145f
Step 16/19 : EXPOSE 8080
 ---> Using cache
 ---> 1fa770cb3d90
Step 17/19 : WORKDIR /lisp
 ---> Using cache
 ---> 5d055e9fea45
Step 18/19 : CMD ./CONFIG-SVC ; ./RL ; sleep 5 ; tail -f ./logs/*
 ---> Using cache
 ---> c09d7f70f73e
Step 19/19 : LABEL org.mobyproject.linuxkit.revision 'unknown' org.mobyproject.linuxkit.version 'unknown' org.opencontainers.image.revision '60ef886a7e1644192478c4b1b2f8977bbc540ea3' org.opencontainers.image.source 'https://github.com/linuxkit/linuxkit'
 ---> Using cache
 ---> bd74481b72ab
Successfully built bd74481b72ab
Successfully tagged zededa/lisp:latest-arm64
Pushing zededa/lisp:latest-arm64
The push refers to a repository [docker.io/zededa/lisp]
16a6ae955655: Preparing
aff5780ec482: Preparing
5462a883f80e: Preparing
88401f4f91a4: Preparing
93afd8ee23de: Preparing
ba1098918a0e: Preparing
9545cbdd9f5c: Preparing
d7e425d17ead: Preparing
05f52530ca7b: Preparing
58477411d607: Preparing
05f52530ca7b: Waiting
ba1098918a0e: Waiting
d7e425d17ead: Waiting
9545cbdd9f5c: Waiting
5462a883f80e: Layer already exists
88401f4f91a4: Layer already exists
16a6ae955655: Layer already exists
aff5780ec482: Layer already exists
93afd8ee23de: Layer already exists
ba1098918a0e: Layer already exists
05f52530ca7b: Layer already exists
d7e425d17ead: Layer already exists
9545cbdd9f5c: Layer already exists
58477411d607: Layer already exists
latest-arm64: digest: sha256:3a9433a2993bc273301ce3b5b9caf4ad1384c4fa78b4b744cb0c503b0e321ac1 size: 2415
Pushing zededa/lisp:latest-arm64 to manifest zededa/lisp:latest
time="2018-06-01T01:31:19+02:00" level=warning msg="Couldn't find or access image reference \"zededa/lisp:latest-s390x\". Skipping image."
Digest: sha256:971abfed587ce7e3ef4289f49661f40d754cdaed0904738eb7e40e7acdacccc6 743
Not signing zededa/lisp:latest
Build and push complete, not releasing, all done.
Building and pushing "zededa/ztools:6425ccec36a1d72677cdf8f5273f9591188bd06d"
6425ccec36a1d72677cdf8f5273f9591188bd06d: Pulling from zededa/ztools
Digest: sha256:20a23e16ef45b344192ea8939b0564888990dc6cb96b421ac19792a56d5a938a
Status: Image is up to date for zededa/ztools:6425ccec36a1d72677cdf8f5273f9591188bd06d
Building and pushing "zededa/ztools:latest"
Sending build context to Docker daemon   16.5MB
Step 1/33 : FROM golang:1.9.1-alpine AS build
 ---> cc52d0ad4cce
Step 2/33 : RUN apk update
 ---> Using cache
 ---> b0202011f9d2
Step 3/33 : RUN apk add --no-cache git gcc linux-headers libc-dev util-linux
 ---> Using cache
 ---> 648257fc5dd9
Step 4/33 : ADD ./ /go/src/github.com/zededa/go-provision/
 ---> Using cache
 ---> d75943670953
Step 5/33 : ADD etc /config
 ---> Using cache
 ---> 1396e65c52db
Step 6/33 : ADD scripts/device-steps.sh scripts/find-uplink.sh scripts/generate-device.sh scripts/generate-self-signed.sh scripts/handlezedserverconfig.sh /opt/zededa/bin/
 ---> Using cache
 ---> 2eb42e4c4332
Step 7/33 : ADD examples /opt/zededa/examples
 ---> Using cache
 ---> e2b02ef1e17b
Step 8/33 : ADD AssignableAdapters /var/tmp/zededa/AssignableAdapters
 ---> Using cache
 ---> af95a5b17dc5
Step 9/33 : ADD DeviceNetworkConfig /var/tmp/zededa/DeviceNetworkConfig
 ---> Using cache
 ---> 27e69dc0a20e
Step 10/33 : ADD lisp.config.base /var/tmp/zededa/lisp.config.base
 ---> Using cache
 ---> 5d843a4f425b
Step 11/33 : RUN (cd ./src/github.com/zededa/go-provision/; scripts/getversion.sh >/opt/zededa/bin/versioninfo)
 ---> Using cache
 ---> c04a19096838
Step 12/33 : RUN echo Building: `cat /opt/zededa/bin/versioninfo`
 ---> Using cache
 ---> 9157ede2b34d
Step 13/33 : RUN go install github.com/zededa/go-provision/zedbox/...
 ---> Using cache
 ---> 66f87144f971
Step 14/33 : RUN cd /opt/zededa/bin ; ln -s /go/bin/* .
 ---> Using cache
 ---> f08ed8974041
Step 15/33 : RUN cd /opt/zededa/bin ; ln -s zedbox client; ln -s zedbox domainmgr; ln -s zedbox downloader; ln -s zedbox eidregister; ln -s zedbox hardwaremodel; ln -s zedbox identitymgr; ln -s zedbox ledmanager; ln -s zedbox logmanager; ln -s zedbox verifier; ln -s zedbox zedagent; ln -s zedbox zedmanager; ln -s zedbox zedrouter
 ---> Using cache
 ---> 5a6e0560a5bd
Step 16/33 : FROM zededa/lisp:latest AS lisp
 ---> 8c611457d2fd
Step 17/33 : FROM scratch
 ---> 
Step 18/33 : COPY --from=build /opt/zededa/bin /opt/zededa/bin
 ---> Using cache
 ---> 4b5601cef93d
Step 19/33 : COPY --from=build /opt/zededa/examples /opt/zededa/examples
 ---> Using cache
 ---> 8ed209b5d7dc
Step 20/33 : COPY --from=build /var/tmp/zededa/AssignableAdapters /var/tmp/zededa/AssignableAdapters
 ---> Using cache
 ---> 550f645e2ca9
Step 21/33 : COPY --from=build /var/tmp/zededa/DeviceNetworkConfig /var/tmp/zededa/DeviceNetworkConfig
 ---> Using cache
 ---> 6208b6e07486
Step 22/33 : COPY --from=build /var/tmp/zededa/lisp.config.base /var/tmp/zededa/lisp.config.base
 ---> Using cache
 ---> 5369ce921d95
Step 23/33 : COPY --from=build /config /opt/zededa/examples/config
 ---> Using cache
 ---> eb10eee2e765
Step 24/33 : COPY --from=build /go/bin/* /opt/zededa/bin/
 ---> Using cache
 ---> b8e0d9db990b
Step 25/33 : COPY --from=lisp /lisp/dataplane /opt/zededa/bin/
 ---> Using cache
 ---> 451e8110c241
Step 26/33 : COPY --from=lisp /lisp /opt/zededa/lisp/
 ---> Using cache
 ---> 29f670684713
Step 27/33 : COPY --from=lisp /usr/bin/pydoc /usr/bin/smtpd.py /usr/bin/python* /usr/bin/
 ---> Using cache
 ---> 3cdfefc72465
Step 28/33 : COPY --from=lisp /usr/lib/libpython* /usr/lib/libffi.so* /usr/lib/
 ---> Using cache
 ---> 0712dea20887
Step 29/33 : COPY --from=lisp /usr/lib/python2.7 /usr/lib/python2.7/
 ---> Using cache
 ---> ebc4636e03ad
Step 30/33 : COPY --from=lisp /lib /lib
 ---> Using cache
 ---> 6886f53416c8
Step 31/33 : WORKDIR /opt/zededa/bin
 ---> Using cache
 ---> 00b9a8b24742
Step 32/33 : CMD /bin/ash
 ---> Using cache
 ---> 632f16cd5624
Step 33/33 : LABEL org.mobyproject.linuxkit.revision 'unknown' org.mobyproject.linuxkit.version 'unknown' org.opencontainers.image.revision 'c255fc8f5aecd9f632cec1b9cb90a3f81e74ce9e' org.opencontainers.image.source 'https://github.com/linuxkit/linuxkit'
 ---> Using cache
 ---> 863cf984bf1a
Successfully built 863cf984bf1a
Successfully tagged zededa/ztools:latest-arm64
Pushing zededa/ztools:latest-arm64
The push refers to a repository [docker.io/zededa/ztools]
5802af92fafd: Preparing
447a5992cadd: Preparing
63d77072c02d: Preparing
0a7a71d9fde7: Preparing
ec22fdd8727a: Preparing
0c36758f4666: Preparing
7dc746e982aa: Preparing
2e091766add1: Preparing
a32650066195: Preparing
6cddf3b81645: Preparing
4d7973edbeff: Preparing
0c36758f4666: Waiting
2e091766add1: Waiting
7dc746e982aa: Waiting
a32650066195: Waiting
6cddf3b81645: Waiting
e51b33e1e51b: Preparing
ebfcb9884bae: Preparing
4d7973edbeff: Waiting
e51b33e1e51b: Waiting
63d77072c02d: Layer already exists
ec22fdd8727a: Layer already exists
5802af92fafd: Layer already exists
0a7a71d9fde7: Layer already exists
447a5992cadd: Layer already exists
2e091766add1: Layer already exists
6cddf3b81645: Layer already exists
a32650066195: Layer already exists
0c36758f4666: Layer already exists
7dc746e982aa: Layer already exists
ebfcb9884bae: Layer already exists
e51b33e1e51b: Layer already exists
4d7973edbeff: Layer already exists
latest-arm64: digest: sha256:dd4f284502d1ca45d74af60bda2a42156182d85c29e9c363592501898a4f8dc2 size: 3038
Pushing zededa/ztools:latest-arm64 to manifest zededa/ztools:latest
time="2018-06-01T01:31:37+02:00" level=warning msg="Couldn't find or access image reference \"zededa/ztools:latest-s390x\". Skipping image."
Digest: sha256:0f90f1d62c07edeb5c76127e12432a0a8e5ea8a82ebcc5bb2f2c2a798293e7b2 743
Not signing zededa/ztools:latest
Build and push complete, not releasing, all done.
make: Entering directory '/home/zededa-ci/src/zenbuild/pkg'
(cd ..; ./parse-pkgs.sh pkg/qrexec-lib/Dockerfile.in > pkg/qrexec-lib/Dockerfile)
(cd ..; ./parse-pkgs.sh pkg/qrexec-dom0/Dockerfile.in > pkg/qrexec-dom0/Dockerfile)
(cd ..; ./parse-pkgs.sh pkg/zedctr/Dockerfile.in > pkg/zedctr/Dockerfile)
(cd ..; ./parse-pkgs.sh pkg/mkconf/Dockerfile.in > pkg/mkconf/Dockerfile)
Building and pushing "zededa/grub:35eb3c470422d1bced11f3457ea8ff432d9f0590"
35eb3c470422d1bced11f3457ea8ff432d9f0590: Pulling from zededa/grub
Digest: sha256:8aa169df3b2c3ba500ad98710691c1ece3952d434745e50d4fd7aca6ada73c82
Status: Image is up to date for zededa/grub:35eb3c470422d1bced11f3457ea8ff432d9f0590
Building and pushing "zededa/xen:07f48fb845ebcbb4327b6493875a846d0e4ffd3b"
07f48fb845ebcbb4327b6493875a846d0e4ffd3b: Pulling from zededa/xen
Digest: sha256:1d6a81dd188cf2471b6e83f1bfc9057d97ed4e7c9bd92f56a7f31a29e95ae0c1
Status: Image is up to date for zededa/xen:07f48fb845ebcbb4327b6493875a846d0e4ffd3b
Building and pushing "zededa/kernel:12728da3c85656066cc70dbaa535e5a2e5a79c57"
12728da3c85656066cc70dbaa535e5a2e5a79c57: Pulling from zededa/kernel
Digest: sha256:cb945e02f638bdbb9a98021079ba938d3a194a6e319fc69fbb63e87f27567f1d
Status: Image is up to date for zededa/kernel:12728da3c85656066cc70dbaa535e5a2e5a79c57
Building and pushing "zededa/xen-tools:ccc3ab24a38b4680bdbe4c204cc628026e7584a7"
ccc3ab24a38b4680bdbe4c204cc628026e7584a7: Pulling from zededa/xen-tools
Digest: sha256:ca0ee2591ba9d3d86dd7e5216bd4274fedb31188c8388dc4fe7a0a5b98e51f7b
Status: Image is up to date for zededa/xen-tools:ccc3ab24a38b4680bdbe4c204cc628026e7584a7
Building and pushing "zededa/dnsmasq:e2de7e6a478850d931724f951f877cd507d77358"
e2de7e6a478850d931724f951f877cd507d77358: Pulling from zededa/dnsmasq
Digest: sha256:9ae337129c5504b5100912e5071a47069fad75f572d965ca151fb41164b5d457
Status: Image is up to date for zededa/dnsmasq:e2de7e6a478850d931724f951f877cd507d77358
Building and pushing "zededa/gpt-tools:f0be39997551891e81c6edc38acc20f61077287b"
f0be39997551891e81c6edc38acc20f61077287b: Pulling from zededa/gpt-tools
Digest: sha256:2288227cee671fdb8e74b4cac276d1b679c9868f7f74f884258b3e772103c5dd
Status: Image is up to date for zededa/gpt-tools:f0be39997551891e81c6edc38acc20f61077287b
Building and pushing "zededa/dom0-ztools:c6d8f2123c748379add5d3dbbac23e3630131760"
c6d8f2123c748379add5d3dbbac23e3630131760: Pulling from zededa/dom0-ztools
Digest: sha256:755a5bdad240a7ec8c3c255e4e777ddd22f4ba9ceb7c4c107ba21dbefbd20b69
Status: Image is up to date for zededa/dom0-ztools:c6d8f2123c748379add5d3dbbac23e3630131760
Building and pushing "zededa/qrexec-lib:2e0df0df95f86df6953d7d2e7729213b77fd7206"
2e0df0df95f86df6953d7d2e7729213b77fd7206: Pulling from zededa/qrexec-lib
Digest: sha256:27739797423440d2b92efbaac4d7141859c0a97b85d4da35eb11d00ec3431ed1
Status: Image is up to date for zededa/qrexec-lib:2e0df0df95f86df6953d7d2e7729213b77fd7206
Building and pushing "zededa/qrexec-dom0:2c3cf9b135409690eaa86092c41f7c800d398468"
2c3cf9b135409690eaa86092c41f7c800d398468: Pulling from zededa/qrexec-dom0
Digest: sha256:03610cc49fcdfa347688fe6666f0ff91cb7f2a6b344b09a374a74e8c722390c3
Status: Image is up to date for zededa/qrexec-dom0:2c3cf9b135409690eaa86092c41f7c800d398468
Building and pushing "zededa/wwan:addf826bbc6885c0a28cd8f018f69cadaca4674f"
addf826bbc6885c0a28cd8f018f69cadaca4674f: Pulling from zededa/wwan
Digest: sha256:241ac4e5d4a2787194108e7e41c8831868b58c57a653028442d03565d3d22640
Status: Image is up to date for zededa/wwan:addf826bbc6885c0a28cd8f018f69cadaca4674f
Building and pushing "zededa/wlan:cfd366430df0620df11b2af7f3d9d63d617a5903"
cfd366430df0620df11b2af7f3d9d63d617a5903: Pulling from zededa/wlan
Digest: sha256:df1ad6f8e0b19afcd6f029c75cce7c3f69ca4621d61bcc9f84c94db29acd3250
Status: Image is up to date for zededa/wlan:cfd366430df0620df11b2af7f3d9d63d617a5903
Building and pushing "zededa/watchdog:3e77cbcffbf4f71309bab82500039967bca0d189"
3e77cbcffbf4f71309bab82500039967bca0d189: Pulling from zededa/watchdog
Digest: sha256:e8f036d57cd87c08426185ec635b29d3b31c5e8b2849cdd1a03779084d0a53e8
Status: Image is up to date for zededa/watchdog:3e77cbcffbf4f71309bab82500039967bca0d189
Building and pushing "zededa/device-trees:1bca882c64827de08bba9aa7713441b2b4d7ca8d"
1bca882c64827de08bba9aa7713441b2b4d7ca8d: Pulling from zededa/device-trees
Digest: sha256:769c1c4fddffbb1a0b441c5807968989067d1eeb2a34b84c8f3ace04393f2f81
Status: Image is up to date for zededa/device-trees:1bca882c64827de08bba9aa7713441b2b4d7ca8d
Building and pushing "zededa/zedctr:9cb7f7a72138884c3918b739bfeeffb2198b6497"
9cb7f7a72138884c3918b739bfeeffb2198b6497: Pulling from zededa/zedctr
Digest: sha256:52ad9b179a140e6aec875807b470ce20d30e37327a9347e494ccfad36295497a
Status: Downloaded newer image for zededa/zedctr:9cb7f7a72138884c3918b739bfeeffb2198b6497
Building and pushing "zededa/conf:4992a3a63c95b0e446c681a0deaca7a071aba709"
4992a3a63c95b0e446c681a0deaca7a071aba709: Pulling from zededa/conf
Digest: sha256:5726bfafb66d1d5886ec5fbfa9682421c946d8c4fb333fc93575748b4a5da569
Status: Image is up to date for zededa/conf:4992a3a63c95b0e446c681a0deaca7a071aba709
Building and pushing "zededa/mkrootfs-ext4:5f77cd6a2b87a3a9927593763da1941dbed1ce80"
5f77cd6a2b87a3a9927593763da1941dbed1ce80: Pulling from zededa/mkrootfs-ext4
Digest: sha256:80afd567fa76633cc94a699d80660ecffd61f209bb06d0208a68d5d25bc2eead
Status: Image is up to date for zededa/mkrootfs-ext4:5f77cd6a2b87a3a9927593763da1941dbed1ce80
Building and pushing "zededa/mkrootfs-squash:b47d705603f5f0d3765b03cf583e1a7fd287f212"
b47d705603f5f0d3765b03cf583e1a7fd287f212: Pulling from zededa/mkrootfs-squash
Digest: sha256:44e67c51dd44c577898bcf88fd2d0e534bc6235d7d90d997206d5a5c750ebfc2
Status: Image is up to date for zededa/mkrootfs-squash:b47d705603f5f0d3765b03cf583e1a7fd287f212
Building and pushing "zededa/mkflash:362411f3b96bd6054f97237f5a7382912aebb349"
362411f3b96bd6054f97237f5a7382912aebb349: Pulling from zededa/mkflash
Digest: sha256:5780f6571985c754b646ed0987edebf62d786393ed70e84a17b3873c5b90d369
Status: Image is up to date for zededa/mkflash:362411f3b96bd6054f97237f5a7382912aebb349
Building and pushing "zededa/mkimage-iso-efi:49a6ff8320ce088460c8acb6f36bc15b15d800e9"
49a6ff8320ce088460c8acb6f36bc15b15d800e9: Pulling from zededa/mkimage-iso-efi
Digest: sha256:b4f814945b06fdebf3db9859c5bdb954f588675d4a2be92cf7c0ef8b968a6ccc
Status: Image is up to date for zededa/mkimage-iso-efi:49a6ff8320ce088460c8acb6f36bc15b15d800e9
make: Leaving directory '/home/zededa-ci/src/zenbuild/pkg'
make: Entering directory '/home/zededa-ci/src/zenbuild/pkg'
(cd ..; ./parse-pkgs.sh pkg/zedctr//Dockerfile.in > pkg/zedctr//Dockerfile)
Building and pushing "zededa/zedctr:9cb7f7a72138884c3918b739bfeeffb2198b6497"
Sending build context to Docker daemon  15.87kB
Step 1/18 : FROM zededa/ztools:latest as ztools
 ---> 863cf984bf1a
Step 2/18 : FROM zededa/xen-tools:ccc3ab24a38b4680bdbe4c204cc628026e7584a7-arm64 as xen-tools
 ---> 9338796f340c
Step 3/18 : FROM zededa/dnsmasq:e2de7e6a478850d931724f951f877cd507d77358-arm64 as dnsmasq
 ---> 1a0a9313ef5f
Step 4/18 : FROM zededa/gpt-tools:f0be39997551891e81c6edc38acc20f61077287b-arm64 as gpttools
 ---> bb17a51a6442
Step 5/18 : FROM zededa/watchdog:3e77cbcffbf4f71309bab82500039967bca0d189-arm64 as watchdog
 ---> 57e0cb5696a7
Step 6/18 : FROM alpine:3.6
 ---> a9277cb286bb
Step 7/18 : RUN apk add --no-cache     yajl xz bash openssl iptables ip6tables     apk-cron coreutils dmidecode sudo libbz2 libuuid ipset     libpcap libaio logrotate pixman glib curl radvd perl ethtool     openssh-server util-linux e2fsprogs
 ---> Running in 80e6b7523493
fetch http://dl-cdn.alpinelinux.org/alpine/v3.6/main/aarch64/APKINDEX.tar.gz
fetch http://dl-cdn.alpinelinux.org/alpine/v3.6/community/aarch64/APKINDEX.tar.gz
(1/51) Installing apk-cron (1.0-r0)
(2/51) Installing ncurses-terminfo-base (6.0_p20171125-r0)
(3/51) Installing ncurses-terminfo (6.0_p20171125-r0)
(4/51) Installing ncurses-libs (6.0_p20171125-r0)
(5/51) Installing readline (6.3.008-r5)
(6/51) Installing bash (4.3.48-r1)
Executing bash-4.3.48-r1.post-install
(7/51) Installing libattr (2.4.47-r6)
(8/51) Installing libacl (2.2.52-r3)
(9/51) Installing coreutils (8.27-r0)
(10/51) Installing ca-certificates (20161130-r2)
(11/51) Installing libssh2 (1.8.0-r1)
(12/51) Installing libcurl (7.60.0-r1)
(13/51) Installing curl (7.60.0-r1)
(14/51) Installing dmidecode (3.0-r0)
(15/51) Installing libuuid (2.28.2-r2)
(16/51) Installing libblkid (2.28.2-r2)
(17/51) Installing libcom_err (1.43.4-r0)
(18/51) Installing e2fsprogs-libs (1.43.4-r0)
(19/51) Installing e2fsprogs (1.43.4-r0)
(20/51) Installing ethtool (4.10-r0)
(21/51) Installing libffi (3.2.1-r3)
(22/51) Installing libintl (0.19.8.1-r1)
(23/51) Installing libmount (2.28.2-r2)
(24/51) Installing pcre (8.41-r0)
(25/51) Installing glib (2.52.1-r0)
(26/51) Installing libmnl (1.0.4-r0)
(27/51) Installing libnftnl-libs (1.0.7-r0)
(28/51) Installing iptables (1.6.1-r0)
(29/51) Installing ip6tables (1.6.1-r0)
(30/51) Installing ipset (6.32-r3)
(31/51) Installing libaio (0.3.110-r0)
(32/51) Installing libbz2 (1.0.6-r5)
(33/51) Installing libpcap (1.8.1-r0)
(34/51) Installing popt (1.16-r6)
(35/51) Installing logrotate (3.12.2-r0)
(36/51) Installing openssh-keygen (7.5_p1-r2)
(37/51) Installing openssh-server (7.5_p1-r2)
(38/51) Installing libcrypto1.0 (1.0.2o-r0)
(39/51) Installing libssl1.0 (1.0.2o-r0)
(40/51) Installing openssl (1.0.2o-r0)
(41/51) Installing perl (5.24.3-r1)
(42/51) Installing pixman (0.34.0-r0)
(43/51) Installing radvd (2.15-r0)
Executing radvd-2.15-r0.pre-install
(44/51) Installing sudo (1.8.19_p2-r0)
(45/51) Installing libsmartcols (2.28.2-r2)
(46/51) Installing findmnt (2.28.2-r2)
(47/51) Installing libfdisk (2.28.2-r2)
(48/51) Installing util-linux (2.28.2-r2)
(49/51) Installing xz-libs (5.2.3-r0)
(50/51) Installing xz (5.2.3-r0)
(51/51) Installing yajl (2.1.0-r0)
Executing busybox-1.26.2-r5.trigger
Executing ca-certificates-20161130-r2.trigger
Executing glib-2.52.1-r0.trigger
OK: 72 MiB in 62 packages
 ---> 4e49d491fbb4
Removing intermediate container 80e6b7523493
Step 8/18 : RUN [ `uname -m` = "aarch64" ] && apk add --no-cache libfdt || :
 ---> Running in a2f51541fdf7
fetch http://dl-cdn.alpinelinux.org/alpine/v3.6/main/aarch64/APKINDEX.tar.gz
fetch http://dl-cdn.alpinelinux.org/alpine/v3.6/community/aarch64/APKINDEX.tar.gz
(1/1) Installing libfdt (1.4.4-r0)
OK: 72 MiB in 63 packages
 ---> cd0482b1fc44
Removing intermediate container a2f51541fdf7
Step 9/18 : RUN ln -s libpcap.so.1 /usr/lib/libpcap.so
 ---> Running in 1fc1997cc706
 ---> 647d8e6e74ef
Removing intermediate container 1fc1997cc706
Step 10/18 : RUN ssh-keygen -A ; echo PermitRootLogin yes >> /etc/ssh/sshd_config ; sed -ie '/^root/s#^.*$#root:$6$Ndt1G5AYZFQ8rz7m$7vGZMKKotSYxwxk/.jMfuOCzxw0I3DNedygaQaLF7kYSYsLqiBHhmc8RJSXp8/VxSYPpgYSz/8fkv0hO6I4js.:17477:0:::::#' /etc/shadow
 ---> Running in 08961f56e9a9
ssh-keygen: generating new host keys: RSA DSA ECDSA ED25519 
 ---> 2803fc407a0a
Removing intermediate container 08961f56e9a9
Step 11/18 : COPY --from=xen-tools / /
 ---> f2d7bbd879df
Step 12/18 : COPY --from=ztools / /
 ---> 18721751810a
Step 13/18 : COPY --from=gpttools / /
 ---> ee83505c2dcb
Step 14/18 : COPY --from=dnsmasq /usr/sbin/dnsmasq /opt/zededa/bin/dnsmasq
 ---> c8c9dda93545
Step 15/18 : COPY --from=watchdog /usr/sbin /usr/sbin
 ---> 99ed47b8650f
Step 16/18 : COPY rootfs/ /
 ---> 27174c86e260
Step 17/18 : CMD /init.sh
 ---> Running in 3b9e203a4e2f
 ---> 34e72946ce4a
Removing intermediate container 3b9e203a4e2f
Step 18/18 : LABEL org.mobyproject.config '{"capabilities":["all"],"binds":["/dev:/dev","/etc/resolv.conf:/etc/resolv.conf","/run:/run","/var/log:/var/log/dom0","/:/hostfs"],"net":"host","pid":"host"}' org.mobyproject.linuxkit.revision 'unknown' org.mobyproject.linuxkit.version 'unknown' org.opencontainers.image.revision '2f108d82ad2d1a5b5b3f6230d093105024c8fac2' org.opencontainers.image.source 'https://github.com/linuxkit/linuxkit'
 ---> Running in fa1825f57c98
 ---> 83ff6ebdbfdd
Removing intermediate container fa1825f57c98
Successfully built 83ff6ebdbfdd
Successfully tagged zededa/zedctr:9cb7f7a72138884c3918b739bfeeffb2198b6497-arm64
Pushing zededa/zedctr:9cb7f7a72138884c3918b739bfeeffb2198b6497-arm64
The push refers to a repository [docker.io/zededa/zedctr]
ad17d696927e: Preparing
b3d9f6f7987a: Preparing
dd2e04095fb9: Preparing
3edd81ed8cbc: Preparing
0535590e554d: Preparing
ea863c8b2659: Preparing
c03913e2d9f0: Preparing
0ded4b9a61c3: Preparing
5a5fabc491d0: Preparing
1c8a06adca62: Preparing
7678a2257549: Preparing
199db0687ace: Preparing
5a5fabc491d0: Waiting
1c8a06adca62: Waiting
7678a2257549: Waiting
199db0687ace: Waiting
ea863c8b2659: Waiting
c03913e2d9f0: Waiting
0ded4b9a61c3: Waiting
3edd81ed8cbc: Layer already exists
0535590e554d: Layer already exists
ad17d696927e: Layer already exists
ea863c8b2659: Layer already exists
b3d9f6f7987a: Pushed
dd2e04095fb9: Pushed
0ded4b9a61c3: Pushed
199db0687ace: Layer already exists
7678a2257549: Layer already exists
c03913e2d9f0: Pushed
5a5fabc491d0: Pushed
1c8a06adca62: Pushed
9cb7f7a72138884c3918b739bfeeffb2198b6497-arm64: digest: sha256:5a0bb39a23151b420ffa6560e80518c6615b93c53d52c6d3ae27120d5ec78ac1 size: 2835
Pushing zededa/zedctr:9cb7f7a72138884c3918b739bfeeffb2198b6497-arm64 to manifest zededa/zedctr:9cb7f7a72138884c3918b739bfeeffb2198b6497
time="2018-06-01T01:33:41+02:00" level=warning msg="Couldn't find or access image reference \"zededa/zedctr:9cb7f7a72138884c3918b739bfeeffb2198b6497-s390x\". Skipping image."
Digest: sha256:e93de103cf542452cf0ab7a61efccda865d464817f9391dbc42466be2b34b6fc 743
Not signing zededa/zedctr:9cb7f7a72138884c3918b739bfeeffb2198b6497
Build and push complete, not releasing, all done.
make: Leaving directory '/home/zededa-ci/src/zenbuild/pkg'
make: Entering directory '/home/zededa-ci/src/zenbuild/build-pkgs'
Building and pushing "zededa/build-pkgs_abuild:7ae4d9f9fa290963de466d5ed96d6c9318354824"
7ae4d9f9fa290963de466d5ed96d6c9318354824: Pulling from zededa/build-pkgs_abuild
Digest: sha256:c8e6e568ed5b9861a76876181e12ce7adfc52d3b415374b6e3434f39c6dc70fd
Status: Image is up to date for zededa/build-pkgs_abuild:7ae4d9f9fa290963de466d5ed96d6c9318354824
Building and pushing "zededa/build-pkgs_uefi:a3362428c518fb4db1a136a961bd17e8a66fb693"
a3362428c518fb4db1a136a961bd17e8a66fb693: Pulling from zededa/build-pkgs_uefi
Digest: sha256:d414ab7e9c6f90ac431de719ca2bb6c9f5947d7b537f6fc603fa000ecf8f6119
Status: Image is up to date for zededa/build-pkgs_uefi:a3362428c518fb4db1a136a961bd17e8a66fb693
make: Leaving directory '/home/zededa-ci/src/zenbuild/build-pkgs'
./maketestconfig.sh conf config.img
+ CONFIG_FILE=/config.img
+ CONFIG_SIZE_KB=1024
+ cd /conf
+ tar xf -
+ echo mtools_skip_check=1
+ dd if=/dev/zero of=/config.img bs=1024 count=1024
1024+0 records in
1024+0 records out
+ mkfs.vfat -v /config.img 1024
mkfs.fat 4.1 (2017-01-24)
/config.img has 64 heads and 32 sectors per track,
hidden sectors 0x0000;
logical sector size is 512,
using 0xf8 media descriptor, with 2048 sectors;
drive number 0x80;
filesystem has 2 12-bit FATs and 4 sectors per cluster.
FAT size is 2 sectors, and provides 502 clusters.
There is 1 reserved sector.
Root directory contains 512 slots and uses 32 sectors.
Volume ID is 65c903b7, no volume label.
+ mcopy -i /config.img -s /conf/onboard.cert.pem /conf/onboard.key.pem /conf/root-certificate.pem /conf/server /conf/server.production ::/
make: *** No rule to make target 'installer.iso', needed by 'publish'.  Stop.
make: Entering directory '/home/zededa-ci/src/zenbuild/build-pkgs'
Building and pushing "zededa/zenix:latest"
Sending build context to Docker daemon  4.608kB
Step 1/9 : FROM alpine:edge
 ---> 698b28d4f8d1
Step 2/9 : RUN apk add --no-cache qemu-system-x86_64 qemu-system-aarch64 bash make git
 ---> Using cache
 ---> 50c915372886
Step 3/9 : COPY . /bits/
 ---> 5eb81306cbe7
Step 4/9 : COPY OVMF.fd /bits/bios/OVMF.fd
COPY failed: stat /var/lib/docker/tmp/docker-builder437523865/OVMF.fd: no such file or directory
exit status 1
Makefile:18: recipe for target 'forcepush' failed
make: *** [forcepush] Error 1
make: Leaving directory '/home/zededa-ci/src/zenbuild/build-pkgs'
FINISHED
