From https://github.com/zededa/zenbuild
 * [new branch]      0.9        -> origin/0.9
   07ba908..6b3b113  fixes      -> origin/fixes
 * [new tag]         0.9.0      -> 0.9.0
Already up-to-date.
make -C build-tools all
make[1]: Entering directory '/home/zededa-ci/src/zenbuild/build-tools'
make[1]: Nothing to be done for 'all'.
make[1]: Leaving directory '/home/zededa-ci/src/zenbuild/build-tools'
From github.com:zededa/go-provision
   5d91a46..9eb8b98  master         -> origin/master
 * [new branch]      0.9            -> origin/0.9
   9ed407d..65e989f  bridge         -> origin/bridge
   f6a1dbb..c60b4ae  fixes          -> origin/fixes
   aa9355b..d3bc5cb  strongswan_fix -> origin/strongswan_fix
 * [new tag]         0.9.0          -> 0.9.0
Updating 5d91a46..9eb8b98
Fast-forward
 cmd/zedrouter/ipsec.go      | 450 +++++++++++++------------
 cmd/zedrouter/strongswan.go | 781 +++++++++++++++++++-------------------------
 types/zedroutertypes.go     |  25 +-
 3 files changed, 600 insertions(+), 656 deletions(-)
From github.com:zededa/lisp
 * [new branch]      0.9        -> origin/0.9
 * [new tag]         0.9.0      -> 0.9.0
Already up-to-date.
Building and pushing "zededa/lisp:b0249281d9f91bed2453fa1433f2117170039804"
b0249281d9f91bed2453fa1433f2117170039804: Pulling from zededa/lisp
Digest: sha256:b88393c925ddbd158bf18bdc1ab72d85718e1c3f7572d08bf89fb47b45e53929
Status: Image is up to date for zededa/lisp:b0249281d9f91bed2453fa1433f2117170039804
Building and pushing "zededa/lisp:latest"
Sending build context to Docker daemon  8.709MB
Step 1/20 : FROM golang:1.9.1-alpine AS go-build
 ---> cc52d0ad4cce
Step 2/20 : RUN apk update
 ---> Running in 3dde1ff7a9e4
fetch http://dl-cdn.alpinelinux.org/alpine/v3.6/main/aarch64/APKINDEX.tar.gz
fetch http://dl-cdn.alpinelinux.org/alpine/v3.6/community/aarch64/APKINDEX.tar.gz
v3.6.2-371-g1765dfdaf0 [http://dl-cdn.alpinelinux.org/alpine/v3.6/main]
v3.6.2-356-g4986359204 [http://dl-cdn.alpinelinux.org/alpine/v3.6/community]
OK: 8257 distinct packages available
 ---> 06dc54679d07
Removing intermediate container 3dde1ff7a9e4
Step 3/20 : RUN apk add --no-cache git gcc linux-headers libc-dev libpcap-dev
 ---> Running in 2070823015ed
fetch http://dl-cdn.alpinelinux.org/alpine/v3.6/main/aarch64/APKINDEX.tar.gz
fetch http://dl-cdn.alpinelinux.org/alpine/v3.6/community/aarch64/APKINDEX.tar.gz
(1/22) Installing binutils-libs (2.30-r1)
(2/22) Installing binutils (2.30-r1)
(3/22) Installing gmp (6.1.2-r0)
(4/22) Installing isl (0.17.1-r0)
(5/22) Installing libgomp (6.3.0-r4)
(6/22) Installing libatomic (6.3.0-r4)
(7/22) Installing libgcc (6.3.0-r4)
(8/22) Installing pkgconf (1.3.7-r0)
(9/22) Installing mpfr3 (3.1.5-r0)
(10/22) Installing mpc1 (1.0.3-r0)
(11/22) Installing libstdc++ (6.3.0-r4)
(12/22) Installing gcc (6.3.0-r4)
(13/22) Installing libssh2 (1.8.0-r1)
(14/22) Installing libcurl (7.61.0-r0)
(15/22) Installing expat (2.2.0-r1)
(16/22) Installing pcre (8.41-r0)
(17/22) Installing git (2.13.7-r0)
(18/22) Installing musl-dev (1.1.16-r14)
(19/22) Installing libc-dev (0.7.1-r0)
(20/22) Installing libpcap (1.8.1-r0)
(21/22) Installing libpcap-dev (1.8.1-r0)
(22/22) Installing linux-headers (4.4.6-r2)
Executing busybox-1.26.2-r5.trigger
OK: 109 MiB in 34 packages
 ---> e0b117c95ac3
Removing intermediate container 2070823015ed
Step 4/20 : ADD . /go/src/github.com/zededa/lisp
 ---> f65b2af9b60b
Step 5/20 : RUN go install github.com/zededa/lisp/cmd/...
 ---> Running in 12436c34b4b8
 ---> fd7b8ea74bbb
Removing intermediate container 12436c34b4b8
Step 6/20 : FROM alpine:3.6
 ---> a9277cb286bb
Step 7/20 : RUN apk add --no-cache curl gcc linux-headers libc-dev python python-dev libffi-dev openssl-dev libpcap-dev iproute2 tcpdump ethtool ip6tables
 ---> Using cache
 ---> 22c4198640c2
Step 8/20 : RUN mkdir /lisp
 ---> Using cache
 ---> a735a97af9aa
Step 9/20 : ARG LISP_URL=https://www.dropbox.com/s/ogfu5gaw550rlkq/zededa.tgz
 ---> Using cache
 ---> e7b21c08194f
Step 10/20 : RUN cd /lisp ; curl --insecure -L $LISP_URL | gzip -dc | tar -xf -
 ---> Using cache
 ---> cd58f592636e
Step 11/20 : ADD scripts/sudo /usr/bin/sudo
 ---> Using cache
 ---> a1f724579c22
Step 12/20 : ADD conf scripts/RESTART-LISP scripts/RUN-LISP.rtr1 scripts/RUN-LISP scripts/STOP-LISP scripts/CONFIG-SVC scripts/RL scripts/pslisp scripts/log-packets scripts/ping-mesh.py /lisp/
 ---> Using cache
 ---> 6980d930a181
Step 13/20 : RUN python /lisp/get-pip.py
 ---> Using cache
 ---> 79c858a2ab6c
Step 14/20 : RUN pip install -r /lisp/pip-requirements.txt
 ---> Using cache
 ---> f6e07a89b552
Step 15/20 : RUN echo 'PS1="`hostname | cut -d . -f 0` > "' >> /root/.profile
 ---> Using cache
 ---> faf2e848c055
Step 16/20 : COPY --from=go-build /go/bin/dataplane /lisp/lisp-ztr
 ---> 209a6b1e0c74
Step 17/20 : EXPOSE 8080
 ---> Running in e5c3dd60f9f0
 ---> d6d2e60c8bfe
Removing intermediate container e5c3dd60f9f0
Step 18/20 : WORKDIR /lisp
 ---> ebbc1991334b
Removing intermediate container e8572977a915
Step 19/20 : CMD ./CONFIG-SVC ; ./RL ; sleep 5 ; tail -f ./logs/*
 ---> Running in ef4b3d893dc6
 ---> 4650e416154d
Removing intermediate container ef4b3d893dc6
Step 20/20 : LABEL org.mobyproject.linuxkit.revision 'unknown' org.mobyproject.linuxkit.version 'unknown' org.opencontainers.image.revision '3b15992295221d224f6fccc0b1a6ac5e067e1651' org.opencontainers.image.source 'https://github.com/linuxkit/linuxkit'
 ---> Running in fe8ce20a2662
 ---> b95292c8c295
Removing intermediate container fe8ce20a2662
Successfully built b95292c8c295
Successfully tagged zededa/lisp:latest-arm64
Pushing zededa/lisp:latest-arm64
The push refers to a repository [docker.io/zededa/lisp]
0b6c20ae0eab: Preparing
bad01b709fbd: Preparing
e7ebfa270a08: Preparing
63448c5fb5b3: Preparing
3e7ff2b4290f: Preparing
d07a0209af0b: Preparing
f40ac4a0be73: Preparing
b2de77c3ccdf: Preparing
7559e6e3855b: Preparing
7678a2257549: Preparing
199db0687ace: Preparing
d07a0209af0b: Waiting
f40ac4a0be73: Waiting
b2de77c3ccdf: Waiting
7559e6e3855b: Waiting
7678a2257549: Waiting
199db0687ace: Waiting
63448c5fb5b3: Layer already exists
bad01b709fbd: Layer already exists
3e7ff2b4290f: Layer already exists
e7ebfa270a08: Layer already exists
d07a0209af0b: Layer already exists
f40ac4a0be73: Layer already exists
7678a2257549: Layer already exists
199db0687ace: Layer already exists
b2de77c3ccdf: Layer already exists
7559e6e3855b: Layer already exists
0b6c20ae0eab: Pushed
latest-arm64: digest: sha256:93d85d82507a8f1d630711ba8a0c87f496d0047a25b4eab28bb8fc643e59a149 size: 2621
Pushing zededa/lisp:latest-arm64 to manifest zededa/lisp:latest
time="2018-08-14T08:01:26+02:00" level=warning msg="Couldn't find or access image reference \"zededa/lisp:latest-s390x\". Skipping image."
Digest: sha256:ffdb237b18b71d80cba66831e1dacd235a9649078d095bd1b78ed7b6d27950fa 743
Not signing zededa/lisp:latest
Build and push complete, not releasing, all done.
Building and pushing "zededa/ztools:44133f8293e338b536a7e2aef7a36e21b18f7ae8"
44133f8293e338b536a7e2aef7a36e21b18f7ae8: Pulling from zededa/ztools
no matching manifest for linux/arm64 in the manifest list entries
No image pulled, continuing with build
Sending build context to Docker daemon  26.62MB
Step 1/33 : FROM golang:1.9.1-alpine AS build
 ---> cc52d0ad4cce
Step 2/33 : RUN apk update
 ---> Using cache
 ---> 06dc54679d07
Step 3/33 : RUN apk add --no-cache git gcc linux-headers libc-dev util-linux
 ---> Running in f9df8a15bbaa
fetch http://dl-cdn.alpinelinux.org/alpine/v3.6/main/aarch64/APKINDEX.tar.gz
fetch http://dl-cdn.alpinelinux.org/alpine/v3.6/community/aarch64/APKINDEX.tar.gz
(1/30) Installing binutils-libs (2.30-r1)
(2/30) Installing binutils (2.30-r1)
(3/30) Installing gmp (6.1.2-r0)
(4/30) Installing isl (0.17.1-r0)
(5/30) Installing libgomp (6.3.0-r4)
(6/30) Installing libatomic (6.3.0-r4)
(7/30) Installing libgcc (6.3.0-r4)
(8/30) Installing pkgconf (1.3.7-r0)
(9/30) Installing mpfr3 (3.1.5-r0)
(10/30) Installing mpc1 (1.0.3-r0)
(11/30) Installing libstdc++ (6.3.0-r4)
(12/30) Installing gcc (6.3.0-r4)
(13/30) Installing libssh2 (1.8.0-r1)
(14/30) Installing libcurl (7.61.0-r0)
(15/30) Installing expat (2.2.0-r1)
(16/30) Installing pcre (8.41-r0)
(17/30) Installing git (2.13.7-r0)
(18/30) Installing musl-dev (1.1.16-r14)
(19/30) Installing libc-dev (0.7.1-r0)
(20/30) Installing linux-headers (4.4.6-r2)
(21/30) Installing libuuid (2.28.2-r2)
(22/30) Installing libblkid (2.28.2-r2)
(23/30) Installing libmount (2.28.2-r2)
(24/30) Installing libsmartcols (2.28.2-r2)
(25/30) Installing findmnt (2.28.2-r2)
(26/30) Installing libfdisk (2.28.2-r2)
(27/30) Installing ncurses-terminfo-base (6.0_p20171125-r0)
(28/30) Installing ncurses-terminfo (6.0_p20171125-r0)
(29/30) Installing ncurses-libs (6.0_p20171125-r0)
(30/30) Installing util-linux (2.28.2-r2)
Executing busybox-1.26.2-r5.trigger
OK: 119 MiB in 42 packages
 ---> bcd126094d65
Removing intermediate container f9df8a15bbaa
Step 4/33 : ADD ./ /go/src/github.com/zededa/go-provision/
 ---> 18aaf4d3fc62
Step 5/33 : ADD etc /config
 ---> adff831d546d
Step 6/33 : ADD scripts/device-steps.sh scripts/find-uplink.sh scripts/generate-device.sh scripts/generate-self-signed.sh scripts/handlezedserverconfig.sh /opt/zededa/bin/
 ---> a87d98aaf33f
Step 7/33 : ADD examples /opt/zededa/examples
 ---> 19233da626be
Step 8/33 : ADD AssignableAdapters /var/tmp/zededa/AssignableAdapters
 ---> ec60ce21bdfe
Step 9/33 : ADD DeviceNetworkConfig /var/tmp/zededa/DeviceNetworkConfig
 ---> 0d31d488e283
Step 10/33 : ADD lisp.config.base /var/tmp/zededa/lisp.config.base
 ---> 4e3c7978d449
Step 11/33 : RUN (cd ./src/github.com/zededa/go-provision/; scripts/getversion.sh >/opt/zededa/bin/versioninfo)
 ---> Running in 2b51948cc03f
 ---> 9ab7181515df
Removing intermediate container 2b51948cc03f
Step 12/33 : RUN cp /opt/zededa/bin/versioninfo /opt/zededa/bin/versioninfo.1
 ---> Running in 4f260dbf5abd
 ---> 69371e0ccf3c
Removing intermediate container 4f260dbf5abd
Step 13/33 : RUN echo Building: `cat /opt/zededa/bin/versioninfo`
 ---> Running in 0f36eb2ee15d
Building: 20180314-test-9eb8b98a-2018-08-14.06.02
 ---> 39cee68fd2ff
Removing intermediate container 0f36eb2ee15d
Step 14/33 : RUN go install github.com/zededa/go-provision/zedbox/...
 ---> Running in 01b0bab18939
 ---> 8cd594e8f2b4
Removing intermediate container 01b0bab18939
Step 15/33 : RUN cd /opt/zededa/bin ; ln -s /go/bin/* .
 ---> Running in be88bb3dcc23
 ---> f8ddb0651672
Removing intermediate container be88bb3dcc23
Step 16/33 : RUN cd /opt/zededa/bin ; ln -s zedbox client; ln -s zedbox domainmgr; ln -s zedbox downloader; ln -s zedbox hardwaremodel; ln -s zedbox identitymgr; ln -s zedbox ledmanager; ln -s zedbox logmanager; ln -s zedbox verifier; ln -s zedbox zedagent; ln -s zedbox zedmanager; ln -s zedbox zedrouter
 ---> Running in 07b87fe13162
 ---> 8be2f6e73b15
Removing intermediate container 07b87fe13162
Step 17/33 : FROM zededa/lisp:latest AS lisp
 ---> 8c611457d2fd
Step 18/33 : FROM scratch
 ---> 
Step 19/33 : COPY --from=build /opt/zededa/bin /opt/zededa/bin
 ---> c8b913578943
Step 20/33 : COPY --from=build /opt/zededa/examples /opt/zededa/examples
 ---> fd9242cb3acc
Step 21/33 : COPY --from=build /var/tmp/zededa/AssignableAdapters /var/tmp/zededa/AssignableAdapters
 ---> 2b212a14bb64
Step 22/33 : COPY --from=build /var/tmp/zededa/DeviceNetworkConfig /var/tmp/zededa/DeviceNetworkConfig
 ---> 1ca66fce88c3
Step 23/33 : COPY --from=build /var/tmp/zededa/lisp.config.base /var/tmp/zededa/lisp.config.base
 ---> 02ea48a57515
Step 24/33 : COPY --from=build /config /opt/zededa/examples/config
 ---> ed73ebf47b43
Step 25/33 : COPY --from=build /go/bin/* /opt/zededa/bin/
 ---> d13818baf8c8
Step 26/33 : COPY --from=lisp /lisp/lisp-ztr /opt/zededa/bin/
COPY failed: stat /var/lib/docker/btrfs/subvolumes/8e050674de44ba15c9915c3bc5ea7cbe2bf2b807727c09552c25bf2047909f5c/lisp/lisp-ztr: no such file or directory
exit status 1
Building and pushing "zededa/ztools:latest"
Sending build context to Docker daemon  26.62MB
Step 1/33 : FROM golang:1.9.1-alpine AS build
 ---> cc52d0ad4cce
Step 2/33 : RUN apk update
 ---> Using cache
 ---> 06dc54679d07
Step 3/33 : RUN apk add --no-cache git gcc linux-headers libc-dev util-linux
 ---> Using cache
 ---> bcd126094d65
Step 4/33 : ADD ./ /go/src/github.com/zededa/go-provision/
 ---> Using cache
 ---> 18aaf4d3fc62
Step 5/33 : ADD etc /config
 ---> Using cache
 ---> adff831d546d
Step 6/33 : ADD scripts/device-steps.sh scripts/find-uplink.sh scripts/generate-device.sh scripts/generate-self-signed.sh scripts/handlezedserverconfig.sh /opt/zededa/bin/
 ---> Using cache
 ---> a87d98aaf33f
Step 7/33 : ADD examples /opt/zededa/examples
 ---> Using cache
 ---> 19233da626be
Step 8/33 : ADD AssignableAdapters /var/tmp/zededa/AssignableAdapters
 ---> Using cache
 ---> ec60ce21bdfe
Step 9/33 : ADD DeviceNetworkConfig /var/tmp/zededa/DeviceNetworkConfig
 ---> Using cache
 ---> 0d31d488e283
Step 10/33 : ADD lisp.config.base /var/tmp/zededa/lisp.config.base
 ---> Using cache
 ---> 4e3c7978d449
Step 11/33 : RUN (cd ./src/github.com/zededa/go-provision/; scripts/getversion.sh >/opt/zededa/bin/versioninfo)
 ---> Using cache
 ---> 9ab7181515df
Step 12/33 : RUN cp /opt/zededa/bin/versioninfo /opt/zededa/bin/versioninfo.1
 ---> Using cache
 ---> 69371e0ccf3c
Step 13/33 : RUN echo Building: `cat /opt/zededa/bin/versioninfo`
 ---> Using cache
 ---> 39cee68fd2ff
Step 14/33 : RUN go install github.com/zededa/go-provision/zedbox/...
 ---> Using cache
 ---> 8cd594e8f2b4
Step 15/33 : RUN cd /opt/zededa/bin ; ln -s /go/bin/* .
 ---> Using cache
 ---> f8ddb0651672
Step 16/33 : RUN cd /opt/zededa/bin ; ln -s zedbox client; ln -s zedbox domainmgr; ln -s zedbox downloader; ln -s zedbox hardwaremodel; ln -s zedbox identitymgr; ln -s zedbox ledmanager; ln -s zedbox logmanager; ln -s zedbox verifier; ln -s zedbox zedagent; ln -s zedbox zedmanager; ln -s zedbox zedrouter
 ---> Using cache
 ---> 8be2f6e73b15
Step 17/33 : FROM zededa/lisp:latest AS lisp
 ---> 8c611457d2fd
Step 18/33 : FROM scratch
 ---> 
Step 19/33 : COPY --from=build /opt/zededa/bin /opt/zededa/bin
 ---> Using cache
 ---> c8b913578943
Step 20/33 : COPY --from=build /opt/zededa/examples /opt/zededa/examples
 ---> Using cache
 ---> fd9242cb3acc
Step 21/33 : COPY --from=build /var/tmp/zededa/AssignableAdapters /var/tmp/zededa/AssignableAdapters
 ---> Using cache
 ---> 2b212a14bb64
Step 22/33 : COPY --from=build /var/tmp/zededa/DeviceNetworkConfig /var/tmp/zededa/DeviceNetworkConfig
 ---> Using cache
 ---> 1ca66fce88c3
Step 23/33 : COPY --from=build /var/tmp/zededa/lisp.config.base /var/tmp/zededa/lisp.config.base
 ---> Using cache
 ---> 02ea48a57515
Step 24/33 : COPY --from=build /config /opt/zededa/examples/config
 ---> Using cache
 ---> ed73ebf47b43
Step 25/33 : COPY --from=build /go/bin/* /opt/zededa/bin/
 ---> Using cache
 ---> d13818baf8c8
Step 26/33 : COPY --from=lisp /lisp/lisp-ztr /opt/zededa/bin/
COPY failed: stat /var/lib/docker/btrfs/subvolumes/e9858b48a35250597f67b2e628a664eb3b09760e7a1975396087a995789858aa/lisp/lisp-ztr: no such file or directory
exit status 1
make: Entering directory '/home/zededa-ci/src/zenbuild/pkg'
(cd ..; ./parse-pkgs.sh pkg/qrexec-lib/Dockerfile.in > pkg/qrexec-lib/Dockerfile)
(cd ..; ./parse-pkgs.sh pkg/qrexec-dom0/Dockerfile.in > pkg/qrexec-dom0/Dockerfile)
(cd ..; ./parse-pkgs.sh pkg/zedctr/Dockerfile.in > pkg/zedctr/Dockerfile)
(cd ..; ./parse-pkgs.sh pkg/mkconf/Dockerfile.in > pkg/mkconf/Dockerfile)
Building and pushing "zededa/grub:35eb3c470422d1bced11f3457ea8ff432d9f0590"
35eb3c470422d1bced11f3457ea8ff432d9f0590: Pulling from zededa/grub
Digest: sha256:167b8a393090986b5bb336968720e44fbd33cbee88f0de2b5a61b3c101d6044d
Status: Image is up to date for zededa/grub:35eb3c470422d1bced11f3457ea8ff432d9f0590
Building and pushing "zededa/xen:be954dc9ba840dcff92c7edc1823e7e19d12a8ed"
be954dc9ba840dcff92c7edc1823e7e19d12a8ed: Pulling from zededa/xen
Digest: sha256:d221bcd0e2601d70540ecc3d19c807e7ef58f33a2b0357062c7a4616e2128eb1
Status: Image is up to date for zededa/xen:be954dc9ba840dcff92c7edc1823e7e19d12a8ed
Building and pushing "zededa/kernel:e2919188af3f6da07e8bc651ecc45b5b3f0f523c"
e2919188af3f6da07e8bc651ecc45b5b3f0f523c: Pulling from zededa/kernel
Digest: sha256:7b713a7c99abb3ea86e0663fc1af097669585a5330b21785ad7a4159c4942def
Status: Image is up to date for zededa/kernel:e2919188af3f6da07e8bc651ecc45b5b3f0f523c
Building and pushing "zededa/xen-tools:7c0b7ae46fefde91d929d8851f7483a9d534e9a1"
7c0b7ae46fefde91d929d8851f7483a9d534e9a1: Pulling from zededa/xen-tools
Digest: sha256:381b20883d6c827999133500f4e86acbae34ee54c46448e4d2ab654f569e673b
Status: Image is up to date for zededa/xen-tools:7c0b7ae46fefde91d929d8851f7483a9d534e9a1
Building and pushing "zededa/dnsmasq:e2de7e6a478850d931724f951f877cd507d77358"
e2de7e6a478850d931724f951f877cd507d77358: Pulling from zededa/dnsmasq
Digest: sha256:769e69bf5a8afd0c90792c98c8c7c8248b6d9cb9b1fa3d3554de982ae3f948ed
Status: Image is up to date for zededa/dnsmasq:e2de7e6a478850d931724f951f877cd507d77358
Building and pushing "zededa/strongswan:3957eaaa64beb65e946494bab989e861f34811cb"
3957eaaa64beb65e946494bab989e861f34811cb: Pulling from zededa/strongswan
Digest: sha256:f01a8ee304cecb874af3a9c84cfd8103f2e0e7c5af033717b0575790a78ba725
Status: Image is up to date for zededa/strongswan:3957eaaa64beb65e946494bab989e861f34811cb
Building and pushing "zededa/gpt-tools:f0be39997551891e81c6edc38acc20f61077287b"
f0be39997551891e81c6edc38acc20f61077287b: Pulling from zededa/gpt-tools
Digest: sha256:0030a1cbc193ee37b9a7b249808dc0954363d94ded8ab15f15b825859e22a756
Status: Image is up to date for zededa/gpt-tools:f0be39997551891e81c6edc38acc20f61077287b
Building and pushing "zededa/dom0-ztools:c6d8f2123c748379add5d3dbbac23e3630131760"
c6d8f2123c748379add5d3dbbac23e3630131760: Pulling from zededa/dom0-ztools
Digest: sha256:676301039a1361dbf4e9f15f28d7a132d05fd1661f00ee358b90cd50d4a5b883
Status: Image is up to date for zededa/dom0-ztools:c6d8f2123c748379add5d3dbbac23e3630131760
Building and pushing "zededa/qrexec-lib:2e0df0df95f86df6953d7d2e7729213b77fd7206"
2e0df0df95f86df6953d7d2e7729213b77fd7206: Pulling from zededa/qrexec-lib
Digest: sha256:f31052142c49c00a1d037fc976e1d36632eca6089d29fc345931581361aec0d7
Status: Image is up to date for zededa/qrexec-lib:2e0df0df95f86df6953d7d2e7729213b77fd7206
Building and pushing "zededa/qrexec-dom0:2c3cf9b135409690eaa86092c41f7c800d398468"
2c3cf9b135409690eaa86092c41f7c800d398468: Pulling from zededa/qrexec-dom0
Digest: sha256:490ba5157fb7edbb4bee9527460ebd7fe9c7c6f02963ecf496e6bdd01cef80f2
Status: Image is up to date for zededa/qrexec-dom0:2c3cf9b135409690eaa86092c41f7c800d398468
Building and pushing "zededa/wwan:5f68442251df0f2625fde14e947f11de2374b72d"
5f68442251df0f2625fde14e947f11de2374b72d: Pulling from zededa/wwan
Digest: sha256:99af3eab235e2e30d3325bd89189ae9cdaa1c3a49191dd2a3607536b4107852b
Status: Image is up to date for zededa/wwan:5f68442251df0f2625fde14e947f11de2374b72d
Building and pushing "zededa/wlan:cfd366430df0620df11b2af7f3d9d63d617a5903"
cfd366430df0620df11b2af7f3d9d63d617a5903: Pulling from zededa/wlan
Digest: sha256:fc5276728065d567818dc468d7f44698cf26989a4eafa8d71a8ada1a97c3dbf9
Status: Image is up to date for zededa/wlan:cfd366430df0620df11b2af7f3d9d63d617a5903
Building and pushing "zededa/watchdog:3e77cbcffbf4f71309bab82500039967bca0d189"
3e77cbcffbf4f71309bab82500039967bca0d189: Pulling from zededa/watchdog
Digest: sha256:7f12869c731bfd764e50e9d75856bc08972177af3c24f9ff9485f5c2ea4fb051
Status: Image is up to date for zededa/watchdog:3e77cbcffbf4f71309bab82500039967bca0d189
Building and pushing "zededa/device-trees:1bca882c64827de08bba9aa7713441b2b4d7ca8d"
1bca882c64827de08bba9aa7713441b2b4d7ca8d: Pulling from zededa/device-trees
Digest: sha256:8e89fe4a63d477c4f675da1e78e4fa61bfebf7e8150e692bd136aedf29958cb1
Status: Image is up to date for zededa/device-trees:1bca882c64827de08bba9aa7713441b2b4d7ca8d
Building and pushing "zededa/zedctr:a190fe1816a81a9f328417bcef9146dff0a4ede0"
a190fe1816a81a9f328417bcef9146dff0a4ede0: Pulling from zededa/zedctr
Digest: sha256:0a2211016182a8f644e317473729ca865f3c022be0fc8eb0848ce8cca3e253e3
Status: Downloaded newer image for zededa/zedctr:a190fe1816a81a9f328417bcef9146dff0a4ede0
Building and pushing "zededa/conf:4992a3a63c95b0e446c681a0deaca7a071aba709"
4992a3a63c95b0e446c681a0deaca7a071aba709: Pulling from zededa/conf
Digest: sha256:322fe6f4ea47e51ed7149407eed19e430234e8f7ae489c7acf03d153f663e9c0
Status: Image is up to date for zededa/conf:4992a3a63c95b0e446c681a0deaca7a071aba709
Building and pushing "zededa/mkrootfs-ext4:5f77cd6a2b87a3a9927593763da1941dbed1ce80"
5f77cd6a2b87a3a9927593763da1941dbed1ce80: Pulling from zededa/mkrootfs-ext4
Digest: sha256:f43a67a4c5c15c139c234747c01b913a95dec9b8fba50f9d63fe8cc78dcfff06
Status: Image is up to date for zededa/mkrootfs-ext4:5f77cd6a2b87a3a9927593763da1941dbed1ce80
Building and pushing "zededa/mkrootfs-squash:b47d705603f5f0d3765b03cf583e1a7fd287f212"
b47d705603f5f0d3765b03cf583e1a7fd287f212: Pulling from zededa/mkrootfs-squash
Digest: sha256:5f70cf88773c8a5d0b645216ee328fce5ba102419de7fcd7743ba2ec4524e48f
Status: Image is up to date for zededa/mkrootfs-squash:b47d705603f5f0d3765b03cf583e1a7fd287f212
Building and pushing "zededa/mkflash:d4131c74a9e283a1e4ee5f3aa80b47b538378411"
d4131c74a9e283a1e4ee5f3aa80b47b538378411: Pulling from zededa/mkflash
Digest: sha256:ddca9b8323ab8275825f04a328dfac9079d1c9558c0ddcbbc453c1d4a41b650b
Status: Image is up to date for zededa/mkflash:d4131c74a9e283a1e4ee5f3aa80b47b538378411
Building and pushing "zededa/mkimage-iso-efi:49a6ff8320ce088460c8acb6f36bc15b15d800e9"
49a6ff8320ce088460c8acb6f36bc15b15d800e9: Pulling from zededa/mkimage-iso-efi
Digest: sha256:b76a265e5770da60741abe9c2bd597b991836f660d3bee1079ddcf9a540919ab
Status: Image is up to date for zededa/mkimage-iso-efi:49a6ff8320ce088460c8acb6f36bc15b15d800e9
make: Leaving directory '/home/zededa-ci/src/zenbuild/pkg'
make: Entering directory '/home/zededa-ci/src/zenbuild/pkg'
(cd ..; ./parse-pkgs.sh pkg/zedctr//Dockerfile.in > pkg/zedctr//Dockerfile)
Building and pushing "zededa/zedctr:a190fe1816a81a9f328417bcef9146dff0a4ede0"
Sending build context to Docker daemon  17.92kB
Step 1/20 : FROM zededa/ztools:latest as ztools
 ---> 6341cd92336a
Step 2/20 : FROM zededa/xen-tools:7c0b7ae46fefde91d929d8851f7483a9d534e9a1-arm64 as xen-tools
 ---> 2b836ba5bcb3
Step 3/20 : FROM zededa/dnsmasq:e2de7e6a478850d931724f951f877cd507d77358-arm64 as dnsmasq
 ---> 1a0a9313ef5f
Step 4/20 : FROM zededa/strongswan:3957eaaa64beb65e946494bab989e861f34811cb-arm64 as strongswan
 ---> c9bc0d3f0642
Step 5/20 : FROM zededa/gpt-tools:f0be39997551891e81c6edc38acc20f61077287b-arm64 as gpttools
 ---> bb17a51a6442
Step 6/20 : FROM zededa/watchdog:3e77cbcffbf4f71309bab82500039967bca0d189-arm64 as watchdog
 ---> 57e0cb5696a7
Step 7/20 : FROM alpine:3.6
 ---> a9277cb286bb
Step 8/20 : RUN apk add --no-cache     yajl xz bash openssl iptables ip6tables iproute2     apk-cron coreutils dmidecode sudo libbz2 libuuid ipset     libpcap libaio logrotate pixman glib curl radvd perl ethtool     openssh-server util-linux e2fsprogs libcrypto1.0
 ---> Running in 170f1b58c19a
fetch http://dl-cdn.alpinelinux.org/alpine/v3.6/main/aarch64/APKINDEX.tar.gz
fetch http://dl-cdn.alpinelinux.org/alpine/v3.6/community/aarch64/APKINDEX.tar.gz
(1/53) Installing apk-cron (1.0-r0)
(2/53) Installing ncurses-terminfo-base (6.0_p20171125-r0)
(3/53) Installing ncurses-terminfo (6.0_p20171125-r0)
(4/53) Installing ncurses-libs (6.0_p20171125-r0)
(5/53) Installing readline (6.3.008-r5)
(6/53) Installing bash (4.3.48-r1)
Executing bash-4.3.48-r1.post-install
(7/53) Installing libattr (2.4.47-r6)
(8/53) Installing libacl (2.2.52-r3)
(9/53) Installing coreutils (8.27-r0)
(10/53) Installing ca-certificates (20161130-r2)
(11/53) Installing libssh2 (1.8.0-r1)
(12/53) Installing libcurl (7.61.0-r0)
(13/53) Installing curl (7.61.0-r0)
(14/53) Installing dmidecode (3.0-r0)
(15/53) Installing libuuid (2.28.2-r2)
(16/53) Installing libblkid (2.28.2-r2)
(17/53) Installing libcom_err (1.43.4-r0)
(18/53) Installing e2fsprogs-libs (1.43.4-r0)
(19/53) Installing e2fsprogs (1.43.4-r0)
(20/53) Installing ethtool (4.10-r0)
(21/53) Installing libffi (3.2.1-r3)
(22/53) Installing libintl (0.19.8.1-r1)
(23/53) Installing libmount (2.28.2-r2)
(24/53) Installing pcre (8.41-r0)
(25/53) Installing glib (2.52.1-r0)
(26/53) Installing libmnl (1.0.4-r0)
(27/53) Installing libnftnl-libs (1.0.7-r0)
(28/53) Installing iptables (1.6.1-r0)
(29/53) Installing ip6tables (1.6.1-r0)
(30/53) Installing libelf (0.8.13-r2)
(31/53) Installing iproute2 (4.10.0-r1)
Executing iproute2-4.10.0-r1.post-install
(32/53) Installing ipset (6.32-r3)
(33/53) Installing libaio (0.3.110-r0)
(34/53) Installing libbz2 (1.0.6-r5)
(35/53) Installing libcrypto1.0 (1.0.2o-r1)
(36/53) Installing libpcap (1.8.1-r0)
(37/53) Installing popt (1.16-r6)
(38/53) Installing logrotate (3.12.2-r0)
(39/53) Installing openssh-keygen (7.5_p1-r2)
(40/53) Installing openssh-server (7.5_p1-r2)
(41/53) Installing libssl1.0 (1.0.2o-r1)
(42/53) Installing openssl (1.0.2o-r1)
(43/53) Installing perl (5.24.4-r1)
(44/53) Installing pixman (0.34.0-r0)
(45/53) Installing radvd (2.15-r0)
Executing radvd-2.15-r0.pre-install
(46/53) Installing sudo (1.8.19_p2-r0)
(47/53) Installing libsmartcols (2.28.2-r2)
(48/53) Installing findmnt (2.28.2-r2)
(49/53) Installing libfdisk (2.28.2-r2)
(50/53) Installing util-linux (2.28.2-r2)
(51/53) Installing xz-libs (5.2.3-r0)
(52/53) Installing xz (5.2.3-r0)
(53/53) Installing yajl (2.1.0-r0)
Executing busybox-1.26.2-r5.trigger
Executing ca-certificates-20161130-r2.trigger
Executing glib-2.52.1-r0.trigger
OK: 73 MiB in 64 packages
 ---> 3f26707a6f07
Removing intermediate container 170f1b58c19a
Step 9/20 : RUN [ `uname -m` = "aarch64" ] && apk add --no-cache libfdt || :
 ---> Running in 0ec877f7b2ee
fetch http://dl-cdn.alpinelinux.org/alpine/v3.6/main/aarch64/APKINDEX.tar.gz
fetch http://dl-cdn.alpinelinux.org/alpine/v3.6/community/aarch64/APKINDEX.tar.gz
(1/1) Installing libfdt (1.4.4-r0)
OK: 73 MiB in 65 packages
 ---> 8c3f22c7a678
Removing intermediate container 0ec877f7b2ee
Step 10/20 : RUN ln -s libpcap.so.1 /usr/lib/libpcap.so
 ---> Running in cc5afb5ee168
 ---> c9123c32ac77
Removing intermediate container cc5afb5ee168
Step 11/20 : RUN ssh-keygen -A ; echo PermitRootLogin yes >> /etc/ssh/sshd_config ; sed -ie '/^root/s#^.*$#root:$6$Ndt1G5AYZFQ8rz7m$7vGZMKKotSYxwxk/.jMfuOCzxw0I3DNedygaQaLF7kYSYsLqiBHhmc8RJSXp8/VxSYPpgYSz/8fkv0hO6I4js.:17477:0:::::#' /etc/shadow
 ---> Running in 947a95938199
ssh-keygen: generating new host keys: RSA DSA ECDSA ED25519 
 ---> c342696ca443
Removing intermediate container 947a95938199
Step 12/20 : COPY --from=xen-tools / /
 ---> 7659aec11642
Step 13/20 : COPY --from=ztools / /
 ---> f8c57515ecd7
Step 14/20 : COPY --from=gpttools / /
 ---> 03421a772bdc
Step 15/20 : COPY --from=dnsmasq /usr/sbin/dnsmasq /opt/zededa/bin/dnsmasq
 ---> 0aaf379338f3
Step 16/20 : COPY --from=strongswan / /
 ---> 2f5190cc6d0a
Step 17/20 : COPY --from=watchdog /usr/sbin /usr/sbin
 ---> 34f13b849cfd
Step 18/20 : COPY rootfs/ /
 ---> d20ec879d005
Step 19/20 : CMD /init.sh
 ---> Running in 4554c0dccd65
 ---> 2994d6e61668
Removing intermediate container 4554c0dccd65
Step 20/20 : LABEL org.mobyproject.config '{"capabilities":["all"],"binds":["/dev:/dev","/etc/resolv.conf:/etc/resolv.conf","/run:/run","/var/log:/var/log/dom0","/:/hostfs"],"net":"host","pid":"host"}' org.mobyproject.linuxkit.revision 'unknown' org.mobyproject.linuxkit.version 'unknown' org.opencontainers.image.revision '53f094d13dd408fdf5b5985f1c674a6ef72187f2' org.opencontainers.image.source 'https://github.com/linuxkit/linuxkit'
 ---> Running in 8c3e439eb678
 ---> 59063ad4da77
Removing intermediate container 8c3e439eb678
Successfully built 59063ad4da77
Successfully tagged zededa/zedctr:a190fe1816a81a9f328417bcef9146dff0a4ede0-arm64
Pushing zededa/zedctr:a190fe1816a81a9f328417bcef9146dff0a4ede0-arm64
The push refers to a repository [docker.io/zededa/zedctr]
8d1af99302c6: Preparing
64179a6745a0: Preparing
2395b6a8a790: Preparing
289ef60c0d94: Preparing
3edd81ed8cbc: Preparing
981b7b269978: Preparing
0a6d5c0670cf: Preparing
fd0666eaf4e5: Preparing
f58e92852e30: Preparing
161d0307c67c: Preparing
a62b8e61beee: Preparing
7678a2257549: Preparing
199db0687ace: Preparing
fd0666eaf4e5: Waiting
f58e92852e30: Waiting
161d0307c67c: Waiting
a62b8e61beee: Waiting
7678a2257549: Waiting
199db0687ace: Waiting
0a6d5c0670cf: Waiting
981b7b269978: Waiting
3edd81ed8cbc: Layer already exists
8d1af99302c6: Layer already exists
2395b6a8a790: Layer already exists
981b7b269978: Layer already exists
0a6d5c0670cf: Layer already exists
289ef60c0d94: Pushed
64179a6745a0: Pushed
7678a2257549: Layer already exists
fd0666eaf4e5: Pushed
199db0687ace: Layer already exists
f58e92852e30: Pushed
161d0307c67c: Pushed
a62b8e61beee: Pushed
a190fe1816a81a9f328417bcef9146dff0a4ede0-arm64: digest: sha256:c23bb99eaeba2b1e8f705403307701a42ff174023a22baa9dc3422d8090a7d6e size: 3047
Pushing zededa/zedctr:a190fe1816a81a9f328417bcef9146dff0a4ede0-arm64 to manifest zededa/zedctr:a190fe1816a81a9f328417bcef9146dff0a4ede0
time="2018-08-14T08:05:37+02:00" level=warning msg="Couldn't find or access image reference \"zededa/zedctr:a190fe1816a81a9f328417bcef9146dff0a4ede0-s390x\". Skipping image."
Digest: sha256:22266f695c5705fd15884fbc745dd721e9315d2fc25b79bbbe8d1fd36c655330 743
Not signing zededa/zedctr:a190fe1816a81a9f328417bcef9146dff0a4ede0
Build and push complete, not releasing, all done.
make: Leaving directory '/home/zededa-ci/src/zenbuild/pkg'
make: Entering directory '/home/zededa-ci/src/zenbuild/build-pkgs'
Building and pushing "zededa/build-pkgs_abuild:7ae4d9f9fa290963de466d5ed96d6c9318354824"
7ae4d9f9fa290963de466d5ed96d6c9318354824: Pulling from zededa/build-pkgs_abuild
Digest: sha256:a20aea7e6280d04b965e11c3c9bb2b75e2dd897710b8505399310fd5a94da80e
Status: Image is up to date for zededa/build-pkgs_abuild:7ae4d9f9fa290963de466d5ed96d6c9318354824
Building and pushing "zededa/build-pkgs_uefi:a3362428c518fb4db1a136a961bd17e8a66fb693"
a3362428c518fb4db1a136a961bd17e8a66fb693: Pulling from zededa/build-pkgs_uefi
Digest: sha256:3eab579f2c1d49a18df4f07963ce9594c67204c6472e9a1df1455970d3347216
Status: Image is up to date for zededa/build-pkgs_uefi:a3362428c518fb4db1a136a961bd17e8a66fb693
make: Leaving directory '/home/zededa-ci/src/zenbuild/build-pkgs'
cd bios ; _() { C=`docker create $1 fake` ; docker export $C | tar -xf - $2 ; docker rm $C ; } ; _ zededa/build-pkgs_uefi:a3362428c518fb4db1a136a961bd17e8a66fb693-arm64 OVMF.fd
aea34b0eadfeac3ccc9a60eee8d1cf33a1998f4aa9e7e538bbdc73ddc1318c11
make -C build-tools all
make[1]: Entering directory '/home/zededa-ci/src/zenbuild/build-tools'
make[1]: Nothing to be done for 'all'.
make[1]: Leaving directory '/home/zededa-ci/src/zenbuild/build-tools'
tee: /dev/tty: No such device or address
a190fe1816a81a9f328417bcef9146dff0a4ede0-arm64: Pulling from zededa/zedctr
Digest: sha256:c23bb99eaeba2b1e8f705403307701a42ff174023a22baa9dc3422d8090a7d6e
Status: Image is up to date for zededa/zedctr:a190fe1816a81a9f328417bcef9146dff0a4ede0-arm64
DOCKER_ARCH_TAG="arm64" ./parse-pkgs.sh images/installer.yml.in > images/installer.yml
# the following is a horrible hack that needs to go away ASAP
if [ "aarch64" != `uname -m` ] ; then \
           sed -e '/source:/s#rootfs.img#rootfs_aarch64.img#' \
               -e '/command:/s#/dev/sda#/dev/vda#' -i.orig images/installer.yml ;\
   echo "WARNING: We are assembling a aarch64 image on `uname -m`. Things may break." ;\
        fi
DOCKER_ARCH_TAG="arm64" ./parse-pkgs.sh images/rootfs.yml.in > images/rootfs.yml
# the following is a horrible hack that needs to go away ASAP
if [ "aarch64" != `uname -m` ] ; then \
           sed -e '/source:/s#rootfs.img#rootfs_aarch64.img#' \
               -e '/command:/s#/dev/sda#/dev/vda#' -i.orig images/rootfs.yml ;\
   echo "WARNING: We are assembling a aarch64 image on `uname -m`. Things may break." ;\
        fi
./makerootfs.sh images/rootfs.yml squash rootfs_aarch64.img
Extract kernel image: zededa/kernel:e2919188af3f6da07e8bc651ecc45b5b3f0f523c-arm64
Add init containers:
Process init image: zededa/grub:35eb3c470422d1bced11f3457ea8ff432d9f0590-arm64
Process init image: zededa/device-trees:1bca882c64827de08bba9aa7713441b2b4d7ca8d-arm64
Process init image: zededa/xen:be954dc9ba840dcff92c7edc1823e7e19d12a8ed-arm64
Process init image: zededa/gpt-tools:f0be39997551891e81c6edc38acc20f61077287b-arm64
Process init image: zededa/dom0-ztools:c6d8f2123c748379add5d3dbbac23e3630131760-arm64
Process init image: linuxkit/init:v0.5
Process init image: linuxkit/runc:v0.5
Process init image: linuxkit/containerd:v0.5
Process init image: linuxkit/getty:v0.5
Add onboot containers:
  Create OCI config for linuxkit/sysctl:v0.5
  Create OCI config for linuxkit/modprobe:v0.5
Add service containers:
  Create OCI config for linuxkit/dhcpcd:v0.5
  Create OCI config for linuxkit/openntpd:v0.5
  Create OCI config for zededa/wwan:5f68442251df0f2625fde14e947f11de2374b72d-arm64
  Create OCI config for zededa/wlan:cfd366430df0620df11b2af7f3d9d63d617a5903-arm64
  Create OCI config for zededa/zedctr:a190fe1816a81a9f328417bcef9146dff0a4ede0-arm64
Add files:
  /containers/services/zededa-tools/lower/opt/zededa/bin/versioninfo
Parallel mksquashfs: Using 4 processors
Creating 4.0 filesystem on /rootfs.img, block size 131072.
[==============================================-             ] 11600/14738  78%[================================================|           ] 12000/14738  81%[===========================================================\] 14738/14738 100%

Exportable Squashfs 4.0 filesystem, gzip compressed, data block size 131072
	compressed data, compressed metadata, compressed fragments, compressed xattrs
	duplicates are removed
Filesystem size 165958.26 Kbytes (162.07 Mbytes)
	31.47% of uncompressed filesystem size (527330.04 Kbytes)
Inode table size 154731 bytes (151.10 Kbytes)
	26.05% of uncompressed inode table size (593966 bytes)
Directory table size 158470 bytes (154.76 Kbytes)
	45.14% of uncompressed directory table size (351048 bytes)
Number of duplicate files found 2491
Number of inodes 15799
Number of files 11557
Number of fragments 793
Number of symbolic links  2942
Number of device nodes 8
Number of fifo nodes 0
Number of socket nodes 0
Number of directories 1292
Number of ids (unique uids + gids) 3
Number of uids 1
	root (0)
Number of gids 3
	root (0)
	shadow (42)
	tty (5)
./makeiso.sh images/installer.yml installer_aarch64.iso
Extract kernel image: zededa/kernel:e2919188af3f6da07e8bc651ecc45b5b3f0f523c-arm64
Add init containers:
Process init image: zededa/grub:35eb3c470422d1bced11f3457ea8ff432d9f0590-arm64
Process init image: zededa/device-trees:1bca882c64827de08bba9aa7713441b2b4d7ca8d-arm64
Process init image: zededa/xen:be954dc9ba840dcff92c7edc1823e7e19d12a8ed-arm64
Process init image: linuxkit/init:v0.5
Process init image: linuxkit/runc:v0.5
Process init image: linuxkit/getty:v0.5
Add onboot containers:
  Create OCI config for zededa/mkflash:d4131c74a9e283a1e4ee5f3aa80b47b538378411-arm64
Add files:
  /parts/config.img
  /parts/rootfs.img
time="2018-08-14T08:08:19+02:00" level=fatal msg="failed to add filesystem parts: open rootfs.img: no such file or directory"
xorriso 1.4.6 : RockRidge filesystem manipulator, libburnia project.

Drive current: -outdev 'stdio:linuxkit-efi.iso'
Media current: stdio file, overwriteable
Media status : is blank
Media summary: 0 sessions, 0 data blocks, 0 data,  898g free
Added to ISO image: directory '/'='/tmp/efi'
xorriso : UPDATE : 4596 files added in 1 seconds
xorriso : UPDATE : 4596 files added in 1 seconds
libisofs: NOTE : Cannot arrange content of data files in surely reproducible way
xorriso : UPDATE :  13.69% done
ISO image produced: 99927 sectors
Written to medium : 99927 sectors at LBA 0
Writing to 'stdio:linuxkit-efi.iso' completed successfully.

tar c rootfs_aarch64.img config.img | ./makeflash.sh -C 8192 fallback_aarch64.raw
1+0 records in
1+0 records out
1 byte copied, 0.0146193 s, 0.1 kB/s
+ IMGFILE=/output.img
+ NUMPARTS=9
+ mkdir -p /parts
+ [ -t 0 ]
+ cd /parts
+ bsdtar xzf -
+ ESP_FILE=/tmp/efifs.img
+ cut -f1 -d 
+ echo /parts/rootfs_aarch64.img
+ IMGA_FILE=/parts/rootfs_aarch64.img
+ CONF_FILE=/parts/config.img
+ mount -o loop /parts/rootfs_aarch64.img /mnt
mount: mounting /dev/loop0 on /mnt failed: Invalid argument
Makefile:152: recipe for target 'fallback_aarch64.raw' failed
make: *** [fallback_aarch64.raw] Error 111
make: Entering directory '/home/zededa-ci/src/zenbuild/build-pkgs'
Building and pushing "zededa/zenix:latest"
Sending build context to Docker daemon  517.3MB
Step 1/9 : FROM alpine:edge
 ---> 698b28d4f8d1
Step 2/9 : RUN apk add --no-cache qemu-system-x86_64 qemu-system-aarch64 bash make git
 ---> Using cache
 ---> 5b21459beb8b
Step 3/9 : COPY . /bits/
 ---> Using cache
 ---> c5f345eda82a
Step 4/9 : COPY OVMF.fd /bits/bios/OVMF.fd
 ---> Using cache
 ---> e342e4ec1c5c
Step 5/9 : COPY runme.sh /
 ---> Using cache
 ---> c300c2ff8dc7
Step 6/9 : RUN touch /bits/bios/OVMF.fd
 ---> Using cache
 ---> 85b9a3f966f3
Step 7/9 : WORKDIR /bits
 ---> Using cache
 ---> b59a8adaf13d
Step 8/9 : ENTRYPOINT /runme.sh
 ---> Using cache
 ---> a2c4b6771d85
Step 9/9 : LABEL org.mobyproject.linuxkit.revision 'unknown' org.mobyproject.linuxkit.version 'unknown' org.opencontainers.image.revision '53f094d13dd408fdf5b5985f1c674a6ef72187f2' org.opencontainers.image.source 'https://github.com/linuxkit/linuxkit'
 ---> Using cache
 ---> dbf391aefdb9
Successfully built dbf391aefdb9
Successfully tagged zededa/zenix:latest-arm64
Pushing zededa/zenix:latest-arm64
The push refers to a repository [docker.io/zededa/zenix]
96feea203423: Preparing
c96588d795bb: Preparing
5ef670ff3c99: Preparing
841a93c06d96: Preparing
18d6c5bbfc56: Preparing
7f4507898901: Preparing
2a2e682c36db: Preparing
2a2e682c36db: Waiting
7f4507898901: Waiting
5ef670ff3c99: Layer already exists
c96588d795bb: Layer already exists
18d6c5bbfc56: Layer already exists
96feea203423: Layer already exists
7f4507898901: Layer already exists
2a2e682c36db: Layer already exists
841a93c06d96: Layer already exists
latest-arm64: digest: sha256:be4b5a736705a22397d05b228ba358be0c79b2781e89285cef3843f1b23f18f1 size: 1787
Pushing zededa/zenix:latest-arm64 to manifest zededa/zenix:latest
time="2018-08-14T08:09:21+02:00" level=warning msg="Couldn't find or access image reference \"zededa/zenix:latest-s390x\". Skipping image."
Digest: sha256:ee410883ab0371bb8c8d319b810c9e8ea104fecca42194c7f716e9235dfed999 743
Not signing zededa/zenix:latest
Build and push complete, not releasing, all done.
make: Leaving directory '/home/zededa-ci/src/zenbuild/build-pkgs'
FINISHED
