make -C build-tools all
make[1]: Entering directory '/home/zededa-ci/src/zenbuild/build-tools'
[ -x /home/zededa-ci/src/zenbuild/build-tools/bin/dep ] || /usr/bin/go  get github.com/golang/dep/cmd/dep
cd `dirname src/linuxkit/Gopkg.lock` ; /home/zededa-ci/src/zenbuild/build-tools/bin/dep ensure -v
Gopkg.lock was already in sync with imports and Gopkg.toml
(1/52) Wrote gopkg.in/yaml.v2@v2
(2/52) Wrote github.com/Microsoft/go-winio@v0.4.7
(3/52) Wrote github.com/docker/go-connections@v0.3.0
(4/52) Wrote github.com/go-ini/ini@v1.32.0
(5/52) Wrote github.com/docker/go@v1.5.1-1
(6/52) Wrote github.com/docker/go-p9p@master
(7/52) Wrote github.com/google/uuid@0.2
(8/52) Wrote github.com/agl/ed25519@master
(9/52) Wrote github.com/Azure/go-ansiterm@master
(10/52) Wrote github.com/golang/protobuf@v1.0.0
(11/52) Wrote github.com/gorilla/context@v1.1
(12/52) Wrote github.com/gorilla/mux@v1.6.1
(13/52) Wrote github.com/miekg/pkcs11@master
(14/52) Wrote github.com/sirupsen/logrus@v1.0.4
(15/52) Wrote github.com/mitchellh/go-ps@master
(16/52) Wrote github.com/docker/go-units@v0.3.2
(17/52) Wrote github.com/dgrijalva/jwt-go@v3.1.0
(18/52) Wrote github.com/opencontainers/go-digest@v1.0.0-rc1
(19/52) Wrote github.com/Azure/go-autorest@v10.1.2
(20/52) Wrote github.com/opencontainers/image-spec@v1.0.1
(21/52) Wrote github.com/packethost/packngo@f1be085ecd6fca1b0a0e25eda71f208dcfcee5ab
(22/52) Wrote github.com/opencontainers/runtime-spec@v1.0.1
(23/52) Wrote github.com/pkg/errors@v0.8.0
(24/52) Wrote github.com/moby/datakit@0.12.1
(25/52) Wrote cloud.google.com/go@v0.18.0
(26/52) Wrote github.com/Azure/azure-sdk-for-go@26132835cbefa2669a306b777f34b929b56aa0a2
(27/52) Wrote github.com/radu-matei/azure-vhd-utils@e52754d5569d2a643a7775f72ff2a6cf524f4c25
(28/52) Wrote github.com/gogo/protobuf@v1.0.0
(29/52) Wrote github.com/radu-matei/azure-sdk-for-go@3b12823551999669c9a325a32472508e0af7978e
(30/52) Wrote github.com/jmespath/go-jmespath@0b12d6b5
(31/52) Wrote github.com/rn/iso9660wrap@master
(32/52) Wrote github.com/surma/gocpio@1.1.0
(33/52) Wrote github.com/xeipuuv/gojsonschema@master
(34/52) Wrote github.com/xeipuuv/gojsonpointer@master
(35/52) Wrote github.com/docker/distribution@3800056b8832cf6075e78b282ac010131d8687bc
(36/52) Wrote github.com/moby/hyperkit@a285521725f44f3d10ca1042c2c07d3a6e24bed8
(37/52) Wrote github.com/xeipuuv/gojsonreference@master
(38/52) Wrote golang.org/x/oauth2@master
(39/52) Wrote golang.org/x/sys@master
(40/52) Wrote github.com/moby/tool@master
(41/52) Wrote golang.org/x/crypto@master
(42/52) Wrote golang.org/x/net@master
(43/52) Wrote github.com/containerd/containerd@v1.0.2
(44/52) Wrote google.golang.org/appengine@v1.0.0
(45/52) Wrote github.com/gophercloud/gophercloud@master
(46/52) Wrote github.com/vmware/govmomi@v0.16.0
(47/52) Wrote github.com/aws/aws-sdk-go@v1.12.79
(48/52) Wrote github.com/moby/vpnkit@v0.2.0
(49/52) Wrote google.golang.org/api@master
(50/52) Wrote github.com/theupdateframework/notary@master
(51/52) Wrote github.com/linuxkit/linuxkit@master
(52/52) Wrote github.com/docker/docker@ba99c19b593bdb9e7b90793681fe89b0a91781ed
make[1]: Leaving directory '/home/zededa-ci/src/zenbuild/build-tools'
Building and pushing "zededa/ztools:b352f1a612a035f0faca2df279375eae8e69cc6b"
b352f1a612a035f0faca2df279375eae8e69cc6b: Pulling from zededa/ztools
990f2a4df6f6: Pulling fs layer
5917bc67299f: Pulling fs layer
9bd908dbd0fc: Pulling fs layer
c364cbe49e0d: Pulling fs layer
132a19a51288: Pulling fs layer
37c6d30bda3a: Pulling fs layer
cf483453ca9c: Pulling fs layer
db64f6f2d0e0: Pulling fs layer
cf50cbaf806c: Pulling fs layer
3a956430f747: Pulling fs layer
cf483453ca9c: Waiting
c364cbe49e0d: Waiting
132a19a51288: Waiting
37c6d30bda3a: Waiting
db64f6f2d0e0: Waiting
cf50cbaf806c: Waiting
3a956430f747: Waiting
9bd908dbd0fc: Verifying Checksum
9bd908dbd0fc: Download complete
5917bc67299f: Download complete
990f2a4df6f6: Verifying Checksum
990f2a4df6f6: Download complete
c364cbe49e0d: Download complete
132a19a51288: Verifying Checksum
132a19a51288: Download complete
990f2a4df6f6: Pull complete
db64f6f2d0e0: Verifying Checksum
db64f6f2d0e0: Download complete
5917bc67299f: Pull complete
cf483453ca9c: Verifying Checksum
cf483453ca9c: Download complete
9bd908dbd0fc: Pull complete
c364cbe49e0d: Pull complete
cf50cbaf806c: Verifying Checksum
cf50cbaf806c: Download complete
132a19a51288: Pull complete
37c6d30bda3a: Verifying Checksum
37c6d30bda3a: Download complete
3a956430f747: Verifying Checksum
3a956430f747: Download complete
37c6d30bda3a: Pull complete
cf483453ca9c: Pull complete
db64f6f2d0e0: Pull complete
cf50cbaf806c: Pull complete
3a956430f747: Pull complete
Digest: sha256:37ee507038d8f9c8298b5c58cb624ddd79bbb722ab2e879fe6349022f0eec3c7
Status: Downloaded newer image for zededa/ztools:b352f1a612a035f0faca2df279375eae8e69cc6b
b352f1a612a035f0faca2df279375eae8e69cc6b: Pulling from zededa/ztools
Digest: sha256:37ee507038d8f9c8298b5c58cb624ddd79bbb722ab2e879fe6349022f0eec3c7
Status: Image is up to date for zededa/ztools:b352f1a612a035f0faca2df279375eae8e69cc6b
The push refers to a repository [docker.io/zededa/ztools]
60a30bd737f2: Preparing
06152f49a8fc: Preparing
a0dd9923294b: Preparing
79f724920aa6: Preparing
0fb89b97dfac: Preparing
626232712272: Preparing
2fbe955e6f42: Preparing
c52110b5db2f: Preparing
30d3503cc5a9: Preparing
90901ec563e0: Preparing
626232712272: Waiting
2fbe955e6f42: Waiting
c52110b5db2f: Waiting
30d3503cc5a9: Waiting
90901ec563e0: Waiting
79f724920aa6: Layer already exists
60a30bd737f2: Layer already exists
a0dd9923294b: Layer already exists
06152f49a8fc: Layer already exists
0fb89b97dfac: Layer already exists
626232712272: Layer already exists
2fbe955e6f42: Layer already exists
c52110b5db2f: Layer already exists
30d3503cc5a9: Layer already exists
90901ec563e0: Layer already exists
latest: digest: sha256:308dd04d3ef27c51161894ef522a3e5b28aa76e04ec35f9b631bae55073dd11d size: 2411
make: Entering directory '/home/zededa-ci/src/zenbuild/pkg'
(cd ..; ./parse-pkgs.sh pkg/kmod_pfring/Dockerfile.in > pkg/kmod_pfring/Dockerfile)
(cd ..; ./parse-pkgs.sh pkg/qrexec-lib/Dockerfile.in > pkg/qrexec-lib/Dockerfile)
(cd ..; ./parse-pkgs.sh pkg/qrexec-dom0/Dockerfile.in > pkg/qrexec-dom0/Dockerfile)
(cd ..; ./parse-pkgs.sh pkg/zedctr/Dockerfile.in > pkg/zedctr/Dockerfile)
(cd ..; ./parse-pkgs.sh pkg/test-conf/Dockerfile.in > pkg/test-conf/Dockerfile)
(cd ..; ./parse-pkgs.sh pkg/mkflash/Dockerfile.in > pkg/mkflash/Dockerfile)
(cd ..; ./parse-pkgs.sh pkg/mkimage-iso-efi/Dockerfile.in > pkg/mkimage-iso-efi/Dockerfile)
(cd ..; ./parse-pkgs.sh pkg/mkimage-raw-efi//Dockerfile.in > pkg/mkimage-raw-efi//Dockerfile)
Building and pushing "zededa/grub:a83a89ea3b7f890696e759027bb10a0572248aef"
a83a89ea3b7f890696e759027bb10a0572248aef: Pulling from zededa/grub
1449fbf4bbd4: Pulling fs layer
ee01ed05d2e7: Pulling fs layer
1449fbf4bbd4: Verifying Checksum
1449fbf4bbd4: Download complete
ee01ed05d2e7: Verifying Checksum
ee01ed05d2e7: Download complete
1449fbf4bbd4: Pull complete
ee01ed05d2e7: Pull complete
Digest: sha256:13baa3f5f815be0c6e2fa45e2f78f57fdb98b63dd076e74d9dcd60fde9dab103
Status: Downloaded newer image for zededa/grub:a83a89ea3b7f890696e759027bb10a0572248aef
Building and pushing "zededa/xen:07f48fb845ebcbb4327b6493875a846d0e4ffd3b"
07f48fb845ebcbb4327b6493875a846d0e4ffd3b: Pulling from zededa/xen
4e64f9f30827: Pulling fs layer
c6eab29143d0: Pulling fs layer
4e64f9f30827: Download complete
4e64f9f30827: Pull complete
c6eab29143d0: Verifying Checksum
c6eab29143d0: Download complete
c6eab29143d0: Pull complete
Digest: sha256:c8b8389a2abf741dacda34dc25fd3a29454dd90d0bc9f89e4f6ae41001d76946
Status: Downloaded newer image for zededa/xen:07f48fb845ebcbb4327b6493875a846d0e4ffd3b
Building and pushing "zededa/kernel:2f3f0ca93049e132867b9f9a836848e6ecc03f4b"
2f3f0ca93049e132867b9f9a836848e6ecc03f4b: Pulling from zededa/kernel
f276d370f1f6: Pulling fs layer
f276d370f1f6: Verifying Checksum
f276d370f1f6: Download complete
f276d370f1f6: Pull complete
Digest: sha256:3eff66f1abc70306b4e0ebae65f8b4df66ab0ed4626ed2046205ff01e5a17d17
Status: Downloaded newer image for zededa/kernel:2f3f0ca93049e132867b9f9a836848e6ecc03f4b
Building and pushing "zededa/kmod_pfring:21d2619aba445c8fdecf2afe1d2201f0ac4db2aa"
21d2619aba445c8fdecf2afe1d2201f0ac4db2aa: Pulling from zededa/kmod_pfring
227b0667d081: Pulling fs layer
02ff1c7f4784: Pulling fs layer
02ff1c7f4784: Verifying Checksum
02ff1c7f4784: Download complete
227b0667d081: Verifying Checksum
227b0667d081: Download complete
227b0667d081: Pull complete
02ff1c7f4784: Pull complete
Digest: sha256:4f2c1756085e214680cc6f78d7137773496ac5d997ebaf9eecaba320ccb19d25
Status: Downloaded newer image for zededa/kmod_pfring:21d2619aba445c8fdecf2afe1d2201f0ac4db2aa
Building and pushing "zededa/xen-tools:39c66bfb8fa3128310f9c5b3322fd64819d9e215"
39c66bfb8fa3128310f9c5b3322fd64819d9e215: Pulling from zededa/xen-tools
8ff1747b44cd: Pulling fs layer
8ff1747b44cd: Verifying Checksum
8ff1747b44cd: Download complete
8ff1747b44cd: Pull complete
Digest: sha256:2a76e16a316d0bad85b310f2d4d8c6eb5dad5acfb4e5229ed04e7e8179af8add
Status: Downloaded newer image for zededa/xen-tools:39c66bfb8fa3128310f9c5b3322fd64819d9e215
Building and pushing "zededa/dnsmasq:e2de7e6a478850d931724f951f877cd507d77358"
e2de7e6a478850d931724f951f877cd507d77358: Pulling from zededa/dnsmasq
4fd29ef5edb2: Pulling fs layer
4fd29ef5edb2: Download complete
4fd29ef5edb2: Pull complete
Digest: sha256:ffd5aa9dccf23e759478da4589f0a647e333fd6034691cbe8a57bf25d45d2663
Status: Downloaded newer image for zededa/dnsmasq:e2de7e6a478850d931724f951f877cd507d77358
Building and pushing "zededa/gpt-tools:f0be39997551891e81c6edc38acc20f61077287b"
f0be39997551891e81c6edc38acc20f61077287b: Pulling from zededa/gpt-tools
497994355ec4: Pulling fs layer
1604c5298d3e: Pulling fs layer
c4f94f92c292: Pulling fs layer
c4f94f92c292: Verifying Checksum
c4f94f92c292: Download complete
1604c5298d3e: Download complete
497994355ec4: Verifying Checksum
497994355ec4: Download complete
497994355ec4: Pull complete
1604c5298d3e: Pull complete
c4f94f92c292: Pull complete
Digest: sha256:2b060f749a08dd331a21277d0c1851912ace5d501782f99df36e3a585710f4ae
Status: Downloaded newer image for zededa/gpt-tools:f0be39997551891e81c6edc38acc20f61077287b
Building and pushing "zededa/dom0-ztools:8136078abdf52ea3bb3a489702b2d47d2a30aca6"
8136078abdf52ea3bb3a489702b2d47d2a30aca6: Pulling from zededa/dom0-ztools
3cdfbe35fcdb: Pulling fs layer
3cdfbe35fcdb: Verifying Checksum
3cdfbe35fcdb: Download complete
3cdfbe35fcdb: Pull complete
Digest: sha256:c59e1042d5f259a9c21a3feed536f3894f92c5fc5ba075a28f8d094f87478275
Status: Downloaded newer image for zededa/dom0-ztools:8136078abdf52ea3bb3a489702b2d47d2a30aca6
Building and pushing "zededa/qrexec-lib:2e0df0df95f86df6953d7d2e7729213b77fd7206"
2e0df0df95f86df6953d7d2e7729213b77fd7206: Pulling from zededa/qrexec-lib
330e564dc901: Pulling fs layer
330e564dc901: Download complete
330e564dc901: Pull complete
Digest: sha256:739d5c48e4479003f0dbfddd8b98a2028be513deb70af727752905263ac2d53d
Status: Downloaded newer image for zededa/qrexec-lib:2e0df0df95f86df6953d7d2e7729213b77fd7206
Building and pushing "zededa/qrexec-dom0:2c3cf9b135409690eaa86092c41f7c800d398468"
2c3cf9b135409690eaa86092c41f7c800d398468: Pulling from zededa/qrexec-dom0
069ff896e3b3: Pulling fs layer
069ff896e3b3: Verifying Checksum
069ff896e3b3: Download complete
069ff896e3b3: Pull complete
Digest: sha256:157d51bbe858847ef6d82ae4719ced5976a9a7098336a4a6e49830d33f868ab3
Status: Downloaded newer image for zededa/qrexec-dom0:2c3cf9b135409690eaa86092c41f7c800d398468
Building and pushing "zededa/wwan:addf826bbc6885c0a28cd8f018f69cadaca4674f"
addf826bbc6885c0a28cd8f018f69cadaca4674f: Pulling from zededa/wwan
bb473f0ebc12: Pulling fs layer
75ff6b7ff3a2: Pulling fs layer
9b0d64f808b0: Pulling fs layer
70bf6ce8e538: Pulling fs layer
42110436b652: Pulling fs layer
ea26483bdc44: Pulling fs layer
70bf6ce8e538: Waiting
42110436b652: Waiting
ea26483bdc44: Waiting
75ff6b7ff3a2: Verifying Checksum
75ff6b7ff3a2: Download complete
bb473f0ebc12: Verifying Checksum
bb473f0ebc12: Download complete
bb473f0ebc12: Pull complete
42110436b652: Download complete
9b0d64f808b0: Verifying Checksum
9b0d64f808b0: Download complete
70bf6ce8e538: Verifying Checksum
70bf6ce8e538: Download complete
ea26483bdc44: Download complete
75ff6b7ff3a2: Pull complete
9b0d64f808b0: Pull complete
70bf6ce8e538: Pull complete
42110436b652: Pull complete
ea26483bdc44: Pull complete
Digest: sha256:4bbb9cfb02dee943d602a3c344f33c40b0d2c94ff035a0f58336c67b2a9a72bd
Status: Downloaded newer image for zededa/wwan:addf826bbc6885c0a28cd8f018f69cadaca4674f
Building and pushing "zededa/wlan:cfd366430df0620df11b2af7f3d9d63d617a5903"
cfd366430df0620df11b2af7f3d9d63d617a5903: Pulling from zededa/wlan
efa4db71d42f: Pulling fs layer
e5a6a6f0bc86: Pulling fs layer
4687b5ba1a64: Pulling fs layer
6edd3507ffaa: Pulling fs layer
6edd3507ffaa: Waiting
e5a6a6f0bc86: Verifying Checksum
e5a6a6f0bc86: Download complete
4687b5ba1a64: Download complete
6edd3507ffaa: Download complete
efa4db71d42f: Verifying Checksum
efa4db71d42f: Download complete
efa4db71d42f: Pull complete
e5a6a6f0bc86: Pull complete
4687b5ba1a64: Pull complete
6edd3507ffaa: Pull complete
Digest: sha256:35c3b0eaef07370509074cbaf7ddcbd78e64115b22417faeb5bff386fb52481b
Status: Downloaded newer image for zededa/wlan:cfd366430df0620df11b2af7f3d9d63d617a5903
Building and pushing "zededa/watchdog:3e77cbcffbf4f71309bab82500039967bca0d189"
3e77cbcffbf4f71309bab82500039967bca0d189: Pulling from zededa/watchdog
67e22510e6e6: Pulling fs layer
407e46984eb5: Pulling fs layer
fdb116bda91b: Pulling fs layer
fdb116bda91b: Verifying Checksum
fdb116bda91b: Download complete
67e22510e6e6: Download complete
67e22510e6e6: Pull complete
407e46984eb5: Verifying Checksum
407e46984eb5: Download complete
407e46984eb5: Pull complete
fdb116bda91b: Pull complete
Digest: sha256:b8e2bf72873ee5128a0146a25dfeb1d8548d753e9f35f8e760d6e8b33fca0d5c
Status: Downloaded newer image for zededa/watchdog:3e77cbcffbf4f71309bab82500039967bca0d189
Building and pushing "zededa/zedctr:f5d8d01b7c3727b48838b53c3e91835bf58ddde9"
f5d8d01b7c3727b48838b53c3e91835bf58ddde9: Pulling from zededa/zedctr
bb473f0ebc12: Already exists
75ff6b7ff3a2: Already exists
51dc9277a60c: Pulling fs layer
523ae11c66b5: Pulling fs layer
50b623756cbe: Pulling fs layer
918ee85c0a31: Pulling fs layer
250cc1872c96: Pulling fs layer
bc7db988880a: Pulling fs layer
e565bc614e64: Pulling fs layer
290e0cc1ae2a: Pulling fs layer
d120387e3760: Pulling fs layer
918ee85c0a31: Waiting
250cc1872c96: Waiting
bc7db988880a: Waiting
e565bc614e64: Waiting
290e0cc1ae2a: Waiting
d120387e3760: Waiting
523ae11c66b5: Verifying Checksum
523ae11c66b5: Download complete
50b623756cbe: Verifying Checksum
50b623756cbe: Download complete
918ee85c0a31: Verifying Checksum
918ee85c0a31: Download complete
51dc9277a60c: Download complete
e565bc614e64: Download complete
bc7db988880a: Verifying Checksum
bc7db988880a: Download complete
250cc1872c96: Download complete
d120387e3760: Download complete
290e0cc1ae2a: Download complete
51dc9277a60c: Pull complete
523ae11c66b5: Pull complete
50b623756cbe: Pull complete
918ee85c0a31: Pull complete
250cc1872c96: Pull complete
bc7db988880a: Pull complete
e565bc614e64: Pull complete
290e0cc1ae2a: Pull complete
d120387e3760: Pull complete
Digest: sha256:4860a3e2678be6e63cdec019705daa07666f931bb69b275851383ae3aa26cc05
Status: Downloaded newer image for zededa/zedctr:f5d8d01b7c3727b48838b53c3e91835bf58ddde9
Building and pushing "zededa/test-conf:f90db01a283c22ee7ff47f67195fc5673a2e952f"
f90db01a283c22ee7ff47f67195fc5673a2e952f: Pulling from zededa/test-conf
bb473f0ebc12: Already exists
8c59ca845b3c: Pulling fs layer
165267d7c715: Pulling fs layer
da678138f0a6: Pulling fs layer
6b04075da465: Pulling fs layer
609252df079c: Pulling fs layer
d9451414fbf1: Pulling fs layer
2d1e0a8c7b3d: Pulling fs layer
701fc02591ce: Pulling fs layer
a1eecec7c668: Pulling fs layer
1886d87a4abe: Pulling fs layer
3b8bfba5ce0a: Pulling fs layer
3149d2ccad7a: Pulling fs layer
c6520bd8f0f6: Pulling fs layer
6b04075da465: Waiting
609252df079c: Waiting
d9451414fbf1: Waiting
2d1e0a8c7b3d: Waiting
701fc02591ce: Waiting
a1eecec7c668: Waiting
1886d87a4abe: Waiting
3b8bfba5ce0a: Waiting
3149d2ccad7a: Waiting
c6520bd8f0f6: Waiting
da678138f0a6: Download complete
8c59ca845b3c: Verifying Checksum
8c59ca845b3c: Download complete
165267d7c715: Verifying Checksum
165267d7c715: Download complete
6b04075da465: Verifying Checksum
6b04075da465: Download complete
8c59ca845b3c: Pull complete
165267d7c715: Pull complete
2d1e0a8c7b3d: Verifying Checksum
2d1e0a8c7b3d: Download complete
da678138f0a6: Pull complete
d9451414fbf1: Verifying Checksum
d9451414fbf1: Download complete
6b04075da465: Pull complete
a1eecec7c668: Verifying Checksum
a1eecec7c668: Download complete
1886d87a4abe: Verifying Checksum
1886d87a4abe: Download complete
3b8bfba5ce0a: Download complete
701fc02591ce: Verifying Checksum
701fc02591ce: Download complete
3149d2ccad7a: Verifying Checksum
3149d2ccad7a: Download complete
c6520bd8f0f6: Download complete
609252df079c: Verifying Checksum
609252df079c: Download complete
609252df079c: Pull complete
d9451414fbf1: Pull complete
2d1e0a8c7b3d: Pull complete
701fc02591ce: Pull complete
a1eecec7c668: Pull complete
1886d87a4abe: Pull complete
3b8bfba5ce0a: Pull complete
3149d2ccad7a: Pull complete
c6520bd8f0f6: Pull complete
Digest: sha256:2359b38d7e7dda43b1ea104fc87284f62750cea7d348577df5f5e54f65558343
Status: Downloaded newer image for zededa/test-conf:f90db01a283c22ee7ff47f67195fc5673a2e952f
Building and pushing "zededa/mkrootfs-ext4:3ac05eda5dc3d0ea7298480b8363e93393effa35"
3ac05eda5dc3d0ea7298480b8363e93393effa35: Pulling from zededa/mkrootfs-ext4
bb473f0ebc12: Already exists
8c59ca845b3c: Already exists
165267d7c715: Already exists
da678138f0a6: Already exists
6b04075da465: Already exists
609252df079c: Already exists
d9451414fbf1: Already exists
2d1e0a8c7b3d: Already exists
701fc02591ce: Already exists
a1eecec7c668: Already exists
81c95ca61eed: Pulling fs layer
ae42db5e1be0: Pulling fs layer
ae42db5e1be0: Download complete
81c95ca61eed: Verifying Checksum
81c95ca61eed: Download complete
81c95ca61eed: Pull complete
ae42db5e1be0: Pull complete
Digest: sha256:dd6697e7a8e68892fa5def39fa0a9a0e91949b7d29d50208c51b680af7169b6e
Status: Downloaded newer image for zededa/mkrootfs-ext4:3ac05eda5dc3d0ea7298480b8363e93393effa35
Building and pushing "zededa/mkrootfs-squash:a036fd84fb2fd0bb3d1df9209522af8de0189a75"
a036fd84fb2fd0bb3d1df9209522af8de0189a75: Pulling from zededa/mkrootfs-squash
bb473f0ebc12: Already exists
8c59ca845b3c: Already exists
165267d7c715: Already exists
da678138f0a6: Already exists
6b04075da465: Already exists
609252df079c: Already exists
d9451414fbf1: Already exists
2d1e0a8c7b3d: Already exists
701fc02591ce: Already exists
a1eecec7c668: Already exists
81c95ca61eed: Already exists
b282d16ad54e: Pulling fs layer
b282d16ad54e: Verifying Checksum
b282d16ad54e: Download complete
b282d16ad54e: Pull complete
Digest: sha256:9e6abe4716641f2559dc7c94338f9ba2f5819b80057179736accfc9896499958
Status: Downloaded newer image for zededa/mkrootfs-squash:a036fd84fb2fd0bb3d1df9209522af8de0189a75
Building and pushing "zededa/mkflash:c9d56f7b811cfb17b5a4651beea2b4e10819b953"
c9d56f7b811cfb17b5a4651beea2b4e10819b953: Pulling from zededa/mkflash
bb473f0ebc12: Already exists
8c59ca845b3c: Already exists
165267d7c715: Already exists
da678138f0a6: Already exists
6b04075da465: Already exists
609252df079c: Already exists
d9451414fbf1: Already exists
2d1e0a8c7b3d: Already exists
701fc02591ce: Already exists
a1eecec7c668: Already exists
cb29d3d36fa0: Pulling fs layer
4ea116893e85: Pulling fs layer
0ecfaa89c376: Pulling fs layer
6cfa2112f8e3: Pulling fs layer
4ea116893e85: Verifying Checksum
4ea116893e85: Download complete
0ecfaa89c376: Download complete
cb29d3d36fa0: Verifying Checksum
cb29d3d36fa0: Download complete
6cfa2112f8e3: Verifying Checksum
6cfa2112f8e3: Download complete
cb29d3d36fa0: Pull complete
4ea116893e85: Pull complete
0ecfaa89c376: Pull complete
6cfa2112f8e3: Pull complete
Digest: sha256:ca21e686522e3b76f4297b9ae4971d83e8aa6322ba6075f14065377a757c2410
Status: Downloaded newer image for zededa/mkflash:c9d56f7b811cfb17b5a4651beea2b4e10819b953
Building and pushing "zededa/mkimage-iso-efi:11694010143cc163cb8fe07be51863dfef435970"
11694010143cc163cb8fe07be51863dfef435970: Pulling from zededa/mkimage-iso-efi
bb473f0ebc12: Already exists
8c59ca845b3c: Already exists
e5def26d2707: Pulling fs layer
44e148518c95: Pulling fs layer
5b15a45109c2: Pulling fs layer
4cf166107325: Pulling fs layer
8430261671e8: Pulling fs layer
f74f1e4e2d62: Pulling fs layer
52f9790a596f: Pulling fs layer
b5da60967060: Pulling fs layer
448bc30da4e5: Pulling fs layer
ce28e1230035: Pulling fs layer
2432aea156d8: Pulling fs layer
4cf166107325: Waiting
8430261671e8: Waiting
f74f1e4e2d62: Waiting
52f9790a596f: Waiting
b5da60967060: Waiting
448bc30da4e5: Waiting
ce28e1230035: Waiting
2432aea156d8: Waiting
5b15a45109c2: Download complete
e5def26d2707: Download complete
44e148518c95: Verifying Checksum
44e148518c95: Download complete
e5def26d2707: Pull complete
f74f1e4e2d62: Verifying Checksum
f74f1e4e2d62: Download complete
44e148518c95: Pull complete
5b15a45109c2: Pull complete
8430261671e8: Verifying Checksum
8430261671e8: Download complete
b5da60967060: Verifying Checksum
b5da60967060: Download complete
52f9790a596f: Verifying Checksum
52f9790a596f: Download complete
ce28e1230035: Download complete
2432aea156d8: Verifying Checksum
2432aea156d8: Download complete
448bc30da4e5: Verifying Checksum
448bc30da4e5: Download complete
4cf166107325: Download complete
4cf166107325: Pull complete
8430261671e8: Pull complete
f74f1e4e2d62: Pull complete
52f9790a596f: Pull complete
b5da60967060: Pull complete
448bc30da4e5: Pull complete
ce28e1230035: Pull complete
2432aea156d8: Pull complete
Digest: sha256:ffee2e235b9a32691907a00aa1a242c18fe174deab0d8dfe3941a18998cf1a73
Status: Downloaded newer image for zededa/mkimage-iso-efi:11694010143cc163cb8fe07be51863dfef435970
Building and pushing "zededa/mkimage-raw-efi:02ce01fe028811c42dff8597dc8427649aae0f4b"
02ce01fe028811c42dff8597dc8427649aae0f4b: Pulling from zededa/mkimage-raw-efi
bb473f0ebc12: Already exists
8c59ca845b3c: Already exists
165267d7c715: Already exists
da678138f0a6: Already exists
6b04075da465: Already exists
609252df079c: Already exists
d9451414fbf1: Already exists
2d1e0a8c7b3d: Already exists
701fc02591ce: Already exists
a1eecec7c668: Already exists
72b49d74497f: Pulling fs layer
0e9a8e8150ef: Pulling fs layer
0ce855423f10: Pulling fs layer
0e9a8e8150ef: Verifying Checksum
0e9a8e8150ef: Download complete
0ce855423f10: Verifying Checksum
0ce855423f10: Download complete
72b49d74497f: Download complete
72b49d74497f: Pull complete
0e9a8e8150ef: Pull complete
0ce855423f10: Pull complete
Digest: sha256:8f546fa97aba84140a7d30db8ec9e9d988f81c482c56ff91f9837d04cdfb19c1
Status: Downloaded newer image for zededa/mkimage-raw-efi:02ce01fe028811c42dff8597dc8427649aae0f4b
make: Leaving directory '/home/zededa-ci/src/zenbuild/pkg'
make: Entering directory '/home/zededa-ci/src/zenbuild/build-pkgs'
Building and pushing "zededa/build-pkgs_abuild:7ae4d9f9fa290963de466d5ed96d6c9318354824"
7ae4d9f9fa290963de466d5ed96d6c9318354824: Pulling from zededa/build-pkgs_abuild
bb473f0ebc12: Already exists
75ff6b7ff3a2: Already exists
ce306cf0a019: Pulling fs layer
94fa7cf47ffd: Pulling fs layer
986e6b498225: Pulling fs layer
f0a7e80f8a55: Pulling fs layer
aaa52fd86a44: Pulling fs layer
3ee847426889: Pulling fs layer
cea6a2d3c206: Pulling fs layer
f0a7e80f8a55: Waiting
aaa52fd86a44: Waiting
3ee847426889: Waiting
cea6a2d3c206: Waiting
94fa7cf47ffd: Download complete
986e6b498225: Download complete
f0a7e80f8a55: Download complete
aaa52fd86a44: Verifying Checksum
aaa52fd86a44: Download complete
cea6a2d3c206: Download complete
ce306cf0a019: Verifying Checksum
ce306cf0a019: Download complete
3ee847426889: Download complete
ce306cf0a019: Pull complete
94fa7cf47ffd: Pull complete
986e6b498225: Pull complete
f0a7e80f8a55: Pull complete
aaa52fd86a44: Pull complete
3ee847426889: Pull complete
cea6a2d3c206: Pull complete
Digest: sha256:d8de31b2b439b28602ea727539340e235c411953de00fee6e51aec919a53e466
Status: Downloaded newer image for zededa/build-pkgs_abuild:7ae4d9f9fa290963de466d5ed96d6c9318354824
Building and pushing "zededa/build-pkgs_uefi:a3362428c518fb4db1a136a961bd17e8a66fb693"
a3362428c518fb4db1a136a961bd17e8a66fb693: Pulling from zededa/build-pkgs_uefi
Digest: sha256:551ca905d3f137281edee985de9038b7d459b066d1e06fab87e016508b75a464
Status: Downloaded newer image for zededa/build-pkgs_uefi:a3362428c518fb4db1a136a961bd17e8a66fb693
make: Leaving directory '/home/zededa-ci/src/zenbuild/build-pkgs'
make -C build-tools all
make[1]: Entering directory '/home/zededa-ci/src/zenbuild/build-tools'
[ -x /home/zededa-ci/src/zenbuild/build-tools/bin/dep ] || /usr/bin/go  get github.com/golang/dep/cmd/dep
cd `dirname src/linuxkit/Gopkg.lock` ; /home/zededa-ci/src/zenbuild/build-tools/bin/dep ensure -v
Gopkg.lock was already in sync with imports and Gopkg.toml
(1/52) Wrote github.com/docker/go-units@v0.3.2
(2/52) Wrote github.com/surma/gocpio@1.1.0
(3/52) Wrote github.com/miekg/pkcs11@master
(4/52) Wrote github.com/jmespath/go-jmespath@0b12d6b5
(5/52) Wrote github.com/opencontainers/go-digest@v1.0.0-rc1
(6/52) Wrote github.com/xeipuuv/gojsonpointer@master
(7/52) Wrote github.com/dgrijalva/jwt-go@v3.1.0
(8/52) Wrote github.com/docker/go-connections@v0.3.0
(9/52) Wrote github.com/mitchellh/go-ps@master
(10/52) Wrote github.com/docker/go@v1.5.1-1
(11/52) Wrote github.com/opencontainers/image-spec@v1.0.1
(12/52) Wrote github.com/xeipuuv/gojsonreference@master
(13/52) Wrote github.com/packethost/packngo@f1be085ecd6fca1b0a0e25eda71f208dcfcee5ab
(14/52) Wrote github.com/opencontainers/runtime-spec@v1.0.1
(15/52) Wrote github.com/pkg/errors@v0.8.0
(16/52) Wrote github.com/docker/go-p9p@master
(17/52) Wrote github.com/radu-matei/azure-sdk-for-go@3b12823551999669c9a325a32472508e0af7978e
(18/52) Wrote github.com/radu-matei/azure-vhd-utils@e52754d5569d2a643a7775f72ff2a6cf524f4c25
(19/52) Wrote github.com/Azure/go-ansiterm@master
(20/52) Wrote gopkg.in/yaml.v2@v2
(21/52) Wrote github.com/rn/iso9660wrap@master
(22/52) Wrote github.com/sirupsen/logrus@v1.0.4
(23/52) Wrote github.com/Azure/go-autorest@v10.1.2
(24/52) Wrote github.com/moby/tool@master
(25/52) Wrote cloud.google.com/go@v0.18.0
(26/52) Wrote github.com/moby/datakit@0.12.1
(27/52) Wrote github.com/moby/hyperkit@a285521725f44f3d10ca1042c2c07d3a6e24bed8
(28/52) Wrote github.com/Microsoft/go-winio@v0.4.7
(29/52) Wrote github.com/agl/ed25519@master
(30/52) Wrote github.com/google/uuid@0.2
(31/52) Wrote github.com/vmware/govmomi@v0.16.0
(32/52) Wrote github.com/xeipuuv/gojsonschema@master
(33/52) Wrote github.com/go-ini/ini@v1.32.0
(34/52) Wrote github.com/docker/distribution@3800056b8832cf6075e78b282ac010131d8687bc
(35/52) Wrote github.com/Azure/azure-sdk-for-go@26132835cbefa2669a306b777f34b929b56aa0a2
(36/52) Wrote github.com/gorilla/mux@v1.6.1
(37/52) Wrote github.com/gorilla/context@v1.1
(38/52) Wrote github.com/theupdateframework/notary@master
(39/52) Wrote golang.org/x/sys@master
(40/52) Wrote github.com/containerd/containerd@v1.0.2
(41/52) Wrote golang.org/x/net@master
(42/52) Wrote github.com/golang/protobuf@v1.0.0
(43/52) Wrote google.golang.org/appengine@v1.0.0
(44/52) Wrote golang.org/x/oauth2@master
(45/52) Wrote golang.org/x/crypto@master
(46/52) Wrote github.com/gophercloud/gophercloud@master
(47/52) Wrote google.golang.org/api@master
(48/52) Wrote github.com/gogo/protobuf@v1.0.0
(49/52) Wrote github.com/moby/vpnkit@v0.2.0
(50/52) Wrote github.com/linuxkit/linuxkit@master
(51/52) Wrote github.com/aws/aws-sdk-go@v1.12.79
(52/52) Wrote github.com/docker/docker@ba99c19b593bdb9e7b90793681fe89b0a91781ed
make[1]: Leaving directory '/home/zededa-ci/src/zenbuild/build-tools'
make -C build-pkgs
make[1]: Entering directory '/home/zededa-ci/src/zenbuild/build-pkgs'
Building "zededa/build-pkgs_abuild:7ae4d9f9fa290963de466d5ed96d6c9318354824"
7ae4d9f9fa290963de466d5ed96d6c9318354824: Pulling from zededa/build-pkgs_abuild
Digest: sha256:d8de31b2b439b28602ea727539340e235c411953de00fee6e51aec919a53e466
Status: Image is up to date for zededa/build-pkgs_abuild:7ae4d9f9fa290963de466d5ed96d6c9318354824
Building "zededa/build-pkgs_uefi:a3362428c518fb4db1a136a961bd17e8a66fb693"
a3362428c518fb4db1a136a961bd17e8a66fb693: Pulling from zededa/build-pkgs_uefi
Digest: sha256:551ca905d3f137281edee985de9038b7d459b066d1e06fab87e016508b75a464
Status: Image is up to date for zededa/build-pkgs_uefi:a3362428c518fb4db1a136a961bd17e8a66fb693
make[1]: Leaving directory '/home/zededa-ci/src/zenbuild/build-pkgs'
make -C pkg
make[1]: Entering directory '/home/zededa-ci/src/zenbuild/pkg'
(cd ..; ./parse-pkgs.sh pkg/kmod_pfring/Dockerfile.in > pkg/kmod_pfring/Dockerfile)
(cd ..; ./parse-pkgs.sh pkg/qrexec-lib/Dockerfile.in > pkg/qrexec-lib/Dockerfile)
(cd ..; ./parse-pkgs.sh pkg/qrexec-dom0/Dockerfile.in > pkg/qrexec-dom0/Dockerfile)
(cd ..; ./parse-pkgs.sh pkg/zedctr/Dockerfile.in > pkg/zedctr/Dockerfile)
(cd ..; ./parse-pkgs.sh pkg/test-conf/Dockerfile.in > pkg/test-conf/Dockerfile)
(cd ..; ./parse-pkgs.sh pkg/mkflash/Dockerfile.in > pkg/mkflash/Dockerfile)
(cd ..; ./parse-pkgs.sh pkg/mkimage-iso-efi/Dockerfile.in > pkg/mkimage-iso-efi/Dockerfile)
(cd ..; ./parse-pkgs.sh pkg/mkimage-raw-efi//Dockerfile.in > pkg/mkimage-raw-efi//Dockerfile)
Building "zededa/grub:a83a89ea3b7f890696e759027bb10a0572248aef"
a83a89ea3b7f890696e759027bb10a0572248aef: Pulling from zededa/grub
Digest: sha256:13baa3f5f815be0c6e2fa45e2f78f57fdb98b63dd076e74d9dcd60fde9dab103
Status: Image is up to date for zededa/grub:a83a89ea3b7f890696e759027bb10a0572248aef
Building "zededa/xen:07f48fb845ebcbb4327b6493875a846d0e4ffd3b"
07f48fb845ebcbb4327b6493875a846d0e4ffd3b: Pulling from zededa/xen
Digest: sha256:c8b8389a2abf741dacda34dc25fd3a29454dd90d0bc9f89e4f6ae41001d76946
Status: Image is up to date for zededa/xen:07f48fb845ebcbb4327b6493875a846d0e4ffd3b
Building "zededa/kernel:2f3f0ca93049e132867b9f9a836848e6ecc03f4b"
2f3f0ca93049e132867b9f9a836848e6ecc03f4b: Pulling from zededa/kernel
Digest: sha256:3eff66f1abc70306b4e0ebae65f8b4df66ab0ed4626ed2046205ff01e5a17d17
Status: Image is up to date for zededa/kernel:2f3f0ca93049e132867b9f9a836848e6ecc03f4b
Building "zededa/kmod_pfring:21d2619aba445c8fdecf2afe1d2201f0ac4db2aa"
21d2619aba445c8fdecf2afe1d2201f0ac4db2aa: Pulling from zededa/kmod_pfring
Digest: sha256:4f2c1756085e214680cc6f78d7137773496ac5d997ebaf9eecaba320ccb19d25
Status: Image is up to date for zededa/kmod_pfring:21d2619aba445c8fdecf2afe1d2201f0ac4db2aa
Building "zededa/xen-tools:39c66bfb8fa3128310f9c5b3322fd64819d9e215"
39c66bfb8fa3128310f9c5b3322fd64819d9e215: Pulling from zededa/xen-tools
Digest: sha256:2a76e16a316d0bad85b310f2d4d8c6eb5dad5acfb4e5229ed04e7e8179af8add
Status: Image is up to date for zededa/xen-tools:39c66bfb8fa3128310f9c5b3322fd64819d9e215
Building "zededa/dnsmasq:e2de7e6a478850d931724f951f877cd507d77358"
e2de7e6a478850d931724f951f877cd507d77358: Pulling from zededa/dnsmasq
Digest: sha256:ffd5aa9dccf23e759478da4589f0a647e333fd6034691cbe8a57bf25d45d2663
Status: Image is up to date for zededa/dnsmasq:e2de7e6a478850d931724f951f877cd507d77358
Building "zededa/gpt-tools:f0be39997551891e81c6edc38acc20f61077287b"
f0be39997551891e81c6edc38acc20f61077287b: Pulling from zededa/gpt-tools
Digest: sha256:2b060f749a08dd331a21277d0c1851912ace5d501782f99df36e3a585710f4ae
Status: Image is up to date for zededa/gpt-tools:f0be39997551891e81c6edc38acc20f61077287b
Building "zededa/dom0-ztools:8136078abdf52ea3bb3a489702b2d47d2a30aca6"
8136078abdf52ea3bb3a489702b2d47d2a30aca6: Pulling from zededa/dom0-ztools
Digest: sha256:c59e1042d5f259a9c21a3feed536f3894f92c5fc5ba075a28f8d094f87478275
Status: Image is up to date for zededa/dom0-ztools:8136078abdf52ea3bb3a489702b2d47d2a30aca6
Building "zededa/qrexec-lib:2e0df0df95f86df6953d7d2e7729213b77fd7206"
2e0df0df95f86df6953d7d2e7729213b77fd7206: Pulling from zededa/qrexec-lib
Digest: sha256:739d5c48e4479003f0dbfddd8b98a2028be513deb70af727752905263ac2d53d
Status: Image is up to date for zededa/qrexec-lib:2e0df0df95f86df6953d7d2e7729213b77fd7206
Building "zededa/qrexec-dom0:2c3cf9b135409690eaa86092c41f7c800d398468"
2c3cf9b135409690eaa86092c41f7c800d398468: Pulling from zededa/qrexec-dom0
Digest: sha256:157d51bbe858847ef6d82ae4719ced5976a9a7098336a4a6e49830d33f868ab3
Status: Image is up to date for zededa/qrexec-dom0:2c3cf9b135409690eaa86092c41f7c800d398468
Building "zededa/wwan:addf826bbc6885c0a28cd8f018f69cadaca4674f"
addf826bbc6885c0a28cd8f018f69cadaca4674f: Pulling from zededa/wwan
Digest: sha256:4bbb9cfb02dee943d602a3c344f33c40b0d2c94ff035a0f58336c67b2a9a72bd
Status: Image is up to date for zededa/wwan:addf826bbc6885c0a28cd8f018f69cadaca4674f
Building "zededa/wlan:cfd366430df0620df11b2af7f3d9d63d617a5903"
cfd366430df0620df11b2af7f3d9d63d617a5903: Pulling from zededa/wlan
Digest: sha256:35c3b0eaef07370509074cbaf7ddcbd78e64115b22417faeb5bff386fb52481b
Status: Image is up to date for zededa/wlan:cfd366430df0620df11b2af7f3d9d63d617a5903
Building "zededa/watchdog:3e77cbcffbf4f71309bab82500039967bca0d189"
3e77cbcffbf4f71309bab82500039967bca0d189: Pulling from zededa/watchdog
Digest: sha256:b8e2bf72873ee5128a0146a25dfeb1d8548d753e9f35f8e760d6e8b33fca0d5c
Status: Image is up to date for zededa/watchdog:3e77cbcffbf4f71309bab82500039967bca0d189
Building "zededa/zedctr:f5d8d01b7c3727b48838b53c3e91835bf58ddde9"
f5d8d01b7c3727b48838b53c3e91835bf58ddde9: Pulling from zededa/zedctr
Digest: sha256:4860a3e2678be6e63cdec019705daa07666f931bb69b275851383ae3aa26cc05
Status: Image is up to date for zededa/zedctr:f5d8d01b7c3727b48838b53c3e91835bf58ddde9
Building "zededa/test-conf:f90db01a283c22ee7ff47f67195fc5673a2e952f"
f90db01a283c22ee7ff47f67195fc5673a2e952f: Pulling from zededa/test-conf
Digest: sha256:2359b38d7e7dda43b1ea104fc87284f62750cea7d348577df5f5e54f65558343
Status: Image is up to date for zededa/test-conf:f90db01a283c22ee7ff47f67195fc5673a2e952f
Building "zededa/mkrootfs-ext4:3ac05eda5dc3d0ea7298480b8363e93393effa35"
3ac05eda5dc3d0ea7298480b8363e93393effa35: Pulling from zededa/mkrootfs-ext4
Digest: sha256:dd6697e7a8e68892fa5def39fa0a9a0e91949b7d29d50208c51b680af7169b6e
Status: Image is up to date for zededa/mkrootfs-ext4:3ac05eda5dc3d0ea7298480b8363e93393effa35
Building "zededa/mkrootfs-squash:a036fd84fb2fd0bb3d1df9209522af8de0189a75"
a036fd84fb2fd0bb3d1df9209522af8de0189a75: Pulling from zededa/mkrootfs-squash
Digest: sha256:9e6abe4716641f2559dc7c94338f9ba2f5819b80057179736accfc9896499958
Status: Image is up to date for zededa/mkrootfs-squash:a036fd84fb2fd0bb3d1df9209522af8de0189a75
Building "zededa/mkflash:c9d56f7b811cfb17b5a4651beea2b4e10819b953"
c9d56f7b811cfb17b5a4651beea2b4e10819b953: Pulling from zededa/mkflash
Digest: sha256:ca21e686522e3b76f4297b9ae4971d83e8aa6322ba6075f14065377a757c2410
Status: Image is up to date for zededa/mkflash:c9d56f7b811cfb17b5a4651beea2b4e10819b953
Building "zededa/mkimage-iso-efi:11694010143cc163cb8fe07be51863dfef435970"
11694010143cc163cb8fe07be51863dfef435970: Pulling from zededa/mkimage-iso-efi
Digest: sha256:ffee2e235b9a32691907a00aa1a242c18fe174deab0d8dfe3941a18998cf1a73
Status: Image is up to date for zededa/mkimage-iso-efi:11694010143cc163cb8fe07be51863dfef435970
Building "zededa/mkimage-raw-efi:02ce01fe028811c42dff8597dc8427649aae0f4b"
02ce01fe028811c42dff8597dc8427649aae0f4b: Pulling from zededa/mkimage-raw-efi
Digest: sha256:8f546fa97aba84140a7d30db8ec9e9d988f81c482c56ff91f9837d04cdfb19c1
Status: Image is up to date for zededa/mkimage-raw-efi:02ce01fe028811c42dff8597dc8427649aae0f4b
make[1]: Leaving directory '/home/zededa-ci/src/zenbuild/pkg'
./parse-pkgs.sh images/fallback.yml.in > images/fallback.yml
./makerootfs.sh images/fallback.yml squash rootfs.img
Extract kernel image: zededa/kernel:2f3f0ca93049e132867b9f9a836848e6ecc03f4b-arm64
Pull image: zededa/kernel:2f3f0ca93049e132867b9f9a836848e6ecc03f4b-arm64
Add init containers:
Process init image: zededa/grub:a83a89ea3b7f890696e759027bb10a0572248aef-arm64
Pull image: zededa/grub:a83a89ea3b7f890696e759027bb10a0572248aef-arm64
Process init image: zededa/xen:07f48fb845ebcbb4327b6493875a846d0e4ffd3b-arm64
Pull image: zededa/xen:07f48fb845ebcbb4327b6493875a846d0e4ffd3b-arm64
Process init image: zededa/gpt-tools:f0be39997551891e81c6edc38acc20f61077287b-arm64
Pull image: zededa/gpt-tools:f0be39997551891e81c6edc38acc20f61077287b-arm64
Process init image: zededa/dom0-ztools:8136078abdf52ea3bb3a489702b2d47d2a30aca6-arm64
Pull image: zededa/dom0-ztools:8136078abdf52ea3bb3a489702b2d47d2a30aca6-arm64
Process init image: linuxkit/init:7804129bd06218b72c298139a25698a748d253c6
Pull image: docker.io/linuxkit/init:7804129bd06218b72c298139a25698a748d253c6@sha256:ef6fc4b292497790d99ed3102371fdd28b44900aca8b99f5fa9af96b5b7c7195
Process init image: linuxkit/runc:a1b564248a0d0b118c11e61db9f84ecf41dd2d2a
Pull image: docker.io/linuxkit/runc:a1b564248a0d0b118c11e61db9f84ecf41dd2d2a@sha256:ebca5a92cafa4436e0e49fc3c526350940c7a0c301978e7bd8b2b65e2b139e33
Process init image: linuxkit/containerd:417f83f7b8dc1fa36acf90effe44f99c7397480a
Pull image: docker.io/linuxkit/containerd:417f83f7b8dc1fa36acf90effe44f99c7397480a@sha256:3bae1819f4a2c1b7e3c1aa659b6182f7d0ee4ff470056d3fea4d39e4f428e97f
Process init image: linuxkit/getty:bf6872ce0a9f3ab519b3e502cc41ba3958bda2a6
Pull image: docker.io/linuxkit/getty:bf6872ce0a9f3ab519b3e502cc41ba3958bda2a6@sha256:bfd10897996f541ad46270bd640ef14919ccfeea13dc3ab80639bcdebfed24f6
Process init image: zededa/kmod_pfring:21d2619aba445c8fdecf2afe1d2201f0ac4db2aa-arm64
Pull image: zededa/kmod_pfring:21d2619aba445c8fdecf2afe1d2201f0ac4db2aa-arm64
Add onboot containers:
  Create OCI config for linuxkit/sysctl:4c1ef93bb5eb1a877318db4b2daa6768ed002e21
Pull image: docker.io/linuxkit/sysctl:4c1ef93bb5eb1a877318db4b2daa6768ed002e21@sha256:ba090d2c2fe8282081c89eb784ffb6e1281efb9ac284f92e08f2698b417c9ea1
  Create OCI config for linuxkit/modprobe:v0.2
Pull image: docker.io/linuxkit/modprobe:v0.2@sha256:6658084ee53b93887cc756e9ffe4b8da8eac2ba930a11762689b813936e9b8f2
Add service containers:
  Create OCI config for linuxkit/dhcpcd:0d59a6cc03412289ef4313f2491ec666c1715cc9
Pull image: docker.io/linuxkit/dhcpcd:0d59a6cc03412289ef4313f2491ec666c1715cc9@sha256:181211d5fac4f2a40f9559be99aa61ee53a5b2c78375ce5750c2b29f0a9eb870
  Create OCI config for linuxkit/openntpd:536e5947607c9e6a6771957c2ff817230cba0d3c
Pull image: docker.io/linuxkit/openntpd:536e5947607c9e6a6771957c2ff817230cba0d3c@sha256:0b55240ecc0758d11e20191cab68cc57dfb2676ebb58b405ac168547c176dd0c
  Create OCI config for zededa/wwan:addf826bbc6885c0a28cd8f018f69cadaca4674f-arm64
Pull image: zededa/wwan:addf826bbc6885c0a28cd8f018f69cadaca4674f-arm64
  Create OCI config for zededa/wlan:cfd366430df0620df11b2af7f3d9d63d617a5903-arm64
Pull image: zededa/wlan:cfd366430df0620df11b2af7f3d9d63d617a5903-arm64
  Create OCI config for zededa/zedctr:f5d8d01b7c3727b48838b53c3e91835bf58ddde9-arm64
Pull image: zededa/zedctr:f5d8d01b7c3727b48838b53c3e91835bf58ddde9-arm64
time="2018-04-12T00:38:40+02:00" level=fatal msg="Failed to create OCI spec for zededa/zedctr:f5d8d01b7c3727b48838b53c3e91835bf58ddde9-arm64: Error response from daemon: pull access denied for zededa/zedctr, repository does not exist or may require 'docker login'"
containers/services/wlan/runtime.json: Truncated input file (needed 77 bytes, only 0 available)
bsdtar: Error exit delayed from previous errors.
Makefile:60: recipe for target 'rootfs.img' failed
make: *** [rootfs.img] Error 1
