Already up-to-date.
make -C build-tools all
make[1]: Entering directory '/home/zededa-ci/src/zenbuild/build-tools'
make[1]: Nothing to be done for 'all'.
make[1]: Leaving directory '/home/zededa-ci/src/zenbuild/build-tools'
From github.com:zededa/go-provision
   eb8c6a3..1cd267f  master     -> origin/master
 * [new branch]      bridge     -> origin/bridge
   b656ec5..0d0b29e  fixes      -> origin/fixes
Updating eb8c6a3..1cd267f
Fast-forward
 cmd/client/client.go           |   4 +-
 cmd/downloader/downloader.go   |   4 +-
 cmd/zedagent/parseconfig.go    | 131 +++++++++++++++++++++++----------------
 cmd/zedrouter/dnsmasq.go       |  37 +++++++----
 cmd/zedrouter/networkobject.go | 137 ++++++++++++++++++++++++++---------------
 cmd/zedrouter/service.go       |  64 +++++++++++++------
 cmd/zedrouter/zedrouter.go     |  56 ++++++++++-------
 pubsub/pubsub.go               |  46 +++++++++-----
 types/zedroutertypes.go        |   1 -
 9 files changed, 305 insertions(+), 175 deletions(-)
Already up-to-date.
Building and pushing "zededa/lisp:90c65e909f68f7a3cd83b8a322bc2577fdb4c4d3"
90c65e909f68f7a3cd83b8a322bc2577fdb4c4d3: Pulling from zededa/lisp
Digest: sha256:491e1aca5e4721f8c3c24038bc6336df969d0be37bf8f62d52b64a92c49a67fb
Status: Downloaded newer image for zededa/lisp:90c65e909f68f7a3cd83b8a322bc2577fdb4c4d3
Building and pushing "zededa/lisp:latest"
Sending build context to Docker daemon  8.324MB
Step 1/19 : FROM golang:1.9.1-alpine AS go-build
 ---> cc52d0ad4cce
Step 2/19 : RUN apk update
 ---> Using cache
 ---> b0202011f9d2
Step 3/19 : RUN apk add --no-cache git gcc linux-headers libc-dev libpcap-dev
 ---> Using cache
 ---> e1e8ea822b21
Step 4/19 : ADD . /go/src/github.com/zededa/lisp
 ---> c73973326258
Step 5/19 : RUN go install github.com/zededa/lisp/cmd/...
 ---> Running in 397a5246aef0
 ---> 9749f6675243
Removing intermediate container 397a5246aef0
Step 6/19 : FROM alpine:3.6
 ---> a9277cb286bb
Step 7/19 : ARG LISP_URL=https://www.dropbox.com/s/ogfu5gaw550rlkq/zededa.tgz
 ---> Using cache
 ---> 05352bb40768
Step 8/19 : RUN apk add --no-cache curl gcc linux-headers libc-dev python python-dev libffi-dev openssl-dev libpcap-dev iproute2 tcpdump ethtool ip6tables
 ---> Using cache
 ---> e1ffed809ecd
Step 9/19 : RUN mkdir /lisp ; cd /lisp ; curl --insecure -L $LISP_URL | gzip -dc | tar -xf -
 ---> Using cache
 ---> b74fb79f59d8
Step 10/19 : ADD scripts/sudo /usr/bin/sudo
 ---> Using cache
 ---> ba5842e1ea9a
Step 11/19 : ADD conf scripts/RESTART-LISP scripts/RUN-LISP.rtr1 scripts/RUN-LISP scripts/STOP-LISP scripts/CONFIG-SVC scripts/RL scripts/pslisp /lisp/
 ---> Using cache
 ---> 7a0f3e174b47
Step 12/19 : RUN python /lisp/get-pip.py
 ---> Using cache
 ---> dddbab6b6502
Step 13/19 : RUN pip install -r /lisp/pip-requirements.txt
 ---> Using cache
 ---> 0969b926612e
Step 14/19 : RUN echo 'PS1="`hostname | cut -d . -f 0` > "' >> /root/.profile
 ---> Using cache
 ---> 59f25d33ce93
Step 15/19 : COPY --from=go-build /go/bin/dataplane /lisp/lisp-ztr
 ---> Using cache
 ---> 48d4a390118f
Step 16/19 : EXPOSE 8080
 ---> Using cache
 ---> be0381922ba6
Step 17/19 : WORKDIR /lisp
 ---> Using cache
 ---> c183cdbe4699
Step 18/19 : CMD ./CONFIG-SVC ; ./RL ; sleep 5 ; tail -f ./logs/*
 ---> Using cache
 ---> d2b7516520c6
Step 19/19 : LABEL org.mobyproject.linuxkit.revision 'unknown' org.mobyproject.linuxkit.version 'unknown' org.opencontainers.image.revision 'c91a556e34244c1749a9b4428910d30005403777' org.opencontainers.image.source 'https://github.com/linuxkit/linuxkit'
 ---> Using cache
 ---> 728d5e20c810
Successfully built 728d5e20c810
Successfully tagged zededa/lisp:latest-arm64
Pushing zededa/lisp:latest-arm64
The push refers to a repository [docker.io/zededa/lisp]
1b245ab55e25: Preparing
8b52a2df9852: Preparing
0948be7ebca8: Preparing
48dbb1b0c065: Preparing
e51c9199a643: Preparing
777a8e5f6da6: Preparing
09f3faa80e02: Preparing
c01bcecf27be: Preparing
7678a2257549: Preparing
199db0687ace: Preparing
777a8e5f6da6: Waiting
09f3faa80e02: Waiting
c01bcecf27be: Waiting
7678a2257549: Waiting
199db0687ace: Waiting
e51c9199a643: Layer already exists
1b245ab55e25: Layer already exists
48dbb1b0c065: Layer already exists
0948be7ebca8: Layer already exists
8b52a2df9852: Layer already exists
09f3faa80e02: Layer already exists
c01bcecf27be: Layer already exists
7678a2257549: Layer already exists
777a8e5f6da6: Layer already exists
199db0687ace: Layer already exists
latest-arm64: digest: sha256:959c0ca2bf7c83bdbbd70100d8fe8d1f6bc61e9a28211b5af31b3f48c639d7ae size: 2415
Pushing zededa/lisp:latest-arm64 to manifest zededa/lisp:latest
time="2018-06-22T08:00:35+02:00" level=warning msg="Couldn't find or access image reference \"zededa/lisp:latest-s390x\". Skipping image."
Digest: sha256:1025dc33e4288d3e0837859af8420eb7f6de033e61778cfe1b075bfc3fb175e4 743
Not signing zededa/lisp:latest
Build and push complete, not releasing, all done.
Building and pushing "zededa/ztools:d61d85a252af95189c033aed08eb0980d3e21914"
d61d85a252af95189c033aed08eb0980d3e21914: Pulling from zededa/ztools
no matching manifest for linux/arm64 in the manifest list entries
No image pulled, continuing with build
Sending build context to Docker daemon  21.68MB
Step 1/33 : FROM golang:1.9.1-alpine AS build
 ---> cc52d0ad4cce
Step 2/33 : RUN apk update
 ---> Using cache
 ---> b0202011f9d2
Step 3/33 : RUN apk add --no-cache git gcc linux-headers libc-dev util-linux
 ---> Using cache
 ---> 648257fc5dd9
Step 4/33 : ADD ./ /go/src/github.com/zededa/go-provision/
 ---> b4f1437158e3
Step 5/33 : ADD etc /config
 ---> ef7b446ba702
Step 6/33 : ADD scripts/device-steps.sh scripts/find-uplink.sh scripts/generate-device.sh scripts/generate-self-signed.sh scripts/handlezedserverconfig.sh /opt/zededa/bin/
 ---> 7e4c44918f61
Step 7/33 : ADD examples /opt/zededa/examples
 ---> fdfa084d42d0
Step 8/33 : ADD AssignableAdapters /var/tmp/zededa/AssignableAdapters
 ---> a3b17e52f608
Step 9/33 : ADD DeviceNetworkConfig /var/tmp/zededa/DeviceNetworkConfig
 ---> 33003fc4d1b4
Step 10/33 : ADD lisp.config.base /var/tmp/zededa/lisp.config.base
 ---> 4943f5258729
Step 11/33 : RUN (cd ./src/github.com/zededa/go-provision/; scripts/getversion.sh >/opt/zededa/bin/versioninfo)
 ---> Running in 831722fd7253
 ---> c8dd6ffb8f7b
Removing intermediate container 831722fd7253
Step 12/33 : RUN cp /opt/zededa/bin/versioninfo /opt/zededa/bin/versioninfo.1
 ---> Running in 157323280b07
 ---> a84175836960
Removing intermediate container 157323280b07
Step 13/33 : RUN echo Building: `cat /opt/zededa/bin/versioninfo`
 ---> Running in 8c3dbd6553e1
Building: 20180314-test-1cd267f1-2018-06-22.06.01
 ---> 972795f41b8c
Removing intermediate container 8c3dbd6553e1
Step 14/33 : RUN go install github.com/zededa/go-provision/zedbox/...
 ---> Running in edb8c2f12914
 ---> cf84f16c1055
Removing intermediate container edb8c2f12914
Step 15/33 : RUN cd /opt/zededa/bin ; ln -s /go/bin/* .
 ---> Running in cac4202550d8
 ---> 9832ab9ef035
Removing intermediate container cac4202550d8
Step 16/33 : RUN cd /opt/zededa/bin ; ln -s zedbox client; ln -s zedbox domainmgr; ln -s zedbox downloader; ln -s zedbox eidregister; ln -s zedbox hardwaremodel; ln -s zedbox identitymgr; ln -s zedbox ledmanager; ln -s zedbox logmanager; ln -s zedbox verifier; ln -s zedbox zedagent; ln -s zedbox zedmanager; ln -s zedbox zedrouter
 ---> Running in e5c2d54d4c06
 ---> 0e2681c31821
Removing intermediate container e5c2d54d4c06
Step 17/33 : FROM zededa/lisp:latest AS lisp
 ---> 8c611457d2fd
Step 18/33 : FROM scratch
 ---> 
Step 19/33 : COPY --from=build /opt/zededa/bin /opt/zededa/bin
 ---> 3072d24252c1
Step 20/33 : COPY --from=build /opt/zededa/examples /opt/zededa/examples
 ---> e77149cda8d2
Step 21/33 : COPY --from=build /var/tmp/zededa/AssignableAdapters /var/tmp/zededa/AssignableAdapters
 ---> 6687870cdbab
Step 22/33 : COPY --from=build /var/tmp/zededa/DeviceNetworkConfig /var/tmp/zededa/DeviceNetworkConfig
 ---> c86a4fa3bfb1
Step 23/33 : COPY --from=build /var/tmp/zededa/lisp.config.base /var/tmp/zededa/lisp.config.base
 ---> a889e413395b
Step 24/33 : COPY --from=build /config /opt/zededa/examples/config
 ---> c98e99f5b66c
Step 25/33 : COPY --from=build /go/bin/* /opt/zededa/bin/
 ---> 414422c5e069
Step 26/33 : COPY --from=lisp /lisp/lisp-ztr /opt/zededa/bin/
COPY failed: stat /var/lib/docker/btrfs/subvolumes/8fbc5466023671373444ed19bcc23169d1d87a9407f995f0ba4079716b6202c2/lisp/lisp-ztr: no such file or directory
exit status 1
Building and pushing "zededa/ztools:latest"
Sending build context to Docker daemon  21.68MB
Step 1/33 : FROM golang:1.9.1-alpine AS build
 ---> cc52d0ad4cce
Step 2/33 : RUN apk update
 ---> Using cache
 ---> b0202011f9d2
Step 3/33 : RUN apk add --no-cache git gcc linux-headers libc-dev util-linux
 ---> Using cache
 ---> 648257fc5dd9
Step 4/33 : ADD ./ /go/src/github.com/zededa/go-provision/
 ---> Using cache
 ---> b4f1437158e3
Step 5/33 : ADD etc /config
 ---> Using cache
 ---> ef7b446ba702
Step 6/33 : ADD scripts/device-steps.sh scripts/find-uplink.sh scripts/generate-device.sh scripts/generate-self-signed.sh scripts/handlezedserverconfig.sh /opt/zededa/bin/
 ---> Using cache
 ---> 7e4c44918f61
Step 7/33 : ADD examples /opt/zededa/examples
 ---> Using cache
 ---> fdfa084d42d0
Step 8/33 : ADD AssignableAdapters /var/tmp/zededa/AssignableAdapters
 ---> Using cache
 ---> a3b17e52f608
Step 9/33 : ADD DeviceNetworkConfig /var/tmp/zededa/DeviceNetworkConfig
 ---> Using cache
 ---> 33003fc4d1b4
Step 10/33 : ADD lisp.config.base /var/tmp/zededa/lisp.config.base
 ---> Using cache
 ---> 4943f5258729
Step 11/33 : RUN (cd ./src/github.com/zededa/go-provision/; scripts/getversion.sh >/opt/zededa/bin/versioninfo)
 ---> Using cache
 ---> c8dd6ffb8f7b
Step 12/33 : RUN cp /opt/zededa/bin/versioninfo /opt/zededa/bin/versioninfo.1
 ---> Using cache
 ---> a84175836960
Step 13/33 : RUN echo Building: `cat /opt/zededa/bin/versioninfo`
 ---> Using cache
 ---> 972795f41b8c
Step 14/33 : RUN go install github.com/zededa/go-provision/zedbox/...
 ---> Using cache
 ---> cf84f16c1055
Step 15/33 : RUN cd /opt/zededa/bin ; ln -s /go/bin/* .
 ---> Using cache
 ---> 9832ab9ef035
Step 16/33 : RUN cd /opt/zededa/bin ; ln -s zedbox client; ln -s zedbox domainmgr; ln -s zedbox downloader; ln -s zedbox eidregister; ln -s zedbox hardwaremodel; ln -s zedbox identitymgr; ln -s zedbox ledmanager; ln -s zedbox logmanager; ln -s zedbox verifier; ln -s zedbox zedagent; ln -s zedbox zedmanager; ln -s zedbox zedrouter
 ---> Using cache
 ---> 0e2681c31821
Step 17/33 : FROM zededa/lisp:latest AS lisp
 ---> 8c611457d2fd
Step 18/33 : FROM scratch
 ---> 
Step 19/33 : COPY --from=build /opt/zededa/bin /opt/zededa/bin
 ---> Using cache
 ---> 3072d24252c1
Step 20/33 : COPY --from=build /opt/zededa/examples /opt/zededa/examples
 ---> Using cache
 ---> e77149cda8d2
Step 21/33 : COPY --from=build /var/tmp/zededa/AssignableAdapters /var/tmp/zededa/AssignableAdapters
 ---> Using cache
 ---> 6687870cdbab
Step 22/33 : COPY --from=build /var/tmp/zededa/DeviceNetworkConfig /var/tmp/zededa/DeviceNetworkConfig
 ---> Using cache
 ---> c86a4fa3bfb1
Step 23/33 : COPY --from=build /var/tmp/zededa/lisp.config.base /var/tmp/zededa/lisp.config.base
 ---> Using cache
 ---> a889e413395b
Step 24/33 : COPY --from=build /config /opt/zededa/examples/config
 ---> Using cache
 ---> c98e99f5b66c
Step 25/33 : COPY --from=build /go/bin/* /opt/zededa/bin/
 ---> Using cache
 ---> 414422c5e069
Step 26/33 : COPY --from=lisp /lisp/lisp-ztr /opt/zededa/bin/
COPY failed: stat /var/lib/docker/btrfs/subvolumes/967f3cc782ed149b0749fca873060ecd841509c7b8f6d99bc6da78d19bc35c2e/lisp/lisp-ztr: no such file or directory
exit status 1
make: Entering directory '/home/zededa-ci/src/zenbuild/pkg'
(cd ..; ./parse-pkgs.sh pkg/qrexec-lib/Dockerfile.in > pkg/qrexec-lib/Dockerfile)
(cd ..; ./parse-pkgs.sh pkg/qrexec-dom0/Dockerfile.in > pkg/qrexec-dom0/Dockerfile)
(cd ..; ./parse-pkgs.sh pkg/zedctr/Dockerfile.in > pkg/zedctr/Dockerfile)
(cd ..; ./parse-pkgs.sh pkg/mkconf/Dockerfile.in > pkg/mkconf/Dockerfile)
Building and pushing "zededa/grub:35eb3c470422d1bced11f3457ea8ff432d9f0590"
35eb3c470422d1bced11f3457ea8ff432d9f0590: Pulling from zededa/grub
Digest: sha256:6cd267b4fdc5cd2a9b7ff7a98087051d26b58d6d703e06c9901e12c60505cf68
Status: Image is up to date for zededa/grub:35eb3c470422d1bced11f3457ea8ff432d9f0590
Building and pushing "zededa/xen:07f48fb845ebcbb4327b6493875a846d0e4ffd3b"
07f48fb845ebcbb4327b6493875a846d0e4ffd3b: Pulling from zededa/xen
Digest: sha256:9495b7e0bf6ac771b9581694fa517c79c467377bb3834685f02f3bdf548190be
Status: Image is up to date for zededa/xen:07f48fb845ebcbb4327b6493875a846d0e4ffd3b
Building and pushing "zededa/kernel:e8accf1611206572eef0d8e24fa325e6488bdc7b"
e8accf1611206572eef0d8e24fa325e6488bdc7b: Pulling from zededa/kernel
Digest: sha256:5852347d838a993013f115d2d3ddd01f6890062fbf49dab9138c48b2b4f97e5c
Status: Image is up to date for zededa/kernel:e8accf1611206572eef0d8e24fa325e6488bdc7b
Building and pushing "zededa/xen-tools:ccc3ab24a38b4680bdbe4c204cc628026e7584a7"
ccc3ab24a38b4680bdbe4c204cc628026e7584a7: Pulling from zededa/xen-tools
Digest: sha256:42953f7af8477117cfd4732167d1ff1ffb7ac5f47051143b9d2c200d6c2dc98b
Status: Image is up to date for zededa/xen-tools:ccc3ab24a38b4680bdbe4c204cc628026e7584a7
Building and pushing "zededa/dnsmasq:e2de7e6a478850d931724f951f877cd507d77358"
e2de7e6a478850d931724f951f877cd507d77358: Pulling from zededa/dnsmasq
Digest: sha256:4837b9913437c3311f5eaf4e6288f193a41bf475a24f0e3ed96e7e0ebf7f14af
Status: Image is up to date for zededa/dnsmasq:e2de7e6a478850d931724f951f877cd507d77358
Building and pushing "zededa/strongswan:87e22a7c5b4f6f604bd8db6c5e44e0b1a27cb1e5"
87e22a7c5b4f6f604bd8db6c5e44e0b1a27cb1e5: Pulling from zededa/strongswan
Digest: sha256:e6d22cc3e13600b77dec28c2cdc8ece1c2e0c202cb4a26188c4459d0301f5d9b
Status: Image is up to date for zededa/strongswan:87e22a7c5b4f6f604bd8db6c5e44e0b1a27cb1e5
Building and pushing "zededa/gpt-tools:f0be39997551891e81c6edc38acc20f61077287b"
f0be39997551891e81c6edc38acc20f61077287b: Pulling from zededa/gpt-tools
Digest: sha256:8efde3a21d832294ec111dd5e8b156e016e1843b7331e31fd34aaec7e5cf7e0a
Status: Image is up to date for zededa/gpt-tools:f0be39997551891e81c6edc38acc20f61077287b
Building and pushing "zededa/dom0-ztools:c6d8f2123c748379add5d3dbbac23e3630131760"
c6d8f2123c748379add5d3dbbac23e3630131760: Pulling from zededa/dom0-ztools
Digest: sha256:20682cf32f7d42f72fc3fb0bec8bbb8b28b12ef24ba8628eab587d6710d42ef5
Status: Image is up to date for zededa/dom0-ztools:c6d8f2123c748379add5d3dbbac23e3630131760
Building and pushing "zededa/qrexec-lib:2e0df0df95f86df6953d7d2e7729213b77fd7206"
2e0df0df95f86df6953d7d2e7729213b77fd7206: Pulling from zededa/qrexec-lib
Digest: sha256:c67be2ae74df9df68c42f87e8fa6f5c09841517fa5c9e2685ed7893857163c2c
Status: Image is up to date for zededa/qrexec-lib:2e0df0df95f86df6953d7d2e7729213b77fd7206
Building and pushing "zededa/qrexec-dom0:2c3cf9b135409690eaa86092c41f7c800d398468"
2c3cf9b135409690eaa86092c41f7c800d398468: Pulling from zededa/qrexec-dom0
Digest: sha256:4789060748d9ca3f3e33a31cb089aec797e3427b183fd4eaf1910896a01ba11d
Status: Image is up to date for zededa/qrexec-dom0:2c3cf9b135409690eaa86092c41f7c800d398468
Building and pushing "zededa/wwan:addf826bbc6885c0a28cd8f018f69cadaca4674f"
addf826bbc6885c0a28cd8f018f69cadaca4674f: Pulling from zededa/wwan
Digest: sha256:0dcf1fdff6cb8a4df7da25a1d0c80ce758f469f80e8dd59f6cb0f801fb676064
Status: Image is up to date for zededa/wwan:addf826bbc6885c0a28cd8f018f69cadaca4674f
Building and pushing "zededa/wlan:cfd366430df0620df11b2af7f3d9d63d617a5903"
cfd366430df0620df11b2af7f3d9d63d617a5903: Pulling from zededa/wlan
Digest: sha256:641dbf64cb41e3bf9ef740d4125300f2c96eb649aba239f23595344fdc839fac
Status: Image is up to date for zededa/wlan:cfd366430df0620df11b2af7f3d9d63d617a5903
Building and pushing "zededa/watchdog:3e77cbcffbf4f71309bab82500039967bca0d189"
3e77cbcffbf4f71309bab82500039967bca0d189: Pulling from zededa/watchdog
Digest: sha256:4607e395788c445aebd51a4cd6127de828029f565d3e1d65b56668ff66a60d45
Status: Image is up to date for zededa/watchdog:3e77cbcffbf4f71309bab82500039967bca0d189
Building and pushing "zededa/device-trees:1bca882c64827de08bba9aa7713441b2b4d7ca8d"
1bca882c64827de08bba9aa7713441b2b4d7ca8d: Pulling from zededa/device-trees
Digest: sha256:633a8d6650050e3d128b3d44e70c93adeb0dddfab1261269eabe64eaf2173d81
Status: Image is up to date for zededa/device-trees:1bca882c64827de08bba9aa7713441b2b4d7ca8d
Building and pushing "zededa/zedctr:d4953285c6c5ea0dce2e64bf840e29eee1ae2615"
d4953285c6c5ea0dce2e64bf840e29eee1ae2615: Pulling from zededa/zedctr
Digest: sha256:90561f855d45c34b41229381114bb7fde564ac9ae5d3679638b17ed480b53637
Status: Downloaded newer image for zededa/zedctr:d4953285c6c5ea0dce2e64bf840e29eee1ae2615
Building and pushing "zededa/conf:4992a3a63c95b0e446c681a0deaca7a071aba709"
4992a3a63c95b0e446c681a0deaca7a071aba709: Pulling from zededa/conf
Digest: sha256:c1ee0f9ac20c9f49c70e16f892fd37258bf2c7567ad2de976dd5f67a982b324a
Status: Image is up to date for zededa/conf:4992a3a63c95b0e446c681a0deaca7a071aba709
Building and pushing "zededa/mkrootfs-ext4:5f77cd6a2b87a3a9927593763da1941dbed1ce80"
5f77cd6a2b87a3a9927593763da1941dbed1ce80: Pulling from zededa/mkrootfs-ext4
Digest: sha256:dde944fb6507c3a230ac5d15d0bc11db194286e276ac50913515a69e2e2c933d
Status: Image is up to date for zededa/mkrootfs-ext4:5f77cd6a2b87a3a9927593763da1941dbed1ce80
Building and pushing "zededa/mkrootfs-squash:b47d705603f5f0d3765b03cf583e1a7fd287f212"
b47d705603f5f0d3765b03cf583e1a7fd287f212: Pulling from zededa/mkrootfs-squash
Digest: sha256:c983454763003736ee372074ab84f80745aa40ae18245f250985f2c593d4a707
Status: Image is up to date for zededa/mkrootfs-squash:b47d705603f5f0d3765b03cf583e1a7fd287f212
Building and pushing "zededa/mkflash:362411f3b96bd6054f97237f5a7382912aebb349"
362411f3b96bd6054f97237f5a7382912aebb349: Pulling from zededa/mkflash
Digest: sha256:b03191ae8badd063541f2eea5d62a84b3a5f605d1533091f45ec752bd013108d
Status: Image is up to date for zededa/mkflash:362411f3b96bd6054f97237f5a7382912aebb349
Building and pushing "zededa/mkimage-iso-efi:49a6ff8320ce088460c8acb6f36bc15b15d800e9"
49a6ff8320ce088460c8acb6f36bc15b15d800e9: Pulling from zededa/mkimage-iso-efi
Digest: sha256:30c22ebf5ce49c8b9197e00936143ba511aa27b5fde11df0dcbd1806cb98ac35
Status: Image is up to date for zededa/mkimage-iso-efi:49a6ff8320ce088460c8acb6f36bc15b15d800e9
make: Leaving directory '/home/zededa-ci/src/zenbuild/pkg'
make: Entering directory '/home/zededa-ci/src/zenbuild/pkg'
(cd ..; ./parse-pkgs.sh pkg/zedctr//Dockerfile.in > pkg/zedctr//Dockerfile)
Building and pushing "zededa/zedctr:d4953285c6c5ea0dce2e64bf840e29eee1ae2615"
Sending build context to Docker daemon  16.38kB
Step 1/20 : FROM zededa/ztools:latest as ztools
 ---> 6341cd92336a
Step 2/20 : FROM zededa/xen-tools:ccc3ab24a38b4680bdbe4c204cc628026e7584a7-arm64 as xen-tools
 ---> 9338796f340c
Step 3/20 : FROM zededa/dnsmasq:e2de7e6a478850d931724f951f877cd507d77358-arm64 as dnsmasq
 ---> 1a0a9313ef5f
Step 4/20 : FROM zededa/strongswan:87e22a7c5b4f6f604bd8db6c5e44e0b1a27cb1e5-arm64 as strongswan
 ---> 3728b3727ab7
Step 5/20 : FROM zededa/gpt-tools:f0be39997551891e81c6edc38acc20f61077287b-arm64 as gpttools
 ---> bb17a51a6442
Step 6/20 : FROM zededa/watchdog:3e77cbcffbf4f71309bab82500039967bca0d189-arm64 as watchdog
 ---> 57e0cb5696a7
Step 7/20 : FROM alpine:3.6
 ---> a9277cb286bb
Step 8/20 : RUN apk add --no-cache     yajl xz bash openssl iptables ip6tables iproute2     apk-cron coreutils dmidecode sudo libbz2 libuuid ipset     libpcap libaio logrotate pixman glib curl radvd perl ethtool     openssh-server util-linux e2fsprogs libcrypto1.0
 ---> Running in c2d2051ab96d
fetch http://dl-cdn.alpinelinux.org/alpine/v3.6/main/aarch64/APKINDEX.tar.gz
fetch http://dl-cdn.alpinelinux.org/alpine/v3.6/community/aarch64/APKINDEX.tar.gz
(1/53) Installing apk-cron (1.0-r0)
(2/53) Installing ncurses-terminfo-base (6.0_p20171125-r0)
(3/53) Installing ncurses-terminfo (6.0_p20171125-r0)
(4/53) Installing ncurses-libs (6.0_p20171125-r0)
(5/53) Installing readline (6.3.008-r5)
(6/53) Installing bash (4.3.48-r1)
Executing bash-4.3.48-r1.post-install
(7/53) Installing libattr (2.4.47-r6)
(8/53) Installing libacl (2.2.52-r3)
(9/53) Installing coreutils (8.27-r0)
(10/53) Installing ca-certificates (20161130-r2)
(11/53) Installing libssh2 (1.8.0-r1)
(12/53) Installing libcurl (7.60.0-r1)
(13/53) Installing curl (7.60.0-r1)
(14/53) Installing dmidecode (3.0-r0)
(15/53) Installing libuuid (2.28.2-r2)
(16/53) Installing libblkid (2.28.2-r2)
(17/53) Installing libcom_err (1.43.4-r0)
(18/53) Installing e2fsprogs-libs (1.43.4-r0)
(19/53) Installing e2fsprogs (1.43.4-r0)
(20/53) Installing ethtool (4.10-r0)
(21/53) Installing libffi (3.2.1-r3)
(22/53) Installing libintl (0.19.8.1-r1)
(23/53) Installing libmount (2.28.2-r2)
(24/53) Installing pcre (8.41-r0)
(25/53) Installing glib (2.52.1-r0)
(26/53) Installing libmnl (1.0.4-r0)
(27/53) Installing libnftnl-libs (1.0.7-r0)
(28/53) Installing iptables (1.6.1-r0)
(29/53) Installing ip6tables (1.6.1-r0)
(30/53) Installing libelf (0.8.13-r2)
(31/53) Installing iproute2 (4.10.0-r1)
Executing iproute2-4.10.0-r1.post-install
(32/53) Installing ipset (6.32-r3)
(33/53) Installing libaio (0.3.110-r0)
(34/53) Installing libbz2 (1.0.6-r5)
(35/53) Installing libcrypto1.0 (1.0.2o-r0)
(36/53) Installing libpcap (1.8.1-r0)
(37/53) Installing popt (1.16-r6)
(38/53) Installing logrotate (3.12.2-r0)
(39/53) Installing openssh-keygen (7.5_p1-r2)
(40/53) Installing openssh-server (7.5_p1-r2)
(41/53) Installing libssl1.0 (1.0.2o-r0)
(42/53) Installing openssl (1.0.2o-r0)
(43/53) Installing perl (5.24.4-r0)
(44/53) Installing pixman (0.34.0-r0)
(45/53) Installing radvd (2.15-r0)
Executing radvd-2.15-r0.pre-install
(46/53) Installing sudo (1.8.19_p2-r0)
(47/53) Installing libsmartcols (2.28.2-r2)
(48/53) Installing findmnt (2.28.2-r2)
(49/53) Installing libfdisk (2.28.2-r2)
(50/53) Installing util-linux (2.28.2-r2)
(51/53) Installing xz-libs (5.2.3-r0)
(52/53) Installing xz (5.2.3-r0)
(53/53) Installing yajl (2.1.0-r0)
Executing busybox-1.26.2-r5.trigger
Executing ca-certificates-20161130-r2.trigger
Executing glib-2.52.1-r0.trigger
OK: 73 MiB in 64 packages
 ---> 4c235219c71b
Removing intermediate container c2d2051ab96d
Step 9/20 : RUN [ `uname -m` = "aarch64" ] && apk add --no-cache libfdt || :
 ---> Running in 6b3fac9551c3
fetch http://dl-cdn.alpinelinux.org/alpine/v3.6/main/aarch64/APKINDEX.tar.gz
fetch http://dl-cdn.alpinelinux.org/alpine/v3.6/community/aarch64/APKINDEX.tar.gz
(1/1) Installing libfdt (1.4.4-r0)
OK: 73 MiB in 65 packages
 ---> de20f5b8f2e8
Removing intermediate container 6b3fac9551c3
Step 10/20 : RUN ln -s libpcap.so.1 /usr/lib/libpcap.so
 ---> Running in 4ef9bbd1a51c
 ---> 5e71c968a750
Removing intermediate container 4ef9bbd1a51c
Step 11/20 : RUN ssh-keygen -A ; echo PermitRootLogin yes >> /etc/ssh/sshd_config ; sed -ie '/^root/s#^.*$#root:$6$Ndt1G5AYZFQ8rz7m$7vGZMKKotSYxwxk/.jMfuOCzxw0I3DNedygaQaLF7kYSYsLqiBHhmc8RJSXp8/VxSYPpgYSz/8fkv0hO6I4js.:17477:0:::::#' /etc/shadow
 ---> Running in 43eae49e6f36
ssh-keygen: generating new host keys: RSA DSA ECDSA ED25519 
 ---> c1d459fed97c
Removing intermediate container 43eae49e6f36
Step 12/20 : COPY --from=xen-tools / /
 ---> 1cdab6a8484b
Step 13/20 : COPY --from=ztools / /
 ---> bfe8b884979b
Step 14/20 : COPY --from=gpttools / /
 ---> 5733ae72ad7d
Step 15/20 : COPY --from=dnsmasq /usr/sbin/dnsmasq /opt/zededa/bin/dnsmasq
 ---> e7419b9256fd
Step 16/20 : COPY --from=strongswan / /
 ---> 80de5b105f56
Step 17/20 : COPY --from=watchdog /usr/sbin /usr/sbin
 ---> c7a0f0404b28
Step 18/20 : COPY rootfs/ /
 ---> a07ef6e12c05
Step 19/20 : CMD /init.sh
 ---> Running in 6795ee195aea
 ---> 13b27e2ea81f
Removing intermediate container 6795ee195aea
Step 20/20 : LABEL org.mobyproject.config '{"capabilities":["all"],"binds":["/dev:/dev","/etc/resolv.conf:/etc/resolv.conf","/run:/run","/var/log:/var/log/dom0","/:/hostfs"],"net":"host","pid":"host"}' org.mobyproject.linuxkit.revision 'unknown' org.mobyproject.linuxkit.version 'unknown' org.opencontainers.image.revision 'a9911b9be9a8c3401bfef4a46e386e19c33accea' org.opencontainers.image.source 'https://github.com/linuxkit/linuxkit'
 ---> Running in 5c70a8b232e2
 ---> f32cf22757d2
Removing intermediate container 5c70a8b232e2
Successfully built f32cf22757d2
Successfully tagged zededa/zedctr:d4953285c6c5ea0dce2e64bf840e29eee1ae2615-arm64
Pushing zededa/zedctr:d4953285c6c5ea0dce2e64bf840e29eee1ae2615-arm64
The push refers to a repository [docker.io/zededa/zedctr]
ad17d696927e: Preparing
ad59c4b4b163: Preparing
53259aa5ec50: Preparing
955817637d2e: Preparing
3edd81ed8cbc: Preparing
981b7b269978: Preparing
ea863c8b2659: Preparing
4994c37be3de: Preparing
cc62ae1f7761: Preparing
6669086268ec: Preparing
067118070dec: Preparing
7678a2257549: Preparing
199db0687ace: Preparing
4994c37be3de: Waiting
cc62ae1f7761: Waiting
6669086268ec: Waiting
067118070dec: Waiting
7678a2257549: Waiting
199db0687ace: Waiting
981b7b269978: Waiting
ea863c8b2659: Waiting
ad17d696927e: Layer already exists
3edd81ed8cbc: Layer already exists
53259aa5ec50: Layer already exists
981b7b269978: Layer already exists
ea863c8b2659: Layer already exists
ad59c4b4b163: Pushed
cc62ae1f7761: Pushed
7678a2257549: Layer already exists
4994c37be3de: Pushed
199db0687ace: Layer already exists
6669086268ec: Pushed
955817637d2e: Pushed
067118070dec: Pushed
d4953285c6c5ea0dce2e64bf840e29eee1ae2615-arm64: digest: sha256:068200b584bb8e90313356d2a0efad8091e3b838356a59409ce263b518c0602b size: 3047
Pushing zededa/zedctr:d4953285c6c5ea0dce2e64bf840e29eee1ae2615-arm64 to manifest zededa/zedctr:d4953285c6c5ea0dce2e64bf840e29eee1ae2615
time="2018-06-22T08:04:39+02:00" level=warning msg="Couldn't find or access image reference \"zededa/zedctr:d4953285c6c5ea0dce2e64bf840e29eee1ae2615-s390x\". Skipping image."
Digest: sha256:2f5a2f746f283d8e9055af0be8d2a72b54c16fae8e62b42f07a3390186570a57 743
Not signing zededa/zedctr:d4953285c6c5ea0dce2e64bf840e29eee1ae2615
Build and push complete, not releasing, all done.
make: Leaving directory '/home/zededa-ci/src/zenbuild/pkg'
make: Entering directory '/home/zededa-ci/src/zenbuild/build-pkgs'
Building and pushing "zededa/build-pkgs_abuild:7ae4d9f9fa290963de466d5ed96d6c9318354824"
7ae4d9f9fa290963de466d5ed96d6c9318354824: Pulling from zededa/build-pkgs_abuild
Digest: sha256:6b128844f5ca92dd2c1ab69701fd6d65cc954934074aa23a8b1c5a16cafca7bd
Status: Image is up to date for zededa/build-pkgs_abuild:7ae4d9f9fa290963de466d5ed96d6c9318354824
Building and pushing "zededa/build-pkgs_uefi:a3362428c518fb4db1a136a961bd17e8a66fb693"
a3362428c518fb4db1a136a961bd17e8a66fb693: Pulling from zededa/build-pkgs_uefi
Digest: sha256:e5b5282993c40b2eb160b8c6d2a916e3fa5e372367ce2d972633184dee99701a
Status: Image is up to date for zededa/build-pkgs_uefi:a3362428c518fb4db1a136a961bd17e8a66fb693
make: Leaving directory '/home/zededa-ci/src/zenbuild/build-pkgs'
cd bios ; _() { C=`docker create $1 fake` ; docker export $C | tar -xf - $2 ; docker rm $C ; } ; _ zededa/build-pkgs_uefi:a3362428c518fb4db1a136a961bd17e8a66fb693-arm64 OVMF.fd
a667bb1ccb7e4254423ec6dcc729f750d14e7bec13af057cd04ef9a3d006d3db
make -C build-tools all
make[1]: Entering directory '/home/zededa-ci/src/zenbuild/build-tools'
make[1]: Nothing to be done for 'all'.
make[1]: Leaving directory '/home/zededa-ci/src/zenbuild/build-tools'
tee: /dev/tty: No such device or address
d4953285c6c5ea0dce2e64bf840e29eee1ae2615-arm64: Pulling from zededa/zedctr
Digest: sha256:068200b584bb8e90313356d2a0efad8091e3b838356a59409ce263b518c0602b
Status: Image is up to date for zededa/zedctr:d4953285c6c5ea0dce2e64bf840e29eee1ae2615-arm64
DOCKER_ARCH_TAG="arm64" ./parse-pkgs.sh images/installer.yml.in > images/installer.yml
# the following is a horrible hack that needs to go away ASAP
if [ "aarch64" != `uname -m` ] ; then \
           sed -e '/source:/s#rootfs.img#rootfs_aarch64.img#' \
               -e '/command:/s#/dev/sda#/dev/vda#' -i.orig images/installer.yml ;\
   echo "WARNING: We are assembling a aarch64 image on `uname -m`. Things may break." ;\
        fi
DOCKER_ARCH_TAG="arm64" ./parse-pkgs.sh images/rootfs.yml.in > images/rootfs.yml
# the following is a horrible hack that needs to go away ASAP
if [ "aarch64" != `uname -m` ] ; then \
           sed -e '/source:/s#rootfs.img#rootfs_aarch64.img#' \
               -e '/command:/s#/dev/sda#/dev/vda#' -i.orig images/rootfs.yml ;\
   echo "WARNING: We are assembling a aarch64 image on `uname -m`. Things may break." ;\
        fi
./makerootfs.sh images/rootfs.yml squash rootfs_aarch64.img
Extract kernel image: zededa/kernel:e8accf1611206572eef0d8e24fa325e6488bdc7b-arm64
Add init containers:
Process init image: zededa/grub:35eb3c470422d1bced11f3457ea8ff432d9f0590-arm64
Process init image: zededa/device-trees:1bca882c64827de08bba9aa7713441b2b4d7ca8d-arm64
Process init image: zededa/xen:07f48fb845ebcbb4327b6493875a846d0e4ffd3b-arm64
Process init image: zededa/gpt-tools:f0be39997551891e81c6edc38acc20f61077287b-arm64
Process init image: zededa/dom0-ztools:c6d8f2123c748379add5d3dbbac23e3630131760-arm64
Process init image: linuxkit/init:v0.3
Process init image: linuxkit/runc:v0.3
Process init image: linuxkit/containerd:v0.3
Process init image: linuxkit/getty:v0.3
Add onboot containers:
  Create OCI config for linuxkit/sysctl:v0.3
  Create OCI config for linuxkit/modprobe:v0.3
Add service containers:
  Create OCI config for linuxkit/dhcpcd:v0.3
  Create OCI config for linuxkit/openntpd:v0.3
  Create OCI config for zededa/wwan:addf826bbc6885c0a28cd8f018f69cadaca4674f-arm64
  Create OCI config for zededa/wlan:cfd366430df0620df11b2af7f3d9d63d617a5903-arm64
  Create OCI config for zededa/zedctr:d4953285c6c5ea0dce2e64bf840e29eee1ae2615-arm64
Add files:
  /containers/services/zededa-tools/lower/opt/zededa/bin/versioninfo
Parallel mksquashfs: Using 4 processors
Creating 4.0 filesystem on /rootfs.img, block size 131072.
[====\                                                       ]  1200/14696   8%[===========================================================\] 14696/14696 100%

Exportable Squashfs 4.0 filesystem, gzip compressed, data block size 131072
	compressed data, compressed metadata, compressed fragments, compressed xattrs
	duplicates are removed
Filesystem size 161960.37 Kbytes (158.16 Mbytes)
	31.68% of uncompressed filesystem size (511285.29 Kbytes)
Inode table size 155310 bytes (151.67 Kbytes)
	26.03% of uncompressed inode table size (596590 bytes)
Directory table size 159089 bytes (155.36 Kbytes)
	45.10% of uncompressed directory table size (352769 bytes)
Number of duplicate files found 2799
Number of inodes 15896
Number of files 11642
Number of fragments 787
Number of symbolic links  2945
Number of device nodes 8
Number of fifo nodes 0
Number of socket nodes 0
Number of directories 1301
Number of ids (unique uids + gids) 3
Number of uids 1
	root (0)
Number of gids 3
	root (0)
	shadow (42)
	tty (5)
./makeiso.sh images/installer.yml installer_aarch64.iso
Extract kernel image: zededa/kernel:e8accf1611206572eef0d8e24fa325e6488bdc7b-arm64
Add init containers:
Process init image: zededa/grub:35eb3c470422d1bced11f3457ea8ff432d9f0590-arm64
Process init image: zededa/device-trees:1bca882c64827de08bba9aa7713441b2b4d7ca8d-arm64
Process init image: zededa/xen:07f48fb845ebcbb4327b6493875a846d0e4ffd3b-arm64
Process init image: linuxkit/init:v0.3
Process init image: linuxkit/runc:v0.3
Process init image: linuxkit/getty:v0.3
Add onboot containers:
  Create OCI config for zededa/mkflash:362411f3b96bd6054f97237f5a7382912aebb349-arm64
Add files:
  /parts/config.img
  /parts/rootfs.img
time="2018-06-22T08:07:22+02:00" level=fatal msg="failed to add filesystem parts: open rootfs.img: no such file or directory"
xorriso 1.4.6 : RockRidge filesystem manipulator, libburnia project.

Drive current: -outdev 'stdio:linuxkit-efi.iso'
Media current: stdio file, overwriteable
Media status : is blank
Media summary: 0 sessions, 0 data blocks, 0 data,  854g free
Added to ISO image: directory '/'='/tmp/efi'
xorriso : UPDATE : 4673 files added in 1 seconds
xorriso : UPDATE : 4673 files added in 1 seconds
libisofs: NOTE : Cannot arrange content of data files in surely reproducible way
xorriso : UPDATE :  15.59% done
ISO image produced: 100093 sectors
Written to medium : 100093 sectors at LBA 0
Writing to 'stdio:linuxkit-efi.iso' completed successfully.

tar c rootfs_aarch64.img config.img | ./makeflash.sh -C 8192 fallback_aarch64.raw
1+0 records in
1+0 records out
1 byte copied, 0.00664755 s, 0.2 kB/s
+ IMGFILE=/output.img
+ NUMPARTS=9
+ mkdir -p /parts
+ [ -t 0 ]
+ cd /parts
+ bsdtar xzf -
+ ESP_FILE=/tmp/efifs.img
+ cut -f1 -d 
+ echo /parts/rootfs_aarch64.img
+ IMGA_FILE=/parts/rootfs_aarch64.img
+ CONF_FILE=/parts/config.img
+ mount -o loop /parts/rootfs_aarch64.img /mnt
mount: mounting /dev/loop0 on /mnt failed: Invalid argument
Makefile:150: recipe for target 'fallback_aarch64.raw' failed
make: *** [fallback_aarch64.raw] Error 111
make: Entering directory '/home/zededa-ci/src/zenbuild/build-pkgs'
Building and pushing "zededa/zenix:latest"
Sending build context to Docker daemon  517.3MB
Step 1/9 : FROM alpine:edge
 ---> 698b28d4f8d1
Step 2/9 : RUN apk add --no-cache qemu-system-x86_64 qemu-system-aarch64 bash make git
 ---> Using cache
 ---> 5b21459beb8b
Step 3/9 : COPY . /bits/
 ---> Using cache
 ---> c5f345eda82a
Step 4/9 : COPY OVMF.fd /bits/bios/OVMF.fd
 ---> Using cache
 ---> e342e4ec1c5c
Step 5/9 : COPY runme.sh /
 ---> Using cache
 ---> c300c2ff8dc7
Step 6/9 : RUN touch /bits/bios/OVMF.fd
 ---> Using cache
 ---> 85b9a3f966f3
Step 7/9 : WORKDIR /bits
 ---> Using cache
 ---> b59a8adaf13d
Step 8/9 : ENTRYPOINT /runme.sh
 ---> Using cache
 ---> a2c4b6771d85
Step 9/9 : LABEL org.mobyproject.linuxkit.revision 'unknown' org.mobyproject.linuxkit.version 'unknown' org.opencontainers.image.revision 'a9911b9be9a8c3401bfef4a46e386e19c33accea' org.opencontainers.image.source 'https://github.com/linuxkit/linuxkit'
 ---> Using cache
 ---> dde565c0c7ca
Successfully built dde565c0c7ca
Successfully tagged zededa/zenix:latest-arm64
Pushing zededa/zenix:latest-arm64
The push refers to a repository [docker.io/zededa/zenix]
96feea203423: Preparing
c96588d795bb: Preparing
5ef670ff3c99: Preparing
841a93c06d96: Preparing
18d6c5bbfc56: Preparing
7f4507898901: Preparing
2a2e682c36db: Preparing
7f4507898901: Waiting
2a2e682c36db: Waiting
5ef670ff3c99: Layer already exists
c96588d795bb: Layer already exists
96feea203423: Layer already exists
18d6c5bbfc56: Layer already exists
7f4507898901: Layer already exists
2a2e682c36db: Layer already exists
841a93c06d96: Layer already exists
latest-arm64: digest: sha256:b2c894fc9182f1a101fc883d4706ccb22e383476870b1b37b0d8e360d360d5f8 size: 1787
Pushing zededa/zenix:latest-arm64 to manifest zededa/zenix:latest
time="2018-06-22T08:08:20+02:00" level=warning msg="Couldn't find or access image reference \"zededa/zenix:latest-s390x\". Skipping image."
Digest: sha256:9130e91787f9aa6b2798d462041d80e1a7effa7c60e2953c8cef50b242c20230 743
Not signing zededa/zenix:latest
Build and push complete, not releasing, all done.
make: Leaving directory '/home/zededa-ci/src/zenbuild/build-pkgs'
FINISHED
