From https://github.com/zededa/zenbuild
   f165ca5..7086e4e  master     -> origin/master
Updating f165ca5..7086e4e
Fast-forward
 pkg/zedctr/rootfs/etc/logrotate.d/zededa.new | 54 ++++++++++++++++++++++++++++
 1 file changed, 54 insertions(+)
 create mode 100644 pkg/zedctr/rootfs/etc/logrotate.d/zededa.new
make -C build-tools all
make[1]: Entering directory '/home/zededa-ci/src/zenbuild/build-tools'
make[1]: Nothing to be done for 'all'.
make[1]: Leaving directory '/home/zededa-ci/src/zenbuild/build-tools'
From github.com:zededa/go-provision
   14cb36f..ff5fceb  master     -> origin/master
   99d379f..d67505d  bridge     -> origin/bridge
   cbbd24b..cdee58f  fixes      -> origin/fixes
Updating 14cb36f..ff5fceb
Fast-forward
 Gopkg.lock                                         |   8 +-
 cmd/zedagent/parseconfig.go                        |  49 +---
 .../github.com/zededa/api/zconfig/appconfig.pb.go  |   6 +-
 .../github.com/zededa/api/zconfig/devcommon.pb.go  | 116 +++++++--
 .../github.com/zededa/api/zconfig/devconfig.pb.go  |  26 +-
 .../github.com/zededa/api/zconfig/netcmn.pb.go     | 265 +++++----------------
 .../github.com/zededa/api/zconfig/netconfig.pb.go  |  59 +++--
 .../github.com/zededa/api/zconfig/service.pb.go    | 136 +++++++++--
 .../github.com/zededa/api/zconfig/storage.pb.go    |  76 +++++-
 src/vendor/github.com/zededa/api/zconfig/vm.pb.go  |   8 +-
 10 files changed, 401 insertions(+), 348 deletions(-)
Already up-to-date.
Building and pushing "zededa/lisp:8a77fdea276ffe42c259bed8f02510bc347e5d36"
8a77fdea276ffe42c259bed8f02510bc347e5d36: Pulling from zededa/lisp
Digest: sha256:17497c3dcaee554e334d5e30f335b496d5a01e0144a1383b3a86d5baa4141181
Status: Image is up to date for zededa/lisp:8a77fdea276ffe42c259bed8f02510bc347e5d36
Building and pushing "zededa/lisp:latest"
Sending build context to Docker daemon  8.641MB
Step 1/20 : FROM golang:1.9.1-alpine AS go-build
 ---> cc52d0ad4cce
Step 2/20 : RUN apk update
 ---> Using cache
 ---> b0202011f9d2
Step 3/20 : RUN apk add --no-cache git gcc linux-headers libc-dev libpcap-dev
 ---> Using cache
 ---> e1e8ea822b21
Step 4/20 : ADD . /go/src/github.com/zededa/lisp
 ---> Using cache
 ---> e419c8267923
Step 5/20 : RUN go install github.com/zededa/lisp/cmd/...
 ---> Using cache
 ---> 6bd913491cdb
Step 6/20 : FROM alpine:3.6
 ---> a9277cb286bb
Step 7/20 : RUN apk add --no-cache curl gcc linux-headers libc-dev python python-dev libffi-dev openssl-dev libpcap-dev iproute2 tcpdump ethtool ip6tables
 ---> Using cache
 ---> 22c4198640c2
Step 8/20 : RUN mkdir /lisp
 ---> Using cache
 ---> a735a97af9aa
Step 9/20 : ARG LISP_URL=https://www.dropbox.com/s/ogfu5gaw550rlkq/zededa.tgz
 ---> Using cache
 ---> e7b21c08194f
Step 10/20 : RUN cd /lisp ; curl --insecure -L $LISP_URL | gzip -dc | tar -xf -
 ---> Using cache
 ---> cd58f592636e
Step 11/20 : ADD scripts/sudo /usr/bin/sudo
 ---> Using cache
 ---> a1f724579c22
Step 12/20 : ADD conf scripts/RESTART-LISP scripts/RUN-LISP.rtr1 scripts/RUN-LISP scripts/STOP-LISP scripts/CONFIG-SVC scripts/RL scripts/pslisp scripts/log-packets scripts/ping-mesh.py /lisp/
 ---> Using cache
 ---> 4fe73be16015
Step 13/20 : RUN python /lisp/get-pip.py
 ---> Using cache
 ---> a560ddb7a895
Step 14/20 : RUN pip install -r /lisp/pip-requirements.txt
 ---> Using cache
 ---> 7b831b596d45
Step 15/20 : RUN echo 'PS1="`hostname | cut -d . -f 0` > "' >> /root/.profile
 ---> Using cache
 ---> d0a532e12bc1
Step 16/20 : COPY --from=go-build /go/bin/dataplane /lisp/lisp-ztr
 ---> Using cache
 ---> 7435d2ef4529
Step 17/20 : EXPOSE 8080
 ---> Using cache
 ---> 730760c64791
Step 18/20 : WORKDIR /lisp
 ---> Using cache
 ---> b7431579eeeb
Step 19/20 : CMD ./CONFIG-SVC ; ./RL ; sleep 5 ; tail -f ./logs/*
 ---> Using cache
 ---> 11be9099df5d
Step 20/20 : LABEL org.mobyproject.linuxkit.revision 'unknown' org.mobyproject.linuxkit.version 'unknown' org.opencontainers.image.revision '012b54383f3d22c762719f2bb44cf66bf7f9bd8c' org.opencontainers.image.source 'https://github.com/linuxkit/linuxkit'
 ---> Using cache
 ---> 912692eded91
Successfully built 912692eded91
Successfully tagged zededa/lisp:latest-arm64
Pushing zededa/lisp:latest-arm64
The push refers to a repository [docker.io/zededa/lisp]
846cadec08a3: Preparing
6858b46bb78f: Preparing
cdefd3b0bd44: Preparing
323a980c57c4: Preparing
fd719cae9b40: Preparing
d07a0209af0b: Preparing
f40ac4a0be73: Preparing
b2de77c3ccdf: Preparing
7559e6e3855b: Preparing
7678a2257549: Preparing
199db0687ace: Preparing
f40ac4a0be73: Waiting
b2de77c3ccdf: Waiting
7559e6e3855b: Waiting
7678a2257549: Waiting
d07a0209af0b: Waiting
199db0687ace: Waiting
fd719cae9b40: Layer already exists
6858b46bb78f: Layer already exists
cdefd3b0bd44: Layer already exists
846cadec08a3: Layer already exists
323a980c57c4: Layer already exists
d07a0209af0b: Layer already exists
f40ac4a0be73: Layer already exists
b2de77c3ccdf: Layer already exists
7559e6e3855b: Layer already exists
7678a2257549: Layer already exists
199db0687ace: Layer already exists
latest-arm64: digest: sha256:52f18cd4ac25abca179caff9985760ecd11c2e75e7610a9f957de008842418c1 size: 2621
Pushing zededa/lisp:latest-arm64 to manifest zededa/lisp:latest
time="2018-07-19T08:00:20+02:00" level=warning msg="Couldn't find or access image reference \"zededa/lisp:latest-s390x\". Skipping image."
Digest: sha256:5902e9408b80d397e93162de55461b86adc1413a02e43e1979d350fa81b8f4fd 743
Not signing zededa/lisp:latest
Build and push complete, not releasing, all done.
Building and pushing "zededa/ztools:8752e88cff4e8187ac103860aef73a3cb8b1f5c8"
8752e88cff4e8187ac103860aef73a3cb8b1f5c8: Pulling from zededa/ztools
no matching manifest for linux/arm64 in the manifest list entries
No image pulled, continuing with build
Sending build context to Docker daemon  24.76MB
Step 1/33 : FROM golang:1.9.1-alpine AS build
 ---> cc52d0ad4cce
Step 2/33 : RUN apk update
 ---> Using cache
 ---> b0202011f9d2
Step 3/33 : RUN apk add --no-cache git gcc linux-headers libc-dev util-linux
 ---> Using cache
 ---> 648257fc5dd9
Step 4/33 : ADD ./ /go/src/github.com/zededa/go-provision/
 ---> 7cd4eeec2250
Step 5/33 : ADD etc /config
 ---> ff11ddeafa59
Step 6/33 : ADD scripts/device-steps.sh scripts/find-uplink.sh scripts/generate-device.sh scripts/generate-self-signed.sh scripts/handlezedserverconfig.sh /opt/zededa/bin/
 ---> 6725f72c9b4e
Step 7/33 : ADD examples /opt/zededa/examples
 ---> a9dcc74f4f3a
Step 8/33 : ADD AssignableAdapters /var/tmp/zededa/AssignableAdapters
 ---> 8f69af705a54
Step 9/33 : ADD DeviceNetworkConfig /var/tmp/zededa/DeviceNetworkConfig
 ---> 6d4cdfaf4897
Step 10/33 : ADD lisp.config.base /var/tmp/zededa/lisp.config.base
 ---> a5fee1fbc2e0
Step 11/33 : RUN (cd ./src/github.com/zededa/go-provision/; scripts/getversion.sh >/opt/zededa/bin/versioninfo)
 ---> Running in 2939693c9651
 ---> 5b3095ddaa5d
Removing intermediate container 2939693c9651
Step 12/33 : RUN cp /opt/zededa/bin/versioninfo /opt/zededa/bin/versioninfo.1
 ---> Running in d0be3c4faa9a
 ---> 1fc8536ffaf6
Removing intermediate container d0be3c4faa9a
Step 13/33 : RUN echo Building: `cat /opt/zededa/bin/versioninfo`
 ---> Running in c8e244b7d6e5
Building: 20180314-test-ff5fcebf-2018-07-19.06.00
 ---> b46a1b107b67
Removing intermediate container c8e244b7d6e5
Step 14/33 : RUN go install github.com/zededa/go-provision/zedbox/...
 ---> Running in 190e8fdb2a7c
 ---> de2fb8b6d46c
Removing intermediate container 190e8fdb2a7c
Step 15/33 : RUN cd /opt/zededa/bin ; ln -s /go/bin/* .
 ---> Running in 71c930ec84c8
 ---> a0f92bc4afe3
Removing intermediate container 71c930ec84c8
Step 16/33 : RUN cd /opt/zededa/bin ; ln -s zedbox client; ln -s zedbox domainmgr; ln -s zedbox downloader; ln -s zedbox hardwaremodel; ln -s zedbox identitymgr; ln -s zedbox ledmanager; ln -s zedbox logmanager; ln -s zedbox verifier; ln -s zedbox zedagent; ln -s zedbox zedmanager; ln -s zedbox zedrouter
 ---> Running in 892ecbc5c30b
 ---> 72c29c29640c
Removing intermediate container 892ecbc5c30b
Step 17/33 : FROM zededa/lisp:latest AS lisp
 ---> 8c611457d2fd
Step 18/33 : FROM scratch
 ---> 
Step 19/33 : COPY --from=build /opt/zededa/bin /opt/zededa/bin
 ---> abd8c940f248
Step 20/33 : COPY --from=build /opt/zededa/examples /opt/zededa/examples
 ---> f72f38a74b55
Step 21/33 : COPY --from=build /var/tmp/zededa/AssignableAdapters /var/tmp/zededa/AssignableAdapters
 ---> 00c345be7f0e
Step 22/33 : COPY --from=build /var/tmp/zededa/DeviceNetworkConfig /var/tmp/zededa/DeviceNetworkConfig
 ---> 45274c4cca4b
Step 23/33 : COPY --from=build /var/tmp/zededa/lisp.config.base /var/tmp/zededa/lisp.config.base
 ---> a4392ea54897
Step 24/33 : COPY --from=build /config /opt/zededa/examples/config
 ---> 29f5f05dc9c3
Step 25/33 : COPY --from=build /go/bin/* /opt/zededa/bin/
 ---> 5fe340f90c24
Step 26/33 : COPY --from=lisp /lisp/lisp-ztr /opt/zededa/bin/
COPY failed: stat /var/lib/docker/btrfs/subvolumes/bb933cb8f5b2242310da8fa2231fff72085ccfa3a900d0aefa50d369a9adf282/lisp/lisp-ztr: no such file or directory
exit status 1
Building and pushing "zededa/ztools:latest"
Sending build context to Docker daemon  24.76MB
Step 1/33 : FROM golang:1.9.1-alpine AS build
 ---> cc52d0ad4cce
Step 2/33 : RUN apk update
 ---> Using cache
 ---> b0202011f9d2
Step 3/33 : RUN apk add --no-cache git gcc linux-headers libc-dev util-linux
 ---> Using cache
 ---> 648257fc5dd9
Step 4/33 : ADD ./ /go/src/github.com/zededa/go-provision/
 ---> Using cache
 ---> 7cd4eeec2250
Step 5/33 : ADD etc /config
 ---> Using cache
 ---> ff11ddeafa59
Step 6/33 : ADD scripts/device-steps.sh scripts/find-uplink.sh scripts/generate-device.sh scripts/generate-self-signed.sh scripts/handlezedserverconfig.sh /opt/zededa/bin/
 ---> Using cache
 ---> 6725f72c9b4e
Step 7/33 : ADD examples /opt/zededa/examples
 ---> Using cache
 ---> a9dcc74f4f3a
Step 8/33 : ADD AssignableAdapters /var/tmp/zededa/AssignableAdapters
 ---> Using cache
 ---> 8f69af705a54
Step 9/33 : ADD DeviceNetworkConfig /var/tmp/zededa/DeviceNetworkConfig
 ---> Using cache
 ---> 6d4cdfaf4897
Step 10/33 : ADD lisp.config.base /var/tmp/zededa/lisp.config.base
 ---> Using cache
 ---> a5fee1fbc2e0
Step 11/33 : RUN (cd ./src/github.com/zededa/go-provision/; scripts/getversion.sh >/opt/zededa/bin/versioninfo)
 ---> Using cache
 ---> 5b3095ddaa5d
Step 12/33 : RUN cp /opt/zededa/bin/versioninfo /opt/zededa/bin/versioninfo.1
 ---> Using cache
 ---> 1fc8536ffaf6
Step 13/33 : RUN echo Building: `cat /opt/zededa/bin/versioninfo`
 ---> Using cache
 ---> b46a1b107b67
Step 14/33 : RUN go install github.com/zededa/go-provision/zedbox/...
 ---> Using cache
 ---> de2fb8b6d46c
Step 15/33 : RUN cd /opt/zededa/bin ; ln -s /go/bin/* .
 ---> Using cache
 ---> a0f92bc4afe3
Step 16/33 : RUN cd /opt/zededa/bin ; ln -s zedbox client; ln -s zedbox domainmgr; ln -s zedbox downloader; ln -s zedbox hardwaremodel; ln -s zedbox identitymgr; ln -s zedbox ledmanager; ln -s zedbox logmanager; ln -s zedbox verifier; ln -s zedbox zedagent; ln -s zedbox zedmanager; ln -s zedbox zedrouter
 ---> Using cache
 ---> 72c29c29640c
Step 17/33 : FROM zededa/lisp:latest AS lisp
 ---> 8c611457d2fd
Step 18/33 : FROM scratch
 ---> 
Step 19/33 : COPY --from=build /opt/zededa/bin /opt/zededa/bin
 ---> Using cache
 ---> abd8c940f248
Step 20/33 : COPY --from=build /opt/zededa/examples /opt/zededa/examples
 ---> Using cache
 ---> f72f38a74b55
Step 21/33 : COPY --from=build /var/tmp/zededa/AssignableAdapters /var/tmp/zededa/AssignableAdapters
 ---> Using cache
 ---> 00c345be7f0e
Step 22/33 : COPY --from=build /var/tmp/zededa/DeviceNetworkConfig /var/tmp/zededa/DeviceNetworkConfig
 ---> Using cache
 ---> 45274c4cca4b
Step 23/33 : COPY --from=build /var/tmp/zededa/lisp.config.base /var/tmp/zededa/lisp.config.base
 ---> Using cache
 ---> a4392ea54897
Step 24/33 : COPY --from=build /config /opt/zededa/examples/config
 ---> Using cache
 ---> 29f5f05dc9c3
Step 25/33 : COPY --from=build /go/bin/* /opt/zededa/bin/
 ---> Using cache
 ---> 5fe340f90c24
Step 26/33 : COPY --from=lisp /lisp/lisp-ztr /opt/zededa/bin/
COPY failed: stat /var/lib/docker/btrfs/subvolumes/ffe564bfb039f5bd425e2ca99731e224ccca3e80a8ee48cf32f241d3a0dae6ec/lisp/lisp-ztr: no such file or directory
exit status 1
make: Entering directory '/home/zededa-ci/src/zenbuild/pkg'
(cd ..; ./parse-pkgs.sh pkg/qrexec-lib/Dockerfile.in > pkg/qrexec-lib/Dockerfile)
(cd ..; ./parse-pkgs.sh pkg/qrexec-dom0/Dockerfile.in > pkg/qrexec-dom0/Dockerfile)
(cd ..; ./parse-pkgs.sh pkg/zedctr/Dockerfile.in > pkg/zedctr/Dockerfile)
(cd ..; ./parse-pkgs.sh pkg/mkconf/Dockerfile.in > pkg/mkconf/Dockerfile)
Building and pushing "zededa/grub:35eb3c470422d1bced11f3457ea8ff432d9f0590"
35eb3c470422d1bced11f3457ea8ff432d9f0590: Pulling from zededa/grub
Digest: sha256:bf150f0621da1766807be28c1815d77478dba09b2cba03481e5f3ac4f78e0848
Status: Image is up to date for zededa/grub:35eb3c470422d1bced11f3457ea8ff432d9f0590
Building and pushing "zededa/xen:07f48fb845ebcbb4327b6493875a846d0e4ffd3b"
07f48fb845ebcbb4327b6493875a846d0e4ffd3b: Pulling from zededa/xen
Digest: sha256:923dc69ac18c19d3d22b5772bb7ba000d34d2c4b78b2a5570372db2ab068278a
Status: Image is up to date for zededa/xen:07f48fb845ebcbb4327b6493875a846d0e4ffd3b
Building and pushing "zededa/kernel:e8accf1611206572eef0d8e24fa325e6488bdc7b"
e8accf1611206572eef0d8e24fa325e6488bdc7b: Pulling from zededa/kernel
Digest: sha256:6d1919e26d088a59df02d26fb2b446a93ee7e1eeefd30d52658f81e8ac69de2d
Status: Image is up to date for zededa/kernel:e8accf1611206572eef0d8e24fa325e6488bdc7b
Building and pushing "zededa/xen-tools:ccc3ab24a38b4680bdbe4c204cc628026e7584a7"
ccc3ab24a38b4680bdbe4c204cc628026e7584a7: Pulling from zededa/xen-tools
Digest: sha256:f21f13f68fbbb05d60e57d93c01d1d2f24d5b6dfd24e80cfb5b6cbcd443b8f28
Status: Image is up to date for zededa/xen-tools:ccc3ab24a38b4680bdbe4c204cc628026e7584a7
Building and pushing "zededa/dnsmasq:e2de7e6a478850d931724f951f877cd507d77358"
e2de7e6a478850d931724f951f877cd507d77358: Pulling from zededa/dnsmasq
Digest: sha256:41a49e0dda5409d017f77a009780af01726da90a6abaccecacdf8f07db3417a0
Status: Image is up to date for zededa/dnsmasq:e2de7e6a478850d931724f951f877cd507d77358
Building and pushing "zededa/strongswan:3957eaaa64beb65e946494bab989e861f34811cb"
3957eaaa64beb65e946494bab989e861f34811cb: Pulling from zededa/strongswan
Digest: sha256:dbb68b5d308cfb401a56435f970c6eb084ef23ab02b799b661aea034717ec742
Status: Image is up to date for zededa/strongswan:3957eaaa64beb65e946494bab989e861f34811cb
Building and pushing "zededa/gpt-tools:f0be39997551891e81c6edc38acc20f61077287b"
f0be39997551891e81c6edc38acc20f61077287b: Pulling from zededa/gpt-tools
Digest: sha256:5c8bcc500088c129e2cd37b5723c526f0d9c079222577f23ff77de7aade66135
Status: Image is up to date for zededa/gpt-tools:f0be39997551891e81c6edc38acc20f61077287b
Building and pushing "zededa/dom0-ztools:c6d8f2123c748379add5d3dbbac23e3630131760"
c6d8f2123c748379add5d3dbbac23e3630131760: Pulling from zededa/dom0-ztools
Digest: sha256:012ebc5590697b091e4303bde292e22ec91188850baf0d23c83a2d3909408704
Status: Image is up to date for zededa/dom0-ztools:c6d8f2123c748379add5d3dbbac23e3630131760
Building and pushing "zededa/qrexec-lib:2e0df0df95f86df6953d7d2e7729213b77fd7206"
2e0df0df95f86df6953d7d2e7729213b77fd7206: Pulling from zededa/qrexec-lib
Digest: sha256:92f4a633747b6561c078032dd7815559a892e1920402fd71157177d413713a16
Status: Image is up to date for zededa/qrexec-lib:2e0df0df95f86df6953d7d2e7729213b77fd7206
Building and pushing "zededa/qrexec-dom0:2c3cf9b135409690eaa86092c41f7c800d398468"
2c3cf9b135409690eaa86092c41f7c800d398468: Pulling from zededa/qrexec-dom0
Digest: sha256:3ba20a0fefa8250d250140dc8e3dbd0e1f3b0fd26169aef1f158e02ad894ef30
Status: Image is up to date for zededa/qrexec-dom0:2c3cf9b135409690eaa86092c41f7c800d398468
Building and pushing "zededa/wwan:addf826bbc6885c0a28cd8f018f69cadaca4674f"
addf826bbc6885c0a28cd8f018f69cadaca4674f: Pulling from zededa/wwan
Digest: sha256:58e925aed079fa88fda64e4251786a6a9e8960a7cadb3b9651d7c725f098bfc4
Status: Image is up to date for zededa/wwan:addf826bbc6885c0a28cd8f018f69cadaca4674f
Building and pushing "zededa/wlan:cfd366430df0620df11b2af7f3d9d63d617a5903"
cfd366430df0620df11b2af7f3d9d63d617a5903: Pulling from zededa/wlan
Digest: sha256:2730d20f93a0b3d0a8407f861ca422ec0c65bbe22979c48a0e210937e8233bcf
Status: Image is up to date for zededa/wlan:cfd366430df0620df11b2af7f3d9d63d617a5903
Building and pushing "zededa/watchdog:3e77cbcffbf4f71309bab82500039967bca0d189"
3e77cbcffbf4f71309bab82500039967bca0d189: Pulling from zededa/watchdog
Digest: sha256:588746a44b6a88f60545e5714f7da409299419f93632e2b95db8485fb0b9b2aa
Status: Image is up to date for zededa/watchdog:3e77cbcffbf4f71309bab82500039967bca0d189
Building and pushing "zededa/device-trees:1bca882c64827de08bba9aa7713441b2b4d7ca8d"
1bca882c64827de08bba9aa7713441b2b4d7ca8d: Pulling from zededa/device-trees
Digest: sha256:aed7c0450c81e89299a50e566e4120c50e3cc8d88fa1c4ea70029e88c0721173
Status: Image is up to date for zededa/device-trees:1bca882c64827de08bba9aa7713441b2b4d7ca8d
Building and pushing "zededa/zedctr:2cf65d8bd262339579880b2f60e349ab921cbcdb"
2cf65d8bd262339579880b2f60e349ab921cbcdb: Pulling from zededa/zedctr
no matching manifest for linux/arm64 in the manifest list entries
No image pulled, continuing with build
Sending build context to Docker daemon  17.92kB
Step 1/20 : FROM zededa/ztools:latest as ztools
 ---> 6341cd92336a
Step 2/20 : FROM zededa/xen-tools:ccc3ab24a38b4680bdbe4c204cc628026e7584a7-arm64 as xen-tools
 ---> 9338796f340c
Step 3/20 : FROM zededa/dnsmasq:e2de7e6a478850d931724f951f877cd507d77358-arm64 as dnsmasq
 ---> 1a0a9313ef5f
Step 4/20 : FROM zededa/strongswan:3957eaaa64beb65e946494bab989e861f34811cb-arm64 as strongswan
 ---> c9bc0d3f0642
Step 5/20 : FROM zededa/gpt-tools:f0be39997551891e81c6edc38acc20f61077287b-arm64 as gpttools
 ---> bb17a51a6442
Step 6/20 : FROM zededa/watchdog:3e77cbcffbf4f71309bab82500039967bca0d189-arm64 as watchdog
 ---> 57e0cb5696a7
Step 7/20 : FROM alpine:3.6
 ---> a9277cb286bb
Step 8/20 : RUN apk add --no-cache     yajl xz bash openssl iptables ip6tables iproute2     apk-cron coreutils dmidecode sudo libbz2 libuuid ipset     libpcap libaio logrotate pixman glib curl radvd perl ethtool     openssh-server util-linux e2fsprogs libcrypto1.0
 ---> Using cache
 ---> 7c5e9c6b411a
Step 9/20 : RUN [ `uname -m` = "aarch64" ] && apk add --no-cache libfdt || :
 ---> Using cache
 ---> 609292f6cd5f
Step 10/20 : RUN ln -s libpcap.so.1 /usr/lib/libpcap.so
 ---> Using cache
 ---> 5f0be01d1987
Step 11/20 : RUN ssh-keygen -A ; echo PermitRootLogin yes >> /etc/ssh/sshd_config ; sed -ie '/^root/s#^.*$#root:$6$Ndt1G5AYZFQ8rz7m$7vGZMKKotSYxwxk/.jMfuOCzxw0I3DNedygaQaLF7kYSYsLqiBHhmc8RJSXp8/VxSYPpgYSz/8fkv0hO6I4js.:17477:0:::::#' /etc/shadow
 ---> Using cache
 ---> 9e969ec3a466
Step 12/20 : COPY --from=xen-tools / /
 ---> Using cache
 ---> 7c0dd8e880ad
Step 13/20 : COPY --from=ztools / /
 ---> Using cache
 ---> 5e7734e94f74
Step 14/20 : COPY --from=gpttools / /
 ---> Using cache
 ---> f31d085868a3
Step 15/20 : COPY --from=dnsmasq /usr/sbin/dnsmasq /opt/zededa/bin/dnsmasq
 ---> Using cache
 ---> 514e79b16500
Step 16/20 : COPY --from=strongswan / /
 ---> Using cache
 ---> 727555209b9e
Step 17/20 : COPY --from=watchdog /usr/sbin /usr/sbin
 ---> Using cache
 ---> 75d619611a1c
Step 18/20 : COPY rootfs/ /
 ---> 299e9eb49ea4
Step 19/20 : CMD /init.sh
 ---> Running in 27d39e067511
 ---> 0a9e45732831
Removing intermediate container 27d39e067511
Step 20/20 : LABEL org.mobyproject.config '{"capabilities":["all"],"binds":["/dev:/dev","/etc/resolv.conf:/etc/resolv.conf","/run:/run","/var/log:/var/log/dom0","/:/hostfs"],"net":"host","pid":"host"}' org.mobyproject.linuxkit.revision 'unknown' org.mobyproject.linuxkit.version 'unknown' org.opencontainers.image.revision '7086e4e874b55084b31848a8fb744b3beaf162bc' org.opencontainers.image.source 'https://github.com/linuxkit/linuxkit'
 ---> Running in 49bc5ae3c4f6
 ---> f5c3db57d36e
Removing intermediate container 49bc5ae3c4f6
Successfully built f5c3db57d36e
Successfully tagged zededa/zedctr:2cf65d8bd262339579880b2f60e349ab921cbcdb-arm64
Pushing zededa/zedctr:2cf65d8bd262339579880b2f60e349ab921cbcdb-arm64
The push refers to a repository [docker.io/zededa/zedctr]
b67a74f6ce83: Preparing
6bbe56f28096: Preparing
2395b6a8a790: Preparing
e898beaaa449: Preparing
3edd81ed8cbc: Preparing
981b7b269978: Preparing
ea863c8b2659: Preparing
11482c6021dc: Preparing
0d9607f4192c: Preparing
20749d028c93: Preparing
8b990cdf01a7: Preparing
7678a2257549: Preparing
199db0687ace: Preparing
981b7b269978: Waiting
20749d028c93: Waiting
ea863c8b2659: Waiting
8b990cdf01a7: Waiting
11482c6021dc: Waiting
7678a2257549: Waiting
199db0687ace: Waiting
0d9607f4192c: Waiting
e898beaaa449: Layer already exists
2395b6a8a790: Layer already exists
6bbe56f28096: Layer already exists
3edd81ed8cbc: Layer already exists
ea863c8b2659: Layer already exists
981b7b269978: Layer already exists
11482c6021dc: Layer already exists
0d9607f4192c: Layer already exists
20749d028c93: Layer already exists
7678a2257549: Layer already exists
8b990cdf01a7: Layer already exists
199db0687ace: Layer already exists
b67a74f6ce83: Pushed
2cf65d8bd262339579880b2f60e349ab921cbcdb-arm64: digest: sha256:73d0173510ee86f496f32db97efabd0aa60f5a18926534195e3ad4d924fcc82c size: 3047
Pushing zededa/zedctr:2cf65d8bd262339579880b2f60e349ab921cbcdb-arm64 to manifest zededa/zedctr:2cf65d8bd262339579880b2f60e349ab921cbcdb
time="2018-07-19T08:03:20+02:00" level=warning msg="Couldn't find or access image reference \"zededa/zedctr:2cf65d8bd262339579880b2f60e349ab921cbcdb-s390x\". Skipping image."
Digest: sha256:c9966047fa33d74342d86fa92311f4b241602db15887b6dca25ca8726c309f0b 743
Not signing zededa/zedctr:2cf65d8bd262339579880b2f60e349ab921cbcdb
Build and push complete, not releasing, all done.
Building and pushing "zededa/conf:4992a3a63c95b0e446c681a0deaca7a071aba709"
4992a3a63c95b0e446c681a0deaca7a071aba709: Pulling from zededa/conf
Digest: sha256:cadca07f76dce08d68f9f56b7c6a9e3fabe7171c9abc18d1cd5232aab6af5ef8
Status: Image is up to date for zededa/conf:4992a3a63c95b0e446c681a0deaca7a071aba709
Building and pushing "zededa/mkrootfs-ext4:5f77cd6a2b87a3a9927593763da1941dbed1ce80"
5f77cd6a2b87a3a9927593763da1941dbed1ce80: Pulling from zededa/mkrootfs-ext4
Digest: sha256:29bd009688afd31b5c7a782501d51eeb4c88e1a95eaf17fb9c89052041e93649
Status: Image is up to date for zededa/mkrootfs-ext4:5f77cd6a2b87a3a9927593763da1941dbed1ce80
Building and pushing "zededa/mkrootfs-squash:b47d705603f5f0d3765b03cf583e1a7fd287f212"
b47d705603f5f0d3765b03cf583e1a7fd287f212: Pulling from zededa/mkrootfs-squash
Digest: sha256:d41f0d59d728521da01cbf8966245f9eea5e150d7a7385e582691bbedc2c1a60
Status: Image is up to date for zededa/mkrootfs-squash:b47d705603f5f0d3765b03cf583e1a7fd287f212
Building and pushing "zededa/mkflash:362411f3b96bd6054f97237f5a7382912aebb349"
362411f3b96bd6054f97237f5a7382912aebb349: Pulling from zededa/mkflash
Digest: sha256:f5e439a36ffaf496e20e28bec812733541d30c079083e96fdad6c06f260564ca
Status: Image is up to date for zededa/mkflash:362411f3b96bd6054f97237f5a7382912aebb349
Building and pushing "zededa/mkimage-iso-efi:49a6ff8320ce088460c8acb6f36bc15b15d800e9"
49a6ff8320ce088460c8acb6f36bc15b15d800e9: Pulling from zededa/mkimage-iso-efi
Digest: sha256:760a50e43c276bda9389a1dd150602e4ebede6b04d49189c53007ee8404e16bf
Status: Image is up to date for zededa/mkimage-iso-efi:49a6ff8320ce088460c8acb6f36bc15b15d800e9
make: Leaving directory '/home/zededa-ci/src/zenbuild/pkg'
make: Entering directory '/home/zededa-ci/src/zenbuild/pkg'
(cd ..; ./parse-pkgs.sh pkg/zedctr//Dockerfile.in > pkg/zedctr//Dockerfile)
Building and pushing "zededa/zedctr:2cf65d8bd262339579880b2f60e349ab921cbcdb"
Sending build context to Docker daemon  17.92kB
Step 1/20 : FROM zededa/ztools:latest as ztools
 ---> 6341cd92336a
Step 2/20 : FROM zededa/xen-tools:ccc3ab24a38b4680bdbe4c204cc628026e7584a7-arm64 as xen-tools
 ---> 9338796f340c
Step 3/20 : FROM zededa/dnsmasq:e2de7e6a478850d931724f951f877cd507d77358-arm64 as dnsmasq
 ---> 1a0a9313ef5f
Step 4/20 : FROM zededa/strongswan:3957eaaa64beb65e946494bab989e861f34811cb-arm64 as strongswan
 ---> c9bc0d3f0642
Step 5/20 : FROM zededa/gpt-tools:f0be39997551891e81c6edc38acc20f61077287b-arm64 as gpttools
 ---> bb17a51a6442
Step 6/20 : FROM zededa/watchdog:3e77cbcffbf4f71309bab82500039967bca0d189-arm64 as watchdog
 ---> 57e0cb5696a7
Step 7/20 : FROM alpine:3.6
 ---> a9277cb286bb
Step 8/20 : RUN apk add --no-cache     yajl xz bash openssl iptables ip6tables iproute2     apk-cron coreutils dmidecode sudo libbz2 libuuid ipset     libpcap libaio logrotate pixman glib curl radvd perl ethtool     openssh-server util-linux e2fsprogs libcrypto1.0
 ---> Running in 12f96367f844
fetch http://dl-cdn.alpinelinux.org/alpine/v3.6/main/aarch64/APKINDEX.tar.gz
fetch http://dl-cdn.alpinelinux.org/alpine/v3.6/community/aarch64/APKINDEX.tar.gz
(1/53) Installing apk-cron (1.0-r0)
(2/53) Installing ncurses-terminfo-base (6.0_p20171125-r0)
(3/53) Installing ncurses-terminfo (6.0_p20171125-r0)
(4/53) Installing ncurses-libs (6.0_p20171125-r0)
(5/53) Installing readline (6.3.008-r5)
(6/53) Installing bash (4.3.48-r1)
Executing bash-4.3.48-r1.post-install
(7/53) Installing libattr (2.4.47-r6)
(8/53) Installing libacl (2.2.52-r3)
(9/53) Installing coreutils (8.27-r0)
(10/53) Installing ca-certificates (20161130-r2)
(11/53) Installing libssh2 (1.8.0-r1)
(12/53) Installing libcurl (7.61.0-r0)
(13/53) Installing curl (7.61.0-r0)
(14/53) Installing dmidecode (3.0-r0)
(15/53) Installing libuuid (2.28.2-r2)
(16/53) Installing libblkid (2.28.2-r2)
(17/53) Installing libcom_err (1.43.4-r0)
(18/53) Installing e2fsprogs-libs (1.43.4-r0)
(19/53) Installing e2fsprogs (1.43.4-r0)
(20/53) Installing ethtool (4.10-r0)
(21/53) Installing libffi (3.2.1-r3)
(22/53) Installing libintl (0.19.8.1-r1)
(23/53) Installing libmount (2.28.2-r2)
(24/53) Installing pcre (8.41-r0)
(25/53) Installing glib (2.52.1-r0)
(26/53) Installing libmnl (1.0.4-r0)
(27/53) Installing libnftnl-libs (1.0.7-r0)
(28/53) Installing iptables (1.6.1-r0)
(29/53) Installing ip6tables (1.6.1-r0)
(30/53) Installing libelf (0.8.13-r2)
(31/53) Installing iproute2 (4.10.0-r1)
Executing iproute2-4.10.0-r1.post-install
(32/53) Installing ipset (6.32-r3)
(33/53) Installing libaio (0.3.110-r0)
(34/53) Installing libbz2 (1.0.6-r5)
(35/53) Installing libcrypto1.0 (1.0.2o-r1)
(36/53) Installing libpcap (1.8.1-r0)
(37/53) Installing popt (1.16-r6)
(38/53) Installing logrotate (3.12.2-r0)
(39/53) Installing openssh-keygen (7.5_p1-r2)
(40/53) Installing openssh-server (7.5_p1-r2)
(41/53) Installing libssl1.0 (1.0.2o-r1)
(42/53) Installing openssl (1.0.2o-r1)
(43/53) Installing perl (5.24.4-r0)
(44/53) Installing pixman (0.34.0-r0)
(45/53) Installing radvd (2.15-r0)
Executing radvd-2.15-r0.pre-install
(46/53) Installing sudo (1.8.19_p2-r0)
(47/53) Installing libsmartcols (2.28.2-r2)
(48/53) Installing findmnt (2.28.2-r2)
(49/53) Installing libfdisk (2.28.2-r2)
(50/53) Installing util-linux (2.28.2-r2)
(51/53) Installing xz-libs (5.2.3-r0)
(52/53) Installing xz (5.2.3-r0)
(53/53) Installing yajl (2.1.0-r0)
Executing busybox-1.26.2-r5.trigger
Executing ca-certificates-20161130-r2.trigger
Executing glib-2.52.1-r0.trigger
OK: 73 MiB in 64 packages
 ---> 0123c259844b
Removing intermediate container 12f96367f844
Step 9/20 : RUN [ `uname -m` = "aarch64" ] && apk add --no-cache libfdt || :
 ---> Running in c6c3ee859dff
fetch http://dl-cdn.alpinelinux.org/alpine/v3.6/main/aarch64/APKINDEX.tar.gz
fetch http://dl-cdn.alpinelinux.org/alpine/v3.6/community/aarch64/APKINDEX.tar.gz
(1/1) Installing libfdt (1.4.4-r0)
OK: 73 MiB in 65 packages
 ---> cd64f9527727
Removing intermediate container c6c3ee859dff
Step 10/20 : RUN ln -s libpcap.so.1 /usr/lib/libpcap.so
 ---> Running in b97b52f92017
 ---> 9f1fb0ff8312
Removing intermediate container b97b52f92017
Step 11/20 : RUN ssh-keygen -A ; echo PermitRootLogin yes >> /etc/ssh/sshd_config ; sed -ie '/^root/s#^.*$#root:$6$Ndt1G5AYZFQ8rz7m$7vGZMKKotSYxwxk/.jMfuOCzxw0I3DNedygaQaLF7kYSYsLqiBHhmc8RJSXp8/VxSYPpgYSz/8fkv0hO6I4js.:17477:0:::::#' /etc/shadow
 ---> Running in d15f74b38ed2
ssh-keygen: generating new host keys: RSA DSA ECDSA ED25519 
 ---> e5f232cc1a31
Removing intermediate container d15f74b38ed2
Step 12/20 : COPY --from=xen-tools / /
 ---> d205ee8fa2ce
Step 13/20 : COPY --from=ztools / /
 ---> 1fb0facc8a69
Step 14/20 : COPY --from=gpttools / /
 ---> 70ffe11e8684
Step 15/20 : COPY --from=dnsmasq /usr/sbin/dnsmasq /opt/zededa/bin/dnsmasq
 ---> 84a10db3cdfa
Step 16/20 : COPY --from=strongswan / /
 ---> 666903d62049
Step 17/20 : COPY --from=watchdog /usr/sbin /usr/sbin
 ---> 623891e16ba7
Step 18/20 : COPY rootfs/ /
 ---> cf5e89dee09c
Step 19/20 : CMD /init.sh
 ---> Running in af7fe6920cbd
 ---> 0e5b0078cb01
Removing intermediate container af7fe6920cbd
Step 20/20 : LABEL org.mobyproject.config '{"capabilities":["all"],"binds":["/dev:/dev","/etc/resolv.conf:/etc/resolv.conf","/run:/run","/var/log:/var/log/dom0","/:/hostfs"],"net":"host","pid":"host"}' org.mobyproject.linuxkit.revision 'unknown' org.mobyproject.linuxkit.version 'unknown' org.opencontainers.image.revision '7086e4e874b55084b31848a8fb744b3beaf162bc' org.opencontainers.image.source 'https://github.com/linuxkit/linuxkit'
 ---> Running in 45b837a18803
 ---> 6b5a278f9e27
Removing intermediate container 45b837a18803
Successfully built 6b5a278f9e27
Successfully tagged zededa/zedctr:2cf65d8bd262339579880b2f60e349ab921cbcdb-arm64
Pushing zededa/zedctr:2cf65d8bd262339579880b2f60e349ab921cbcdb-arm64
The push refers to a repository [docker.io/zededa/zedctr]
b67a74f6ce83: Preparing
6e3e83471710: Preparing
2395b6a8a790: Preparing
c0fd5fa7f2e1: Preparing
3edd81ed8cbc: Preparing
981b7b269978: Preparing
ea863c8b2659: Preparing
a91be71bc239: Preparing
608964862515: Preparing
624d865d1f20: Preparing
ea8b4555681d: Preparing
7678a2257549: Preparing
199db0687ace: Preparing
a91be71bc239: Waiting
608964862515: Waiting
624d865d1f20: Waiting
981b7b269978: Waiting
ea8b4555681d: Waiting
7678a2257549: Waiting
ea863c8b2659: Waiting
199db0687ace: Waiting
3edd81ed8cbc: Layer already exists
b67a74f6ce83: Layer already exists
2395b6a8a790: Layer already exists
981b7b269978: Layer already exists
ea863c8b2659: Layer already exists
c0fd5fa7f2e1: Pushed
6e3e83471710: Pushed
a91be71bc239: Pushed
7678a2257549: Layer already exists
608964862515: Pushed
199db0687ace: Layer already exists
624d865d1f20: Pushed
ea8b4555681d: Pushed
2cf65d8bd262339579880b2f60e349ab921cbcdb-arm64: digest: sha256:311ca27267b75369dc9780603bbf395cf7742c7135d1a522f9a58c26076bf4c2 size: 3047
Pushing zededa/zedctr:2cf65d8bd262339579880b2f60e349ab921cbcdb-arm64 to manifest zededa/zedctr:2cf65d8bd262339579880b2f60e349ab921cbcdb
time="2018-07-19T08:05:02+02:00" level=warning msg="Couldn't find or access image reference \"zededa/zedctr:2cf65d8bd262339579880b2f60e349ab921cbcdb-s390x\". Skipping image."
Digest: sha256:4881c9c955c0d366fa977fe1e685e95dbed7a476b8190166e784261e842e1320 743
Not signing zededa/zedctr:2cf65d8bd262339579880b2f60e349ab921cbcdb
Build and push complete, not releasing, all done.
make: Leaving directory '/home/zededa-ci/src/zenbuild/pkg'
make: Entering directory '/home/zededa-ci/src/zenbuild/build-pkgs'
Building and pushing "zededa/build-pkgs_abuild:7ae4d9f9fa290963de466d5ed96d6c9318354824"
7ae4d9f9fa290963de466d5ed96d6c9318354824: Pulling from zededa/build-pkgs_abuild
Digest: sha256:3fac2728d616e49d35e00320cbb0995c2f8aa78b64921eadca02cf67625d1ee9
Status: Image is up to date for zededa/build-pkgs_abuild:7ae4d9f9fa290963de466d5ed96d6c9318354824
Building and pushing "zededa/build-pkgs_uefi:a3362428c518fb4db1a136a961bd17e8a66fb693"
a3362428c518fb4db1a136a961bd17e8a66fb693: Pulling from zededa/build-pkgs_uefi
Digest: sha256:6cd56a5c6c914a56ec3286bce9fdca5feac70e7984aec5a17ebcbea40a8b9877
Status: Image is up to date for zededa/build-pkgs_uefi:a3362428c518fb4db1a136a961bd17e8a66fb693
make: Leaving directory '/home/zededa-ci/src/zenbuild/build-pkgs'
cd bios ; _() { C=`docker create $1 fake` ; docker export $C | tar -xf - $2 ; docker rm $C ; } ; _ zededa/build-pkgs_uefi:a3362428c518fb4db1a136a961bd17e8a66fb693-arm64 OVMF.fd
7274bfa4036d5d4b220407913ba7d246bf8e7738de1417d847072c78462d78b7
make -C build-tools all
make[1]: Entering directory '/home/zededa-ci/src/zenbuild/build-tools'
make[1]: Nothing to be done for 'all'.
make[1]: Leaving directory '/home/zededa-ci/src/zenbuild/build-tools'
tee: /dev/tty: No such device or address
2cf65d8bd262339579880b2f60e349ab921cbcdb-arm64: Pulling from zededa/zedctr
Digest: sha256:311ca27267b75369dc9780603bbf395cf7742c7135d1a522f9a58c26076bf4c2
Status: Image is up to date for zededa/zedctr:2cf65d8bd262339579880b2f60e349ab921cbcdb-arm64
DOCKER_ARCH_TAG="arm64" ./parse-pkgs.sh images/installer.yml.in > images/installer.yml
# the following is a horrible hack that needs to go away ASAP
if [ "aarch64" != `uname -m` ] ; then \
           sed -e '/source:/s#rootfs.img#rootfs_aarch64.img#' \
               -e '/command:/s#/dev/sda#/dev/vda#' -i.orig images/installer.yml ;\
   echo "WARNING: We are assembling a aarch64 image on `uname -m`. Things may break." ;\
        fi
DOCKER_ARCH_TAG="arm64" ./parse-pkgs.sh images/rootfs.yml.in > images/rootfs.yml
# the following is a horrible hack that needs to go away ASAP
if [ "aarch64" != `uname -m` ] ; then \
           sed -e '/source:/s#rootfs.img#rootfs_aarch64.img#' \
               -e '/command:/s#/dev/sda#/dev/vda#' -i.orig images/rootfs.yml ;\
   echo "WARNING: We are assembling a aarch64 image on `uname -m`. Things may break." ;\
        fi
./makerootfs.sh images/rootfs.yml squash rootfs_aarch64.img
Extract kernel image: zededa/kernel:e8accf1611206572eef0d8e24fa325e6488bdc7b-arm64
Add init containers:
Process init image: zededa/grub:35eb3c470422d1bced11f3457ea8ff432d9f0590-arm64
Process init image: zededa/device-trees:1bca882c64827de08bba9aa7713441b2b4d7ca8d-arm64
Process init image: zededa/xen:07f48fb845ebcbb4327b6493875a846d0e4ffd3b-arm64
Process init image: zededa/gpt-tools:f0be39997551891e81c6edc38acc20f61077287b-arm64
Process init image: zededa/dom0-ztools:c6d8f2123c748379add5d3dbbac23e3630131760-arm64
Process init image: linuxkit/init:v0.3
Process init image: linuxkit/runc:v0.3
Process init image: linuxkit/containerd:v0.3
Process init image: linuxkit/getty:v0.3
Add onboot containers:
  Create OCI config for linuxkit/sysctl:v0.3
  Create OCI config for linuxkit/modprobe:v0.3
Add service containers:
  Create OCI config for linuxkit/dhcpcd:v0.3
  Create OCI config for linuxkit/openntpd:v0.3
  Create OCI config for zededa/wwan:addf826bbc6885c0a28cd8f018f69cadaca4674f-arm64
  Create OCI config for zededa/wlan:cfd366430df0620df11b2af7f3d9d63d617a5903-arm64
  Create OCI config for zededa/zedctr:2cf65d8bd262339579880b2f60e349ab921cbcdb-arm64
Add files:
  /containers/services/zededa-tools/lower/opt/zededa/bin/versioninfo
Parallel mksquashfs: Using 4 processors
Creating 4.0 filesystem on /rootfs.img, block size 131072.
[=======-                                                    ]  1800/14687  12%[==========/                                                 ]  2700/14687  18%[============================================-               ] 11100/14687  75%[================================================\           ] 12000/14687  81%[===========================================================|] 14687/14687 100%

Exportable Squashfs 4.0 filesystem, gzip compressed, data block size 131072
	compressed data, compressed metadata, compressed fragments, compressed xattrs
	duplicates are removed
Filesystem size 161748.02 Kbytes (157.96 Mbytes)
	31.66% of uncompressed filesystem size (510833.10 Kbytes)
Inode table size 155275 bytes (151.64 Kbytes)
	26.04% of uncompressed inode table size (596350 bytes)
Directory table size 158950 bytes (155.22 Kbytes)
	45.09% of uncompressed directory table size (352495 bytes)
Number of duplicate files found 2798
Number of inodes 15889
Number of files 11635
Number of fragments 787
Number of symbolic links  2945
Number of device nodes 8
Number of fifo nodes 0
Number of socket nodes 0
Number of directories 1301
Number of ids (unique uids + gids) 3
Number of uids 1
	root (0)
Number of gids 3
	root (0)
	shadow (42)
	tty (5)
./makeiso.sh images/installer.yml installer_aarch64.iso
Extract kernel image: zededa/kernel:e8accf1611206572eef0d8e24fa325e6488bdc7b-arm64
Add init containers:
Process init image: zededa/grub:35eb3c470422d1bced11f3457ea8ff432d9f0590-arm64
Process init image: zededa/device-trees:1bca882c64827de08bba9aa7713441b2b4d7ca8d-arm64
Process init image: zededa/xen:07f48fb845ebcbb4327b6493875a846d0e4ffd3b-arm64
Process init image: linuxkit/init:v0.3
Process init image: linuxkit/runc:v0.3
Process init image: linuxkit/getty:v0.3
Add onboot containers:
  Create OCI config for zededa/mkflash:362411f3b96bd6054f97237f5a7382912aebb349-arm64
Add files:
  /parts/config.img
  /parts/rootfs.img
time="2018-07-19T08:07:53+02:00" level=fatal msg="failed to add filesystem parts: open rootfs.img: no such file or directory"
xorriso 1.4.6 : RockRidge filesystem manipulator, libburnia project.

Drive current: -outdev 'stdio:linuxkit-efi.iso'
Media current: stdio file, overwriteable
Media status : is blank
Media summary: 0 sessions, 0 data blocks, 0 data,  808g free
Added to ISO image: directory '/'='/tmp/efi'
xorriso : UPDATE : 4673 files added in 1 seconds
xorriso : UPDATE : 4673 files added in 1 seconds
libisofs: NOTE : Cannot arrange content of data files in surely reproducible way
xorriso : UPDATE :  14.66% done
ISO image produced: 100093 sectors
Written to medium : 100093 sectors at LBA 0
Writing to 'stdio:linuxkit-efi.iso' completed successfully.

tar c rootfs_aarch64.img config.img | ./makeflash.sh -C 8192 fallback_aarch64.raw
1+0 records in
1+0 records out
1 byte copied, 0.000138305 s, 7.2 kB/s
+ IMGFILE=/output.img
+ NUMPARTS=9
+ mkdir -p /parts
+ [ -t 0 ]
+ cd /parts
+ bsdtar xzf -
+ ESP_FILE=/tmp/efifs.img
+ cut -f1 -d 
+ echo /parts/rootfs_aarch64.img
+ IMGA_FILE=/parts/rootfs_aarch64.img
+ CONF_FILE=/parts/config.img
+ mount -o loop /parts/rootfs_aarch64.img /mnt
mount: mounting /dev/loop0 on /mnt failed: Invalid argument
Makefile:152: recipe for target 'fallback_aarch64.raw' failed
make: *** [fallback_aarch64.raw] Error 111
make: Entering directory '/home/zededa-ci/src/zenbuild/build-pkgs'
Building and pushing "zededa/zenix:latest"
Sending build context to Docker daemon  517.3MB
Step 1/9 : FROM alpine:edge
 ---> 698b28d4f8d1
Step 2/9 : RUN apk add --no-cache qemu-system-x86_64 qemu-system-aarch64 bash make git
 ---> Using cache
 ---> 5b21459beb8b
Step 3/9 : COPY . /bits/
 ---> Using cache
 ---> c5f345eda82a
Step 4/9 : COPY OVMF.fd /bits/bios/OVMF.fd
 ---> Using cache
 ---> e342e4ec1c5c
Step 5/9 : COPY runme.sh /
 ---> Using cache
 ---> c300c2ff8dc7
Step 6/9 : RUN touch /bits/bios/OVMF.fd
 ---> Using cache
 ---> 85b9a3f966f3
Step 7/9 : WORKDIR /bits
 ---> Using cache
 ---> b59a8adaf13d
Step 8/9 : ENTRYPOINT /runme.sh
 ---> Using cache
 ---> a2c4b6771d85
Step 9/9 : LABEL org.mobyproject.linuxkit.revision 'unknown' org.mobyproject.linuxkit.version 'unknown' org.opencontainers.image.revision '7086e4e874b55084b31848a8fb744b3beaf162bc' org.opencontainers.image.source 'https://github.com/linuxkit/linuxkit'
 ---> Running in 60065bc00737
 ---> e0aeef3ce4e0
Removing intermediate container 60065bc00737
Successfully built e0aeef3ce4e0
Successfully tagged zededa/zenix:latest-arm64
Pushing zededa/zenix:latest-arm64
The push refers to a repository [docker.io/zededa/zenix]
96feea203423: Preparing
c96588d795bb: Preparing
5ef670ff3c99: Preparing
841a93c06d96: Preparing
18d6c5bbfc56: Preparing
7f4507898901: Preparing
2a2e682c36db: Preparing
7f4507898901: Waiting
2a2e682c36db: Waiting
841a93c06d96: Layer already exists
18d6c5bbfc56: Layer already exists
5ef670ff3c99: Layer already exists
96feea203423: Layer already exists
c96588d795bb: Layer already exists
2a2e682c36db: Layer already exists
7f4507898901: Layer already exists
latest-arm64: digest: sha256:e56ba7d7aa4d11783b0435ec315fd2cdb700170dd2ce00028d524dee63267761 size: 1787
Pushing zededa/zenix:latest-arm64 to manifest zededa/zenix:latest
time="2018-07-19T08:09:04+02:00" level=warning msg="Couldn't find or access image reference \"zededa/zenix:latest-s390x\". Skipping image."
Digest: sha256:a227f73e4f1ca8216024946ed6b5030c6a58d3f33b6b5fb1c812693b00aca4a5 743
Not signing zededa/zenix:latest
Build and push complete, not releasing, all done.
make: Leaving directory '/home/zededa-ci/src/zenbuild/build-pkgs'
FINISHED
