Already up-to-date.
make -C build-tools all
make[1]: Entering directory '/home/zededa-ci/src/zenbuild/build-tools'
make[1]: Nothing to be done for 'all'.
make[1]: Leaving directory '/home/zededa-ci/src/zenbuild/build-tools'
Already up-to-date.
Building and pushing "zededa/ztools:ab75f03d0b490e80cbb80cd035f541948a9729e5"
ab75f03d0b490e80cbb80cd035f541948a9729e5: Pulling from zededa/ztools
Digest: sha256:297940817bf590f1d3d8c5c93953e04fe24689c724fe4d2e5488a4805a227e8a
Status: Image is up to date for zededa/ztools:ab75f03d0b490e80cbb80cd035f541948a9729e5
ab75f03d0b490e80cbb80cd035f541948a9729e5: Pulling from zededa/ztools
Digest: sha256:297940817bf590f1d3d8c5c93953e04fe24689c724fe4d2e5488a4805a227e8a
Status: Image is up to date for zededa/ztools:ab75f03d0b490e80cbb80cd035f541948a9729e5
The push refers to a repository [docker.io/zededa/ztools]
tag does not exist: zededa/ztools:latest-arm64
make: Entering directory '/home/zededa-ci/src/zenbuild/pkg'
(cd ..; ./parse-pkgs.sh pkg/kmod_pfring/Dockerfile.in > pkg/kmod_pfring/Dockerfile)
(cd ..; ./parse-pkgs.sh pkg/qrexec-lib/Dockerfile.in > pkg/qrexec-lib/Dockerfile)
(cd ..; ./parse-pkgs.sh pkg/qrexec-dom0/Dockerfile.in > pkg/qrexec-dom0/Dockerfile)
(cd ..; ./parse-pkgs.sh pkg/zedctr/Dockerfile.in > pkg/zedctr/Dockerfile)
(cd ..; ./parse-pkgs.sh pkg/test-conf/Dockerfile.in > pkg/test-conf/Dockerfile)
(cd ..; ./parse-pkgs.sh pkg/mkflash/Dockerfile.in > pkg/mkflash/Dockerfile)
(cd ..; ./parse-pkgs.sh pkg/mkimage-iso-efi/Dockerfile.in > pkg/mkimage-iso-efi/Dockerfile)
(cd ..; ./parse-pkgs.sh pkg/mkimage-raw-efi//Dockerfile.in > pkg/mkimage-raw-efi//Dockerfile)
Building and pushing "zededa/grub:a83a89ea3b7f890696e759027bb10a0572248aef"
a83a89ea3b7f890696e759027bb10a0572248aef: Pulling from zededa/grub
Digest: sha256:cd26064e0906d7d718c589b88731defbb6017a59cac1c844bcbdd5986aa29bbc
Status: Image is up to date for zededa/grub:a83a89ea3b7f890696e759027bb10a0572248aef
Building and pushing "zededa/xen:07f48fb845ebcbb4327b6493875a846d0e4ffd3b"
07f48fb845ebcbb4327b6493875a846d0e4ffd3b: Pulling from zededa/xen
Digest: sha256:88fa329f3538fe1edbd0f35f38ecdc108d4caee3809643fc0a3a7b04fc86fc5b
Status: Image is up to date for zededa/xen:07f48fb845ebcbb4327b6493875a846d0e4ffd3b
Building and pushing "zededa/kernel:2f3f0ca93049e132867b9f9a836848e6ecc03f4b"
2f3f0ca93049e132867b9f9a836848e6ecc03f4b: Pulling from zededa/kernel
Digest: sha256:43c85c4588ffd91dd0b8f26edf9dc377a53477cf08825138776ec7e6b1c0d97c
Status: Image is up to date for zededa/kernel:2f3f0ca93049e132867b9f9a836848e6ecc03f4b
Building and pushing "zededa/kmod_pfring:21d2619aba445c8fdecf2afe1d2201f0ac4db2aa"
21d2619aba445c8fdecf2afe1d2201f0ac4db2aa: Pulling from zededa/kmod_pfring
Digest: sha256:327a364ca9c3271ebb1e8048ee55ffb79784641fddae3a4c5f92e3d411ac416f
Status: Image is up to date for zededa/kmod_pfring:21d2619aba445c8fdecf2afe1d2201f0ac4db2aa
Building and pushing "zededa/xen-tools:0b0a502be28917664fed512d5f732a69060743d0"
0b0a502be28917664fed512d5f732a69060743d0: Pulling from zededa/xen-tools
no matching manifest for linux/arm64 in the manifest list entries
No image pulled, continuing with build
Sending build context to Docker daemon  8.192kB
Step 1/22 : FROM alpine:3.6 as kernel-build
 ---> a9277cb286bb
Step 2/22 : RUN apk add --no-cache     	    gcc make libc-dev dev86 xz-dev perl bash python-dev 	    gettext iasl util-linux-dev ncurses-dev glib-dev 	    pixman-dev libaio-dev yajl-dev argp-standalone 	    linux-headers git patch texinfo curl tar
 ---> Using cache
 ---> d5ce0950a6f7
Step 3/22 : RUN [ `uname -m` = "aarch64" ] && apk add --no-cache dtc-dev || :
 ---> Using cache
 ---> 1861b4780578
Step 4/22 : WORKDIR /
 ---> Using cache
 ---> 1d027f7ff19e
Step 5/22 : COPY alpine.patch /
 ---> Using cache
 ---> dc5ee994ae95
Step 6/22 : RUN patch -p1 < alpine.patch
 ---> Using cache
 ---> 8f1a255b8a46
Step 7/22 : ENV XEN_VERSION 4.9.0
 ---> Using cache
 ---> 0e414a3fff94
Step 8/22 : ENV XEN_SOURCE https://downloads.xenproject.org/release/xen/${XEN_VERSION}/xen-${XEN_VERSION}.tar.gz
 ---> Using cache
 ---> 9da5afdf9d51
Step 9/22 : RUN [ -f xen-${XEN_VERSION}.tar.gz ] || curl -fsSLO ${XEN_SOURCE} &&     gzip -d xen-${XEN_VERSION}.tar.gz &&     cat xen-${XEN_VERSION}.tar | tar --absolute-names -x && mv /xen-${XEN_VERSION} /xen
 ---> Using cache
 ---> 67c087c3b488
Step 10/22 : COPY patches-${XEN_VERSION} /patches
 ---> Using cache
 ---> e80a40537d82
Step 11/22 : WORKDIR /xen
 ---> Using cache
 ---> edfeec610a14
Step 12/22 : RUN set -e && for patch in /patches/*.patch; do         echo "Applying $patch";         patch -p1 < "$patch";     done
 ---> Using cache
 ---> 7c0c84420fcf
Step 13/22 : RUN mkdir -p /out
 ---> Using cache
 ---> c9a7f8fc1933
Step 14/22 : WORKDIR /xen
 ---> Using cache
 ---> 448b3f0cdda1
Step 15/22 : RUN ./configure --prefix=/usr --disable-xen --disable-qemu-traditional --disable-docs --disable-stubdom
 ---> Using cache
 ---> 04030fc73a75
Step 16/22 : RUN make && make dist
 ---> Running in e3ab935242f4
make -C tools/include install
make[1]: Entering directory '/xen/tools/include'
make -C xen-foreign
make[2]: Entering directory '/xen/tools/include/xen-foreign'
python mkheader.py arm32 arm32.h.tmp /xen/tools/include/xen-foreign/../../../xen/include/public/arch-arm.h /xen/tools/include/xen-foreign/../../../xen/include/public/xen.h
#Avoid mixing an alignment directive with a uint64_t cast or sizeof expression
sed 's/(__align8__ \(uint64_t\))/(\1)/g' < arm32.h.tmp > arm32.h.tmp2
rm arm32.h.tmp
if ! cmp -s arm32.h.tmp2 arm32.h; then mv -f arm32.h.tmp2 arm32.h; else rm -f arm32.h.tmp2; fi
python mkheader.py arm64 arm64.h.tmp /xen/tools/include/xen-foreign/../../../xen/include/public/arch-arm.h /xen/tools/include/xen-foreign/../../../xen/include/public/xen.h
#Avoid mixing an alignment directive with a uint64_t cast or sizeof expression
sed 's/(__align8__ \(uint64_t\))/(\1)/g' < arm64.h.tmp > arm64.h.tmp2
rm arm64.h.tmp
if ! cmp -s arm64.h.tmp2 arm64.h; then mv -f arm64.h.tmp2 arm64.h; else rm -f arm64.h.tmp2; fi
python mkheader.py x86_32 x86_32.h.tmp /xen/tools/include/xen-foreign/../../../xen/include/public/arch-x86/xen-x86_32.h /xen/tools/include/xen-foreign/../../../xen/include/public/arch-x86/xen.h /xen/tools/include/xen-foreign/../../../xen/include/public/xen.h
#Avoid mixing an alignment directive with a uint64_t cast or sizeof expression
sed 's/(__align8__ \(uint64_t\))/(\1)/g' < x86_32.h.tmp > x86_32.h.tmp2
rm x86_32.h.tmp
if ! cmp -s x86_32.h.tmp2 x86_32.h; then mv -f x86_32.h.tmp2 x86_32.h; else rm -f x86_32.h.tmp2; fi
python mkheader.py x86_64 x86_64.h.tmp /xen/tools/include/xen-foreign/../../../xen/include/public/arch-x86/xen-x86_64.h /xen/tools/include/xen-foreign/../../../xen/include/public/arch-x86/xen.h /xen/tools/include/xen-foreign/../../../xen/include/public/xen.h
#Avoid mixing an alignment directive with a uint64_t cast or sizeof expression
sed 's/(__align8__ \(uint64_t\))/(\1)/g' < x86_64.h.tmp > x86_64.h.tmp2
rm x86_64.h.tmp
if ! cmp -s x86_64.h.tmp2 x86_64.h; then mv -f x86_64.h.tmp2 x86_64.h; else rm -f x86_64.h.tmp2; fi
python mkchecker.py checker.c arm32 arm64 x86_32 x86_64
gcc -Wall -Werror -Wstrict-prototypes -O2 -fomit-frame-pointer -fno-strict-aliasing -Wdeclaration-after-statement -D__XEN_TOOLS__ -o checker checker.c
./checker > tmp.size
diff -u reference.size tmp.size
rm tmp.size
make[2]: Leaving directory '/xen/tools/include/xen-foreign'
mkdir -p xen/libelf
ln -sf /xen/tools/include/../../xen/include/public/COPYING xen
ln -sf /xen/tools/include/../../xen/include/public/domctl.h /xen/tools/include/../../xen/include/public/trace.h /xen/tools/include/../../xen/include/public/pmu.h /xen/tools/include/../../xen/include/public/platform.h /xen/tools/include/../../xen/include/public/arch-x86_64.h /xen/tools/include/../../xen/include/public/tmem.h /xen/tools/include/../../xen/include/public/physdev.h /xen/tools/include/../../xen/include/public/grant_table.h /xen/tools/include/../../xen/include/public/vm_event.h /xen/tools/include/../../xen/include/public/callback.h /xen/tools/include/../../xen/include/public/xen-compat.h /xen/tools/include/../../xen/include/public/sched.h /xen/tools/include/../../xen/include/public/features.h /xen/tools/include/../../xen/include/public/xen.h /xen/tools/include/../../xen/include/public/arch-x86_32.h /xen/tools/include/../../xen/include/public/dom0_ops.h /xen/tools/include/../../xen/include/public/version.h /xen/tools/include/../../xen/include/public/event_channel.h /xen/tools/include/../../xen/include/public/xenoprof.h /xen/tools/include/../../xen/include/public/elfnote.h /xen/tools/include/../../xen/include/public/arch-arm.h /xen/tools/include/../../xen/include/public/vcpu.h /xen/tools/include/../../xen/include/public/xencomm.h /xen/tools/include/../../xen/include/public/nmi.h /xen/tools/include/../../xen/include/public/kexec.h /xen/tools/include/../../xen/include/public/errno.h /xen/tools/include/../../xen/include/public/sysctl.h /xen/tools/include/../../xen/include/public/memory.h xen
ln -sf /xen/tools/include/../../xen/include/public/arch-x86 /xen/tools/include/../../xen/include/public/arch-arm /xen/tools/include/../../xen/include/public/hvm /xen/tools/include/../../xen/include/public/io /xen/tools/include/../../xen/include/public/xsm xen
ln -sf ../xen-sys/Linux xen/sys
ln -sf /xen/tools/include/../../xen/include/xen/libelf.h /xen/tools/include/../../xen/include/xen/elfstructs.h xen/libelf/
ln -s ../xen-foreign xen/foreign
ln -sf /xen/tools/include/../../xen/include/acpi acpi
touch xen/.dir
mkdir -p xen-xsm/flask
cd /xen/tools/include/../../xen/xsm/flask/ && \
	/bin/sh policy/mkflask.sh /usr/bin/awk /xen/tools/include/xen-xsm/flask policy/initial_sids
touch xen-xsm/.dir
/xen/tools/include/../../tools/cross-install -d -m0755 -p /xen/dist/install/usr/include/xen/arch-x86
/xen/tools/include/../../tools/cross-install -d -m0755 -p /xen/dist/install/usr/include/xen/arch-x86/hvm
/xen/tools/include/../../tools/cross-install -d -m0755 -p /xen/dist/install/usr/include/xen/arch-arm
/xen/tools/include/../../tools/cross-install -d -m0755 -p /xen/dist/install/usr/include/xen/arch-arm/hvm
/xen/tools/include/../../tools/cross-install -d -m0755 -p /xen/dist/install/usr/include/xen/foreign
/xen/tools/include/../../tools/cross-install -d -m0755 -p /xen/dist/install/usr/include/xen/hvm
/xen/tools/include/../../tools/cross-install -d -m0755 -p /xen/dist/install/usr/include/xen/io
/xen/tools/include/../../tools/cross-install -d -m0755 -p /xen/dist/install/usr/include/xen/sys
/xen/tools/include/../../tools/cross-install -d -m0755 -p /xen/dist/install/usr/include/xen/xsm
/xen/tools/include/../../tools/cross-install -m0644 -p xen/COPYING /xen/dist/install/usr/include/xen
/xen/tools/include/../../tools/cross-install -m0644 -p xen/*.h /xen/dist/install/usr/include/xen
/xen/tools/include/../../tools/cross-install -m0644 -p xen/arch-x86/*.h /xen/dist/install/usr/include/xen/arch-x86
/xen/tools/include/../../tools/cross-install -m0644 -p xen/arch-x86/hvm/*.h /xen/dist/install/usr/include/xen/arch-x86/hvm
/xen/tools/include/../../tools/cross-install -m0644 -p xen/arch-arm/hvm/*.h /xen/dist/install/usr/include/xen/arch-arm/hvm
/xen/tools/include/../../tools/cross-install -m0644 -p xen/foreign/*.h /xen/dist/install/usr/include/xen/foreign
/xen/tools/include/../../tools/cross-install -m0644 -p xen/hvm/*.h /xen/dist/install/usr/include/xen/hvm
/xen/tools/include/../../tools/cross-install -m0644 -p xen/io/*.h /xen/dist/install/usr/include/xen/io
/xen/tools/include/../../tools/cross-install -m0644 -p xen/sys/*.h /xen/dist/install/usr/include/xen/sys
/xen/tools/include/../../tools/cross-install -m0644 -p xen/xsm/*.h /xen/dist/install/usr/include/xen/xsm
make[1]: Leaving directory '/xen/tools/include'
make -C tools install
make[1]: Entering directory '/xen/tools'
/xen/tools/../tools/cross-install -d -m0755 -p -m 700 /xen/dist/install/var/lib/xen/dump
/xen/tools/../tools/cross-install -d -m0755 -p /xen/dist/install/var/log/xen
/xen/tools/../tools/cross-install -d -m0755 -p /xen/dist/install/var/run/xen
/xen/tools/../tools/cross-install -d -m0755 -p /xen/dist/install/var/lib/xen
/xen/tools/../tools/cross-install -d -m0755 -p /xen/dist/install/var/run/xenstored
/xen/tools/../tools/cross-install -d -m0755 -p /xen/dist/install/usr/share/pkgconfig
make subdirs-install
make[2]: Entering directory '/xen/tools'
make[3]: Entering directory '/xen/tools'
make -C libs install
make[4]: Entering directory '/xen/tools/libs'
make[5]: Entering directory '/xen/tools/libs'
make -C toollog install
make[6]: Entering directory '/xen/tools/libs/toollog'
make libs
make[7]: Entering directory '/xen/tools/libs/toollog'
for i in include/xentoollog.h; do \
    gcc -x c -ansi -Wall -Werror -I/xen/tools/libs/toollog/../../../tools/include \
          -S -o /dev/null $i || exit 1; \
    echo $i; \
done >headers.chk.new
mv headers.chk.new headers.chk
gcc   -DBUILD_ID -fno-strict-aliasing -std=gnu99 -Wall -Wstrict-prototypes -Wdeclaration-after-statement -Wno-unused-but-set-variable -Wno-unused-local-typedefs   -O2 -fomit-frame-pointer -D__XEN_INTERFACE_VERSION__=__XEN_LATEST_INTERFACE_VERSION__ -MMD -MF .xtl_core.o.d -D_LARGEFILE_SOURCE -D_LARGEFILE64_SOURCE   -Werror -Wmissing-prototypes -I./include  -c -o xtl_core.o xtl_core.c 
gcc   -DBUILD_ID -fno-strict-aliasing -std=gnu99 -Wall -Wstrict-prototypes -Wdeclaration-after-statement -Wno-unused-but-set-variable -Wno-unused-local-typedefs   -O2 -fomit-frame-pointer -D__XEN_INTERFACE_VERSION__=__XEN_LATEST_INTERFACE_VERSION__ -MMD -MF .xtl_logger_stdio.o.d -D_LARGEFILE_SOURCE -D_LARGEFILE64_SOURCE   -Werror -Wmissing-prototypes -I./include  -c -o xtl_logger_stdio.o xtl_logger_stdio.c 
ar rc libxentoollog.a xtl_core.o xtl_logger_stdio.o
gcc  -DPIC  -DBUILD_ID -fno-strict-aliasing -std=gnu99 -Wall -Wstrict-prototypes -Wdeclaration-after-statement -Wno-unused-but-set-variable -Wno-unused-local-typedefs   -O2 -fomit-frame-pointer -D__XEN_INTERFACE_VERSION__=__XEN_LATEST_INTERFACE_VERSION__ -MMD -MF .xtl_core.opic.d -D_LARGEFILE_SOURCE -D_LARGEFILE64_SOURCE   -Werror -Wmissing-prototypes -I./include  -fPIC -c -o xtl_core.opic xtl_core.c 
gcc  -DPIC  -DBUILD_ID -fno-strict-aliasing -std=gnu99 -Wall -Wstrict-prototypes -Wdeclaration-after-statement -Wno-unused-but-set-variable -Wno-unused-local-typedefs   -O2 -fomit-frame-pointer -D__XEN_INTERFACE_VERSION__=__XEN_LATEST_INTERFACE_VERSION__ -MMD -MF .xtl_logger_stdio.opic.d -D_LARGEFILE_SOURCE -D_LARGEFILE64_SOURCE   -Werror -Wmissing-prototypes -I./include  -fPIC -c -o xtl_logger_stdio.opic xtl_logger_stdio.c 
gcc    -Wl,-soname -Wl,libxentoollog.so.1 -shared -Wl,--version-script=libxentoollog.map -o libxentoollog.so.1.0 xtl_core.opic xtl_logger_stdio.opic 
ln -sf libxentoollog.so.1.0 libxentoollog.so.1
ln -sf libxentoollog.so.1 libxentoollog.so
mkdir -p /xen/tools/pkg-config
make[7]: Leaving directory '/xen/tools/libs/toollog'
/xen/tools/libs/toollog/../../../tools/cross-install -d -m0755 -p /xen/dist/install/usr/lib
/xen/tools/libs/toollog/../../../tools/cross-install -d -m0755 -p /xen/dist/install/usr/include
/xen/tools/libs/toollog/../../../tools/cross-install -m0755 -p libxentoollog.so.1.0 /xen/dist/install/usr/lib
/xen/tools/libs/toollog/../../../tools/cross-install -m0644 -p libxentoollog.a /xen/dist/install/usr/lib
ln -sf libxentoollog.so.1.0 /xen/dist/install/usr/lib/libxentoollog.so.1
ln -sf libxentoollog.so.1 /xen/dist/install/usr/lib/libxentoollog.so
/xen/tools/libs/toollog/../../../tools/cross-install -m0644 -p include/xentoollog.h /xen/dist/install/usr/include
/xen/tools/libs/toollog/../../../tools/cross-install -m0644 -p xentoollog.pc /xen/dist/install/usr/share/pkgconfig
make[6]: Leaving directory '/xen/tools/libs/toollog'
make[5]: Leaving directory '/xen/tools/libs'
make[5]: Entering directory '/xen/tools/libs'
make -C evtchn install
make[6]: Entering directory '/xen/tools/libs/evtchn'
make libs
make[7]: Entering directory '/xen/tools/libs/evtchn'
for i in include/xenevtchn.h; do \
    gcc -x c -ansi -Wall -Werror -I/xen/tools/libs/evtchn/../../../tools/include \
          -S -o /dev/null $i || exit 1; \
    echo $i; \
done >headers.chk.new
mv headers.chk.new headers.chk
gcc   -DBUILD_ID -fno-strict-aliasing -std=gnu99 -Wall -Wstrict-prototypes -Wdeclaration-after-statement -Wno-unused-but-set-variable -Wno-unused-local-typedefs   -O2 -fomit-frame-pointer -D__XEN_INTERFACE_VERSION__=__XEN_LATEST_INTERFACE_VERSION__ -MMD -MF .core.o.d -D_LARGEFILE_SOURCE -D_LARGEFILE64_SOURCE   -Werror -Wmissing-prototypes -I./include -I/xen/tools/libs/evtchn/../../../tools/include -I/xen/tools/libs/evtchn/../../../tools/libs/toollog/include -I/xen/tools/libs/evtchn/../../../tools/include  -c -o core.o core.c 
gcc   -DBUILD_ID -fno-strict-aliasing -std=gnu99 -Wall -Wstrict-prototypes -Wdeclaration-after-statement -Wno-unused-but-set-variable -Wno-unused-local-typedefs   -O2 -fomit-frame-pointer -D__XEN_INTERFACE_VERSION__=__XEN_LATEST_INTERFACE_VERSION__ -MMD -MF .linux.o.d -D_LARGEFILE_SOURCE -D_LARGEFILE64_SOURCE   -Werror -Wmissing-prototypes -I./include -I/xen/tools/libs/evtchn/../../../tools/include -I/xen/tools/libs/evtchn/../../../tools/libs/toollog/include -I/xen/tools/libs/evtchn/../../../tools/include  -c -o linux.o linux.c 
ar rc libxenevtchn.a core.o linux.o
gcc  -DPIC  -DBUILD_ID -fno-strict-aliasing -std=gnu99 -Wall -Wstrict-prototypes -Wdeclaration-after-statement -Wno-unused-but-set-variable -Wno-unused-local-typedefs   -O2 -fomit-frame-pointer -D__XEN_INTERFACE_VERSION__=__XEN_LATEST_INTERFACE_VERSION__ -MMD -MF .core.opic.d -D_LARGEFILE_SOURCE -D_LARGEFILE64_SOURCE   -Werror -Wmissing-prototypes -I./include -I/xen/tools/libs/evtchn/../../../tools/include -I/xen/tools/libs/evtchn/../../../tools/libs/toollog/include -I/xen/tools/libs/evtchn/../../../tools/include  -fPIC -c -o core.opic core.c 
gcc  -DPIC  -DBUILD_ID -fno-strict-aliasing -std=gnu99 -Wall -Wstrict-prototypes -Wdeclaration-after-statement -Wno-unused-but-set-variable -Wno-unused-local-typedefs   -O2 -fomit-frame-pointer -D__XEN_INTERFACE_VERSION__=__XEN_LATEST_INTERFACE_VERSION__ -MMD -MF .linux.opic.d -D_LARGEFILE_SOURCE -D_LARGEFILE64_SOURCE   -Werror -Wmissing-prototypes -I./include -I/xen/tools/libs/evtchn/../../../tools/include -I/xen/tools/libs/evtchn/../../../tools/libs/toollog/include -I/xen/tools/libs/evtchn/../../../tools/include  -fPIC -c -o linux.opic linux.c 
gcc    -Wl,-soname -Wl,libxenevtchn.so.1 -shared -Wl,--version-script=libxenevtchn.map -o libxenevtchn.so.1.0 core.opic linux.opic  /xen/tools/libs/evtchn/../../../tools/libs/toollog/libxentoollog.so 
ln -sf libxenevtchn.so.1.0 libxenevtchn.so.1
ln -sf libxenevtchn.so.1 libxenevtchn.so
mkdir -p /xen/tools/pkg-config
make[7]: Leaving directory '/xen/tools/libs/evtchn'
/xen/tools/libs/evtchn/../../../tools/cross-install -d -m0755 -p /xen/dist/install/usr/lib
/xen/tools/libs/evtchn/../../../tools/cross-install -d -m0755 -p /xen/dist/install/usr/include
/xen/tools/libs/evtchn/../../../tools/cross-install -m0755 -p libxenevtchn.so.1.0 /xen/dist/install/usr/lib
/xen/tools/libs/evtchn/../../../tools/cross-install -m0644 -p libxenevtchn.a /xen/dist/install/usr/lib
ln -sf libxenevtchn.so.1.0 /xen/dist/install/usr/lib/libxenevtchn.so.1
ln -sf libxenevtchn.so.1 /xen/dist/install/usr/lib/libxenevtchn.so
/xen/tools/libs/evtchn/../../../tools/cross-install -m0644 -p include/xenevtchn.h /xen/dist/install/usr/include
/xen/tools/libs/evtchn/../../../tools/cross-install -m0644 -p xenevtchn.pc /xen/dist/install/usr/share/pkgconfig
make[6]: Leaving directory '/xen/tools/libs/evtchn'
make[5]: Leaving directory '/xen/tools/libs'
make[5]: Entering directory '/xen/tools/libs'
make -C gnttab install
make[6]: Entering directory '/xen/tools/libs/gnttab'
make libs
make[7]: Entering directory '/xen/tools/libs/gnttab'
for i in include/xengnttab.h; do \
    gcc -x c -ansi -Wall -Werror -I/xen/tools/libs/gnttab/../../../tools/include \
          -S -o /dev/null $i || exit 1; \
    echo $i; \
done >headers.chk.new
mv headers.chk.new headers.chk
gcc   -DBUILD_ID -fno-strict-aliasing -std=gnu99 -Wall -Wstrict-prototypes -Wdeclaration-after-statement -Wno-unused-but-set-variable -Wno-unused-local-typedefs   -O2 -fomit-frame-pointer -D__XEN_INTERFACE_VERSION__=__XEN_LATEST_INTERFACE_VERSION__ -MMD -MF .gnttab_core.o.d -D_LARGEFILE_SOURCE -D_LARGEFILE64_SOURCE   -Werror -Wmissing-prototypes -I./include -I/xen/tools/libs/gnttab/../../../tools/include -I/xen/tools/libs/gnttab/../../../tools/libs/toollog/include -I/xen/tools/libs/gnttab/../../../tools/include  -c -o gnttab_core.o gnttab_core.c 
gcc   -DBUILD_ID -fno-strict-aliasing -std=gnu99 -Wall -Wstrict-prototypes -Wdeclaration-after-statement -Wno-unused-but-set-variable -Wno-unused-local-typedefs   -O2 -fomit-frame-pointer -D__XEN_INTERFACE_VERSION__=__XEN_LATEST_INTERFACE_VERSION__ -MMD -MF .gntshr_core.o.d -D_LARGEFILE_SOURCE -D_LARGEFILE64_SOURCE   -Werror -Wmissing-prototypes -I./include -I/xen/tools/libs/gnttab/../../../tools/include -I/xen/tools/libs/gnttab/../../../tools/libs/toollog/include -I/xen/tools/libs/gnttab/../../../tools/include  -c -o gntshr_core.o gntshr_core.c 
gcc   -DBUILD_ID -fno-strict-aliasing -std=gnu99 -Wall -Wstrict-prototypes -Wdeclaration-after-statement -Wno-unused-but-set-variable -Wno-unused-local-typedefs   -O2 -fomit-frame-pointer -D__XEN_INTERFACE_VERSION__=__XEN_LATEST_INTERFACE_VERSION__ -MMD -MF .linux.o.d -D_LARGEFILE_SOURCE -D_LARGEFILE64_SOURCE   -Werror -Wmissing-prototypes -I./include -I/xen/tools/libs/gnttab/../../../tools/include -I/xen/tools/libs/gnttab/../../../tools/libs/toollog/include -I/xen/tools/libs/gnttab/../../../tools/include  -c -o linux.o linux.c 
ar rc libxengnttab.a gnttab_core.o gntshr_core.o linux.o
gcc  -DPIC  -DBUILD_ID -fno-strict-aliasing -std=gnu99 -Wall -Wstrict-prototypes -Wdeclaration-after-statement -Wno-unused-but-set-variable -Wno-unused-local-typedefs   -O2 -fomit-frame-pointer -D__XEN_INTERFACE_VERSION__=__XEN_LATEST_INTERFACE_VERSION__ -MMD -MF .gnttab_core.opic.d -D_LARGEFILE_SOURCE -D_LARGEFILE64_SOURCE   -Werror -Wmissing-prototypes -I./include -I/xen/tools/libs/gnttab/../../../tools/include -I/xen/tools/libs/gnttab/../../../tools/libs/toollog/include -I/xen/tools/libs/gnttab/../../../tools/include  -fPIC -c -o gnttab_core.opic gnttab_core.c 
gcc  -DPIC  -DBUILD_ID -fno-strict-aliasing -std=gnu99 -Wall -Wstrict-prototypes -Wdeclaration-after-statement -Wno-unused-but-set-variable -Wno-unused-local-typedefs   -O2 -fomit-frame-pointer -D__XEN_INTERFACE_VERSION__=__XEN_LATEST_INTERFACE_VERSION__ -MMD -MF .gntshr_core.opic.d -D_LARGEFILE_SOURCE -D_LARGEFILE64_SOURCE   -Werror -Wmissing-prototypes -I./include -I/xen/tools/libs/gnttab/../../../tools/include -I/xen/tools/libs/gnttab/../../../tools/libs/toollog/include -I/xen/tools/libs/gnttab/../../../tools/include  -fPIC -c -o gntshr_core.opic gntshr_core.c 
gcc  -DPIC  -DBUILD_ID -fno-strict-aliasing -std=gnu99 -Wall -Wstrict-prototypes -Wdeclaration-after-statement -Wno-unused-but-set-variable -Wno-unused-local-typedefs   -O2 -fomit-frame-pointer -D__XEN_INTERFACE_VERSION__=__XEN_LATEST_INTERFACE_VERSION__ -MMD -MF .linux.opic.d -D_LARGEFILE_SOURCE -D_LARGEFILE64_SOURCE   -Werror -Wmissing-prototypes -I./include -I/xen/tools/libs/gnttab/../../../tools/include -I/xen/tools/libs/gnttab/../../../tools/libs/toollog/include -I/xen/tools/libs/gnttab/../../../tools/include  -fPIC -c -o linux.opic linux.c 
gcc    -Wl,-soname -Wl,libxengnttab.so.1 -shared -Wl,--version-script=libxengnttab.map -o libxengnttab.so.1.1 gnttab_core.opic gntshr_core.opic linux.opic  /xen/tools/libs/gnttab/../../../tools/libs/toollog/libxentoollog.so 
ln -sf libxengnttab.so.1.1 libxengnttab.so.1
ln -sf libxengnttab.so.1 libxengnttab.so
mkdir -p /xen/tools/pkg-config
make[7]: Leaving directory '/xen/tools/libs/gnttab'
/xen/tools/libs/gnttab/../../../tools/cross-install -d -m0755 -p /xen/dist/install/usr/lib
/xen/tools/libs/gnttab/../../../tools/cross-install -d -m0755 -p /xen/dist/install/usr/include
/xen/tools/libs/gnttab/../../../tools/cross-install -m0755 -p libxengnttab.so.1.1 /xen/dist/install/usr/lib
/xen/tools/libs/gnttab/../../../tools/cross-install -m0644 -p libxengnttab.a /xen/dist/install/usr/lib
ln -sf libxengnttab.so.1.1 /xen/dist/install/usr/lib/libxengnttab.so.1
ln -sf libxengnttab.so.1 /xen/dist/install/usr/lib/libxengnttab.so
/xen/tools/libs/gnttab/../../../tools/cross-install -m0644 -p include/xengnttab.h /xen/dist/install/usr/include
/xen/tools/libs/gnttab/../../../tools/cross-install -m0644 -p xengnttab.pc /xen/dist/install/usr/share/pkgconfig
make[6]: Leaving directory '/xen/tools/libs/gnttab'
make[5]: Leaving directory '/xen/tools/libs'
make[5]: Entering directory '/xen/tools/libs'
make -C call install
make[6]: Entering directory '/xen/tools/libs/call'
make libs
make[7]: Entering directory '/xen/tools/libs/call'
for i in include/xencall.h; do \
    gcc -x c -ansi -Wall -Werror -I/xen/tools/libs/call/../../../tools/include \
          -S -o /dev/null $i || exit 1; \
    echo $i; \
done >headers.chk.new
mv headers.chk.new headers.chk
gcc   -DBUILD_ID -fno-strict-aliasing -std=gnu99 -Wall -Wstrict-prototypes -Wdeclaration-after-statement -Wno-unused-but-set-variable -Wno-unused-local-typedefs   -O2 -fomit-frame-pointer -D__XEN_INTERFACE_VERSION__=__XEN_LATEST_INTERFACE_VERSION__ -MMD -MF .core.o.d -D_LARGEFILE_SOURCE -D_LARGEFILE64_SOURCE   -Werror -Wmissing-prototypes -I./include -I/xen/tools/libs/call/../../../tools/include -I/xen/tools/libs/call/../../../tools/libs/toollog/include -I/xen/tools/libs/call/../../../tools/include  -c -o core.o core.c 
gcc   -DBUILD_ID -fno-strict-aliasing -std=gnu99 -Wall -Wstrict-prototypes -Wdeclaration-after-statement -Wno-unused-but-set-variable -Wno-unused-local-typedefs   -O2 -fomit-frame-pointer -D__XEN_INTERFACE_VERSION__=__XEN_LATEST_INTERFACE_VERSION__ -MMD -MF .buffer.o.d -D_LARGEFILE_SOURCE -D_LARGEFILE64_SOURCE   -Werror -Wmissing-prototypes -I./include -I/xen/tools/libs/call/../../../tools/include -I/xen/tools/libs/call/../../../tools/libs/toollog/include -I/xen/tools/libs/call/../../../tools/include  -c -o buffer.o buffer.c 
gcc   -DBUILD_ID -fno-strict-aliasing -std=gnu99 -Wall -Wstrict-prototypes -Wdeclaration-after-statement -Wno-unused-but-set-variable -Wno-unused-local-typedefs   -O2 -fomit-frame-pointer -D__XEN_INTERFACE_VERSION__=__XEN_LATEST_INTERFACE_VERSION__ -MMD -MF .linux.o.d -D_LARGEFILE_SOURCE -D_LARGEFILE64_SOURCE   -Werror -Wmissing-prototypes -I./include -I/xen/tools/libs/call/../../../tools/include -I/xen/tools/libs/call/../../../tools/libs/toollog/include -I/xen/tools/libs/call/../../../tools/include  -c -o linux.o linux.c 
ar rc libxencall.a core.o buffer.o linux.o
gcc  -DPIC  -DBUILD_ID -fno-strict-aliasing -std=gnu99 -Wall -Wstrict-prototypes -Wdeclaration-after-statement -Wno-unused-but-set-variable -Wno-unused-local-typedefs   -O2 -fomit-frame-pointer -D__XEN_INTERFACE_VERSION__=__XEN_LATEST_INTERFACE_VERSION__ -MMD -MF .core.opic.d -D_LARGEFILE_SOURCE -D_LARGEFILE64_SOURCE   -Werror -Wmissing-prototypes -I./include -I/xen/tools/libs/call/../../../tools/include -I/xen/tools/libs/call/../../../tools/libs/toollog/include -I/xen/tools/libs/call/../../../tools/include  -fPIC -c -o core.opic core.c 
gcc  -DPIC  -DBUILD_ID -fno-strict-aliasing -std=gnu99 -Wall -Wstrict-prototypes -Wdeclaration-after-statement -Wno-unused-but-set-variable -Wno-unused-local-typedefs   -O2 -fomit-frame-pointer -D__XEN_INTERFACE_VERSION__=__XEN_LATEST_INTERFACE_VERSION__ -MMD -MF .buffer.opic.d -D_LARGEFILE_SOURCE -D_LARGEFILE64_SOURCE   -Werror -Wmissing-prototypes -I./include -I/xen/tools/libs/call/../../../tools/include -I/xen/tools/libs/call/../../../tools/libs/toollog/include -I/xen/tools/libs/call/../../../tools/include  -fPIC -c -o buffer.opic buffer.c 
gcc  -DPIC  -DBUILD_ID -fno-strict-aliasing -std=gnu99 -Wall -Wstrict-prototypes -Wdeclaration-after-statement -Wno-unused-but-set-variable -Wno-unused-local-typedefs   -O2 -fomit-frame-pointer -D__XEN_INTERFACE_VERSION__=__XEN_LATEST_INTERFACE_VERSION__ -MMD -MF .linux.opic.d -D_LARGEFILE_SOURCE -D_LARGEFILE64_SOURCE   -Werror -Wmissing-prototypes -I./include -I/xen/tools/libs/call/../../../tools/include -I/xen/tools/libs/call/../../../tools/libs/toollog/include -I/xen/tools/libs/call/../../../tools/include  -fPIC -c -o linux.opic linux.c 
gcc    -pthread -Wl,-soname -Wl,libxencall.so.1 -shared -Wl,--version-script=libxencall.map -o libxencall.so.1.0 core.opic buffer.opic linux.opic  /xen/tools/libs/call/../../../tools/libs/toollog/libxentoollog.so 
ln -sf libxencall.so.1.0 libxencall.so.1
ln -sf libxencall.so.1 libxencall.so
mkdir -p /xen/tools/pkg-config
make[7]: Leaving directory '/xen/tools/libs/call'
/xen/tools/libs/call/../../../tools/cross-install -d -m0755 -p /xen/dist/install/usr/lib
/xen/tools/libs/call/../../../tools/cross-install -d -m0755 -p /xen/dist/install/usr/include
/xen/tools/libs/call/../../../tools/cross-install -m0755 -p libxencall.so.1.0 /xen/dist/install/usr/lib
/xen/tools/libs/call/../../../tools/cross-install -m0644 -p libxencall.a /xen/dist/install/usr/lib
ln -sf libxencall.so.1.0 /xen/dist/install/usr/lib/libxencall.so.1
ln -sf libxencall.so.1 /xen/dist/install/usr/lib/libxencall.so
/xen/tools/libs/call/../../../tools/cross-install -m0644 -p include/xencall.h /xen/dist/install/usr/include
/xen/tools/libs/call/../../../tools/cross-install -m0644 -p xencall.pc /xen/dist/install/usr/share/pkgconfig
make[6]: Leaving directory '/xen/tools/libs/call'
make[5]: Leaving directory '/xen/tools/libs'
make[5]: Entering directory '/xen/tools/libs'
make -C foreignmemory install
make[6]: Entering directory '/xen/tools/libs/foreignmemory'
make libs
make[7]: Entering directory '/xen/tools/libs/foreignmemory'
for i in include/xenforeignmemory.h; do \
    gcc -x c -ansi -Wall -Werror -I/xen/tools/libs/foreignmemory/../../../tools/include \
          -S -o /dev/null $i || exit 1; \
    echo $i; \
done >headers.chk.new
mv headers.chk.new headers.chk
gcc   -DBUILD_ID -fno-strict-aliasing -std=gnu99 -Wall -Wstrict-prototypes -Wdeclaration-after-statement -Wno-unused-but-set-variable -Wno-unused-local-typedefs   -O2 -fomit-frame-pointer -D__XEN_INTERFACE_VERSION__=__XEN_LATEST_INTERFACE_VERSION__ -MMD -MF .core.o.d -D_LARGEFILE_SOURCE -D_LARGEFILE64_SOURCE   -Werror -Wmissing-prototypes -I./include -I/xen/tools/libs/foreignmemory/../../../tools/include -I/xen/tools/libs/foreignmemory/../../../tools/libs/toollog/include -I/xen/tools/libs/foreignmemory/../../../tools/include  -c -o core.o core.c 
gcc   -DBUILD_ID -fno-strict-aliasing -std=gnu99 -Wall -Wstrict-prototypes -Wdeclaration-after-statement -Wno-unused-but-set-variable -Wno-unused-local-typedefs   -O2 -fomit-frame-pointer -D__XEN_INTERFACE_VERSION__=__XEN_LATEST_INTERFACE_VERSION__ -MMD -MF .linux.o.d -D_LARGEFILE_SOURCE -D_LARGEFILE64_SOURCE   -Werror -Wmissing-prototypes -I./include -I/xen/tools/libs/foreignmemory/../../../tools/include -I/xen/tools/libs/foreignmemory/../../../tools/libs/toollog/include -I/xen/tools/libs/foreignmemory/../../../tools/include  -c -o linux.o linux.c 
ar rc libxenforeignmemory.a core.o linux.o
gcc  -DPIC  -DBUILD_ID -fno-strict-aliasing -std=gnu99 -Wall -Wstrict-prototypes -Wdeclaration-after-statement -Wno-unused-but-set-variable -Wno-unused-local-typedefs   -O2 -fomit-frame-pointer -D__XEN_INTERFACE_VERSION__=__XEN_LATEST_INTERFACE_VERSION__ -MMD -MF .core.opic.d -D_LARGEFILE_SOURCE -D_LARGEFILE64_SOURCE   -Werror -Wmissing-prototypes -I./include -I/xen/tools/libs/foreignmemory/../../../tools/include -I/xen/tools/libs/foreignmemory/../../../tools/libs/toollog/include -I/xen/tools/libs/foreignmemory/../../../tools/include  -fPIC -c -o core.opic core.c 
gcc  -DPIC  -DBUILD_ID -fno-strict-aliasing -std=gnu99 -Wall -Wstrict-prototypes -Wdeclaration-after-statement -Wno-unused-but-set-variable -Wno-unused-local-typedefs   -O2 -fomit-frame-pointer -D__XEN_INTERFACE_VERSION__=__XEN_LATEST_INTERFACE_VERSION__ -MMD -MF .linux.opic.d -D_LARGEFILE_SOURCE -D_LARGEFILE64_SOURCE   -Werror -Wmissing-prototypes -I./include -I/xen/tools/libs/foreignmemory/../../../tools/include -I/xen/tools/libs/foreignmemory/../../../tools/libs/toollog/include -I/xen/tools/libs/foreignmemory/../../../tools/include  -fPIC -c -o linux.opic linux.c 
gcc    -pthread -Wl,-soname -Wl,libxenforeignmemory.so.1 -shared -Wl,--version-script=libxenforeignmemory.map -o libxenforeignmemory.so.1.1 core.opic linux.opic  /xen/tools/libs/foreignmemory/../../../tools/libs/toollog/libxentoollog.so 
ln -sf libxenforeignmemory.so.1.1 libxenforeignmemory.so.1
ln -sf libxenforeignmemory.so.1 libxenforeignmemory.so
mkdir -p /xen/tools/pkg-config
make[7]: Leaving directory '/xen/tools/libs/foreignmemory'
/xen/tools/libs/foreignmemory/../../../tools/cross-install -d -m0755 -p /xen/dist/install/usr/lib
/xen/tools/libs/foreignmemory/../../../tools/cross-install -d -m0755 -p /xen/dist/install/usr/include
/xen/tools/libs/foreignmemory/../../../tools/cross-install -m0755 -p libxenforeignmemory.so.1.1 /xen/dist/install/usr/lib
/xen/tools/libs/foreignmemory/../../../tools/cross-install -m0644 -p libxenforeignmemory.a /xen/dist/install/usr/lib
ln -sf libxenforeignmemory.so.1.1 /xen/dist/install/usr/lib/libxenforeignmemory.so.1
ln -sf libxenforeignmemory.so.1 /xen/dist/install/usr/lib/libxenforeignmemory.so
/xen/tools/libs/foreignmemory/../../../tools/cross-install -m0644 -p include/xenforeignmemory.h /xen/dist/install/usr/include
/xen/tools/libs/foreignmemory/../../../tools/cross-install -m0644 -p xenforeignmemory.pc /xen/dist/install/usr/share/pkgconfig
make[6]: Leaving directory '/xen/tools/libs/foreignmemory'
make[5]: Leaving directory '/xen/tools/libs'
make[5]: Entering directory '/xen/tools/libs'
make -C devicemodel install
make[6]: Entering directory '/xen/tools/libs/devicemodel'
make libs
make[7]: Entering directory '/xen/tools/libs/devicemodel'
for i in include/xendevicemodel.h; do \
    gcc -x c -ansi -Wall -Werror -I/xen/tools/libs/devicemodel/../../../tools/include \
          -S -o /dev/null $i || exit 1; \
    echo $i; \
done >headers.chk.new
mv headers.chk.new headers.chk
gcc   -DBUILD_ID -fno-strict-aliasing -std=gnu99 -Wall -Wstrict-prototypes -Wdeclaration-after-statement -Wno-unused-but-set-variable -Wno-unused-local-typedefs   -O2 -fomit-frame-pointer -D__XEN_INTERFACE_VERSION__=__XEN_LATEST_INTERFACE_VERSION__ -MMD -MF .core.o.d -D_LARGEFILE_SOURCE -D_LARGEFILE64_SOURCE   -Werror -Wmissing-prototypes -I./include -I/xen/tools/libs/devicemodel/../../../tools/include -I/xen/tools/libs/devicemodel/../../../tools/libs/toollog/include -I/xen/tools/libs/devicemodel/../../../tools/include -I/xen/tools/libs/devicemodel/../../../tools/libs/call/include -I/xen/tools/libs/devicemodel/../../../tools/include  -c -o core.o core.c 
gcc   -DBUILD_ID -fno-strict-aliasing -std=gnu99 -Wall -Wstrict-prototypes -Wdeclaration-after-statement -Wno-unused-but-set-variable -Wno-unused-local-typedefs   -O2 -fomit-frame-pointer -D__XEN_INTERFACE_VERSION__=__XEN_LATEST_INTERFACE_VERSION__ -MMD -MF .linux.o.d -D_LARGEFILE_SOURCE -D_LARGEFILE64_SOURCE   -Werror -Wmissing-prototypes -I./include -I/xen/tools/libs/devicemodel/../../../tools/include -I/xen/tools/libs/devicemodel/../../../tools/libs/toollog/include -I/xen/tools/libs/devicemodel/../../../tools/include -I/xen/tools/libs/devicemodel/../../../tools/libs/call/include -I/xen/tools/libs/devicemodel/../../../tools/include  -c -o linux.o linux.c 
ar rc libxendevicemodel.a core.o linux.o
gcc  -DPIC  -DBUILD_ID -fno-strict-aliasing -std=gnu99 -Wall -Wstrict-prototypes -Wdeclaration-after-statement -Wno-unused-but-set-variable -Wno-unused-local-typedefs   -O2 -fomit-frame-pointer -D__XEN_INTERFACE_VERSION__=__XEN_LATEST_INTERFACE_VERSION__ -MMD -MF .core.opic.d -D_LARGEFILE_SOURCE -D_LARGEFILE64_SOURCE   -Werror -Wmissing-prototypes -I./include -I/xen/tools/libs/devicemodel/../../../tools/include -I/xen/tools/libs/devicemodel/../../../tools/libs/toollog/include -I/xen/tools/libs/devicemodel/../../../tools/include -I/xen/tools/libs/devicemodel/../../../tools/libs/call/include -I/xen/tools/libs/devicemodel/../../../tools/include  -fPIC -c -o core.opic core.c 
gcc  -DPIC  -DBUILD_ID -fno-strict-aliasing -std=gnu99 -Wall -Wstrict-prototypes -Wdeclaration-after-statement -Wno-unused-but-set-variable -Wno-unused-local-typedefs   -O2 -fomit-frame-pointer -D__XEN_INTERFACE_VERSION__=__XEN_LATEST_INTERFACE_VERSION__ -MMD -MF .linux.opic.d -D_LARGEFILE_SOURCE -D_LARGEFILE64_SOURCE   -Werror -Wmissing-prototypes -I./include -I/xen/tools/libs/devicemodel/../../../tools/include -I/xen/tools/libs/devicemodel/../../../tools/libs/toollog/include -I/xen/tools/libs/devicemodel/../../../tools/include -I/xen/tools/libs/devicemodel/../../../tools/libs/call/include -I/xen/tools/libs/devicemodel/../../../tools/include  -fPIC -c -o linux.opic linux.c 
gcc    -pthread -Wl,-soname -Wl,libxendevicemodel.so.1 -shared -Wl,--version-script=libxendevicemodel.map -o libxendevicemodel.so.1.0 core.opic linux.opic  /xen/tools/libs/devicemodel/../../../tools/libs/toollog/libxentoollog.so  /xen/tools/libs/devicemodel/../../../tools/libs/call/libxencall.so 
ln -sf libxendevicemodel.so.1.0 libxendevicemodel.so.1
ln -sf libxendevicemodel.so.1 libxendevicemodel.so
mkdir -p /xen/tools/pkg-config
make[7]: Leaving directory '/xen/tools/libs/devicemodel'
/xen/tools/libs/devicemodel/../../../tools/cross-install -d -m0755 -p /xen/dist/install/usr/lib
/xen/tools/libs/devicemodel/../../../tools/cross-install -d -m0755 -p /xen/dist/install/usr/include
/xen/tools/libs/devicemodel/../../../tools/cross-install -m0755 -p libxendevicemodel.so.1.0 /xen/dist/install/usr/lib
/xen/tools/libs/devicemodel/../../../tools/cross-install -m0644 -p libxendevicemodel.a /xen/dist/install/usr/lib
ln -sf libxendevicemodel.so.1.0 /xen/dist/install/usr/lib/libxendevicemodel.so.1
ln -sf libxendevicemodel.so.1 /xen/dist/install/usr/lib/libxendevicemodel.so
/xen/tools/libs/devicemodel/../../../tools/cross-install -m0644 -p include/xendevicemodel.h /xen/dist/install/usr/include
/xen/tools/libs/devicemodel/../../../tools/cross-install -m0644 -p xendevicemodel.pc /xen/dist/install/usr/share/pkgconfig
make[6]: Leaving directory '/xen/tools/libs/devicemodel'
make[5]: Leaving directory '/xen/tools/libs'
make[4]: Leaving directory '/xen/tools/libs'
make[3]: Leaving directory '/xen/tools'
make[3]: Entering directory '/xen/tools'
make -C libxc install
make[4]: Entering directory '/xen/tools/libxc'
make libs
make[5]: Entering directory '/xen/tools/libxc'
rm -f _paths.h.tmp;  echo "#define sbindir \"/usr/sbin\"" >>_paths.h.tmp;  echo "#define bindir \"/usr/bin\"" >>_paths.h.tmp;  echo "#define LIBEXEC \"/usr/lib/xen\"" >>_paths.h.tmp;  echo "#define LIBEXEC_BIN \"/usr/lib/xen/bin\"" >>_paths.h.tmp;  echo "#define libdir \"/usr/lib\"" >>_paths.h.tmp;  echo "#define SHAREDIR \"/usr/share\"" >>_paths.h.tmp;  echo "#define XENFIRMWAREDIR \"/usr/lib/xen/boot\"" >>_paths.h.tmp;  echo "#define XEN_CONFIG_DIR \"/etc/xen\"" >>_paths.h.tmp;  echo "#define XEN_SCRIPT_DIR \"/etc/xen/scripts\"" >>_paths.h.tmp;  echo "#define XEN_LOCK_DIR \"/var/lock\"" >>_paths.h.tmp;  echo "#define XEN_RUN_DIR \"/var/run/xen\"" >>_paths.h.tmp;  echo "#define XEN_PAGING_DIR \"/var/lib/xen/xenpaging\"" >>_paths.h.tmp;  echo "#define XEN_DUMP_DIR \"/var/lib/xen/dump\"" >>_paths.h.tmp;  echo "#define XEN_LOG_DIR \"/var/log/xen\"" >>_paths.h.tmp;  echo "#define XEN_LIB_DIR \"/var/lib/xen\"" >>_paths.h.tmp;  echo "#define XEN_RUN_STORED \"/var/run/xenstored\"" >>_paths.h.tmp; 	if ! cmp -s _paths.h.tmp _paths.h; then mv -f _paths.h.tmp _paths.h; else rm -f _paths.h.tmp; fi
gcc   -DBUILD_ID -fno-strict-aliasing -std=gnu99 -Wall -Wstrict-prototypes -Wdeclaration-after-statement -Wno-unused-but-set-variable -Wno-unused-local-typedefs   -O2 -fomit-frame-pointer -D__XEN_INTERFACE_VERSION__=__XEN_LATEST_INTERFACE_VERSION__ -MMD -MF .xc_altp2m.o.d -D_LARGEFILE_SOURCE -D_LARGEFILE64_SOURCE -D_GNU_SOURCE  -I../../xen/common/libelf -Werror -Wmissing-prototypes -I. -I./include -I/xen/tools/libxc/../../tools/include -D__XEN_TOOLS__ -pthread -I/xen/tools/libxc/../../tools/libs/toollog/include -I/xen/tools/libxc/../../tools/include -I/xen/tools/libxc/../../tools/libs/evtchn/include -I/xen/tools/libxc/../../tools/include -I/xen/tools/libxc/../../tools/libs/devicemodel/include -I/xen/tools/libxc/../../tools/include -include /xen/tools/libxc/../../tools/config.h -I/xen/tools/libxc/../../tools/libs/call/include -I/xen/tools/libxc/../../tools/include -I/xen/tools/libxc/../../tools/libs/foreignmemory/include -I/xen/tools/libxc/../../tools/include -I/xen/tools/libxc/../../tools/libs/gnttab/include -I/xen/tools/libxc/../../tools/include  -c -o xc_altp2m.o xc_altp2m.c 
gcc   -DBUILD_ID -fno-strict-aliasing -std=gnu99 -Wall -Wstrict-prototypes -Wdeclaration-after-statement -Wno-unused-but-set-variable -Wno-unused-local-typedefs   -O2 -fomit-frame-pointer -D__XEN_INTERFACE_VERSION__=__XEN_LATEST_INTERFACE_VERSION__ -MMD -MF .xc_core.o.d -D_LARGEFILE_SOURCE -D_LARGEFILE64_SOURCE -D_GNU_SOURCE  -I../../xen/common/libelf -Werror -Wmissing-prototypes -I. -I./include -I/xen/tools/libxc/../../tools/include -D__XEN_TOOLS__ -pthread -I/xen/tools/libxc/../../tools/libs/toollog/include -I/xen/tools/libxc/../../tools/include -I/xen/tools/libxc/../../tools/libs/evtchn/include -I/xen/tools/libxc/../../tools/include -I/xen/tools/libxc/../../tools/libs/devicemodel/include -I/xen/tools/libxc/../../tools/include -include /xen/tools/libxc/../../tools/config.h -I/xen/tools/libxc/../../tools/libs/call/include -I/xen/tools/libxc/../../tools/include -I/xen/tools/libxc/../../tools/libs/foreignmemory/include -I/xen/tools/libxc/../../tools/include -I/xen/tools/libxc/../../tools/libs/gnttab/include -I/xen/tools/libxc/../../tools/include  -c -o xc_core.o xc_core.c 
gcc   -DBUILD_ID -fno-strict-aliasing -std=gnu99 -Wall -Wstrict-prototypes -Wdeclaration-after-statement -Wno-unused-but-set-variable -Wno-unused-local-typedefs   -O2 -fomit-frame-pointer -D__XEN_INTERFACE_VERSION__=__XEN_LATEST_INTERFACE_VERSION__ -MMD -MF .xc_core_arm.o.d -D_LARGEFILE_SOURCE -D_LARGEFILE64_SOURCE -D_GNU_SOURCE  -I../../xen/common/libelf -Werror -Wmissing-prototypes -I. -I./include -I/xen/tools/libxc/../../tools/include -D__XEN_TOOLS__ -pthread -I/xen/tools/libxc/../../tools/libs/toollog/include -I/xen/tools/libxc/../../tools/include -I/xen/tools/libxc/../../tools/libs/evtchn/include -I/xen/tools/libxc/../../tools/include -I/xen/tools/libxc/../../tools/libs/devicemodel/include -I/xen/tools/libxc/../../tools/include -include /xen/tools/libxc/../../tools/config.h -I/xen/tools/libxc/../../tools/libs/call/include -I/xen/tools/libxc/../../tools/include -I/xen/tools/libxc/../../tools/libs/foreignmemory/include -I/xen/tools/libxc/../../tools/include -I/xen/tools/libxc/../../tools/libs/gnttab/include -I/xen/tools/libxc/../../tools/include  -c -o xc_core_arm.o xc_core_arm.c 
gcc   -DBUILD_ID -fno-strict-aliasing -std=gnu99 -Wall -Wstrict-prototypes -Wdeclaration-after-statement -Wno-unused-but-set-variable -Wno-unused-local-typedefs   -O2 -fomit-frame-pointer -D__XEN_INTERFACE_VERSION__=__XEN_LATEST_INTERFACE_VERSION__ -MMD -MF .xc_cpupool.o.d -D_LARGEFILE_SOURCE -D_LARGEFILE64_SOURCE -D_GNU_SOURCE  -I../../xen/common/libelf -Werror -Wmissing-prototypes -I. -I./include -I/xen/tools/libxc/../../tools/include -D__XEN_TOOLS__ -pthread -I/xen/tools/libxc/../../tools/libs/toollog/include -I/xen/tools/libxc/../../tools/include -I/xen/tools/libxc/../../tools/libs/evtchn/include -I/xen/tools/libxc/../../tools/include -I/xen/tools/libxc/../../tools/libs/devicemodel/include -I/xen/tools/libxc/../../tools/include -include /xen/tools/libxc/../../tools/config.h -I/xen/tools/libxc/../../tools/libs/call/include -I/xen/tools/libxc/../../tools/include -I/xen/tools/libxc/../../tools/libs/foreignmemory/include -I/xen/tools/libxc/../../tools/include -I/xen/tools/libxc/../../tools/libs/gnttab/include -I/xen/tools/libxc/../../tools/include  -c -o xc_cpupool.o xc_cpupool.c 
gcc   -DBUILD_ID -fno-strict-aliasing -std=gnu99 -Wall -Wstrict-prototypes -Wdeclaration-after-statement -Wno-unused-but-set-variable -Wno-unused-local-typedefs   -O2 -fomit-frame-pointer -D__XEN_INTERFACE_VERSION__=__XEN_LATEST_INTERFACE_VERSION__ -MMD -MF .xc_domain.o.d -D_LARGEFILE_SOURCE -D_LARGEFILE64_SOURCE -D_GNU_SOURCE  -I../../xen/common/libelf -Werror -Wmissing-prototypes -I. -I./include -I/xen/tools/libxc/../../tools/include -D__XEN_TOOLS__ -pthread -I/xen/tools/libxc/../../tools/libs/toollog/include -I/xen/tools/libxc/../../tools/include -I/xen/tools/libxc/../../tools/libs/evtchn/include -I/xen/tools/libxc/../../tools/include -I/xen/tools/libxc/../../tools/libs/devicemodel/include -I/xen/tools/libxc/../../tools/include -include /xen/tools/libxc/../../tools/config.h -I/xen/tools/libxc/../../tools/libs/call/include -I/xen/tools/libxc/../../tools/include -I/xen/tools/libxc/../../tools/libs/foreignmemory/include -I/xen/tools/libxc/../../tools/include -I/xen/tools/libxc/../../tools/libs/gnttab/include -I/xen/tools/libxc/../../tools/include  -c -o xc_domain.o xc_domain.c 
gcc   -DBUILD_ID -fno-strict-aliasing -std=gnu99 -Wall -Wstrict-prototypes -Wdeclaration-after-statement -Wno-unused-but-set-variable -Wno-unused-local-typedefs   -O2 -fomit-frame-pointer -D__XEN_INTERFACE_VERSION__=__XEN_LATEST_INTERFACE_VERSION__ -MMD -MF .xc_evtchn.o.d -D_LARGEFILE_SOURCE -D_LARGEFILE64_SOURCE -D_GNU_SOURCE  -I../../xen/common/libelf -Werror -Wmissing-prototypes -I. -I./include -I/xen/tools/libxc/../../tools/include -D__XEN_TOOLS__ -pthread -I/xen/tools/libxc/../../tools/libs/toollog/include -I/xen/tools/libxc/../../tools/include -I/xen/tools/libxc/../../tools/libs/evtchn/include -I/xen/tools/libxc/../../tools/include -I/xen/tools/libxc/../../tools/libs/devicemodel/include -I/xen/tools/libxc/../../tools/include -include /xen/tools/libxc/../../tools/config.h -I/xen/tools/libxc/../../tools/libs/call/include -I/xen/tools/libxc/../../tools/include -I/xen/tools/libxc/../../tools/libs/foreignmemory/include -I/xen/tools/libxc/../../tools/include -I/xen/tools/libxc/../../tools/libs/gnttab/include -I/xen/tools/libxc/../../tools/include  -c -o xc_evtchn.o xc_evtchn.c 
gcc   -DBUILD_ID -fno-strict-aliasing -std=gnu99 -Wall -Wstrict-prototypes -Wdeclaration-after-statement -Wno-unused-but-set-variable -Wno-unused-local-typedefs   -O2 -fomit-frame-pointer -D__XEN_INTERFACE_VERSION__=__XEN_LATEST_INTERFACE_VERSION__ -MMD -MF .xc_gnttab.o.d -D_LARGEFILE_SOURCE -D_LARGEFILE64_SOURCE -D_GNU_SOURCE  -I../../xen/common/libelf -Werror -Wmissing-prototypes -I. -I./include -I/xen/tools/libxc/../../tools/include -D__XEN_TOOLS__ -pthread -I/xen/tools/libxc/../../tools/libs/toollog/include -I/xen/tools/libxc/../../tools/include -I/xen/tools/libxc/../../tools/libs/evtchn/include -I/xen/tools/libxc/../../tools/include -I/xen/tools/libxc/../../tools/libs/devicemodel/include -I/xen/tools/libxc/../../tools/include -include /xen/tools/libxc/../../tools/config.h -I/xen/tools/libxc/../../tools/libs/call/include -I/xen/tools/libxc/../../tools/include -I/xen/tools/libxc/../../tools/libs/foreignmemory/include -I/xen/tools/libxc/../../tools/include -I/xen/tools/libxc/../../tools/libs/gnttab/include -I/xen/tools/libxc/../../tools/include  -c -o xc_gnttab.o xc_gnttab.c 
gcc   -DBUILD_ID -fno-strict-aliasing -std=gnu99 -Wall -Wstrict-prototypes -Wdeclaration-after-statement -Wno-unused-but-set-variable -Wno-unused-local-typedefs   -O2 -fomit-frame-pointer -D__XEN_INTERFACE_VERSION__=__XEN_LATEST_INTERFACE_VERSION__ -MMD -MF .xc_misc.o.d -D_LARGEFILE_SOURCE -D_LARGEFILE64_SOURCE -D_GNU_SOURCE  -I../../xen/common/libelf -Werror -Wmissing-prototypes -I. -I./include -I/xen/tools/libxc/../../tools/include -D__XEN_TOOLS__ -pthread -I/xen/tools/libxc/../../tools/libs/toollog/include -I/xen/tools/libxc/../../tools/include -I/xen/tools/libxc/../../tools/libs/evtchn/include -I/xen/tools/libxc/../../tools/include -I/xen/tools/libxc/../../tools/libs/devicemodel/include -I/xen/tools/libxc/../../tools/include -include /xen/tools/libxc/../../tools/config.h -I/xen/tools/libxc/../../tools/libs/call/include -I/xen/tools/libxc/../../tools/include -I/xen/tools/libxc/../../tools/libs/foreignmemory/include -I/xen/tools/libxc/../../tools/include -I/xen/tools/libxc/../../tools/libs/gnttab/include -I/xen/tools/libxc/../../tools/include  -c -o xc_misc.o xc_misc.c 
gcc   -DBUILD_ID -fno-strict-aliasing -std=gnu99 -Wall -Wstrict-prototypes -Wdeclaration-after-statement -Wno-unused-but-set-variable -Wno-unused-local-typedefs   -O2 -fomit-frame-pointer -D__XEN_INTERFACE_VERSION__=__XEN_LATEST_INTERFACE_VERSION__ -MMD -MF .xc_flask.o.d -D_LARGEFILE_SOURCE -D_LARGEFILE64_SOURCE -D_GNU_SOURCE  -I../../xen/common/libelf -Werror -Wmissing-prototypes -I. -I./include -I/xen/tools/libxc/../../tools/include -D__XEN_TOOLS__ -pthread -I/xen/tools/libxc/../../tools/libs/toollog/include -I/xen/tools/libxc/../../tools/include -I/xen/tools/libxc/../../tools/libs/evtchn/include -I/xen/tools/libxc/../../tools/include -I/xen/tools/libxc/../../tools/libs/devicemodel/include -I/xen/tools/libxc/../../tools/include -include /xen/tools/libxc/../../tools/config.h -I/xen/tools/libxc/../../tools/libs/call/include -I/xen/tools/libxc/../../tools/include -I/xen/tools/libxc/../../tools/libs/foreignmemory/include -I/xen/tools/libxc/../../tools/include -I/xen/tools/libxc/../../tools/libs/gnttab/include -I/xen/tools/libxc/../../tools/include  -c -o xc_flask.o xc_flask.c 
gcc   -DBUILD_ID -fno-strict-aliasing -std=gnu99 -Wall -Wstrict-prototypes -Wdeclaration-after-statement -Wno-unused-but-set-variable -Wno-unused-local-typedefs   -O2 -fomit-frame-pointer -D__XEN_INTERFACE_VERSION__=__XEN_LATEST_INTERFACE_VERSION__ -MMD -MF .xc_physdev.o.d -D_LARGEFILE_SOURCE -D_LARGEFILE64_SOURCE -D_GNU_SOURCE  -I../../xen/common/libelf -Werror -Wmissing-prototypes -I. -I./include -I/xen/tools/libxc/../../tools/include -D__XEN_TOOLS__ -pthread -I/xen/tools/libxc/../../tools/libs/toollog/include -I/xen/tools/libxc/../../tools/include -I/xen/tools/libxc/../../tools/libs/evtchn/include -I/xen/tools/libxc/../../tools/include -I/xen/tools/libxc/../../tools/libs/devicemodel/include -I/xen/tools/libxc/../../tools/include -include /xen/tools/libxc/../../tools/config.h -I/xen/tools/libxc/../../tools/libs/call/include -I/xen/tools/libxc/../../tools/include -I/xen/tools/libxc/../../tools/libs/foreignmemory/include -I/xen/tools/libxc/../../tools/include -I/xen/tools/libxc/../../tools/libs/gnttab/include -I/xen/tools/libxc/../../tools/include  -c -o xc_physdev.o xc_physdev.c 
gcc   -DBUILD_ID -fno-strict-aliasing -std=gnu99 -Wall -Wstrict-prototypes -Wdeclaration-after-statement -Wno-unused-but-set-variable -Wno-unused-local-typedefs   -O2 -fomit-frame-pointer -D__XEN_INTERFACE_VERSION__=__XEN_LATEST_INTERFACE_VERSION__ -MMD -MF .xc_private.o.d -D_LARGEFILE_SOURCE -D_LARGEFILE64_SOURCE -D_GNU_SOURCE  -I../../xen/common/libelf -Werror -Wmissing-prototypes -I. -I./include -I/xen/tools/libxc/../../tools/include -D__XEN_TOOLS__ -pthread -I/xen/tools/libxc/../../tools/libs/toollog/include -I/xen/tools/libxc/../../tools/include -I/xen/tools/libxc/../../tools/libs/evtchn/include -I/xen/tools/libxc/../../tools/include -I/xen/tools/libxc/../../tools/libs/devicemodel/include -I/xen/tools/libxc/../../tools/include -include /xen/tools/libxc/../../tools/config.h -I/xen/tools/libxc/../../tools/libs/call/include -I/xen/tools/libxc/../../tools/include -I/xen/tools/libxc/../../tools/libs/foreignmemory/include -I/xen/tools/libxc/../../tools/include -I/xen/tools/libxc/../../tools/libs/gnttab/include -I/xen/tools/libxc/../../tools/include  -c -o xc_private.o xc_private.c 
gcc   -DBUILD_ID -fno-strict-aliasing -std=gnu99 -Wall -Wstrict-prototypes -Wdeclaration-after-statement -Wno-unused-but-set-variable -Wno-unused-local-typedefs   -O2 -fomit-frame-pointer -D__XEN_INTERFACE_VERSION__=__XEN_LATEST_INTERFACE_VERSION__ -MMD -MF .xc_csched.o.d -D_LARGEFILE_SOURCE -D_LARGEFILE64_SOURCE -D_GNU_SOURCE  -I../../xen/common/libelf -Werror -Wmissing-prototypes -I. -I./include -I/xen/tools/libxc/../../tools/include -D__XEN_TOOLS__ -pthread -I/xen/tools/libxc/../../tools/libs/toollog/include -I/xen/tools/libxc/../../tools/include -I/xen/tools/libxc/../../tools/libs/evtchn/include -I/xen/tools/libxc/../../tools/include -I/xen/tools/libxc/../../tools/libs/devicemodel/include -I/xen/tools/libxc/../../tools/include -include /xen/tools/libxc/../../tools/config.h -I/xen/tools/libxc/../../tools/libs/call/include -I/xen/tools/libxc/../../tools/include -I/xen/tools/libxc/../../tools/libs/foreignmemory/include -I/xen/tools/libxc/../../tools/include -I/xen/tools/libxc/../../tools/libs/gnttab/include -I/xen/tools/libxc/../../tools/include  -c -o xc_csched.o xc_csched.c 
gcc   -DBUILD_ID -fno-strict-aliasing -std=gnu99 -Wall -Wstrict-prototypes -Wdeclaration-after-statement -Wno-unused-but-set-variable -Wno-unused-local-typedefs   -O2 -fomit-frame-pointer -D__XEN_INTERFACE_VERSION__=__XEN_LATEST_INTERFACE_VERSION__ -MMD -MF .xc_csched2.o.d -D_LARGEFILE_SOURCE -D_LARGEFILE64_SOURCE -D_GNU_SOURCE  -I../../xen/common/libelf -Werror -Wmissing-prototypes -I. -I./include -I/xen/tools/libxc/../../tools/include -D__XEN_TOOLS__ -pthread -I/xen/tools/libxc/../../tools/libs/toollog/include -I/xen/tools/libxc/../../tools/include -I/xen/tools/libxc/../../tools/libs/evtchn/include -I/xen/tools/libxc/../../tools/include -I/xen/tools/libxc/../../tools/libs/devicemodel/include -I/xen/tools/libxc/../../tools/include -include /xen/tools/libxc/../../tools/config.h -I/xen/tools/libxc/../../tools/libs/call/include -I/xen/tools/libxc/../../tools/include -I/xen/tools/libxc/../../tools/libs/foreignmemory/include -I/xen/tools/libxc/../../tools/include -I/xen/tools/libxc/../../tools/libs/gnttab/include -I/xen/tools/libxc/../../tools/include  -c -o xc_csched2.o xc_csched2.c 
gcc   -DBUILD_ID -fno-strict-aliasing -std=gnu99 -Wall -Wstrict-prototypes -Wdeclaration-after-statement -Wno-unused-but-set-variable -Wno-unused-local-typedefs   -O2 -fomit-frame-pointer -D__XEN_INTERFACE_VERSION__=__XEN_LATEST_INTERFACE_VERSION__ -MMD -MF .xc_arinc653.o.d -D_LARGEFILE_SOURCE -D_LARGEFILE64_SOURCE -D_GNU_SOURCE  -I../../xen/common/libelf -Werror -Wmissing-prototypes -I. -I./include -I/xen/tools/libxc/../../tools/include -D__XEN_TOOLS__ -pthread -I/xen/tools/libxc/../../tools/libs/toollog/include -I/xen/tools/libxc/../../tools/include -I/xen/tools/libxc/../../tools/libs/evtchn/include -I/xen/tools/libxc/../../tools/include -I/xen/tools/libxc/../../tools/libs/devicemodel/include -I/xen/tools/libxc/../../tools/include -include /xen/tools/libxc/../../tools/config.h -I/xen/tools/libxc/../../tools/libs/call/include -I/xen/tools/libxc/../../tools/include -I/xen/tools/libxc/../../tools/libs/foreignmemory/include -I/xen/tools/libxc/../../tools/include -I/xen/tools/libxc/../../tools/libs/gnttab/include -I/xen/tools/libxc/../../tools/include  -c -o xc_arinc653.o xc_arinc653.c 
gcc   -DBUILD_ID -fno-strict-aliasing -std=gnu99 -Wall -Wstrict-prototypes -Wdeclaration-after-statement -Wno-unused-but-set-variable -Wno-unused-local-typedefs   -O2 -fomit-frame-pointer -D__XEN_INTERFACE_VERSION__=__XEN_LATEST_INTERFACE_VERSION__ -MMD -MF .xc_rt.o.d -D_LARGEFILE_SOURCE -D_LARGEFILE64_SOURCE -D_GNU_SOURCE  -I../../xen/common/libelf -Werror -Wmissing-prototypes -I. -I./include -I/xen/tools/libxc/../../tools/include -D__XEN_TOOLS__ -pthread -I/xen/tools/libxc/../../tools/libs/toollog/include -I/xen/tools/libxc/../../tools/include -I/xen/tools/libxc/../../tools/libs/evtchn/include -I/xen/tools/libxc/../../tools/include -I/xen/tools/libxc/../../tools/libs/devicemodel/include -I/xen/tools/libxc/../../tools/include -include /xen/tools/libxc/../../tools/config.h -I/xen/tools/libxc/../../tools/libs/call/include -I/xen/tools/libxc/../../tools/include -I/xen/tools/libxc/../../tools/libs/foreignmemory/include -I/xen/tools/libxc/../../tools/include -I/xen/tools/libxc/../../tools/libs/gnttab/include -I/xen/tools/libxc/../../tools/include  -c -o xc_rt.o xc_rt.c 
gcc   -DBUILD_ID -fno-strict-aliasing -std=gnu99 -Wall -Wstrict-prototypes -Wdeclaration-after-statement -Wno-unused-but-set-variable -Wno-unused-local-typedefs   -O2 -fomit-frame-pointer -D__XEN_INTERFACE_VERSION__=__XEN_LATEST_INTERFACE_VERSION__ -MMD -MF .xc_tbuf.o.d -D_LARGEFILE_SOURCE -D_LARGEFILE64_SOURCE -D_GNU_SOURCE  -I../../xen/common/libelf -Werror -Wmissing-prototypes -I. -I./include -I/xen/tools/libxc/../../tools/include -D__XEN_TOOLS__ -pthread -I/xen/tools/libxc/../../tools/libs/toollog/include -I/xen/tools/libxc/../../tools/include -I/xen/tools/libxc/../../tools/libs/evtchn/include -I/xen/tools/libxc/../../tools/include -I/xen/tools/libxc/../../tools/libs/devicemodel/include -I/xen/tools/libxc/../../tools/include -include /xen/tools/libxc/../../tools/config.h -I/xen/tools/libxc/../../tools/libs/call/include -I/xen/tools/libxc/../../tools/include -I/xen/tools/libxc/../../tools/libs/foreignmemory/include -I/xen/tools/libxc/../../tools/include -I/xen/tools/libxc/../../tools/libs/gnttab/include -I/xen/tools/libxc/../../tools/include  -c -o xc_tbuf.o xc_tbuf.c 
gcc   -DBUILD_ID -fno-strict-aliasing -std=gnu99 -Wall -Wstrict-prototypes -Wdeclaration-after-statement -Wno-unused-but-set-variable -Wno-unused-local-typedefs   -O2 -fomit-frame-pointer -D__XEN_INTERFACE_VERSION__=__XEN_LATEST_INTERFACE_VERSION__ -MMD -MF .xc_pm.o.d -D_LARGEFILE_SOURCE -D_LARGEFILE64_SOURCE -D_GNU_SOURCE  -I../../xen/common/libelf -Werror -Wmissing-prototypes -I. -I./include -I/xen/tools/libxc/../../tools/include -D__XEN_TOOLS__ -pthread -I/xen/tools/libxc/../../tools/libs/toollog/include -I/xen/tools/libxc/../../tools/include -I/xen/tools/libxc/../../tools/libs/evtchn/include -I/xen/tools/libxc/../../tools/include -I/xen/tools/libxc/../../tools/libs/devicemodel/include -I/xen/tools/libxc/../../tools/include -include /xen/tools/libxc/../../tools/config.h -I/xen/tools/libxc/../../tools/libs/call/include -I/xen/tools/libxc/../../tools/include -I/xen/tools/libxc/../../tools/libs/foreignmemory/include -I/xen/tools/libxc/../../tools/include -I/xen/tools/libxc/../../tools/libs/gnttab/include -I/xen/tools/libxc/../../tools/include  -c -o xc_pm.o xc_pm.c 
gcc   -DBUILD_ID -fno-strict-aliasing -std=gnu99 -Wall -Wstrict-prototypes -Wdeclaration-after-statement -Wno-unused-but-set-variable -Wno-unused-local-typedefs   -O2 -fomit-frame-pointer -D__XEN_INTERFACE_VERSION__=__XEN_LATEST_INTERFACE_VERSION__ -MMD -MF .xc_cpu_hotplug.o.d -D_LARGEFILE_SOURCE -D_LARGEFILE64_SOURCE -D_GNU_SOURCE  -I../../xen/common/libelf -Werror -Wmissing-prototypes -I. -I./include -I/xen/tools/libxc/../../tools/include -D__XEN_TOOLS__ -pthread -I/xen/tools/libxc/../../tools/libs/toollog/include -I/xen/tools/libxc/../../tools/include -I/xen/tools/libxc/../../tools/libs/evtchn/include -I/xen/tools/libxc/../../tools/include -I/xen/tools/libxc/../../tools/libs/devicemodel/include -I/xen/tools/libxc/../../tools/include -include /xen/tools/libxc/../../tools/config.h -I/xen/tools/libxc/../../tools/libs/call/include -I/xen/tools/libxc/../../tools/include -I/xen/tools/libxc/../../tools/libs/foreignmemory/include -I/xen/tools/libxc/../../tools/include -I/xen/tools/libxc/../../tools/libs/gnttab/include -I/xen/tools/libxc/../../tools/include  -c -o xc_cpu_hotplug.o xc_cpu_hotplug.c 
gcc   -DBUILD_ID -fno-strict-aliasing -std=gnu99 -Wall -Wstrict-prototypes -Wdeclaration-after-statement -Wno-unused-but-set-variable -Wno-unused-local-typedefs   -O2 -fomit-frame-pointer -D__XEN_INTERFACE_VERSION__=__XEN_LATEST_INTERFACE_VERSION__ -MMD -MF .xc_resume.o.d -D_LARGEFILE_SOURCE -D_LARGEFILE64_SOURCE -D_GNU_SOURCE  -I../../xen/common/libelf -Werror -Wmissing-prototypes -I. -I./include -I/xen/tools/libxc/../../tools/include -D__XEN_TOOLS__ -pthread -I/xen/tools/libxc/../../tools/libs/toollog/include -I/xen/tools/libxc/../../tools/include -I/xen/tools/libxc/../../tools/libs/evtchn/include -I/xen/tools/libxc/../../tools/include -I/xen/tools/libxc/../../tools/libs/devicemodel/include -I/xen/tools/libxc/../../tools/include -include /xen/tools/libxc/../../tools/config.h -I/xen/tools/libxc/../../tools/libs/call/include -I/xen/tools/libxc/../../tools/include -I/xen/tools/libxc/../../tools/libs/foreignmemory/include -I/xen/tools/libxc/../../tools/include -I/xen/tools/libxc/../../tools/libs/gnttab/include -I/xen/tools/libxc/../../tools/include  -c -o xc_resume.o xc_resume.c 
gcc   -DBUILD_ID -fno-strict-aliasing -std=gnu99 -Wall -Wstrict-prototypes -Wdeclaration-after-statement -Wno-unused-but-set-variable -Wno-unused-local-typedefs   -O2 -fomit-frame-pointer -D__XEN_INTERFACE_VERSION__=__XEN_LATEST_INTERFACE_VERSION__ -MMD -MF .xc_tmem.o.d -D_LARGEFILE_SOURCE -D_LARGEFILE64_SOURCE -D_GNU_SOURCE  -I../../xen/common/libelf -Werror -Wmissing-prototypes -I. -I./include -I/xen/tools/libxc/../../tools/include -D__XEN_TOOLS__ -pthread -I/xen/tools/libxc/../../tools/libs/toollog/include -I/xen/tools/libxc/../../tools/include -I/xen/tools/libxc/../../tools/libs/evtchn/include -I/xen/tools/libxc/../../tools/include -I/xen/tools/libxc/../../tools/libs/devicemodel/include -I/xen/tools/libxc/../../tools/include -include /xen/tools/libxc/../../tools/config.h -I/xen/tools/libxc/../../tools/libs/call/include -I/xen/tools/libxc/../../tools/include -I/xen/tools/libxc/../../tools/libs/foreignmemory/include -I/xen/tools/libxc/../../tools/include -I/xen/tools/libxc/../../tools/libs/gnttab/include -I/xen/tools/libxc/../../tools/include  -c -o xc_tmem.o xc_tmem.c 
[91mIn file included from xc_tmem.c:20:0:
xc_tmem.c: In function 'xc_tmem_save':
xc_tmem.c:307:21: error: format '%ld' expects argument of type 'long int', but argument 6 has type 'uint64_t {aka long long unsigned int}' [-Werror=format=]
             DPRINTF("saved %"PRId64" tmem pages for dom=%d pool=%d, checksum=%x\n",
                     ^
xc_private.h:133:58: note: in definition of macro 'DPRINTF'
         xc_report(xch, xch->error_handler, XTL_DETAIL,0, _f , ## _a); \
                                                          ^~
[0m[91mxc_tmem.c: In function 'xc_tmem_restore':
xc_tmem.c:461:21: error: format '%ld' expects argument of type 'long int', but argument 6 has type 'uint64_t {aka long long unsigned int}' [-Werror=format=]
             DPRINTF("restored %"PRId64" tmem pages for dom=%d pool=%d, check=%x\n",
                     ^
xc_private.h:133:58: note: in definition of macro 'DPRINTF'
         xc_report(xch, xch->error_handler, XTL_DETAIL,0, _f , ## _a); \
                                                          ^~
[0m[91mcc1: all warnings being treated as errors
[0m[91mmake[5]: *** [/xen/tools/libxc/../../tools/Rules.mk:218: xc_tmem.o] Error 1
[0mmake[5]: Leaving directory '/xen/tools/libxc'
[91mmake[4]: *** [Makefile:184: build] Error 2
[0mmake[4]: Leaving directory '/xen/tools/libxc'
[91mmake[3]: *** [/xen/tools/../tools/Rules.mk:242: subdir-install-libxc] Error 2
[0mmake[3]: Leaving directory '/xen/tools'
[91mmake[2]: *** [/xen/tools/../tools/Rules.mk:237: subdirs-install] Error 2
[0mmake[2]: Leaving directory '/xen/tools'
[91mmake[1]: *** [Makefile:74: install] Error 2
[0mmake[1]: Leaving directory '/xen/tools'
[91mmake: *** [Makefile:126: install-tools] Error 2
[0mThe command '/bin/sh -c make && make dist' returned a non-zero code: 2
exit status 2
Makefile:16: recipe for target 'push' failed
make: *** [push] Error 1
make: Leaving directory '/home/zededa-ci/src/zenbuild/pkg'
make: Entering directory '/home/zededa-ci/src/zenbuild/build-pkgs'
Building and pushing "zededa/build-pkgs_abuild:7ae4d9f9fa290963de466d5ed96d6c9318354824"
7ae4d9f9fa290963de466d5ed96d6c9318354824: Pulling from zededa/build-pkgs_abuild
Digest: sha256:ba07e9431235007b6a2efc3f9d1f8b57afcad774956748e48770af84c7a06fd3
Status: Image is up to date for zededa/build-pkgs_abuild:7ae4d9f9fa290963de466d5ed96d6c9318354824
Building and pushing "zededa/build-pkgs_uefi:a3362428c518fb4db1a136a961bd17e8a66fb693"
a3362428c518fb4db1a136a961bd17e8a66fb693: Pulling from zededa/build-pkgs_uefi
Digest: sha256:adbf043c596d4c5fed11fe2ff39e5b0cd08da973a9de99979a8a675cfa91a067
Status: Image is up to date for zededa/build-pkgs_uefi:a3362428c518fb4db1a136a961bd17e8a66fb693
make: Leaving directory '/home/zededa-ci/src/zenbuild/build-pkgs'
tee: /dev/tty: No such device or address
make[1]: Entering directory '/home/zededa-ci/src/zenbuild/pkg'
(cd ..; ./parse-pkgs.sh pkg/zedctr//Dockerfile.in > pkg/zedctr//Dockerfile)
Building "zededa/zedctr:2a8f860cbf55b027a5731030135b103b07fd9222"
Sending build context to Docker daemon  15.87kB
Step 1/17 : FROM zededa/ztools:latest as ztools
 ---> 947b5a5d207e
Step 2/17 : FROM zededa/xen-tools:0b0a502be28917664fed512d5f732a69060743d0-arm64 as xen-tools
manifest for zededa/xen-tools:0b0a502be28917664fed512d5f732a69060743d0-arm64 not found
exit status 1
Makefile:13: recipe for target 'build' failed
make[1]: *** [build] Error 1
make[1]: Leaving directory '/home/zededa-ci/src/zenbuild/pkg'
Makefile:56: recipe for target 'zedctr-workaround' failed
make: *** [zedctr-workaround] Error 2
The push refers to a repository [docker.io/zededa/zenix]
tag does not exist: zededa/zenix:latest-arm64
