From https://github.com/zededa/zenbuild
   6db69cc..37b6fae  master     -> origin/master
Updating 6db69cc..37b6fae
Fast-forward
 Makefile                                 |   2 +-
 parse-pkgs.sh                            |   2 ++
 pkg/Makefile                             |   1 +
 pkg/guacd/Dockerfile                     |  19 +++++++++++++++++++
 pkg/guacd/build.yml                      |  12 ++++++++++++
 pkg/guacd/guacamole-server-0.9.14.tar.gz | Bin 0 -> 872469 bytes
 pkg/guacd/uuid-1.6.2.tar.gz              | Bin 0 -> 397048 bytes
 pkg/wlan/FIXME.md                        |  27 +++++++++++++++++++++++++++
 pkg/wlan/build.yml                       |   1 +
 9 files changed, 63 insertions(+), 1 deletion(-)
 create mode 100644 pkg/guacd/Dockerfile
 create mode 100644 pkg/guacd/build.yml
 create mode 100644 pkg/guacd/guacamole-server-0.9.14.tar.gz
 create mode 100644 pkg/guacd/uuid-1.6.2.tar.gz
 create mode 100644 pkg/wlan/FIXME.md
make -C build-tools all
make[1]: Entering directory '/home/zededa-ci/src/zenbuild/build-tools'
make[1]: Nothing to be done for 'all'.
make[1]: Leaving directory '/home/zededa-ci/src/zenbuild/build-tools'
Already up-to-date.
Already up-to-date.
Building and pushing "zededa/lisp:14a6b4cf6e2ba1f558362481ce111e571d17d199"
14a6b4cf6e2ba1f558362481ce111e571d17d199: Pulling from zededa/lisp
Digest: sha256:f555aa8b6b203971f5b4613046be4687cd77381dc2122643715fd936f81f6431
Status: Image is up to date for zededa/lisp:14a6b4cf6e2ba1f558362481ce111e571d17d199
Building and pushing "zededa/lisp:latest"
Sending build context to Docker daemon  12.94MB
Step 1/20 : FROM golang:1.9.1-alpine AS go-build
 ---> cc52d0ad4cce
Step 2/20 : RUN apk update
 ---> Using cache
 ---> 06dc54679d07
Step 3/20 : RUN apk add --no-cache git gcc linux-headers libc-dev libpcap-dev
 ---> Using cache
 ---> e0b117c95ac3
Step 4/20 : ADD . /go/src/github.com/zededa/lisp
 ---> Using cache
 ---> 7680ea3fa8f5
Step 5/20 : RUN go install github.com/zededa/lisp/cmd/...
 ---> Using cache
 ---> 2332a8d40509
Step 6/20 : FROM alpine:3.8
 ---> def91cb894ef
Step 7/20 : RUN apk add --no-cache curl gcc linux-headers libc-dev python python-dev libffi-dev openssl-dev libpcap-dev iproute2 tcpdump ethtool ip6tables
 ---> Using cache
 ---> 82953511567d
Step 8/20 : RUN mkdir /lisp
 ---> Using cache
 ---> 837e0c33946a
Step 9/20 : ARG LISP_URL=https://www.dropbox.com/s/ogfu5gaw550rlkq/zededa.tgz
 ---> Using cache
 ---> 069a7ed78b4c
Step 10/20 : RUN cd /lisp ; curl --insecure -L $LISP_URL | gzip -dc | tar -xf -
 ---> Using cache
 ---> 25962e7ed21d
Step 11/20 : ADD scripts/sudo /usr/bin/sudo
 ---> Using cache
 ---> be5a30abc303
Step 12/20 : ADD conf scripts/RESTART-LISP scripts/RUN-LISP.rtr1 scripts/RUN-LISP scripts/STOP-LISP scripts/CONFIG-SVC scripts/RL scripts/pslisp scripts/log-packets scripts/ping-mesh.py /lisp/
 ---> Using cache
 ---> 12c71f67e2c8
Step 13/20 : RUN python /lisp/get-pip.py
 ---> Using cache
 ---> ca52c0c114b1
Step 14/20 : RUN pip install -r /lisp/pip-requirements.txt
 ---> Using cache
 ---> 4a81fd6481ad
Step 15/20 : RUN echo 'PS1="`hostname | cut -d . -f 0` > "' >> /root/.profile
 ---> Using cache
 ---> 10a59d016033
Step 16/20 : COPY --from=go-build /go/bin/dataplane /lisp/lisp-ztr
 ---> Using cache
 ---> 2b2601068f4c
Step 17/20 : EXPOSE 8080
 ---> Using cache
 ---> 03851d88d771
Step 18/20 : WORKDIR /lisp
 ---> Using cache
 ---> a7ef913ec22d
Step 19/20 : CMD ./CONFIG-SVC ; ./RL ; sleep 5 ; tail -f ./logs/*
 ---> Using cache
 ---> fa791b943a10
Step 20/20 : LABEL org.mobyproject.linuxkit.revision 'unknown' org.mobyproject.linuxkit.version 'unknown' org.opencontainers.image.revision '329c87227fbf7bbc93cac22ea768f1437405281d' org.opencontainers.image.source 'https://github.com/linuxkit/linuxkit'
 ---> Using cache
 ---> 12da3f6bf6d6
Successfully built 12da3f6bf6d6
Successfully tagged zededa/lisp:latest-arm64
Pushing zededa/lisp:latest-arm64
The push refers to a repository [docker.io/zededa/lisp]
9da21f3fd6d7: Preparing
2460ce561105: Preparing
56d8e29e1251: Preparing
1c3b5db37693: Preparing
cea9b2e7dbd4: Preparing
19029139889c: Preparing
2944e231c712: Preparing
10ed7430ba4b: Preparing
c47b13687581: Preparing
b43ad2345ba5: Preparing
cd0a9a09f5aa: Preparing
19029139889c: Waiting
2944e231c712: Waiting
10ed7430ba4b: Waiting
c47b13687581: Waiting
b43ad2345ba5: Waiting
cea9b2e7dbd4: Layer already exists
1c3b5db37693: Layer already exists
56d8e29e1251: Layer already exists
2460ce561105: Layer already exists
9da21f3fd6d7: Layer already exists
19029139889c: Layer already exists
2944e231c712: Layer already exists
c47b13687581: Layer already exists
10ed7430ba4b: Layer already exists
b43ad2345ba5: Layer already exists
cd0a9a09f5aa: Layer already exists
latest-arm64: digest: sha256:06cbcf51316e1ab8ff050f466ef84f90f7c123e5b1bd77cb35168a6dff37017c size: 2621
Pushing zededa/lisp:latest-arm64 to manifest zededa/lisp:latest
time="2018-11-03T08:00:23+01:00" level=warning msg="Couldn't find or access image reference \"zededa/lisp:latest-s390x\". Skipping image."
Digest: sha256:cc5bec95980abf5b80c9844d6984229054169e2aecd0f70f6430be7a3eed12d7 743
Not signing zededa/lisp:latest
Build and push complete, not releasing, all done.
Building and pushing "zededa/ztools:b81571a0d90ce2486315bbd6de80f59a78845239"
b81571a0d90ce2486315bbd6de80f59a78845239: Pulling from zededa/ztools
no matching manifest for linux/arm64 in the manifest list entries
No image pulled, continuing with build
Sending build context to Docker daemon  37.01MB
Step 1/33 : FROM golang:1.9.1-alpine AS build
 ---> cc52d0ad4cce
Step 2/33 : RUN apk update
 ---> Using cache
 ---> 06dc54679d07
Step 3/33 : RUN apk add --no-cache git gcc linux-headers libc-dev util-linux
 ---> Using cache
 ---> bcd126094d65
Step 4/33 : ADD ./ /go/src/github.com/zededa/go-provision/
 ---> Using cache
 ---> 1194e2374565
Step 5/33 : ADD etc /config
 ---> Using cache
 ---> 8327f36f6027
Step 6/33 : ADD scripts/device-steps.sh scripts/find-uplink.sh scripts/generate-device.sh scripts/generate-self-signed.sh scripts/handlezedserverconfig.sh /opt/zededa/bin/
 ---> Using cache
 ---> ba717e1f8e5f
Step 7/33 : ADD examples /opt/zededa/examples
 ---> Using cache
 ---> 87ac3e3874a8
Step 8/33 : ADD AssignableAdapters /var/tmp/zededa/AssignableAdapters
 ---> Using cache
 ---> bfbd9630945f
Step 9/33 : ADD DeviceNetworkConfig /var/tmp/zededa/DeviceNetworkConfig
 ---> Using cache
 ---> 166d1fdb670c
Step 10/33 : ADD lisp.config.base /var/tmp/zededa/lisp.config.base
 ---> Using cache
 ---> b4555e7b5036
Step 11/33 : RUN (cd ./src/github.com/zededa/go-provision/; scripts/getversion.sh >/opt/zededa/bin/versioninfo)
 ---> Using cache
 ---> a1a4e24844f9
Step 12/33 : RUN cp /opt/zededa/bin/versioninfo /opt/zededa/bin/versioninfo.1
 ---> Using cache
 ---> 8abaf49d8f61
Step 13/33 : RUN echo Building: `cat /opt/zededa/bin/versioninfo`
 ---> Using cache
 ---> 7cbb0c6c00d2
Step 14/33 : RUN go install github.com/zededa/go-provision/zedbox/...
 ---> Using cache
 ---> b2281cdad7a7
Step 15/33 : RUN cd /opt/zededa/bin ; ln -s /go/bin/* .
 ---> Using cache
 ---> 8850f84b2910
Step 16/33 : RUN cd /opt/zededa/bin ; ln -s zedbox client; ln -s zedbox domainmgr; ln -s zedbox downloader; ln -s zedbox hardwaremodel; ln -s zedbox identitymgr; ln -s zedbox ledmanager; ln -s zedbox logmanager; ln -s zedbox verifier; ln -s zedbox zedagent; ln -s zedbox zedmanager; ln -s zedbox zedrouter; ln -s zedbox ipcmonitor
 ---> Using cache
 ---> 65351bb4e552
Step 17/33 : FROM zededa/lisp:latest AS lisp
 ---> 8c611457d2fd
Step 18/33 : FROM scratch
 ---> 
Step 19/33 : COPY --from=build /opt/zededa/bin /opt/zededa/bin
 ---> Using cache
 ---> e9a339444d03
Step 20/33 : COPY --from=build /opt/zededa/examples /opt/zededa/examples
 ---> Using cache
 ---> 77469c9b63b1
Step 21/33 : COPY --from=build /var/tmp/zededa/AssignableAdapters /var/tmp/zededa/AssignableAdapters
 ---> Using cache
 ---> 7a04c2dddc24
Step 22/33 : COPY --from=build /var/tmp/zededa/DeviceNetworkConfig /var/tmp/zededa/DeviceNetworkConfig
 ---> Using cache
 ---> c66a0808d2fe
Step 23/33 : COPY --from=build /var/tmp/zededa/lisp.config.base /var/tmp/zededa/lisp.config.base
 ---> Using cache
 ---> 68ac26815fb8
Step 24/33 : COPY --from=build /config /opt/zededa/examples/config
 ---> Using cache
 ---> a36e059ff192
Step 25/33 : COPY --from=build /go/bin/* /opt/zededa/bin/
 ---> Using cache
 ---> e67fc9876001
Step 26/33 : COPY --from=lisp /lisp/lisp-ztr /opt/zededa/bin/
COPY failed: stat /var/lib/docker/btrfs/subvolumes/e9f9388f279b717fa579cd097de09a655bb253eec2afb207ef4a8dd4f43d4f94/lisp/lisp-ztr: no such file or directory
exit status 1
Building and pushing "zededa/ztools:latest"
Sending build context to Docker daemon  37.01MB
Step 1/33 : FROM golang:1.9.1-alpine AS build
 ---> cc52d0ad4cce
Step 2/33 : RUN apk update
 ---> Using cache
 ---> 06dc54679d07
Step 3/33 : RUN apk add --no-cache git gcc linux-headers libc-dev util-linux
 ---> Using cache
 ---> bcd126094d65
Step 4/33 : ADD ./ /go/src/github.com/zededa/go-provision/
 ---> Using cache
 ---> 1194e2374565
Step 5/33 : ADD etc /config
 ---> Using cache
 ---> 8327f36f6027
Step 6/33 : ADD scripts/device-steps.sh scripts/find-uplink.sh scripts/generate-device.sh scripts/generate-self-signed.sh scripts/handlezedserverconfig.sh /opt/zededa/bin/
 ---> Using cache
 ---> ba717e1f8e5f
Step 7/33 : ADD examples /opt/zededa/examples
 ---> Using cache
 ---> 87ac3e3874a8
Step 8/33 : ADD AssignableAdapters /var/tmp/zededa/AssignableAdapters
 ---> Using cache
 ---> bfbd9630945f
Step 9/33 : ADD DeviceNetworkConfig /var/tmp/zededa/DeviceNetworkConfig
 ---> Using cache
 ---> 166d1fdb670c
Step 10/33 : ADD lisp.config.base /var/tmp/zededa/lisp.config.base
 ---> Using cache
 ---> b4555e7b5036
Step 11/33 : RUN (cd ./src/github.com/zededa/go-provision/; scripts/getversion.sh >/opt/zededa/bin/versioninfo)
 ---> Using cache
 ---> a1a4e24844f9
Step 12/33 : RUN cp /opt/zededa/bin/versioninfo /opt/zededa/bin/versioninfo.1
 ---> Using cache
 ---> 8abaf49d8f61
Step 13/33 : RUN echo Building: `cat /opt/zededa/bin/versioninfo`
 ---> Using cache
 ---> 7cbb0c6c00d2
Step 14/33 : RUN go install github.com/zededa/go-provision/zedbox/...
 ---> Using cache
 ---> b2281cdad7a7
Step 15/33 : RUN cd /opt/zededa/bin ; ln -s /go/bin/* .
 ---> Using cache
 ---> 8850f84b2910
Step 16/33 : RUN cd /opt/zededa/bin ; ln -s zedbox client; ln -s zedbox domainmgr; ln -s zedbox downloader; ln -s zedbox hardwaremodel; ln -s zedbox identitymgr; ln -s zedbox ledmanager; ln -s zedbox logmanager; ln -s zedbox verifier; ln -s zedbox zedagent; ln -s zedbox zedmanager; ln -s zedbox zedrouter; ln -s zedbox ipcmonitor
 ---> Using cache
 ---> 65351bb4e552
Step 17/33 : FROM zededa/lisp:latest AS lisp
 ---> 8c611457d2fd
Step 18/33 : FROM scratch
 ---> 
Step 19/33 : COPY --from=build /opt/zededa/bin /opt/zededa/bin
 ---> Using cache
 ---> e9a339444d03
Step 20/33 : COPY --from=build /opt/zededa/examples /opt/zededa/examples
 ---> Using cache
 ---> 77469c9b63b1
Step 21/33 : COPY --from=build /var/tmp/zededa/AssignableAdapters /var/tmp/zededa/AssignableAdapters
 ---> Using cache
 ---> 7a04c2dddc24
Step 22/33 : COPY --from=build /var/tmp/zededa/DeviceNetworkConfig /var/tmp/zededa/DeviceNetworkConfig
 ---> Using cache
 ---> c66a0808d2fe
Step 23/33 : COPY --from=build /var/tmp/zededa/lisp.config.base /var/tmp/zededa/lisp.config.base
 ---> Using cache
 ---> 68ac26815fb8
Step 24/33 : COPY --from=build /config /opt/zededa/examples/config
 ---> Using cache
 ---> a36e059ff192
Step 25/33 : COPY --from=build /go/bin/* /opt/zededa/bin/
 ---> Using cache
 ---> e67fc9876001
Step 26/33 : COPY --from=lisp /lisp/lisp-ztr /opt/zededa/bin/
COPY failed: stat /var/lib/docker/btrfs/subvolumes/9d4325d49b3143224113f00544872ec6a1b7e69cb7518ba68dcb68c57a970b7e/lisp/lisp-ztr: no such file or directory
exit status 1
make: Entering directory '/home/zededa-ci/src/zenbuild/pkg'
(cd ..; ./parse-pkgs.sh pkg/qrexec-lib/Dockerfile.in > pkg/qrexec-lib/Dockerfile)
(cd ..; ./parse-pkgs.sh pkg/qrexec-dom0/Dockerfile.in > pkg/qrexec-dom0/Dockerfile)
(cd ..; ./parse-pkgs.sh pkg/zedctr/Dockerfile.in > pkg/zedctr/Dockerfile)
(cd ..; ./parse-pkgs.sh pkg/mkconf/Dockerfile.in > pkg/mkconf/Dockerfile)
Building and pushing "zededa/grub:9ef005e2cdab77744cca5ce51a35e38abbe0d862"
9ef005e2cdab77744cca5ce51a35e38abbe0d862: Pulling from zededa/grub
Digest: sha256:14f7db53102c77c21b0bd7658b848242d1c685b035b46f5e6c0aa2b03ad8e0c0
Status: Image is up to date for zededa/grub:9ef005e2cdab77744cca5ce51a35e38abbe0d862
Building and pushing "zededa/xen:be954dc9ba840dcff92c7edc1823e7e19d12a8ed"
be954dc9ba840dcff92c7edc1823e7e19d12a8ed: Pulling from zededa/xen
Digest: sha256:970625909a613a8296a7bb179843929f46f89a3c6fdf51a9bc2617e7a7b8babc
Status: Image is up to date for zededa/xen:be954dc9ba840dcff92c7edc1823e7e19d12a8ed
Building and pushing "zededa/kernel:e3363b9a7698b1f1a7fd39407b915aa2b8a5cd6a"
e3363b9a7698b1f1a7fd39407b915aa2b8a5cd6a: Pulling from zededa/kernel
Digest: sha256:a07def3296efd4c03aad040b988675da05f715f36658ede4332902ec10899d35
Status: Image is up to date for zededa/kernel:e3363b9a7698b1f1a7fd39407b915aa2b8a5cd6a
Building and pushing "zededa/fw:607d58a836fe4e4b5b74d92803eafd670a984432"
607d58a836fe4e4b5b74d92803eafd670a984432: Pulling from zededa/fw
Digest: sha256:7acd1e3a821983289766be90466d3ce4756ace92d614c7b98605ef23c363a62d
Status: Image is up to date for zededa/fw:607d58a836fe4e4b5b74d92803eafd670a984432
Building and pushing "zededa/xen-tools:9c96b441d083d7ef7bcb602bf009fa91bd7ebbf2"
9c96b441d083d7ef7bcb602bf009fa91bd7ebbf2: Pulling from zededa/xen-tools
Digest: sha256:13aecde7ad31c236f85e07f92940eeea6acd946eec2d1dde07eca167f7a4b01f
Status: Image is up to date for zededa/xen-tools:9c96b441d083d7ef7bcb602bf009fa91bd7ebbf2
Building and pushing "zededa/dnsmasq:c5985cdd83998d06255fe115d230a280c6928f1b"
c5985cdd83998d06255fe115d230a280c6928f1b: Pulling from zededa/dnsmasq
Digest: sha256:6623c76d62a1bb274137db076382961471a143ca9019145406726638efaf7302
Status: Image is up to date for zededa/dnsmasq:c5985cdd83998d06255fe115d230a280c6928f1b
Building and pushing "zededa/strongswan:8f5ee3b98aa3ea49a9a4231baac9be933d6155ec"
8f5ee3b98aa3ea49a9a4231baac9be933d6155ec: Pulling from zededa/strongswan
Digest: sha256:8ea8f369fbf0fb5b537570a59660abe3fb44f2626cf907928e950e6a00120718
Status: Image is up to date for zededa/strongswan:8f5ee3b98aa3ea49a9a4231baac9be933d6155ec
Building and pushing "zededa/gpt-tools:fe878611e4e032ea10946cbc9a1c3d5b22349dc4"
fe878611e4e032ea10946cbc9a1c3d5b22349dc4: Pulling from zededa/gpt-tools
Digest: sha256:4e46aa5942d51f09da6037bb5ac242cd510ac2b8bf65b2a0d120adb03dd55e40
Status: Image is up to date for zededa/gpt-tools:fe878611e4e032ea10946cbc9a1c3d5b22349dc4
Building and pushing "zededa/dom0-ztools:c6d8f2123c748379add5d3dbbac23e3630131760"
c6d8f2123c748379add5d3dbbac23e3630131760: Pulling from zededa/dom0-ztools
Digest: sha256:91efcad1aec3e7930400ea5d2f7d3f1bd6c416070a1be2f3d5f05520c788f6f5
Status: Image is up to date for zededa/dom0-ztools:c6d8f2123c748379add5d3dbbac23e3630131760
Building and pushing "zededa/qrexec-lib:2e0df0df95f86df6953d7d2e7729213b77fd7206"
2e0df0df95f86df6953d7d2e7729213b77fd7206: Pulling from zededa/qrexec-lib
Digest: sha256:e9867a73efb7d3e44ac75182c9f941af8ed29fe70f33d3080870953954863cdd
Status: Image is up to date for zededa/qrexec-lib:2e0df0df95f86df6953d7d2e7729213b77fd7206
Building and pushing "zededa/qrexec-dom0:2c3cf9b135409690eaa86092c41f7c800d398468"
2c3cf9b135409690eaa86092c41f7c800d398468: Pulling from zededa/qrexec-dom0
Digest: sha256:4e03e1e58c50f5b8e2afa1a3948bcb68ff316edec83c61524c18b54b4166773c
Status: Image is up to date for zededa/qrexec-dom0:2c3cf9b135409690eaa86092c41f7c800d398468
Building and pushing "zededa/wwan:5f68442251df0f2625fde14e947f11de2374b72d"
5f68442251df0f2625fde14e947f11de2374b72d: Pulling from zededa/wwan
Digest: sha256:2c1e271952c1a811d9fe102d31344b06e2c464e58513808698c4dcad0aa8e10b
Status: Image is up to date for zededa/wwan:5f68442251df0f2625fde14e947f11de2374b72d
Building and pushing "zededa/wlan:8aa66e76c276b97d1141801d3f461e2b3f8f8f97"
8aa66e76c276b97d1141801d3f461e2b3f8f8f97: Pulling from zededa/wlan
no matching manifest for linux/arm64 in the manifest list entries
No image pulled, continuing with build
Sending build context to Docker daemon  6.144kB
Step 1/7 : FROM alpine:3.8 as build
 ---> def91cb894ef
Step 2/7 : WORKDIR /
 ---> Using cache
 ---> 8695aad56f7e
Step 3/7 : RUN apk add --no-cache     wireless-tools     wpa_supplicant
 ---> Using cache
 ---> 4c03ac97d674
Step 4/7 : COPY init.sh /init.sh
 ---> Using cache
 ---> ce5b45ce893d
Step 5/7 : ENTRYPOINT
 ---> Using cache
 ---> 7642def2b47a
Step 6/7 : CMD /init.sh
 ---> Using cache
 ---> d3a04aaa68a4
Step 7/7 : LABEL org.mobyproject.config '{"capabilities":["all"],"binds":["/lib/modules:/lib/modules","/lib/firmware:/lib/firmware","/dev:/dev","/run:/run","/var/config:/config"],"net":"host"}' org.mobyproject.linuxkit.revision 'unknown' org.mobyproject.linuxkit.version 'unknown' org.opencontainers.image.revision '37b6fae37550c2aa65d6560eebdf87b36313af59' org.opencontainers.image.source 'https://github.com/linuxkit/linuxkit'
 ---> Running in d58fc4c8ebb7
 ---> 42c6314e42df
Removing intermediate container d58fc4c8ebb7
Successfully built 42c6314e42df
Successfully tagged zededa/wlan:8aa66e76c276b97d1141801d3f461e2b3f8f8f97-arm64
Pushing zededa/wlan:8aa66e76c276b97d1141801d3f461e2b3f8f8f97-arm64
The push refers to a repository [docker.io/zededa/wlan]
b28e6647ed9d: Preparing
e8a7e1fcf8d6: Preparing
b43ad2345ba5: Preparing
cd0a9a09f5aa: Preparing
cd0a9a09f5aa: Layer already exists
b43ad2345ba5: Layer already exists
e8a7e1fcf8d6: Layer already exists
b28e6647ed9d: Layer already exists
8aa66e76c276b97d1141801d3f461e2b3f8f8f97-arm64: digest: sha256:fd242a4695ffbea01d5fad9d4714b7d514d250c4291b85159d7612b75055f2c3 size: 1153
Pushing zededa/wlan:8aa66e76c276b97d1141801d3f461e2b3f8f8f97-arm64 to manifest zededa/wlan:8aa66e76c276b97d1141801d3f461e2b3f8f8f97
time="2018-11-03T08:01:54+01:00" level=warning msg="Couldn't find or access image reference \"zededa/wlan:8aa66e76c276b97d1141801d3f461e2b3f8f8f97-s390x\". Skipping image."
Digest: sha256:d2f91dbfd7d4422f6d82de333dba5ba24d9f5a617846a2da8a7a1c5b4026badf 742
Not signing zededa/wlan:8aa66e76c276b97d1141801d3f461e2b3f8f8f97
Build and push complete, not releasing, all done.
Building and pushing "zededa/watchdog:2aea3af274e4928d2eab2b738d0e100ee5362173"
2aea3af274e4928d2eab2b738d0e100ee5362173: Pulling from zededa/watchdog
Digest: sha256:6206bd1f8a45418d730ce936bcfbfcbd40009ef266f8aec30344e8a9d0f60b0a
Status: Image is up to date for zededa/watchdog:2aea3af274e4928d2eab2b738d0e100ee5362173
Building and pushing "zededa/guacd:1b7e6331e739445069168928842024510a4e53b2"
1b7e6331e739445069168928842024510a4e53b2: Pulling from zededa/guacd
no matching manifest for linux/arm64 in the manifest list entries
No image pulled, continuing with build
Sending build context to Docker daemon  1.275MB
Step 1/13 : FROM alpine:latest as build
 ---> f6df4608fa98
Step 2/13 : ADD guacamole-server-0.9.14.tar.gz /
 ---> add1e240a07e
Step 3/13 : ADD uuid-1.6.2.tar.gz /
 ---> 4ff1ccd0c59a
Step 4/13 : RUN apk add cairo-dev jpeg-dev libpng-dev gcc make libc-dev openssl-dev file
 ---> Running in fcb532acc706
[91mWARNING: Ignoring APKINDEX.70c88391.tar.gz: No such file or directory
WARNING: Ignoring APKINDEX.5022a8a2.tar.gz: No such file or directory
[0m  cairo-dev (missing):
[91mERROR: unsatisfiable constraints:
[0m    required by: world[cairo-dev]
  file (missing):
    required by: world[file]
  gcc (missing):
    required by: world[gcc]
  jpeg-dev (missing):
    required by: world[jpeg-dev]
  libc-dev (missing):
    required by: world[libc-dev]
  libpng-dev (missing):
    required by: world[libpng-dev]
  make (missing):
    required by: world[make]
  openssl-dev (missing):
    required by: world[openssl-dev]
The command '/bin/sh -c apk add cairo-dev jpeg-dev libpng-dev gcc make libc-dev openssl-dev file' returned a non-zero code: 8
exit status 8
Makefile:19: recipe for target 'push' failed
make: *** [push] Error 1
make: Leaving directory '/home/zededa-ci/src/zenbuild/pkg'
make: Entering directory '/home/zededa-ci/src/zenbuild/pkg'
(cd ..; ./parse-pkgs.sh pkg/zedctr//Dockerfile.in > pkg/zedctr//Dockerfile)
Building and pushing "zededa/zedctr:0f38bbbff95eae348a92e87e837455ad8b4cee6d"
Sending build context to Docker daemon  20.48kB
Step 1/21 : FROM zededa/ztools:latest as ztools
 ---> 6341cd92336a
Step 2/21 : FROM zededa/xen-tools:9c96b441d083d7ef7bcb602bf009fa91bd7ebbf2-arm64 as xen-tools
 ---> 194a0d29c96f
Step 3/21 : FROM zededa/dnsmasq:c5985cdd83998d06255fe115d230a280c6928f1b-arm64 as dnsmasq
 ---> 85ce87902c8e
Step 4/21 : FROM zededa/strongswan:8f5ee3b98aa3ea49a9a4231baac9be933d6155ec-arm64 as strongswan
 ---> 2e11606a1b07
Step 5/21 : FROM zededa/gpt-tools:fe878611e4e032ea10946cbc9a1c3d5b22349dc4-arm64 as gpttools
 ---> 245b06fc67fd
Step 6/21 : FROM zededa/watchdog:2aea3af274e4928d2eab2b738d0e100ee5362173-arm64 as watchdog
 ---> 2682e16114b6
Step 7/21 : FROM alpine:3.8
 ---> def91cb894ef
Step 8/21 : RUN apk add --no-cache     yajl xz bash openssl iptables ip6tables iproute2 dhcpcd     apk-cron coreutils dmidecode sudo libbz2 libuuid ipset     libpcap libaio logrotate pixman glib curl radvd perl ethtool     openssh-server util-linux e2fsprogs libcrypto1.0 xorriso
 ---> Running in c9bcbf92aa15
fetch http://dl-cdn.alpinelinux.org/alpine/v3.8/main/aarch64/APKINDEX.tar.gz
fetch http://dl-cdn.alpinelinux.org/alpine/v3.8/community/aarch64/APKINDEX.tar.gz
(1/62) Installing apk-cron (1.0-r1)
(2/62) Installing ncurses-terminfo-base (6.1_p20180818-r1)
(3/62) Installing ncurses-terminfo (6.1_p20180818-r1)
(4/62) Installing ncurses-libs (6.1_p20180818-r1)
(5/62) Installing readline (7.0.003-r0)
(6/62) Installing bash (4.4.19-r1)
Executing bash-4.4.19-r1.post-install
(7/62) Installing libattr (2.4.47-r7)
(8/62) Installing libacl (2.2.52-r5)
(9/62) Installing coreutils (8.29-r2)
(10/62) Installing ca-certificates (20171114-r3)
(11/62) Installing nghttp2-libs (1.32.0-r0)
(12/62) Installing libssh2 (1.8.0-r3)
(13/62) Installing libcurl (7.61.1-r0)
(14/62) Installing curl (7.61.1-r0)
(15/62) Installing dhcpcd (7.0.7-r0)
(16/62) Installing dmidecode (3.1-r0)
(17/62) Installing libuuid (2.32-r0)
(18/62) Installing libblkid (2.32-r0)
(19/62) Installing libcom_err (1.44.2-r0)
(20/62) Installing e2fsprogs-libs (1.44.2-r0)
(21/62) Installing e2fsprogs (1.44.2-r0)
(22/62) Installing ethtool (4.16-r0)
(23/62) Installing libffi (3.2.1-r4)
(24/62) Installing libintl (0.19.8.1-r2)
(25/62) Installing libmount (2.32-r0)
(26/62) Installing pcre (8.42-r0)
(27/62) Installing glib (2.56.1-r0)
(28/62) Installing libmnl (1.0.4-r0)
(29/62) Installing jansson (2.11-r0)
(30/62) Installing libnftnl-libs (1.1.1-r0)
(31/62) Installing iptables (1.6.2-r0)
(32/62) Installing ip6tables (1.6.2-r0)
(33/62) Installing libelf (0.8.13-r3)
(34/62) Installing iproute2 (4.13.0-r0)
Executing iproute2-4.13.0-r0.post-install
(35/62) Installing ipset (6.38-r1)
(36/62) Installing libaio (0.3.111-r0)
(37/62) Installing libbz2 (1.0.6-r6)
(38/62) Installing libcrypto1.0 (1.0.2p-r0)
(39/62) Installing libpcap (1.8.1-r1)
(40/62) Installing popt (1.16-r7)
(41/62) Installing logrotate (3.14.0-r0)
(42/62) Installing openssh-keygen (7.7_p1-r3)
(43/62) Installing openssh-server-common (7.7_p1-r3)
(44/62) Installing openssh-server (7.7_p1-r3)
(45/62) Installing libssl1.0 (1.0.2p-r0)
(46/62) Installing openssl (1.0.2p-r0)
(47/62) Installing perl (5.26.2-r1)
(48/62) Installing pixman (0.34.0-r5)
(49/62) Installing radvd (2.17-r2)
Executing radvd-2.17-r2.pre-install
(50/62) Installing sudo (1.8.23-r2)
(51/62) Installing libsmartcols (2.32-r0)
(52/62) Installing findmnt (2.32-r0)
(53/62) Installing libfdisk (2.32-r0)
(54/62) Installing util-linux (2.32-r0)
(55/62) Installing libburn (1.4.8-r0)
(56/62) Installing libedit (20170329.3.1-r3)
(57/62) Installing libisofs (1.4.8-r0)
(58/62) Installing libisoburn (1.4.8-r0)
(59/62) Installing xorriso (1.4.8-r0)
(60/62) Installing xz-libs (5.2.4-r0)
(61/62) Installing xz (5.2.4-r0)
(62/62) Installing yajl (2.1.0-r0)
Executing busybox-1.28.4-r0.trigger
Executing ca-certificates-20171114-r3.trigger
Executing glib-2.56.1-r0.trigger
OK: 72 MiB in 75 packages
 ---> 090ed7ac0f04
Removing intermediate container c9bcbf92aa15
Step 9/21 : RUN [ `uname -m` = "aarch64" ] && apk add --no-cache libfdt || :
 ---> Running in 24ea008bcffb
fetch http://dl-cdn.alpinelinux.org/alpine/v3.8/main/aarch64/APKINDEX.tar.gz
fetch http://dl-cdn.alpinelinux.org/alpine/v3.8/community/aarch64/APKINDEX.tar.gz
(1/1) Installing libfdt (1.4.4-r0)
OK: 72 MiB in 76 packages
 ---> c66e1f62b657
Removing intermediate container 24ea008bcffb
Step 10/21 : RUN ln -s libpcap.so.1 /usr/lib/libpcap.so
 ---> Running in 4b3df0c081d3
 ---> 72bae13809bb
Removing intermediate container 4b3df0c081d3
Step 11/21 : RUN ssh-keygen -A ; echo PermitRootLogin yes >> /etc/ssh/sshd_config ; sed -ie '/^root/s#^.*$#root:$6$Ndt1G5AYZFQ8rz7m$7vGZMKKotSYxwxk/.jMfuOCzxw0I3DNedygaQaLF7kYSYsLqiBHhmc8RJSXp8/VxSYPpgYSz/8fkv0hO6I4js.:17477:0:::::#' /etc/shadow
 ---> Running in 201dc98775ab
ssh-keygen: generating new host keys: RSA DSA ECDSA ED25519 
 ---> c9d4e7c316d4
Removing intermediate container 201dc98775ab
Step 12/21 : COPY --from=xen-tools / /
 ---> b697f0517300
Step 13/21 : COPY --from=ztools / /
 ---> cd30bb756ccc
Step 14/21 : COPY --from=gpttools / /
 ---> 563cac04ab8b
Step 15/21 : COPY --from=dnsmasq /usr/sbin/dnsmasq /opt/zededa/bin/dnsmasq
 ---> 1cc72acc024a
Step 16/21 : COPY --from=strongswan / /
 ---> 0f6d47ebeb63
Step 17/21 : COPY --from=watchdog /usr/sbin /usr/sbin
 ---> 67e26202c3eb
Step 18/21 : COPY rootfs/ /
 ---> 12cf111aee3b
Step 19/21 : RUN chmod 644 /etc/logrotate.d/zededa
 ---> Running in 7a28675a4871
 ---> 6e2c5d061703
Removing intermediate container 7a28675a4871
Step 20/21 : CMD /init.sh
 ---> Running in 21d8f68b9578
 ---> 8b1236feffa8
Removing intermediate container 21d8f68b9578
Step 21/21 : LABEL org.mobyproject.config '{"capabilities":["all"],"binds":["/dev:/dev","/etc/resolv.conf:/etc/resolv.conf","/run:/run","/var/config:/config","/var/log:/var/log/dom0","/:/hostfs"],"net":"host","pid":"host"}' org.mobyproject.linuxkit.revision 'unknown' org.mobyproject.linuxkit.version 'unknown' org.opencontainers.image.revision '37b6fae37550c2aa65d6560eebdf87b36313af59' org.opencontainers.image.source 'https://github.com/linuxkit/linuxkit'
 ---> Running in e2a19ef76675
 ---> 41a8a98dbaaf
Removing intermediate container e2a19ef76675
Successfully built 41a8a98dbaaf
Successfully tagged zededa/zedctr:0f38bbbff95eae348a92e87e837455ad8b4cee6d-arm64
Pushing zededa/zedctr:0f38bbbff95eae348a92e87e837455ad8b4cee6d-arm64
The push refers to a repository [docker.io/zededa/zedctr]
7d5fc6efe9e0: Preparing
d804c160d14b: Preparing
c2c99f72275e: Preparing
1ceb31553ef4: Preparing
543b981cbc5d: Preparing
981b7b269978: Preparing
400d5a602195: Preparing
4634c7e00f35: Preparing
b64564de3c4c: Preparing
5366d10c44d5: Preparing
72937fcce3d2: Preparing
b43ad2345ba5: Preparing
cd0a9a09f5aa: Preparing
4634c7e00f35: Waiting
b64564de3c4c: Waiting
5366d10c44d5: Waiting
72937fcce3d2: Waiting
b43ad2345ba5: Waiting
cd0a9a09f5aa: Waiting
981b7b269978: Waiting
400d5a602195: Waiting
7d5fc6efe9e0: Layer already exists
543b981cbc5d: Layer already exists
c2c99f72275e: Layer already exists
981b7b269978: Layer already exists
400d5a602195: Layer already exists
1ceb31553ef4: Pushed
4634c7e00f35: Pushed
d804c160d14b: Pushed
b64564de3c4c: Pushed
b43ad2345ba5: Layer already exists
cd0a9a09f5aa: Layer already exists
5366d10c44d5: Pushed
72937fcce3d2: Pushed
0f38bbbff95eae348a92e87e837455ad8b4cee6d-arm64: digest: sha256:7f3ce8ed524a859b4df46d8dfc8752faf9f25d7ef32d99575c43e324607239f8 size: 3047
Pushing zededa/zedctr:0f38bbbff95eae348a92e87e837455ad8b4cee6d-arm64 to manifest zededa/zedctr:0f38bbbff95eae348a92e87e837455ad8b4cee6d
time="2018-11-03T08:03:44+01:00" level=warning msg="Couldn't find or access image reference \"zededa/zedctr:0f38bbbff95eae348a92e87e837455ad8b4cee6d-s390x\". Skipping image."
Digest: sha256:fddbad6b3320b6e609aa312819d73b1c3e9cdf09ffc85cdc40fcb547181df988 743
Not signing zededa/zedctr:0f38bbbff95eae348a92e87e837455ad8b4cee6d
Build and push complete, not releasing, all done.
make: Leaving directory '/home/zededa-ci/src/zenbuild/pkg'
make: Entering directory '/home/zededa-ci/src/zenbuild/build-pkgs'
Building and pushing "zededa/build-pkgs_abuild:7ae4d9f9fa290963de466d5ed96d6c9318354824"
7ae4d9f9fa290963de466d5ed96d6c9318354824: Pulling from zededa/build-pkgs_abuild
Digest: sha256:60200f96b997f7b9b3d2c78ceeb248a4d0f3729e70894d5f334adc6059bc1d6a
Status: Image is up to date for zededa/build-pkgs_abuild:7ae4d9f9fa290963de466d5ed96d6c9318354824
Building and pushing "zededa/build-pkgs_uefi:a3362428c518fb4db1a136a961bd17e8a66fb693"
a3362428c518fb4db1a136a961bd17e8a66fb693: Pulling from zededa/build-pkgs_uefi
Digest: sha256:46defa80dc80892d5925fe022e50054e977dfed19b2cbb8ff6870cc2abc5c58d
Status: Image is up to date for zededa/build-pkgs_uefi:a3362428c518fb4db1a136a961bd17e8a66fb693
make: Leaving directory '/home/zededa-ci/src/zenbuild/build-pkgs'
cd bios ; _() { C=`docker create $1 fake` ; docker export $C | tar -xf - $2 ; docker rm $C ; } ; _ zededa/build-pkgs_uefi:a3362428c518fb4db1a136a961bd17e8a66fb693-arm64 OVMF.fd
a8298c61ac67074f862ee1dccdb1f584a6f7a9cbfff7ecbbdac6f8c5fcb7ce8a
make -C build-tools all
make[1]: Entering directory '/home/zededa-ci/src/zenbuild/build-tools'
make[1]: Nothing to be done for 'all'.
make[1]: Leaving directory '/home/zededa-ci/src/zenbuild/build-tools'
tee: /dev/tty: No such device or address
0f38bbbff95eae348a92e87e837455ad8b4cee6d-arm64: Pulling from zededa/zedctr
Digest: sha256:7f3ce8ed524a859b4df46d8dfc8752faf9f25d7ef32d99575c43e324607239f8
Status: Image is up to date for zededa/zedctr:0f38bbbff95eae348a92e87e837455ad8b4cee6d-arm64
DOCKER_ARCH_TAG="arm64" ./parse-pkgs.sh images/installer.yml.in > images/installer.yml
# the following is a horrible hack that needs to go away ASAP
if [ "aarch64" != `uname -m` ] ; then \
           sed -e '/source:/s#rootfs.img#rootfs_aarch64.img#' \
               -e '/command:/s#/dev/sda#/dev/vda#' -i.orig images/installer.yml ;\
   echo "WARNING: We are assembling a aarch64 image on `uname -m`. Things may break." ;\
        fi
DOCKER_ARCH_TAG="arm64" ./parse-pkgs.sh images/rootfs.yml.in > images/rootfs.yml
# the following is a horrible hack that needs to go away ASAP
if [ "aarch64" != `uname -m` ] ; then \
           sed -e '/source:/s#rootfs.img#rootfs_aarch64.img#' \
               -e '/command:/s#/dev/sda#/dev/vda#' -i.orig images/rootfs.yml ;\
   echo "WARNING: We are assembling a aarch64 image on `uname -m`. Things may break." ;\
        fi
./makerootfs.sh images/rootfs.yml squash rootfs_aarch64.img
Extract kernel image: zededa/kernel:e3363b9a7698b1f1a7fd39407b915aa2b8a5cd6a-arm64
Add init containers:
Process init image: zededa/grub:9ef005e2cdab77744cca5ce51a35e38abbe0d862-arm64
Process init image: zededa/device-trees:1bca882c64827de08bba9aa7713441b2b4d7ca8d-arm64
Process init image: zededa/fw:607d58a836fe4e4b5b74d92803eafd670a984432-arm64
Process init image: zededa/xen:be954dc9ba840dcff92c7edc1823e7e19d12a8ed-arm64
Process init image: zededa/gpt-tools:fe878611e4e032ea10946cbc9a1c3d5b22349dc4-arm64
Process init image: zededa/dom0-ztools:c6d8f2123c748379add5d3dbbac23e3630131760-arm64
Process init image: linuxkit/init:v0.5
Process init image: linuxkit/runc:v0.5
Process init image: linuxkit/containerd:v0.5
Process init image: linuxkit/getty:v0.5
Add onboot containers:
  Create OCI config for linuxkit/sysctl:v0.5
  Create OCI config for linuxkit/modprobe:v0.5
  Create OCI config for linuxkit/mount:v0.5
Add service containers:
  Create OCI config for linuxkit/openntpd:v0.5
  Create OCI config for zededa/wwan:5f68442251df0f2625fde14e947f11de2374b72d-arm64
  Create OCI config for zededa/wlan:8aa66e76c276b97d1141801d3f461e2b3f8f8f97-arm64
  Create OCI config for zededa/zedctr:0f38bbbff95eae348a92e87e837455ad8b4cee6d-arm64
Add files:
  /containers/services/zededa-tools/lower/opt/zededa/bin/versioninfo
Parallel mksquashfs: Using 4 processors
Creating 4.0 filesystem on /rootfs.img, block size 131072.
[/                                                           ]     0/16800   0%[===================================================/        ] 14700/16800  87%[===========================================================-] 16800/16800 100%

Exportable Squashfs 4.0 filesystem, gzip compressed, data block size 131072
	compressed data, compressed metadata, compressed fragments, compressed xattrs
	duplicates are removed
Filesystem size 177664.61 Kbytes (173.50 Mbytes)
	31.68% of uncompressed filesystem size (560816.04 Kbytes)
Inode table size 175648 bytes (171.53 Kbytes)
	25.98% of uncompressed inode table size (676002 bytes)
Directory table size 182598 bytes (178.32 Kbytes)
	44.91% of uncompressed directory table size (406574 bytes)
Number of duplicate files found 4368
Number of inodes 17842
Number of files 13374
Number of fragments 725
Number of symbolic links  3044
Number of device nodes 7
Number of fifo nodes 0
Number of socket nodes 0
Number of directories 1417
Number of ids (unique uids + gids) 3
Number of uids 1
	root (0)
Number of gids 3
	root (0)
	shadow (42)
	tty (5)
./makeiso.sh images/installer.yml installer_aarch64.iso
Extract kernel image: zededa/kernel:e3363b9a7698b1f1a7fd39407b915aa2b8a5cd6a-arm64
Add init containers:
Process init image: zededa/grub:9ef005e2cdab77744cca5ce51a35e38abbe0d862-arm64
Process init image: zededa/device-trees:1bca882c64827de08bba9aa7713441b2b4d7ca8d-arm64
Process init image: zededa/xen:be954dc9ba840dcff92c7edc1823e7e19d12a8ed-arm64
Process init image: linuxkit/init:v0.5
Process init image: linuxkit/runc:v0.5
Process init image: linuxkit/getty:v0.5
Add onboot containers:
  Create OCI config for zededa/mkflash:d4131c74a9e283a1e4ee5f3aa80b47b538378411-arm64
Add files:
  /parts/config.img
  /parts/rootfs.img
time="2018-11-03T08:06:56+01:00" level=fatal msg="failed to add filesystem parts: open rootfs.img: no such file or directory"
xorriso 1.4.6 : RockRidge filesystem manipulator, libburnia project.

Drive current: -outdev 'stdio:linuxkit-efi.iso'
Media current: stdio file, overwriteable
Media status : is blank
Media summary: 0 sessions, 0 data blocks, 0 data,  754g free
Added to ISO image: directory '/'='/tmp/efi'
xorriso : UPDATE : 4596 files added in 1 seconds
xorriso : UPDATE : 4596 files added in 1 seconds
libisofs: NOTE : Cannot arrange content of data files in surely reproducible way
xorriso : UPDATE :  15.25% done
ISO image produced: 99922 sectors
Written to medium : 99922 sectors at LBA 0
Writing to 'stdio:linuxkit-efi.iso' completed successfully.

./makerootfs.sh images/installer.yml squash rootfs_aarch64.img_installer.img
Extract kernel image: zededa/kernel:e3363b9a7698b1f1a7fd39407b915aa2b8a5cd6a-arm64
Add init containers:
Process init image: zededa/grub:9ef005e2cdab77744cca5ce51a35e38abbe0d862-arm64
Process init image: zededa/device-trees:1bca882c64827de08bba9aa7713441b2b4d7ca8d-arm64
Process init image: zededa/xen:be954dc9ba840dcff92c7edc1823e7e19d12a8ed-arm64
Process init image: linuxkit/init:v0.5
Process init image: linuxkit/runc:v0.5
Process init image: linuxkit/getty:v0.5
Add onboot containers:
  Create OCI config for zededa/mkflash:d4131c74a9e283a1e4ee5f3aa80b47b538378411-arm64
Add files:
  /parts/config.img
  /parts/rootfs.img
time="2018-11-03T08:07:50+01:00" level=fatal msg="failed to add filesystem parts: open rootfs.img: no such file or directory"
Parallel mksquashfs: Using 4 processors
Creating 4.0 filesystem on /rootfs.img, block size 131072.
[================|                                             ] 1000/3726  26%[=============================================================/] 3726/3726 100%

Exportable Squashfs 4.0 filesystem, gzip compressed, data block size 131072
	compressed data, compressed metadata, compressed fragments, compressed xattrs
	duplicates are removed
Filesystem size 67729.52 Kbytes (66.14 Mbytes)
	34.75% of uncompressed filesystem size (194908.55 Kbytes)
Inode table size 39468 bytes (38.54 Kbytes)
	25.67% of uncompressed inode table size (153733 bytes)
Directory table size 41201 bytes (40.24 Kbytes)
	45.98% of uncompressed directory table size (89604 bytes)
Number of duplicate files found 33
Number of inodes 3575
Number of files 2378
Number of fragments 118
Number of symbolic links  908
Number of device nodes 2
Number of fifo nodes 0
Number of socket nodes 0
Number of directories 287
Number of ids (unique uids + gids) 2
Number of uids 1
	root (0)
Number of gids 2
	root (0)
	shadow (42)
tar c rootfs_aarch64.img_installer.img | ./makeflash.sh -C 350 installer_aarch64.raw 2
1+0 records in
1+0 records out
1 byte copied, 0.000178169 s, 5.6 kB/s
+ IMGFILE=/output.img
+ NUMPARTS=2
+ mkdir -p /parts
+ [ -t 0 ]
+ cd /parts
+ bsdtar xzf -
+ ESP_FILE=/tmp/efifs.img
+ cut -f1 -d 
+ echo /parts/rootfs_aarch64.img_installer.img
+ IMGA_FILE=/parts/rootfs_aarch64.img_installer.img
+ CONF_FILE=/parts/config.img
+ mount -o loop /parts/rootfs_aarch64.img_installer.img /mnt
mount: mounting /dev/loop0 on /mnt failed: Invalid argument
Makefile:155: recipe for target 'installer_aarch64.raw' failed
make: *** [installer_aarch64.raw] Error 111
make: Entering directory '/home/zededa-ci/src/zenbuild/build-pkgs'
Building and pushing "zededa/zenix:latest"
Sending build context to Docker daemon  517.3MB
Step 1/9 : FROM alpine:edge
 ---> 698b28d4f8d1
Step 2/9 : RUN apk add --no-cache qemu-system-x86_64 qemu-system-aarch64 bash make git
 ---> Using cache
 ---> 5b21459beb8b
Step 3/9 : COPY . /bits/
 ---> Using cache
 ---> c5f345eda82a
Step 4/9 : COPY OVMF.fd /bits/bios/OVMF.fd
 ---> Using cache
 ---> e342e4ec1c5c
Step 5/9 : COPY runme.sh /
 ---> Using cache
 ---> c300c2ff8dc7
Step 6/9 : RUN touch /bits/bios/OVMF.fd
 ---> Using cache
 ---> 85b9a3f966f3
Step 7/9 : WORKDIR /bits
 ---> Using cache
 ---> b59a8adaf13d
Step 8/9 : ENTRYPOINT /runme.sh
 ---> Using cache
 ---> a2c4b6771d85
Step 9/9 : LABEL org.mobyproject.linuxkit.revision 'unknown' org.mobyproject.linuxkit.version 'unknown' org.opencontainers.image.revision '37b6fae37550c2aa65d6560eebdf87b36313af59' org.opencontainers.image.source 'https://github.com/linuxkit/linuxkit'
 ---> Running in f7d7b26a159a
 ---> adfe8fcc2589
Removing intermediate container f7d7b26a159a
Successfully built adfe8fcc2589
Successfully tagged zededa/zenix:latest-arm64
Pushing zededa/zenix:latest-arm64
The push refers to a repository [docker.io/zededa/zenix]
96feea203423: Preparing
c96588d795bb: Preparing
5ef670ff3c99: Preparing
841a93c06d96: Preparing
18d6c5bbfc56: Preparing
7f4507898901: Preparing
2a2e682c36db: Preparing
7f4507898901: Waiting
2a2e682c36db: Waiting
841a93c06d96: Layer already exists
5ef670ff3c99: Layer already exists
c96588d795bb: Layer already exists
18d6c5bbfc56: Layer already exists
96feea203423: Layer already exists
7f4507898901: Layer already exists
2a2e682c36db: Layer already exists
latest-arm64: digest: sha256:d41b6ab0d3a2bdba8922e87b8622e5e1a4ec460abc37a997ae4edc8981a7cb89 size: 1787
Pushing zededa/zenix:latest-arm64 to manifest zededa/zenix:latest
time="2018-11-03T08:09:18+01:00" level=warning msg="Couldn't find or access image reference \"zededa/zenix:latest-s390x\". Skipping image."
Digest: sha256:6c912c620a029d3f09540fd4988f97e45c1c6fe80903b54b69e32f454ad73058 743
Not signing zededa/zenix:latest
Build and push complete, not releasing, all done.
make: Leaving directory '/home/zededa-ci/src/zenbuild/build-pkgs'
FINISHED
