From https://github.com/zededa/zenbuild
   e71af78..6640a81  master     -> origin/master
   ee1113d..331fa03  0.16       -> origin/0.16
   7493d5e..7fa9dbb  fixes      -> origin/fixes
Updating e71af78..6640a81
Fast-forward
 pkg/kernel/kernel_config-4.9.x-x86_64 | 4 ++--
 pkg/xen/Dockerfile                    | 6 +++---
 2 files changed, 5 insertions(+), 5 deletions(-)
make -C build-tools all
make[1]: Entering directory '/home/zededa-ci/src/zenbuild/build-tools'
make[1]: Nothing to be done for 'all'.
make[1]: Leaving directory '/home/zededa-ci/src/zenbuild/build-tools'
From github.com:zededa/go-provision
   8cebb1eb..5eb9bb24  master     -> origin/master
   e82b9d24..5eb9bb24  fixes      -> origin/fixes
Updating 8cebb1eb..5eb9bb24
Fast-forward
 adapters/aa.go                 |  46 +++--
 cmd/domainmgr/domainmgr.go     | 370 +++++++++++++++++++++++++++++++++++------
 cmd/zedagent/handlemetrics.go  |  50 +-----
 cmd/zedagent/parseconfig.go    |   5 -
 cmd/zedagent/ssh.go            | 120 -------------
 cmd/zedagent/zedagent.go       |  91 +++++++---
 cmd/zedrouter/ssh.go           |  50 ++++++
 cmd/zedrouter/zedrouter.go     |  93 ++++++++---
 devicenetwork/devicenetwork.go |   1 -
 devicenetwork/wpad.go          |   2 +-
 types/assignableadapters.go    |   6 +
 11 files changed, 557 insertions(+), 277 deletions(-)
 delete mode 100644 cmd/zedagent/ssh.go
 create mode 100644 cmd/zedrouter/ssh.go
Already up-to-date.
Building and pushing "zededa/lisp:5e7369a8a1962faa4c1ceb829a8163eae3463e37"
5e7369a8a1962faa4c1ceb829a8163eae3463e37: Pulling from zededa/lisp
Digest: sha256:9bf04da04190c8c278a60240d9a865023e3a89e5f8cdaf3218290271e1b7a9c2
Status: Image is up to date for zededa/lisp:5e7369a8a1962faa4c1ceb829a8163eae3463e37
Building and pushing "zededa/lisp:latest"
Sending build context to Docker daemon  12.99MB
Step 1/20 : FROM golang:1.9.1-alpine AS go-build
 ---> cc52d0ad4cce
Step 2/20 : RUN apk update
 ---> Using cache
 ---> 06dc54679d07
Step 3/20 : RUN apk add --no-cache git gcc linux-headers libc-dev libpcap-dev
 ---> Using cache
 ---> e0b117c95ac3
Step 4/20 : ADD . /go/src/github.com/zededa/lisp
 ---> 3b22286db837
Step 5/20 : RUN go install github.com/zededa/lisp/cmd/...
 ---> Running in 81646b71e171
 ---> 490cdf8736e0
Removing intermediate container 81646b71e171
Step 6/20 : FROM alpine:3.8
 ---> def91cb894ef
Step 7/20 : RUN apk add --no-cache curl gcc linux-headers libc-dev python python-dev libffi-dev openssl-dev libpcap-dev iproute2 tcpdump ethtool ip6tables
 ---> Using cache
 ---> 82953511567d
Step 8/20 : RUN mkdir /lisp
 ---> Using cache
 ---> 837e0c33946a
Step 9/20 : ARG LISP_URL=https://www.dropbox.com/s/ogfu5gaw550rlkq/zededa.tgz
 ---> Using cache
 ---> 069a7ed78b4c
Step 10/20 : RUN cd /lisp ; curl --insecure -L $LISP_URL | gzip -dc | tar -xf -
 ---> Using cache
 ---> 25962e7ed21d
Step 11/20 : ADD scripts/sudo /usr/bin/sudo
 ---> Using cache
 ---> be5a30abc303
Step 12/20 : ADD conf scripts/RESTART-LISP scripts/RUN-LISP.rtr1 scripts/RUN-LISP scripts/STOP-LISP scripts/CONFIG-SVC scripts/RL scripts/pslisp scripts/log-packets scripts/ping-mesh.py /lisp/
 ---> Using cache
 ---> 12c71f67e2c8
Step 13/20 : RUN python /lisp/get-pip.py
 ---> Using cache
 ---> ca52c0c114b1
Step 14/20 : RUN pip install -r /lisp/pip-requirements.txt
 ---> Using cache
 ---> 4a81fd6481ad
Step 15/20 : RUN echo 'PS1="`hostname | cut -d . -f 0` > "' >> /root/.profile
 ---> Using cache
 ---> 10a59d016033
Step 16/20 : COPY --from=go-build /go/bin/dataplane /lisp/lisp-ztr
 ---> Using cache
 ---> da59a8540f21
Step 17/20 : EXPOSE 8080
 ---> Using cache
 ---> ed5220478bda
Step 18/20 : WORKDIR /lisp
 ---> Using cache
 ---> 50f4351b25a2
Step 19/20 : CMD ./CONFIG-SVC ; ./RL ; sleep 5 ; tail -f ./logs/*
 ---> Using cache
 ---> fd0668bc13ae
Step 20/20 : LABEL org.mobyproject.linuxkit.revision 'unknown' org.mobyproject.linuxkit.version 'unknown' org.opencontainers.image.revision 'c208b80178af9eba4aa72562ccc6d18a43f787a3' org.opencontainers.image.source 'https://github.com/linuxkit/linuxkit'
 ---> Using cache
 ---> 84315a02efbd
Successfully built 84315a02efbd
Successfully tagged zededa/lisp:latest-arm64
Pushing zededa/lisp:latest-arm64
The push refers to a repository [docker.io/zededa/lisp]
98147eb52fdd: Preparing
2460ce561105: Preparing
56d8e29e1251: Preparing
1c3b5db37693: Preparing
cea9b2e7dbd4: Preparing
19029139889c: Preparing
2944e231c712: Preparing
10ed7430ba4b: Preparing
c47b13687581: Preparing
b43ad2345ba5: Preparing
cd0a9a09f5aa: Preparing
19029139889c: Waiting
2944e231c712: Waiting
b43ad2345ba5: Waiting
10ed7430ba4b: Waiting
cd0a9a09f5aa: Waiting
c47b13687581: Waiting
56d8e29e1251: Layer already exists
2460ce561105: Layer already exists
98147eb52fdd: Layer already exists
1c3b5db37693: Layer already exists
cea9b2e7dbd4: Layer already exists
2944e231c712: Layer already exists
19029139889c: Layer already exists
10ed7430ba4b: Layer already exists
b43ad2345ba5: Layer already exists
c47b13687581: Layer already exists
cd0a9a09f5aa: Layer already exists
latest-arm64: digest: sha256:7ede6d326c393555197ea2e300d92fc7dfa599cd53e61e537d8e7d516340692f size: 2621
Pushing zededa/lisp:latest-arm64 to manifest zededa/lisp:latest
time="2018-11-21T08:00:54+01:00" level=warning msg="Couldn't find or access image reference \"zededa/lisp:latest-s390x\". Skipping image."
Digest: sha256:e4eaa9d20b998f122f29d2079bb93d32c08724cfa0b468a1b38c58fd6cae8ecd 743
Not signing zededa/lisp:latest
Build and push complete, not releasing, all done.
Building and pushing "zededa/ztools:5cb2076fd55b8375ed3e97035ac42d55e2a2e509"
5cb2076fd55b8375ed3e97035ac42d55e2a2e509: Pulling from zededa/ztools
no matching manifest for linux/arm64 in the manifest list entries
No image pulled, continuing with build
Sending build context to Docker daemon  43.68MB
Step 1/33 : FROM golang:1.9.1-alpine AS build
 ---> cc52d0ad4cce
Step 2/33 : RUN apk update
 ---> Using cache
 ---> 06dc54679d07
Step 3/33 : RUN apk add --no-cache git gcc linux-headers libc-dev util-linux
 ---> Using cache
 ---> bcd126094d65
Step 4/33 : ADD ./ /go/src/github.com/zededa/go-provision/
 ---> 87375d4128ae
Step 5/33 : ADD etc /config
 ---> 668c0d5dfa35
Step 6/33 : ADD scripts/device-steps.sh scripts/find-uplink.sh scripts/generate-device.sh scripts/generate-self-signed.sh scripts/handlezedserverconfig.sh /opt/zededa/bin/
 ---> 2e4838e8bef1
Step 7/33 : ADD examples /opt/zededa/examples
 ---> 8f9d4fe04a5e
Step 8/33 : ADD AssignableAdapters /var/tmp/zededa/AssignableAdapters
 ---> 6735c7bba69f
Step 9/33 : ADD DeviceNetworkConfig /var/tmp/zededa/DeviceNetworkConfig
 ---> b71255ac3d27
Step 10/33 : ADD lisp.config.base /var/tmp/zededa/lisp.config.base
 ---> efff23d7b1d7
Step 11/33 : RUN (cd ./src/github.com/zededa/go-provision/; scripts/getversion.sh >/opt/zededa/bin/versioninfo)
 ---> Running in ba838ec5d6bd
 ---> 9830d4875ba7
Removing intermediate container ba838ec5d6bd
Step 12/33 : RUN cp /opt/zededa/bin/versioninfo /opt/zededa/bin/versioninfo.1
 ---> Running in 38e7d0993fbc
 ---> cadd99c4af1f
Removing intermediate container 38e7d0993fbc
Step 13/33 : RUN echo Building: `cat /opt/zededa/bin/versioninfo`
 ---> Running in f18f7755ae17
Building: 20180314-test-5eb9bb24-2018-11-21.07.01
 ---> c73dd04001f9
Removing intermediate container f18f7755ae17
Step 14/33 : RUN go install github.com/zededa/go-provision/zedbox/...
 ---> Running in 2d8aea57a0ad
 ---> e58dfcf25604
Removing intermediate container 2d8aea57a0ad
Step 15/33 : RUN cd /opt/zededa/bin ; ln -s /go/bin/* .
 ---> Running in fe072b7bff15
 ---> 71526b056da8
Removing intermediate container fe072b7bff15
Step 16/33 : RUN cd /opt/zededa/bin ; ln -s zedbox client; ln -s zedbox domainmgr; ln -s zedbox downloader; ln -s zedbox hardwaremodel; ln -s zedbox identitymgr; ln -s zedbox ledmanager; ln -s zedbox logmanager; ln -s zedbox verifier; ln -s zedbox zedagent; ln -s zedbox zedmanager; ln -s zedbox zedrouter; ln -s zedbox ipcmonitor
 ---> Running in b92bdca333dc
 ---> 10a1f1695db6
Removing intermediate container b92bdca333dc
Step 17/33 : FROM zededa/lisp:latest AS lisp
 ---> 8c611457d2fd
Step 18/33 : FROM scratch
 ---> 
Step 19/33 : COPY --from=build /opt/zededa/bin /opt/zededa/bin
 ---> 8a1a9c25339f
Step 20/33 : COPY --from=build /opt/zededa/examples /opt/zededa/examples
 ---> d0bba1cee054
Step 21/33 : COPY --from=build /var/tmp/zededa/AssignableAdapters /var/tmp/zededa/AssignableAdapters
 ---> 24566e3056ad
Step 22/33 : COPY --from=build /var/tmp/zededa/DeviceNetworkConfig /var/tmp/zededa/DeviceNetworkConfig
 ---> 172843540ccc
Step 23/33 : COPY --from=build /var/tmp/zededa/lisp.config.base /var/tmp/zededa/lisp.config.base
 ---> f9057844a878
Step 24/33 : COPY --from=build /config /opt/zededa/examples/config
 ---> dac9b2592e0a
Step 25/33 : COPY --from=build /go/bin/* /opt/zededa/bin/
 ---> 288245e9b770
Step 26/33 : COPY --from=lisp /lisp/lisp-ztr /opt/zededa/bin/
COPY failed: stat /var/lib/docker/btrfs/subvolumes/102adb4460f35f3656116681c61089165a3d341c2979765fb5326ad4b44c419d/lisp/lisp-ztr: no such file or directory
exit status 1
Building and pushing "zededa/ztools:latest"
Sending build context to Docker daemon  43.68MB
Step 1/33 : FROM golang:1.9.1-alpine AS build
 ---> cc52d0ad4cce
Step 2/33 : RUN apk update
 ---> Using cache
 ---> 06dc54679d07
Step 3/33 : RUN apk add --no-cache git gcc linux-headers libc-dev util-linux
 ---> Using cache
 ---> bcd126094d65
Step 4/33 : ADD ./ /go/src/github.com/zededa/go-provision/
 ---> Using cache
 ---> 87375d4128ae
Step 5/33 : ADD etc /config
 ---> Using cache
 ---> 668c0d5dfa35
Step 6/33 : ADD scripts/device-steps.sh scripts/find-uplink.sh scripts/generate-device.sh scripts/generate-self-signed.sh scripts/handlezedserverconfig.sh /opt/zededa/bin/
 ---> Using cache
 ---> 2e4838e8bef1
Step 7/33 : ADD examples /opt/zededa/examples
 ---> Using cache
 ---> 8f9d4fe04a5e
Step 8/33 : ADD AssignableAdapters /var/tmp/zededa/AssignableAdapters
 ---> Using cache
 ---> 6735c7bba69f
Step 9/33 : ADD DeviceNetworkConfig /var/tmp/zededa/DeviceNetworkConfig
 ---> Using cache
 ---> b71255ac3d27
Step 10/33 : ADD lisp.config.base /var/tmp/zededa/lisp.config.base
 ---> Using cache
 ---> efff23d7b1d7
Step 11/33 : RUN (cd ./src/github.com/zededa/go-provision/; scripts/getversion.sh >/opt/zededa/bin/versioninfo)
 ---> Using cache
 ---> 9830d4875ba7
Step 12/33 : RUN cp /opt/zededa/bin/versioninfo /opt/zededa/bin/versioninfo.1
 ---> Using cache
 ---> cadd99c4af1f
Step 13/33 : RUN echo Building: `cat /opt/zededa/bin/versioninfo`
 ---> Using cache
 ---> c73dd04001f9
Step 14/33 : RUN go install github.com/zededa/go-provision/zedbox/...
 ---> Using cache
 ---> e58dfcf25604
Step 15/33 : RUN cd /opt/zededa/bin ; ln -s /go/bin/* .
 ---> Using cache
 ---> 71526b056da8
Step 16/33 : RUN cd /opt/zededa/bin ; ln -s zedbox client; ln -s zedbox domainmgr; ln -s zedbox downloader; ln -s zedbox hardwaremodel; ln -s zedbox identitymgr; ln -s zedbox ledmanager; ln -s zedbox logmanager; ln -s zedbox verifier; ln -s zedbox zedagent; ln -s zedbox zedmanager; ln -s zedbox zedrouter; ln -s zedbox ipcmonitor
 ---> Using cache
 ---> 10a1f1695db6
Step 17/33 : FROM zededa/lisp:latest AS lisp
 ---> 8c611457d2fd
Step 18/33 : FROM scratch
 ---> 
Step 19/33 : COPY --from=build /opt/zededa/bin /opt/zededa/bin
 ---> Using cache
 ---> 8a1a9c25339f
Step 20/33 : COPY --from=build /opt/zededa/examples /opt/zededa/examples
 ---> Using cache
 ---> d0bba1cee054
Step 21/33 : COPY --from=build /var/tmp/zededa/AssignableAdapters /var/tmp/zededa/AssignableAdapters
 ---> Using cache
 ---> 24566e3056ad
Step 22/33 : COPY --from=build /var/tmp/zededa/DeviceNetworkConfig /var/tmp/zededa/DeviceNetworkConfig
 ---> Using cache
 ---> 172843540ccc
Step 23/33 : COPY --from=build /var/tmp/zededa/lisp.config.base /var/tmp/zededa/lisp.config.base
 ---> Using cache
 ---> f9057844a878
Step 24/33 : COPY --from=build /config /opt/zededa/examples/config
 ---> Using cache
 ---> dac9b2592e0a
Step 25/33 : COPY --from=build /go/bin/* /opt/zededa/bin/
 ---> Using cache
 ---> 288245e9b770
Step 26/33 : COPY --from=lisp /lisp/lisp-ztr /opt/zededa/bin/
COPY failed: stat /var/lib/docker/btrfs/subvolumes/87cf04afaca1cc1694bc86cd81467c409b8a899203de0177fe273f8e08803c40/lisp/lisp-ztr: no such file or directory
exit status 1
make: Entering directory '/home/zededa-ci/src/zenbuild/pkg'
(cd ..; ./parse-pkgs.sh pkg/qrexec-lib/Dockerfile.in > pkg/qrexec-lib/Dockerfile)
(cd ..; ./parse-pkgs.sh pkg/qrexec-dom0/Dockerfile.in > pkg/qrexec-dom0/Dockerfile)
(cd ..; ./parse-pkgs.sh pkg/zedctr/Dockerfile.in > pkg/zedctr/Dockerfile)
(cd ..; ./parse-pkgs.sh pkg/mkconf/Dockerfile.in > pkg/mkconf/Dockerfile)
Building and pushing "zededa/grub:6f610920395651b33beee89bd906203521dfb8cf"
6f610920395651b33beee89bd906203521dfb8cf: Pulling from zededa/grub
Digest: sha256:48e25705a7caad0a4671343761b62778e489d19411d9be28aa55602991f25f57
Status: Downloaded newer image for zededa/grub:6f610920395651b33beee89bd906203521dfb8cf
Building and pushing "zededa/xen:992ad0d071559666b03367444378d7f06fe304ab"
992ad0d071559666b03367444378d7f06fe304ab: Pulling from zededa/xen
no matching manifest for linux/arm64 in the manifest list entries
No image pulled, continuing with build
Sending build context to Docker daemon  5.632kB
Step 1/18 : FROM alpine:3.7 as kernel-build
 ---> f6df4608fa98
Step 2/18 : RUN apk update
 ---> Running in 7c61e3056e1c
fetch http://dl-cdn.alpinelinux.org/alpine/v3.7/main/aarch64/APKINDEX.tar.gz
fetch http://dl-cdn.alpinelinux.org/alpine/v3.7/community/aarch64/APKINDEX.tar.gz
v3.7.1-49-g76debc64eb [http://dl-cdn.alpinelinux.org/alpine/v3.7/main]
v3.7.1-50-g71bdcfe045 [http://dl-cdn.alpinelinux.org/alpine/v3.7/community]
OK: 8871 distinct packages available
 ---> 33724bae7801
Removing intermediate container 7c61e3056e1c
Step 3/18 : RUN apk add     argp-standalone     automake     bash     bc     binutils-dev     bison     build-base     curl     diffutils     flex     git     gmp-dev     gnupg     installkernel     kmod     libelf-dev     libressl-dev     linux-headers     ncurses-dev     python2     sed     squashfs-tools     tar     xz     xz-dev     zlib-dev
 ---> Running in a37e8025b6d4
(1/83) Upgrading musl (1.1.18-r2 -> 1.1.18-r3)
(2/83) Upgrading libressl2.6-libcrypto (2.6.3-r0 -> 2.6.5-r0)
(3/83) Upgrading libressl2.6-libssl (2.6.3-r0 -> 2.6.5-r0)
(4/83) Installing argp-standalone (1.3-r2)
(5/83) Installing libbz2 (1.0.6-r6)
(6/83) Installing perl (5.26.2-r1)
(7/83) Installing automake (1.15.1-r0)
(8/83) Installing pkgconf (1.3.10-r0)
(9/83) Installing ncurses-terminfo-base (6.0_p20171125-r1)
(10/83) Installing ncurses-terminfo (6.0_p20171125-r1)
(11/83) Installing ncurses-libs (6.0_p20171125-r1)
(12/83) Installing readline (7.0.003-r0)
(13/83) Installing bash (4.4.19-r1)
Executing bash-4.4.19-r1.post-install
(14/83) Installing bc (1.07.1-r0)
(15/83) Installing binutils-libs (2.30-r1)
(16/83) Installing binutils-dev (2.30-r1)
(17/83) Installing m4 (1.4.18-r0)
(18/83) Installing bison (3.0.4-r0)
(19/83) Installing binutils (2.30-r1)
(20/83) Installing gmp (6.1.2-r1)
(21/83) Installing isl (0.18-r0)
(22/83) Installing libgomp (6.4.0-r5)
(23/83) Installing libatomic (6.4.0-r5)
(24/83) Installing libgcc (6.4.0-r5)
(25/83) Installing mpfr3 (3.1.5-r1)
(26/83) Installing mpc1 (1.0.3-r1)
(27/83) Installing libstdc++ (6.4.0-r5)
(28/83) Installing gcc (6.4.0-r5)
(29/83) Installing musl-dev (1.1.18-r3)
(30/83) Installing libc-dev (0.7.1-r0)
(31/83) Installing g++ (6.4.0-r5)
(32/83) Installing make (4.2.1-r0)
(33/83) Installing fortify-headers (0.9-r0)
(34/83) Installing build-base (0.5-r0)
(35/83) Installing ca-certificates (20171114-r0)
(36/83) Installing libssh2 (1.8.0-r2)
(37/83) Installing libcurl (7.61.1-r1)
(38/83) Installing curl (7.61.1-r1)
(39/83) Installing diffutils (3.6-r0)
(40/83) Installing flex (2.6.4-r1)
(41/83) Installing expat (2.2.5-r0)
(42/83) Installing pcre2 (10.30-r0)
(43/83) Installing git (2.15.3-r0)
(44/83) Installing libgmpxx (6.1.2-r1)
(45/83) Installing gmp-dev (6.1.2-r1)
(46/83) Installing libgpg-error (1.27-r1)
(47/83) Installing libassuan (2.4.4-r0)
(48/83) Installing libcap (2.25-r1)
(49/83) Installing pinentry (1.0.0-r0)
Executing pinentry-1.0.0-r0.post-install
(50/83) Installing libgcrypt (1.8.3-r0)
(51/83) Installing nettle (3.3-r0)
(52/83) Installing libffi (3.2.1-r4)
(53/83) Installing libtasn1 (4.12-r3)
(54/83) Installing p11-kit (0.23.2-r2)
(55/83) Installing libunistring (0.9.7-r0)
(56/83) Installing gnutls (3.6.1-r0)
(57/83) Installing libksba (1.3.5-r0)
(58/83) Installing db (5.3.28-r0)
(59/83) Installing libsasl (2.1.26-r11)
(60/83) Installing libldap (2.4.45-r3)
(61/83) Installing npth (1.5-r1)
(62/83) Installing gnupg (2.2.3-r1)
(63/83) Installing installkernel (3.5-r0)
(64/83) Installing xz-libs (5.2.3-r1)
(65/83) Installing kmod (24-r0)
(66/83) Upgrading musl-utils (1.1.18-r2 -> 1.1.18-r3)
(67/83) Installing libelf (0.8.13-r3)
(68/83) Installing libelf-dev (0.8.13-r3)
(69/83) Installing libressl2.6-libtls (2.6.5-r0)
(70/83) Installing libressl-dev (2.6.5-r0)
(71/83) Installing linux-headers (4.4.6-r2)
(72/83) Installing ncurses-dev (6.0_p20171125-r1)
(73/83) Installing gdbm (1.13-r1)
(74/83) Installing sqlite-libs (3.21.0-r1)
(75/83) Installing python2 (2.7.15-r2)
(76/83) Installing sed (4.4-r1)
(77/83) Installing lz4-libs (1.8.0-r1)
(78/83) Installing lzo (2.10-r2)
(79/83) Installing squashfs-tools (4.3-r4)
(80/83) Installing tar (1.29-r1)
(81/83) Installing xz (5.2.3-r1)
(82/83) Installing xz-dev (5.2.3-r1)
(83/83) Installing zlib-dev (1.2.11-r1)
Executing busybox-1.27.2-r6.trigger
Executing ca-certificates-20171114-r0.trigger
OK: 296 MiB in 90 packages
 ---> 4dbde13a773a
Removing intermediate container a37e8025b6d4
Step 4/18 : RUN if [ $(uname -m) = "aarch64" ] ; then (echo http://nl.alpinelinux.org/alpine/edge/main ;     echo http://nl.alpinelinux.org/alpine/edge/testing) >> /etc/apk/repositories &&     apk add --no-cache libunwind-dev uboot-tools ; fi
 ---> Running in eb4384abbf63
fetch http://dl-cdn.alpinelinux.org/alpine/v3.7/main/aarch64/APKINDEX.tar.gz
fetch http://dl-cdn.alpinelinux.org/alpine/v3.7/community/aarch64/APKINDEX.tar.gz
fetch http://nl.alpinelinux.org/alpine/edge/main/aarch64/APKINDEX.tar.gz
fetch http://nl.alpinelinux.org/alpine/edge/testing/aarch64/APKINDEX.tar.gz
[91mWARNING: This apk-tools is OLD! Some packages might not function properly.
[0m(1/7) Installing libexecinfo (1.1-r0)
(2/7) Installing libexecinfo-dev (1.1-r0)
(3/7) Installing libunwind (1.2.1-r1)
(4/7) Installing libunwind-dev (1.2.1-r1)
(5/7) Installing libcrypto1.1 (1.1.1a-r0)
[91mERROR: libcrypto1.1-1.1.1a-r0: trying to overwrite etc/ssl/openssl.cnf owned by libressl2.6-libcrypto-2.6.5-r0.
[0m(6/7) Installing libssl1.1 (1.1.1a-r0)
(7/7) Installing uboot-tools (2018.09-r0)
Executing busybox-1.27.2-r6.trigger
Executing ca-certificates-20171114-r0.trigger
1 error; 303 MiB in 97 packages
The command '/bin/sh -c if [ $(uname -m) = "aarch64" ] ; then (echo http://nl.alpinelinux.org/alpine/edge/main ;     echo http://nl.alpinelinux.org/alpine/edge/testing) >> /etc/apk/repositories &&     apk add --no-cache libunwind-dev uboot-tools ; fi' returned a non-zero code: 1
exit status 1
Makefile:19: recipe for target 'push' failed
make: *** [push] Error 1
make: Leaving directory '/home/zededa-ci/src/zenbuild/pkg'
make: Entering directory '/home/zededa-ci/src/zenbuild/pkg'
(cd ..; ./parse-pkgs.sh pkg/zedctr//Dockerfile.in > pkg/zedctr//Dockerfile)
Building and pushing "zededa/zedctr:0f38bbbff95eae348a92e87e837455ad8b4cee6d"
Sending build context to Docker daemon  20.48kB
Step 1/21 : FROM zededa/ztools:latest as ztools
 ---> 6341cd92336a
Step 2/21 : FROM zededa/xen-tools:9c96b441d083d7ef7bcb602bf009fa91bd7ebbf2-arm64 as xen-tools
 ---> 194a0d29c96f
Step 3/21 : FROM zededa/dnsmasq:c5985cdd83998d06255fe115d230a280c6928f1b-arm64 as dnsmasq
 ---> 85ce87902c8e
Step 4/21 : FROM zededa/strongswan:8f5ee3b98aa3ea49a9a4231baac9be933d6155ec-arm64 as strongswan
 ---> 2e11606a1b07
Step 5/21 : FROM zededa/gpt-tools:fe878611e4e032ea10946cbc9a1c3d5b22349dc4-arm64 as gpttools
 ---> 245b06fc67fd
Step 6/21 : FROM zededa/watchdog:2aea3af274e4928d2eab2b738d0e100ee5362173-arm64 as watchdog
 ---> 2682e16114b6
Step 7/21 : FROM alpine:3.8
 ---> def91cb894ef
Step 8/21 : RUN apk add --no-cache     yajl xz bash openssl iptables ip6tables iproute2 dhcpcd     apk-cron coreutils dmidecode sudo libbz2 libuuid ipset     libpcap libaio logrotate pixman glib curl radvd perl ethtool     openssh-server util-linux e2fsprogs libcrypto1.0 xorriso
 ---> Running in 40446be3f688
fetch http://dl-cdn.alpinelinux.org/alpine/v3.8/main/aarch64/APKINDEX.tar.gz
fetch http://dl-cdn.alpinelinux.org/alpine/v3.8/community/aarch64/APKINDEX.tar.gz
(1/62) Installing apk-cron (1.0-r1)
(2/62) Installing ncurses-terminfo-base (6.1_p20180818-r1)
(3/62) Installing ncurses-terminfo (6.1_p20180818-r1)
(4/62) Installing ncurses-libs (6.1_p20180818-r1)
(5/62) Installing readline (7.0.003-r0)
(6/62) Installing bash (4.4.19-r1)
Executing bash-4.4.19-r1.post-install
(7/62) Installing libattr (2.4.47-r7)
(8/62) Installing libacl (2.2.52-r5)
(9/62) Installing coreutils (8.29-r2)
(10/62) Installing ca-certificates (20171114-r3)
(11/62) Installing nghttp2-libs (1.32.0-r0)
(12/62) Installing libssh2 (1.8.0-r3)
(13/62) Installing libcurl (7.61.1-r1)
(14/62) Installing curl (7.61.1-r1)
(15/62) Installing dhcpcd (7.0.7-r0)
(16/62) Installing dmidecode (3.1-r0)
(17/62) Installing libuuid (2.32-r0)
(18/62) Installing libblkid (2.32-r0)
(19/62) Installing libcom_err (1.44.2-r0)
(20/62) Installing e2fsprogs-libs (1.44.2-r0)
(21/62) Installing e2fsprogs (1.44.2-r0)
(22/62) Installing ethtool (4.16-r0)
(23/62) Installing libffi (3.2.1-r4)
(24/62) Installing libintl (0.19.8.1-r2)
(25/62) Installing libmount (2.32-r0)
(26/62) Installing pcre (8.42-r0)
(27/62) Installing glib (2.56.1-r0)
(28/62) Installing libmnl (1.0.4-r0)
(29/62) Installing jansson (2.11-r0)
(30/62) Installing libnftnl-libs (1.1.1-r0)
(31/62) Installing iptables (1.6.2-r0)
(32/62) Installing ip6tables (1.6.2-r0)
(33/62) Installing libelf (0.8.13-r3)
(34/62) Installing iproute2 (4.13.0-r0)
Executing iproute2-4.13.0-r0.post-install
(35/62) Installing ipset (6.38-r1)
(36/62) Installing libaio (0.3.111-r0)
(37/62) Installing libbz2 (1.0.6-r6)
(38/62) Installing libcrypto1.0 (1.0.2p-r0)
(39/62) Installing libpcap (1.8.1-r1)
(40/62) Installing popt (1.16-r7)
(41/62) Installing logrotate (3.14.0-r0)
(42/62) Installing openssh-keygen (7.7_p1-r3)
(43/62) Installing openssh-server-common (7.7_p1-r3)
(44/62) Installing openssh-server (7.7_p1-r3)
(45/62) Installing libssl1.0 (1.0.2p-r0)
(46/62) Installing openssl (1.0.2p-r0)
(47/62) Installing perl (5.26.2-r1)
(48/62) Installing pixman (0.34.0-r5)
(49/62) Installing radvd (2.17-r2)
Executing radvd-2.17-r2.pre-install
(50/62) Installing sudo (1.8.23-r2)
(51/62) Installing libsmartcols (2.32-r0)
(52/62) Installing findmnt (2.32-r0)
(53/62) Installing libfdisk (2.32-r0)
(54/62) Installing util-linux (2.32-r0)
(55/62) Installing libburn (1.4.8-r0)
(56/62) Installing libedit (20170329.3.1-r3)
(57/62) Installing libisofs (1.4.8-r0)
(58/62) Installing libisoburn (1.4.8-r0)
(59/62) Installing xorriso (1.4.8-r0)
(60/62) Installing xz-libs (5.2.4-r0)
(61/62) Installing xz (5.2.4-r0)
(62/62) Installing yajl (2.1.0-r0)
Executing busybox-1.28.4-r0.trigger
Executing ca-certificates-20171114-r3.trigger
Executing glib-2.56.1-r0.trigger
OK: 72 MiB in 75 packages
 ---> 1af467d00dba
Removing intermediate container 40446be3f688
Step 9/21 : RUN [ `uname -m` = "aarch64" ] && apk add --no-cache libfdt || :
 ---> Running in e8f38067c5ab
fetch http://dl-cdn.alpinelinux.org/alpine/v3.8/main/aarch64/APKINDEX.tar.gz
fetch http://dl-cdn.alpinelinux.org/alpine/v3.8/community/aarch64/APKINDEX.tar.gz
(1/1) Installing libfdt (1.4.4-r0)
OK: 72 MiB in 76 packages
 ---> a86eddd264c2
Removing intermediate container e8f38067c5ab
Step 10/21 : RUN ln -s libpcap.so.1 /usr/lib/libpcap.so
 ---> Running in d31f59957ee4
 ---> ac19d1b15548
Removing intermediate container d31f59957ee4
Step 11/21 : RUN ssh-keygen -A ; echo PermitRootLogin yes >> /etc/ssh/sshd_config ; sed -ie '/^root/s#^.*$#root:$6$Ndt1G5AYZFQ8rz7m$7vGZMKKotSYxwxk/.jMfuOCzxw0I3DNedygaQaLF7kYSYsLqiBHhmc8RJSXp8/VxSYPpgYSz/8fkv0hO6I4js.:17477:0:::::#' /etc/shadow
 ---> Running in 78feb061bf87
ssh-keygen: generating new host keys: RSA DSA ECDSA ED25519 
 ---> 9a02fa92a249
Removing intermediate container 78feb061bf87
Step 12/21 : COPY --from=xen-tools / /
 ---> fd95a23bf902
Step 13/21 : COPY --from=ztools / /
 ---> 552460d9a90d
Step 14/21 : COPY --from=gpttools / /
 ---> cf14e16acbb3
Step 15/21 : COPY --from=dnsmasq /usr/sbin/dnsmasq /opt/zededa/bin/dnsmasq
 ---> 0bd2b6b5c403
Step 16/21 : COPY --from=strongswan / /
 ---> 8dba847492a2
Step 17/21 : COPY --from=watchdog /usr/sbin /usr/sbin
 ---> ab48d76aa7db
Step 18/21 : COPY rootfs/ /
 ---> 0b98895803f2
Step 19/21 : RUN chmod 644 /etc/logrotate.d/zededa
 ---> Running in 60fdc9c36eba
 ---> 21a2764010ed
Removing intermediate container 60fdc9c36eba
Step 20/21 : CMD /init.sh
 ---> Running in 33c531faa8c6
 ---> 277a864aa3a1
Removing intermediate container 33c531faa8c6
Step 21/21 : LABEL org.mobyproject.config '{"capabilities":["all"],"binds":["/dev:/dev","/etc/resolv.conf:/etc/resolv.conf","/run:/run","/var/config:/config","/var/log:/var/log/dom0","/:/hostfs"],"net":"host","pid":"host"}' org.mobyproject.linuxkit.revision 'unknown' org.mobyproject.linuxkit.version 'unknown' org.opencontainers.image.revision '6640a81b4316d76dce9c0a5f387606b615e71a9f' org.opencontainers.image.source 'https://github.com/linuxkit/linuxkit'
 ---> Running in 2e31f495211f
 ---> f6d608a097c4
Removing intermediate container 2e31f495211f
Successfully built f6d608a097c4
Successfully tagged zededa/zedctr:0f38bbbff95eae348a92e87e837455ad8b4cee6d-arm64
Pushing zededa/zedctr:0f38bbbff95eae348a92e87e837455ad8b4cee6d-arm64
The push refers to a repository [docker.io/zededa/zedctr]
7d5fc6efe9e0: Preparing
f9c51e2bb3f4: Preparing
c2c99f72275e: Preparing
fc7130fe3d4e: Preparing
543b981cbc5d: Preparing
981b7b269978: Preparing
400d5a602195: Preparing
17831a4ffdfd: Preparing
e4a9e3a567d1: Preparing
07c4340cd23d: Preparing
2919a4fb24d2: Preparing
b43ad2345ba5: Preparing
cd0a9a09f5aa: Preparing
981b7b269978: Waiting
400d5a602195: Waiting
17831a4ffdfd: Waiting
e4a9e3a567d1: Waiting
07c4340cd23d: Waiting
2919a4fb24d2: Waiting
b43ad2345ba5: Waiting
cd0a9a09f5aa: Waiting
7d5fc6efe9e0: Layer already exists
c2c99f72275e: Layer already exists
543b981cbc5d: Layer already exists
981b7b269978: Layer already exists
400d5a602195: Layer already exists
f9c51e2bb3f4: Pushed
fc7130fe3d4e: Pushed
17831a4ffdfd: Pushed
e4a9e3a567d1: Pushed
07c4340cd23d: Pushed
b43ad2345ba5: Layer already exists
cd0a9a09f5aa: Layer already exists
2919a4fb24d2: Pushed
0f38bbbff95eae348a92e87e837455ad8b4cee6d-arm64: digest: sha256:e9fb1125204bf29044b25d0774ce44e34a74a5a761a2d114e08897c74e3b57f2 size: 3047
Pushing zededa/zedctr:0f38bbbff95eae348a92e87e837455ad8b4cee6d-arm64 to manifest zededa/zedctr:0f38bbbff95eae348a92e87e837455ad8b4cee6d
time="2018-11-21T08:06:34+01:00" level=warning msg="Couldn't find or access image reference \"zededa/zedctr:0f38bbbff95eae348a92e87e837455ad8b4cee6d-s390x\". Skipping image."
Digest: sha256:75a38632b4603187b7c391964c3dcd1723c68bbdd5e2e241fe73631b310c6e53 743
Not signing zededa/zedctr:0f38bbbff95eae348a92e87e837455ad8b4cee6d
Build and push complete, not releasing, all done.
make: Leaving directory '/home/zededa-ci/src/zenbuild/pkg'
make: Entering directory '/home/zededa-ci/src/zenbuild/build-pkgs'
Building and pushing "zededa/build-pkgs_abuild:7ae4d9f9fa290963de466d5ed96d6c9318354824"
7ae4d9f9fa290963de466d5ed96d6c9318354824: Pulling from zededa/build-pkgs_abuild
Digest: sha256:b33d8cef6d17b7bd85f78a8161b61d5d539c8a9b31a5def1fc4e26d4e0c75242
Status: Image is up to date for zededa/build-pkgs_abuild:7ae4d9f9fa290963de466d5ed96d6c9318354824
Building and pushing "zededa/build-pkgs_uefi:a3362428c518fb4db1a136a961bd17e8a66fb693"
a3362428c518fb4db1a136a961bd17e8a66fb693: Pulling from zededa/build-pkgs_uefi
Digest: sha256:46f86deae7d9017d9bcb0f444bfb14aea65cf20915bb3620885c02decf47b7d2
Status: Image is up to date for zededa/build-pkgs_uefi:a3362428c518fb4db1a136a961bd17e8a66fb693
make: Leaving directory '/home/zededa-ci/src/zenbuild/build-pkgs'
cd bios ; _() { C=`docker create $1 fake` ; docker export $C | tar -xf - $2 ; docker rm $C ; } ; _ zededa/build-pkgs_uefi:a3362428c518fb4db1a136a961bd17e8a66fb693-arm64 OVMF.fd
1f3ec18a2c01ed2f0330d2b9e1d63e6ec0686cb7a9b40e18bf30bda9d39c1b54
make -C build-tools all
make[1]: Entering directory '/home/zededa-ci/src/zenbuild/build-tools'
make[1]: Nothing to be done for 'all'.
make[1]: Leaving directory '/home/zededa-ci/src/zenbuild/build-tools'
tee: /dev/tty: No such device or address
0f38bbbff95eae348a92e87e837455ad8b4cee6d-arm64: Pulling from zededa/zedctr
Digest: sha256:e9fb1125204bf29044b25d0774ce44e34a74a5a761a2d114e08897c74e3b57f2
Status: Image is up to date for zededa/zedctr:0f38bbbff95eae348a92e87e837455ad8b4cee6d-arm64
DOCKER_ARCH_TAG="arm64" ./parse-pkgs.sh images/installer.yml.in > images/installer.yml
# the following is a horrible hack that needs to go away ASAP
if [ "aarch64" != `uname -m` ] ; then \
           sed -e '/source:/s#rootfs.img#rootfs_aarch64.img#' \
               -e '/command:/s#/dev/sda#/dev/vda#' -i.orig images/installer.yml ;\
   echo "WARNING: We are assembling a aarch64 image on `uname -m`. Things may break." ;\
        fi
DOCKER_ARCH_TAG="arm64" ./parse-pkgs.sh images/rootfs.yml.in > images/rootfs.yml
# the following is a horrible hack that needs to go away ASAP
if [ "aarch64" != `uname -m` ] ; then \
           sed -e '/source:/s#rootfs.img#rootfs_aarch64.img#' \
               -e '/command:/s#/dev/sda#/dev/vda#' -i.orig images/rootfs.yml ;\
   echo "WARNING: We are assembling a aarch64 image on `uname -m`. Things may break." ;\
        fi
./makerootfs.sh images/rootfs.yml squash rootfs_aarch64.img
Extract kernel image: zededa/kernel:885ba576a61409bc0123ccc7c2915afcb4dd45d7-arm64
Pull image: zededa/kernel:885ba576a61409bc0123ccc7c2915afcb4dd45d7-arm64
time="2018-11-21T08:06:58+01:00" level=fatal msg="Failed to extract kernel image and tarball: Could not pull image zededa/kernel:885ba576a61409bc0123ccc7c2915afcb4dd45d7-arm64: Error response from daemon: manifest for zededa/kernel:885ba576a61409bc0123ccc7c2915afcb4dd45d7-arm64 not found"
cat: boot/cmdline: No such file or directory
Makefile:135: recipe for target 'rootfs_aarch64.img' failed
make: *** [rootfs_aarch64.img] Error 1
make: Entering directory '/home/zededa-ci/src/zenbuild/build-pkgs'
Building and pushing "zededa/zenix:latest"
Sending build context to Docker daemon  971.4MB
Step 1/9 : FROM alpine:edge
 ---> 698b28d4f8d1
Step 2/9 : RUN apk add --no-cache qemu-system-x86_64 qemu-system-aarch64 bash make git
 ---> Using cache
 ---> 3c636af23a87
Step 3/9 : COPY . /bits/
 ---> Using cache
 ---> 8315d66ada26
Step 4/9 : COPY OVMF.fd /bits/bios/OVMF.fd
 ---> Using cache
 ---> 184d0e8010e1
Step 5/9 : COPY runme.sh /
 ---> Using cache
 ---> 0813f6d33336
Step 6/9 : RUN touch /bits/bios/OVMF.fd
 ---> Using cache
 ---> 13303920b882
Step 7/9 : WORKDIR /bits
 ---> Using cache
 ---> 52753285a23e
Step 8/9 : ENTRYPOINT /runme.sh
 ---> Using cache
 ---> 75032426785a
Step 9/9 : LABEL org.mobyproject.linuxkit.revision 'unknown' org.mobyproject.linuxkit.version 'unknown' org.opencontainers.image.revision '6640a81b4316d76dce9c0a5f387606b615e71a9f' org.opencontainers.image.source 'https://github.com/linuxkit/linuxkit'
 ---> Running in 6f919c385332
 ---> 01f0a881209c
Removing intermediate container 6f919c385332
Successfully built 01f0a881209c
Successfully tagged zededa/zenix:latest-arm64
Pushing zededa/zenix:latest-arm64
The push refers to a repository [docker.io/zededa/zenix]
86f267a9d0e5: Preparing
c96588d795bb: Preparing
fc687aed0f65: Preparing
1e03917eee52: Preparing
b7482b9515a9: Preparing
7f4507898901: Preparing
2a2e682c36db: Preparing
2a2e682c36db: Waiting
7f4507898901: Waiting
b7482b9515a9: Layer already exists
86f267a9d0e5: Layer already exists
fc687aed0f65: Layer already exists
1e03917eee52: Layer already exists
c96588d795bb: Layer already exists
7f4507898901: Layer already exists
2a2e682c36db: Layer already exists
latest-arm64: digest: sha256:c05614f0cea2553be37e4991503c7f03ae37f306f45a132a14bc777b7b280b75 size: 1787
Pushing zededa/zenix:latest-arm64 to manifest zededa/zenix:latest
time="2018-11-21T08:07:38+01:00" level=warning msg="Couldn't find or access image reference \"zededa/zenix:latest-s390x\". Skipping image."
Digest: sha256:3e073ded6f135cb4b9044309385f030bd96374227a0b239e5d2070748ddaa7aa 743
Not signing zededa/zenix:latest
Build and push complete, not releasing, all done.
make: Leaving directory '/home/zededa-ci/src/zenbuild/build-pkgs'
FINISHED
