Already up-to-date.
make -C build-tools all
make[1]: Entering directory '/home/zededa-ci/src/zenbuild/build-tools'
[ -x /home/zededa-ci/src/zenbuild/build-tools/bin/dep ] || /usr/bin/go  get github.com/golang/dep/cmd/dep
cd `dirname src/linuxkit/Gopkg.lock` ; /home/zededa-ci/src/zenbuild/build-tools/bin/dep ensure -v
Gopkg.lock was already in sync with imports and Gopkg.toml
(1/52) Wrote gopkg.in/yaml.v2@v2
(2/52) Wrote github.com/mitchellh/go-ps@master
(3/52) Wrote github.com/docker/go-connections@v0.3.0
(4/52) Wrote github.com/go-ini/ini@v1.32.0
(5/52) Wrote github.com/docker/go-units@v0.3.2
(6/52) Wrote github.com/google/uuid@0.2
(7/52) Wrote github.com/golang/protobuf@v1.0.0
(8/52) Wrote github.com/gorilla/context@v1.1
(9/52) Wrote github.com/agl/ed25519@master
(10/52) Wrote github.com/gorilla/mux@v1.6.1
(11/52) Wrote github.com/Azure/go-ansiterm@master
(12/52) Wrote github.com/Microsoft/go-winio@v0.4.7
(13/52) Wrote github.com/miekg/pkcs11@master
(14/52) Wrote github.com/sirupsen/logrus@v1.0.4
(15/52) Wrote github.com/Azure/go-autorest@v10.1.2
(16/52) Wrote github.com/dgrijalva/jwt-go@v3.1.0
(17/52) Wrote github.com/docker/go@v1.5.1-1
(18/52) Wrote github.com/opencontainers/go-digest@v1.0.0-rc1
(19/52) Wrote github.com/jmespath/go-jmespath@0b12d6b5
(20/52) Wrote github.com/docker/go-p9p@master
(21/52) Wrote github.com/opencontainers/image-spec@v1.0.1
(22/52) Wrote github.com/opencontainers/runtime-spec@v1.0.1
(23/52) Wrote github.com/Azure/azure-sdk-for-go@26132835cbefa2669a306b777f34b929b56aa0a2
(24/52) Wrote github.com/packethost/packngo@f1be085ecd6fca1b0a0e25eda71f208dcfcee5ab
(25/52) Wrote github.com/gogo/protobuf@v1.0.0
(26/52) Wrote github.com/pkg/errors@v0.8.0
(27/52) Wrote cloud.google.com/go@v0.18.0
(28/52) Wrote github.com/surma/gocpio@1.1.0
(29/52) Wrote github.com/moby/datakit@0.12.1
(30/52) Wrote github.com/radu-matei/azure-vhd-utils@e52754d5569d2a643a7775f72ff2a6cf524f4c25
(31/52) Wrote github.com/xeipuuv/gojsonpointer@master
(32/52) Wrote github.com/gophercloud/gophercloud@master
(33/52) Wrote github.com/xeipuuv/gojsonreference@master
(34/52) Wrote github.com/rn/iso9660wrap@master
(35/52) Wrote golang.org/x/oauth2@master
(36/52) Wrote github.com/docker/distribution@3800056b8832cf6075e78b282ac010131d8687bc
(37/52) Wrote github.com/xeipuuv/gojsonschema@master
(38/52) Wrote github.com/moby/tool@master
(39/52) Wrote golang.org/x/crypto@master
(40/52) Wrote golang.org/x/sys@master
(41/52) Wrote github.com/containerd/containerd@v1.0.2
(42/52) Wrote github.com/radu-matei/azure-sdk-for-go@3b12823551999669c9a325a32472508e0af7978e
(43/52) Wrote github.com/moby/hyperkit@a285521725f44f3d10ca1042c2c07d3a6e24bed8
(44/52) Wrote google.golang.org/appengine@v1.0.0
(45/52) Wrote golang.org/x/net@master
(46/52) Wrote github.com/vmware/govmomi@v0.16.0
(47/52) Wrote github.com/aws/aws-sdk-go@v1.12.79
(48/52) Wrote github.com/theupdateframework/notary@master
(49/52) Wrote github.com/moby/vpnkit@v0.2.0
(50/52) Wrote github.com/linuxkit/linuxkit@master
(51/52) Wrote google.golang.org/api@master
(52/52) Wrote github.com/docker/docker@ba99c19b593bdb9e7b90793681fe89b0a91781ed
make[1]: Leaving directory '/home/zededa-ci/src/zenbuild/build-tools'
Already up-to-date.
Building and pushing "zededa/ztools:f08335beaf1e76d5876738682e3fa33252a058a1"
f08335beaf1e76d5876738682e3fa33252a058a1: Pulling from zededa/ztools
Digest: sha256:90ac7ef09bb2657519085df08ae82ee30ba7e9e050f3b7c1b158bbd4391a5b1d
Status: Image is up to date for zededa/ztools:f08335beaf1e76d5876738682e3fa33252a058a1
f08335beaf1e76d5876738682e3fa33252a058a1: Pulling from zededa/ztools
Digest: sha256:90ac7ef09bb2657519085df08ae82ee30ba7e9e050f3b7c1b158bbd4391a5b1d
Status: Image is up to date for zededa/ztools:f08335beaf1e76d5876738682e3fa33252a058a1
The push refers to a repository [docker.io/zededa/ztools]
tag does not exist: zededa/ztools:latest-arm64
make: Entering directory '/home/zededa-ci/src/zenbuild/pkg'
(cd ..; ./parse-pkgs.sh pkg/kmod_pfring/Dockerfile.in > pkg/kmod_pfring/Dockerfile)
(cd ..; ./parse-pkgs.sh pkg/qrexec-lib/Dockerfile.in > pkg/qrexec-lib/Dockerfile)
(cd ..; ./parse-pkgs.sh pkg/qrexec-dom0/Dockerfile.in > pkg/qrexec-dom0/Dockerfile)
(cd ..; ./parse-pkgs.sh pkg/zedctr/Dockerfile.in > pkg/zedctr/Dockerfile)
exit status 128
exit status 128
(cd ..; ./parse-pkgs.sh pkg/test-conf/Dockerfile.in > pkg/test-conf/Dockerfile)
(cd ..; ./parse-pkgs.sh pkg/mkflash/Dockerfile.in > pkg/mkflash/Dockerfile)
(cd ..; ./parse-pkgs.sh pkg/mkimage-iso-efi/Dockerfile.in > pkg/mkimage-iso-efi/Dockerfile)
(cd ..; ./parse-pkgs.sh pkg/mkimage-raw-efi//Dockerfile.in > pkg/mkimage-raw-efi//Dockerfile)
Building and pushing "zededa/grub:a83a89ea3b7f890696e759027bb10a0572248aef"
a83a89ea3b7f890696e759027bb10a0572248aef: Pulling from zededa/grub
Digest: sha256:13baa3f5f815be0c6e2fa45e2f78f57fdb98b63dd076e74d9dcd60fde9dab103
Status: Image is up to date for zededa/grub:a83a89ea3b7f890696e759027bb10a0572248aef
Building and pushing "zededa/xen:07f48fb845ebcbb4327b6493875a846d0e4ffd3b"
07f48fb845ebcbb4327b6493875a846d0e4ffd3b: Pulling from zededa/xen
Digest: sha256:c8b8389a2abf741dacda34dc25fd3a29454dd90d0bc9f89e4f6ae41001d76946
Status: Image is up to date for zededa/xen:07f48fb845ebcbb4327b6493875a846d0e4ffd3b
Building and pushing "zededa/kernel:2f3f0ca93049e132867b9f9a836848e6ecc03f4b"
2f3f0ca93049e132867b9f9a836848e6ecc03f4b: Pulling from zededa/kernel
Digest: sha256:3eff66f1abc70306b4e0ebae65f8b4df66ab0ed4626ed2046205ff01e5a17d17
Status: Image is up to date for zededa/kernel:2f3f0ca93049e132867b9f9a836848e6ecc03f4b
exit status 128
Makefile:16: recipe for target 'push' failed
make: *** [push] Error 1
make: Leaving directory '/home/zededa-ci/src/zenbuild/pkg'
make: Entering directory '/home/zededa-ci/src/zenbuild/build-pkgs'
Building and pushing "zededa/build-pkgs_abuild:7ae4d9f9fa290963de466d5ed96d6c9318354824"
7ae4d9f9fa290963de466d5ed96d6c9318354824: Pulling from zededa/build-pkgs_abuild
Digest: sha256:d8de31b2b439b28602ea727539340e235c411953de00fee6e51aec919a53e466
Status: Image is up to date for zededa/build-pkgs_abuild:7ae4d9f9fa290963de466d5ed96d6c9318354824
Building and pushing "zededa/build-pkgs_uefi:a3362428c518fb4db1a136a961bd17e8a66fb693"
a3362428c518fb4db1a136a961bd17e8a66fb693: Pulling from zededa/build-pkgs_uefi
Digest: sha256:551ca905d3f137281edee985de9038b7d459b066d1e06fab87e016508b75a464
Status: Image is up to date for zededa/build-pkgs_uefi:a3362428c518fb4db1a136a961bd17e8a66fb693
make: Leaving directory '/home/zededa-ci/src/zenbuild/build-pkgs'
make -C build-tools all
make[1]: Entering directory '/home/zededa-ci/src/zenbuild/build-tools'
[ -x /home/zededa-ci/src/zenbuild/build-tools/bin/dep ] || /usr/bin/go  get github.com/golang/dep/cmd/dep
cd `dirname src/linuxkit/Gopkg.lock` ; /home/zededa-ci/src/zenbuild/build-tools/bin/dep ensure -v
waiting for lockfile /home/zededa-ci/src/zenbuild/build-tools/pkg/dep/sm.lock: Locked by other process
Gopkg.lock was already in sync with imports and Gopkg.toml
(1/52) Wrote gopkg.in/yaml.v2@v2
(2/52) Wrote github.com/agl/ed25519@master
(3/52) Wrote github.com/dgrijalva/jwt-go@v3.1.0
(4/52) Wrote github.com/docker/go-connections@v0.3.0
(5/52) Wrote github.com/docker/go@v1.5.1-1
(6/52) Wrote github.com/go-ini/ini@v1.32.0
(7/52) Wrote github.com/Microsoft/go-winio@v0.4.7
(8/52) Wrote github.com/google/uuid@0.2
(9/52) Wrote github.com/gorilla/context@v1.1
(10/52) Wrote github.com/gorilla/mux@v1.6.1
(11/52) Wrote github.com/docker/go-p9p@master
(12/52) Wrote github.com/miekg/pkcs11@master
(13/52) Wrote github.com/Azure/go-ansiterm@master
(14/52) Wrote github.com/docker/go-units@v0.3.2
(15/52) Wrote github.com/mitchellh/go-ps@master
(16/52) Wrote github.com/sirupsen/logrus@v1.0.4
(17/52) Wrote github.com/Azure/go-autorest@v10.1.2
(18/52) Wrote github.com/opencontainers/go-digest@v1.0.0-rc1
(19/52) Wrote github.com/golang/protobuf@v1.0.0
(20/52) Wrote github.com/opencontainers/image-spec@v1.0.1
(21/52) Wrote github.com/opencontainers/runtime-spec@v1.0.1
(22/52) Wrote github.com/moby/datakit@0.12.1
(23/52) Wrote github.com/packethost/packngo@f1be085ecd6fca1b0a0e25eda71f208dcfcee5ab
(24/52) Wrote github.com/pkg/errors@v0.8.0
(25/52) Wrote github.com/jmespath/go-jmespath@0b12d6b5
(26/52) Wrote github.com/rn/iso9660wrap@master
(27/52) Wrote github.com/surma/gocpio@1.1.0
(28/52) Wrote github.com/gogo/protobuf@v1.0.0
(29/52) Wrote github.com/radu-matei/azure-vhd-utils@e52754d5569d2a643a7775f72ff2a6cf524f4c25
(30/52) Wrote cloud.google.com/go@v0.18.0
(31/52) Wrote github.com/radu-matei/azure-sdk-for-go@3b12823551999669c9a325a32472508e0af7978e
(32/52) Wrote github.com/xeipuuv/gojsonschema@master
(33/52) Wrote github.com/xeipuuv/gojsonpointer@master
(34/52) Wrote github.com/xeipuuv/gojsonreference@master
(35/52) Wrote github.com/Azure/azure-sdk-for-go@26132835cbefa2669a306b777f34b929b56aa0a2
(36/52) Wrote github.com/moby/tool@master
(37/52) Wrote github.com/moby/hyperkit@a285521725f44f3d10ca1042c2c07d3a6e24bed8
(38/52) Wrote github.com/docker/distribution@3800056b8832cf6075e78b282ac010131d8687bc
(39/52) Wrote golang.org/x/oauth2@master
(40/52) Wrote github.com/gophercloud/gophercloud@master
(41/52) Wrote github.com/vmware/govmomi@v0.16.0
(42/52) Wrote golang.org/x/crypto@master
(43/52) Wrote google.golang.org/appengine@v1.0.0
(44/52) Wrote golang.org/x/net@master
(45/52) Wrote golang.org/x/sys@master
(46/52) Wrote github.com/containerd/containerd@v1.0.2
(47/52) Wrote github.com/aws/aws-sdk-go@v1.12.79
(48/52) Wrote github.com/theupdateframework/notary@master
(49/52) Wrote github.com/moby/vpnkit@v0.2.0
(50/52) Wrote google.golang.org/api@master
(51/52) Wrote github.com/linuxkit/linuxkit@master
(52/52) Wrote github.com/docker/docker@ba99c19b593bdb9e7b90793681fe89b0a91781ed
make[1]: Leaving directory '/home/zededa-ci/src/zenbuild/build-tools'
make -C build-pkgs
make[1]: Entering directory '/home/zededa-ci/src/zenbuild/build-pkgs'
exit status 128
Makefile:12: recipe for target 'build' failed
make[1]: *** [build] Error 1
make[1]: Leaving directory '/home/zededa-ci/src/zenbuild/build-pkgs'
Makefile:37: recipe for target 'build-pkgs' failed
make: *** [build-pkgs] Error 2
The push refers to a repository [docker.io/zededa/zenix]
tag does not exist: zededa/zenix:latest-arm64
