Already up-to-date.
make -C build-tools all
make[1]: Entering directory '/home/zededa-ci/src/zenbuild/build-tools'
[ -x /home/zededa-ci/src/zenbuild/build-tools/bin/dep ] || /usr/bin/go  get github.com/golang/dep/cmd/dep
cd `dirname src/linuxkit/Gopkg.lock` ; /home/zededa-ci/src/zenbuild/build-tools/bin/dep ensure -v
Gopkg.lock was already in sync with imports and Gopkg.toml
(1/52) Wrote gopkg.in/yaml.v2@v2
(2/52) Wrote github.com/agl/ed25519@master
(3/52) Wrote github.com/docker/go-connections@v0.3.0
(4/52) Wrote github.com/go-ini/ini@v1.32.0
(5/52) Wrote github.com/golang/protobuf@v1.0.0
(6/52) Wrote github.com/google/uuid@0.2
(7/52) Wrote github.com/mitchellh/go-ps@master
(8/52) Wrote github.com/docker/go-units@v0.3.2
(9/52) Wrote github.com/gorilla/context@v1.1
(10/52) Wrote github.com/gorilla/mux@v1.6.1
(11/52) Wrote github.com/docker/go@v1.5.1-1
(12/52) Wrote github.com/miekg/pkcs11@master
(13/52) Wrote github.com/Microsoft/go-winio@v0.4.7
(14/52) Wrote github.com/sirupsen/logrus@v1.0.4
(15/52) Wrote github.com/Azure/go-ansiterm@master
(16/52) Wrote github.com/dgrijalva/jwt-go@v3.1.0
(17/52) Wrote github.com/Azure/go-autorest@v10.1.2
(18/52) Wrote github.com/gogo/protobuf@v1.0.0
(19/52) Wrote github.com/docker/go-p9p@master
(20/52) Wrote github.com/opencontainers/go-digest@v1.0.0-rc1
(21/52) Wrote github.com/opencontainers/image-spec@v1.0.1
(22/52) Wrote github.com/packethost/packngo@f1be085ecd6fca1b0a0e25eda71f208dcfcee5ab
(23/52) Wrote github.com/opencontainers/runtime-spec@v1.0.1
(24/52) Wrote cloud.google.com/go@v0.18.0
(25/52) Wrote github.com/moby/datakit@0.12.1
(26/52) Wrote github.com/pkg/errors@v0.8.0
(27/52) Wrote github.com/surma/gocpio@1.1.0
(28/52) Wrote github.com/jmespath/go-jmespath@0b12d6b5
(29/52) Wrote github.com/rn/iso9660wrap@master
(30/52) Wrote github.com/radu-matei/azure-vhd-utils@e52754d5569d2a643a7775f72ff2a6cf524f4c25
(31/52) Wrote github.com/radu-matei/azure-sdk-for-go@3b12823551999669c9a325a32472508e0af7978e
(32/52) Wrote github.com/docker/distribution@3800056b8832cf6075e78b282ac010131d8687bc
(33/52) Wrote github.com/xeipuuv/gojsonpointer@master
(34/52) Wrote github.com/Azure/azure-sdk-for-go@26132835cbefa2669a306b777f34b929b56aa0a2
(35/52) Wrote github.com/xeipuuv/gojsonreference@master
(36/52) Wrote golang.org/x/oauth2@master
(37/52) Wrote github.com/xeipuuv/gojsonschema@master
(38/52) Wrote github.com/moby/tool@master
(39/52) Wrote github.com/moby/hyperkit@a285521725f44f3d10ca1042c2c07d3a6e24bed8
(40/52) Wrote google.golang.org/appengine@v1.0.0
(41/52) Wrote golang.org/x/sys@master
(42/52) Wrote github.com/gophercloud/gophercloud@master
(43/52) Wrote golang.org/x/crypto@master
(44/52) Wrote github.com/vmware/govmomi@v0.16.0
(45/52) Wrote golang.org/x/net@master
(46/52) Wrote github.com/containerd/containerd@v1.0.2
(47/52) Wrote github.com/theupdateframework/notary@master
(48/52) Wrote github.com/aws/aws-sdk-go@v1.12.79
(49/52) Wrote github.com/moby/vpnkit@v0.2.0
(50/52) Wrote github.com/linuxkit/linuxkit@master
(51/52) Wrote google.golang.org/api@master
(52/52) Wrote github.com/docker/docker@ba99c19b593bdb9e7b90793681fe89b0a91781ed
make[1]: Leaving directory '/home/zededa-ci/src/zenbuild/build-tools'
Already up-to-date.
Building and pushing "zededa/ztools:3e022d704337c1b0b27dd91f1c15e245c2e3f84c"
3e022d704337c1b0b27dd91f1c15e245c2e3f84c: Pulling from zededa/ztools
Digest: sha256:285e5edaf954167d6937eaa62d8e54ea49a4b099ae3dc15e4ef9cef532dbd948
Status: Image is up to date for zededa/ztools:3e022d704337c1b0b27dd91f1c15e245c2e3f84c
3e022d704337c1b0b27dd91f1c15e245c2e3f84c: Pulling from zededa/ztools
Digest: sha256:285e5edaf954167d6937eaa62d8e54ea49a4b099ae3dc15e4ef9cef532dbd948
Status: Image is up to date for zededa/ztools:3e022d704337c1b0b27dd91f1c15e245c2e3f84c
The push refers to a repository [docker.io/zededa/ztools]
tag does not exist: zededa/ztools:latest-arm64
make: Entering directory '/home/zededa-ci/src/zenbuild/pkg'
(cd ..; ./parse-pkgs.sh pkg/kmod_pfring/Dockerfile.in > pkg/kmod_pfring/Dockerfile)
(cd ..; ./parse-pkgs.sh pkg/qrexec-lib/Dockerfile.in > pkg/qrexec-lib/Dockerfile)
(cd ..; ./parse-pkgs.sh pkg/qrexec-dom0/Dockerfile.in > pkg/qrexec-dom0/Dockerfile)
(cd ..; ./parse-pkgs.sh pkg/zedctr/Dockerfile.in > pkg/zedctr/Dockerfile)
(cd ..; ./parse-pkgs.sh pkg/test-conf/Dockerfile.in > pkg/test-conf/Dockerfile)
(cd ..; ./parse-pkgs.sh pkg/mkflash/Dockerfile.in > pkg/mkflash/Dockerfile)
(cd ..; ./parse-pkgs.sh pkg/mkimage-iso-efi/Dockerfile.in > pkg/mkimage-iso-efi/Dockerfile)
(cd ..; ./parse-pkgs.sh pkg/mkimage-raw-efi//Dockerfile.in > pkg/mkimage-raw-efi//Dockerfile)
Building and pushing "zededa/grub:a83a89ea3b7f890696e759027bb10a0572248aef"
a83a89ea3b7f890696e759027bb10a0572248aef: Pulling from zededa/grub
Digest: sha256:13baa3f5f815be0c6e2fa45e2f78f57fdb98b63dd076e74d9dcd60fde9dab103
Status: Image is up to date for zededa/grub:a83a89ea3b7f890696e759027bb10a0572248aef
Building and pushing "zededa/xen:07f48fb845ebcbb4327b6493875a846d0e4ffd3b"
07f48fb845ebcbb4327b6493875a846d0e4ffd3b: Pulling from zededa/xen
Digest: sha256:c8b8389a2abf741dacda34dc25fd3a29454dd90d0bc9f89e4f6ae41001d76946
Status: Image is up to date for zededa/xen:07f48fb845ebcbb4327b6493875a846d0e4ffd3b
Building and pushing "zededa/kernel:2f3f0ca93049e132867b9f9a836848e6ecc03f4b"
2f3f0ca93049e132867b9f9a836848e6ecc03f4b: Pulling from zededa/kernel
Digest: sha256:3eff66f1abc70306b4e0ebae65f8b4df66ab0ed4626ed2046205ff01e5a17d17
Status: Image is up to date for zededa/kernel:2f3f0ca93049e132867b9f9a836848e6ecc03f4b
Building and pushing "zededa/kmod_pfring:21d2619aba445c8fdecf2afe1d2201f0ac4db2aa"
21d2619aba445c8fdecf2afe1d2201f0ac4db2aa: Pulling from zededa/kmod_pfring
Digest: sha256:4f2c1756085e214680cc6f78d7137773496ac5d997ebaf9eecaba320ccb19d25
Status: Image is up to date for zededa/kmod_pfring:21d2619aba445c8fdecf2afe1d2201f0ac4db2aa
Building and pushing "zededa/xen-tools:1bd0a980c65961641aa3f74a35138c5a43ebc9bb"
1bd0a980c65961641aa3f74a35138c5a43ebc9bb: Pulling from zededa/xen-tools
no matching manifest for linux/arm64 in the manifest list entries
No image pulled, continuing with build
Sending build context to Docker daemon   7.68kB
Step 1/19 : FROM alpine:3.6 as kernel-build
 ---> a9277cb286bb
Step 2/19 : RUN apk add --no-cache     	    gcc make libc-dev dev86 xz-dev perl bash python-dev 	    gettext iasl util-linux-dev ncurses-dev glib-dev 	    pixman-dev libaio-dev yajl-dev argp-standalone 	    linux-headers git patch texinfo curl tar
 ---> Using cache
 ---> 2478cdb40079
Step 3/19 : RUN [ `uname -m` = "aarch64" ] && apk add --no-cache dtc-dev || :
 ---> Using cache
 ---> 533ec2735166
Step 4/19 : ENV XEN_VERSION 4.9.0
 ---> Using cache
 ---> 7a0487160c22
Step 5/19 : ENV XEN_SOURCE https://downloads.xenproject.org/release/xen/${XEN_VERSION}/xen-${XEN_VERSION}.tar.gz
 ---> Using cache
 ---> c0097c6f31ff
Step 6/19 : RUN [ -f xen-${XEN_VERSION}.tar.gz ] || curl -fsSLO ${XEN_SOURCE} &&     gzip -d xen-${XEN_VERSION}.tar.gz &&     cat xen-${XEN_VERSION}.tar | tar --absolute-names -x && mv /xen-${XEN_VERSION} /xen
 ---> Using cache
 ---> 3e2ad33063d4
Step 7/19 : COPY patches-${XEN_VERSION} /patches
 ---> Using cache
 ---> bdaf959b739d
Step 8/19 : WORKDIR /xen
 ---> Using cache
 ---> edaa58c886d4
Step 9/19 : RUN set -e && for patch in /patches/*.patch; do         echo "Applying $patch";         patch -p1 < "$patch";     done
 ---> Using cache
 ---> 29377ee97d2f
Step 10/19 : RUN mkdir -p /out
 ---> Using cache
 ---> e3b6acd896f0
Step 11/19 : WORKDIR /xen
 ---> Using cache
 ---> 8eeab3bb76de
Step 12/19 : RUN ./configure --prefix=/usr --disable-xen --disable-qemu-traditional --disable-docs --disable-stubdom
 ---> Using cache
 ---> 2510889e080d
Step 13/19 : RUN make && make dist
 ---> Running in 16cf37fe3a39
[91mruntime/cgo: pthread_create failed: Resource temporarily unavailable
SIGABRT: abort
PC=0x690818 m=0 sigcode=18446744073709551610

goroutine 0 [idle]:

goroutine 1 [running, locked to thread]:
runtime.systemstack_switch()
	/usr/src/go/src/runtime/asm_arm64.s:190 +0x8 fp=0x4420045f00 sp=0x4420045ef0
runtime.newproc(0x0, 0x7c3558)
	/usr/src/go/src/runtime/proc.go:2846 +0x50 fp=0x4420045f40 sp=0x4420045f00
runtime.init.3()
	/usr/src/go/src/runtime/proc.go:215 +0x28 fp=0x4420045f60 sp=0x4420045f40
runtime.init()
	/usr/src/go/src/runtime/write_err.go:14 +0xb0 fp=0x4420045f80 sp=0x4420045f60
runtime.main()
	/usr/src/go/src/runtime/proc.go:141 +0xc4 fp=0x4420045fd0 sp=0x4420045f80
runtime.goexit()
	/usr/src/go/src/runtime/asm_arm64.s:981 +0x4 fp=0x4420045fd0 sp=0x4420045fd0

goroutine 17 [syscall, locked to thread]:
runtime.goexit()
	/usr/src/go/src/runtime/asm_arm64.s:981 +0x4

r0      0x0
r1      0x5c25
r2      0x6
r3      0x34d15000
r4      0x5c25
r5      0x34d156f0
r6      0x0
r7      0x0
r8      0x83
r9      0xffffff80ffffffc8
r10     0x73
r11     0xffffcfd9d630
r12     0x101010101010101
r13     0xffffcfda0130
r14     0xa
r15     0x20
r16     0x0
r17     0xb
r18     0x996000
r19     0x9cc000
r20     0x34d15000
r21     0x9ccad0
r22     0xffffcfda0028
r23     0x34d17b80
r24     0x400280
r25     0x0
r26     0x7c36f8
r27     0x98a030
r28     0x9af600
r29     0xffffcfd9fcf0
lr      0x690b40
sp      0xffffcfd9fcf0
pc      0x690818
fault   0x8
[0mcontainerd: container not started
exit status 1
Makefile:16: recipe for target 'push' failed
make: *** [push] Error 1
make: Leaving directory '/home/zededa-ci/src/zenbuild/pkg'
make: Entering directory '/home/zededa-ci/src/zenbuild/build-pkgs'
Building and pushing "zededa/build-pkgs_abuild:7ae4d9f9fa290963de466d5ed96d6c9318354824"
7ae4d9f9fa290963de466d5ed96d6c9318354824: Pulling from zededa/build-pkgs_abuild
Digest: sha256:17b0c4170064bf3c97d8feb5edd35ede4c8231baed21371231ed5cb605a275b5
Status: Image is up to date for zededa/build-pkgs_abuild:7ae4d9f9fa290963de466d5ed96d6c9318354824
Building and pushing "zededa/build-pkgs_uefi:a3362428c518fb4db1a136a961bd17e8a66fb693"
a3362428c518fb4db1a136a961bd17e8a66fb693: Pulling from zededa/build-pkgs_uefi
Digest: sha256:551ca905d3f137281edee985de9038b7d459b066d1e06fab87e016508b75a464
Status: Image is up to date for zededa/build-pkgs_uefi:a3362428c518fb4db1a136a961bd17e8a66fb693
make: Leaving directory '/home/zededa-ci/src/zenbuild/build-pkgs'
make -C build-tools all
make[1]: Entering directory '/home/zededa-ci/src/zenbuild/build-tools'
[ -x /home/zededa-ci/src/zenbuild/build-tools/bin/dep ] || /usr/bin/go  get github.com/golang/dep/cmd/dep
cd `dirname src/linuxkit/Gopkg.lock` ; /home/zededa-ci/src/zenbuild/build-tools/bin/dep ensure -v
Gopkg.lock was already in sync with imports and Gopkg.toml
(1/52) Wrote gopkg.in/yaml.v2@v2
(2/52) Wrote github.com/agl/ed25519@master
(3/52) Wrote github.com/docker/go@v1.5.1-1
(4/52) Wrote github.com/go-ini/ini@v1.32.0
(5/52) Wrote github.com/docker/go-connections@v0.3.0
(6/52) Wrote github.com/google/uuid@0.2
(7/52) Wrote github.com/golang/protobuf@v1.0.0
(8/52) Wrote github.com/mitchellh/go-ps@master
(9/52) Wrote github.com/docker/go-p9p@master
(10/52) Wrote github.com/docker/go-units@v0.3.2
(11/52) Wrote github.com/gorilla/context@v1.1
(12/52) Wrote github.com/gorilla/mux@v1.6.1
(13/52) Wrote github.com/Azure/go-ansiterm@master
(14/52) Wrote github.com/miekg/pkcs11@master
(15/52) Wrote github.com/Microsoft/go-winio@v0.4.7
(16/52) Wrote github.com/sirupsen/logrus@v1.0.4
(17/52) Wrote github.com/dgrijalva/jwt-go@v3.1.0
(18/52) Wrote github.com/moby/datakit@0.12.1
(19/52) Wrote github.com/Azure/go-autorest@v10.1.2
(20/52) Wrote cloud.google.com/go@v0.18.0
(21/52) Wrote github.com/opencontainers/go-digest@v1.0.0-rc1
(22/52) Wrote github.com/gogo/protobuf@v1.0.0
(23/52) Wrote github.com/opencontainers/runtime-spec@v1.0.1
(24/52) Wrote github.com/jmespath/go-jmespath@0b12d6b5
(25/52) Wrote github.com/opencontainers/image-spec@v1.0.1
(26/52) Wrote github.com/packethost/packngo@f1be085ecd6fca1b0a0e25eda71f208dcfcee5ab
(27/52) Wrote github.com/pkg/errors@v0.8.0
(28/52) Wrote github.com/rn/iso9660wrap@master
(29/52) Wrote github.com/radu-matei/azure-vhd-utils@e52754d5569d2a643a7775f72ff2a6cf524f4c25
(30/52) Wrote github.com/surma/gocpio@1.1.0
(31/52) Wrote github.com/xeipuuv/gojsonpointer@master
(32/52) Wrote github.com/xeipuuv/gojsonreference@master
(33/52) Wrote github.com/radu-matei/azure-sdk-for-go@3b12823551999669c9a325a32472508e0af7978e
(34/52) Wrote github.com/Azure/azure-sdk-for-go@26132835cbefa2669a306b777f34b929b56aa0a2
(35/52) Wrote golang.org/x/oauth2@master
(36/52) Wrote github.com/moby/hyperkit@a285521725f44f3d10ca1042c2c07d3a6e24bed8
(37/52) Wrote golang.org/x/crypto@master
(38/52) Wrote github.com/xeipuuv/gojsonschema@master
(39/52) Wrote github.com/gophercloud/gophercloud@master
(40/52) Wrote golang.org/x/net@master
(41/52) Wrote google.golang.org/appengine@v1.0.0
(42/52) Wrote golang.org/x/sys@master
(43/52) Wrote github.com/moby/tool@master
(44/52) Wrote github.com/vmware/govmomi@v0.16.0
(45/52) Wrote github.com/docker/distribution@3800056b8832cf6075e78b282ac010131d8687bc
(46/52) Wrote github.com/theupdateframework/notary@master
(47/52) Wrote google.golang.org/api@master
(48/52) Wrote github.com/containerd/containerd@v1.0.2
(49/52) Wrote github.com/moby/vpnkit@v0.2.0
(50/52) Wrote github.com/aws/aws-sdk-go@v1.12.79
(51/52) Wrote github.com/linuxkit/linuxkit@master
(52/52) Wrote github.com/docker/docker@ba99c19b593bdb9e7b90793681fe89b0a91781ed
make[1]: Leaving directory '/home/zededa-ci/src/zenbuild/build-tools'
make -C build-pkgs
make[1]: Entering directory '/home/zededa-ci/src/zenbuild/build-pkgs'
Building "zededa/build-pkgs_abuild:7ae4d9f9fa290963de466d5ed96d6c9318354824"
7ae4d9f9fa290963de466d5ed96d6c9318354824: Pulling from zededa/build-pkgs_abuild
Digest: sha256:17b0c4170064bf3c97d8feb5edd35ede4c8231baed21371231ed5cb605a275b5
Status: Image is up to date for zededa/build-pkgs_abuild:7ae4d9f9fa290963de466d5ed96d6c9318354824
Building "zededa/build-pkgs_uefi:a3362428c518fb4db1a136a961bd17e8a66fb693"
a3362428c518fb4db1a136a961bd17e8a66fb693: Pulling from zededa/build-pkgs_uefi
Digest: sha256:551ca905d3f137281edee985de9038b7d459b066d1e06fab87e016508b75a464
Status: Image is up to date for zededa/build-pkgs_uefi:a3362428c518fb4db1a136a961bd17e8a66fb693
make[1]: Leaving directory '/home/zededa-ci/src/zenbuild/build-pkgs'
make -C pkg PKGS=zedctr LINUXKIT_OPTS="--disable-content-trust --force --disable-cache" build
make[1]: Entering directory '/home/zededa-ci/src/zenbuild/pkg'
(cd ..; ./parse-pkgs.sh pkg/zedctr//Dockerfile.in > pkg/zedctr//Dockerfile)
Building "zededa/zedctr:886eb8c199910640191af279f3cd261c2567e069"
Sending build context to Docker daemon  15.36kB
Step 1/17 : FROM zededa/ztools:latest as ztools
 ---> b8dc2ae3d272
Step 2/17 : FROM zededa/xen-tools:1bd0a980c65961641aa3f74a35138c5a43ebc9bb-arm64 as xen-tools
manifest for zededa/xen-tools:1bd0a980c65961641aa3f74a35138c5a43ebc9bb-arm64 not found
exit status 1
Makefile:13: recipe for target 'build' failed
make[1]: *** [build] Error 1
make[1]: Leaving directory '/home/zededa-ci/src/zenbuild/pkg'
Makefile:43: recipe for target 'zedctr-workaround' failed
make: *** [zedctr-workaround] Error 2
The push refers to a repository [docker.io/zededa/zenix]
tag does not exist: zededa/zenix:latest-arm64
