From https://github.com/lf-edge/eve
 * [new tag]           3.1.1      -> 3.1.1
 * [new tag]           3.10.0     -> 3.10.0
 * [new tag]           3.2.0      -> 3.2.0
 * [new tag]           3.3.0      -> 3.3.0
 * [new tag]           3.3.1      -> 3.3.1
 * [new tag]           3.3.2      -> 3.3.2
 * [new tag]           3.4.0      -> 3.4.0
 * [new tag]           3.4.1      -> 3.4.1
 * [new tag]           3.4.10     -> 3.4.10
 * [new tag]           3.4.2      -> 3.4.2
 * [new tag]           3.5.0      -> 3.5.0
 * [new tag]           3.6.0      -> 3.6.0
 * [new tag]           3.7.0      -> 3.7.0
 * [new tag]           3.8.0      -> 3.8.0
 * [new tag]           3.8.1      -> 3.8.1
 * [new tag]           3.8.2      -> 3.8.2
 * [new tag]           3.9.0      -> 3.9.0
 * [new tag]           3.9.1      -> 3.9.1
 * [new tag]           3.9.2      -> 3.9.2
 * [new tag]           3.9.3      -> 3.9.3
 * [new tag]           4.1.0      -> 4.1.0
 * [new tag]           4.1.1      -> 4.1.1
 * [new tag]           4.1.2      -> 4.1.2
 * [new tag]           4.2.0      -> 4.2.0
 * [new tag]           4.3.0      -> 4.3.0
 * [new tag]           4.3.1      -> 4.3.1
Building the following tags:  origin/master (latest tag is 4.3.1)
Skipping repository .go/pkg/dep/sources/https---github.com-linuxkit-linuxkit
Skipping repository .go/pkg/dep/sources/https---github.com-moby-hyperkit
Skipping repository .go/pkg/dep/sources/https---github.com-gorilla-context
Skipping repository .go/pkg/dep/sources/https---github.com-theupdateframework-notary
Skipping repository .go/pkg/dep/sources/https---github.com-mitchellh-go--ps
Skipping repository .go/pkg/dep/sources/https---github.com-golang-appengine
Skipping repository .go/pkg/dep/sources/https---github.com-xeipuuv-gojsonschema
Skipping repository .go/pkg/dep/sources/https---go.googlesource.com-net
Skipping repository .go/pkg/dep/sources/https---github.com-xeipuuv-gojsonpointer
Skipping repository .go/pkg/dep/sources/https---github.com-Azure-azure--sdk--for--go
Skipping repository .go/pkg/dep/sources/https---github.com-moby-tool
Skipping repository .go/pkg/dep/sources/https---github.com-Azure-go--ansiterm
Skipping repository .go/pkg/dep/sources/https---github.com-moby-vpnkit
Skipping repository .go/pkg/dep/sources/https---github.com-moul-anonuuid
Skipping repository .go/pkg/dep/sources/https---github.com-Azure-go--autorest
Skipping repository .go/pkg/dep/sources/https---github.com-moul-gotty--client
Skipping repository .go/pkg/dep/sources/https---github.com-Microsoft-go--winio
Skipping repository .go/pkg/dep/sources/https---github.com-agl-ed25519
Skipping repository .go/pkg/dep/sources/https---github.com-aws-aws--sdk--go
Skipping repository .go/pkg/dep/sources/https---github.com-containerd-containerd
Skipping repository .go/pkg/dep/sources/https---github.com-opencontainers-go--digest
Skipping repository .go/pkg/dep/sources/https---github.com-opencontainers-image--spec
Skipping repository .go/pkg/dep/sources/https---github.com-opencontainers-runtime--spec
Skipping repository .go/pkg/dep/sources/https---github.com-packethost-packngo
Skipping repository .go/pkg/dep/sources/https---github.com-pkg-errors
Skipping repository .go/pkg/dep/sources/https---github.com-radu--matei-azure--sdk--for--go
Skipping repository .go/pkg/dep/sources/https---github.com-radu--matei-azure--vhd--utils
Skipping repository .go/pkg/dep/sources/https---github.com-renstrom-fuzzysearch
Skipping repository .go/pkg/dep/sources/https---github.com-rn-iso9660wrap
Skipping repository .go/pkg/dep/sources/https---github.com-creack-goselect
Skipping repository .go/pkg/dep/sources/https---github.com-dgrijalva-jwt--go
Skipping repository .go/pkg/dep/sources/https---github.com-docker-distribution
Skipping repository .go/pkg/dep/sources/https---github.com-docker-docker
Skipping repository .go/pkg/dep/sources/https---github.com-docker-go
Skipping repository .go/pkg/dep/sources/https---github.com-docker-go--connections
Skipping repository .go/pkg/dep/sources/https---github.com-docker-go--units
Skipping repository .go/pkg/dep/sources/https---github.com-jmespath-go--jmespath
Skipping repository .go/pkg/dep/sources/https---github.com-scaleway-go--scaleway
Skipping repository .go/pkg/dep/sources/https---github.com-go--ini-ini
Skipping repository .go/pkg/dep/sources/https---github.com-gorilla-mux
Skipping repository .go/pkg/dep/sources/https---github.com-gogo-protobuf
Skipping repository .go/pkg/dep/sources/https---github.com-gorilla-websocket
Skipping repository .go/pkg/dep/sources/https---github.com-vmware-govmomi
Skipping repository .go/pkg/dep/sources/https---github.com-sirupsen-logrus
Skipping repository .go/pkg/dep/sources/https---gopkg.in-yaml.v2
Skipping repository .go/pkg/dep/sources/https---github.com-golang-protobuf
Skipping repository .go/pkg/dep/sources/https---github.com-docker-go--p9p
Skipping repository .go/pkg/dep/sources/https---github.com-google-uuid
Skipping repository .go/pkg/dep/sources/https---github.com-gophercloud-gophercloud
Skipping repository .go/pkg/dep/sources/https---github.com-xeipuuv-gojsonreference
Skipping repository .go/pkg/dep/sources/https---github.com-moby-datakit
Skipping repository .go/pkg/dep/sources/https---github.com-surma-gocpio
Skipping repository .go/pkg/dep/sources/https---github.com-miekg-pkcs11
Skipping repository .go/pkg/dep/sources/https---go.googlesource.com-sync
Skipping repository .go/pkg/dep/sources/https---go.googlesource.com-oauth2
Skipping repository .go/pkg/dep/sources/https---code.googlesource.com-gocloud
Skipping repository .go/pkg/dep/sources/https---go.googlesource.com-sys
Skipping repository .go/pkg/dep/sources/https---go.googlesource.com-crypto
Skipping repository .go/pkg/dep/sources/https---code.googlesource.com-google--api--go--client
Skipping repository .go/pkg/dep/sources/https---github.com-census--instrumentation-opencensus--go
Skipping repository .go/pkg/dep/sources/https---github.com-googleapis-gax--go
Skipping repository .go/pkg/dep/sources/https---github.com-grpc-grpc--go
Skipping repository .go/pkg/dep/sources/https---github.com-konsorten-go--windows--terminal--sequences
Skipping repository .go/pkg/dep/sources/https---github.com-golang-groupcache
Skipping repository .go/pkg/dep/sources/https---github.com-google-go--genproto
Skipping repository .go/pkg/dep/sources/https---go.googlesource.com-text
Removing .go/src
Removing .go/bin
Removing build-tools/bin/linuxkit
Removing build-tools/bin/manifest-tool
Removing dist/
Removing images/rootfs-xen.yml
Removing log
Removing log2
HEAD is now at f24580cc Making sure that ARM can build from scratch with the latest master
Creating go builder image for user zededa-ci
eve-build-zededa-ci docker container is ready to use
Done building /home/zededa-ci/src/eve/build-tools/bin/linuxkit
Building and pushing "lfedge/eve-acrn:6b6d8cf62d5ec8464544f06970ef746e62cfec1f"
6b6d8cf62d5ec8464544f06970ef746e62cfec1f: Pulling from lfedge/eve-acrn
Digest: sha256:c016ea44f7444eba226e0e5ffe7c8e4a5e9149e9bc85f09840794016b98bc7a4
Status: Downloaded newer image for lfedge/eve-acrn:6b6d8cf62d5ec8464544f06970ef746e62cfec1f
Building and pushing "lfedge/eve-acrn-kernel:abff2f8ee568330ce7dc07578d22fdb4b4b168a7"
abff2f8ee568330ce7dc07578d22fdb4b4b168a7: Pulling from lfedge/eve-acrn-kernel
Digest: sha256:7ab88317ff90775aeb3fc059759ef45d6f3d9b7a268d6eceaae0bdf114252d3d
Status: Downloaded newer image for lfedge/eve-acrn-kernel:abff2f8ee568330ce7dc07578d22fdb4b4b168a7
Building and pushing "lfedge/eve-debug:7470486834865217ccd1f589f44fba48a9647081"
7470486834865217ccd1f589f44fba48a9647081: Pulling from lfedge/eve-debug
Digest: sha256:b1938b4ad2156ae4e57b419e2e44b1f2f10ad7b9821bd231359872fc70b1aa21
Status: Downloaded newer image for lfedge/eve-debug:7470486834865217ccd1f589f44fba48a9647081
Building and pushing "lfedge/eve-dnsmasq:cdb36dc56fb50bbd2b28123e435b3660adf34efb"
cdb36dc56fb50bbd2b28123e435b3660adf34efb: Pulling from lfedge/eve-dnsmasq
Digest: sha256:255b9958e32b08db84855c647cd95646b00ce23dac5493a3d6346af1102a1021
Status: Downloaded newer image for lfedge/eve-dnsmasq:cdb36dc56fb50bbd2b28123e435b3660adf34efb
Building and pushing "lfedge/eve-dom0-ztools:f6e8d3bb095edb1065ee0262d1643dae7ce43c6e"
f6e8d3bb095edb1065ee0262d1643dae7ce43c6e: Pulling from lfedge/eve-dom0-ztools
Digest: sha256:9df68dac208ebfaf8409edf76459accc23f87050adc91a20ea9289c4aef11552
Status: Downloaded newer image for lfedge/eve-dom0-ztools:f6e8d3bb095edb1065ee0262d1643dae7ce43c6e
Building and pushing "lfedge/eve-fscrypt:469b6f383184072646f5acfb42dba896f030dd71"
469b6f383184072646f5acfb42dba896f030dd71: Pulling from lfedge/eve-fscrypt
Digest: sha256:9f484c5d2753eb35d973a69cc2a849036f31dddcdb351d40f5ba081bd4260c32
Status: Downloaded newer image for lfedge/eve-fscrypt:469b6f383184072646f5acfb42dba896f030dd71
Building and pushing "lfedge/eve-fw:e07c45a98386767ec3926b813dc4b46a96a81541"
e07c45a98386767ec3926b813dc4b46a96a81541: Pulling from lfedge/eve-fw
Digest: sha256:d2e5b34ea83168a68fbe9a420efac40264b187ff3f0a22658e8916b3f5fe6385
Status: Downloaded newer image for lfedge/eve-fw:e07c45a98386767ec3926b813dc4b46a96a81541
Building and pushing "lfedge/eve-gpt-tools:19ef56f5014fab1978a6e98b047d4498eabf8295"
19ef56f5014fab1978a6e98b047d4498eabf8295: Pulling from lfedge/eve-gpt-tools
Digest: sha256:bea73c016d13d4f0b88f67d15d3a229f8e41f5900b66659c0e0b318ef427a0a0
Status: Downloaded newer image for lfedge/eve-gpt-tools:19ef56f5014fab1978a6e98b047d4498eabf8295
Building and pushing "lfedge/eve-grub:6631b217cce1810ff0295606de740c26d2d9a9d2"
6631b217cce1810ff0295606de740c26d2d9a9d2: Pulling from lfedge/eve-grub
Digest: sha256:24a5384adcd74e21fa704253351937f7e342639a00e2a5c0a9622efca73dfd38
Status: Downloaded newer image for lfedge/eve-grub:6631b217cce1810ff0295606de740c26d2d9a9d2
Building and pushing "lfedge/eve-guacd:f1f08a0fcadd35320f5d03fe0f0a1a318e8449be"
f1f08a0fcadd35320f5d03fe0f0a1a318e8449be: Pulling from lfedge/eve-guacd
Digest: sha256:c63eaa48b06670e26a257eff3264a87bf0117effb2bb63ba5609b89ec4dcdc1c
Status: Downloaded newer image for lfedge/eve-guacd:f1f08a0fcadd35320f5d03fe0f0a1a318e8449be
Building and pushing "lfedge/eve-kernel:111e59dfa111f7d8af69bff339cee1ff56915a32"
111e59dfa111f7d8af69bff339cee1ff56915a32: Pulling from lfedge/eve-kernel
Digest: sha256:1222a193320f258d6d769a36da28fed6782049f3aff201c8733fb54e2dea00c6
Status: Downloaded newer image for lfedge/eve-kernel:111e59dfa111f7d8af69bff339cee1ff56915a32
Building and pushing "lfedge/eve-lisp:4bdcc521c878167913dabc59743fe4994a21ed56"
4bdcc521c878167913dabc59743fe4994a21ed56: Pulling from lfedge/eve-lisp
Digest: sha256:5de8f607b3d2af47d29bd490d9d49ad27ce3b82300918cdba2116b480bb71cab
Status: Downloaded newer image for lfedge/eve-lisp:4bdcc521c878167913dabc59743fe4994a21ed56
Building and pushing "lfedge/eve-mkconf:6025254fd59ddce4cfa0c986a8a58be9ccb71841"
6025254fd59ddce4cfa0c986a8a58be9ccb71841: Pulling from lfedge/eve-mkconf
Digest: sha256:fd416883853be068a52e1957bff0b017a1e681b1e91af4ea1cd38c0c74ef9d0d
Status: Downloaded newer image for lfedge/eve-mkconf:6025254fd59ddce4cfa0c986a8a58be9ccb71841
Building and pushing "lfedge/eve-mkimage-iso-efi:c630f165a2d91c9412e37e01b2e08b0f9263f5e7"
c630f165a2d91c9412e37e01b2e08b0f9263f5e7: Pulling from lfedge/eve-mkimage-iso-efi
Digest: sha256:9d4d2fccb4a2b15e5e10e9fba6ea595fb5e1929c8c189e31be8404e25cb3a283
Status: Downloaded newer image for lfedge/eve-mkimage-iso-efi:c630f165a2d91c9412e37e01b2e08b0f9263f5e7
Building and pushing "lfedge/eve-mkimage-raw-efi:2c5ff16c46b8328c506e06cc48598868bcb5bdab"
2c5ff16c46b8328c506e06cc48598868bcb5bdab: Pulling from lfedge/eve-mkimage-raw-efi
Digest: sha256:52623b653f59718c31535cd64a9c114de5eb96e0160f8d68c8d15233b1fc2d3c
Status: Downloaded newer image for lfedge/eve-mkimage-raw-efi:2c5ff16c46b8328c506e06cc48598868bcb5bdab
Building and pushing "lfedge/eve-mkrootfs-ext4:08d616d0ae2fed5b9996b80e1caf06183ea371c6"
08d616d0ae2fed5b9996b80e1caf06183ea371c6: Pulling from lfedge/eve-mkrootfs-ext4
Digest: sha256:7ec3ce5e66795b95ef3450255ec2991310d3f98d9ad3fc5e8be5f8056eb07cf9
Status: Downloaded newer image for lfedge/eve-mkrootfs-ext4:08d616d0ae2fed5b9996b80e1caf06183ea371c6
Building and pushing "lfedge/eve-mkrootfs-squash:061a611a4fe80e5386f05bc1ebe0bd87952da1b4"
061a611a4fe80e5386f05bc1ebe0bd87952da1b4: Pulling from lfedge/eve-mkrootfs-squash
Digest: sha256:c6259a8fffcc22b8c378c3ac8d77e65a16b3fa28945f9af03de8a58b8eb328fb
Status: Downloaded newer image for lfedge/eve-mkrootfs-squash:061a611a4fe80e5386f05bc1ebe0bd87952da1b4
Building and pushing "lfedge/eve-xen-tools:847825b95630132623c06f6f1916668be7f002fb"
847825b95630132623c06f6f1916668be7f002fb: Pulling from lfedge/eve-xen-tools
Digest: sha256:33ea9aca489b5f3f964fcc16292fb94517984960a7b5a636a6dc2ff501f1eadb
Status: Downloaded newer image for lfedge/eve-xen-tools:847825b95630132623c06f6f1916668be7f002fb
Building and pushing "lfedge/eve-strongswan:6dda5ee56b295a0115e7c09a0ca23aa925426252"
6dda5ee56b295a0115e7c09a0ca23aa925426252: Pulling from lfedge/eve-strongswan
Digest: sha256:981b13f775e13852c196038eee1fb7163340e9281a5b8a017bf75e1ad10ba8c3
Status: Downloaded newer image for lfedge/eve-strongswan:6dda5ee56b295a0115e7c09a0ca23aa925426252
Building and pushing "lfedge/eve-watchdog:6467d18c58faa455deaf3e4ab04d9fd4a5ed6512"
6467d18c58faa455deaf3e4ab04d9fd4a5ed6512: Pulling from lfedge/eve-watchdog
Digest: sha256:5ceaaf8103a4a9a8b44e2d6547f21f31cc5185717727072b92798081ce71e91c
Status: Downloaded newer image for lfedge/eve-watchdog:6467d18c58faa455deaf3e4ab04d9fd4a5ed6512
Building and pushing "lfedge/eve-rkt:15525fb9c5a58f9e7ec98004b6859365e1f99c98"
15525fb9c5a58f9e7ec98004b6859365e1f99c98: Pulling from lfedge/eve-rkt
Digest: sha256:72aad6721a6a4e25c86bd94b792097caf81653c2d7d1249f3b84281d4c1bf1cc
Status: Downloaded newer image for lfedge/eve-rkt:15525fb9c5a58f9e7ec98004b6859365e1f99c98
Building and pushing "lfedge/eve-rkt-stage1:5b9ee56a92de3c0ac9fe84a11dc7be8d0231fb5c"
5b9ee56a92de3c0ac9fe84a11dc7be8d0231fb5c: Pulling from lfedge/eve-rkt-stage1
Digest: sha256:8ab8558f84df8510e51b8b1ebafc1509b7989fdb98e097f825ecd88dcd4a194a
Status: Downloaded newer image for lfedge/eve-rkt-stage1:5b9ee56a92de3c0ac9fe84a11dc7be8d0231fb5c
Building and pushing "lfedge/eve-uefi:fdf6300a5eeb9257e9aea002dbe40d01a70ea5fa"
fdf6300a5eeb9257e9aea002dbe40d01a70ea5fa: Pulling from lfedge/eve-uefi
Digest: sha256:c690158c17a2c2d9863a9eaa5355ec5fb272bce6f5e36093133756f83a0ec393
Status: Downloaded newer image for lfedge/eve-uefi:fdf6300a5eeb9257e9aea002dbe40d01a70ea5fa
Building and pushing "lfedge/eve-pillar:741cdc4e9036436c1c4ff643494758cb4d837701"
741cdc4e9036436c1c4ff643494758cb4d837701: Pulling from lfedge/eve-pillar
Digest: sha256:36e52ec13cd51da01933a8480da1032b694b002ea79d79ce76c7a316efcc4d2f
Status: Downloaded newer image for lfedge/eve-pillar:741cdc4e9036436c1c4ff643494758cb4d837701
Building and pushing "lfedge/eve-qrexec-lib:b0fb86eb752be7884d4d83c1dbbb025e75c5c466"
b0fb86eb752be7884d4d83c1dbbb025e75c5c466: Pulling from lfedge/eve-qrexec-lib
Digest: sha256:abd39f4a76686a94b422d935bc9a3f194250bc5bdfe1ca0a2d129490060011d4
Status: Downloaded newer image for lfedge/eve-qrexec-lib:b0fb86eb752be7884d4d83c1dbbb025e75c5c466
Building and pushing "lfedge/eve-qrexec-dom0:29024a9e04a96b4baede4f474dcf85c1cef98607"
29024a9e04a96b4baede4f474dcf85c1cef98607: Pulling from lfedge/eve-qrexec-dom0
Digest: sha256:c9c1e1021d32a2ceae4c0c3ac06fea559a447165f9a1400456d8fd05d7cfd2d6
Status: Downloaded newer image for lfedge/eve-qrexec-dom0:29024a9e04a96b4baede4f474dcf85c1cef98607
Building and pushing "lfedge/eve-rngd:6e16dad8553a6c2939854abfa9f34a5f2604bce7"
6e16dad8553a6c2939854abfa9f34a5f2604bce7: Pulling from lfedge/eve-rngd
Digest: sha256:d18f87ec9e50c7a996e1a9c78589b5dba52e53d59c81998503e782d65875a6dc
Status: Downloaded newer image for lfedge/eve-rngd:6e16dad8553a6c2939854abfa9f34a5f2604bce7
Building and pushing "lfedge/eve-rsyslog:ccaf76aa6dd4fdef532207e9199befee289a2723"
ccaf76aa6dd4fdef532207e9199befee289a2723: Pulling from lfedge/eve-rsyslog
Digest: sha256:b262e23416a6d650da0ffa5f9d1134a0ac81f8e05c161a9256db27995a6b9a8b
Status: Downloaded newer image for lfedge/eve-rsyslog:ccaf76aa6dd4fdef532207e9199befee289a2723
Building and pushing "lfedge/eve-storage-init:3524db08db611b060d8c2ac0ca2b5b4826e0c960"
3524db08db611b060d8c2ac0ca2b5b4826e0c960: Pulling from lfedge/eve-storage-init
Digest: sha256:22a5ed2f3e78b4e1a9fef76cd67e5fab2dec138c93a96b1ba7d6ee5e2ef372c5
Status: Downloaded newer image for lfedge/eve-storage-init:3524db08db611b060d8c2ac0ca2b5b4826e0c960
Building and pushing "lfedge/eve-vtpm:c4ceaa46fd7f32418df6896af10ee7450ce6fcce"
c4ceaa46fd7f32418df6896af10ee7450ce6fcce: Pulling from lfedge/eve-vtpm
Digest: sha256:9ebc50e983c95e273bdd109c7a2c15ffb6e84321b42bc43260f9be5d212974d1
Status: Downloaded newer image for lfedge/eve-vtpm:c4ceaa46fd7f32418df6896af10ee7450ce6fcce
Building and pushing "lfedge/eve-wlan:d1ac240f7ce90e255869ffc3ecda46dd313f45e9"
d1ac240f7ce90e255869ffc3ecda46dd313f45e9: Pulling from lfedge/eve-wlan
Digest: sha256:cf830673ff322a06e8f30ebb2226a335b79288ce79b7be9d2edaa10c78ca32da
Status: Downloaded newer image for lfedge/eve-wlan:d1ac240f7ce90e255869ffc3ecda46dd313f45e9
Building and pushing "lfedge/eve-wwan:2b98bc7569f167b1850dd9025a4b8c8489fee754"
2b98bc7569f167b1850dd9025a4b8c8489fee754: Pulling from lfedge/eve-wwan
Digest: sha256:9c22ec76ac982298be7b28b9c27f8264f7d66752d11a595f6d585c449b0d170a
Status: Downloaded newer image for lfedge/eve-wwan:2b98bc7569f167b1850dd9025a4b8c8489fee754
Building and pushing "lfedge/eve-xen:74a4436b3fbf6795f901d9b765f42df72354b3a5"
74a4436b3fbf6795f901d9b765f42df72354b3a5: Pulling from lfedge/eve-xen
Digest: sha256:23d1975b5ffb6a999f0d12b8bb5ebd34773eaa75402cb0a77e04afd1989c32fa
Status: Downloaded newer image for lfedge/eve-xen:74a4436b3fbf6795f901d9b765f42df72354b3a5
Done building packages
rm pkg/qrexec-dom0/Dockerfile pkg/qrexec-lib/Dockerfile pkg/pillar/Dockerfile
Creating go builder image for user zededa-ci
eve-build-zededa-ci docker container is ready to use
mkdir -p /home/zededa-ci/src/eve/dist/arm64
cd /home/zededa-ci/src/eve/dist/arm64 ; _() { C=`docker create $1 fake` ; shift ; docker export $C | tar -xf - "$@" ; docker rm $C ; } ; _ lfedge/eve-uefi:fdf6300a5eeb9257e9aea002dbe40d01a70ea5fa-arm64 OVMF.fd
7423dce94583126fb2c41192e1b497dd6eb4274b9999ae6c381539246bb5bfd4
mkdir -p /home/zededa-ci/src/eve/dist/arm64/installer
./tools/makeconfig.sh conf /home/zededa-ci/src/eve/dist/arm64/installer/config.img
/conf/eve.dtb: Warning (unit_address_vs_reg): Node /regulator@1 has a unit name, but no reg property
/conf/eve.dtb: Warning (unit_address_vs_reg): Node /soc/i2c@f7102000/adv7533@39/ports/port@0 has a unit name, but no reg property
/conf/eve.dtb: Warning (unit_address_vs_reg): Node /soc/thermal-zones/cls0/trips/trip-point@0 has a unit name, but no reg property
/conf/eve.dtb: Warning (unit_address_vs_reg): Node /soc/thermal-zones/cls0/trips/trip-point@1 has a unit name, but no reg property
/conf/eve.dtb: Warning (unit_address_vs_reg): Node /soc/dsi@f4107800/ports/port@1/endpoint@0 has a unit name, but no reg property
/conf/eve.dtb: Warning (unit_address_vs_reg): Node /soc/i2s@f7118000/ports/port@0 has a unit name, but no reg property
/conf/eve.dtb: Warning (unit_address_vs_reg): Node /regulator@2 has a unit name, but no reg property
/conf/eve.dtb: Warning (unit_address_vs_reg): Node /regulator@0 has a unit name, but no reg property
1024+0 records in
1024+0 records out
mkfs.fat 4.1 (2017-01-24)
/config.img has 64 heads and 32 sectors per track,
hidden sectors 0x0000;
logical sector size is 512,
using 0xf8 media descriptor, with 2048 sectors;
drive number 0x80;
filesystem has 2 12-bit FATs and 4 sectors per cluster.
FAT size is 2 sectors, and provides 502 clusters.
There is 1 reserved sector.
Root directory contains 512 slots and uses 32 sectors.
Volume ID is 07880ed7, volume label EVE        .
cd /home/zededa-ci/src/eve/dist/arm64/installer ; _() { C=`docker create $1 fake` ; shift ; docker export $C | tar -xf - "$@" ; docker rm $C ; } ; _ lfedge/eve-grub:6631b217cce1810ff0295606de740c26d2d9a9d2-arm64 EFI
619910dc6bed764e2f184b0e4230835e520fba93b8a50ee29d3edb136d27b9d1
Done building /home/zededa-ci/src/eve/build-tools/bin/linuxkit
./tools/makerootfs.sh images/rootfs-xen.yml squash /home/zededa-ci/src/eve/dist/arm64/installer/rootfs.img
Extract kernel image: lfedge/eve-kernel:111e59dfa111f7d8af69bff339cee1ff56915a32-arm64
Add init containers:
Process init image: linuxkit/init:v0.5-arm64
Pull image: docker.io/linuxkit/init:v0.5-arm64@sha256:b47805bd19299df722878a621b8c4700732e17665acde8441247bc0b7d5b45ed
Process init image: linuxkit/runc:v0.5-arm64
time="2019-12-19T08:02:38+01:00" level=warning msg="targets/riyaz metadata is nearing expiry, you should re-sign the role metadata"
Pull image: docker.io/linuxkit/runc:v0.5-arm64@sha256:76040834435d6350426e183cc7ec7cfe400e95248a3819077cdaa0cecc9b9453
Process init image: linuxkit/containerd:v0.5-arm64
time="2019-12-19T08:02:45+01:00" level=warning msg="targets/riyaz metadata is nearing expiry, you should re-sign the role metadata"
Pull image: docker.io/linuxkit/containerd:v0.5-arm64@sha256:ea77d502e4551b506081bda54a35bbd4444115de5c2cfeae77d056c73202d033
Process init image: linuxkit/getty:v0.5-arm64
Pull image: docker.io/linuxkit/getty:v0.5-arm64@sha256:1acdf9e80140057447530c40ada723fa3a95f7a808c2bb9151585a6614f09a61
Process init image: lfedge/eve-grub:6631b217cce1810ff0295606de740c26d2d9a9d2-arm64
Process init image: lfedge/eve-fw:e07c45a98386767ec3926b813dc4b46a96a81541-arm64
Process init image: lfedge/eve-xen:74a4436b3fbf6795f901d9b765f42df72354b3a5-arm64
Process init image: lfedge/eve-gpt-tools:19ef56f5014fab1978a6e98b047d4498eabf8295-arm64
Process init image: lfedge/eve-dom0-ztools:f6e8d3bb095edb1065ee0262d1643dae7ce43c6e-arm64
Add onboot containers:
  Create OCI config for lfedge/eve-storage-init:3524db08db611b060d8c2ac0ca2b5b4826e0c960-arm64
  Create OCI config for linuxkit/sysctl:v0.5-arm64
Pull image: docker.io/linuxkit/sysctl:v0.5-arm64@sha256:63cd4b14ffca2815ebeff7288f6aa36f5db6d3b609bea159d181afc005386fe7
  Create OCI config for lfedge/eve-rngd:6e16dad8553a6c2939854abfa9f34a5f2604bce7-arm64
  Create OCI config for linuxkit/modprobe:v0.5-arm64
Pull image: docker.io/linuxkit/modprobe:v0.5-arm64@sha256:f210b0a7ae1a5a69d6209fcd6df9d3a996ad2159eb0b4061937d352a5d03605f
  Create OCI config for lfedge/eve-rsyslog:ccaf76aa6dd4fdef532207e9199befee289a2723-arm64
Add service containers:
  Create OCI config for linuxkit/openntpd:v0.5-arm64
time="2019-12-19T08:03:30+01:00" level=warning msg="targets/riyaz metadata is nearing expiry, you should re-sign the role metadata"
Pull image: docker.io/linuxkit/openntpd:v0.5-arm64@sha256:3fd85fdc1ce4675becaa46de24d35bb62816e71c1221e3360d62a21d5d8404ff
  Create OCI config for linuxkit/sshd:v0.5-arm64
time="2019-12-19T08:03:37+01:00" level=warning msg="targets/justin metadata is nearing expiry, you should re-sign the role metadata"
Pull image: docker.io/linuxkit/sshd:v0.5-arm64@sha256:4dc2b166ad306dfabf907784856496f695ca17684fd4e04c3e264ecf51ab31ac
  Create OCI config for lfedge/eve-wwan:2b98bc7569f167b1850dd9025a4b8c8489fee754-arm64
  Create OCI config for lfedge/eve-wlan:d1ac240f7ce90e255869ffc3ecda46dd313f45e9-arm64
  Create OCI config for lfedge/eve-guacd:f1f08a0fcadd35320f5d03fe0f0a1a318e8449be-arm64
  Create OCI config for lfedge/eve-pillar:741cdc4e9036436c1c4ff643494758cb4d837701-arm64
  Create OCI config for lfedge/eve-vtpm:c4ceaa46fd7f32418df6896af10ee7450ce6fcce-arm64
Add files:
  /etc/eve-release
  /containers/services/pillar/lower/opt/zededa/bin/versioninfo
Parallel mksquashfs: Using 4 processors
Creating 4.0 filesystem on /rootfs.img, block size 131072.
[|                                                           ]     0/19962   0%[=======/                                                    ]  2400/19962  12%[=========================-                                  ]  8700/19962  43%[==============================================\             ] 15800/19962  79%[=================================================-          ] 16600/19962  83%[=================================================|          ] 16900/19962  84%[===========================================================\] 19962/19962 100%

Exportable Squashfs 4.0 filesystem, gzip compressed, data block size 131072
	compressed data, compressed metadata, compressed fragments, compressed xattrs
	duplicates are removed
Filesystem size 228160.94 Kbytes (222.81 Mbytes)
	33.77% of uncompressed filesystem size (675663.72 Kbytes)
Inode table size 222978 bytes (217.75 Kbytes)
	25.58% of uncompressed inode table size (871615 bytes)
Directory table size 235745 bytes (230.22 Kbytes)
	45.49% of uncompressed directory table size (518240 bytes)
Number of duplicate files found 6318
Number of inodes 22610
Number of files 15820
Number of fragments 736
Number of symbolic links  4796
Number of device nodes 4
Number of fifo nodes 0
Number of socket nodes 0
Number of directories 1990
Number of ids (unique uids + gids) 3
Number of uids 1
	root (0)
Number of gids 3
	root (0)
	shadow (42)
	tty (5)
cd /home/zededa-ci/src/eve/dist/arm64/installer ; _() { C=`docker create $1 fake` ; shift ; docker export $C | tar -xf - "$@" ; docker rm $C ; } ; _ lfedge/eve-mkimage-raw-efi:2c5ff16c46b8328c506e06cc48598868bcb5bdab-arm64 initrd.img EFI
c38e6be96a5cdd813c3793110b295663982354cbf960dd37804ff2d543519acc
./tools/makeiso.sh /home/zededa-ci/src/eve/dist/arm64/installer /home/zededa-ci/src/eve/dist/arm64/installer.iso
the input device is not a TTY
Makefile:237: recipe for target '/home/zededa-ci/src/eve/dist/arm64/installer.iso' failed
make: *** [/home/zededa-ci/src/eve/dist/arm64/installer.iso] Error 1
FINISHED
