From https://github.com/lf-edge/eve
   5e6d823d..08007efa  master        -> origin/master
 * [new tag]           3.1.1         -> 3.1.1
 * [new tag]           3.10.0        -> 3.10.0
 * [new tag]           3.2.0         -> 3.2.0
 * [new tag]           3.3.0         -> 3.3.0
 * [new tag]           3.3.1         -> 3.3.1
 * [new tag]           3.3.2         -> 3.3.2
 * [new tag]           3.4.0         -> 3.4.0
 * [new tag]           3.4.1         -> 3.4.1
 * [new tag]           3.4.10        -> 3.4.10
 * [new tag]           3.4.2         -> 3.4.2
 * [new tag]           3.5.0         -> 3.5.0
 * [new tag]           3.6.0         -> 3.6.0
 * [new tag]           3.7.0         -> 3.7.0
 * [new tag]           3.8.0         -> 3.8.0
 * [new tag]           3.8.1         -> 3.8.1
 * [new tag]           3.8.2         -> 3.8.2
 * [new tag]           3.8.2-xen413  -> 3.8.2-xen413
 * [new tag]           3.8.2-xen413a -> 3.8.2-xen413a
 * [new tag]           3.9.0         -> 3.9.0
 * [new tag]           3.9.1         -> 3.9.1
 * [new tag]           3.9.2         -> 3.9.2
 * [new tag]           3.9.3         -> 3.9.3
 * [new tag]           4.1.0         -> 4.1.0
 * [new tag]           4.1.1         -> 4.1.1
 * [new tag]           4.1.2         -> 4.1.2
 * [new tag]           4.2.0         -> 4.2.0
 * [new tag]           4.3.0         -> 4.3.0
 * [new tag]           4.3.1         -> 4.3.1
Building the following tags: 3.8.2-xen413a
4.3.1 origin/master (latest tag is 4.3.1)
Skipping repository .go/pkg/dep/sources/https---github.com-linuxkit-linuxkit
Skipping repository .go/pkg/dep/sources/https---github.com-moby-hyperkit
Skipping repository .go/pkg/dep/sources/https---github.com-gorilla-context
Skipping repository .go/pkg/dep/sources/https---github.com-theupdateframework-notary
Skipping repository .go/pkg/dep/sources/https---github.com-mitchellh-go--ps
Skipping repository .go/pkg/dep/sources/https---github.com-golang-appengine
Skipping repository .go/pkg/dep/sources/https---github.com-xeipuuv-gojsonschema
Skipping repository .go/pkg/dep/sources/https---go.googlesource.com-net
Skipping repository .go/pkg/dep/sources/https---github.com-xeipuuv-gojsonpointer
Skipping repository .go/pkg/dep/sources/https---github.com-Azure-azure--sdk--for--go
Skipping repository .go/pkg/dep/sources/https---github.com-moby-tool
Skipping repository .go/pkg/dep/sources/https---github.com-Azure-go--ansiterm
Skipping repository .go/pkg/dep/sources/https---github.com-moby-vpnkit
Skipping repository .go/pkg/dep/sources/https---github.com-moul-anonuuid
Skipping repository .go/pkg/dep/sources/https---github.com-Azure-go--autorest
Skipping repository .go/pkg/dep/sources/https---github.com-moul-gotty--client
Skipping repository .go/pkg/dep/sources/https---github.com-Microsoft-go--winio
Skipping repository .go/pkg/dep/sources/https---github.com-agl-ed25519
Skipping repository .go/pkg/dep/sources/https---github.com-aws-aws--sdk--go
Skipping repository .go/pkg/dep/sources/https---github.com-containerd-containerd
Skipping repository .go/pkg/dep/sources/https---github.com-opencontainers-go--digest
Skipping repository .go/pkg/dep/sources/https---github.com-opencontainers-image--spec
Skipping repository .go/pkg/dep/sources/https---github.com-opencontainers-runtime--spec
Skipping repository .go/pkg/dep/sources/https---github.com-packethost-packngo
Skipping repository .go/pkg/dep/sources/https---github.com-pkg-errors
Skipping repository .go/pkg/dep/sources/https---github.com-radu--matei-azure--sdk--for--go
Skipping repository .go/pkg/dep/sources/https---github.com-radu--matei-azure--vhd--utils
Skipping repository .go/pkg/dep/sources/https---github.com-renstrom-fuzzysearch
Skipping repository .go/pkg/dep/sources/https---github.com-rn-iso9660wrap
Skipping repository .go/pkg/dep/sources/https---github.com-creack-goselect
Skipping repository .go/pkg/dep/sources/https---github.com-dgrijalva-jwt--go
Skipping repository .go/pkg/dep/sources/https---github.com-docker-distribution
Skipping repository .go/pkg/dep/sources/https---github.com-docker-docker
Skipping repository .go/pkg/dep/sources/https---github.com-docker-go
Skipping repository .go/pkg/dep/sources/https---github.com-docker-go--connections
Skipping repository .go/pkg/dep/sources/https---github.com-docker-go--units
Skipping repository .go/pkg/dep/sources/https---github.com-jmespath-go--jmespath
Skipping repository .go/pkg/dep/sources/https---github.com-scaleway-go--scaleway
Skipping repository .go/pkg/dep/sources/https---github.com-go--ini-ini
Skipping repository .go/pkg/dep/sources/https---github.com-gorilla-mux
Skipping repository .go/pkg/dep/sources/https---github.com-gogo-protobuf
Skipping repository .go/pkg/dep/sources/https---github.com-gorilla-websocket
Skipping repository .go/pkg/dep/sources/https---github.com-vmware-govmomi
Skipping repository .go/pkg/dep/sources/https---github.com-sirupsen-logrus
Skipping repository .go/pkg/dep/sources/https---gopkg.in-yaml.v2
Skipping repository .go/pkg/dep/sources/https---github.com-golang-protobuf
Skipping repository .go/pkg/dep/sources/https---github.com-docker-go--p9p
Skipping repository .go/pkg/dep/sources/https---github.com-google-uuid
Skipping repository .go/pkg/dep/sources/https---github.com-gophercloud-gophercloud
Skipping repository .go/pkg/dep/sources/https---github.com-xeipuuv-gojsonreference
Skipping repository .go/pkg/dep/sources/https---github.com-moby-datakit
Skipping repository .go/pkg/dep/sources/https---github.com-surma-gocpio
Skipping repository .go/pkg/dep/sources/https---github.com-miekg-pkcs11
Skipping repository .go/pkg/dep/sources/https---go.googlesource.com-sync
Skipping repository .go/pkg/dep/sources/https---go.googlesource.com-oauth2
Skipping repository .go/pkg/dep/sources/https---code.googlesource.com-gocloud
Skipping repository .go/pkg/dep/sources/https---go.googlesource.com-sys
Skipping repository .go/pkg/dep/sources/https---go.googlesource.com-crypto
Skipping repository .go/pkg/dep/sources/https---code.googlesource.com-google--api--go--client
Skipping repository .go/pkg/dep/sources/https---github.com-census--instrumentation-opencensus--go
Skipping repository .go/pkg/dep/sources/https---github.com-googleapis-gax--go
Skipping repository .go/pkg/dep/sources/https---github.com-grpc-grpc--go
Skipping repository .go/pkg/dep/sources/https---github.com-konsorten-go--windows--terminal--sequences
Skipping repository .go/pkg/dep/sources/https---github.com-golang-groupcache
Skipping repository .go/pkg/dep/sources/https---github.com-google-go--genproto
Skipping repository .go/pkg/dep/sources/https---go.googlesource.com-text
Removing .go/src
Removing .go/bin
Removing build-tools/bin/linuxkit
Removing build-tools/bin/manifest-tool
Removing dist/
Removing images/installer.yml
Removing images/rootfs-xen.yml
HEAD is now at 978eea79 Dummy commit
Creating go builder image for user zededa-ci
eve-build-zededa-ci docker container is ready to use
Done building /home/zededa-ci/src/eve/build-tools/bin/linuxkit
Building and pushing "lfedge/eve-debug:3.8.2-xen413a"
3.8.2-xen413a: Pulling from lfedge/eve-debug
Digest: sha256:1b4b3fd3d0c307214c86c13e16197c9064b18d00cc369bcc0061f299c72adac2
Status: Image is up to date for lfedge/eve-debug:3.8.2-xen413a
Building and pushing "lfedge/eve-device-trees:3.8.2-xen413a"
3.8.2-xen413a: Pulling from lfedge/eve-device-trees
Digest: sha256:82bee3ff2be174361d03ac8dcba700d5698e2c427d1cbe7cde2d1c34f294fc6d
Status: Image is up to date for lfedge/eve-device-trees:3.8.2-xen413a
Building and pushing "lfedge/eve-dnsmasq:3.8.2-xen413a"
3.8.2-xen413a: Pulling from lfedge/eve-dnsmasq
Digest: sha256:f43ef173ac0e310f3086ac4dd09fee6a670392e68d0a4c78f73ec1dedfb98e2f
Status: Image is up to date for lfedge/eve-dnsmasq:3.8.2-xen413a
Building and pushing "lfedge/eve-dom0-ztools:3.8.2-xen413a"
3.8.2-xen413a: Pulling from lfedge/eve-dom0-ztools
Digest: sha256:7eaf5a54ed5eac096f178b011b85b43d3b8319318606aa817c9c70dd244d2f7a
Status: Image is up to date for lfedge/eve-dom0-ztools:3.8.2-xen413a
Building and pushing "lfedge/eve-fscrypt:3.8.2-xen413a"
3.8.2-xen413a: Pulling from lfedge/eve-fscrypt
Digest: sha256:e43e6afd7475d9c6a9d233d273e0ea86f350f61cd3ed56e913a2f283436643f5
Status: Image is up to date for lfedge/eve-fscrypt:3.8.2-xen413a
Building and pushing "lfedge/eve-fw:3.8.2-xen413a"
3.8.2-xen413a: Pulling from lfedge/eve-fw
Digest: sha256:ce35111cbe2bcd9a97dbfeb9cda0349a909748be6ef44e21c385a0d589a854b5
Status: Image is up to date for lfedge/eve-fw:3.8.2-xen413a
Building and pushing "lfedge/eve-gpt-tools:3.8.2-xen413a"
3.8.2-xen413a: Pulling from lfedge/eve-gpt-tools
Digest: sha256:f199a465001bf5f30fe370df24501bfbe7a5fc5618a8a06e9293b904263446ab
Status: Image is up to date for lfedge/eve-gpt-tools:3.8.2-xen413a
Building and pushing "lfedge/eve-grub:3.8.2-xen413a"
3.8.2-xen413a: Pulling from lfedge/eve-grub
Digest: sha256:5f14dff44340d0228ba1443c679773fe45e6a926973a272972f2ada25844301a
Status: Image is up to date for lfedge/eve-grub:3.8.2-xen413a
Building and pushing "lfedge/eve-guacd:3.8.2-xen413a"
3.8.2-xen413a: Pulling from lfedge/eve-guacd
Digest: sha256:ba44cb61c1269aa1b31743d29f0d041cecd0aed08ae660e10ca52b730f3030c1
Status: Image is up to date for lfedge/eve-guacd:3.8.2-xen413a
Building and pushing "lfedge/eve-kernel:3.8.2-xen413a"
3.8.2-xen413a: Pulling from lfedge/eve-kernel
Digest: sha256:8e58051c44c76a65b0379447eae3846deae0679f0d3a429af9fd108da2254f2b
Status: Image is up to date for lfedge/eve-kernel:3.8.2-xen413a
Building and pushing "lfedge/eve-lisp:3.8.2-xen413a"
3.8.2-xen413a: Pulling from lfedge/eve-lisp
Digest: sha256:a11141c2614e1b5e86bd2279821f8794c1c5600e591d48ad53754f1697d78bfe
Status: Image is up to date for lfedge/eve-lisp:3.8.2-xen413a
Building and pushing "lfedge/eve-mkconf:3.8.2-xen413a"
3.8.2-xen413a: Pulling from lfedge/eve-mkconf
Digest: sha256:8c32bc136b89619c707c69f6a0d0f51b50fa3578262139d4524b319a5f13dee8
Status: Image is up to date for lfedge/eve-mkconf:3.8.2-xen413a
Building and pushing "lfedge/eve-mkimage-iso-efi:3.8.2-xen413a"
3.8.2-xen413a: Pulling from lfedge/eve-mkimage-iso-efi
Digest: sha256:2e4570fad033a9b465a58325ce6fb633366bfef06a79919e3595dc166b7a1d73
Status: Image is up to date for lfedge/eve-mkimage-iso-efi:3.8.2-xen413a
Building and pushing "lfedge/eve-mkimage-raw-efi:3.8.2-xen413a"
3.8.2-xen413a: Pulling from lfedge/eve-mkimage-raw-efi
Digest: sha256:af78d14aa8ae02ffba500f1f3c0ec96b13bf6a7f0131a80604bf58a79fe31bfc
Status: Image is up to date for lfedge/eve-mkimage-raw-efi:3.8.2-xen413a
Building and pushing "lfedge/eve-mkrootfs-ext4:3.8.2-xen413a"
3.8.2-xen413a: Pulling from lfedge/eve-mkrootfs-ext4
Digest: sha256:95ea5157383422a6263ea88f2b08682cf9e0efd5331b418afdc7ba0cd7527e26
Status: Image is up to date for lfedge/eve-mkrootfs-ext4:3.8.2-xen413a
Building and pushing "lfedge/eve-mkrootfs-squash:3.8.2-xen413a"
3.8.2-xen413a: Pulling from lfedge/eve-mkrootfs-squash
Digest: sha256:95ea5157383422a6263ea88f2b08682cf9e0efd5331b418afdc7ba0cd7527e26
Status: Image is up to date for lfedge/eve-mkrootfs-squash:3.8.2-xen413a
Building and pushing "lfedge/eve-xen-tools:3.8.2-xen413a"
3.8.2-xen413a: Pulling from lfedge/eve-xen-tools
Digest: sha256:b3f840d1f1fb7c4f28c3f00d6aec806b634350359124188516876603bb7f1741
Status: Image is up to date for lfedge/eve-xen-tools:3.8.2-xen413a
Building and pushing "lfedge/eve-strongswan:3.8.2-xen413a"
3.8.2-xen413a: Pulling from lfedge/eve-strongswan
Digest: sha256:788382f2265a904d1e2650892a3cf6e998f2f011b752a7a2f2f61d3a74e7325d
Status: Image is up to date for lfedge/eve-strongswan:3.8.2-xen413a
Building and pushing "lfedge/eve-watchdog:3.8.2-xen413a"
3.8.2-xen413a: Pulling from lfedge/eve-watchdog
Digest: sha256:80159694fd6b238d6fec22d9e0c2a9c8b46a712c33ba1f97974e475ba58f1ccc
Status: Image is up to date for lfedge/eve-watchdog:3.8.2-xen413a
Building and pushing "lfedge/eve-rkt:3.8.2-xen413a"
3.8.2-xen413a: Pulling from lfedge/eve-rkt
Digest: sha256:15a2d306ff7397afe953e944eaef9437b44263e8b4cccf88d19865120bb71163
Status: Image is up to date for lfedge/eve-rkt:3.8.2-xen413a
Building and pushing "lfedge/eve-rkt-stage1:3.8.2-xen413a"
3.8.2-xen413a: Pulling from lfedge/eve-rkt-stage1
Digest: sha256:d003d1ec1b0ca569c37803d2805c349a0796dbb1f554d394948ddc4c97e0ef14
Status: Image is up to date for lfedge/eve-rkt-stage1:3.8.2-xen413a
Building and pushing "lfedge/eve-pillar:3.8.2-xen413a"
3.8.2-xen413a: Pulling from lfedge/eve-pillar
Digest: sha256:34394f973548d56b3635677733858bea0a2f8f57f9079c74cc531bb3b96ede4e
Status: Image is up to date for lfedge/eve-pillar:3.8.2-xen413a
Building and pushing "lfedge/eve-qrexec-lib:3.8.2-xen413a"
3.8.2-xen413a: Pulling from lfedge/eve-qrexec-lib
Digest: sha256:4f4fade3424b3b3fe829c125c556eda558252917f383414e6a584d62aa0ac641
Status: Image is up to date for lfedge/eve-qrexec-lib:3.8.2-xen413a
Building and pushing "lfedge/eve-qrexec-dom0:3.8.2-xen413a"
3.8.2-xen413a: Pulling from lfedge/eve-qrexec-dom0
Digest: sha256:4842a6c2ca44a64ffd6641af5a38423b378993440ecfae190e1a4391323a8dca
Status: Image is up to date for lfedge/eve-qrexec-dom0:3.8.2-xen413a
Building and pushing "lfedge/eve-rngd:3.8.2-xen413a"
3.8.2-xen413a: Pulling from lfedge/eve-rngd
Digest: sha256:0d07c9d4800a2a448599d961c447407009ee670da5cb2661f7dc4403f0614c0f
Status: Image is up to date for lfedge/eve-rngd:3.8.2-xen413a
Building and pushing "lfedge/eve-uefi:3.8.2-xen413a"
3.8.2-xen413a: Pulling from lfedge/eve-uefi
Digest: sha256:015302faad642fdeb426ace2326239f21e714ca7f5a55e1a86a77200f8f68672
Status: Image is up to date for lfedge/eve-uefi:3.8.2-xen413a
Building and pushing "lfedge/eve-wlan:3.8.2-xen413a"
3.8.2-xen413a: Pulling from lfedge/eve-wlan
Digest: sha256:bd9973eb50a8f4ffb2e456f794e561b76376b53dca26684699695bcb65c28820
Status: Image is up to date for lfedge/eve-wlan:3.8.2-xen413a
Building and pushing "lfedge/eve-wwan:3.8.2-xen413a"
3.8.2-xen413a: Pulling from lfedge/eve-wwan
Digest: sha256:17bac43d1a72529199d96ae8060db5142e2e604f2b36b3a78bba61cf83753111
Status: Image is up to date for lfedge/eve-wwan:3.8.2-xen413a
Building and pushing "lfedge/eve-xen:3.8.2-xen413a"
3.8.2-xen413a: Pulling from lfedge/eve-xen
Digest: sha256:621a628150bcaabb94d644b1617fde68d5b9bf9d912a27915940a1949826383f
Status: Image is up to date for lfedge/eve-xen:3.8.2-xen413a
Done building packages
rm pkg/qrexec-dom0/Dockerfile pkg/qrexec-lib/Dockerfile pkg/pillar/Dockerfile
Creating go builder image for user zededa-ci
eve-build-zededa-ci docker container is ready to use
mkdir -p /home/zededa-ci/src/eve/dist/arm64/bios
cd /home/zededa-ci/src/eve/dist/arm64/bios ; _() { C=`docker create $1 fake` ; docker export $C | tar -xf - $2 ; docker rm $C ; } ; _ lfedge/eve-uefi:aef36d9c29fd16f9bae72a74d887568f0ef138f0-arm64 OVMF.fd
4dd556114da4485bb0b84ff43d92059d3af7b2c8a680cdec9fe07ee24e8f554a
mkdir -p /home/zededa-ci/src/eve/dist/arm64
./tools/makeconfig.sh conf /home/zededa-ci/src/eve/dist/arm64/config.img
+ CONFIG_FILE=/config.img
+ CONFIG_SIZE_KB=1024
+ cd /conf
+ tar xf -
+ echo mtools_skip_check=1
+ dd if=/dev/zero of=/config.img bs=1024 count=1024
1024+0 records in
1024+0 records out
+ mkfs.vfat -n EVE -v /config.img 1024
mkfs.fat 4.1 (2017-01-24)
/config.img has 64 heads and 32 sectors per track,
hidden sectors 0x0000;
logical sector size is 512,
using 0xf8 media descriptor, with 2048 sectors;
drive number 0x80;
filesystem has 2 12-bit FATs and 4 sectors per cluster.
FAT size is 2 sectors, and provides 502 clusters.
There is 1 reserved sector.
Root directory contains 512 slots and uses 32 sectors.
Volume ID is e59b9d11, volume label EVE        .
+ mcopy -i /config.img -s /conf/authorized_keys /conf/onboard.cert.pem /conf/onboard.key.pem /conf/root-certificate.pem /conf/server /conf/wpa_supplicant.conf ::/
Done building /home/zededa-ci/src/eve/build-tools/bin/linuxkit
./tools/makerootfs.sh images/rootfs.yml squash /home/zededa-ci/src/eve/dist/arm64/rootfs.img
Extract kernel image: lfedge/eve-kernel:3.8.2-xen413a-arm64
Add init containers:
Process init image: linuxkit/init:v0.5-arm64
Process init image: linuxkit/runc:v0.5-arm64
time="2019-12-07T08:02:00+01:00" level=warning msg="targets/riyaz metadata is nearing expiry, you should re-sign the role metadata"
Process init image: linuxkit/containerd:v0.5-arm64
time="2019-12-07T08:02:03+01:00" level=warning msg="targets/riyaz metadata is nearing expiry, you should re-sign the role metadata"
Process init image: linuxkit/getty:v0.5-arm64
Process init image: lfedge/eve-grub:3.8.2-xen413a-arm64
Process init image: lfedge/eve-device-trees:3.8.2-xen413a-arm64
Process init image: lfedge/eve-fw:3.8.2-xen413a-arm64
Process init image: lfedge/eve-xen:3.8.2-xen413a-arm64
Process init image: lfedge/eve-gpt-tools:3.8.2-xen413a-arm64
Process init image: lfedge/eve-dom0-ztools:3.8.2-xen413a-arm64
Add onboot containers:
  Create OCI config for linuxkit/sysctl:v0.5-arm64
  Create OCI config for linuxkit/modprobe:v0.5-arm64
  Create OCI config for linuxkit/mount:v0.5-arm64
  Create OCI config for lfedge/eve-rngd:3.8.2-xen413a-arm64
Add service containers:
  Create OCI config for linuxkit/openntpd:v0.5-arm64
time="2019-12-07T08:02:22+01:00" level=warning msg="targets/riyaz metadata is nearing expiry, you should re-sign the role metadata"
  Create OCI config for linuxkit/sshd:v0.5-arm64
time="2019-12-07T08:02:25+01:00" level=warning msg="targets/justin metadata is nearing expiry, you should re-sign the role metadata"
  Create OCI config for lfedge/eve-wwan:3.8.2-xen413a-arm64
  Create OCI config for lfedge/eve-wlan:3.8.2-xen413a-arm64
  Create OCI config for lfedge/eve-guacd:3.8.2-xen413a-arm64
  Create OCI config for lfedge/eve-pillar:3.8.2-xen413a-arm64
Add files:
  /etc/eve-release
  /containers/services/pillar/lower/opt/zededa/bin/versioninfo
Parallel mksquashfs: Using 4 processors
Creating 4.0 filesystem on /rootfs.img, block size 131072.
[/                                                           ]     0/22092   0%[=====/                                                      ]  2200/22092   9%[==========|                                                 ]  3900/22092  17%[================================================/           ] 18100/22092  81%[================================================\           ] 18200/22092  82%[=================================================-          ] 18700/22092  84%[==================================================/         ] 18800/22092  85%[===================================================\        ] 19100/22092  86%[===========================================================-] 22092/22092 100%

Exportable Squashfs 4.0 filesystem, gzip compressed, data block size 131072
	compressed data, compressed metadata, compressed fragments, compressed xattrs
	duplicates are removed
Filesystem size 280066.61 Kbytes (273.50 Mbytes)
	28.09% of uncompressed filesystem size (996892.71 Kbytes)
Inode table size 214822 bytes (209.79 Kbytes)
	25.72% of uncompressed inode table size (835252 bytes)
Directory table size 223085 bytes (217.86 Kbytes)
	45.13% of uncompressed directory table size (494280 bytes)
Number of duplicate files found 6483
Number of inodes 21284
Number of files 15421
Number of fragments 705
Number of symbolic links  4089
Number of device nodes 5
Number of fifo nodes 0
Number of socket nodes 0
Number of directories 1769
Number of ids (unique uids + gids) 3
Number of uids 1
	root (0)
Number of gids 3
	root (0)
	shadow (42)
	tty (5)
ERROR: size of /home/zededa-ci/src/eve/dist/arm64/rootfs.img is greater than 250MB (bigger than allocated partition)
Makefile:194: recipe for target '/home/zededa-ci/src/eve/dist/arm64/rootfs.img' failed
make: *** [/home/zededa-ci/src/eve/dist/arm64/rootfs.img] Error 1
Skipping repository .go/pkg/dep/sources/https---github.com-linuxkit-linuxkit
Skipping repository .go/pkg/dep/sources/https---github.com-moby-hyperkit
Skipping repository .go/pkg/dep/sources/https---github.com-gorilla-context
Skipping repository .go/pkg/dep/sources/https---github.com-theupdateframework-notary
Skipping repository .go/pkg/dep/sources/https---github.com-mitchellh-go--ps
Skipping repository .go/pkg/dep/sources/https---github.com-golang-appengine
Skipping repository .go/pkg/dep/sources/https---github.com-xeipuuv-gojsonschema
Skipping repository .go/pkg/dep/sources/https---go.googlesource.com-net
Skipping repository .go/pkg/dep/sources/https---github.com-xeipuuv-gojsonpointer
Skipping repository .go/pkg/dep/sources/https---github.com-Azure-azure--sdk--for--go
Skipping repository .go/pkg/dep/sources/https---github.com-moby-tool
Skipping repository .go/pkg/dep/sources/https---github.com-Azure-go--ansiterm
Skipping repository .go/pkg/dep/sources/https---github.com-moby-vpnkit
Skipping repository .go/pkg/dep/sources/https---github.com-moul-anonuuid
Skipping repository .go/pkg/dep/sources/https---github.com-Azure-go--autorest
Skipping repository .go/pkg/dep/sources/https---github.com-moul-gotty--client
Skipping repository .go/pkg/dep/sources/https---github.com-Microsoft-go--winio
Skipping repository .go/pkg/dep/sources/https---github.com-agl-ed25519
Skipping repository .go/pkg/dep/sources/https---github.com-aws-aws--sdk--go
Skipping repository .go/pkg/dep/sources/https---github.com-containerd-containerd
Skipping repository .go/pkg/dep/sources/https---github.com-opencontainers-go--digest
Skipping repository .go/pkg/dep/sources/https---github.com-opencontainers-image--spec
Skipping repository .go/pkg/dep/sources/https---github.com-opencontainers-runtime--spec
Skipping repository .go/pkg/dep/sources/https---github.com-packethost-packngo
Skipping repository .go/pkg/dep/sources/https---github.com-pkg-errors
Skipping repository .go/pkg/dep/sources/https---github.com-radu--matei-azure--sdk--for--go
Skipping repository .go/pkg/dep/sources/https---github.com-radu--matei-azure--vhd--utils
Skipping repository .go/pkg/dep/sources/https---github.com-renstrom-fuzzysearch
Skipping repository .go/pkg/dep/sources/https---github.com-rn-iso9660wrap
Skipping repository .go/pkg/dep/sources/https---github.com-creack-goselect
Skipping repository .go/pkg/dep/sources/https---github.com-dgrijalva-jwt--go
Skipping repository .go/pkg/dep/sources/https---github.com-docker-distribution
Skipping repository .go/pkg/dep/sources/https---github.com-docker-docker
Skipping repository .go/pkg/dep/sources/https---github.com-docker-go
Skipping repository .go/pkg/dep/sources/https---github.com-docker-go--connections
Skipping repository .go/pkg/dep/sources/https---github.com-docker-go--units
Skipping repository .go/pkg/dep/sources/https---github.com-jmespath-go--jmespath
Skipping repository .go/pkg/dep/sources/https---github.com-scaleway-go--scaleway
Skipping repository .go/pkg/dep/sources/https---github.com-go--ini-ini
Skipping repository .go/pkg/dep/sources/https---github.com-gorilla-mux
Skipping repository .go/pkg/dep/sources/https---github.com-gogo-protobuf
Skipping repository .go/pkg/dep/sources/https---github.com-gorilla-websocket
Skipping repository .go/pkg/dep/sources/https---github.com-vmware-govmomi
Skipping repository .go/pkg/dep/sources/https---github.com-sirupsen-logrus
Skipping repository .go/pkg/dep/sources/https---gopkg.in-yaml.v2
Skipping repository .go/pkg/dep/sources/https---github.com-golang-protobuf
Skipping repository .go/pkg/dep/sources/https---github.com-docker-go--p9p
Skipping repository .go/pkg/dep/sources/https---github.com-google-uuid
Skipping repository .go/pkg/dep/sources/https---github.com-gophercloud-gophercloud
Skipping repository .go/pkg/dep/sources/https---github.com-xeipuuv-gojsonreference
Skipping repository .go/pkg/dep/sources/https---github.com-moby-datakit
Skipping repository .go/pkg/dep/sources/https---github.com-surma-gocpio
Skipping repository .go/pkg/dep/sources/https---github.com-miekg-pkcs11
Skipping repository .go/pkg/dep/sources/https---go.googlesource.com-sync
Skipping repository .go/pkg/dep/sources/https---go.googlesource.com-oauth2
Skipping repository .go/pkg/dep/sources/https---code.googlesource.com-gocloud
Skipping repository .go/pkg/dep/sources/https---go.googlesource.com-sys
Skipping repository .go/pkg/dep/sources/https---go.googlesource.com-crypto
Skipping repository .go/pkg/dep/sources/https---code.googlesource.com-google--api--go--client
Skipping repository .go/pkg/dep/sources/https---github.com-census--instrumentation-opencensus--go
Skipping repository .go/pkg/dep/sources/https---github.com-googleapis-gax--go
Skipping repository .go/pkg/dep/sources/https---github.com-grpc-grpc--go
Skipping repository .go/pkg/dep/sources/https---github.com-konsorten-go--windows--terminal--sequences
Skipping repository .go/pkg/dep/sources/https---github.com-golang-groupcache
Skipping repository .go/pkg/dep/sources/https---github.com-google-go--genproto
Skipping repository .go/pkg/dep/sources/https---go.googlesource.com-text
Removing .go/src
Removing .go/bin
Removing build-tools/bin/linuxkit
Removing build-tools/bin/manifest-tool
Removing dist/
Removing images/installer.yml
Removing images/rootfs.yml
HEAD is now at e49232cc Dummy comming to trigger Circle
Creating go builder image for user zededa-ci
eve-build-zededa-ci docker container is ready to use
Done building /home/zededa-ci/src/eve/build-tools/bin/linuxkit
Building and pushing "lfedge/eve-acrn:4.3.1"
4.3.1: Pulling from lfedge/eve-acrn
Digest: sha256:7f0da6014ad8abdde2fc7c289abbc0a4baed9a551e437ed7a4ea1ee300122080
Status: Image is up to date for lfedge/eve-acrn:4.3.1
Building and pushing "lfedge/eve-acrn-kernel:4.3.1"
4.3.1: Pulling from lfedge/eve-acrn-kernel
Digest: sha256:d9c96a67362bae5c73615680f825051e901c63652f149d2534fefb977e074df0
Status: Image is up to date for lfedge/eve-acrn-kernel:4.3.1
Building and pushing "lfedge/eve-debug:4.3.1"
4.3.1: Pulling from lfedge/eve-debug
Digest: sha256:3244ee155140489aa6e9b07154026e0244eb1bb28c8f5c2e10d1bfb9d15594ee
Status: Image is up to date for lfedge/eve-debug:4.3.1
Building and pushing "lfedge/eve-device-trees:4.3.1"
4.3.1: Pulling from lfedge/eve-device-trees
Digest: sha256:1dde5beb509caca1b7794288041b39c597b6e6aff30d4e80cc9061cc828b3d47
Status: Image is up to date for lfedge/eve-device-trees:4.3.1
Building and pushing "lfedge/eve-dnsmasq:4.3.1"
4.3.1: Pulling from lfedge/eve-dnsmasq
Digest: sha256:74a9ecdd2d7fe41a995d7c5aab98a5ae6f5c26f9426830ecc2362cffede50487
Status: Image is up to date for lfedge/eve-dnsmasq:4.3.1
Building and pushing "lfedge/eve-dom0-ztools:4.3.1"
4.3.1: Pulling from lfedge/eve-dom0-ztools
Digest: sha256:00cf0b30834bcb43f916a557d0f99377f2545a1f010f50593a13740bd98b612d
Status: Image is up to date for lfedge/eve-dom0-ztools:4.3.1
Building and pushing "lfedge/eve-fscrypt:4.3.1"
4.3.1: Pulling from lfedge/eve-fscrypt
Digest: sha256:682f55e39b4d70588b628fb1a89b8357301c0b75a2149240e02cb3e7b8e1a0d1
Status: Image is up to date for lfedge/eve-fscrypt:4.3.1
Building and pushing "lfedge/eve-fw:4.3.1"
4.3.1: Pulling from lfedge/eve-fw
Digest: sha256:84ea6d84526760ac1a5598ac00b1f3999632fdcc1ce0d8edff6fdf5dbdd017d3
Status: Image is up to date for lfedge/eve-fw:4.3.1
Building and pushing "lfedge/eve-gpt-tools:4.3.1"
4.3.1: Pulling from lfedge/eve-gpt-tools
Digest: sha256:bc9290ab1941d419cebadce79638054f78656f16b3730c5f4ff740e6cb90192a
Status: Image is up to date for lfedge/eve-gpt-tools:4.3.1
Building and pushing "lfedge/eve-grub:4.3.1"
4.3.1: Pulling from lfedge/eve-grub
Digest: sha256:6d68822c68ea4c94323203928932eb36f9ee07de52094435ba7853b56a356449
Status: Image is up to date for lfedge/eve-grub:4.3.1
Building and pushing "lfedge/eve-guacd:4.3.1"
4.3.1: Pulling from lfedge/eve-guacd
Digest: sha256:d9a6314cfc1ee425be0d90423251bbbef61c7d1f7b4eed1882fb72f64ca5111f
Status: Image is up to date for lfedge/eve-guacd:4.3.1
Building and pushing "lfedge/eve-kernel:4.3.1"
4.3.1: Pulling from lfedge/eve-kernel
no matching manifest for linux/arm64 in the manifest list entries
No image pulled, continuing with build
Sending build context to Docker daemon    1.2MB
Step 1/30 : FROM alpine:3.6 as kernel-build
 ---> 25e814211fdd
Step 2/30 : RUN apk update
 ---> Using cache
 ---> 96fa07d86b0a
Step 3/30 : RUN apk add     argp-standalone     automake     bash     bc     binutils-dev     bison     build-base     curl     diffutils     flex     git     gmp-dev     gnupg     installkernel     kmod     libelf-dev     libressl-dev     linux-headers     ncurses-dev     python2     findutils     sed     squashfs-tools     tar     xz     xz-dev     zlib-dev
 ---> Using cache
 ---> 2c9e57c613ab
Step 4/30 : RUN [ $(uname -m) == x86_64 ] && apk add libunwind-dev || true
 ---> Using cache
 ---> 20b1ab6bf834
Step 5/30 : ENV KERNEL_VERSION_aarch64 4.19.5
 ---> Using cache
 ---> b28ce56e0598
Step 6/30 : ENV KERNEL_SERIES_aarch64 4.19.x
 ---> Using cache
 ---> dfd8200e6c6b
Step 7/30 : ENV KERNEL_VERSION_x86_64 4.19.5
 ---> Using cache
 ---> 615d2231f7ee
Step 8/30 : ENV KERNEL_SERIES_x86_64 4.19.x
 ---> Using cache
 ---> 31781f961510
Step 9/30 : ENV KERNEL_SOURCE https://www.kernel.org/pub/linux/kernel/v4.x/linux-\${KERNEL_VERSION}.tar.xz
 ---> Using cache
 ---> 89b663223839
Step 10/30 : ENV KERNEL_SHA256_SUMS https://www.kernel.org/pub/linux/kernel/v4.x/sha256sums.asc
 ---> Using cache
 ---> ffd0c8646965
Step 11/30 : ENV KERNEL_PGP2_SIGN https://www.kernel.org/pub/linux/kernel/v4.x/linux-\${KERNEL_VERSION}.tar.sign
 ---> Using cache
 ---> 335a4245b4e2
Step 12/30 : SHELL /bin/sh -c export KERNEL_VERSION=$(eval echo \$KERNEL_VERSION_$(uname -m)) ; export KERNEL_SERIES=$(eval echo \$KERNEL_SERIES_$(uname -m)) ; eval KERNEL_SOURCE=$KERNEL_SOURCE ; eval export KERNEL_PGP2_SIGN=$KERNEL_PGP2_SIGN ; /bin/sh -c "$1" -
 ---> Using cache
 ---> 3ec1765b1ae8
Step 13/30 : COPY / /
 ---> Using cache
 ---> b1f21787bf9b
Step 14/30 : RUN curl -fsSLO ${KERNEL_SHA256_SUMS} &&     gpg2 -q --import keys.asc &&     gpg2 --verify sha256sums.asc &&     KERNEL_SHA256=$(grep linux-${KERNEL_VERSION}.tar.xz sha256sums.asc | cut -d ' ' -f 1) &&     [ -f linux-${KERNEL_VERSION}.tar.xz ] || curl -fsSLO ${KERNEL_SOURCE} &&     echo "${KERNEL_SHA256}  linux-${KERNEL_VERSION}.tar.xz" | sha256sum -c - &&     xz -d linux-${KERNEL_VERSION}.tar.xz &&     curl -fsSLO ${KERNEL_PGP2_SIGN} &&     gpg2 --verify linux-${KERNEL_VERSION}.tar.sign linux-${KERNEL_VERSION}.tar &&     cat linux-${KERNEL_VERSION}.tar | tar --absolute-names -x && mv /linux-${KERNEL_VERSION} /linux
 ---> Using cache
 ---> 78c18097668b
Step 15/30 : WORKDIR /linux
 ---> Using cache
 ---> 92ee5c3c11bf
Step 16/30 : RUN set -e ; [ ! -d /patches-"${KERNEL_SERIES}" ] || for patch in /patches-"${KERNEL_SERIES}"/*.patch; do         echo "Applying $patch";         patch -p1 < "$patch";     done
 ---> Using cache
 ---> 438bd0067255
Step 17/30 : RUN mkdir /out
 ---> Using cache
 ---> 14f4e71c240c
Step 18/30 : RUN case $(uname -m) in     x86_64)         KERNEL_DEF_CONF=/linux/arch/x86/configs/x86_64_defconfig;         ;;     aarch64)         KERNEL_DEF_CONF=/linux/arch/arm64/configs/defconfig;         ;;     esac  &&     cp /kernel_config-${KERNEL_SERIES}-$(uname -m) ${KERNEL_DEF_CONF};     if [ -n "${EXTRA}" ]; then         sed -i "s/CONFIG_LOCALVERSION=\"-linuxkit\"/CONFIG_LOCALVERSION=\"-linuxkit${EXTRA}\"/" ${KERNEL_DEF_CONF};         if [ "${EXTRA}" = "-dbg" ]; then             sed -i 's/CONFIG_PANIC_ON_OOPS=y/# CONFIG_PANIC_ON_OOPS is not set/' ${KERNEL_DEF_CONF};         fi &&         cat /kernel_config${EXTRA} >> ${KERNEL_DEF_CONF};     fi &&     make defconfig &&     make oldconfig &&     if [ -z "${EXTRA}" ]; then diff .config ${KERNEL_DEF_CONF}; fi
 ---> Running in 484bc54fa0bb
  HOSTCC  scripts/basic/fixdep
  HOSTCC  scripts/kconfig/conf.o
  YACC    scripts/kconfig/zconf.tab.c
  LEX     scripts/kconfig/zconf.lex.c
  HOSTCC  scripts/kconfig/zconf.tab.o
  HOSTLD  scripts/kconfig/conf
*** Default configuration is based on 'defconfig'
#
# configuration written to .config
#
scripts/kconfig/conf  --oldconfig Kconfig
#
# configuration written to .config
#
472a473,474
> CONFIG_HIBERNATE_CALLBACKS=y
> CONFIG_PM_STD_PARTITION=""
485a488
> CONFIG_ARCH_HIBERNATION_HEADER=y
1485a1489
> # CONFIG_MTD_SWAP is not set
5516c5520
< CONFIG_LZO_COMPRESS=m
---
> CONFIG_LZO_COMPRESS=y
The command '/bin/sh -c export KERNEL_VERSION=$(eval echo \$KERNEL_VERSION_$(uname -m)) ; export KERNEL_SERIES=$(eval echo \$KERNEL_SERIES_$(uname -m)) ; eval KERNEL_SOURCE=$KERNEL_SOURCE ; eval export KERNEL_PGP2_SIGN=$KERNEL_PGP2_SIGN ; /bin/sh -c "$1" - case $(uname -m) in     x86_64)         KERNEL_DEF_CONF=/linux/arch/x86/configs/x86_64_defconfig;         ;;     aarch64)         KERNEL_DEF_CONF=/linux/arch/arm64/configs/defconfig;         ;;     esac  &&     cp /kernel_config-${KERNEL_SERIES}-$(uname -m) ${KERNEL_DEF_CONF};     if [ -n "${EXTRA}" ]; then         sed -i "s/CONFIG_LOCALVERSION=\"-linuxkit\"/CONFIG_LOCALVERSION=\"-linuxkit${EXTRA}\"/" ${KERNEL_DEF_CONF};         if [ "${EXTRA}" = "-dbg" ]; then             sed -i 's/CONFIG_PANIC_ON_OOPS=y/# CONFIG_PANIC_ON_OOPS is not set/' ${KERNEL_DEF_CONF};         fi &&         cat /kernel_config${EXTRA} >> ${KERNEL_DEF_CONF};     fi &&     make defconfig &&     make oldconfig &&     if [ -z "${EXTRA}" ]; then diff .config ${KERNEL_DEF_CONF}; fi' returned a non-zero code: 1
exit status 1
Makefile:315: recipe for target 'eve-kernel' failed
make: *** [eve-kernel] Error 1
Creating go builder image for user zededa-ci
eve-build-zededa-ci docker container is ready to use
mkdir -p /home/zededa-ci/src/eve/dist/arm64/bios
cd /home/zededa-ci/src/eve/dist/arm64/bios ; _() { C=`docker create $1 fake` ; docker export $C | tar -xf - $2 ; docker rm $C ; } ; _ lfedge/eve-uefi:aef36d9c29fd16f9bae72a74d887568f0ef138f0-arm64 OVMF.fd
cf9cdc28419f1995e470142ad5dd53d2315ccac08d93d6abc32878bdb2e6fc9c
mkdir -p /home/zededa-ci/src/eve/dist/arm64
./tools/makeconfig.sh conf /home/zededa-ci/src/eve/dist/arm64/config.img
+ CONFIG_FILE=/config.img
+ CONFIG_SIZE_KB=1024
+ cd /conf
+ tar xf -
+ echo mtools_skip_check=1
+ dd if=/dev/zero of=/config.img bs=1024 count=1024
1024+0 records in
1024+0 records out
+ mkfs.vfat -n EVE -v /config.img 1024
mkfs.fat 4.1 (2017-01-24)
/config.img has 64 heads and 32 sectors per track,
hidden sectors 0x0000;
logical sector size is 512,
using 0xf8 media descriptor, with 2048 sectors;
drive number 0x80;
filesystem has 2 12-bit FATs and 4 sectors per cluster.
FAT size is 2 sectors, and provides 502 clusters.
There is 1 reserved sector.
Root directory contains 512 slots and uses 32 sectors.
Volume ID is f7e828e3, volume label EVE        .
+ mcopy -i /config.img -s /conf/DevicePortConfig /conf/authorized_keys /conf/grub.cfg /conf/onboard.cert.pem /conf/onboard.key.pem /conf/root-certificate.pem /conf/server /conf/wpa_supplicant.conf.example ::/
Done building /home/zededa-ci/src/eve/build-tools/bin/linuxkit
./tools/makerootfs.sh images/rootfs-xen.yml squash /home/zededa-ci/src/eve/dist/arm64/rootfs.img
Extract kernel image: lfedge/eve-kernel:4.3.1-arm64
Pull image: lfedge/eve-kernel:4.3.1-arm64
time="2019-12-07T08:06:44+01:00" level=fatal msg="Failed to extract kernel image and tarball: Could not pull image lfedge/eve-kernel:4.3.1-arm64: Error response from daemon: manifest for lfedge/eve-kernel:4.3.1-arm64 not found"
cat: boot/cmdline: No such file or directory
Makefile:209: recipe for target '/home/zededa-ci/src/eve/dist/arm64/rootfs.img' failed
make: *** [/home/zededa-ci/src/eve/dist/arm64/rootfs.img] Error 1
Skipping repository .go/pkg/dep/sources/https---github.com-linuxkit-linuxkit
Skipping repository .go/pkg/dep/sources/https---github.com-moby-hyperkit
Skipping repository .go/pkg/dep/sources/https---github.com-gorilla-context
Skipping repository .go/pkg/dep/sources/https---github.com-theupdateframework-notary
Skipping repository .go/pkg/dep/sources/https---github.com-mitchellh-go--ps
Skipping repository .go/pkg/dep/sources/https---github.com-golang-appengine
Skipping repository .go/pkg/dep/sources/https---github.com-xeipuuv-gojsonschema
Skipping repository .go/pkg/dep/sources/https---go.googlesource.com-net
Skipping repository .go/pkg/dep/sources/https---github.com-xeipuuv-gojsonpointer
Skipping repository .go/pkg/dep/sources/https---github.com-Azure-azure--sdk--for--go
Skipping repository .go/pkg/dep/sources/https---github.com-moby-tool
Skipping repository .go/pkg/dep/sources/https---github.com-Azure-go--ansiterm
Skipping repository .go/pkg/dep/sources/https---github.com-moby-vpnkit
Skipping repository .go/pkg/dep/sources/https---github.com-moul-anonuuid
Skipping repository .go/pkg/dep/sources/https---github.com-Azure-go--autorest
Skipping repository .go/pkg/dep/sources/https---github.com-moul-gotty--client
Skipping repository .go/pkg/dep/sources/https---github.com-Microsoft-go--winio
Skipping repository .go/pkg/dep/sources/https---github.com-agl-ed25519
Skipping repository .go/pkg/dep/sources/https---github.com-aws-aws--sdk--go
Skipping repository .go/pkg/dep/sources/https---github.com-containerd-containerd
Skipping repository .go/pkg/dep/sources/https---github.com-opencontainers-go--digest
Skipping repository .go/pkg/dep/sources/https---github.com-opencontainers-image--spec
Skipping repository .go/pkg/dep/sources/https---github.com-opencontainers-runtime--spec
Skipping repository .go/pkg/dep/sources/https---github.com-packethost-packngo
Skipping repository .go/pkg/dep/sources/https---github.com-pkg-errors
Skipping repository .go/pkg/dep/sources/https---github.com-radu--matei-azure--sdk--for--go
Skipping repository .go/pkg/dep/sources/https---github.com-radu--matei-azure--vhd--utils
Skipping repository .go/pkg/dep/sources/https---github.com-renstrom-fuzzysearch
Skipping repository .go/pkg/dep/sources/https---github.com-rn-iso9660wrap
Skipping repository .go/pkg/dep/sources/https---github.com-creack-goselect
Skipping repository .go/pkg/dep/sources/https---github.com-dgrijalva-jwt--go
Skipping repository .go/pkg/dep/sources/https---github.com-docker-distribution
Skipping repository .go/pkg/dep/sources/https---github.com-docker-docker
Skipping repository .go/pkg/dep/sources/https---github.com-docker-go
Skipping repository .go/pkg/dep/sources/https---github.com-docker-go--connections
Skipping repository .go/pkg/dep/sources/https---github.com-docker-go--units
Skipping repository .go/pkg/dep/sources/https---github.com-jmespath-go--jmespath
Skipping repository .go/pkg/dep/sources/https---github.com-scaleway-go--scaleway
Skipping repository .go/pkg/dep/sources/https---github.com-go--ini-ini
Skipping repository .go/pkg/dep/sources/https---github.com-gorilla-mux
Skipping repository .go/pkg/dep/sources/https---github.com-gogo-protobuf
Skipping repository .go/pkg/dep/sources/https---github.com-gorilla-websocket
Skipping repository .go/pkg/dep/sources/https---github.com-vmware-govmomi
Skipping repository .go/pkg/dep/sources/https---github.com-sirupsen-logrus
Skipping repository .go/pkg/dep/sources/https---gopkg.in-yaml.v2
Skipping repository .go/pkg/dep/sources/https---github.com-golang-protobuf
Skipping repository .go/pkg/dep/sources/https---github.com-docker-go--p9p
Skipping repository .go/pkg/dep/sources/https---github.com-google-uuid
Skipping repository .go/pkg/dep/sources/https---github.com-gophercloud-gophercloud
Skipping repository .go/pkg/dep/sources/https---github.com-xeipuuv-gojsonreference
Skipping repository .go/pkg/dep/sources/https---github.com-moby-datakit
Skipping repository .go/pkg/dep/sources/https---github.com-surma-gocpio
Skipping repository .go/pkg/dep/sources/https---github.com-miekg-pkcs11
Skipping repository .go/pkg/dep/sources/https---go.googlesource.com-sync
Skipping repository .go/pkg/dep/sources/https---go.googlesource.com-oauth2
Skipping repository .go/pkg/dep/sources/https---code.googlesource.com-gocloud
Skipping repository .go/pkg/dep/sources/https---go.googlesource.com-sys
Skipping repository .go/pkg/dep/sources/https---go.googlesource.com-crypto
Skipping repository .go/pkg/dep/sources/https---code.googlesource.com-google--api--go--client
Skipping repository .go/pkg/dep/sources/https---github.com-census--instrumentation-opencensus--go
Skipping repository .go/pkg/dep/sources/https---github.com-googleapis-gax--go
Skipping repository .go/pkg/dep/sources/https---github.com-grpc-grpc--go
Skipping repository .go/pkg/dep/sources/https---github.com-konsorten-go--windows--terminal--sequences
Skipping repository .go/pkg/dep/sources/https---github.com-golang-groupcache
Skipping repository .go/pkg/dep/sources/https---github.com-google-go--genproto
Skipping repository .go/pkg/dep/sources/https---go.googlesource.com-text
Removing .go/src
Removing .go/bin
Removing build-tools/bin/linuxkit
Removing build-tools/bin/manifest-tool
Removing dist/
Removing images/installer.yml
Removing images/rootfs-xen.yml
HEAD is now at 08007efa Trying to commit yetus excludes ahead of the PR
Creating go builder image for user zededa-ci
eve-build-zededa-ci docker container is ready to use
Done building /home/zededa-ci/src/eve/build-tools/bin/linuxkit
Building and pushing "lfedge/eve-acrn:7d65dbaef6dcba97de1b7a69c80683ae0455e152"
7d65dbaef6dcba97de1b7a69c80683ae0455e152: Pulling from lfedge/eve-acrn
Digest: sha256:aecdfec669db299dc3bfef48193584d0d6438ec0ea45eb05cba8e3ebede5ddde
Status: Image is up to date for lfedge/eve-acrn:7d65dbaef6dcba97de1b7a69c80683ae0455e152
Building and pushing "lfedge/eve-acrn-kernel:b76c932549bf9cc97266fddad7b0496c27c04121"
b76c932549bf9cc97266fddad7b0496c27c04121: Pulling from lfedge/eve-acrn-kernel
Digest: sha256:bd62320a77aff9e5cd2a0f29b86abd4fc40a902c4396fa2db6b2e39c4813916c
Status: Image is up to date for lfedge/eve-acrn-kernel:b76c932549bf9cc97266fddad7b0496c27c04121
Building and pushing "lfedge/eve-debug:7470486834865217ccd1f589f44fba48a9647081"
7470486834865217ccd1f589f44fba48a9647081: Pulling from lfedge/eve-debug
Digest: sha256:bc7c7b8808877a4460ec6549365bddba3f3316e23beb69b1154b96206cf1c463
Status: Image is up to date for lfedge/eve-debug:7470486834865217ccd1f589f44fba48a9647081
Building and pushing "lfedge/eve-device-trees:107f663ced4eda54228dc95b17f3c5ed636caf36"
107f663ced4eda54228dc95b17f3c5ed636caf36: Pulling from lfedge/eve-device-trees
Digest: sha256:b357525ec26ad2fca6304fa24e14434d464803df7d8719c4b7f1b6e493767db5
Status: Image is up to date for lfedge/eve-device-trees:107f663ced4eda54228dc95b17f3c5ed636caf36
Building and pushing "lfedge/eve-dnsmasq:cdb36dc56fb50bbd2b28123e435b3660adf34efb"
cdb36dc56fb50bbd2b28123e435b3660adf34efb: Pulling from lfedge/eve-dnsmasq
Digest: sha256:b55dd556251ba5ae5308bba68357e778cf80ef66292daab53d3f509f7c7ff22b
Status: Image is up to date for lfedge/eve-dnsmasq:cdb36dc56fb50bbd2b28123e435b3660adf34efb
Building and pushing "lfedge/eve-dom0-ztools:f6e8d3bb095edb1065ee0262d1643dae7ce43c6e"
f6e8d3bb095edb1065ee0262d1643dae7ce43c6e: Pulling from lfedge/eve-dom0-ztools
Digest: sha256:ff73cd2f1c4eac61b60a28da24d1bf770d252336c73b4046c595736d348ee8c6
Status: Image is up to date for lfedge/eve-dom0-ztools:f6e8d3bb095edb1065ee0262d1643dae7ce43c6e
Building and pushing "lfedge/eve-fscrypt:5df0cdbaa31028b0413b4fc1781b27a84be292dd"
5df0cdbaa31028b0413b4fc1781b27a84be292dd: Pulling from lfedge/eve-fscrypt
Digest: sha256:32df85081d25d67f9426535f6b3d0d8ef4438d91766964cdaa9dacbeaf4326c8
Status: Image is up to date for lfedge/eve-fscrypt:5df0cdbaa31028b0413b4fc1781b27a84be292dd
Building and pushing "lfedge/eve-fw:e07c45a98386767ec3926b813dc4b46a96a81541"
e07c45a98386767ec3926b813dc4b46a96a81541: Pulling from lfedge/eve-fw
Digest: sha256:1f2c0ab02db59a1e79c0cc2529045eb39b73a739b450e8d8029875bdf9f5178e
Status: Image is up to date for lfedge/eve-fw:e07c45a98386767ec3926b813dc4b46a96a81541
Building and pushing "lfedge/eve-gpt-tools:19ef56f5014fab1978a6e98b047d4498eabf8295"
19ef56f5014fab1978a6e98b047d4498eabf8295: Pulling from lfedge/eve-gpt-tools
Digest: sha256:cc958c98fbff93c02b3454b0976d76656a6f75f0dc01fa8ddaeb7d360bb2a165
Status: Image is up to date for lfedge/eve-gpt-tools:19ef56f5014fab1978a6e98b047d4498eabf8295
Building and pushing "lfedge/eve-grub:1335d3ab7ac026a8e702b7c916ba96aa8d015cd9"
1335d3ab7ac026a8e702b7c916ba96aa8d015cd9: Pulling from lfedge/eve-grub
Digest: sha256:0fb644163ccd751ca9af4e296afca1888b18c58f9d8fd4a911663608c908b487
Status: Image is up to date for lfedge/eve-grub:1335d3ab7ac026a8e702b7c916ba96aa8d015cd9
Building and pushing "lfedge/eve-guacd:f1f08a0fcadd35320f5d03fe0f0a1a318e8449be"
f1f08a0fcadd35320f5d03fe0f0a1a318e8449be: Pulling from lfedge/eve-guacd
Digest: sha256:c8f56593d2e0a75130182602c85a4fb24e7d79c53a7717f718fc09bb84cbaab2
Status: Image is up to date for lfedge/eve-guacd:f1f08a0fcadd35320f5d03fe0f0a1a318e8449be
Building and pushing "lfedge/eve-kernel:1a0c05ad4fc8c3964e22466006b8610b7ff79da5"
1a0c05ad4fc8c3964e22466006b8610b7ff79da5: Pulling from lfedge/eve-kernel
Digest: sha256:3bac753ec5293b97896671f622733da70fc5f0c01f7386f7e5552e3b2b6e1910
Status: Image is up to date for lfedge/eve-kernel:1a0c05ad4fc8c3964e22466006b8610b7ff79da5
Building and pushing "lfedge/eve-lisp:4bdcc521c878167913dabc59743fe4994a21ed56"
4bdcc521c878167913dabc59743fe4994a21ed56: Pulling from lfedge/eve-lisp
Digest: sha256:cafe8de235b9129c2d9bcab0bc8256694e1021d177d57eb33e2537bdd13a0734
Status: Image is up to date for lfedge/eve-lisp:4bdcc521c878167913dabc59743fe4994a21ed56
Building and pushing "lfedge/eve-mkconf:ecf6b2692257d32b006c1768f8c88fdfdf2a8fca"
ecf6b2692257d32b006c1768f8c88fdfdf2a8fca: Pulling from lfedge/eve-mkconf
Digest: sha256:77ebadc0beccc842b6853e7a1a77b8661bda2ac9ca0c8eb8a92e03d44d92d8fc
Status: Image is up to date for lfedge/eve-mkconf:ecf6b2692257d32b006c1768f8c88fdfdf2a8fca
Building and pushing "lfedge/eve-mkimage-iso-efi:3f0400e9324c8d3b044745119f5e0d74f37067ae"
3f0400e9324c8d3b044745119f5e0d74f37067ae: Pulling from lfedge/eve-mkimage-iso-efi
Digest: sha256:512c6e7bf6ceeb77885dd107c0e5f855f1c1f1f040d95a6ec97545ebfe71ca66
Status: Image is up to date for lfedge/eve-mkimage-iso-efi:3f0400e9324c8d3b044745119f5e0d74f37067ae
Building and pushing "lfedge/eve-mkimage-raw-efi:ae29bdd46f23e1f30a6b818a023f051eb33f7eff"
ae29bdd46f23e1f30a6b818a023f051eb33f7eff: Pulling from lfedge/eve-mkimage-raw-efi
Digest: sha256:f913715357efe05e27868de18a3b823711dae1895f586130e350e693b37a5f79
Status: Image is up to date for lfedge/eve-mkimage-raw-efi:ae29bdd46f23e1f30a6b818a023f051eb33f7eff
Building and pushing "lfedge/eve-mkrootfs-ext4:08d616d0ae2fed5b9996b80e1caf06183ea371c6"
08d616d0ae2fed5b9996b80e1caf06183ea371c6: Pulling from lfedge/eve-mkrootfs-ext4
Digest: sha256:01c722122b4cdfbdaedbc7052bd00806a254850da955fd6fb6c5bf5ec68a73b0
Status: Image is up to date for lfedge/eve-mkrootfs-ext4:08d616d0ae2fed5b9996b80e1caf06183ea371c6
Building and pushing "lfedge/eve-mkrootfs-squash:061a611a4fe80e5386f05bc1ebe0bd87952da1b4"
061a611a4fe80e5386f05bc1ebe0bd87952da1b4: Pulling from lfedge/eve-mkrootfs-squash
Digest: sha256:4ceb8ac0f5fab4d17a234b8549431737bf977fd3cb851324afa4a26181fc40c0
Status: Image is up to date for lfedge/eve-mkrootfs-squash:061a611a4fe80e5386f05bc1ebe0bd87952da1b4
Building and pushing "lfedge/eve-xen-tools:5ca5038416fa82edaf6f4ed5f91c7bd74c386159"
5ca5038416fa82edaf6f4ed5f91c7bd74c386159: Pulling from lfedge/eve-xen-tools
Digest: sha256:be7463b5ef04e327d1a9f2388a350a843aa4ee452cadc586ec23dc087e127f77
Status: Downloaded newer image for lfedge/eve-xen-tools:5ca5038416fa82edaf6f4ed5f91c7bd74c386159
Building and pushing "lfedge/eve-strongswan:6dda5ee56b295a0115e7c09a0ca23aa925426252"
6dda5ee56b295a0115e7c09a0ca23aa925426252: Pulling from lfedge/eve-strongswan
Digest: sha256:23a114b85bb003ff07d9ace288f437aa4b1b40269ba716754261013fa00781c5
Status: Image is up to date for lfedge/eve-strongswan:6dda5ee56b295a0115e7c09a0ca23aa925426252
Building and pushing "lfedge/eve-watchdog:6467d18c58faa455deaf3e4ab04d9fd4a5ed6512"
6467d18c58faa455deaf3e4ab04d9fd4a5ed6512: Pulling from lfedge/eve-watchdog
Digest: sha256:799264427df90434c1e7ffe313e383550b5a8ae8b918aeeb27c99e7a6035abe1
Status: Image is up to date for lfedge/eve-watchdog:6467d18c58faa455deaf3e4ab04d9fd4a5ed6512
Building and pushing "lfedge/eve-rkt:15525fb9c5a58f9e7ec98004b6859365e1f99c98"
15525fb9c5a58f9e7ec98004b6859365e1f99c98: Pulling from lfedge/eve-rkt
Digest: sha256:b50a15f51e3b19fe980f9bdcf54145e5b4e9dd0521c403bf67753b606c4d985f
Status: Image is up to date for lfedge/eve-rkt:15525fb9c5a58f9e7ec98004b6859365e1f99c98
Building and pushing "lfedge/eve-rkt-stage1:5b9ee56a92de3c0ac9fe84a11dc7be8d0231fb5c"
5b9ee56a92de3c0ac9fe84a11dc7be8d0231fb5c: Pulling from lfedge/eve-rkt-stage1
Digest: sha256:cfc5585fb8dd23b17c9aeb987110d194c170627bb40cf1c866e969f5f4012785
Status: Image is up to date for lfedge/eve-rkt-stage1:5b9ee56a92de3c0ac9fe84a11dc7be8d0231fb5c
Building and pushing "lfedge/eve-uefi:fdf6300a5eeb9257e9aea002dbe40d01a70ea5fa"
fdf6300a5eeb9257e9aea002dbe40d01a70ea5fa: Pulling from lfedge/eve-uefi
Digest: sha256:2963e3c14909393e27334219cbefe25abc675275a9de2efdf5560d9e4300cc2d
Status: Image is up to date for lfedge/eve-uefi:fdf6300a5eeb9257e9aea002dbe40d01a70ea5fa
Building and pushing "lfedge/eve-pillar:e3da3eb1ae3432e9610b8c20adbf2ba042df423d"
e3da3eb1ae3432e9610b8c20adbf2ba042df423d: Pulling from lfedge/eve-pillar
no matching manifest for linux/arm64 in the manifest list entries
No image pulled, continuing with build
Sending build context to Docker daemon  24.39MB
Step 1/54 : ARG GOVER=1.12.4
 ---> 
Step 2/54 : FROM golang:${GOVER}-alpine as build
 ---> 7701ec5e84de
Step 3/54 : RUN apk update
 ---> Using cache
 ---> 0bf48516c5db
Step 4/54 : RUN apk add --no-cache git gcc linux-headers libc-dev util-linux libpcap-dev make
 ---> Using cache
 ---> 21467e10ff86
Step 5/54 : ENV GOFLAGS -mod=vendor
 ---> Using cache
 ---> 3bc19b0bfb0c
Step 6/54 : ENV GO111MODULE on
 ---> Using cache
 ---> f2dbff6e5ebb
Step 7/54 : ENV CGO_ENABLED 1
 ---> Using cache
 ---> 1391d599f6d7
Step 8/54 : ARG GOARCH=
 ---> Using cache
 ---> 03df4fa575a1
Step 9/54 : ARG CROSS_GCC=https://musl.cc/aarch64-linux-musleabi-cross.tgz
 ---> Using cache
 ---> 67e3fe9631d2
Step 10/54 : RUN [ -z "$GOARCH" ] || (cd / ; apk add --no-cache wget && wget -O - $CROSS_GCC | tar xzvf -)
 ---> Using cache
 ---> 78a34cc4fc1a
Step 11/54 : ADD ./ /pillar/
 ---> 2a9a63c7fc81
Step 12/54 : WORKDIR /pillar
 ---> e63d74d12d7c
Removing intermediate container be040b6f322c
Step 13/54 : RUN [ -z "$GOARCH" ] || export CC=$(echo /*-cross/bin/*-gcc) ;    echo "Running go vet" && go vet ./... &&     echo "Running go fmt" && ERR=$(gofmt -e -l -s $(find . -name \*.go | grep -v /vendor/)) &&        if [ -n "$ERR" ] ; then echo $ERR ; exit 1 ; fi &&     make DISTDIR=/dist build
 ---> Running in 138f765492e4
Running go vet
Running go fmt
mkdir -p /dist
Building /dist/zedbox
GO111MODULE=on GOOS=linux CGO_ENABLED=1 go build -mod=vendor -ldflags -X=main.Version=---2019-12-07.07.09 -o /dist/zedbox ./zedbox
logmanager
ledmanager
downloader
verifier
client
zedrouter
domainmgr
identitymgr
zedmanager
zedagent
hardwaremodel
ipcmonitor
nim
diag
baseosmgr
wstunnelclient
conntrack
lisp-ztr
waitforaddr
tpmmgr
vaultmgr
nodeagent
 ---> 219c7dfdc80f
Removing intermediate container 138f765492e4
Step 14/54 : FROM lfedge/eve-lisp:4bdcc521c878167913dabc59743fe4994a21ed56-arm64 as lisp
 ---> 4fa4ff09e238
Step 15/54 : FROM lfedge/eve-xen-tools:5ca5038416fa82edaf6f4ed5f91c7bd74c386159-arm64 as xen-tools
 ---> f351c90e1e2b
Step 16/54 : FROM lfedge/eve-dnsmasq:cdb36dc56fb50bbd2b28123e435b3660adf34efb-arm64 as dnsmasq
 ---> 7698ac38c622
Step 17/54 : FROM lfedge/eve-strongswan:6dda5ee56b295a0115e7c09a0ca23aa925426252-arm64 as strongswan
 ---> d23c4a3696a4
Step 18/54 : FROM lfedge/eve-gpt-tools:19ef56f5014fab1978a6e98b047d4498eabf8295-arm64 as gpttools
 ---> 7da24df3be62
Step 19/54 : FROM lfedge/eve-watchdog:6467d18c58faa455deaf3e4ab04d9fd4a5ed6512-arm64 as watchdog
 ---> 87dfc9a8e6dd
Step 20/54 : FROM lfedge/eve-rkt:15525fb9c5a58f9e7ec98004b6859365e1f99c98-arm64 as rkt-build
 ---> e5b9120e9d55
Step 21/54 : FROM lfedge/eve-rkt-stage1:5b9ee56a92de3c0ac9fe84a11dc7be8d0231fb5c-arm64 as rkt-stage1-build
 ---> f8eacbcb165b
Step 22/54 : FROM lfedge/eve-fscrypt:5df0cdbaa31028b0413b4fc1781b27a84be292dd-arm64 as fscrypt-build
 ---> cf230320fe66
Step 23/54 : FROM lfedge/eve-uefi:fdf6300a5eeb9257e9aea002dbe40d01a70ea5fa-arm64 as uefi-build
 ---> 9436871859a4
Step 24/54 : FROM alpine:3.8
 ---> c2b4b73a5fef
Step 25/54 : SHELL /bin/ash -eo pipefail -c
 ---> Using cache
 ---> 3057a0aa5d42
Step 26/54 : RUN apk add --no-cache     yajl xz bash openssl iptables ip6tables iproute2 dhcpcd     apk-cron coreutils dmidecode sudo libbz2 libuuid ipset     libaio logrotate pixman glib curl radvd perl ethtool     util-linux e2fsprogs libcrypto1.0 xorriso     python libpcap libffi jq e2fsprogs-extra keyutils
 ---> Using cache
 ---> 9fab582c5f13
Step 27/54 : RUN [ `uname -m` = "aarch64" ] && apk add --no-cache libfdt || :
 ---> Using cache
 ---> 7ed2f4d28eec
Step 28/54 : ADD conf/root-certificate.pem conf/server conf/server.production /opt/zededa/examples/config/
 ---> Using cache
 ---> 2911d3c0e3a3
Step 29/54 : ADD scripts/device-steps.sh scripts/generate-device.sh scripts/generate-self-signed.sh scripts/handlezedserverconfig.sh scripts/watchdog-report.sh /opt/zededa/bin/
 ---> Using cache
 ---> 84a430517cb5
Step 30/54 : ADD conf/AssignableAdapters /var/tmp/zededa/AssignableAdapters
 ---> Using cache
 ---> 01db980d7b09
Step 31/54 : ADD conf/DeviceNetworkConfig /var/tmp/zededa/DeviceNetworkConfig
 ---> Using cache
 ---> c022049cde1a
Step 32/54 : ADD conf/lisp.config.base /var/tmp/zededa/lisp.config.base
 ---> Using cache
 ---> c06490251cf1
Step 33/54 : COPY patches/* /patches/
 ---> Using cache
 ---> a73583ce0959
Step 34/54 : RUN set -e && for patch in ../patches/*.patch; do         echo "Applying $patch";         patch -p1 < "$patch";     done
 ---> Using cache
 ---> 7c30a2d0b620
Step 35/54 : COPY --from=build /dist /opt/zededa/bin
 ---> cf2c2a18b5a7
Step 36/54 : COPY --from=xen-tools / /
 ---> cd633423fc07
Step 37/54 : COPY --from=lisp / /
 ---> 6de11d4453da
Step 38/54 : COPY --from=gpttools / /
 ---> 6c2c2b711e21
Step 39/54 : COPY --from=dnsmasq /usr/sbin/dnsmasq /opt/zededa/bin/dnsmasq
 ---> 859b1c04bd82
Step 40/54 : COPY --from=strongswan / /
 ---> 4eaa325b6e9d
Step 41/54 : COPY --from=watchdog /usr/sbin /usr/sbin
 ---> 17442ef48110
Step 42/54 : COPY --from=rkt-build /go/rkt/build-rkt-1.26.0/target/bin/rkt /usr/sbin/rkt
 ---> 9ba7361d8d2f
Step 43/54 : COPY --from=rkt-stage1-build /go/stage1-xen-master/stage1-xen.aci /usr/sbin/stage1-xen.aci
 ---> fad01752ee97
Step 44/54 : COPY --from=fscrypt-build /fscrypt /opt/zededa/bin/fscrypt
 ---> 17e7934ed855
Step 45/54 : COPY --from=uefi-build /OVMF.fd /usr/lib/xen/boot/ovmf.bin
 ---> f89e66a0a4b2
Step 46/54 : COPY --from=uefi-build /OVMF_PVH.fd /usr/lib/xen/boot/ovmf-pvh.bin
 ---> 66ad46ab5799
Step 47/54 : RUN rm /usr/lib/libxen*.a /usr/lib/libxl*.a
 ---> Running in d2a4865c5683
 ---> aaa6b5f4bf96
Removing intermediate container d2a4865c5683
Step 48/54 : COPY rootfs/ /
 ---> 593d1c46baa3
Step 49/54 : RUN chmod 644 /etc/logrotate.d/zededa
 ---> Running in 07e89c4934a6
 ---> b89650c84401
Removing intermediate container 07e89c4934a6
Step 50/54 : RUN if [ "$(uname -m)" = "aarch64" ] ; then                                                    apk add --no-cache findutils=4.6.0-r1 binutils=2.30-r6 file=5.32-r2             ;       find / -type f -executable -exec file {} \; | grep 'not stripped' | cut -f1 -d: |       xargs strip                                                                     ;       apk del findutils binutils file                                                 ;    fi
 ---> Running in 02fe76e01857
fetch http://dl-cdn.alpinelinux.org/alpine/v3.8/main/aarch64/APKINDEX.tar.gz
fetch http://dl-cdn.alpinelinux.org/alpine/v3.8/community/aarch64/APKINDEX.tar.gz
(1/4) Installing binutils (2.30-r6)
(2/4) Installing libmagic (5.32-r2)
(3/4) Installing file (5.32-r2)
(4/4) Installing findutils (4.6.0-r1)
Executing busybox-1.28.4-r3.trigger
OK: 127 MiB in 86 packages
[91mWARNING: [0m[91mIgnoring APKINDEX.adfa7ceb.tar.gz: No such file or directory
WARNING: Ignoring APKINDEX.efaa1f73.tar.gz: No such file or directory
[0m(1/4) Purging binutils (2.30-r6)
(2/4) Purging file (5.32-r2)
(3/4) Purging findutils (4.6.0-r1)
(4/4) Purging libmagic (5.32-r2)
Executing busybox-1.28.4-r3.trigger
OK: 111 MiB in 82 packages
 ---> 2e8fee2a02f3
Removing intermediate container 02fe76e01857
Step 51/54 : SHELL /bin/sh -c
 ---> Running in ee0ea8768b01
 ---> b1c2d90704f8
Removing intermediate container ee0ea8768b01
Step 52/54 : WORKDIR /
 ---> cafad139d042
Removing intermediate container 4ba1bb3ecc22
Step 53/54 : CMD /init.sh
 ---> Running in c0412581d904
 ---> 7916c10973b3
Removing intermediate container c0412581d904
Step 54/54 : LABEL org.mobyproject.config '{"capabilities":["all"],"binds":["/lib/modules:/lib/modules","/dev:/dev","/etc/resolv.conf:/etc/resolv.conf","/run:/run","/var/config:/config","/var/log:/var/log/dom0","/:/hostfs","/etc/eve-release:/etc/eve-release"],"net":"host","pid":"host"}' org.mobyproject.linuxkit.revision 'unknown' org.mobyproject.linuxkit.version 'unknown' org.opencontainers.image.revision '08007efaa4b4117c7f6f3babbffbc5ea87fe3492' org.opencontainers.image.source 'https://github.com/linuxkit/linuxkit'
 ---> Running in 2a3fa2043233
 ---> bf008f45bd37
Removing intermediate container 2a3fa2043233
Successfully built bf008f45bd37
Successfully tagged lfedge/eve-pillar:e3da3eb1ae3432e9610b8c20adbf2ba042df423d-arm64
Pushing lfedge/eve-pillar:e3da3eb1ae3432e9610b8c20adbf2ba042df423d-arm64
The push refers to a repository [docker.io/lfedge/eve-pillar]
c1b05fd56723: Preparing
e8b4e6542ee9: Preparing
d4a1f01ce19c: Preparing
22eaf3ac367b: Preparing
c326fa4b195d: Preparing
b6536dc5a4b2: Preparing
4ebe7eea831c: Preparing
f6ffe8179c28: Preparing
5fe7b19d3b85: Preparing
29a5a39628f7: Preparing
9e64b9bdb0c4: Preparing
d2fa071bca8e: Preparing
88c8536914f7: Preparing
725dd7621937: Preparing
6e88f2476878: Preparing
794b532447de: Preparing
b93efbc46e19: Preparing
2c95249f6348: Preparing
e42371ebdd19: Preparing
00047ca36743: Preparing
b2f120231157: Preparing
f5506ac63933: Preparing
6e4291ba2290: Preparing
8338ea75c46d: Preparing
11ef7eb92407: Preparing
725dd7621937: Waiting
6e88f2476878: Waiting
29a5a39628f7: Waiting
794b532447de: Waiting
b6536dc5a4b2: Waiting
9e64b9bdb0c4: Waiting
4ebe7eea831c: Waiting
f6ffe8179c28: Waiting
d2fa071bca8e: Waiting
88c8536914f7: Waiting
b93efbc46e19: Waiting
5fe7b19d3b85: Waiting
2c95249f6348: Waiting
6e4291ba2290: Waiting
e42371ebdd19: Waiting
00047ca36743: Waiting
8338ea75c46d: Waiting
b2f120231157: Waiting
f5506ac63933: Waiting
e8b4e6542ee9: Layer already exists
d4a1f01ce19c: Pushed
b6536dc5a4b2: Pushed
f6ffe8179c28: Pushed
c326fa4b195d: Pushed
29a5a39628f7: Layer already exists
5fe7b19d3b85: Pushed
c1b05fd56723: Pushed
d2fa071bca8e: Layer already exists
88c8536914f7: Layer already exists
725dd7621937: Layer already exists
794b532447de: Layer already exists
9e64b9bdb0c4: Pushed
b93efbc46e19: Layer already exists
e42371ebdd19: Layer already exists
00047ca36743: Layer already exists
2c95249f6348: Layer already exists
4ebe7eea831c: Pushed
f5506ac63933: Layer already exists
6e4291ba2290: Layer already exists
b2f120231157: Layer already exists
8338ea75c46d: Layer already exists
11ef7eb92407: Layer already exists
22eaf3ac367b: Pushed
6e88f2476878: Pushed
e3da3eb1ae3432e9610b8c20adbf2ba042df423d-arm64: digest: sha256:f76732a382de0d2ec22a2060895eef4987b6a9ce91290fd808de4d0e21e228f9 size: 5563
Pushing lfedge/eve-pillar:e3da3eb1ae3432e9610b8c20adbf2ba042df423d-arm64 to manifest lfedge/eve-pillar:e3da3eb1ae3432e9610b8c20adbf2ba042df423d
time="2019-12-07T08:11:59+01:00" level=warning msg="Couldn't find or access image reference \"lfedge/eve-pillar:e3da3eb1ae3432e9610b8c20adbf2ba042df423d-s390x\". Skipping image."
Digest: sha256:8949e8fb4ae8ee68ed6d4adce92e7777d92d6d174ef4e9eeced61fba35886c1d 743
Not signing lfedge/eve-pillar:e3da3eb1ae3432e9610b8c20adbf2ba042df423d
Tagging lfedge/eve-pillar:e3da3eb1ae3432e9610b8c20adbf2ba042df423d-arm64 as lfedge/eve-pillar:snapshot-arm64
Pushing lfedge/eve-pillar:snapshot-arm64
The push refers to a repository [docker.io/lfedge/eve-pillar]
c1b05fd56723: Preparing
e8b4e6542ee9: Preparing
d4a1f01ce19c: Preparing
22eaf3ac367b: Preparing
c326fa4b195d: Preparing
b6536dc5a4b2: Preparing
4ebe7eea831c: Preparing
f6ffe8179c28: Preparing
5fe7b19d3b85: Preparing
29a5a39628f7: Preparing
9e64b9bdb0c4: Preparing
d2fa071bca8e: Preparing
88c8536914f7: Preparing
725dd7621937: Preparing
6e88f2476878: Preparing
794b532447de: Preparing
b93efbc46e19: Preparing
2c95249f6348: Preparing
e42371ebdd19: Preparing
f6ffe8179c28: Waiting
00047ca36743: Preparing
b2f120231157: Preparing
f5506ac63933: Preparing
5fe7b19d3b85: Waiting
6e4291ba2290: Preparing
29a5a39628f7: Waiting
8338ea75c46d: Preparing
11ef7eb92407: Preparing
9e64b9bdb0c4: Waiting
d2fa071bca8e: Waiting
88c8536914f7: Waiting
725dd7621937: Waiting
6e88f2476878: Waiting
794b532447de: Waiting
b93efbc46e19: Waiting
2c95249f6348: Waiting
e42371ebdd19: Waiting
00047ca36743: Waiting
b2f120231157: Waiting
f5506ac63933: Waiting
4ebe7eea831c: Waiting
6e4291ba2290: Waiting
b6536dc5a4b2: Waiting
8338ea75c46d: Waiting
11ef7eb92407: Waiting
c326fa4b195d: Layer already exists
22eaf3ac367b: Layer already exists
c1b05fd56723: Layer already exists
d4a1f01ce19c: Layer already exists
e8b4e6542ee9: Layer already exists
b6536dc5a4b2: Layer already exists
5fe7b19d3b85: Layer already exists
f6ffe8179c28: Layer already exists
4ebe7eea831c: Layer already exists
29a5a39628f7: Layer already exists
d2fa071bca8e: Layer already exists
9e64b9bdb0c4: Layer already exists
725dd7621937: Layer already exists
88c8536914f7: Layer already exists
6e88f2476878: Layer already exists
794b532447de: Layer already exists
b93efbc46e19: Layer already exists
2c95249f6348: Layer already exists
e42371ebdd19: Layer already exists
00047ca36743: Layer already exists
f5506ac63933: Layer already exists
8338ea75c46d: Layer already exists
6e4291ba2290: Layer already exists
b2f120231157: Layer already exists
11ef7eb92407: Layer already exists
snapshot-arm64: digest: sha256:f76732a382de0d2ec22a2060895eef4987b6a9ce91290fd808de4d0e21e228f9 size: 5563
Pushing lfedge/eve-pillar:snapshot-arm64 to manifest lfedge/eve-pillar:snapshot
time="2019-12-07T08:12:11+01:00" level=warning msg="Couldn't find or access image reference \"lfedge/eve-pillar:snapshot-s390x\". Skipping image."
Digest: sha256:8949e8fb4ae8ee68ed6d4adce92e7777d92d6d174ef4e9eeced61fba35886c1d 743
Not signing lfedge/eve-pillar:snapshot
Build, push and release of "snapshot" complete, all done.
Building and pushing "lfedge/eve-qrexec-lib:b0fb86eb752be7884d4d83c1dbbb025e75c5c466"
b0fb86eb752be7884d4d83c1dbbb025e75c5c466: Pulling from lfedge/eve-qrexec-lib
Digest: sha256:738f796da4d434031d40e93bc8f5e9943e804861834ae687a926f60bfaac7cf7
Status: Image is up to date for lfedge/eve-qrexec-lib:b0fb86eb752be7884d4d83c1dbbb025e75c5c466
Building and pushing "lfedge/eve-qrexec-dom0:29024a9e04a96b4baede4f474dcf85c1cef98607"
29024a9e04a96b4baede4f474dcf85c1cef98607: Pulling from lfedge/eve-qrexec-dom0
Digest: sha256:cdd8e3bb99cb58ce3ca6e8a55e767cf610357eb24bb3c47b8f1835c3c8bedbcb
Status: Image is up to date for lfedge/eve-qrexec-dom0:29024a9e04a96b4baede4f474dcf85c1cef98607
Building and pushing "lfedge/eve-rngd:6e16dad8553a6c2939854abfa9f34a5f2604bce7"
6e16dad8553a6c2939854abfa9f34a5f2604bce7: Pulling from lfedge/eve-rngd
Digest: sha256:4c880395a2ab261cc4abe2b866db6764527c19c61a187e68470e1e3f94f99388
Status: Image is up to date for lfedge/eve-rngd:6e16dad8553a6c2939854abfa9f34a5f2604bce7
Building and pushing "lfedge/eve-rsyslog:339555063de0c4f0ef9f9e276e200c3660e0efa1"
339555063de0c4f0ef9f9e276e200c3660e0efa1: Pulling from lfedge/eve-rsyslog
no matching manifest for linux/arm64 in the manifest list entries
No image pulled, continuing with build
Sending build context to Docker daemon  8.704kB
Step 1/8 : FROM alpine:3.10.3
3.10.3: Pulling from library/alpine
Digest: sha256:c19173c5ada610a5989151111163d28a67368362762534d8a8121ce95cf2bd5a
Status: Downloaded newer image for alpine:3.10.3
 ---> 61ebf0b9b18f
Step 2/8 : WORKDIR /
 ---> 4a2cc4526a01
Removing intermediate container 94db59c0b3c4
Step 3/8 : RUN apk add --no-cache             rsyslog=8.1904.0-r1             rsyslog-mmjsonparse=8.1904.0-r1
 ---> Running in c16e928d45ff
fetch http://dl-cdn.alpinelinux.org/alpine/v3.10/main/aarch64/APKINDEX.tar.gz
fetch http://dl-cdn.alpinelinux.org/alpine/v3.10/community/aarch64/APKINDEX.tar.gz
(1/5) Installing libestr (0.1.11-r0)
(2/5) Installing libfastjson (0.99.8-r2)
(3/5) Installing libuuid (2.33.2-r0)
(4/5) Installing rsyslog (8.1904.0-r1)
(5/5) Installing rsyslog-mmjsonparse (8.1904.0-r1)
Executing busybox-1.30.1-r2.trigger
OK: 7 MiB in 19 packages
 ---> dd5276b15f69
Removing intermediate container c16e928d45ff
Step 4/8 : COPY rsyslog.conf /etc/rsyslog.conf
 ---> 7ac7855993e8
Step 5/8 : COPY init.sh /init.sh
 ---> 7db2237db8a7
Step 6/8 : ENTRYPOINT
 ---> Running in a9f2b00cc2f3
 ---> 7b69ee6be99b
Removing intermediate container a9f2b00cc2f3
Step 7/8 : CMD /init.sh
 ---> Running in 8518fe5327e6
 ---> d6ec25269289
Removing intermediate container 8518fe5327e6
Step 8/8 : LABEL org.mobyproject.config '{"capabilities":["all"],"binds":["/etc/resolv.conf:/etc/resolv.conf"],"net":"host","pid":"host"}' org.mobyproject.linuxkit.revision 'unknown' org.mobyproject.linuxkit.version 'unknown' org.opencontainers.image.revision '08007efaa4b4117c7f6f3babbffbc5ea87fe3492' org.opencontainers.image.source 'https://github.com/linuxkit/linuxkit'
 ---> Running in 4cd8b2abbeef
 ---> 4c7cac874a22
Removing intermediate container 4cd8b2abbeef
Successfully built 4c7cac874a22
Successfully tagged lfedge/eve-rsyslog:339555063de0c4f0ef9f9e276e200c3660e0efa1-arm64
Pushing lfedge/eve-rsyslog:339555063de0c4f0ef9f9e276e200c3660e0efa1-arm64
The push refers to a repository [docker.io/lfedge/eve-rsyslog]
052571c412e1: Preparing
a6a81307d7a3: Preparing
a42eb542d27b: Preparing
98713a20507f: Preparing
98713a20507f: Mounted from library/alpine
052571c412e1: Pushed
a6a81307d7a3: Pushed
a42eb542d27b: Pushed
339555063de0c4f0ef9f9e276e200c3660e0efa1-arm64: digest: sha256:fdb6661656a307db6a2612a5c5f02b102380733cf1b3ed4d16fa50d323aa896d size: 1153
Pushing lfedge/eve-rsyslog:339555063de0c4f0ef9f9e276e200c3660e0efa1-arm64 to manifest lfedge/eve-rsyslog:339555063de0c4f0ef9f9e276e200c3660e0efa1
time="2019-12-07T08:12:53+01:00" level=warning msg="Couldn't find or access image reference \"lfedge/eve-rsyslog:339555063de0c4f0ef9f9e276e200c3660e0efa1-s390x\". Skipping image."
Digest: sha256:220ca56c59cca11f8f08f3c68f576eedab0bd974e3f8ce6be8279fb7435dd197 743
Not signing lfedge/eve-rsyslog:339555063de0c4f0ef9f9e276e200c3660e0efa1
Tagging lfedge/eve-rsyslog:339555063de0c4f0ef9f9e276e200c3660e0efa1-arm64 as lfedge/eve-rsyslog:snapshot-arm64
Pushing lfedge/eve-rsyslog:snapshot-arm64
The push refers to a repository [docker.io/lfedge/eve-rsyslog]
052571c412e1: Preparing
a6a81307d7a3: Preparing
a42eb542d27b: Preparing
98713a20507f: Preparing
a42eb542d27b: Layer already exists
052571c412e1: Layer already exists
a6a81307d7a3: Layer already exists
98713a20507f: Layer already exists
snapshot-arm64: digest: sha256:fdb6661656a307db6a2612a5c5f02b102380733cf1b3ed4d16fa50d323aa896d size: 1153
Pushing lfedge/eve-rsyslog:snapshot-arm64 to manifest lfedge/eve-rsyslog:snapshot
time="2019-12-07T08:13:02+01:00" level=warning msg="Couldn't find or access image reference \"lfedge/eve-rsyslog:snapshot-s390x\". Skipping image."
Digest: sha256:220ca56c59cca11f8f08f3c68f576eedab0bd974e3f8ce6be8279fb7435dd197 743
Not signing lfedge/eve-rsyslog:snapshot
Build, push and release of "snapshot" complete, all done.
Building and pushing "lfedge/eve-vtpm:36b3885261003611be0ac6cae224dba2cf2e246c"
36b3885261003611be0ac6cae224dba2cf2e246c: Pulling from lfedge/eve-vtpm
Digest: sha256:f2fec2164b726b28c9d0fe4e4cfe1278882f9d193e87c4528b57eb5cc6867513
Status: Image is up to date for lfedge/eve-vtpm:36b3885261003611be0ac6cae224dba2cf2e246c
Building and pushing "lfedge/eve-wlan:d1ac240f7ce90e255869ffc3ecda46dd313f45e9"
d1ac240f7ce90e255869ffc3ecda46dd313f45e9: Pulling from lfedge/eve-wlan
Digest: sha256:f8159f761b6330143e512261c2f35b5778eecd95a5927ba15460f9cab93530c5
Status: Image is up to date for lfedge/eve-wlan:d1ac240f7ce90e255869ffc3ecda46dd313f45e9
Building and pushing "lfedge/eve-wwan:2b98bc7569f167b1850dd9025a4b8c8489fee754"
2b98bc7569f167b1850dd9025a4b8c8489fee754: Pulling from lfedge/eve-wwan
Digest: sha256:8a6634708d39e4cc1a9d2223601bcc8c138511a586b3ff2579bac84800082780
Status: Image is up to date for lfedge/eve-wwan:2b98bc7569f167b1850dd9025a4b8c8489fee754
Building and pushing "lfedge/eve-xen:b40875d1508c3768b4269447ccfb763afe82f58d"
b40875d1508c3768b4269447ccfb763afe82f58d: Pulling from lfedge/eve-xen
Digest: sha256:d8b6940d713e2701d9a57041391fad86641304742d17c06891a28e6fab970f93
Status: Downloaded newer image for lfedge/eve-xen:b40875d1508c3768b4269447ccfb763afe82f58d
Done building packages
rm pkg/qrexec-dom0/Dockerfile pkg/qrexec-lib/Dockerfile pkg/pillar/Dockerfile
Creating go builder image for user zededa-ci
eve-build-zededa-ci docker container is ready to use
mkdir -p /home/zededa-ci/src/eve/dist/arm64/bios
cd /home/zededa-ci/src/eve/dist/arm64/bios ; _() { C=`docker create $1 fake` ; docker export $C | tar -xf - $2 ; docker rm $C ; } ; _ lfedge/eve-uefi:fdf6300a5eeb9257e9aea002dbe40d01a70ea5fa-arm64 OVMF.fd
849eda05273355ad96e44af1f9441acd840720afda60cf01d884279ff1443f7e
mkdir -p /home/zededa-ci/src/eve/dist/arm64
./tools/makeconfig.sh conf /home/zededa-ci/src/eve/dist/arm64/config.img
+ CONFIG_FILE=/config.img
+ CONFIG_SIZE_KB=1024
+ cd /conf
+ tar xf -
+ echo mtools_skip_check=1
+ dd if=/dev/zero of=/config.img bs=1024 count=1024
1024+0 records in
1024+0 records out
+ mkfs.vfat -n EVE -v /config.img 1024
mkfs.fat 4.1 (2017-01-24)
/config.img has 64 heads and 32 sectors per track,
hidden sectors 0x0000;
logical sector size is 512,
using 0xf8 media descriptor, with 2048 sectors;
drive number 0x80;
filesystem has 2 12-bit FATs and 4 sectors per cluster.
FAT size is 2 sectors, and provides 502 clusters.
There is 1 reserved sector.
Root directory contains 512 slots and uses 32 sectors.
Volume ID is 10a6b97b, volume label EVE        .
+ mcopy -i /config.img -s /conf/DevicePortConfig /conf/authorized_keys /conf/grub.cfg /conf/onboard.cert.pem /conf/onboard.key.pem /conf/root-certificate.pem /conf/server /conf/wpa_supplicant.conf.example ::/
Done building /home/zededa-ci/src/eve/build-tools/bin/linuxkit
./tools/makerootfs.sh images/rootfs-xen.yml squash /home/zededa-ci/src/eve/dist/arm64/rootfs.img
Extract kernel image: lfedge/eve-kernel:1a0c05ad4fc8c3964e22466006b8610b7ff79da5-arm64
Add init containers:
Process init image: linuxkit/init:v0.5-arm64
Process init image: linuxkit/runc:v0.5-arm64
time="2019-12-07T08:13:29+01:00" level=warning msg="targets/riyaz metadata is nearing expiry, you should re-sign the role metadata"
Process init image: linuxkit/containerd:v0.5-arm64
time="2019-12-07T08:13:30+01:00" level=warning msg="targets/riyaz metadata is nearing expiry, you should re-sign the role metadata"
Process init image: linuxkit/getty:v0.5-arm64
Process init image: lfedge/eve-grub:1335d3ab7ac026a8e702b7c916ba96aa8d015cd9-arm64
Process init image: lfedge/eve-device-trees:107f663ced4eda54228dc95b17f3c5ed636caf36-arm64
Process init image: lfedge/eve-fw:e07c45a98386767ec3926b813dc4b46a96a81541-arm64
Process init image: lfedge/eve-xen:b40875d1508c3768b4269447ccfb763afe82f58d-arm64
Process init image: lfedge/eve-gpt-tools:19ef56f5014fab1978a6e98b047d4498eabf8295-arm64
Process init image: lfedge/eve-dom0-ztools:f6e8d3bb095edb1065ee0262d1643dae7ce43c6e-arm64
Add onboot containers:
  Create OCI config for lfedge/eve-rsyslog:339555063de0c4f0ef9f9e276e200c3660e0efa1-arm64
  Create OCI config for linuxkit/sysctl:v0.5-arm64
  Create OCI config for linuxkit/modprobe:v0.5-arm64
  Create OCI config for linuxkit/mount:v0.5-arm64
  Create OCI config for lfedge/eve-rngd:6e16dad8553a6c2939854abfa9f34a5f2604bce7-arm64
Add service containers:
  Create OCI config for linuxkit/openntpd:v0.5-arm64
time="2019-12-07T08:13:48+01:00" level=warning msg="targets/riyaz metadata is nearing expiry, you should re-sign the role metadata"
  Create OCI config for linuxkit/sshd:v0.5-arm64
time="2019-12-07T08:13:50+01:00" level=warning msg="targets/justin metadata is nearing expiry, you should re-sign the role metadata"
  Create OCI config for lfedge/eve-wwan:2b98bc7569f167b1850dd9025a4b8c8489fee754-arm64
  Create OCI config for lfedge/eve-wlan:d1ac240f7ce90e255869ffc3ecda46dd313f45e9-arm64
  Create OCI config for lfedge/eve-guacd:f1f08a0fcadd35320f5d03fe0f0a1a318e8449be-arm64
  Create OCI config for lfedge/eve-pillar:e3da3eb1ae3432e9610b8c20adbf2ba042df423d-arm64
  Create OCI config for lfedge/eve-vtpm:36b3885261003611be0ac6cae224dba2cf2e246c-arm64
Add files:
  /etc/eve-release
  /containers/services/pillar/lower/opt/zededa/bin/versioninfo
Parallel mksquashfs: Using 4 processors
Creating 4.0 filesystem on /rootfs.img, block size 131072.
[/                                                           ]     0/19704   0%[==============================================/             ] 15500/19704  78%[===============================================/            ] 15800/19704  80%[================================================|           ] 16100/19704  81%[===================================================-        ] 17200/19704  87%[===========================================================-] 19704/19704 100%

Exportable Squashfs 4.0 filesystem, gzip compressed, data block size 131072
	compressed data, compressed metadata, compressed fragments, compressed xattrs
	duplicates are removed
Filesystem size 224602.77 Kbytes (219.34 Mbytes)
	33.60% of uncompressed filesystem size (668545.89 Kbytes)
Inode table size 218596 bytes (213.47 Kbytes)
	25.40% of uncompressed inode table size (860487 bytes)
Directory table size 232930 bytes (227.47 Kbytes)
	45.55% of uncompressed directory table size (511393 bytes)
Number of duplicate files found 6578
Number of inodes 22287
Number of files 15575
Number of fragments 687
Number of symbolic links  4752
Number of device nodes 5
Number of fifo nodes 0
Number of socket nodes 0
Number of directories 1955
Number of ids (unique uids + gids) 3
Number of uids 1
	root (0)
Number of gids 3
	root (0)
	shadow (42)
	tty (5)
./tools/makeiso.sh images/installer.yml /home/zededa-ci/src/eve/dist/arm64/installer.iso
Extract kernel image: lfedge/eve-kernel:1a0c05ad4fc8c3964e22466006b8610b7ff79da5-arm64
Add init containers:
Process init image: linuxkit/init:v0.5-arm64
Process init image: linuxkit/runc:v0.5-arm64
time="2019-12-07T08:16:24+01:00" level=warning msg="targets/riyaz metadata is nearing expiry, you should re-sign the role metadata"
Process init image: linuxkit/getty:v0.5-arm64
Process init image: lfedge/eve-grub:1335d3ab7ac026a8e702b7c916ba96aa8d015cd9-arm64
Process init image: lfedge/eve-device-trees:107f663ced4eda54228dc95b17f3c5ed636caf36-arm64
Process init image: lfedge/eve-xen:b40875d1508c3768b4269447ccfb763afe82f58d-arm64
Process init image: lfedge/eve-dom0-ztools:f6e8d3bb095edb1065ee0262d1643dae7ce43c6e-arm64
Add onboot containers:
  Create OCI config for lfedge/eve-rngd:6e16dad8553a6c2939854abfa9f34a5f2604bce7-arm64
  Create OCI config for lfedge/eve-mkimage-raw-efi:ae29bdd46f23e1f30a6b818a023f051eb33f7eff-arm64
Add files:
  /bits/config.img
  /bits/rootfs.img
  /etc/eve-release
xorriso 1.4.6 : RockRidge filesystem manipulator, libburnia project.

Drive current: -outdev 'stdio:linuxkit-efi.iso'
Media current: stdio file, overwriteable
Media status : is blank
Media summary: 0 sessions, 0 data blocks, 0 data,  890g free
Added to ISO image: directory '/'='/tmp/efi'
xorriso : UPDATE : 7733 files added in 1 seconds
xorriso : UPDATE : 7733 files added in 1 seconds
libisofs: NOTE : Cannot arrange content of data files in surely reproducible way
xorriso : UPDATE :  1.06% done
xorriso : UPDATE :  44.80% done
ISO image produced: 253955 sectors
Written to medium : 253955 sectors at LBA 0
Writing to 'stdio:linuxkit-efi.iso' completed successfully.

./tools/makerootfs.sh images/installer.yml squash /home/zededa-ci/src/eve/dist/arm64/rootfs.img_installer.img
Extract kernel image: lfedge/eve-kernel:1a0c05ad4fc8c3964e22466006b8610b7ff79da5-arm64
Add init containers:
Process init image: linuxkit/init:v0.5-arm64
Process init image: linuxkit/runc:v0.5-arm64
time="2019-12-07T08:17:58+01:00" level=warning msg="targets/riyaz metadata is nearing expiry, you should re-sign the role metadata"
Process init image: linuxkit/getty:v0.5-arm64
Process init image: lfedge/eve-grub:1335d3ab7ac026a8e702b7c916ba96aa8d015cd9-arm64
Process init image: lfedge/eve-device-trees:107f663ced4eda54228dc95b17f3c5ed636caf36-arm64
Process init image: lfedge/eve-xen:b40875d1508c3768b4269447ccfb763afe82f58d-arm64
Process init image: lfedge/eve-dom0-ztools:f6e8d3bb095edb1065ee0262d1643dae7ce43c6e-arm64
Add onboot containers:
  Create OCI config for lfedge/eve-rngd:6e16dad8553a6c2939854abfa9f34a5f2604bce7-arm64
  Create OCI config for lfedge/eve-mkimage-raw-efi:ae29bdd46f23e1f30a6b818a023f051eb33f7eff-arm64
Add files:
  /bits/config.img
  /bits/rootfs.img
  /etc/eve-release
Parallel mksquashfs: Using 4 processors
Creating 4.0 filesystem on /rootfs.img, block size 131072.
[===================================\                          ] 4700/7988  58%[===========================================-                  ] 5700/7988  71%[=============================================================/] 7988/7988 100%

Exportable Squashfs 4.0 filesystem, gzip compressed, data block size 131072
	compressed data, compressed metadata, compressed fragments, compressed xattrs
	duplicates are removed
Filesystem size 317277.82 Kbytes (309.84 Mbytes)
	63.39% of uncompressed filesystem size (500540.62 Kbytes)
Inode table size 66551 bytes (64.99 Kbytes)
	26.86% of uncompressed inode table size (247754 bytes)
Directory table size 66366 bytes (64.81 Kbytes)
	45.45% of uncompressed directory table size (146005 bytes)
Number of duplicate files found 1440
Number of inodes 5691
Number of files 4389
Number of fragments 153
Number of symbolic links  916
Number of device nodes 1
Number of fifo nodes 0
Number of socket nodes 0
Number of directories 385
Number of ids (unique uids + gids) 3
Number of uids 1
	root (0)
Number of gids 3
	root (0)
	shadow (42)
	tty (5)
ERROR: size of /home/zededa-ci/src/eve/dist/arm64/rootfs.img_installer.img is greater than 300MB (bigger than allocated partition)
Makefile:225: recipe for target '/home/zededa-ci/src/eve/dist/arm64/rootfs.img_installer.img' failed
make: *** [/home/zededa-ci/src/eve/dist/arm64/rootfs.img_installer.img] Error 1
FINISHED
