Cloning into '/tmp/zenbuild'...
make: Entering directory '/tmp/zenbuild'
snapshot-arm64: Pulling from zededa/ztools
Digest: sha256:c9d16937a90d202c813d0050c075b596722febae1066a733a3bba1b0fec34a85
Status: Image is up to date for zededa/ztools:snapshot-arm64
snapshot-arm64: Pulling from zededa/lisp
Digest: sha256:2039376c4e305ed85d75870f511756c1ba62668b26e61f00b7809166021e90fb
Status: Image is up to date for zededa/lisp:snapshot-arm64
snapshot-arm64: Pulling from zededa/ztools
Digest: sha256:c9d16937a90d202c813d0050c075b596722febae1066a733a3bba1b0fec34a85
Status: Image is up to date for zededa/ztools:snapshot-arm64
snapshot-arm64: Pulling from zededa/lisp
Digest: sha256:2039376c4e305ed85d75870f511756c1ba62668b26e61f00b7809166021e90fb
Status: Image is up to date for zededa/lisp:snapshot-arm64
make -C build-tools all
make[1]: Entering directory '/tmp/zenbuild/build-tools'
cd src/linuxkit/vendor/github.com/linuxkit/linuxkit/src/cmd/linuxkit ;\
/usr/bin/go  build -ldflags "-X github.com/linuxkit/linuxkit/src/cmd/linuxkit/version.GitCommit=a7a6e5cf760c3c9c599d0e6046a4cab610fde07c" -o /tmp/zenbuild/build-tools/bin/linuxkit .
cd src/manifest-tool/vendor/github.com/estesp/manifest-tool ;\
/usr/bin/go  build -ldflags "-X main.gitCommit=a7a6e5cf760c3c9c599d0e6046a4cab610fde07c" -o /tmp/zenbuild/build-tools/bin/manifest-tool .
make[1]: Leaving directory '/tmp/zenbuild/build-tools'
make: Leaving directory '/tmp/zenbuild'
From github.com:zededa/lisp
 * [new tag]         0.10.0     -> 0.10.0
 * [new tag]         0.11.0     -> 0.11.0
 * [new tag]         0.11.1     -> 0.11.1
 * [new tag]         0.12.0     -> 0.12.0
 * [new tag]         0.13.0     -> 0.13.0
 * [new tag]         0.14.0     -> 0.14.0
 * [new tag]         0.15.0     -> 0.15.0
 * [new tag]         0.16.0     -> 0.16.0
 * [new tag]         0.17.0     -> 0.17.0
 * [new tag]         0.18.0     -> 0.18.0
 * [new tag]         0.4.0      -> 0.4.0
 * [new tag]         0.5.0      -> 0.5.0
 * [new tag]         0.6.0      -> 0.6.0
 * [new tag]         0.7.0      -> 0.7.0
 * [new tag]         0.8.0      -> 0.8.0
 * [new tag]         0.9.0      -> 0.9.0
 * [new tag]         1.0.0      -> 1.0.0
 * [new tag]         1.1.0      -> 1.1.0
 * [new tag]         1.2.0      -> 1.2.0
 * [new tag]         1.2.2      -> 1.2.2
 * [new tag]         1.3.0      -> 1.3.0
 * [new tag]         1.3.3      -> 1.3.3
 * [new tag]         1.4.0      -> 1.4.0
 * [new tag]         1.4.1      -> 1.4.1
 * [new tag]         1.5.0      -> 1.5.0
--- /dev/fd/63	2019-03-03 08:01:49.278876938 +0100
+++ /dev/fd/62	2019-03-03 08:01:49.278876938 +0100
@@ -1,81 +1,27 @@
-0.1.0
-0.1.0-amd64
 0.1.0-arm64
-0.3.0
-0.3.0-amd64
 0.3.0-arm64
-0.4.0
-0.4.0-amd64
 0.4.0-arm64
-0.5.0
-0.5.0-amd64
 0.5.0-arm64
-0.6.0
-0.6.0-amd64
 0.6.0-arm64
-0.7.0
-0.7.0-amd64
 0.7.0-arm64
-0.8.0
-0.8.0-amd64
 0.8.0-arm64
-0.9.0
-0.9.0-amd64
 0.9.0-arm64
-0.10.0
-0.10.0-amd64
 0.10.0-arm64
-0.11.0
-0.11.0-amd64
 0.11.0-arm64
-0.11.1
-0.11.1-amd64
 0.11.1-arm64
-0.12.0
-0.12.0-amd64
 0.12.0-arm64
-0.13.0
-0.13.0-amd64
 0.13.0-arm64
-0.14.0
-0.14.0-amd64
 0.14.0-arm64
-0.15.0
-0.15.0-amd64
 0.15.0-arm64
-0.16.0
-0.16.0-amd64
 0.16.0-arm64
-0.17.0
-0.17.0-amd64
 0.17.0-arm64
-0.18.0
-0.18.0-amd64
 0.18.0-arm64
-1.0.0
-1.0.0-amd64
 1.0.0-arm64
-1.1.0
-1.1.0-amd64
 1.1.0-arm64
-1.2.0
-1.2.0-amd64
 1.2.0-arm64
-1.2.2
-1.2.2-amd64
 1.2.2-arm64
-1.3.0
-1.3.0-amd64
 1.3.0-arm64
-1.3.3
-1.3.3-amd64
 1.3.3-arm64
-1.4.0
-1.4.0-amd64
 1.4.0-arm64
-1.4.1
-1.4.1-amd64
 1.4.1-arm64
-1.5.0
-1.5.0-amd64
 1.5.0-arm64
Building the following tags:  origin/master (latest tag is 1.5.0)
HEAD is now at b36b36d Merge pull request #32 from gkodali-zededa/master
Building and pushing "zededa/lisp:3312e5d4d977d8ebadab961b5aa78b8d8cd46b4f"
3312e5d4d977d8ebadab961b5aa78b8d8cd46b4f: Pulling from zededa/lisp
Digest: sha256:e65b90dd229aafa0972c0d823d13359769a94b96124b372cbe907c602e23902b
Status: Image is up to date for zededa/lisp:3312e5d4d977d8ebadab961b5aa78b8d8cd46b4f
From github.com:zededa/go-provision
 * [new tag]           0.1.0      -> 0.1.0
 * [new tag]           0.10.0     -> 0.10.0
 * [new tag]           0.10.1     -> 0.10.1
 * [new tag]           0.11.0     -> 0.11.0
 * [new tag]           0.11.1     -> 0.11.1
 * [new tag]           0.12.0     -> 0.12.0
 * [new tag]           0.13.0     -> 0.13.0
 * [new tag]           0.14.0     -> 0.14.0
 * [new tag]           0.14.1     -> 0.14.1
 * [new tag]           0.15.0     -> 0.15.0
 * [new tag]           0.16.0     -> 0.16.0
 * [new tag]           0.16.1     -> 0.16.1
 * [new tag]           0.17.0     -> 0.17.0
 * [new tag]           0.18.0     -> 0.18.0
 * [new tag]           0.3.0      -> 0.3.0
 * [new tag]           0.3.1      -> 0.3.1
 * [new tag]           0.4.0      -> 0.4.0
 * [new tag]           0.5.0      -> 0.5.0
 * [new tag]           0.6.0      -> 0.6.0
 * [new tag]           0.7.0      -> 0.7.0
 * [new tag]           0.8.0      -> 0.8.0
 * [new tag]           0.8.1      -> 0.8.1
 * [new tag]           0.9.0      -> 0.9.0
 * [new tag]           0.9.1      -> 0.9.1
 * [new tag]           0.9.2      -> 0.9.2
 * [new tag]           1.0.0      -> 1.0.0
 * [new tag]           1.1.0      -> 1.1.0
 * [new tag]           1.2.0      -> 1.2.0
 * [new tag]           1.3.0      -> 1.3.0
 * [new tag]           1.3.1      -> 1.3.1
 * [new tag]           1.3.2      -> 1.3.2
 * [new tag]           1.3.3      -> 1.3.3
 * [new tag]           1.4.0      -> 1.4.0
 * [new tag]           1.4.1      -> 1.4.1
 * [new tag]           1.4.2      -> 1.4.2
 * [new tag]           1.5.0      -> 1.5.0
--- /dev/fd/63	2019-03-03 08:01:55.118908440 +0100
+++ /dev/fd/62	2019-03-03 08:01:55.118908440 +0100
@@ -1,111 +1,36 @@
-0.1.0
-0.1.0-amd64
 0.1.0-arm64
-0.1.1
-0.1.1-amd64
-0.1.1-arm64
-0.3.0
-0.3.0-amd64
 0.3.0-arm64
-0.3.1
-0.3.1-amd64
 0.3.1-arm64
-0.4.0
-0.4.0-amd64
 0.4.0-arm64
-0.5.0
-0.5.0-amd64
 0.5.0-arm64
-0.6.0
-0.6.0-amd64
 0.6.0-arm64
-0.7.0
-0.7.0-amd64
 0.7.0-arm64
-0.8.0
-0.8.0-amd64
 0.8.0-arm64
-0.8.1
-0.8.1-amd64
 0.8.1-arm64
-0.9.0
-0.9.0-amd64
 0.9.0-arm64
-0.9.1
-0.9.1-amd64
 0.9.1-arm64
-0.9.2
-0.9.2-amd64
 0.9.2-arm64
-0.10.0
-0.10.0-amd64
 0.10.0-arm64
-0.10.1
-0.10.1-amd64
 0.10.1-arm64
-0.11.0
-0.11.0-amd64
 0.11.0-arm64
-0.11.1
-0.11.1-amd64
 0.11.1-arm64
-0.12.0
-0.12.0-amd64
 0.12.0-arm64
-0.13.0
-0.13.0-amd64
 0.13.0-arm64
-0.14.0
-0.14.0-amd64
 0.14.0-arm64
-0.14.1
-0.14.1-amd64
 0.14.1-arm64
-0.15.0
-0.15.0-amd64
 0.15.0-arm64
-0.16.0
-0.16.0-amd64
 0.16.0-arm64
-0.16.1
-0.16.1-amd64
 0.16.1-arm64
-0.17.0
-0.17.0-amd64
 0.17.0-arm64
-0.18.0
-0.18.0-amd64
 0.18.0-arm64
-1.0.0
-1.0.0-amd64
 1.0.0-arm64
-1.1.0
-1.1.0-amd64
 1.1.0-arm64
-1.2.0
-1.2.0-amd64
 1.2.0-arm64
-1.3.0
-1.3.0-amd64
 1.3.0-arm64
-1.3.1
-1.3.1-amd64
 1.3.1-arm64
-1.3.2
-1.3.2-amd64
 1.3.2-arm64
-1.3.3
-1.3.3-amd64
 1.3.3-arm64
-1.4.0
-1.4.0-amd64
 1.4.0-arm64
-1.4.1
-1.4.1-amd64
 1.4.1-arm64
-1.4.2
-1.4.2-amd64
 1.4.2-arm64
-1.5.0
-1.5.0-amd64
 1.5.0-arm64
Building the following tags:  origin/master (latest tag is 1.5.0)
HEAD is now at a92d15a3 typo
Building and pushing "zededa/ztools:cadb0e90936a2868bbbc0d731d2cae7be20dcb86"
cadb0e90936a2868bbbc0d731d2cae7be20dcb86: Pulling from zededa/ztools
Digest: sha256:dbd741068cc390edbf89b5cefd59730e2fc574a85918a337d8e6db5f5de804c8
Status: Image is up to date for zededa/ztools:cadb0e90936a2868bbbc0d731d2cae7be20dcb86
From https://github.com/zededa/zenbuild
 * [new tag]         0.1.0      -> 0.1.0
 * [new tag]         0.1.1      -> 0.1.1
 * [new tag]         0.10.0     -> 0.10.0
 * [new tag]         0.10.1     -> 0.10.1
 * [new tag]         0.11.0     -> 0.11.0
 * [new tag]         0.11.1     -> 0.11.1
 * [new tag]         0.12.0     -> 0.12.0
 * [new tag]         0.13.0     -> 0.13.0
 * [new tag]         0.14.0     -> 0.14.0
 * [new tag]         0.14.1     -> 0.14.1
 * [new tag]         0.15.0     -> 0.15.0
 * [new tag]         0.16.0     -> 0.16.0
 * [new tag]         0.16.1     -> 0.16.1
 * [new tag]         0.17.0     -> 0.17.0
 * [new tag]         0.18.0     -> 0.18.0
 * [new tag]         0.3.0      -> 0.3.0
 * [new tag]         0.3.1      -> 0.3.1
 * [new tag]         0.4.0      -> 0.4.0
 * [new tag]         0.5.0      -> 0.5.0
 * [new tag]         0.6.0      -> 0.6.0
 * [new tag]         0.7.0      -> 0.7.0
 * [new tag]         0.8.0      -> 0.8.0
 * [new tag]         0.8.1      -> 0.8.1
 * [new tag]         0.9.0      -> 0.9.0
 * [new tag]         0.9.1      -> 0.9.1
 * [new tag]         0.9.2      -> 0.9.2
 * [new tag]         1.0.0      -> 1.0.0
 * [new tag]         1.1.0      -> 1.1.0
 * [new tag]         1.2.0      -> 1.2.0
 * [new tag]         1.3.0      -> 1.3.0
 * [new tag]         1.3.1      -> 1.3.1
 * [new tag]         1.3.2      -> 1.3.2
 * [new tag]         1.3.3      -> 1.3.3
 * [new tag]         1.4.0      -> 1.4.0
 * [new tag]         1.4.1      -> 1.4.1
 * [new tag]         1.4.2      -> 1.4.2
 * [new tag]         1.5.0      -> 1.5.0
--- /dev/fd/63	2019-03-03 08:01:59.408931581 +0100
+++ /dev/fd/62	2019-03-03 08:01:59.408931581 +0100
@@ -1,111 +1,37 @@
-0.1.0
-0.1.0-amd64
 0.1.0-arm64
-0.1.1
-0.1.1-amd64
 0.1.1-arm64
-0.3.0
-0.3.0-amd64
 0.3.0-arm64
-0.3.1
-0.3.1-amd64
 0.3.1-arm64
-0.4.0
-0.4.0-amd64
 0.4.0-arm64
-0.5.0
-0.5.0-amd64
 0.5.0-arm64
-0.6.0
-0.6.0-amd64
 0.6.0-arm64
-0.7.0
-0.7.0-amd64
 0.7.0-arm64
-0.8.0
-0.8.0-amd64
 0.8.0-arm64
-0.8.1
-0.8.1-amd64
 0.8.1-arm64
-0.9.0
-0.9.0-amd64
 0.9.0-arm64
-0.9.1
-0.9.1-amd64
 0.9.1-arm64
-0.9.2
-0.9.2-amd64
 0.9.2-arm64
-0.10.0
-0.10.0-amd64
 0.10.0-arm64
-0.10.1
-0.10.1-amd64
 0.10.1-arm64
-0.11.0
-0.11.0-amd64
 0.11.0-arm64
-0.11.1
-0.11.1-amd64
 0.11.1-arm64
-0.12.0
-0.12.0-amd64
 0.12.0-arm64
-0.13.0
-0.13.0-amd64
 0.13.0-arm64
-0.14.0
-0.14.0-amd64
 0.14.0-arm64
-0.14.1
-0.14.1-amd64
 0.14.1-arm64
-0.15.0
-0.15.0-amd64
 0.15.0-arm64
-0.16.0
-0.16.0-amd64
 0.16.0-arm64
-0.16.1
-0.16.1-amd64
 0.16.1-arm64
-0.17.0
-0.17.0-amd64
 0.17.0-arm64
-0.18.0
-0.18.0-amd64
 0.18.0-arm64
-1.0.0
-1.0.0-amd64
 1.0.0-arm64
-1.1.0
-1.1.0-amd64
 1.1.0-arm64
-1.2.0
-1.2.0-amd64
 1.2.0-arm64
-1.3.0
-1.3.0-amd64
 1.3.0-arm64
-1.3.1
-1.3.1-amd64
 1.3.1-arm64
-1.3.2
-1.3.2-amd64
 1.3.2-arm64
-1.3.3
-1.3.3-amd64
 1.3.3-arm64
-1.4.0
-1.4.0-amd64
 1.4.0-arm64
-1.4.1
-1.4.1-amd64
 1.4.1-arm64
-1.4.2
-1.4.2-amd64
 1.4.2-arm64
-1.5.0
-1.5.0-amd64
 1.5.0-arm64
Building the following tags:  origin/master (latest tag is 1.5.0)
Removing bios/
Removing build-pkgs/zenix/Makefile
Removing build-pkgs/zenix/OVMF.fd
Removing build-pkgs/zenix/config.img
Removing build-pkgs/zenix/fallback_aarch64.img
Removing build-pkgs/zenix/installer.yml
Removing build-pkgs/zenix/installer_aarch64.iso
Removing build-pkgs/zenix/installer_aarch64.raw
Removing build-pkgs/zenix/rootfs.yml
Removing build-pkgs/zenix/rootfs_aarch64.img
Removing build-tools/bin/linuxkit
Removing build-tools/bin/manifest-tool
Removing config.img
Removing fallback_aarch64.img
Removing fallback_aarch64.qcow2
Removing images/installer.yml
Removing images/installer.yml.orig
Removing images/rootfs.yml
Removing images/rootfs.yml.orig
Removing installer_aarch64.iso
Removing installer_aarch64.raw
Removing pkg/mkconf/Dockerfile
Removing pkg/qrexec-dom0/Dockerfile
Removing pkg/qrexec-lib/Dockerfile
Removing rootfs_aarch64.img
HEAD is now at a7a6e5c Tweaking build order
snapshot-arm64: Pulling from zededa/ztools
Digest: sha256:c9d16937a90d202c813d0050c075b596722febae1066a733a3bba1b0fec34a85
Status: Image is up to date for zededa/ztools:snapshot-arm64
snapshot-arm64: Pulling from zededa/lisp
Digest: sha256:2039376c4e305ed85d75870f511756c1ba62668b26e61f00b7809166021e90fb
Status: Image is up to date for zededa/lisp:snapshot-arm64
snapshot-arm64: Pulling from zededa/ztools
Digest: sha256:c9d16937a90d202c813d0050c075b596722febae1066a733a3bba1b0fec34a85
Status: Image is up to date for zededa/ztools:snapshot-arm64
snapshot-arm64: Pulling from zededa/lisp
Digest: sha256:2039376c4e305ed85d75870f511756c1ba62668b26e61f00b7809166021e90fb
Status: Image is up to date for zededa/lisp:snapshot-arm64
make -C build-tools all
make[1]: Entering directory '/home/zededa-ci/src/zenbuild/build-tools'
cd src/linuxkit/vendor/github.com/linuxkit/linuxkit/src/cmd/linuxkit ;\
/usr/bin/go  build -ldflags "-X github.com/linuxkit/linuxkit/src/cmd/linuxkit/version.GitCommit=a7a6e5cf760c3c9c599d0e6046a4cab610fde07c" -o /home/zededa-ci/src/zenbuild/build-tools/bin/linuxkit .
cd src/manifest-tool/vendor/github.com/estesp/manifest-tool ;\
/usr/bin/go  build -ldflags "-X main.gitCommit=a7a6e5cf760c3c9c599d0e6046a4cab610fde07c" -o /home/zededa-ci/src/zenbuild/build-tools/bin/manifest-tool .
make[1]: Leaving directory '/home/zededa-ci/src/zenbuild/build-tools'
make -C build-pkgs LINUXKIT_HASH="  --release snapshot" push
make[1]: Entering directory '/home/zededa-ci/src/zenbuild/build-pkgs'
Building and pushing "zededa/build-pkgs_abuild:7ae4d9f9fa290963de466d5ed96d6c9318354824"
7ae4d9f9fa290963de466d5ed96d6c9318354824: Pulling from zededa/build-pkgs_abuild
Digest: sha256:1a11eee631ec5ff068f207ae6bcd87d5d4a48a062308b46988cda10abdd15c86
Status: Image is up to date for zededa/build-pkgs_abuild:7ae4d9f9fa290963de466d5ed96d6c9318354824
Building and pushing "zededa/build-pkgs_uefi:a3362428c518fb4db1a136a961bd17e8a66fb693"
a3362428c518fb4db1a136a961bd17e8a66fb693: Pulling from zededa/build-pkgs_uefi
Digest: sha256:40b3cfec230b69210428c2b9db0d96985b2f107d18b0a62b28736e3e04b15f44
Status: Image is up to date for zededa/build-pkgs_uefi:a3362428c518fb4db1a136a961bd17e8a66fb693
make[1]: Leaving directory '/home/zededa-ci/src/zenbuild/build-pkgs'
make -C pkg LINUXKIT_HASH="  --release snapshot" push
make[1]: Entering directory '/home/zededa-ci/src/zenbuild/pkg'
(cd ..; ./parse-pkgs.sh pkg/qrexec-lib/Dockerfile.in > pkg/qrexec-lib/Dockerfile)
snapshot-arm64: Pulling from zededa/ztools
Digest: sha256:c9d16937a90d202c813d0050c075b596722febae1066a733a3bba1b0fec34a85
Status: Image is up to date for zededa/ztools:snapshot-arm64
snapshot-arm64: Pulling from zededa/lisp
Digest: sha256:2039376c4e305ed85d75870f511756c1ba62668b26e61f00b7809166021e90fb
Status: Image is up to date for zededa/lisp:snapshot-arm64
(cd ..; ./parse-pkgs.sh pkg/qrexec-dom0/Dockerfile.in > pkg/qrexec-dom0/Dockerfile)
snapshot-arm64: Pulling from zededa/ztools
Digest: sha256:c9d16937a90d202c813d0050c075b596722febae1066a733a3bba1b0fec34a85
Status: Image is up to date for zededa/ztools:snapshot-arm64
snapshot-arm64: Pulling from zededa/lisp
Digest: sha256:2039376c4e305ed85d75870f511756c1ba62668b26e61f00b7809166021e90fb
Status: Image is up to date for zededa/lisp:snapshot-arm64
(cd ..; ./parse-pkgs.sh pkg/mkconf/Dockerfile.in > pkg/mkconf/Dockerfile)
snapshot-arm64: Pulling from zededa/ztools
Digest: sha256:c9d16937a90d202c813d0050c075b596722febae1066a733a3bba1b0fec34a85
Status: Image is up to date for zededa/ztools:snapshot-arm64
snapshot-arm64: Pulling from zededa/lisp
Digest: sha256:2039376c4e305ed85d75870f511756c1ba62668b26e61f00b7809166021e90fb
Status: Image is up to date for zededa/lisp:snapshot-arm64
Building and pushing "zededa/grub:97e7b1404e7c9d141eddb58294fcff019f61571b"
97e7b1404e7c9d141eddb58294fcff019f61571b: Pulling from zededa/grub
Digest: sha256:5e43a4e7bb105de4dafe6ca1b86e978544597f44e95be1faa8d97c0a25aa89b1
Status: Image is up to date for zededa/grub:97e7b1404e7c9d141eddb58294fcff019f61571b
Building and pushing "zededa/xen:f51bf3d17fad15b71242befbddec96e177132a99"
f51bf3d17fad15b71242befbddec96e177132a99: Pulling from zededa/xen
Digest: sha256:72ff3c98dafff206e4b77c51f05eb768ae4e42032c31f5755c6ebec33aa571ab
Status: Image is up to date for zededa/xen:f51bf3d17fad15b71242befbddec96e177132a99
Building and pushing "zededa/kernel:7cfa13614bb99a84030db209b6c9a0696c7d3315"
7cfa13614bb99a84030db209b6c9a0696c7d3315: Pulling from zededa/kernel
Digest: sha256:0e681b1a20b981282191d707ae01019ef41dd7b01697271e34885b572239894b
Status: Image is up to date for zededa/kernel:7cfa13614bb99a84030db209b6c9a0696c7d3315
Building and pushing "zededa/fw:1d8c22ae31c42d767ba648b186db4ea967a9c569"
1d8c22ae31c42d767ba648b186db4ea967a9c569: Pulling from zededa/fw
Digest: sha256:c95ae74a720a42dc91dce6b5d225bf1758bef24b327e21f18c9dd184713d43e3
Status: Image is up to date for zededa/fw:1d8c22ae31c42d767ba648b186db4ea967a9c569
Building and pushing "zededa/xen-tools:9c96b441d083d7ef7bcb602bf009fa91bd7ebbf2"
9c96b441d083d7ef7bcb602bf009fa91bd7ebbf2: Pulling from zededa/xen-tools
Digest: sha256:897606c52b7cb91fa393ca30dae8f7c4cd8ce9fc26e5251e784a0af2fe9685c2
Status: Image is up to date for zededa/xen-tools:9c96b441d083d7ef7bcb602bf009fa91bd7ebbf2
Building and pushing "zededa/dnsmasq:c5985cdd83998d06255fe115d230a280c6928f1b"
c5985cdd83998d06255fe115d230a280c6928f1b: Pulling from zededa/dnsmasq
Digest: sha256:12240a65c524eaf5def9bd3598e771336e9350c249abc1ff6a06cb8e57f56832
Status: Image is up to date for zededa/dnsmasq:c5985cdd83998d06255fe115d230a280c6928f1b
Building and pushing "zededa/strongswan:8f5ee3b98aa3ea49a9a4231baac9be933d6155ec"
8f5ee3b98aa3ea49a9a4231baac9be933d6155ec: Pulling from zededa/strongswan
Digest: sha256:369e5f5de5fe189d5c1942f797b217fdc48b6e4161a70df5efce2d252135c978
Status: Image is up to date for zededa/strongswan:8f5ee3b98aa3ea49a9a4231baac9be933d6155ec
Building and pushing "zededa/gpt-tools:fe878611e4e032ea10946cbc9a1c3d5b22349dc4"
fe878611e4e032ea10946cbc9a1c3d5b22349dc4: Pulling from zededa/gpt-tools
Digest: sha256:4c3e178a2b6881c98c7398fbdb003caf5b5db0ef6e6904c1d6204e336eeed5cc
Status: Image is up to date for zededa/gpt-tools:fe878611e4e032ea10946cbc9a1c3d5b22349dc4
Building and pushing "zededa/dom0-ztools:b53cd1b5785c128371a5997e3a6e16007718c12d"
b53cd1b5785c128371a5997e3a6e16007718c12d: Pulling from zededa/dom0-ztools
Digest: sha256:65037565a2b30850b6368825b9d1e7af47a89c812eb1a910b8c93da828736473
Status: Image is up to date for zededa/dom0-ztools:b53cd1b5785c128371a5997e3a6e16007718c12d
Building and pushing "zededa/qrexec-lib:2e0df0df95f86df6953d7d2e7729213b77fd7206"
2e0df0df95f86df6953d7d2e7729213b77fd7206: Pulling from zededa/qrexec-lib
Digest: sha256:15aa3ca4fef43b0918e92eed910279f368e8c3fd52faabb50fc688f555b35700
Status: Image is up to date for zededa/qrexec-lib:2e0df0df95f86df6953d7d2e7729213b77fd7206
Building and pushing "zededa/qrexec-dom0:2c3cf9b135409690eaa86092c41f7c800d398468"
2c3cf9b135409690eaa86092c41f7c800d398468: Pulling from zededa/qrexec-dom0
Digest: sha256:8595ea8ced1b220d3afb52b7804c31e7a0a26779638d9f7e737dfb924569e479
Status: Image is up to date for zededa/qrexec-dom0:2c3cf9b135409690eaa86092c41f7c800d398468
Building and pushing "zededa/wwan:5f68442251df0f2625fde14e947f11de2374b72d"
5f68442251df0f2625fde14e947f11de2374b72d: Pulling from zededa/wwan
Digest: sha256:ebbc2d2c96bb6046dedb1999c40a962298269abc2a8f75b54c137d9974ce4c3b
Status: Image is up to date for zededa/wwan:5f68442251df0f2625fde14e947f11de2374b72d
Building and pushing "zededa/wlan:8aa66e76c276b97d1141801d3f461e2b3f8f8f97"
8aa66e76c276b97d1141801d3f461e2b3f8f8f97: Pulling from zededa/wlan
Digest: sha256:eb614df60aa8c847ea9f7a89848b0199f4852dbda8a9c07841607fdd7cb16d6c
Status: Image is up to date for zededa/wlan:8aa66e76c276b97d1141801d3f461e2b3f8f8f97
Building and pushing "zededa/rngd:5adb10a552c07513159777bd022ac58e23d59272"
5adb10a552c07513159777bd022ac58e23d59272: Pulling from zededa/rngd
Digest: sha256:936bf272bcf06dc1f25cbb81a7cb8b439bb356df86a399456b61a65cc92ef254
Status: Image is up to date for zededa/rngd:5adb10a552c07513159777bd022ac58e23d59272
Building and pushing "zededa/watchdog:2aea3af274e4928d2eab2b738d0e100ee5362173"
2aea3af274e4928d2eab2b738d0e100ee5362173: Pulling from zededa/watchdog
Digest: sha256:3beef59348def169640889b43bfebf7fa22b7b095dc4168abee3a5a88b5dc559
Status: Image is up to date for zededa/watchdog:2aea3af274e4928d2eab2b738d0e100ee5362173
Building and pushing "zededa/guacd:85a2add30bae37777d3d4f3f17a528fe8db88e96"
85a2add30bae37777d3d4f3f17a528fe8db88e96: Pulling from zededa/guacd
Digest: sha256:058a4cec7727ec31705bed030d4013c0069c87f79e17bcad5e100d694b925c60
Status: Image is up to date for zededa/guacd:85a2add30bae37777d3d4f3f17a528fe8db88e96
Building and pushing "zededa/device-trees:18377dd0bc3c33a1602e94a4c43aa0b3c51badb9"
18377dd0bc3c33a1602e94a4c43aa0b3c51badb9: Pulling from zededa/device-trees
Digest: sha256:61bb1d6398633d24618b7f788432b81137e619b29eb1c6e2f762c53357f10d66
Status: Image is up to date for zededa/device-trees:18377dd0bc3c33a1602e94a4c43aa0b3c51badb9
Building and pushing "zededa/debug:3aeeaf4e04f450283d49220eb7e82262b4531687"
3aeeaf4e04f450283d49220eb7e82262b4531687: Pulling from zededa/debug
Digest: sha256:81015d30d78e63cd2f1084198c92ebca85cb3214fb1eb90444fd59d3936b74a9
Status: Image is up to date for zededa/debug:3aeeaf4e04f450283d49220eb7e82262b4531687
Building and pushing "zededa/conf:e22275bd5d97d32d523595bbb41b2a21cbe509a7"
e22275bd5d97d32d523595bbb41b2a21cbe509a7: Pulling from zededa/conf
Digest: sha256:bdea79263dde5375b38ea0616330d8c422f11c6a13b4b725dfe497482e788544
Status: Image is up to date for zededa/conf:e22275bd5d97d32d523595bbb41b2a21cbe509a7
Building and pushing "zededa/mkrootfs-ext4:5f77cd6a2b87a3a9927593763da1941dbed1ce80"
5f77cd6a2b87a3a9927593763da1941dbed1ce80: Pulling from zededa/mkrootfs-ext4
Digest: sha256:dedb371f7dc9af3f9472d9f4c0c4dd75771a34bb940085b75c3e1d42a7108467
Status: Image is up to date for zededa/mkrootfs-ext4:5f77cd6a2b87a3a9927593763da1941dbed1ce80
Building and pushing "zededa/mkrootfs-squash:b47d705603f5f0d3765b03cf583e1a7fd287f212"
b47d705603f5f0d3765b03cf583e1a7fd287f212: Pulling from zededa/mkrootfs-squash
Digest: sha256:69fe871728593b96cd07c9803cfafd083e0adc34e62236669052d16a955f8c8b
Status: Image is up to date for zededa/mkrootfs-squash:b47d705603f5f0d3765b03cf583e1a7fd287f212
Building and pushing "zededa/mkimage-raw-efi:9902ef2da5f2290c01c570d2c2e3a3e084e0ce57"
9902ef2da5f2290c01c570d2c2e3a3e084e0ce57: Pulling from zededa/mkimage-raw-efi
Digest: sha256:391f27d14dcc43f618c9c9fada3b9518cc30ecf9a6112b599d55bc647a1eaca6
Status: Image is up to date for zededa/mkimage-raw-efi:9902ef2da5f2290c01c570d2c2e3a3e084e0ce57
Building and pushing "zededa/mkimage-iso-efi:49a6ff8320ce088460c8acb6f36bc15b15d800e9"
49a6ff8320ce088460c8acb6f36bc15b15d800e9: Pulling from zededa/mkimage-iso-efi
Digest: sha256:6693333f49b1f7c8e7931c6580e56d05078484b0b099136b7b2aff1b3055e65e
Status: Image is up to date for zededa/mkimage-iso-efi:49a6ff8320ce088460c8acb6f36bc15b15d800e9
make[1]: Leaving directory '/home/zededa-ci/src/zenbuild/pkg'
mkdir bios
cd bios ; _() { C=`docker create $1 fake` ; docker export $C | tar -xf - $2 ; docker rm $C ; } ; _ zededa/build-pkgs_uefi:a3362428c518fb4db1a136a961bd17e8a66fb693-arm64 OVMF.fd
fc9145d3af0ab5d282d9b6ce91429f1d86774a26387f979f7ddef443ca036778
./maketestconfig.sh conf config.img
+ CONFIG_FILE=/config.img
+ CONFIG_SIZE_KB=1024
+ cd /conf
+ tar xf -
+ echo mtools_skip_check=1
+ dd if=/dev/zero of=/config.img bs=1024 count=1024
1024+0 records in
1024+0 records out
+ mkfs.vfat -n ZEDEDA -v /config.img 1024
mkfs.fat 4.1 (2017-01-24)
/config.img has 64 heads and 32 sectors per track,
hidden sectors 0x0000;
logical sector size is 512,
using 0xf8 media descriptor, with 2048 sectors;
drive number 0x80;
filesystem has 2 12-bit FATs and 4 sectors per cluster.
FAT size is 2 sectors, and provides 502 clusters.
There is 1 reserved sector.
Root directory contains 512 slots and uses 32 sectors.
Volume ID is c835da87, volume label ZEDEDA     .
+ mcopy -i /config.img -s /conf/onboard.cert.pem /conf/onboard.key.pem /conf/root-certificate.pem /conf/server /conf/server.production /conf/wpa_supplicant.conf ::/
docker pull zededa/zedctr:5da345e22ad96f431788323d96d6c27ea92543af-arm64 >/dev/null 2>&1 || : ;\
if ! docker inspect zededa/zedctr:5da345e22ad96f431788323d96d6c27ea92543af-arm64 >/dev/null 2>&1 ; then \
  if [ aarch64 != $(uname -m) ] ; then \
    ZENIX_HASH= DOCKER_ARCH_TAG=arm64 ./parse-pkgs.sh < pkg/zedctr/Dockerfile.cross.in > pkg/zedctr/Dockerfile ;\
    PKG_HASH=`mktemp -u XXXXXXXXXX` ;\
    make -C pkg PKGS=zedctr RESCAN_DEPS="" LINUXKIT_OPTS="--disable-content-trust --force --disable-cache --hash $PKG_HASH" push ;\
    PKG_HASH=zededa/zedctr:$PKG_HASH ;\
    docker tag $PKG_HASH zededa/zedctr:5da345e22ad96f431788323d96d6c27ea92543af-arm64 ;\
    docker rmi $PKG_HASH $PKG_HASH-arm64 ;\
  else \
    make -C pkg PKGS=zedctr LINUXKIT_OPTS="--disable-content-trust --force --disable-cache --hash 5da345e22ad96f431788323d96d6c27ea92543af" push ;\
  fi ;\
fi
ZENIX_HASH= DOCKER_ARCH_TAG=arm64 ./parse-pkgs.sh images/installer.yml.in > images/installer.yml
snapshot-arm64: Pulling from zededa/ztools
Digest: sha256:c9d16937a90d202c813d0050c075b596722febae1066a733a3bba1b0fec34a85
Status: Image is up to date for zededa/ztools:snapshot-arm64
snapshot-arm64: Pulling from zededa/lisp
Digest: sha256:2039376c4e305ed85d75870f511756c1ba62668b26e61f00b7809166021e90fb
Status: Image is up to date for zededa/lisp:snapshot-arm64
ZENIX_HASH= DOCKER_ARCH_TAG=arm64 ./parse-pkgs.sh images/rootfs.yml.in > images/rootfs.yml
snapshot-arm64: Pulling from zededa/ztools
Digest: sha256:c9d16937a90d202c813d0050c075b596722febae1066a733a3bba1b0fec34a85
Status: Image is up to date for zededa/ztools:snapshot-arm64
snapshot-arm64: Pulling from zededa/lisp
Digest: sha256:2039376c4e305ed85d75870f511756c1ba62668b26e61f00b7809166021e90fb
Status: Image is up to date for zededa/lisp:snapshot-arm64
./makerootfs.sh images/rootfs.yml squash rootfs_aarch64.img
Extract kernel image: zededa/kernel:7cfa13614bb99a84030db209b6c9a0696c7d3315-arm64
Add init containers:
Process init image: zededa/grub:97e7b1404e7c9d141eddb58294fcff019f61571b-arm64
Process init image: zededa/device-trees:18377dd0bc3c33a1602e94a4c43aa0b3c51badb9-arm64
Process init image: zededa/fw:1d8c22ae31c42d767ba648b186db4ea967a9c569-arm64
Process init image: zededa/xen:f51bf3d17fad15b71242befbddec96e177132a99-arm64
Process init image: zededa/gpt-tools:fe878611e4e032ea10946cbc9a1c3d5b22349dc4-arm64
Process init image: zededa/dom0-ztools:b53cd1b5785c128371a5997e3a6e16007718c12d-arm64
Process init image: linuxkit/init:v0.5-arm64
Process init image: linuxkit/runc:v0.5-arm64
Process init image: linuxkit/containerd:v0.5-arm64
Process init image: linuxkit/getty:v0.5-arm64
Add onboot containers:
  Create OCI config for linuxkit/sysctl:v0.5-arm64
  Create OCI config for linuxkit/modprobe:v0.5-arm64
  Create OCI config for linuxkit/mount:v0.5-arm64
  Create OCI config for zededa/rngd:5adb10a552c07513159777bd022ac58e23d59272-arm64
Add service containers:
  Create OCI config for linuxkit/openntpd:v0.5-arm64
  Create OCI config for zededa/wwan:5f68442251df0f2625fde14e947f11de2374b72d-arm64
  Create OCI config for zededa/wlan:8aa66e76c276b97d1141801d3f461e2b3f8f8f97-arm64
  Create OCI config for zededa/guacd:85a2add30bae37777d3d4f3f17a528fe8db88e96-arm64
  Create OCI config for zededa/zedctr:5da345e22ad96f431788323d96d6c27ea92543af-arm64
Add files:
  /containers/services/zededa-tools/lower/opt/zededa/bin/versioninfo
Parallel mksquashfs: Using 4 processors
Creating 4.0 filesystem on /rootfs.img, block size 131072.
[|                                                           ]     0/18165   0%[===========================================|                ] 13500/18165  74%[=============================================/              ] 13900/18165  76%[==============================================/             ] 14300/18165  78%[===============================================\            ] 14600/18165  80%[===================================================|        ] 15800/18165  86%[===========================================================|] 18165/18165 100%

Exportable Squashfs 4.0 filesystem, gzip compressed, data block size 131072
	compressed data, compressed metadata, compressed fragments, compressed xattrs
	duplicates are removed
Filesystem size 210154.51 Kbytes (205.23 Mbytes)
	31.64% of uncompressed filesystem size (664251.37 Kbytes)
Inode table size 190087 bytes (185.63 Kbytes)
	26.20% of uncompressed inode table size (725471 bytes)
Directory table size 195310 bytes (190.73 Kbytes)
	45.07% of uncompressed directory table size (433386 bytes)
Number of duplicate files found 4492
Number of inodes 19177
Number of files 14077
Number of fragments 751
Number of symbolic links  3454
Number of device nodes 8
Number of fifo nodes 0
Number of socket nodes 0
Number of directories 1638
Number of ids (unique uids + gids) 3
Number of uids 1
	root (0)
Number of gids 3
	root (0)
	shadow (42)
	tty (5)
./makeiso.sh images/installer.yml installer_aarch64.iso
Extract kernel image: zededa/kernel:7cfa13614bb99a84030db209b6c9a0696c7d3315-arm64
Add init containers:
Process init image: zededa/grub:97e7b1404e7c9d141eddb58294fcff019f61571b-arm64
Process init image: zededa/device-trees:18377dd0bc3c33a1602e94a4c43aa0b3c51badb9-arm64
Process init image: zededa/xen:f51bf3d17fad15b71242befbddec96e177132a99-arm64
Process init image: zededa/dom0-ztools:b53cd1b5785c128371a5997e3a6e16007718c12d-arm64
Process init image: linuxkit/init:v0.5-arm64
Process init image: linuxkit/runc:v0.5-arm64
Process init image: linuxkit/getty:v0.5-arm64
Add onboot containers:
  Create OCI config for zededa/rngd:5adb10a552c07513159777bd022ac58e23d59272-arm64
  Create OCI config for zededa/mkimage-raw-efi:9902ef2da5f2290c01c570d2c2e3a3e084e0ce57-arm64
Add files:
  /bits/config.img
  /bits/rootfs.img
xorriso 1.4.6 : RockRidge filesystem manipulator, libburnia project.

Drive current: -outdev 'stdio:linuxkit-efi.iso'
Media current: stdio file, overwriteable
Media status : is blank
Media summary: 0 sessions, 0 data blocks, 0 data,  858g free
Added to ISO image: directory '/'='/tmp/efi'
xorriso : UPDATE : 7732 files added in 1 seconds
xorriso : UPDATE : 7732 files added in 1 seconds
libisofs: NOTE : Cannot arrange content of data files in surely reproducible way
xorriso : UPDATE :  5.60% done
xorriso : UPDATE :  45.20% done
ISO image produced: 246784 sectors
Written to medium : 246784 sectors at LBA 0
Writing to 'stdio:linuxkit-efi.iso' completed successfully.

./makerootfs.sh images/installer.yml squash rootfs_aarch64.img_installer.img
Extract kernel image: zededa/kernel:7cfa13614bb99a84030db209b6c9a0696c7d3315-arm64
Add init containers:
Process init image: zededa/grub:97e7b1404e7c9d141eddb58294fcff019f61571b-arm64
Process init image: zededa/device-trees:18377dd0bc3c33a1602e94a4c43aa0b3c51badb9-arm64
Process init image: zededa/xen:f51bf3d17fad15b71242befbddec96e177132a99-arm64
Process init image: zededa/dom0-ztools:b53cd1b5785c128371a5997e3a6e16007718c12d-arm64
Process init image: linuxkit/init:v0.5-arm64
Process init image: linuxkit/runc:v0.5-arm64
Process init image: linuxkit/getty:v0.5-arm64
Add onboot containers:
  Create OCI config for zededa/rngd:5adb10a552c07513159777bd022ac58e23d59272-arm64
  Create OCI config for zededa/mkimage-raw-efi:9902ef2da5f2290c01c570d2c2e3a3e084e0ce57-arm64
Add files:
  /bits/config.img
  /bits/rootfs.img
Parallel mksquashfs: Using 4 processors
Creating 4.0 filesystem on /rootfs.img, block size 131072.
[==============================\                               ] 4000/7878  50%[================================|                             ] 4200/7878  53%[==================================/                           ] 4500/7878  57%[======================================|                       ] 5000/7878  63%[=======================================-                      ] 5100/7878  64%[=========================================/                    ] 5300/7878  67%[=============================================================-] 7878/7878 100%

Exportable Squashfs 4.0 filesystem, gzip compressed, data block size 131072
	compressed data, compressed metadata, compressed fragments, compressed xattrs
	duplicates are removed
Filesystem size 302811.89 Kbytes (295.71 Mbytes)
	62.27% of uncompressed filesystem size (486257.11 Kbytes)
Inode table size 66594 bytes (65.03 Kbytes)
	26.93% of uncompressed inode table size (247282 bytes)
Directory table size 66219 bytes (64.67 Kbytes)
	45.33% of uncompressed directory table size (146094 bytes)
Number of duplicate files found 1440
Number of inodes 5690
Number of files 4389
Number of fragments 152
Number of symbolic links  914
Number of device nodes 2
Number of fifo nodes 0
Number of socket nodes 0
Number of directories 385
Number of ids (unique uids + gids) 3
Number of uids 1
	root (0)
Number of gids 3
	root (0)
	shadow (42)
	tty (5)
tar c rootfs_aarch64.img_installer.img config.img | ./makeflash.sh -C 350 installer_aarch64.raw "efi imga conf_win"
1+0 records in
1+0 records out
1 byte copied, 0.000153177 s, 6.5 kB/s
Unknown (or unrecongnizable) GTP partition table on /output.img
Creating new GPT entries.
Warning: The kernel is still using the old partition table.
The new table will be used at the next reboot or after you
run partprobe(8) or kpartx(8)
The operation has completed successfully.
Setting name!
partNum is 0
Warning: The kernel is still using the old partition table.
The new table will be used at the next reboot or after you
run partprobe(8) or kpartx(8)
The operation has completed successfully.
Setting name!
partNum is 1
Warning: The kernel is still using the old partition table.
The new table will be used at the next reboot or after you
run partprobe(8) or kpartx(8)
The operation has completed successfully.
Setting name!
partNum is 3
Warning: The kernel is still using the old partition table.
The new table will be used at the next reboot or after you
run partprobe(8) or kpartx(8)
The operation has completed successfully.

No problems found. 96189 free sectors (47.0 MiB) available in 2
segments, the largest of which is 94175 (46.0 MiB) in size.
rm rootfs_aarch64.img_installer.img
tar c rootfs_aarch64.img config.img | ./makeflash.sh -C 8192 fallback_aarch64.raw
1+0 records in
1+0 records out
1 byte copied, 0.000156505 s, 6.4 kB/s
Unknown (or unrecongnizable) GTP partition table on /output.img
Creating new GPT entries.
Warning: The kernel is still using the old partition table.
The new table will be used at the next reboot or after you
run partprobe(8) or kpartx(8)
The operation has completed successfully.
Setting name!
partNum is 0
Warning: The kernel is still using the old partition table.
The new table will be used at the next reboot or after you
run partprobe(8) or kpartx(8)
The operation has completed successfully.
Setting name!
partNum is 1
Warning: The kernel is still using the old partition table.
The new table will be used at the next reboot or after you
run partprobe(8) or kpartx(8)
The operation has completed successfully.
Setting name!
partNum is 2
Warning: The kernel is still using the old partition table.
The new table will be used at the next reboot or after you
run partprobe(8) or kpartx(8)
The operation has completed successfully.
Setting name!
partNum is 3
Warning: The kernel is still using the old partition table.
The new table will be used at the next reboot or after you
run partprobe(8) or kpartx(8)
The operation has completed successfully.
Setting name!
partNum is 8
Warning: The kernel is still using the old partition table.
The new table will be used at the next reboot or after you
run partprobe(8) or kpartx(8)
The operation has completed successfully.

No problems found. 2014 free sectors (1007.0 KiB) available in 1
segments, the largest of which is 2014 (1007.0 KiB) in size.
qemu-img convert -c -f raw -O qcow2 fallback_aarch64.raw fallback_aarch64.qcow2
rm fallback_aarch64.raw
ln -s fallback_aarch64.qcow2 fallback_aarch64.img
cp Makefile bios/OVMF.fd config.img installer_aarch64.iso installer_aarch64.raw rootfs_aarch64.img fallback_aarch64.img images/rootfs.yml images/installer.yml build-pkgs/zenix
make -C build-pkgs BUILD-PKGS=zenix LINUXKIT_HASH="--hash 5da345e22ad96f431788323d96d6c27ea92543af --release snapshot" push
make[1]: Entering directory '/home/zededa-ci/src/zenbuild/build-pkgs'
Building and pushing "zededa/zenix:5da345e22ad96f431788323d96d6c27ea92543af"
5da345e22ad96f431788323d96d6c27ea92543af: Pulling from zededa/zenix
Digest: sha256:221a05b7382169f73d227e7de249585c1dc4110a9a2483bee3c9dbaebc9c894b
Status: Downloaded newer image for zededa/zenix:5da345e22ad96f431788323d96d6c27ea92543af
make[1]: Leaving directory '/home/zededa-ci/src/zenbuild/build-pkgs'
FINISHED
