From https://github.com/lf-edge/eve
 * [new tag]           3.1.1         -> 3.1.1
 * [new tag]           3.10.0        -> 3.10.0
 * [new tag]           3.2.0         -> 3.2.0
 * [new tag]           3.3.0         -> 3.3.0
 * [new tag]           3.3.1         -> 3.3.1
 * [new tag]           3.3.2         -> 3.3.2
 * [new tag]           3.4.0         -> 3.4.0
 * [new tag]           3.4.1         -> 3.4.1
 * [new tag]           3.4.10        -> 3.4.10
 * [new tag]           3.4.2         -> 3.4.2
 * [new tag]           3.5.0         -> 3.5.0
 * [new tag]           3.6.0         -> 3.6.0
 * [new tag]           3.7.0         -> 3.7.0
 * [new tag]           3.8.0         -> 3.8.0
 * [new tag]           3.8.1         -> 3.8.1
 * [new tag]           3.8.2         -> 3.8.2
 * [new tag]           3.8.2-xen413  -> 3.8.2-xen413
 * [new tag]           3.8.2-xen413a -> 3.8.2-xen413a
 * [new tag]           3.9.0         -> 3.9.0
 * [new tag]           3.9.1         -> 3.9.1
 * [new tag]           3.9.2         -> 3.9.2
 * [new tag]           3.9.3         -> 3.9.3
 * [new tag]           4.1.0         -> 4.1.0
 * [new tag]           4.1.1         -> 4.1.1
 * [new tag]           4.1.2         -> 4.1.2
 * [new tag]           4.2.0         -> 4.2.0
 * [new tag]           4.3.0         -> 4.3.0
 * [new tag]           4.3.1         -> 4.3.1
Building the following tags: 3.8.2-xen413a origin/master (latest tag is 4.3.1)
Skipping repository .go/pkg/dep/sources/https---github.com-linuxkit-linuxkit
Skipping repository .go/pkg/dep/sources/https---github.com-moby-hyperkit
Skipping repository .go/pkg/dep/sources/https---github.com-gorilla-context
Skipping repository .go/pkg/dep/sources/https---github.com-theupdateframework-notary
Skipping repository .go/pkg/dep/sources/https---github.com-mitchellh-go--ps
Skipping repository .go/pkg/dep/sources/https---github.com-golang-appengine
Skipping repository .go/pkg/dep/sources/https---github.com-xeipuuv-gojsonschema
Skipping repository .go/pkg/dep/sources/https---go.googlesource.com-net
Skipping repository .go/pkg/dep/sources/https---github.com-xeipuuv-gojsonpointer
Skipping repository .go/pkg/dep/sources/https---github.com-Azure-azure--sdk--for--go
Skipping repository .go/pkg/dep/sources/https---github.com-moby-tool
Skipping repository .go/pkg/dep/sources/https---github.com-Azure-go--ansiterm
Skipping repository .go/pkg/dep/sources/https---github.com-moby-vpnkit
Skipping repository .go/pkg/dep/sources/https---github.com-moul-anonuuid
Skipping repository .go/pkg/dep/sources/https---github.com-Azure-go--autorest
Skipping repository .go/pkg/dep/sources/https---github.com-moul-gotty--client
Skipping repository .go/pkg/dep/sources/https---github.com-Microsoft-go--winio
Skipping repository .go/pkg/dep/sources/https---github.com-agl-ed25519
Skipping repository .go/pkg/dep/sources/https---github.com-aws-aws--sdk--go
Skipping repository .go/pkg/dep/sources/https---github.com-containerd-containerd
Skipping repository .go/pkg/dep/sources/https---github.com-opencontainers-go--digest
Skipping repository .go/pkg/dep/sources/https---github.com-opencontainers-image--spec
Skipping repository .go/pkg/dep/sources/https---github.com-opencontainers-runtime--spec
Skipping repository .go/pkg/dep/sources/https---github.com-packethost-packngo
Skipping repository .go/pkg/dep/sources/https---github.com-pkg-errors
Skipping repository .go/pkg/dep/sources/https---github.com-radu--matei-azure--sdk--for--go
Skipping repository .go/pkg/dep/sources/https---github.com-radu--matei-azure--vhd--utils
Skipping repository .go/pkg/dep/sources/https---github.com-renstrom-fuzzysearch
Skipping repository .go/pkg/dep/sources/https---github.com-rn-iso9660wrap
Skipping repository .go/pkg/dep/sources/https---github.com-creack-goselect
Skipping repository .go/pkg/dep/sources/https---github.com-dgrijalva-jwt--go
Skipping repository .go/pkg/dep/sources/https---github.com-docker-distribution
Skipping repository .go/pkg/dep/sources/https---github.com-docker-docker
Skipping repository .go/pkg/dep/sources/https---github.com-docker-go
Skipping repository .go/pkg/dep/sources/https---github.com-docker-go--connections
Skipping repository .go/pkg/dep/sources/https---github.com-docker-go--units
Skipping repository .go/pkg/dep/sources/https---github.com-jmespath-go--jmespath
Skipping repository .go/pkg/dep/sources/https---github.com-scaleway-go--scaleway
Skipping repository .go/pkg/dep/sources/https---github.com-go--ini-ini
Skipping repository .go/pkg/dep/sources/https---github.com-gorilla-mux
Skipping repository .go/pkg/dep/sources/https---github.com-gogo-protobuf
Skipping repository .go/pkg/dep/sources/https---github.com-gorilla-websocket
Skipping repository .go/pkg/dep/sources/https---github.com-vmware-govmomi
Skipping repository .go/pkg/dep/sources/https---github.com-sirupsen-logrus
Skipping repository .go/pkg/dep/sources/https---gopkg.in-yaml.v2
Skipping repository .go/pkg/dep/sources/https---github.com-golang-protobuf
Skipping repository .go/pkg/dep/sources/https---github.com-docker-go--p9p
Skipping repository .go/pkg/dep/sources/https---github.com-google-uuid
Skipping repository .go/pkg/dep/sources/https---github.com-gophercloud-gophercloud
Skipping repository .go/pkg/dep/sources/https---github.com-xeipuuv-gojsonreference
Skipping repository .go/pkg/dep/sources/https---github.com-moby-datakit
Skipping repository .go/pkg/dep/sources/https---github.com-surma-gocpio
Skipping repository .go/pkg/dep/sources/https---github.com-miekg-pkcs11
Skipping repository .go/pkg/dep/sources/https---go.googlesource.com-sync
Skipping repository .go/pkg/dep/sources/https---go.googlesource.com-oauth2
Skipping repository .go/pkg/dep/sources/https---code.googlesource.com-gocloud
Skipping repository .go/pkg/dep/sources/https---go.googlesource.com-sys
Skipping repository .go/pkg/dep/sources/https---go.googlesource.com-crypto
Skipping repository .go/pkg/dep/sources/https---code.googlesource.com-google--api--go--client
Skipping repository .go/pkg/dep/sources/https---github.com-census--instrumentation-opencensus--go
Skipping repository .go/pkg/dep/sources/https---github.com-googleapis-gax--go
Skipping repository .go/pkg/dep/sources/https---github.com-grpc-grpc--go
Skipping repository .go/pkg/dep/sources/https---github.com-konsorten-go--windows--terminal--sequences
Skipping repository .go/pkg/dep/sources/https---github.com-golang-groupcache
Skipping repository .go/pkg/dep/sources/https---github.com-google-go--genproto
Skipping repository .go/pkg/dep/sources/https---go.googlesource.com-text
Removing .go/src
Removing .go/bin
Removing build-tools/bin/linuxkit
Removing build-tools/bin/manifest-tool
Removing dist/
Removing images/rootfs-xen.yml
HEAD is now at 978eea79 Dummy commit
Creating go builder image for user zededa-ci
eve-build-zededa-ci docker container is ready to use
Done building /home/zededa-ci/src/eve/build-tools/bin/linuxkit
Building and pushing "lfedge/eve-debug:3.8.2-xen413a"
3.8.2-xen413a: Pulling from lfedge/eve-debug
Digest: sha256:1b4b3fd3d0c307214c86c13e16197c9064b18d00cc369bcc0061f299c72adac2
Status: Image is up to date for lfedge/eve-debug:3.8.2-xen413a
Building and pushing "lfedge/eve-device-trees:3.8.2-xen413a"
3.8.2-xen413a: Pulling from lfedge/eve-device-trees
Digest: sha256:82bee3ff2be174361d03ac8dcba700d5698e2c427d1cbe7cde2d1c34f294fc6d
Status: Image is up to date for lfedge/eve-device-trees:3.8.2-xen413a
Building and pushing "lfedge/eve-dnsmasq:3.8.2-xen413a"
3.8.2-xen413a: Pulling from lfedge/eve-dnsmasq
Digest: sha256:f43ef173ac0e310f3086ac4dd09fee6a670392e68d0a4c78f73ec1dedfb98e2f
Status: Image is up to date for lfedge/eve-dnsmasq:3.8.2-xen413a
Building and pushing "lfedge/eve-dom0-ztools:3.8.2-xen413a"
3.8.2-xen413a: Pulling from lfedge/eve-dom0-ztools
Digest: sha256:7eaf5a54ed5eac096f178b011b85b43d3b8319318606aa817c9c70dd244d2f7a
Status: Image is up to date for lfedge/eve-dom0-ztools:3.8.2-xen413a
Building and pushing "lfedge/eve-fscrypt:3.8.2-xen413a"
3.8.2-xen413a: Pulling from lfedge/eve-fscrypt
Digest: sha256:e43e6afd7475d9c6a9d233d273e0ea86f350f61cd3ed56e913a2f283436643f5
Status: Image is up to date for lfedge/eve-fscrypt:3.8.2-xen413a
Building and pushing "lfedge/eve-fw:3.8.2-xen413a"
3.8.2-xen413a: Pulling from lfedge/eve-fw
Digest: sha256:ce35111cbe2bcd9a97dbfeb9cda0349a909748be6ef44e21c385a0d589a854b5
Status: Image is up to date for lfedge/eve-fw:3.8.2-xen413a
Building and pushing "lfedge/eve-gpt-tools:3.8.2-xen413a"
3.8.2-xen413a: Pulling from lfedge/eve-gpt-tools
Digest: sha256:f199a465001bf5f30fe370df24501bfbe7a5fc5618a8a06e9293b904263446ab
Status: Image is up to date for lfedge/eve-gpt-tools:3.8.2-xen413a
Building and pushing "lfedge/eve-grub:3.8.2-xen413a"
3.8.2-xen413a: Pulling from lfedge/eve-grub
Digest: sha256:5f14dff44340d0228ba1443c679773fe45e6a926973a272972f2ada25844301a
Status: Image is up to date for lfedge/eve-grub:3.8.2-xen413a
Building and pushing "lfedge/eve-guacd:3.8.2-xen413a"
3.8.2-xen413a: Pulling from lfedge/eve-guacd
Digest: sha256:ba44cb61c1269aa1b31743d29f0d041cecd0aed08ae660e10ca52b730f3030c1
Status: Image is up to date for lfedge/eve-guacd:3.8.2-xen413a
Building and pushing "lfedge/eve-kernel:3.8.2-xen413a"
3.8.2-xen413a: Pulling from lfedge/eve-kernel
Digest: sha256:8e58051c44c76a65b0379447eae3846deae0679f0d3a429af9fd108da2254f2b
Status: Image is up to date for lfedge/eve-kernel:3.8.2-xen413a
Building and pushing "lfedge/eve-lisp:3.8.2-xen413a"
3.8.2-xen413a: Pulling from lfedge/eve-lisp
Digest: sha256:a11141c2614e1b5e86bd2279821f8794c1c5600e591d48ad53754f1697d78bfe
Status: Image is up to date for lfedge/eve-lisp:3.8.2-xen413a
Building and pushing "lfedge/eve-mkconf:3.8.2-xen413a"
3.8.2-xen413a: Pulling from lfedge/eve-mkconf
Digest: sha256:8c32bc136b89619c707c69f6a0d0f51b50fa3578262139d4524b319a5f13dee8
Status: Image is up to date for lfedge/eve-mkconf:3.8.2-xen413a
Building and pushing "lfedge/eve-mkimage-iso-efi:3.8.2-xen413a"
3.8.2-xen413a: Pulling from lfedge/eve-mkimage-iso-efi
Digest: sha256:2e4570fad033a9b465a58325ce6fb633366bfef06a79919e3595dc166b7a1d73
Status: Image is up to date for lfedge/eve-mkimage-iso-efi:3.8.2-xen413a
Building and pushing "lfedge/eve-mkimage-raw-efi:3.8.2-xen413a"
3.8.2-xen413a: Pulling from lfedge/eve-mkimage-raw-efi
Digest: sha256:af78d14aa8ae02ffba500f1f3c0ec96b13bf6a7f0131a80604bf58a79fe31bfc
Status: Image is up to date for lfedge/eve-mkimage-raw-efi:3.8.2-xen413a
Building and pushing "lfedge/eve-mkrootfs-ext4:3.8.2-xen413a"
3.8.2-xen413a: Pulling from lfedge/eve-mkrootfs-ext4
Digest: sha256:95ea5157383422a6263ea88f2b08682cf9e0efd5331b418afdc7ba0cd7527e26
Status: Image is up to date for lfedge/eve-mkrootfs-ext4:3.8.2-xen413a
Building and pushing "lfedge/eve-mkrootfs-squash:3.8.2-xen413a"
3.8.2-xen413a: Pulling from lfedge/eve-mkrootfs-squash
Digest: sha256:95ea5157383422a6263ea88f2b08682cf9e0efd5331b418afdc7ba0cd7527e26
Status: Image is up to date for lfedge/eve-mkrootfs-squash:3.8.2-xen413a
Building and pushing "lfedge/eve-xen-tools:3.8.2-xen413a"
3.8.2-xen413a: Pulling from lfedge/eve-xen-tools
Digest: sha256:b3f840d1f1fb7c4f28c3f00d6aec806b634350359124188516876603bb7f1741
Status: Image is up to date for lfedge/eve-xen-tools:3.8.2-xen413a
Building and pushing "lfedge/eve-strongswan:3.8.2-xen413a"
3.8.2-xen413a: Pulling from lfedge/eve-strongswan
Digest: sha256:788382f2265a904d1e2650892a3cf6e998f2f011b752a7a2f2f61d3a74e7325d
Status: Image is up to date for lfedge/eve-strongswan:3.8.2-xen413a
Building and pushing "lfedge/eve-watchdog:3.8.2-xen413a"
3.8.2-xen413a: Pulling from lfedge/eve-watchdog
Digest: sha256:80159694fd6b238d6fec22d9e0c2a9c8b46a712c33ba1f97974e475ba58f1ccc
Status: Image is up to date for lfedge/eve-watchdog:3.8.2-xen413a
Building and pushing "lfedge/eve-rkt:3.8.2-xen413a"
3.8.2-xen413a: Pulling from lfedge/eve-rkt
Digest: sha256:15a2d306ff7397afe953e944eaef9437b44263e8b4cccf88d19865120bb71163
Status: Image is up to date for lfedge/eve-rkt:3.8.2-xen413a
Building and pushing "lfedge/eve-rkt-stage1:3.8.2-xen413a"
3.8.2-xen413a: Pulling from lfedge/eve-rkt-stage1
Digest: sha256:d003d1ec1b0ca569c37803d2805c349a0796dbb1f554d394948ddc4c97e0ef14
Status: Image is up to date for lfedge/eve-rkt-stage1:3.8.2-xen413a
Building and pushing "lfedge/eve-pillar:3.8.2-xen413a"
3.8.2-xen413a: Pulling from lfedge/eve-pillar
Digest: sha256:34394f973548d56b3635677733858bea0a2f8f57f9079c74cc531bb3b96ede4e
Status: Image is up to date for lfedge/eve-pillar:3.8.2-xen413a
Building and pushing "lfedge/eve-qrexec-lib:3.8.2-xen413a"
3.8.2-xen413a: Pulling from lfedge/eve-qrexec-lib
Digest: sha256:4f4fade3424b3b3fe829c125c556eda558252917f383414e6a584d62aa0ac641
Status: Image is up to date for lfedge/eve-qrexec-lib:3.8.2-xen413a
Building and pushing "lfedge/eve-qrexec-dom0:3.8.2-xen413a"
3.8.2-xen413a: Pulling from lfedge/eve-qrexec-dom0
Digest: sha256:4842a6c2ca44a64ffd6641af5a38423b378993440ecfae190e1a4391323a8dca
Status: Image is up to date for lfedge/eve-qrexec-dom0:3.8.2-xen413a
Building and pushing "lfedge/eve-rngd:3.8.2-xen413a"
3.8.2-xen413a: Pulling from lfedge/eve-rngd
Digest: sha256:0d07c9d4800a2a448599d961c447407009ee670da5cb2661f7dc4403f0614c0f
Status: Image is up to date for lfedge/eve-rngd:3.8.2-xen413a
Building and pushing "lfedge/eve-uefi:3.8.2-xen413a"
3.8.2-xen413a: Pulling from lfedge/eve-uefi
Digest: sha256:015302faad642fdeb426ace2326239f21e714ca7f5a55e1a86a77200f8f68672
Status: Image is up to date for lfedge/eve-uefi:3.8.2-xen413a
Building and pushing "lfedge/eve-wlan:3.8.2-xen413a"
3.8.2-xen413a: Pulling from lfedge/eve-wlan
Digest: sha256:bd9973eb50a8f4ffb2e456f794e561b76376b53dca26684699695bcb65c28820
Status: Image is up to date for lfedge/eve-wlan:3.8.2-xen413a
Building and pushing "lfedge/eve-wwan:3.8.2-xen413a"
3.8.2-xen413a: Pulling from lfedge/eve-wwan
Digest: sha256:17bac43d1a72529199d96ae8060db5142e2e604f2b36b3a78bba61cf83753111
Status: Image is up to date for lfedge/eve-wwan:3.8.2-xen413a
Building and pushing "lfedge/eve-xen:3.8.2-xen413a"
3.8.2-xen413a: Pulling from lfedge/eve-xen
Digest: sha256:621a628150bcaabb94d644b1617fde68d5b9bf9d912a27915940a1949826383f
Status: Image is up to date for lfedge/eve-xen:3.8.2-xen413a
Done building packages
rm pkg/qrexec-dom0/Dockerfile pkg/qrexec-lib/Dockerfile pkg/pillar/Dockerfile
Creating go builder image for user zededa-ci
eve-build-zededa-ci docker container is ready to use
mkdir -p /home/zededa-ci/src/eve/dist/arm64/bios
cd /home/zededa-ci/src/eve/dist/arm64/bios ; _() { C=`docker create $1 fake` ; docker export $C | tar -xf - $2 ; docker rm $C ; } ; _ lfedge/eve-uefi:aef36d9c29fd16f9bae72a74d887568f0ef138f0-arm64 OVMF.fd
be6aec71d3869816fe295191751162e69f8ca9e05949262d19b91a1e5457e96b
mkdir -p /home/zededa-ci/src/eve/dist/arm64
./tools/makeconfig.sh conf /home/zededa-ci/src/eve/dist/arm64/config.img
+ CONFIG_FILE=/config.img
+ CONFIG_SIZE_KB=1024
+ cd /conf
+ tar xf -
+ echo mtools_skip_check=1
+ dd if=/dev/zero of=/config.img bs=1024 count=1024
1024+0 records in
1024+0 records out
+ mkfs.vfat -n EVE -v /config.img 1024
mkfs.fat 4.1 (2017-01-24)
/config.img has 64 heads and 32 sectors per track,
hidden sectors 0x0000;
logical sector size is 512,
using 0xf8 media descriptor, with 2048 sectors;
drive number 0x80;
filesystem has 2 12-bit FATs and 4 sectors per cluster.
FAT size is 2 sectors, and provides 502 clusters.
There is 1 reserved sector.
Root directory contains 512 slots and uses 32 sectors.
Volume ID is 50910f01, volume label EVE        .
+ mcopy -i /config.img -s /conf/authorized_keys /conf/onboard.cert.pem /conf/onboard.key.pem /conf/root-certificate.pem /conf/server /conf/wpa_supplicant.conf ::/
Done building /home/zededa-ci/src/eve/build-tools/bin/linuxkit
./tools/makerootfs.sh images/rootfs.yml squash /home/zededa-ci/src/eve/dist/arm64/rootfs.img
Extract kernel image: lfedge/eve-kernel:3.8.2-xen413a-arm64
Add init containers:
Process init image: linuxkit/init:v0.5-arm64
Process init image: linuxkit/runc:v0.5-arm64
time="2019-12-14T22:33:10+01:00" level=warning msg="targets/riyaz metadata is nearing expiry, you should re-sign the role metadata"
Process init image: linuxkit/containerd:v0.5-arm64
time="2019-12-14T22:33:13+01:00" level=warning msg="targets/riyaz metadata is nearing expiry, you should re-sign the role metadata"
Process init image: linuxkit/getty:v0.5-arm64
Process init image: lfedge/eve-grub:3.8.2-xen413a-arm64
Process init image: lfedge/eve-device-trees:3.8.2-xen413a-arm64
Process init image: lfedge/eve-fw:3.8.2-xen413a-arm64
Process init image: lfedge/eve-xen:3.8.2-xen413a-arm64
Process init image: lfedge/eve-gpt-tools:3.8.2-xen413a-arm64
Process init image: lfedge/eve-dom0-ztools:3.8.2-xen413a-arm64
Add onboot containers:
  Create OCI config for linuxkit/sysctl:v0.5-arm64
  Create OCI config for linuxkit/modprobe:v0.5-arm64
  Create OCI config for linuxkit/mount:v0.5-arm64
  Create OCI config for lfedge/eve-rngd:3.8.2-xen413a-arm64
Add service containers:
  Create OCI config for linuxkit/openntpd:v0.5-arm64
time="2019-12-14T22:33:31+01:00" level=warning msg="targets/riyaz metadata is nearing expiry, you should re-sign the role metadata"
  Create OCI config for linuxkit/sshd:v0.5-arm64
time="2019-12-14T22:33:33+01:00" level=warning msg="targets/justin metadata is nearing expiry, you should re-sign the role metadata"
  Create OCI config for lfedge/eve-wwan:3.8.2-xen413a-arm64
  Create OCI config for lfedge/eve-wlan:3.8.2-xen413a-arm64
  Create OCI config for lfedge/eve-guacd:3.8.2-xen413a-arm64
  Create OCI config for lfedge/eve-pillar:3.8.2-xen413a-arm64
Add files:
  /etc/eve-release
  /containers/services/pillar/lower/opt/zededa/bin/versioninfo
Parallel mksquashfs: Using 4 processors
Creating 4.0 filesystem on /rootfs.img, block size 131072.
[/                                                           ]     0/22092   0%[==========-                                                 ]  4100/22092  18%[===========-                                                ]  4400/22092  19%[==========================|                                 ]  9800/22092  44%[===============================================-            ] 17900/22092  81%[================================================-           ] 18200/22092  82%[=================================================/          ] 18500/22092  83%[==================================================/         ] 18800/22092  85%[===========================================================/] 22092/22092 100%

Exportable Squashfs 4.0 filesystem, gzip compressed, data block size 131072
	compressed data, compressed metadata, compressed fragments, compressed xattrs
	duplicates are removed
Filesystem size 280066.66 Kbytes (273.50 Mbytes)
	28.09% of uncompressed filesystem size (996892.67 Kbytes)
Inode table size 214746 bytes (209.71 Kbytes)
	25.71% of uncompressed inode table size (835156 bytes)
Directory table size 223226 bytes (217.99 Kbytes)
	45.16% of uncompressed directory table size (494328 bytes)
Number of duplicate files found 6483
Number of inodes 21284
Number of files 15421
Number of fragments 705
Number of symbolic links  4089
Number of device nodes 5
Number of fifo nodes 0
Number of socket nodes 0
Number of directories 1769
Number of ids (unique uids + gids) 3
Number of uids 1
	root (0)
Number of gids 3
	root (0)
	shadow (42)
	tty (5)
ERROR: size of /home/zededa-ci/src/eve/dist/arm64/rootfs.img is greater than 250MB (bigger than allocated partition)
Makefile:194: recipe for target '/home/zededa-ci/src/eve/dist/arm64/rootfs.img' failed
make: *** [/home/zededa-ci/src/eve/dist/arm64/rootfs.img] Error 1
Skipping repository .go/pkg/dep/sources/https---github.com-linuxkit-linuxkit
Skipping repository .go/pkg/dep/sources/https---github.com-moby-hyperkit
Skipping repository .go/pkg/dep/sources/https---github.com-gorilla-context
Skipping repository .go/pkg/dep/sources/https---github.com-theupdateframework-notary
Skipping repository .go/pkg/dep/sources/https---github.com-mitchellh-go--ps
Skipping repository .go/pkg/dep/sources/https---github.com-golang-appengine
Skipping repository .go/pkg/dep/sources/https---github.com-xeipuuv-gojsonschema
Skipping repository .go/pkg/dep/sources/https---go.googlesource.com-net
Skipping repository .go/pkg/dep/sources/https---github.com-xeipuuv-gojsonpointer
Skipping repository .go/pkg/dep/sources/https---github.com-Azure-azure--sdk--for--go
Skipping repository .go/pkg/dep/sources/https---github.com-moby-tool
Skipping repository .go/pkg/dep/sources/https---github.com-Azure-go--ansiterm
Skipping repository .go/pkg/dep/sources/https---github.com-moby-vpnkit
Skipping repository .go/pkg/dep/sources/https---github.com-moul-anonuuid
Skipping repository .go/pkg/dep/sources/https---github.com-Azure-go--autorest
Skipping repository .go/pkg/dep/sources/https---github.com-moul-gotty--client
Skipping repository .go/pkg/dep/sources/https---github.com-Microsoft-go--winio
Skipping repository .go/pkg/dep/sources/https---github.com-agl-ed25519
Skipping repository .go/pkg/dep/sources/https---github.com-aws-aws--sdk--go
Skipping repository .go/pkg/dep/sources/https---github.com-containerd-containerd
Skipping repository .go/pkg/dep/sources/https---github.com-opencontainers-go--digest
Skipping repository .go/pkg/dep/sources/https---github.com-opencontainers-image--spec
Skipping repository .go/pkg/dep/sources/https---github.com-opencontainers-runtime--spec
Skipping repository .go/pkg/dep/sources/https---github.com-packethost-packngo
Skipping repository .go/pkg/dep/sources/https---github.com-pkg-errors
Skipping repository .go/pkg/dep/sources/https---github.com-radu--matei-azure--sdk--for--go
Skipping repository .go/pkg/dep/sources/https---github.com-radu--matei-azure--vhd--utils
Skipping repository .go/pkg/dep/sources/https---github.com-renstrom-fuzzysearch
Skipping repository .go/pkg/dep/sources/https---github.com-rn-iso9660wrap
Skipping repository .go/pkg/dep/sources/https---github.com-creack-goselect
Skipping repository .go/pkg/dep/sources/https---github.com-dgrijalva-jwt--go
Skipping repository .go/pkg/dep/sources/https---github.com-docker-distribution
Skipping repository .go/pkg/dep/sources/https---github.com-docker-docker
Skipping repository .go/pkg/dep/sources/https---github.com-docker-go
Skipping repository .go/pkg/dep/sources/https---github.com-docker-go--connections
Skipping repository .go/pkg/dep/sources/https---github.com-docker-go--units
Skipping repository .go/pkg/dep/sources/https---github.com-jmespath-go--jmespath
Skipping repository .go/pkg/dep/sources/https---github.com-scaleway-go--scaleway
Skipping repository .go/pkg/dep/sources/https---github.com-go--ini-ini
Skipping repository .go/pkg/dep/sources/https---github.com-gorilla-mux
Skipping repository .go/pkg/dep/sources/https---github.com-gogo-protobuf
Skipping repository .go/pkg/dep/sources/https---github.com-gorilla-websocket
Skipping repository .go/pkg/dep/sources/https---github.com-vmware-govmomi
Skipping repository .go/pkg/dep/sources/https---github.com-sirupsen-logrus
Skipping repository .go/pkg/dep/sources/https---gopkg.in-yaml.v2
Skipping repository .go/pkg/dep/sources/https---github.com-golang-protobuf
Skipping repository .go/pkg/dep/sources/https---github.com-docker-go--p9p
Skipping repository .go/pkg/dep/sources/https---github.com-google-uuid
Skipping repository .go/pkg/dep/sources/https---github.com-gophercloud-gophercloud
Skipping repository .go/pkg/dep/sources/https---github.com-xeipuuv-gojsonreference
Skipping repository .go/pkg/dep/sources/https---github.com-moby-datakit
Skipping repository .go/pkg/dep/sources/https---github.com-surma-gocpio
Skipping repository .go/pkg/dep/sources/https---github.com-miekg-pkcs11
Skipping repository .go/pkg/dep/sources/https---go.googlesource.com-sync
Skipping repository .go/pkg/dep/sources/https---go.googlesource.com-oauth2
Skipping repository .go/pkg/dep/sources/https---code.googlesource.com-gocloud
Skipping repository .go/pkg/dep/sources/https---go.googlesource.com-sys
Skipping repository .go/pkg/dep/sources/https---go.googlesource.com-crypto
Skipping repository .go/pkg/dep/sources/https---code.googlesource.com-google--api--go--client
Skipping repository .go/pkg/dep/sources/https---github.com-census--instrumentation-opencensus--go
Skipping repository .go/pkg/dep/sources/https---github.com-googleapis-gax--go
Skipping repository .go/pkg/dep/sources/https---github.com-grpc-grpc--go
Skipping repository .go/pkg/dep/sources/https---github.com-konsorten-go--windows--terminal--sequences
Skipping repository .go/pkg/dep/sources/https---github.com-golang-groupcache
Skipping repository .go/pkg/dep/sources/https---github.com-google-go--genproto
Skipping repository .go/pkg/dep/sources/https---go.googlesource.com-text
Removing .go/src
Removing .go/bin
Removing build-tools/bin/linuxkit
Removing build-tools/bin/manifest-tool
Removing dist/
Removing images/installer.yml
Removing images/rootfs.yml
HEAD is now at fa74cd13 Add mkpersist container that creates the P3 partition
Creating go builder image for user zededa-ci
eve-build-zededa-ci docker container is ready to use
Done building /home/zededa-ci/src/eve/build-tools/bin/linuxkit
Building and pushing "lfedge/eve-acrn:6b6d8cf62d5ec8464544f06970ef746e62cfec1f"
6b6d8cf62d5ec8464544f06970ef746e62cfec1f: Pulling from lfedge/eve-acrn
Digest: sha256:7088c7f1d866deaa14e66e7e4ae0fcee6f4772ebc668cd31bad54996e23a88ee
Status: Image is up to date for lfedge/eve-acrn:6b6d8cf62d5ec8464544f06970ef746e62cfec1f
Building and pushing "lfedge/eve-acrn-kernel:b76c932549bf9cc97266fddad7b0496c27c04121"
b76c932549bf9cc97266fddad7b0496c27c04121: Pulling from lfedge/eve-acrn-kernel
Digest: sha256:bd62320a77aff9e5cd2a0f29b86abd4fc40a902c4396fa2db6b2e39c4813916c
Status: Image is up to date for lfedge/eve-acrn-kernel:b76c932549bf9cc97266fddad7b0496c27c04121
Building and pushing "lfedge/eve-debug:7470486834865217ccd1f589f44fba48a9647081"
7470486834865217ccd1f589f44fba48a9647081: Pulling from lfedge/eve-debug
Digest: sha256:bc7c7b8808877a4460ec6549365bddba3f3316e23beb69b1154b96206cf1c463
Status: Image is up to date for lfedge/eve-debug:7470486834865217ccd1f589f44fba48a9647081
Building and pushing "lfedge/eve-dnsmasq:cdb36dc56fb50bbd2b28123e435b3660adf34efb"
cdb36dc56fb50bbd2b28123e435b3660adf34efb: Pulling from lfedge/eve-dnsmasq
Digest: sha256:b55dd556251ba5ae5308bba68357e778cf80ef66292daab53d3f509f7c7ff22b
Status: Image is up to date for lfedge/eve-dnsmasq:cdb36dc56fb50bbd2b28123e435b3660adf34efb
Building and pushing "lfedge/eve-dom0-ztools:f6e8d3bb095edb1065ee0262d1643dae7ce43c6e"
f6e8d3bb095edb1065ee0262d1643dae7ce43c6e: Pulling from lfedge/eve-dom0-ztools
Digest: sha256:ff73cd2f1c4eac61b60a28da24d1bf770d252336c73b4046c595736d348ee8c6
Status: Image is up to date for lfedge/eve-dom0-ztools:f6e8d3bb095edb1065ee0262d1643dae7ce43c6e
Building and pushing "lfedge/eve-fscrypt:5df0cdbaa31028b0413b4fc1781b27a84be292dd"
5df0cdbaa31028b0413b4fc1781b27a84be292dd: Pulling from lfedge/eve-fscrypt
Digest: sha256:32df85081d25d67f9426535f6b3d0d8ef4438d91766964cdaa9dacbeaf4326c8
Status: Image is up to date for lfedge/eve-fscrypt:5df0cdbaa31028b0413b4fc1781b27a84be292dd
Building and pushing "lfedge/eve-fw:e07c45a98386767ec3926b813dc4b46a96a81541"
e07c45a98386767ec3926b813dc4b46a96a81541: Pulling from lfedge/eve-fw
Digest: sha256:1f2c0ab02db59a1e79c0cc2529045eb39b73a739b450e8d8029875bdf9f5178e
Status: Image is up to date for lfedge/eve-fw:e07c45a98386767ec3926b813dc4b46a96a81541
Building and pushing "lfedge/eve-gpt-tools:19ef56f5014fab1978a6e98b047d4498eabf8295"
19ef56f5014fab1978a6e98b047d4498eabf8295: Pulling from lfedge/eve-gpt-tools
Digest: sha256:cc958c98fbff93c02b3454b0976d76656a6f75f0dc01fa8ddaeb7d360bb2a165
Status: Image is up to date for lfedge/eve-gpt-tools:19ef56f5014fab1978a6e98b047d4498eabf8295
Building and pushing "lfedge/eve-grub:263c92f1f1b2da23f31c3911462ca7e44e70b55e"
263c92f1f1b2da23f31c3911462ca7e44e70b55e: Pulling from lfedge/eve-grub
Digest: sha256:864047137452c62015262dea0765b015e024384ab058c2607620de1dce76d474
Status: Image is up to date for lfedge/eve-grub:263c92f1f1b2da23f31c3911462ca7e44e70b55e
Building and pushing "lfedge/eve-guacd:f1f08a0fcadd35320f5d03fe0f0a1a318e8449be"
f1f08a0fcadd35320f5d03fe0f0a1a318e8449be: Pulling from lfedge/eve-guacd
Digest: sha256:c8f56593d2e0a75130182602c85a4fb24e7d79c53a7717f718fc09bb84cbaab2
Status: Image is up to date for lfedge/eve-guacd:f1f08a0fcadd35320f5d03fe0f0a1a318e8449be
Building and pushing "lfedge/eve-kernel:1a0c05ad4fc8c3964e22466006b8610b7ff79da5"
1a0c05ad4fc8c3964e22466006b8610b7ff79da5: Pulling from lfedge/eve-kernel
Digest: sha256:3bac753ec5293b97896671f622733da70fc5f0c01f7386f7e5552e3b2b6e1910
Status: Image is up to date for lfedge/eve-kernel:1a0c05ad4fc8c3964e22466006b8610b7ff79da5
Building and pushing "lfedge/eve-lisp:4bdcc521c878167913dabc59743fe4994a21ed56"
4bdcc521c878167913dabc59743fe4994a21ed56: Pulling from lfedge/eve-lisp
Digest: sha256:cafe8de235b9129c2d9bcab0bc8256694e1021d177d57eb33e2537bdd13a0734
Status: Image is up to date for lfedge/eve-lisp:4bdcc521c878167913dabc59743fe4994a21ed56
Building and pushing "lfedge/eve-mkconf:6025254fd59ddce4cfa0c986a8a58be9ccb71841"
6025254fd59ddce4cfa0c986a8a58be9ccb71841: Pulling from lfedge/eve-mkconf
Digest: sha256:ff754194b95f37faf5af17336f37b8e9e2ae9963add5b8bb81a1a5da51093921
Status: Image is up to date for lfedge/eve-mkconf:6025254fd59ddce4cfa0c986a8a58be9ccb71841
Building and pushing "lfedge/eve-mkimage-iso-efi:c630f165a2d91c9412e37e01b2e08b0f9263f5e7"
c630f165a2d91c9412e37e01b2e08b0f9263f5e7: Pulling from lfedge/eve-mkimage-iso-efi
Digest: sha256:821ac5a85f13258762fc727e7725436eb8332fda582b6028b4d762afc14c1c95
Status: Image is up to date for lfedge/eve-mkimage-iso-efi:c630f165a2d91c9412e37e01b2e08b0f9263f5e7
Building and pushing "lfedge/eve-mkimage-raw-efi:2c5ff16c46b8328c506e06cc48598868bcb5bdab"
2c5ff16c46b8328c506e06cc48598868bcb5bdab: Pulling from lfedge/eve-mkimage-raw-efi
Digest: sha256:98613ce39deb8ec9c1911b601bf9e033c20b195929ec950f06f7dc64b2c31394
Status: Image is up to date for lfedge/eve-mkimage-raw-efi:2c5ff16c46b8328c506e06cc48598868bcb5bdab
Building and pushing "lfedge/eve-mkrootfs-ext4:08d616d0ae2fed5b9996b80e1caf06183ea371c6"
08d616d0ae2fed5b9996b80e1caf06183ea371c6: Pulling from lfedge/eve-mkrootfs-ext4
Digest: sha256:01c722122b4cdfbdaedbc7052bd00806a254850da955fd6fb6c5bf5ec68a73b0
Status: Image is up to date for lfedge/eve-mkrootfs-ext4:08d616d0ae2fed5b9996b80e1caf06183ea371c6
Building and pushing "lfedge/eve-mkrootfs-squash:061a611a4fe80e5386f05bc1ebe0bd87952da1b4"
061a611a4fe80e5386f05bc1ebe0bd87952da1b4: Pulling from lfedge/eve-mkrootfs-squash
Digest: sha256:4ceb8ac0f5fab4d17a234b8549431737bf977fd3cb851324afa4a26181fc40c0
Status: Image is up to date for lfedge/eve-mkrootfs-squash:061a611a4fe80e5386f05bc1ebe0bd87952da1b4
Building and pushing "lfedge/eve-xen-tools:6e7994d8f3bbeecfb13993abde1eab7c83ee88af"
6e7994d8f3bbeecfb13993abde1eab7c83ee88af: Pulling from lfedge/eve-xen-tools
Digest: sha256:d330eac888db079ea25f01c7a5a27471cbdc9034c3f8af2d18c40e4228f90b3d
Status: Image is up to date for lfedge/eve-xen-tools:6e7994d8f3bbeecfb13993abde1eab7c83ee88af
Building and pushing "lfedge/eve-strongswan:6dda5ee56b295a0115e7c09a0ca23aa925426252"
6dda5ee56b295a0115e7c09a0ca23aa925426252: Pulling from lfedge/eve-strongswan
Digest: sha256:23a114b85bb003ff07d9ace288f437aa4b1b40269ba716754261013fa00781c5
Status: Image is up to date for lfedge/eve-strongswan:6dda5ee56b295a0115e7c09a0ca23aa925426252
Building and pushing "lfedge/eve-watchdog:6467d18c58faa455deaf3e4ab04d9fd4a5ed6512"
6467d18c58faa455deaf3e4ab04d9fd4a5ed6512: Pulling from lfedge/eve-watchdog
Digest: sha256:799264427df90434c1e7ffe313e383550b5a8ae8b918aeeb27c99e7a6035abe1
Status: Image is up to date for lfedge/eve-watchdog:6467d18c58faa455deaf3e4ab04d9fd4a5ed6512
Building and pushing "lfedge/eve-rkt:15525fb9c5a58f9e7ec98004b6859365e1f99c98"
15525fb9c5a58f9e7ec98004b6859365e1f99c98: Pulling from lfedge/eve-rkt
Digest: sha256:b50a15f51e3b19fe980f9bdcf54145e5b4e9dd0521c403bf67753b606c4d985f
Status: Image is up to date for lfedge/eve-rkt:15525fb9c5a58f9e7ec98004b6859365e1f99c98
Building and pushing "lfedge/eve-rkt-stage1:5b9ee56a92de3c0ac9fe84a11dc7be8d0231fb5c"
5b9ee56a92de3c0ac9fe84a11dc7be8d0231fb5c: Pulling from lfedge/eve-rkt-stage1
Digest: sha256:cfc5585fb8dd23b17c9aeb987110d194c170627bb40cf1c866e969f5f4012785
Status: Image is up to date for lfedge/eve-rkt-stage1:5b9ee56a92de3c0ac9fe84a11dc7be8d0231fb5c
Building and pushing "lfedge/eve-uefi:fdf6300a5eeb9257e9aea002dbe40d01a70ea5fa"
fdf6300a5eeb9257e9aea002dbe40d01a70ea5fa: Pulling from lfedge/eve-uefi
Digest: sha256:2963e3c14909393e27334219cbefe25abc675275a9de2efdf5560d9e4300cc2d
Status: Image is up to date for lfedge/eve-uefi:fdf6300a5eeb9257e9aea002dbe40d01a70ea5fa
open /home/zededa-ci/src/eve/pkg/device-trees/build.yml: no such file or directory
Building and pushing "lfedge/eve-pillar:aed8121606ccd47713c81ca5924ca65c560e515c"
aed8121606ccd47713c81ca5924ca65c560e515c: Pulling from lfedge/eve-pillar
Digest: sha256:b13d425e23dbcfb57e759a93d104cc4284073e8c8ec5325c0c3fc00fe970db92
Status: Image is up to date for lfedge/eve-pillar:aed8121606ccd47713c81ca5924ca65c560e515c
open /home/zededa-ci/src/eve/pkg/device-trees/build.yml: no such file or directory
Building and pushing "lfedge/eve-qrexec-lib:b0fb86eb752be7884d4d83c1dbbb025e75c5c466"
b0fb86eb752be7884d4d83c1dbbb025e75c5c466: Pulling from lfedge/eve-qrexec-lib
Digest: sha256:738f796da4d434031d40e93bc8f5e9943e804861834ae687a926f60bfaac7cf7
Status: Image is up to date for lfedge/eve-qrexec-lib:b0fb86eb752be7884d4d83c1dbbb025e75c5c466
open /home/zededa-ci/src/eve/pkg/device-trees/build.yml: no such file or directory
Building and pushing "lfedge/eve-qrexec-dom0:29024a9e04a96b4baede4f474dcf85c1cef98607"
29024a9e04a96b4baede4f474dcf85c1cef98607: Pulling from lfedge/eve-qrexec-dom0
Digest: sha256:cdd8e3bb99cb58ce3ca6e8a55e767cf610357eb24bb3c47b8f1835c3c8bedbcb
Status: Image is up to date for lfedge/eve-qrexec-dom0:29024a9e04a96b4baede4f474dcf85c1cef98607
Building and pushing "lfedge/eve-rngd:6e16dad8553a6c2939854abfa9f34a5f2604bce7"
6e16dad8553a6c2939854abfa9f34a5f2604bce7: Pulling from lfedge/eve-rngd
Digest: sha256:4c880395a2ab261cc4abe2b866db6764527c19c61a187e68470e1e3f94f99388
Status: Image is up to date for lfedge/eve-rngd:6e16dad8553a6c2939854abfa9f34a5f2604bce7
Building and pushing "lfedge/eve-rsyslog:ccaf76aa6dd4fdef532207e9199befee289a2723"
ccaf76aa6dd4fdef532207e9199befee289a2723: Pulling from lfedge/eve-rsyslog
Digest: sha256:470d4c3436c254a39b501ac4b2e00b5dd47c0c3cfd22a3fefb85072ef5dbc615
Status: Image is up to date for lfedge/eve-rsyslog:ccaf76aa6dd4fdef532207e9199befee289a2723
Building and pushing "lfedge/eve-storage-init:c45c5c9be6dd74cd1c28d15d668c0eed8e32217d"
Error response from daemon: pull access denied for lfedge/eve-storage-init, repository does not exist or may require 'docker login'
No image pulled, continuing with build
Sending build context to Docker daemon  7.168kB
Step 1/7 : FROM alpine:3.10.3
 ---> 61ebf0b9b18f
Step 2/7 : WORKDIR /
 ---> Using cache
 ---> dfbd765ad0ad
Step 3/7 : RUN apk add --no-cache bash glib squashfs-tools util-linux e2fsprogs         e2fsprogs-extra keyutils
 ---> Using cache
 ---> a72eab8b23ae
Step 4/7 : COPY storage-init.sh /storage-init.sh
 ---> Using cache
 ---> 7d2fff426524
Step 5/7 : ENTRYPOINT
 ---> Using cache
 ---> 7380cba1ef73
Step 6/7 : CMD /storage-init.sh
 ---> Using cache
 ---> f4b9d1eb4dd5
Step 7/7 : LABEL org.mobyproject.config '{"capabilities":["CAP_SYS_ADMIN"],"binds":["/dev:/dev","/var:/var:rshared,rbind","/:/hostfs"],"net":"host","rootfsPropagation":"shared"}' org.mobyproject.linuxkit.revision 'unknown' org.mobyproject.linuxkit.version 'unknown' org.opencontainers.image.revision 'fa74cd1382e89291c4d1c130702a44251749234f' org.opencontainers.image.source 'https://github.com/linuxkit/linuxkit'
 ---> Using cache
 ---> 6f3964ebc83a
Successfully built 6f3964ebc83a
Successfully tagged lfedge/eve-storage-init:c45c5c9be6dd74cd1c28d15d668c0eed8e32217d-arm64
Pushing lfedge/eve-storage-init:c45c5c9be6dd74cd1c28d15d668c0eed8e32217d-arm64
The push refers to a repository [docker.io/lfedge/eve-storage-init]
6a7d5834b0ec: Preparing
40f611244fef: Preparing
98713a20507f: Preparing
denied: requested access to the resource is denied
exit status 1
Makefile:312: recipe for target 'eve-storage-init' failed
make: *** [eve-storage-init] Error 1
rm pkg/qrexec-dom0/Dockerfile pkg/qrexec-lib/Dockerfile pkg/pillar/Dockerfile
Creating go builder image for user zededa-ci
eve-build-zededa-ci docker container is ready to use
mkdir -p /home/zededa-ci/src/eve/dist/arm64
cd /home/zededa-ci/src/eve/dist/arm64 ; _() { C=`docker create $1 fake` ; shift ; docker export $C | tar -xf - "$@" ; docker rm $C ; } ; _ lfedge/eve-uefi:fdf6300a5eeb9257e9aea002dbe40d01a70ea5fa-arm64 OVMF.fd
b15cce07de49a9a1b259c8e6aee3697751d4b82599fbbcdfd6fe18e7ec81df02
mkdir -p /home/zededa-ci/src/eve/dist/arm64/installer
./tools/makeconfig.sh conf /home/zededa-ci/src/eve/dist/arm64/installer/config.img
/conf/eve.dtb: Warning (unit_address_vs_reg): Node /regulator@1 has a unit name, but no reg property
/conf/eve.dtb: Warning (unit_address_vs_reg): Node /soc/i2c@f7102000/adv7533@39/ports/port@0 has a unit name, but no reg property
/conf/eve.dtb: Warning (unit_address_vs_reg): Node /soc/thermal-zones/cls0/trips/trip-point@0 has a unit name, but no reg property
/conf/eve.dtb: Warning (unit_address_vs_reg): Node /soc/thermal-zones/cls0/trips/trip-point@1 has a unit name, but no reg property
/conf/eve.dtb: Warning (unit_address_vs_reg): Node /soc/dsi@f4107800/ports/port@1/endpoint@0 has a unit name, but no reg property
/conf/eve.dtb: Warning (unit_address_vs_reg): Node /soc/i2s@f7118000/ports/port@0 has a unit name, but no reg property
/conf/eve.dtb: Warning (unit_address_vs_reg): Node /regulator@2 has a unit name, but no reg property
/conf/eve.dtb: Warning (unit_address_vs_reg): Node /regulator@0 has a unit name, but no reg property
1024+0 records in
1024+0 records out
mkfs.fat 4.1 (2017-01-24)
/config.img has 64 heads and 32 sectors per track,
hidden sectors 0x0000;
logical sector size is 512,
using 0xf8 media descriptor, with 2048 sectors;
drive number 0x80;
filesystem has 2 12-bit FATs and 4 sectors per cluster.
FAT size is 2 sectors, and provides 502 clusters.
There is 1 reserved sector.
Root directory contains 512 slots and uses 32 sectors.
Volume ID is 6440e001, volume label EVE        .
cd /home/zededa-ci/src/eve/dist/arm64/installer ; _() { C=`docker create $1 fake` ; shift ; docker export $C | tar -xf - "$@" ; docker rm $C ; } ; _ lfedge/eve-grub:263c92f1f1b2da23f31c3911462ca7e44e70b55e-arm64 EFI
db7de6a4d083bf3f0bc2a3f06ef8f4988fa96e757d6de2402efc49d10538bf54
Done building /home/zededa-ci/src/eve/build-tools/bin/linuxkit
open /home/zededa-ci/src/eve/pkg/device-trees/build.yml: no such file or directory
./tools/makerootfs.sh images/rootfs-xen.yml squash /home/zededa-ci/src/eve/dist/arm64/installer/rootfs.img
Extract kernel image: lfedge/eve-kernel:1a0c05ad4fc8c3964e22466006b8610b7ff79da5-arm64
Add init containers:
Process init image: linuxkit/init:v0.5-arm64
Process init image: linuxkit/runc:v0.5-arm64
time="2019-12-14T22:38:25+01:00" level=warning msg="targets/riyaz metadata is nearing expiry, you should re-sign the role metadata"
Process init image: linuxkit/containerd:v0.5-arm64
time="2019-12-14T22:38:27+01:00" level=warning msg="targets/riyaz metadata is nearing expiry, you should re-sign the role metadata"
Process init image: linuxkit/getty:v0.5-arm64
Process init image: lfedge/eve-grub:263c92f1f1b2da23f31c3911462ca7e44e70b55e-arm64
Process init image: lfedge/eve-fw:e07c45a98386767ec3926b813dc4b46a96a81541-arm64
Process init image: lfedge/eve-xen:b40875d1508c3768b4269447ccfb763afe82f58d-arm64
Process init image: lfedge/eve-gpt-tools:19ef56f5014fab1978a6e98b047d4498eabf8295-arm64
Process init image: lfedge/eve-dom0-ztools:f6e8d3bb095edb1065ee0262d1643dae7ce43c6e-arm64
Add onboot containers:
  Create OCI config for lfedge/eve-storage-init:c45c5c9be6dd74cd1c28d15d668c0eed8e32217d-arm64
  Create OCI config for linuxkit/sysctl:v0.5-arm64
  Create OCI config for lfedge/eve-rngd:6e16dad8553a6c2939854abfa9f34a5f2604bce7-arm64
  Create OCI config for linuxkit/modprobe:v0.5-arm64
  Create OCI config for lfedge/eve-rsyslog:ccaf76aa6dd4fdef532207e9199befee289a2723-arm64
Add service containers:
  Create OCI config for linuxkit/openntpd:v0.5-arm64
time="2019-12-14T22:38:46+01:00" level=warning msg="targets/riyaz metadata is nearing expiry, you should re-sign the role metadata"
  Create OCI config for linuxkit/sshd:v0.5-arm64
time="2019-12-14T22:38:48+01:00" level=warning msg="targets/justin metadata is nearing expiry, you should re-sign the role metadata"
  Create OCI config for lfedge/eve-wwan:2b98bc7569f167b1850dd9025a4b8c8489fee754-arm64
  Create OCI config for lfedge/eve-wlan:d1ac240f7ce90e255869ffc3ecda46dd313f45e9-arm64
  Create OCI config for lfedge/eve-guacd:f1f08a0fcadd35320f5d03fe0f0a1a318e8449be-arm64
  Create OCI config for lfedge/eve-pillar:aed8121606ccd47713c81ca5924ca65c560e515c-arm64
  Create OCI config for lfedge/eve-vtpm:3cd0c83f68cb9814103446cb93ac238cebea0f44-arm64
Add files:
  /etc/eve-release
  /containers/services/pillar/lower/opt/zededa/bin/versioninfo
Parallel mksquashfs: Using 4 processors
Creating 4.0 filesystem on /rootfs.img, block size 131072.
[/                                                           ]     0/19980   0%[=========\                                                  ]  3300/19980  16%[==============================================\             ] 15800/19980  79%[===========================================================/] 19980/19980 100%

Exportable Squashfs 4.0 filesystem, gzip compressed, data block size 131072
	compressed data, compressed metadata, compressed fragments, compressed xattrs
	duplicates are removed
Filesystem size 228677.30 Kbytes (223.32 Mbytes)
	33.66% of uncompressed filesystem size (679323.42 Kbytes)
Inode table size 222415 bytes (217.20 Kbytes)
	25.56% of uncompressed inode table size (870174 bytes)
Directory table size 234950 bytes (229.44 Kbytes)
	45.40% of uncompressed directory table size (517489 bytes)
Number of duplicate files found 6300
Number of inodes 22566
Number of files 15812
Number of fragments 737
Number of symbolic links  4763
Number of device nodes 4
Number of fifo nodes 0
Number of socket nodes 0
Number of directories 1987
Number of ids (unique uids + gids) 3
Number of uids 1
	root (0)
Number of gids 3
	root (0)
	shadow (42)
	tty (5)
cd /home/zededa-ci/src/eve/dist/arm64/installer ; _() { C=`docker create $1 fake` ; shift ; docker export $C | tar -xf - "$@" ; docker rm $C ; } ; _ lfedge/eve-mkimage-raw-efi:2c5ff16c46b8328c506e06cc48598868bcb5bdab-arm64 initrd.img EFI
dde976073cf2c781cc836e98bc784c4050fe1ce352c9c40b12cefe322b605493
./tools/makeiso.sh /home/zededa-ci/src/eve/dist/arm64/installer /home/zededa-ci/src/eve/dist/arm64/installer.iso
^Axorriso 1.4.6 : RockRidge filesystem manipulator, libburnia project.

Drive current: -outdev 'stdio:/tmp/disk.iso'
Media current: stdio file, overwriteable
Media status : is blank
Media summary: 0 sessions, 0 data blocks, 0 data,  870g free
Added to ISO image: directory '/'='/parts'
xorriso : UPDATE : 8 files added in 1 seconds
xorriso : UPDATE : 8 files added in 1 seconds
libisofs: NOTE : Cannot arrange content of data files in surely reproducible way
xorriso : UPDATE :  3.64% done
ISO image produced: 120085 sectors
Written to medium : 120085 sectors at LBA 0
Writing to 'stdio:/tmp/disk.iso' completed successfully.

./tools/makeflash.sh -C 350 /home/zededa-ci/src/eve/dist/arm64/installer /home/zededa-ci/src/eve/dist/arm64/installer.raw "conf_win installer inventory_win"
1+0 records in
1+0 records out
1 byte copied, 0.000156329 s, 6.4 kB/s
Unknown (or unrecongnizable) GTP partition table on /output.img
Creating new GPT entries in memory.
Setting name!
partNum is 3
Setting name!
partNum is 0
Setting name!
partNum is 4
No problems found. 79805 free sectors (39.0 MiB) available in 2
segments, the largest of which is 77791 (38.0 MiB) in size.
./tools/makeflash.sh -C 8192 /home/zededa-ci/src/eve/dist/arm64/installer /home/zededa-ci/src/eve/dist/arm64/live.raw
1+0 records in
1+0 records out
1 byte copied, 0.000158993 s, 6.3 kB/s
Unknown (or unrecongnizable) GTP partition table on /output.img
Creating new GPT entries in memory.
Setting name!
partNum is 0
Setting name!
partNum is 1
Setting name!
partNum is 2
Setting name!
partNum is 3
Setting name!
partNum is 8
No problems found. 2014 free sectors (1007.0 KiB) available in 1
segments, the largest of which is 2014 (1007.0 KiB) in size.
qemu-img convert -c -f raw -O qcow2 /home/zededa-ci/src/eve/dist/arm64/live.raw /home/zededa-ci/src/eve/dist/arm64/live.qcow2
rm /home/zededa-ci/src/eve/dist/arm64/live.raw
ln -s live.qcow2 /home/zededa-ci/src/eve/dist/arm64/live.img
cp pkg/eve/* Makefile images/rootfs-xen.yml /home/zededa-ci/src/eve/dist/arm64
/home/zededa-ci/src/eve/build-tools/bin/linuxkit pkg push --hash-path /home/zededa-ci/src/eve --disable-content-trust   --release snapshot --force /home/zededa-ci/src/eve/dist/arm64
Building and pushing "lfedge/eve:5ea6cf9fd329eab14de235c972196a1d4ab1ee14"
Sending build context to Docker daemon  1.094GB
Step 1/8 : FROM alpine:3.9
 ---> ce544de9ee2c
Step 2/8 : WORKDIR /bits
 ---> Using cache
 ---> 10a3b51d359f
Step 3/8 : RUN apk add --no-cache qemu-system-x86_64 qemu-system-aarch64 bash make git squashfs-tools
 ---> Using cache
 ---> c54f4e66a27c
Step 4/8 : COPY . /bits/
 ---> Using cache
 ---> b460d15571ec
Step 5/8 : COPY runme.sh /
 ---> Using cache
 ---> d206027f3fed
Step 6/8 : RUN ln -s installer/* .
 ---> Using cache
 ---> 354a55481e2c
Step 7/8 : ENTRYPOINT /runme.sh
 ---> Using cache
 ---> 74ac4f1bb77d
Step 8/8 : LABEL org.mobyproject.linuxkit.revision 'unknown' org.mobyproject.linuxkit.version 'unknown' org.opencontainers.image.revision 'fa74cd1382e89291c4d1c130702a44251749234f' org.opencontainers.image.source 'https://github.com/linuxkit/linuxkit'
 ---> Running in 324e91319c26
 ---> d1ea7fc9bd18
Removing intermediate container 324e91319c26
Successfully built d1ea7fc9bd18
Successfully tagged lfedge/eve:5ea6cf9fd329eab14de235c972196a1d4ab1ee14-arm64
Pushing lfedge/eve:5ea6cf9fd329eab14de235c972196a1d4ab1ee14-arm64
The push refers to a repository [docker.io/lfedge/eve]
9a70c336e9d5: Preparing
a8abdf41024c: Preparing
b15c15a28ff3: Preparing
850fbb103b93: Preparing
9dec639b416e: Preparing
6d626da635fc: Preparing
6d626da635fc: Waiting
850fbb103b93: Layer already exists
b15c15a28ff3: Layer already exists
9a70c336e9d5: Layer already exists
a8abdf41024c: Layer already exists
9dec639b416e: Layer already exists
6d626da635fc: Layer already exists
5ea6cf9fd329eab14de235c972196a1d4ab1ee14-arm64: digest: sha256:00c724b908ff9159b1dd1953ee0c68b761c5791e0de8b24267918880c69d4995 size: 1573
Pushing lfedge/eve:5ea6cf9fd329eab14de235c972196a1d4ab1ee14-arm64 to manifest lfedge/eve:5ea6cf9fd329eab14de235c972196a1d4ab1ee14
time="2019-12-14T22:42:59+01:00" level=warning msg="Couldn't find or access image reference \"lfedge/eve:5ea6cf9fd329eab14de235c972196a1d4ab1ee14-amd64\". Skipping image."
time="2019-12-14T22:43:02+01:00" level=warning msg="Couldn't find or access image reference \"lfedge/eve:5ea6cf9fd329eab14de235c972196a1d4ab1ee14-s390x\". Skipping image."
Digest: sha256:64594256becc6a33e03d607c0f8ea690bc97538c757bae3b6259955ccafa2a6f 434
Not signing lfedge/eve:5ea6cf9fd329eab14de235c972196a1d4ab1ee14
Tagging lfedge/eve:5ea6cf9fd329eab14de235c972196a1d4ab1ee14-arm64 as lfedge/eve:snapshot-arm64
Pushing lfedge/eve:snapshot-arm64
The push refers to a repository [docker.io/lfedge/eve]
9a70c336e9d5: Preparing
a8abdf41024c: Preparing
b15c15a28ff3: Preparing
850fbb103b93: Preparing
9dec639b416e: Preparing
6d626da635fc: Preparing
6d626da635fc: Waiting
850fbb103b93: Layer already exists
b15c15a28ff3: Layer already exists
9a70c336e9d5: Layer already exists
9dec639b416e: Layer already exists
a8abdf41024c: Layer already exists
6d626da635fc: Layer already exists
snapshot-arm64: digest: sha256:00c724b908ff9159b1dd1953ee0c68b761c5791e0de8b24267918880c69d4995 size: 1573
Pushing lfedge/eve:snapshot-arm64 to manifest lfedge/eve:snapshot
time="2019-12-14T22:43:12+01:00" level=warning msg="Couldn't find or access image reference \"lfedge/eve:snapshot-s390x\". Skipping image."
Digest: sha256:3d326a28c3a2bc2532f836ff4795d228e1a7c491265bb1bd0f8b62620b3082c6 743
Not signing lfedge/eve:snapshot
Build, push and release of "snapshot" complete, all done.
FINISHED
