From https://github.com/lf-edge/eve
 * [new tag]           3.1.1      -> 3.1.1
 * [new tag]           3.10.0     -> 3.10.0
 * [new tag]           3.2.0      -> 3.2.0
 * [new tag]           3.3.0      -> 3.3.0
 * [new tag]           3.3.1      -> 3.3.1
 * [new tag]           3.3.2      -> 3.3.2
 * [new tag]           3.4.0      -> 3.4.0
 * [new tag]           3.4.1      -> 3.4.1
 * [new tag]           3.4.10     -> 3.4.10
 * [new tag]           3.4.2      -> 3.4.2
 * [new tag]           3.5.0      -> 3.5.0
 * [new tag]           3.6.0      -> 3.6.0
 * [new tag]           3.7.0      -> 3.7.0
 * [new tag]           3.8.0      -> 3.8.0
 * [new tag]           3.8.1      -> 3.8.1
 * [new tag]           3.8.2      -> 3.8.2
 * [new tag]           3.9.0      -> 3.9.0
 * [new tag]           3.9.1      -> 3.9.1
 * [new tag]           3.9.2      -> 3.9.2
 * [new tag]           3.9.3      -> 3.9.3
 * [new tag]           4.1.0      -> 4.1.0
 * [new tag]           4.1.1      -> 4.1.1
 * [new tag]           4.1.2      -> 4.1.2
 * [new tag]           4.2.0      -> 4.2.0
 * [new tag]           4.3.0      -> 4.3.0
 * [new tag]           4.3.1      -> 4.3.1
Building the following tags:  origin/master (latest tag is 4.3.1)
Skipping repository .go/pkg/dep/sources/https---github.com-linuxkit-linuxkit
Skipping repository .go/pkg/dep/sources/https---github.com-moby-hyperkit
Skipping repository .go/pkg/dep/sources/https---github.com-gorilla-context
Skipping repository .go/pkg/dep/sources/https---github.com-theupdateframework-notary
Skipping repository .go/pkg/dep/sources/https---github.com-mitchellh-go--ps
Skipping repository .go/pkg/dep/sources/https---github.com-golang-appengine
Skipping repository .go/pkg/dep/sources/https---github.com-xeipuuv-gojsonschema
Skipping repository .go/pkg/dep/sources/https---go.googlesource.com-net
Skipping repository .go/pkg/dep/sources/https---github.com-xeipuuv-gojsonpointer
Skipping repository .go/pkg/dep/sources/https---github.com-Azure-azure--sdk--for--go
Skipping repository .go/pkg/dep/sources/https---github.com-moby-tool
Skipping repository .go/pkg/dep/sources/https---github.com-Azure-go--ansiterm
Skipping repository .go/pkg/dep/sources/https---github.com-moby-vpnkit
Skipping repository .go/pkg/dep/sources/https---github.com-moul-anonuuid
Skipping repository .go/pkg/dep/sources/https---github.com-Azure-go--autorest
Skipping repository .go/pkg/dep/sources/https---github.com-moul-gotty--client
Skipping repository .go/pkg/dep/sources/https---github.com-Microsoft-go--winio
Skipping repository .go/pkg/dep/sources/https---github.com-agl-ed25519
Skipping repository .go/pkg/dep/sources/https---github.com-aws-aws--sdk--go
Skipping repository .go/pkg/dep/sources/https---github.com-containerd-containerd
Skipping repository .go/pkg/dep/sources/https---github.com-opencontainers-go--digest
Skipping repository .go/pkg/dep/sources/https---github.com-opencontainers-image--spec
Skipping repository .go/pkg/dep/sources/https---github.com-opencontainers-runtime--spec
Skipping repository .go/pkg/dep/sources/https---github.com-packethost-packngo
Skipping repository .go/pkg/dep/sources/https---github.com-pkg-errors
Skipping repository .go/pkg/dep/sources/https---github.com-radu--matei-azure--sdk--for--go
Skipping repository .go/pkg/dep/sources/https---github.com-radu--matei-azure--vhd--utils
Skipping repository .go/pkg/dep/sources/https---github.com-renstrom-fuzzysearch
Skipping repository .go/pkg/dep/sources/https---github.com-rn-iso9660wrap
Skipping repository .go/pkg/dep/sources/https---github.com-creack-goselect
Skipping repository .go/pkg/dep/sources/https---github.com-dgrijalva-jwt--go
Skipping repository .go/pkg/dep/sources/https---github.com-docker-distribution
Skipping repository .go/pkg/dep/sources/https---github.com-docker-docker
Skipping repository .go/pkg/dep/sources/https---github.com-docker-go
Skipping repository .go/pkg/dep/sources/https---github.com-docker-go--connections
Skipping repository .go/pkg/dep/sources/https---github.com-docker-go--units
Skipping repository .go/pkg/dep/sources/https---github.com-jmespath-go--jmespath
Skipping repository .go/pkg/dep/sources/https---github.com-scaleway-go--scaleway
Skipping repository .go/pkg/dep/sources/https---github.com-go--ini-ini
Skipping repository .go/pkg/dep/sources/https---github.com-gorilla-mux
Skipping repository .go/pkg/dep/sources/https---github.com-gogo-protobuf
Skipping repository .go/pkg/dep/sources/https---github.com-gorilla-websocket
Skipping repository .go/pkg/dep/sources/https---github.com-vmware-govmomi
Skipping repository .go/pkg/dep/sources/https---github.com-sirupsen-logrus
Skipping repository .go/pkg/dep/sources/https---gopkg.in-yaml.v2
Skipping repository .go/pkg/dep/sources/https---github.com-golang-protobuf
Skipping repository .go/pkg/dep/sources/https---github.com-docker-go--p9p
Skipping repository .go/pkg/dep/sources/https---github.com-google-uuid
Skipping repository .go/pkg/dep/sources/https---github.com-gophercloud-gophercloud
Skipping repository .go/pkg/dep/sources/https---github.com-xeipuuv-gojsonreference
Skipping repository .go/pkg/dep/sources/https---github.com-moby-datakit
Skipping repository .go/pkg/dep/sources/https---github.com-surma-gocpio
Skipping repository .go/pkg/dep/sources/https---github.com-miekg-pkcs11
Skipping repository .go/pkg/dep/sources/https---go.googlesource.com-sync
Skipping repository .go/pkg/dep/sources/https---go.googlesource.com-oauth2
Skipping repository .go/pkg/dep/sources/https---code.googlesource.com-gocloud
Skipping repository .go/pkg/dep/sources/https---go.googlesource.com-sys
Skipping repository .go/pkg/dep/sources/https---go.googlesource.com-crypto
Skipping repository .go/pkg/dep/sources/https---code.googlesource.com-google--api--go--client
Skipping repository .go/pkg/dep/sources/https---github.com-census--instrumentation-opencensus--go
Skipping repository .go/pkg/dep/sources/https---github.com-googleapis-gax--go
Skipping repository .go/pkg/dep/sources/https---github.com-grpc-grpc--go
Skipping repository .go/pkg/dep/sources/https---github.com-konsorten-go--windows--terminal--sequences
Skipping repository .go/pkg/dep/sources/https---github.com-golang-groupcache
Skipping repository .go/pkg/dep/sources/https---github.com-google-go--genproto
Skipping repository .go/pkg/dep/sources/https---go.googlesource.com-text
Removing .go/src
Removing .go/bin
Removing build-tools/bin/linuxkit
Removing build-tools/bin/manifest-tool
Removing dist/
Removing images/rootfs-xen.yml
HEAD is now at fa74cd13 Add mkpersist container that creates the P3 partition
Creating go builder image for user zededa-ci
eve-build-zededa-ci docker container is ready to use
Done building /home/zededa-ci/src/eve/build-tools/bin/linuxkit
Building and pushing "lfedge/eve-acrn:6b6d8cf62d5ec8464544f06970ef746e62cfec1f"
6b6d8cf62d5ec8464544f06970ef746e62cfec1f: Pulling from lfedge/eve-acrn
Digest: sha256:7088c7f1d866deaa14e66e7e4ae0fcee6f4772ebc668cd31bad54996e23a88ee
Status: Image is up to date for lfedge/eve-acrn:6b6d8cf62d5ec8464544f06970ef746e62cfec1f
Building and pushing "lfedge/eve-acrn-kernel:b76c932549bf9cc97266fddad7b0496c27c04121"
b76c932549bf9cc97266fddad7b0496c27c04121: Pulling from lfedge/eve-acrn-kernel
Digest: sha256:bd62320a77aff9e5cd2a0f29b86abd4fc40a902c4396fa2db6b2e39c4813916c
Status: Image is up to date for lfedge/eve-acrn-kernel:b76c932549bf9cc97266fddad7b0496c27c04121
Building and pushing "lfedge/eve-debug:7470486834865217ccd1f589f44fba48a9647081"
7470486834865217ccd1f589f44fba48a9647081: Pulling from lfedge/eve-debug
Digest: sha256:bc7c7b8808877a4460ec6549365bddba3f3316e23beb69b1154b96206cf1c463
Status: Image is up to date for lfedge/eve-debug:7470486834865217ccd1f589f44fba48a9647081
Building and pushing "lfedge/eve-dnsmasq:cdb36dc56fb50bbd2b28123e435b3660adf34efb"
cdb36dc56fb50bbd2b28123e435b3660adf34efb: Pulling from lfedge/eve-dnsmasq
Digest: sha256:b55dd556251ba5ae5308bba68357e778cf80ef66292daab53d3f509f7c7ff22b
Status: Image is up to date for lfedge/eve-dnsmasq:cdb36dc56fb50bbd2b28123e435b3660adf34efb
Building and pushing "lfedge/eve-dom0-ztools:f6e8d3bb095edb1065ee0262d1643dae7ce43c6e"
f6e8d3bb095edb1065ee0262d1643dae7ce43c6e: Pulling from lfedge/eve-dom0-ztools
Digest: sha256:ff73cd2f1c4eac61b60a28da24d1bf770d252336c73b4046c595736d348ee8c6
Status: Image is up to date for lfedge/eve-dom0-ztools:f6e8d3bb095edb1065ee0262d1643dae7ce43c6e
Building and pushing "lfedge/eve-fscrypt:5df0cdbaa31028b0413b4fc1781b27a84be292dd"
5df0cdbaa31028b0413b4fc1781b27a84be292dd: Pulling from lfedge/eve-fscrypt
Digest: sha256:32df85081d25d67f9426535f6b3d0d8ef4438d91766964cdaa9dacbeaf4326c8
Status: Image is up to date for lfedge/eve-fscrypt:5df0cdbaa31028b0413b4fc1781b27a84be292dd
Building and pushing "lfedge/eve-fw:e07c45a98386767ec3926b813dc4b46a96a81541"
e07c45a98386767ec3926b813dc4b46a96a81541: Pulling from lfedge/eve-fw
Digest: sha256:1f2c0ab02db59a1e79c0cc2529045eb39b73a739b450e8d8029875bdf9f5178e
Status: Image is up to date for lfedge/eve-fw:e07c45a98386767ec3926b813dc4b46a96a81541
Building and pushing "lfedge/eve-gpt-tools:19ef56f5014fab1978a6e98b047d4498eabf8295"
19ef56f5014fab1978a6e98b047d4498eabf8295: Pulling from lfedge/eve-gpt-tools
Digest: sha256:cc958c98fbff93c02b3454b0976d76656a6f75f0dc01fa8ddaeb7d360bb2a165
Status: Image is up to date for lfedge/eve-gpt-tools:19ef56f5014fab1978a6e98b047d4498eabf8295
Building and pushing "lfedge/eve-grub:263c92f1f1b2da23f31c3911462ca7e44e70b55e"
263c92f1f1b2da23f31c3911462ca7e44e70b55e: Pulling from lfedge/eve-grub
Digest: sha256:864047137452c62015262dea0765b015e024384ab058c2607620de1dce76d474
Status: Image is up to date for lfedge/eve-grub:263c92f1f1b2da23f31c3911462ca7e44e70b55e
Building and pushing "lfedge/eve-guacd:f1f08a0fcadd35320f5d03fe0f0a1a318e8449be"
f1f08a0fcadd35320f5d03fe0f0a1a318e8449be: Pulling from lfedge/eve-guacd
Digest: sha256:c8f56593d2e0a75130182602c85a4fb24e7d79c53a7717f718fc09bb84cbaab2
Status: Image is up to date for lfedge/eve-guacd:f1f08a0fcadd35320f5d03fe0f0a1a318e8449be
Building and pushing "lfedge/eve-kernel:1a0c05ad4fc8c3964e22466006b8610b7ff79da5"
1a0c05ad4fc8c3964e22466006b8610b7ff79da5: Pulling from lfedge/eve-kernel
Digest: sha256:3bac753ec5293b97896671f622733da70fc5f0c01f7386f7e5552e3b2b6e1910
Status: Image is up to date for lfedge/eve-kernel:1a0c05ad4fc8c3964e22466006b8610b7ff79da5
Building and pushing "lfedge/eve-lisp:4bdcc521c878167913dabc59743fe4994a21ed56"
4bdcc521c878167913dabc59743fe4994a21ed56: Pulling from lfedge/eve-lisp
Digest: sha256:cafe8de235b9129c2d9bcab0bc8256694e1021d177d57eb33e2537bdd13a0734
Status: Image is up to date for lfedge/eve-lisp:4bdcc521c878167913dabc59743fe4994a21ed56
Building and pushing "lfedge/eve-mkconf:6025254fd59ddce4cfa0c986a8a58be9ccb71841"
6025254fd59ddce4cfa0c986a8a58be9ccb71841: Pulling from lfedge/eve-mkconf
Digest: sha256:ff754194b95f37faf5af17336f37b8e9e2ae9963add5b8bb81a1a5da51093921
Status: Image is up to date for lfedge/eve-mkconf:6025254fd59ddce4cfa0c986a8a58be9ccb71841
Building and pushing "lfedge/eve-mkimage-iso-efi:c630f165a2d91c9412e37e01b2e08b0f9263f5e7"
c630f165a2d91c9412e37e01b2e08b0f9263f5e7: Pulling from lfedge/eve-mkimage-iso-efi
Digest: sha256:821ac5a85f13258762fc727e7725436eb8332fda582b6028b4d762afc14c1c95
Status: Image is up to date for lfedge/eve-mkimage-iso-efi:c630f165a2d91c9412e37e01b2e08b0f9263f5e7
Building and pushing "lfedge/eve-mkimage-raw-efi:2c5ff16c46b8328c506e06cc48598868bcb5bdab"
2c5ff16c46b8328c506e06cc48598868bcb5bdab: Pulling from lfedge/eve-mkimage-raw-efi
Digest: sha256:98613ce39deb8ec9c1911b601bf9e033c20b195929ec950f06f7dc64b2c31394
Status: Image is up to date for lfedge/eve-mkimage-raw-efi:2c5ff16c46b8328c506e06cc48598868bcb5bdab
Building and pushing "lfedge/eve-mkrootfs-ext4:08d616d0ae2fed5b9996b80e1caf06183ea371c6"
08d616d0ae2fed5b9996b80e1caf06183ea371c6: Pulling from lfedge/eve-mkrootfs-ext4
Digest: sha256:01c722122b4cdfbdaedbc7052bd00806a254850da955fd6fb6c5bf5ec68a73b0
Status: Image is up to date for lfedge/eve-mkrootfs-ext4:08d616d0ae2fed5b9996b80e1caf06183ea371c6
Building and pushing "lfedge/eve-mkrootfs-squash:061a611a4fe80e5386f05bc1ebe0bd87952da1b4"
061a611a4fe80e5386f05bc1ebe0bd87952da1b4: Pulling from lfedge/eve-mkrootfs-squash
Digest: sha256:4ceb8ac0f5fab4d17a234b8549431737bf977fd3cb851324afa4a26181fc40c0
Status: Image is up to date for lfedge/eve-mkrootfs-squash:061a611a4fe80e5386f05bc1ebe0bd87952da1b4
Building and pushing "lfedge/eve-xen-tools:6e7994d8f3bbeecfb13993abde1eab7c83ee88af"
6e7994d8f3bbeecfb13993abde1eab7c83ee88af: Pulling from lfedge/eve-xen-tools
Digest: sha256:d330eac888db079ea25f01c7a5a27471cbdc9034c3f8af2d18c40e4228f90b3d
Status: Image is up to date for lfedge/eve-xen-tools:6e7994d8f3bbeecfb13993abde1eab7c83ee88af
Building and pushing "lfedge/eve-strongswan:6dda5ee56b295a0115e7c09a0ca23aa925426252"
6dda5ee56b295a0115e7c09a0ca23aa925426252: Pulling from lfedge/eve-strongswan
Digest: sha256:23a114b85bb003ff07d9ace288f437aa4b1b40269ba716754261013fa00781c5
Status: Image is up to date for lfedge/eve-strongswan:6dda5ee56b295a0115e7c09a0ca23aa925426252
Building and pushing "lfedge/eve-watchdog:6467d18c58faa455deaf3e4ab04d9fd4a5ed6512"
6467d18c58faa455deaf3e4ab04d9fd4a5ed6512: Pulling from lfedge/eve-watchdog
Digest: sha256:799264427df90434c1e7ffe313e383550b5a8ae8b918aeeb27c99e7a6035abe1
Status: Image is up to date for lfedge/eve-watchdog:6467d18c58faa455deaf3e4ab04d9fd4a5ed6512
Building and pushing "lfedge/eve-rkt:15525fb9c5a58f9e7ec98004b6859365e1f99c98"
15525fb9c5a58f9e7ec98004b6859365e1f99c98: Pulling from lfedge/eve-rkt
Digest: sha256:b50a15f51e3b19fe980f9bdcf54145e5b4e9dd0521c403bf67753b606c4d985f
Status: Image is up to date for lfedge/eve-rkt:15525fb9c5a58f9e7ec98004b6859365e1f99c98
Building and pushing "lfedge/eve-rkt-stage1:5b9ee56a92de3c0ac9fe84a11dc7be8d0231fb5c"
5b9ee56a92de3c0ac9fe84a11dc7be8d0231fb5c: Pulling from lfedge/eve-rkt-stage1
Digest: sha256:cfc5585fb8dd23b17c9aeb987110d194c170627bb40cf1c866e969f5f4012785
Status: Image is up to date for lfedge/eve-rkt-stage1:5b9ee56a92de3c0ac9fe84a11dc7be8d0231fb5c
Building and pushing "lfedge/eve-uefi:fdf6300a5eeb9257e9aea002dbe40d01a70ea5fa"
fdf6300a5eeb9257e9aea002dbe40d01a70ea5fa: Pulling from lfedge/eve-uefi
Digest: sha256:2963e3c14909393e27334219cbefe25abc675275a9de2efdf5560d9e4300cc2d
Status: Image is up to date for lfedge/eve-uefi:fdf6300a5eeb9257e9aea002dbe40d01a70ea5fa
open /home/zededa-ci/src/eve/pkg/device-trees/build.yml: no such file or directory
Building and pushing "lfedge/eve-pillar:aed8121606ccd47713c81ca5924ca65c560e515c"
aed8121606ccd47713c81ca5924ca65c560e515c: Pulling from lfedge/eve-pillar
Digest: sha256:b13d425e23dbcfb57e759a93d104cc4284073e8c8ec5325c0c3fc00fe970db92
Status: Image is up to date for lfedge/eve-pillar:aed8121606ccd47713c81ca5924ca65c560e515c
open /home/zededa-ci/src/eve/pkg/device-trees/build.yml: no such file or directory
Building and pushing "lfedge/eve-qrexec-lib:b0fb86eb752be7884d4d83c1dbbb025e75c5c466"
b0fb86eb752be7884d4d83c1dbbb025e75c5c466: Pulling from lfedge/eve-qrexec-lib
Digest: sha256:738f796da4d434031d40e93bc8f5e9943e804861834ae687a926f60bfaac7cf7
Status: Image is up to date for lfedge/eve-qrexec-lib:b0fb86eb752be7884d4d83c1dbbb025e75c5c466
open /home/zededa-ci/src/eve/pkg/device-trees/build.yml: no such file or directory
Building and pushing "lfedge/eve-qrexec-dom0:29024a9e04a96b4baede4f474dcf85c1cef98607"
29024a9e04a96b4baede4f474dcf85c1cef98607: Pulling from lfedge/eve-qrexec-dom0
Digest: sha256:cdd8e3bb99cb58ce3ca6e8a55e767cf610357eb24bb3c47b8f1835c3c8bedbcb
Status: Image is up to date for lfedge/eve-qrexec-dom0:29024a9e04a96b4baede4f474dcf85c1cef98607
Building and pushing "lfedge/eve-rngd:6e16dad8553a6c2939854abfa9f34a5f2604bce7"
6e16dad8553a6c2939854abfa9f34a5f2604bce7: Pulling from lfedge/eve-rngd
Digest: sha256:4c880395a2ab261cc4abe2b866db6764527c19c61a187e68470e1e3f94f99388
Status: Image is up to date for lfedge/eve-rngd:6e16dad8553a6c2939854abfa9f34a5f2604bce7
Building and pushing "lfedge/eve-rsyslog:ccaf76aa6dd4fdef532207e9199befee289a2723"
ccaf76aa6dd4fdef532207e9199befee289a2723: Pulling from lfedge/eve-rsyslog
Digest: sha256:470d4c3436c254a39b501ac4b2e00b5dd47c0c3cfd22a3fefb85072ef5dbc615
Status: Image is up to date for lfedge/eve-rsyslog:ccaf76aa6dd4fdef532207e9199befee289a2723
Building and pushing "lfedge/eve-storage-init:c45c5c9be6dd74cd1c28d15d668c0eed8e32217d"
Error response from daemon: pull access denied for lfedge/eve-storage-init, repository does not exist or may require 'docker login'
No image pulled, continuing with build
Sending build context to Docker daemon  7.168kB
Step 1/7 : FROM alpine:3.10.3
 ---> 61ebf0b9b18f
Step 2/7 : WORKDIR /
 ---> Using cache
 ---> a1331032ffa2
Step 3/7 : RUN apk add --no-cache bash glib squashfs-tools util-linux e2fsprogs         e2fsprogs-extra keyutils
 ---> Using cache
 ---> 5f9ba3a637e6
Step 4/7 : COPY storage-init.sh /storage-init.sh
 ---> Using cache
 ---> 7f564a7f7709
Step 5/7 : ENTRYPOINT
 ---> Using cache
 ---> 70e59d213447
Step 6/7 : CMD /storage-init.sh
 ---> Using cache
 ---> 24b016e7750c
Step 7/7 : LABEL org.mobyproject.config '{"capabilities":["CAP_SYS_ADMIN"],"binds":["/dev:/dev","/var:/var:rshared,rbind","/:/hostfs"],"net":"host","rootfsPropagation":"shared"}' org.mobyproject.linuxkit.revision 'unknown' org.mobyproject.linuxkit.version 'unknown' org.opencontainers.image.revision 'fa74cd1382e89291c4d1c130702a44251749234f' org.opencontainers.image.source 'https://github.com/linuxkit/linuxkit'
 ---> Using cache
 ---> 6c65c9442538
Successfully built 6c65c9442538
Successfully tagged lfedge/eve-storage-init:c45c5c9be6dd74cd1c28d15d668c0eed8e32217d-arm64
Pushing lfedge/eve-storage-init:c45c5c9be6dd74cd1c28d15d668c0eed8e32217d-arm64
The push refers to a repository [docker.io/lfedge/eve-storage-init]
67fb988eb2aa: Preparing
b6f1e0f2177a: Preparing
98713a20507f: Preparing
denied: requested access to the resource is denied
exit status 1
Makefile:312: recipe for target 'eve-storage-init' failed
make: *** [eve-storage-init] Error 1
rm pkg/qrexec-dom0/Dockerfile pkg/qrexec-lib/Dockerfile pkg/pillar/Dockerfile
Creating go builder image for user zededa-ci
eve-build-zededa-ci docker container is ready to use
mkdir -p /home/zededa-ci/src/eve/dist/arm64
cd /home/zededa-ci/src/eve/dist/arm64 ; _() { C=`docker create $1 fake` ; shift ; docker export $C | tar -xf - "$@" ; docker rm $C ; } ; _ lfedge/eve-uefi:fdf6300a5eeb9257e9aea002dbe40d01a70ea5fa-arm64 OVMF.fd
135b62e03e72852f4fe34fe23b25319a555b704805eacacb6eb982c1796f735e
mkdir -p /home/zededa-ci/src/eve/dist/arm64/installer
./tools/makeconfig.sh conf /home/zededa-ci/src/eve/dist/arm64/installer/config.img
/conf/eve.dtb: Warning (unit_address_vs_reg): Node /regulator@1 has a unit name, but no reg property
/conf/eve.dtb: Warning (unit_address_vs_reg): Node /soc/i2c@f7102000/adv7533@39/ports/port@0 has a unit name, but no reg property
/conf/eve.dtb: Warning (unit_address_vs_reg): Node /soc/thermal-zones/cls0/trips/trip-point@0 has a unit name, but no reg property
/conf/eve.dtb: Warning (unit_address_vs_reg): Node /soc/thermal-zones/cls0/trips/trip-point@1 has a unit name, but no reg property
/conf/eve.dtb: Warning (unit_address_vs_reg): Node /soc/dsi@f4107800/ports/port@1/endpoint@0 has a unit name, but no reg property
/conf/eve.dtb: Warning (unit_address_vs_reg): Node /soc/i2s@f7118000/ports/port@0 has a unit name, but no reg property
/conf/eve.dtb: Warning (unit_address_vs_reg): Node /regulator@2 has a unit name, but no reg property
/conf/eve.dtb: Warning (unit_address_vs_reg): Node /regulator@0 has a unit name, but no reg property
1024+0 records in
1024+0 records out
mkfs.fat 4.1 (2017-01-24)
/config.img has 64 heads and 32 sectors per track,
hidden sectors 0x0000;
logical sector size is 512,
using 0xf8 media descriptor, with 2048 sectors;
drive number 0x80;
filesystem has 2 12-bit FATs and 4 sectors per cluster.
FAT size is 2 sectors, and provides 502 clusters.
There is 1 reserved sector.
Root directory contains 512 slots and uses 32 sectors.
Volume ID is bd16e6da, volume label EVE        .
cd /home/zededa-ci/src/eve/dist/arm64/installer ; _() { C=`docker create $1 fake` ; shift ; docker export $C | tar -xf - "$@" ; docker rm $C ; } ; _ lfedge/eve-grub:263c92f1f1b2da23f31c3911462ca7e44e70b55e-arm64 EFI
ac48769307f7756c14b4d17e7dd46065a585c9230d5553fad934732e3351758a
Done building /home/zededa-ci/src/eve/build-tools/bin/linuxkit
open /home/zededa-ci/src/eve/pkg/device-trees/build.yml: no such file or directory
./tools/makerootfs.sh images/rootfs-xen.yml squash /home/zededa-ci/src/eve/dist/arm64/installer/rootfs.img
Extract kernel image: lfedge/eve-kernel:1a0c05ad4fc8c3964e22466006b8610b7ff79da5-arm64
Add init containers:
Process init image: linuxkit/init:v0.5-arm64
Process init image: linuxkit/runc:v0.5-arm64
time="2019-12-16T08:01:49+01:00" level=warning msg="targets/riyaz metadata is nearing expiry, you should re-sign the role metadata"
Process init image: linuxkit/containerd:v0.5-arm64
time="2019-12-16T08:01:50+01:00" level=warning msg="targets/riyaz metadata is nearing expiry, you should re-sign the role metadata"
Process init image: linuxkit/getty:v0.5-arm64
Process init image: lfedge/eve-grub:263c92f1f1b2da23f31c3911462ca7e44e70b55e-arm64
Process init image: lfedge/eve-fw:e07c45a98386767ec3926b813dc4b46a96a81541-arm64
Process init image: lfedge/eve-xen:b40875d1508c3768b4269447ccfb763afe82f58d-arm64
Process init image: lfedge/eve-gpt-tools:19ef56f5014fab1978a6e98b047d4498eabf8295-arm64
Process init image: lfedge/eve-dom0-ztools:f6e8d3bb095edb1065ee0262d1643dae7ce43c6e-arm64
Add onboot containers:
  Create OCI config for lfedge/eve-storage-init:c45c5c9be6dd74cd1c28d15d668c0eed8e32217d-arm64
  Create OCI config for linuxkit/sysctl:v0.5-arm64
  Create OCI config for lfedge/eve-rngd:6e16dad8553a6c2939854abfa9f34a5f2604bce7-arm64
  Create OCI config for linuxkit/modprobe:v0.5-arm64
  Create OCI config for lfedge/eve-rsyslog:ccaf76aa6dd4fdef532207e9199befee289a2723-arm64
Add service containers:
  Create OCI config for linuxkit/openntpd:v0.5-arm64
time="2019-12-16T08:02:04+01:00" level=warning msg="targets/riyaz metadata is nearing expiry, you should re-sign the role metadata"
  Create OCI config for linuxkit/sshd:v0.5-arm64
time="2019-12-16T08:02:06+01:00" level=warning msg="targets/justin metadata is nearing expiry, you should re-sign the role metadata"
  Create OCI config for lfedge/eve-wwan:2b98bc7569f167b1850dd9025a4b8c8489fee754-arm64
  Create OCI config for lfedge/eve-wlan:d1ac240f7ce90e255869ffc3ecda46dd313f45e9-arm64
  Create OCI config for lfedge/eve-guacd:f1f08a0fcadd35320f5d03fe0f0a1a318e8449be-arm64
  Create OCI config for lfedge/eve-pillar:aed8121606ccd47713c81ca5924ca65c560e515c-arm64
  Create OCI config for lfedge/eve-vtpm:3cd0c83f68cb9814103446cb93ac238cebea0f44-arm64
Add files:
  /etc/eve-release
  /containers/services/pillar/lower/opt/zededa/bin/versioninfo
Parallel mksquashfs: Using 4 processors
Creating 4.0 filesystem on /rootfs.img, block size 131072.
[/                                                           ]     0/19980   0%[==============================================/             ] 15800/19980  79%[================================================/           ] 16300/19980  81%[==================================================/         ] 17200/19980  86%[===================================================\        ] 17300/19980  86%[===========================================================-] 19980/19980 100%

Exportable Squashfs 4.0 filesystem, gzip compressed, data block size 131072
	compressed data, compressed metadata, compressed fragments, compressed xattrs
	duplicates are removed
Filesystem size 228677.34 Kbytes (223.32 Mbytes)
	33.66% of uncompressed filesystem size (679323.42 Kbytes)
Inode table size 222431 bytes (217.22 Kbytes)
	25.56% of uncompressed inode table size (870174 bytes)
Directory table size 234989 bytes (229.48 Kbytes)
	45.41% of uncompressed directory table size (517489 bytes)
Number of duplicate files found 6300
Number of inodes 22566
Number of files 15812
Number of fragments 737
Number of symbolic links  4763
Number of device nodes 4
Number of fifo nodes 0
Number of socket nodes 0
Number of directories 1987
Number of ids (unique uids + gids) 3
Number of uids 1
	root (0)
Number of gids 3
	root (0)
	shadow (42)
	tty (5)
cd /home/zededa-ci/src/eve/dist/arm64/installer ; _() { C=`docker create $1 fake` ; shift ; docker export $C | tar -xf - "$@" ; docker rm $C ; } ; _ lfedge/eve-mkimage-raw-efi:2c5ff16c46b8328c506e06cc48598868bcb5bdab-arm64 initrd.img EFI
e228d8cfc9e0633888e964c51c2cbf0e2e9e7e194e65487558cc564fc8ab2b0a
./tools/makeiso.sh /home/zededa-ci/src/eve/dist/arm64/installer /home/zededa-ci/src/eve/dist/arm64/installer.iso
the input device is not a TTY
Makefile:231: recipe for target '/home/zededa-ci/src/eve/dist/arm64/installer.iso' failed
make: *** [/home/zededa-ci/src/eve/dist/arm64/installer.iso] Error 1
FINISHED
