From https://github.com/lf-edge/eve
   80c0c73c..7f762a87  master        -> origin/master
 * [new tag]           3.1.1         -> 3.1.1
 * [new tag]           3.10.0        -> 3.10.0
 * [new tag]           3.2.0         -> 3.2.0
 * [new tag]           3.3.0         -> 3.3.0
 * [new tag]           3.3.1         -> 3.3.1
 * [new tag]           3.3.2         -> 3.3.2
 * [new tag]           3.4.0         -> 3.4.0
 * [new tag]           3.4.1         -> 3.4.1
 * [new tag]           3.4.10        -> 3.4.10
 * [new tag]           3.4.2         -> 3.4.2
 * [new tag]           3.5.0         -> 3.5.0
 * [new tag]           3.6.0         -> 3.6.0
 * [new tag]           3.7.0         -> 3.7.0
 * [new tag]           3.8.0         -> 3.8.0
 * [new tag]           3.8.1         -> 3.8.1
 * [new tag]           3.8.2         -> 3.8.2
 * [new tag]           3.8.2-xen413  -> 3.8.2-xen413
 * [new tag]           3.8.2-xen413a -> 3.8.2-xen413a
 * [new tag]           3.9.0         -> 3.9.0
 * [new tag]           3.9.1         -> 3.9.1
 * [new tag]           3.9.2         -> 3.9.2
 * [new tag]           3.9.3         -> 3.9.3
 * [new tag]           4.1.0         -> 4.1.0
 * [new tag]           4.1.1         -> 4.1.1
 * [new tag]           4.1.2         -> 4.1.2
 * [new tag]           4.2.0         -> 4.2.0
 * [new tag]           4.3.0         -> 4.3.0
 * [new tag]           4.3.1         -> 4.3.1
Building the following tags: 3.8.2-xen413a
4.3.1 origin/master (latest tag is 4.3.1)
Skipping repository .go/pkg/dep/sources/https---github.com-linuxkit-linuxkit
Skipping repository .go/pkg/dep/sources/https---github.com-moby-hyperkit
Skipping repository .go/pkg/dep/sources/https---github.com-gorilla-context
Skipping repository .go/pkg/dep/sources/https---github.com-theupdateframework-notary
Skipping repository .go/pkg/dep/sources/https---github.com-mitchellh-go--ps
Skipping repository .go/pkg/dep/sources/https---github.com-golang-appengine
Skipping repository .go/pkg/dep/sources/https---github.com-xeipuuv-gojsonschema
Skipping repository .go/pkg/dep/sources/https---go.googlesource.com-net
Skipping repository .go/pkg/dep/sources/https---github.com-xeipuuv-gojsonpointer
Skipping repository .go/pkg/dep/sources/https---github.com-Azure-azure--sdk--for--go
Skipping repository .go/pkg/dep/sources/https---github.com-moby-tool
Skipping repository .go/pkg/dep/sources/https---github.com-Azure-go--ansiterm
Skipping repository .go/pkg/dep/sources/https---github.com-moby-vpnkit
Skipping repository .go/pkg/dep/sources/https---github.com-moul-anonuuid
Skipping repository .go/pkg/dep/sources/https---github.com-Azure-go--autorest
Skipping repository .go/pkg/dep/sources/https---github.com-moul-gotty--client
Skipping repository .go/pkg/dep/sources/https---github.com-Microsoft-go--winio
Skipping repository .go/pkg/dep/sources/https---github.com-agl-ed25519
Skipping repository .go/pkg/dep/sources/https---github.com-aws-aws--sdk--go
Skipping repository .go/pkg/dep/sources/https---github.com-containerd-containerd
Skipping repository .go/pkg/dep/sources/https---github.com-opencontainers-go--digest
Skipping repository .go/pkg/dep/sources/https---github.com-opencontainers-image--spec
Skipping repository .go/pkg/dep/sources/https---github.com-opencontainers-runtime--spec
Skipping repository .go/pkg/dep/sources/https---github.com-packethost-packngo
Skipping repository .go/pkg/dep/sources/https---github.com-pkg-errors
Skipping repository .go/pkg/dep/sources/https---github.com-radu--matei-azure--sdk--for--go
Skipping repository .go/pkg/dep/sources/https---github.com-radu--matei-azure--vhd--utils
Skipping repository .go/pkg/dep/sources/https---github.com-renstrom-fuzzysearch
Skipping repository .go/pkg/dep/sources/https---github.com-rn-iso9660wrap
Skipping repository .go/pkg/dep/sources/https---github.com-creack-goselect
Skipping repository .go/pkg/dep/sources/https---github.com-dgrijalva-jwt--go
Skipping repository .go/pkg/dep/sources/https---github.com-docker-distribution
Skipping repository .go/pkg/dep/sources/https---github.com-docker-docker
Skipping repository .go/pkg/dep/sources/https---github.com-docker-go
Skipping repository .go/pkg/dep/sources/https---github.com-docker-go--connections
Skipping repository .go/pkg/dep/sources/https---github.com-docker-go--units
Skipping repository .go/pkg/dep/sources/https---github.com-jmespath-go--jmespath
Skipping repository .go/pkg/dep/sources/https---github.com-scaleway-go--scaleway
Skipping repository .go/pkg/dep/sources/https---github.com-go--ini-ini
Skipping repository .go/pkg/dep/sources/https---github.com-gorilla-mux
Skipping repository .go/pkg/dep/sources/https---github.com-gogo-protobuf
Skipping repository .go/pkg/dep/sources/https---github.com-gorilla-websocket
Skipping repository .go/pkg/dep/sources/https---github.com-vmware-govmomi
Skipping repository .go/pkg/dep/sources/https---github.com-sirupsen-logrus
Skipping repository .go/pkg/dep/sources/https---gopkg.in-yaml.v2
Skipping repository .go/pkg/dep/sources/https---github.com-golang-protobuf
Skipping repository .go/pkg/dep/sources/https---github.com-docker-go--p9p
Skipping repository .go/pkg/dep/sources/https---github.com-google-uuid
Skipping repository .go/pkg/dep/sources/https---github.com-gophercloud-gophercloud
Skipping repository .go/pkg/dep/sources/https---github.com-xeipuuv-gojsonreference
Skipping repository .go/pkg/dep/sources/https---github.com-moby-datakit
Skipping repository .go/pkg/dep/sources/https---github.com-surma-gocpio
Skipping repository .go/pkg/dep/sources/https---github.com-miekg-pkcs11
Skipping repository .go/pkg/dep/sources/https---go.googlesource.com-sync
Skipping repository .go/pkg/dep/sources/https---go.googlesource.com-oauth2
Skipping repository .go/pkg/dep/sources/https---code.googlesource.com-gocloud
Skipping repository .go/pkg/dep/sources/https---go.googlesource.com-sys
Skipping repository .go/pkg/dep/sources/https---go.googlesource.com-crypto
Skipping repository .go/pkg/dep/sources/https---code.googlesource.com-google--api--go--client
Skipping repository .go/pkg/dep/sources/https---github.com-census--instrumentation-opencensus--go
Skipping repository .go/pkg/dep/sources/https---github.com-googleapis-gax--go
Skipping repository .go/pkg/dep/sources/https---github.com-grpc-grpc--go
Skipping repository .go/pkg/dep/sources/https---github.com-konsorten-go--windows--terminal--sequences
Skipping repository .go/pkg/dep/sources/https---github.com-golang-groupcache
Skipping repository .go/pkg/dep/sources/https---github.com-google-go--genproto
Skipping repository .go/pkg/dep/sources/https---go.googlesource.com-text
Removing .go/src
Removing .go/bin
Removing build-tools/bin/linuxkit
Removing build-tools/bin/manifest-tool
Removing dist/
Removing images/installer.yml
Removing images/rootfs-xen.yml
HEAD is now at 978eea79 Dummy commit
Creating go builder image for user zededa-ci
eve-build-zededa-ci docker container is ready to use
Done building /home/zededa-ci/src/eve/build-tools/bin/linuxkit
Building and pushing "lfedge/eve-debug:3.8.2-xen413a"
3.8.2-xen413a: Pulling from lfedge/eve-debug
Digest: sha256:1b4b3fd3d0c307214c86c13e16197c9064b18d00cc369bcc0061f299c72adac2
Status: Image is up to date for lfedge/eve-debug:3.8.2-xen413a
Building and pushing "lfedge/eve-device-trees:3.8.2-xen413a"
3.8.2-xen413a: Pulling from lfedge/eve-device-trees
Digest: sha256:82bee3ff2be174361d03ac8dcba700d5698e2c427d1cbe7cde2d1c34f294fc6d
Status: Image is up to date for lfedge/eve-device-trees:3.8.2-xen413a
Building and pushing "lfedge/eve-dnsmasq:3.8.2-xen413a"
3.8.2-xen413a: Pulling from lfedge/eve-dnsmasq
Digest: sha256:f43ef173ac0e310f3086ac4dd09fee6a670392e68d0a4c78f73ec1dedfb98e2f
Status: Image is up to date for lfedge/eve-dnsmasq:3.8.2-xen413a
Building and pushing "lfedge/eve-dom0-ztools:3.8.2-xen413a"
3.8.2-xen413a: Pulling from lfedge/eve-dom0-ztools
Digest: sha256:7eaf5a54ed5eac096f178b011b85b43d3b8319318606aa817c9c70dd244d2f7a
Status: Image is up to date for lfedge/eve-dom0-ztools:3.8.2-xen413a
Building and pushing "lfedge/eve-fscrypt:3.8.2-xen413a"
3.8.2-xen413a: Pulling from lfedge/eve-fscrypt
Digest: sha256:e43e6afd7475d9c6a9d233d273e0ea86f350f61cd3ed56e913a2f283436643f5
Status: Image is up to date for lfedge/eve-fscrypt:3.8.2-xen413a
Building and pushing "lfedge/eve-fw:3.8.2-xen413a"
3.8.2-xen413a: Pulling from lfedge/eve-fw
Digest: sha256:ce35111cbe2bcd9a97dbfeb9cda0349a909748be6ef44e21c385a0d589a854b5
Status: Image is up to date for lfedge/eve-fw:3.8.2-xen413a
Building and pushing "lfedge/eve-gpt-tools:3.8.2-xen413a"
3.8.2-xen413a: Pulling from lfedge/eve-gpt-tools
Digest: sha256:f199a465001bf5f30fe370df24501bfbe7a5fc5618a8a06e9293b904263446ab
Status: Image is up to date for lfedge/eve-gpt-tools:3.8.2-xen413a
Building and pushing "lfedge/eve-grub:3.8.2-xen413a"
3.8.2-xen413a: Pulling from lfedge/eve-grub
Digest: sha256:5f14dff44340d0228ba1443c679773fe45e6a926973a272972f2ada25844301a
Status: Image is up to date for lfedge/eve-grub:3.8.2-xen413a
Building and pushing "lfedge/eve-guacd:3.8.2-xen413a"
3.8.2-xen413a: Pulling from lfedge/eve-guacd
Digest: sha256:ba44cb61c1269aa1b31743d29f0d041cecd0aed08ae660e10ca52b730f3030c1
Status: Image is up to date for lfedge/eve-guacd:3.8.2-xen413a
Building and pushing "lfedge/eve-kernel:3.8.2-xen413a"
3.8.2-xen413a: Pulling from lfedge/eve-kernel
Digest: sha256:8e58051c44c76a65b0379447eae3846deae0679f0d3a429af9fd108da2254f2b
Status: Image is up to date for lfedge/eve-kernel:3.8.2-xen413a
Building and pushing "lfedge/eve-lisp:3.8.2-xen413a"
3.8.2-xen413a: Pulling from lfedge/eve-lisp
Digest: sha256:a11141c2614e1b5e86bd2279821f8794c1c5600e591d48ad53754f1697d78bfe
Status: Image is up to date for lfedge/eve-lisp:3.8.2-xen413a
Building and pushing "lfedge/eve-mkconf:3.8.2-xen413a"
3.8.2-xen413a: Pulling from lfedge/eve-mkconf
Digest: sha256:8c32bc136b89619c707c69f6a0d0f51b50fa3578262139d4524b319a5f13dee8
Status: Image is up to date for lfedge/eve-mkconf:3.8.2-xen413a
Building and pushing "lfedge/eve-mkimage-iso-efi:3.8.2-xen413a"
3.8.2-xen413a: Pulling from lfedge/eve-mkimage-iso-efi
Digest: sha256:2e4570fad033a9b465a58325ce6fb633366bfef06a79919e3595dc166b7a1d73
Status: Image is up to date for lfedge/eve-mkimage-iso-efi:3.8.2-xen413a
Building and pushing "lfedge/eve-mkimage-raw-efi:3.8.2-xen413a"
3.8.2-xen413a: Pulling from lfedge/eve-mkimage-raw-efi
Digest: sha256:af78d14aa8ae02ffba500f1f3c0ec96b13bf6a7f0131a80604bf58a79fe31bfc
Status: Image is up to date for lfedge/eve-mkimage-raw-efi:3.8.2-xen413a
Building and pushing "lfedge/eve-mkrootfs-ext4:3.8.2-xen413a"
3.8.2-xen413a: Pulling from lfedge/eve-mkrootfs-ext4
Digest: sha256:95ea5157383422a6263ea88f2b08682cf9e0efd5331b418afdc7ba0cd7527e26
Status: Image is up to date for lfedge/eve-mkrootfs-ext4:3.8.2-xen413a
Building and pushing "lfedge/eve-mkrootfs-squash:3.8.2-xen413a"
3.8.2-xen413a: Pulling from lfedge/eve-mkrootfs-squash
Digest: sha256:95ea5157383422a6263ea88f2b08682cf9e0efd5331b418afdc7ba0cd7527e26
Status: Image is up to date for lfedge/eve-mkrootfs-squash:3.8.2-xen413a
Building and pushing "lfedge/eve-xen-tools:3.8.2-xen413a"
3.8.2-xen413a: Pulling from lfedge/eve-xen-tools
Digest: sha256:b3f840d1f1fb7c4f28c3f00d6aec806b634350359124188516876603bb7f1741
Status: Image is up to date for lfedge/eve-xen-tools:3.8.2-xen413a
Building and pushing "lfedge/eve-strongswan:3.8.2-xen413a"
3.8.2-xen413a: Pulling from lfedge/eve-strongswan
Digest: sha256:788382f2265a904d1e2650892a3cf6e998f2f011b752a7a2f2f61d3a74e7325d
Status: Image is up to date for lfedge/eve-strongswan:3.8.2-xen413a
Building and pushing "lfedge/eve-watchdog:3.8.2-xen413a"
3.8.2-xen413a: Pulling from lfedge/eve-watchdog
Digest: sha256:80159694fd6b238d6fec22d9e0c2a9c8b46a712c33ba1f97974e475ba58f1ccc
Status: Image is up to date for lfedge/eve-watchdog:3.8.2-xen413a
Building and pushing "lfedge/eve-rkt:3.8.2-xen413a"
3.8.2-xen413a: Pulling from lfedge/eve-rkt
Digest: sha256:15a2d306ff7397afe953e944eaef9437b44263e8b4cccf88d19865120bb71163
Status: Image is up to date for lfedge/eve-rkt:3.8.2-xen413a
Building and pushing "lfedge/eve-rkt-stage1:3.8.2-xen413a"
3.8.2-xen413a: Pulling from lfedge/eve-rkt-stage1
Digest: sha256:d003d1ec1b0ca569c37803d2805c349a0796dbb1f554d394948ddc4c97e0ef14
Status: Image is up to date for lfedge/eve-rkt-stage1:3.8.2-xen413a
Building and pushing "lfedge/eve-pillar:3.8.2-xen413a"
3.8.2-xen413a: Pulling from lfedge/eve-pillar
Digest: sha256:34394f973548d56b3635677733858bea0a2f8f57f9079c74cc531bb3b96ede4e
Status: Image is up to date for lfedge/eve-pillar:3.8.2-xen413a
Building and pushing "lfedge/eve-qrexec-lib:3.8.2-xen413a"
3.8.2-xen413a: Pulling from lfedge/eve-qrexec-lib
Digest: sha256:4f4fade3424b3b3fe829c125c556eda558252917f383414e6a584d62aa0ac641
Status: Image is up to date for lfedge/eve-qrexec-lib:3.8.2-xen413a
Building and pushing "lfedge/eve-qrexec-dom0:3.8.2-xen413a"
3.8.2-xen413a: Pulling from lfedge/eve-qrexec-dom0
Digest: sha256:4842a6c2ca44a64ffd6641af5a38423b378993440ecfae190e1a4391323a8dca
Status: Image is up to date for lfedge/eve-qrexec-dom0:3.8.2-xen413a
Building and pushing "lfedge/eve-rngd:3.8.2-xen413a"
3.8.2-xen413a: Pulling from lfedge/eve-rngd
Digest: sha256:0d07c9d4800a2a448599d961c447407009ee670da5cb2661f7dc4403f0614c0f
Status: Image is up to date for lfedge/eve-rngd:3.8.2-xen413a
Building and pushing "lfedge/eve-uefi:3.8.2-xen413a"
3.8.2-xen413a: Pulling from lfedge/eve-uefi
Digest: sha256:015302faad642fdeb426ace2326239f21e714ca7f5a55e1a86a77200f8f68672
Status: Image is up to date for lfedge/eve-uefi:3.8.2-xen413a
Building and pushing "lfedge/eve-wlan:3.8.2-xen413a"
3.8.2-xen413a: Pulling from lfedge/eve-wlan
Digest: sha256:bd9973eb50a8f4ffb2e456f794e561b76376b53dca26684699695bcb65c28820
Status: Image is up to date for lfedge/eve-wlan:3.8.2-xen413a
Building and pushing "lfedge/eve-wwan:3.8.2-xen413a"
3.8.2-xen413a: Pulling from lfedge/eve-wwan
Digest: sha256:17bac43d1a72529199d96ae8060db5142e2e604f2b36b3a78bba61cf83753111
Status: Image is up to date for lfedge/eve-wwan:3.8.2-xen413a
Building and pushing "lfedge/eve-xen:3.8.2-xen413a"
3.8.2-xen413a: Pulling from lfedge/eve-xen
Digest: sha256:621a628150bcaabb94d644b1617fde68d5b9bf9d912a27915940a1949826383f
Status: Image is up to date for lfedge/eve-xen:3.8.2-xen413a
Done building packages
rm pkg/qrexec-dom0/Dockerfile pkg/qrexec-lib/Dockerfile pkg/pillar/Dockerfile
Creating go builder image for user zededa-ci
eve-build-zededa-ci docker container is ready to use
mkdir -p /home/zededa-ci/src/eve/dist/arm64/bios
cd /home/zededa-ci/src/eve/dist/arm64/bios ; _() { C=`docker create $1 fake` ; docker export $C | tar -xf - $2 ; docker rm $C ; } ; _ lfedge/eve-uefi:aef36d9c29fd16f9bae72a74d887568f0ef138f0-arm64 OVMF.fd
181d5182cb4eb1305d58ed6bb6b31b421d83b2e286f63e32d50c02e4d837427b
mkdir -p /home/zededa-ci/src/eve/dist/arm64
./tools/makeconfig.sh conf /home/zededa-ci/src/eve/dist/arm64/config.img
+ CONFIG_FILE=/config.img
+ CONFIG_SIZE_KB=1024
+ cd /conf
+ tar xf -
+ echo mtools_skip_check=1
+ dd if=/dev/zero of=/config.img bs=1024 count=1024
1024+0 records in
1024+0 records out
+ mkfs.vfat -n EVE -v /config.img 1024
mkfs.fat 4.1 (2017-01-24)
/config.img has 64 heads and 32 sectors per track,
hidden sectors 0x0000;
logical sector size is 512,
using 0xf8 media descriptor, with 2048 sectors;
drive number 0x80;
filesystem has 2 12-bit FATs and 4 sectors per cluster.
FAT size is 2 sectors, and provides 502 clusters.
There is 1 reserved sector.
Root directory contains 512 slots and uses 32 sectors.
Volume ID is b481a4b9, volume label EVE        .
+ mcopy -i /config.img -s /conf/authorized_keys /conf/onboard.cert.pem /conf/onboard.key.pem /conf/root-certificate.pem /conf/server /conf/wpa_supplicant.conf ::/
Done building /home/zededa-ci/src/eve/build-tools/bin/linuxkit
./tools/makerootfs.sh images/rootfs.yml squash /home/zededa-ci/src/eve/dist/arm64/rootfs.img
Extract kernel image: lfedge/eve-kernel:3.8.2-xen413a-arm64
Add init containers:
Process init image: linuxkit/init:v0.5-arm64
Process init image: linuxkit/runc:v0.5-arm64
time="2019-12-11T21:02:28+01:00" level=warning msg="targets/riyaz metadata is nearing expiry, you should re-sign the role metadata"
Process init image: linuxkit/containerd:v0.5-arm64
time="2019-12-11T21:02:31+01:00" level=warning msg="targets/riyaz metadata is nearing expiry, you should re-sign the role metadata"
Process init image: linuxkit/getty:v0.5-arm64
Process init image: lfedge/eve-grub:3.8.2-xen413a-arm64
Process init image: lfedge/eve-device-trees:3.8.2-xen413a-arm64
Process init image: lfedge/eve-fw:3.8.2-xen413a-arm64
Process init image: lfedge/eve-xen:3.8.2-xen413a-arm64
Process init image: lfedge/eve-gpt-tools:3.8.2-xen413a-arm64
Process init image: lfedge/eve-dom0-ztools:3.8.2-xen413a-arm64
Add onboot containers:
  Create OCI config for linuxkit/sysctl:v0.5-arm64
  Create OCI config for linuxkit/modprobe:v0.5-arm64
  Create OCI config for linuxkit/mount:v0.5-arm64
  Create OCI config for lfedge/eve-rngd:3.8.2-xen413a-arm64
Add service containers:
  Create OCI config for linuxkit/openntpd:v0.5-arm64
time="2019-12-11T21:02:51+01:00" level=warning msg="targets/riyaz metadata is nearing expiry, you should re-sign the role metadata"
  Create OCI config for linuxkit/sshd:v0.5-arm64
time="2019-12-11T21:02:53+01:00" level=warning msg="targets/justin metadata is nearing expiry, you should re-sign the role metadata"
  Create OCI config for lfedge/eve-wwan:3.8.2-xen413a-arm64
  Create OCI config for lfedge/eve-wlan:3.8.2-xen413a-arm64
  Create OCI config for lfedge/eve-guacd:3.8.2-xen413a-arm64
  Create OCI config for lfedge/eve-pillar:3.8.2-xen413a-arm64
Add files:
  /etc/eve-release
  /containers/services/pillar/lower/opt/zededa/bin/versioninfo
Parallel mksquashfs: Using 4 processors
Creating 4.0 filesystem on /rootfs.img, block size 131072.
[/                                                           ]     0/22092   0%[=====/                                                      ]  2200/22092   9%[==========|                                                 ]  3900/22092  17%[=======================\                                    ]  8900/22092  40%[========================|                                   ]  9000/22092  40%[================================================/           ] 18200/22092  82%[================================================/           ] 18300/22092  82%[==================================================\         ] 18800/22092  85%[===================================================/        ] 19100/22092  86%[===========================================================|] 22092/22092 100%

Exportable Squashfs 4.0 filesystem, gzip compressed, data block size 131072
	compressed data, compressed metadata, compressed fragments, compressed xattrs
	duplicates are removed
Filesystem size 280066.67 Kbytes (273.50 Mbytes)
	28.09% of uncompressed filesystem size (996892.67 Kbytes)
Inode table size 214752 bytes (209.72 Kbytes)
	25.71% of uncompressed inode table size (835156 bytes)
Directory table size 223228 bytes (218.00 Kbytes)
	45.16% of uncompressed directory table size (494328 bytes)
Number of duplicate files found 6483
Number of inodes 21284
Number of files 15421
Number of fragments 705
Number of symbolic links  4089
Number of device nodes 5
Number of fifo nodes 0
Number of socket nodes 0
Number of directories 1769
Number of ids (unique uids + gids) 3
Number of uids 1
	root (0)
Number of gids 3
	root (0)
	shadow (42)
	tty (5)
ERROR: size of /home/zededa-ci/src/eve/dist/arm64/rootfs.img is greater than 250MB (bigger than allocated partition)
Makefile:194: recipe for target '/home/zededa-ci/src/eve/dist/arm64/rootfs.img' failed
make: *** [/home/zededa-ci/src/eve/dist/arm64/rootfs.img] Error 1
Skipping repository .go/pkg/dep/sources/https---github.com-linuxkit-linuxkit
Skipping repository .go/pkg/dep/sources/https---github.com-moby-hyperkit
Skipping repository .go/pkg/dep/sources/https---github.com-gorilla-context
Skipping repository .go/pkg/dep/sources/https---github.com-theupdateframework-notary
Skipping repository .go/pkg/dep/sources/https---github.com-mitchellh-go--ps
Skipping repository .go/pkg/dep/sources/https---github.com-golang-appengine
Skipping repository .go/pkg/dep/sources/https---github.com-xeipuuv-gojsonschema
Skipping repository .go/pkg/dep/sources/https---go.googlesource.com-net
Skipping repository .go/pkg/dep/sources/https---github.com-xeipuuv-gojsonpointer
Skipping repository .go/pkg/dep/sources/https---github.com-Azure-azure--sdk--for--go
Skipping repository .go/pkg/dep/sources/https---github.com-moby-tool
Skipping repository .go/pkg/dep/sources/https---github.com-Azure-go--ansiterm
Skipping repository .go/pkg/dep/sources/https---github.com-moby-vpnkit
Skipping repository .go/pkg/dep/sources/https---github.com-moul-anonuuid
Skipping repository .go/pkg/dep/sources/https---github.com-Azure-go--autorest
Skipping repository .go/pkg/dep/sources/https---github.com-moul-gotty--client
Skipping repository .go/pkg/dep/sources/https---github.com-Microsoft-go--winio
Skipping repository .go/pkg/dep/sources/https---github.com-agl-ed25519
Skipping repository .go/pkg/dep/sources/https---github.com-aws-aws--sdk--go
Skipping repository .go/pkg/dep/sources/https---github.com-containerd-containerd
Skipping repository .go/pkg/dep/sources/https---github.com-opencontainers-go--digest
Skipping repository .go/pkg/dep/sources/https---github.com-opencontainers-image--spec
Skipping repository .go/pkg/dep/sources/https---github.com-opencontainers-runtime--spec
Skipping repository .go/pkg/dep/sources/https---github.com-packethost-packngo
Skipping repository .go/pkg/dep/sources/https---github.com-pkg-errors
Skipping repository .go/pkg/dep/sources/https---github.com-radu--matei-azure--sdk--for--go
Skipping repository .go/pkg/dep/sources/https---github.com-radu--matei-azure--vhd--utils
Skipping repository .go/pkg/dep/sources/https---github.com-renstrom-fuzzysearch
Skipping repository .go/pkg/dep/sources/https---github.com-rn-iso9660wrap
Skipping repository .go/pkg/dep/sources/https---github.com-creack-goselect
Skipping repository .go/pkg/dep/sources/https---github.com-dgrijalva-jwt--go
Skipping repository .go/pkg/dep/sources/https---github.com-docker-distribution
Skipping repository .go/pkg/dep/sources/https---github.com-docker-docker
Skipping repository .go/pkg/dep/sources/https---github.com-docker-go
Skipping repository .go/pkg/dep/sources/https---github.com-docker-go--connections
Skipping repository .go/pkg/dep/sources/https---github.com-docker-go--units
Skipping repository .go/pkg/dep/sources/https---github.com-jmespath-go--jmespath
Skipping repository .go/pkg/dep/sources/https---github.com-scaleway-go--scaleway
Skipping repository .go/pkg/dep/sources/https---github.com-go--ini-ini
Skipping repository .go/pkg/dep/sources/https---github.com-gorilla-mux
Skipping repository .go/pkg/dep/sources/https---github.com-gogo-protobuf
Skipping repository .go/pkg/dep/sources/https---github.com-gorilla-websocket
Skipping repository .go/pkg/dep/sources/https---github.com-vmware-govmomi
Skipping repository .go/pkg/dep/sources/https---github.com-sirupsen-logrus
Skipping repository .go/pkg/dep/sources/https---gopkg.in-yaml.v2
Skipping repository .go/pkg/dep/sources/https---github.com-golang-protobuf
Skipping repository .go/pkg/dep/sources/https---github.com-docker-go--p9p
Skipping repository .go/pkg/dep/sources/https---github.com-google-uuid
Skipping repository .go/pkg/dep/sources/https---github.com-gophercloud-gophercloud
Skipping repository .go/pkg/dep/sources/https---github.com-xeipuuv-gojsonreference
Skipping repository .go/pkg/dep/sources/https---github.com-moby-datakit
Skipping repository .go/pkg/dep/sources/https---github.com-surma-gocpio
Skipping repository .go/pkg/dep/sources/https---github.com-miekg-pkcs11
Skipping repository .go/pkg/dep/sources/https---go.googlesource.com-sync
Skipping repository .go/pkg/dep/sources/https---go.googlesource.com-oauth2
Skipping repository .go/pkg/dep/sources/https---code.googlesource.com-gocloud
Skipping repository .go/pkg/dep/sources/https---go.googlesource.com-sys
Skipping repository .go/pkg/dep/sources/https---go.googlesource.com-crypto
Skipping repository .go/pkg/dep/sources/https---code.googlesource.com-google--api--go--client
Skipping repository .go/pkg/dep/sources/https---github.com-census--instrumentation-opencensus--go
Skipping repository .go/pkg/dep/sources/https---github.com-googleapis-gax--go
Skipping repository .go/pkg/dep/sources/https---github.com-grpc-grpc--go
Skipping repository .go/pkg/dep/sources/https---github.com-konsorten-go--windows--terminal--sequences
Skipping repository .go/pkg/dep/sources/https---github.com-golang-groupcache
Skipping repository .go/pkg/dep/sources/https---github.com-google-go--genproto
Skipping repository .go/pkg/dep/sources/https---go.googlesource.com-text
Removing .go/src
Removing .go/bin
Removing build-tools/bin/linuxkit
Removing build-tools/bin/manifest-tool
Removing dist/
Removing images/installer.yml
Removing images/rootfs.yml
HEAD is now at e49232cc Dummy comming to trigger Circle
Creating go builder image for user zededa-ci
eve-build-zededa-ci docker container is ready to use
Done building /home/zededa-ci/src/eve/build-tools/bin/linuxkit
Building and pushing "lfedge/eve-acrn:4.3.1"
4.3.1: Pulling from lfedge/eve-acrn
Digest: sha256:7f0da6014ad8abdde2fc7c289abbc0a4baed9a551e437ed7a4ea1ee300122080
Status: Image is up to date for lfedge/eve-acrn:4.3.1
Building and pushing "lfedge/eve-acrn-kernel:4.3.1"
4.3.1: Pulling from lfedge/eve-acrn-kernel
Digest: sha256:d9c96a67362bae5c73615680f825051e901c63652f149d2534fefb977e074df0
Status: Image is up to date for lfedge/eve-acrn-kernel:4.3.1
Building and pushing "lfedge/eve-debug:4.3.1"
4.3.1: Pulling from lfedge/eve-debug
Digest: sha256:3244ee155140489aa6e9b07154026e0244eb1bb28c8f5c2e10d1bfb9d15594ee
Status: Image is up to date for lfedge/eve-debug:4.3.1
Building and pushing "lfedge/eve-device-trees:4.3.1"
4.3.1: Pulling from lfedge/eve-device-trees
Digest: sha256:1dde5beb509caca1b7794288041b39c597b6e6aff30d4e80cc9061cc828b3d47
Status: Image is up to date for lfedge/eve-device-trees:4.3.1
Building and pushing "lfedge/eve-dnsmasq:4.3.1"
4.3.1: Pulling from lfedge/eve-dnsmasq
Digest: sha256:74a9ecdd2d7fe41a995d7c5aab98a5ae6f5c26f9426830ecc2362cffede50487
Status: Image is up to date for lfedge/eve-dnsmasq:4.3.1
Building and pushing "lfedge/eve-dom0-ztools:4.3.1"
4.3.1: Pulling from lfedge/eve-dom0-ztools
Digest: sha256:00cf0b30834bcb43f916a557d0f99377f2545a1f010f50593a13740bd98b612d
Status: Image is up to date for lfedge/eve-dom0-ztools:4.3.1
Building and pushing "lfedge/eve-fscrypt:4.3.1"
4.3.1: Pulling from lfedge/eve-fscrypt
Digest: sha256:682f55e39b4d70588b628fb1a89b8357301c0b75a2149240e02cb3e7b8e1a0d1
Status: Image is up to date for lfedge/eve-fscrypt:4.3.1
Building and pushing "lfedge/eve-fw:4.3.1"
4.3.1: Pulling from lfedge/eve-fw
Digest: sha256:84ea6d84526760ac1a5598ac00b1f3999632fdcc1ce0d8edff6fdf5dbdd017d3
Status: Image is up to date for lfedge/eve-fw:4.3.1
Building and pushing "lfedge/eve-gpt-tools:4.3.1"
4.3.1: Pulling from lfedge/eve-gpt-tools
Digest: sha256:bc9290ab1941d419cebadce79638054f78656f16b3730c5f4ff740e6cb90192a
Status: Image is up to date for lfedge/eve-gpt-tools:4.3.1
Building and pushing "lfedge/eve-grub:4.3.1"
4.3.1: Pulling from lfedge/eve-grub
Digest: sha256:6d68822c68ea4c94323203928932eb36f9ee07de52094435ba7853b56a356449
Status: Image is up to date for lfedge/eve-grub:4.3.1
Building and pushing "lfedge/eve-guacd:4.3.1"
4.3.1: Pulling from lfedge/eve-guacd
Digest: sha256:d9a6314cfc1ee425be0d90423251bbbef61c7d1f7b4eed1882fb72f64ca5111f
Status: Image is up to date for lfedge/eve-guacd:4.3.1
Building and pushing "lfedge/eve-kernel:4.3.1"
4.3.1: Pulling from lfedge/eve-kernel
no matching manifest for linux/arm64 in the manifest list entries
No image pulled, continuing with build
Sending build context to Docker daemon    1.2MB
Step 1/30 : FROM alpine:3.6 as kernel-build
 ---> 25e814211fdd
Step 2/30 : RUN apk update
 ---> Using cache
 ---> e690a4c85697
Step 3/30 : RUN apk add     argp-standalone     automake     bash     bc     binutils-dev     bison     build-base     curl     diffutils     flex     git     gmp-dev     gnupg     installkernel     kmod     libelf-dev     libressl-dev     linux-headers     ncurses-dev     python2     findutils     sed     squashfs-tools     tar     xz     xz-dev     zlib-dev
 ---> Using cache
 ---> 380911bf726f
Step 4/30 : RUN [ $(uname -m) == x86_64 ] && apk add libunwind-dev || true
 ---> Using cache
 ---> e3c5fe557698
Step 5/30 : ENV KERNEL_VERSION_aarch64 4.19.5
 ---> Using cache
 ---> 82ab90ed9b17
Step 6/30 : ENV KERNEL_SERIES_aarch64 4.19.x
 ---> Using cache
 ---> 986d16d3fb28
Step 7/30 : ENV KERNEL_VERSION_x86_64 4.19.5
 ---> Using cache
 ---> 3c10d8c54f9b
Step 8/30 : ENV KERNEL_SERIES_x86_64 4.19.x
 ---> Using cache
 ---> fdfc335d727a
Step 9/30 : ENV KERNEL_SOURCE https://www.kernel.org/pub/linux/kernel/v4.x/linux-\${KERNEL_VERSION}.tar.xz
 ---> Using cache
 ---> 091649b10357
Step 10/30 : ENV KERNEL_SHA256_SUMS https://www.kernel.org/pub/linux/kernel/v4.x/sha256sums.asc
 ---> Using cache
 ---> 84c0dffb82ce
Step 11/30 : ENV KERNEL_PGP2_SIGN https://www.kernel.org/pub/linux/kernel/v4.x/linux-\${KERNEL_VERSION}.tar.sign
 ---> Using cache
 ---> fd41b6ab9bbd
Step 12/30 : SHELL /bin/sh -c export KERNEL_VERSION=$(eval echo \$KERNEL_VERSION_$(uname -m)) ; export KERNEL_SERIES=$(eval echo \$KERNEL_SERIES_$(uname -m)) ; eval KERNEL_SOURCE=$KERNEL_SOURCE ; eval export KERNEL_PGP2_SIGN=$KERNEL_PGP2_SIGN ; /bin/sh -c "$1" -
 ---> Using cache
 ---> 987a9693af4e
Step 13/30 : COPY / /
 ---> Using cache
 ---> 1d2d31fa47b9
Step 14/30 : RUN curl -fsSLO ${KERNEL_SHA256_SUMS} &&     gpg2 -q --import keys.asc &&     gpg2 --verify sha256sums.asc &&     KERNEL_SHA256=$(grep linux-${KERNEL_VERSION}.tar.xz sha256sums.asc | cut -d ' ' -f 1) &&     [ -f linux-${KERNEL_VERSION}.tar.xz ] || curl -fsSLO ${KERNEL_SOURCE} &&     echo "${KERNEL_SHA256}  linux-${KERNEL_VERSION}.tar.xz" | sha256sum -c - &&     xz -d linux-${KERNEL_VERSION}.tar.xz &&     curl -fsSLO ${KERNEL_PGP2_SIGN} &&     gpg2 --verify linux-${KERNEL_VERSION}.tar.sign linux-${KERNEL_VERSION}.tar &&     cat linux-${KERNEL_VERSION}.tar | tar --absolute-names -x && mv /linux-${KERNEL_VERSION} /linux
 ---> Using cache
 ---> b1528a316b80
Step 15/30 : WORKDIR /linux
 ---> Using cache
 ---> 023d70e419d4
Step 16/30 : RUN set -e ; [ ! -d /patches-"${KERNEL_SERIES}" ] || for patch in /patches-"${KERNEL_SERIES}"/*.patch; do         echo "Applying $patch";         patch -p1 < "$patch";     done
 ---> Using cache
 ---> ff4eace749ad
Step 17/30 : RUN mkdir /out
 ---> Using cache
 ---> 6178c05869b6
Step 18/30 : RUN case $(uname -m) in     x86_64)         KERNEL_DEF_CONF=/linux/arch/x86/configs/x86_64_defconfig;         ;;     aarch64)         KERNEL_DEF_CONF=/linux/arch/arm64/configs/defconfig;         ;;     esac  &&     cp /kernel_config-${KERNEL_SERIES}-$(uname -m) ${KERNEL_DEF_CONF};     if [ -n "${EXTRA}" ]; then         sed -i "s/CONFIG_LOCALVERSION=\"-linuxkit\"/CONFIG_LOCALVERSION=\"-linuxkit${EXTRA}\"/" ${KERNEL_DEF_CONF};         if [ "${EXTRA}" = "-dbg" ]; then             sed -i 's/CONFIG_PANIC_ON_OOPS=y/# CONFIG_PANIC_ON_OOPS is not set/' ${KERNEL_DEF_CONF};         fi &&         cat /kernel_config${EXTRA} >> ${KERNEL_DEF_CONF};     fi &&     make defconfig &&     make oldconfig &&     if [ -z "${EXTRA}" ]; then diff .config ${KERNEL_DEF_CONF}; fi
 ---> Running in 16d4797f30d1
  HOSTCC  scripts/basic/fixdep
  HOSTCC  scripts/kconfig/conf.o
  YACC    scripts/kconfig/zconf.tab.c
  LEX     scripts/kconfig/zconf.lex.c
  HOSTCC  scripts/kconfig/zconf.tab.o
  HOSTLD  scripts/kconfig/conf
*** Default configuration is based on 'defconfig'
#
# configuration written to .config
#
scripts/kconfig/conf  --oldconfig Kconfig
#
# configuration written to .config
#
472a473,474
> CONFIG_HIBERNATE_CALLBACKS=y
> CONFIG_PM_STD_PARTITION=""
485a488
> CONFIG_ARCH_HIBERNATION_HEADER=y
1485a1489
> # CONFIG_MTD_SWAP is not set
5516c5520
< CONFIG_LZO_COMPRESS=m
---
> CONFIG_LZO_COMPRESS=y
The command '/bin/sh -c export KERNEL_VERSION=$(eval echo \$KERNEL_VERSION_$(uname -m)) ; export KERNEL_SERIES=$(eval echo \$KERNEL_SERIES_$(uname -m)) ; eval KERNEL_SOURCE=$KERNEL_SOURCE ; eval export KERNEL_PGP2_SIGN=$KERNEL_PGP2_SIGN ; /bin/sh -c "$1" - case $(uname -m) in     x86_64)         KERNEL_DEF_CONF=/linux/arch/x86/configs/x86_64_defconfig;         ;;     aarch64)         KERNEL_DEF_CONF=/linux/arch/arm64/configs/defconfig;         ;;     esac  &&     cp /kernel_config-${KERNEL_SERIES}-$(uname -m) ${KERNEL_DEF_CONF};     if [ -n "${EXTRA}" ]; then         sed -i "s/CONFIG_LOCALVERSION=\"-linuxkit\"/CONFIG_LOCALVERSION=\"-linuxkit${EXTRA}\"/" ${KERNEL_DEF_CONF};         if [ "${EXTRA}" = "-dbg" ]; then             sed -i 's/CONFIG_PANIC_ON_OOPS=y/# CONFIG_PANIC_ON_OOPS is not set/' ${KERNEL_DEF_CONF};         fi &&         cat /kernel_config${EXTRA} >> ${KERNEL_DEF_CONF};     fi &&     make defconfig &&     make oldconfig &&     if [ -z "${EXTRA}" ]; then diff .config ${KERNEL_DEF_CONF}; fi' returned a non-zero code: 1
exit status 1
Makefile:315: recipe for target 'eve-kernel' failed
make: *** [eve-kernel] Error 1
Creating go builder image for user zededa-ci
eve-build-zededa-ci docker container is ready to use
mkdir -p /home/zededa-ci/src/eve/dist/arm64/bios
cd /home/zededa-ci/src/eve/dist/arm64/bios ; _() { C=`docker create $1 fake` ; docker export $C | tar -xf - $2 ; docker rm $C ; } ; _ lfedge/eve-uefi:aef36d9c29fd16f9bae72a74d887568f0ef138f0-arm64 OVMF.fd
08d06ea732cf0d0d649fa97197d74c75d62aedf7e9ca938bf54f06657163151e
mkdir -p /home/zededa-ci/src/eve/dist/arm64
./tools/makeconfig.sh conf /home/zededa-ci/src/eve/dist/arm64/config.img
+ CONFIG_FILE=/config.img
+ CONFIG_SIZE_KB=1024
+ cd /conf
+ tar xf -
+ echo mtools_skip_check=1
+ dd if=/dev/zero of=/config.img bs=1024 count=1024
1024+0 records in
1024+0 records out
+ mkfs.vfat -n EVE -v /config.img 1024
mkfs.fat 4.1 (2017-01-24)
/config.img has 64 heads and 32 sectors per track,
hidden sectors 0x0000;
logical sector size is 512,
using 0xf8 media descriptor, with 2048 sectors;
drive number 0x80;
filesystem has 2 12-bit FATs and 4 sectors per cluster.
FAT size is 2 sectors, and provides 502 clusters.
There is 1 reserved sector.
Root directory contains 512 slots and uses 32 sectors.
Volume ID is c5b16130, volume label EVE        .
+ mcopy -i /config.img -s /conf/DevicePortConfig /conf/authorized_keys /conf/grub.cfg /conf/onboard.cert.pem /conf/onboard.key.pem /conf/root-certificate.pem /conf/server /conf/wpa_supplicant.conf.example ::/
Done building /home/zededa-ci/src/eve/build-tools/bin/linuxkit
./tools/makerootfs.sh images/rootfs-xen.yml squash /home/zededa-ci/src/eve/dist/arm64/rootfs.img
Extract kernel image: lfedge/eve-kernel:4.3.1-arm64
Pull image: lfedge/eve-kernel:4.3.1-arm64
time="2019-12-11T21:06:56+01:00" level=fatal msg="Failed to extract kernel image and tarball: Could not pull image lfedge/eve-kernel:4.3.1-arm64: Error response from daemon: manifest for lfedge/eve-kernel:4.3.1-arm64 not found"
cat: boot/cmdline: No such file or directory
Makefile:209: recipe for target '/home/zededa-ci/src/eve/dist/arm64/rootfs.img' failed
make: *** [/home/zededa-ci/src/eve/dist/arm64/rootfs.img] Error 1
Skipping repository .go/pkg/dep/sources/https---github.com-linuxkit-linuxkit
Skipping repository .go/pkg/dep/sources/https---github.com-moby-hyperkit
Skipping repository .go/pkg/dep/sources/https---github.com-gorilla-context
Skipping repository .go/pkg/dep/sources/https---github.com-theupdateframework-notary
Skipping repository .go/pkg/dep/sources/https---github.com-mitchellh-go--ps
Skipping repository .go/pkg/dep/sources/https---github.com-golang-appengine
Skipping repository .go/pkg/dep/sources/https---github.com-xeipuuv-gojsonschema
Skipping repository .go/pkg/dep/sources/https---go.googlesource.com-net
Skipping repository .go/pkg/dep/sources/https---github.com-xeipuuv-gojsonpointer
Skipping repository .go/pkg/dep/sources/https---github.com-Azure-azure--sdk--for--go
Skipping repository .go/pkg/dep/sources/https---github.com-moby-tool
Skipping repository .go/pkg/dep/sources/https---github.com-Azure-go--ansiterm
Skipping repository .go/pkg/dep/sources/https---github.com-moby-vpnkit
Skipping repository .go/pkg/dep/sources/https---github.com-moul-anonuuid
Skipping repository .go/pkg/dep/sources/https---github.com-Azure-go--autorest
Skipping repository .go/pkg/dep/sources/https---github.com-moul-gotty--client
Skipping repository .go/pkg/dep/sources/https---github.com-Microsoft-go--winio
Skipping repository .go/pkg/dep/sources/https---github.com-agl-ed25519
Skipping repository .go/pkg/dep/sources/https---github.com-aws-aws--sdk--go
Skipping repository .go/pkg/dep/sources/https---github.com-containerd-containerd
Skipping repository .go/pkg/dep/sources/https---github.com-opencontainers-go--digest
Skipping repository .go/pkg/dep/sources/https---github.com-opencontainers-image--spec
Skipping repository .go/pkg/dep/sources/https---github.com-opencontainers-runtime--spec
Skipping repository .go/pkg/dep/sources/https---github.com-packethost-packngo
Skipping repository .go/pkg/dep/sources/https---github.com-pkg-errors
Skipping repository .go/pkg/dep/sources/https---github.com-radu--matei-azure--sdk--for--go
Skipping repository .go/pkg/dep/sources/https---github.com-radu--matei-azure--vhd--utils
Skipping repository .go/pkg/dep/sources/https---github.com-renstrom-fuzzysearch
Skipping repository .go/pkg/dep/sources/https---github.com-rn-iso9660wrap
Skipping repository .go/pkg/dep/sources/https---github.com-creack-goselect
Skipping repository .go/pkg/dep/sources/https---github.com-dgrijalva-jwt--go
Skipping repository .go/pkg/dep/sources/https---github.com-docker-distribution
Skipping repository .go/pkg/dep/sources/https---github.com-docker-docker
Skipping repository .go/pkg/dep/sources/https---github.com-docker-go
Skipping repository .go/pkg/dep/sources/https---github.com-docker-go--connections
Skipping repository .go/pkg/dep/sources/https---github.com-docker-go--units
Skipping repository .go/pkg/dep/sources/https---github.com-jmespath-go--jmespath
Skipping repository .go/pkg/dep/sources/https---github.com-scaleway-go--scaleway
Skipping repository .go/pkg/dep/sources/https---github.com-go--ini-ini
Skipping repository .go/pkg/dep/sources/https---github.com-gorilla-mux
Skipping repository .go/pkg/dep/sources/https---github.com-gogo-protobuf
Skipping repository .go/pkg/dep/sources/https---github.com-gorilla-websocket
Skipping repository .go/pkg/dep/sources/https---github.com-vmware-govmomi
Skipping repository .go/pkg/dep/sources/https---github.com-sirupsen-logrus
Skipping repository .go/pkg/dep/sources/https---gopkg.in-yaml.v2
Skipping repository .go/pkg/dep/sources/https---github.com-golang-protobuf
Skipping repository .go/pkg/dep/sources/https---github.com-docker-go--p9p
Skipping repository .go/pkg/dep/sources/https---github.com-google-uuid
Skipping repository .go/pkg/dep/sources/https---github.com-gophercloud-gophercloud
Skipping repository .go/pkg/dep/sources/https---github.com-xeipuuv-gojsonreference
Skipping repository .go/pkg/dep/sources/https---github.com-moby-datakit
Skipping repository .go/pkg/dep/sources/https---github.com-surma-gocpio
Skipping repository .go/pkg/dep/sources/https---github.com-miekg-pkcs11
Skipping repository .go/pkg/dep/sources/https---go.googlesource.com-sync
Skipping repository .go/pkg/dep/sources/https---go.googlesource.com-oauth2
Skipping repository .go/pkg/dep/sources/https---code.googlesource.com-gocloud
Skipping repository .go/pkg/dep/sources/https---go.googlesource.com-sys
Skipping repository .go/pkg/dep/sources/https---go.googlesource.com-crypto
Skipping repository .go/pkg/dep/sources/https---code.googlesource.com-google--api--go--client
Skipping repository .go/pkg/dep/sources/https---github.com-census--instrumentation-opencensus--go
Skipping repository .go/pkg/dep/sources/https---github.com-googleapis-gax--go
Skipping repository .go/pkg/dep/sources/https---github.com-grpc-grpc--go
Skipping repository .go/pkg/dep/sources/https---github.com-konsorten-go--windows--terminal--sequences
Skipping repository .go/pkg/dep/sources/https---github.com-golang-groupcache
Skipping repository .go/pkg/dep/sources/https---github.com-google-go--genproto
Skipping repository .go/pkg/dep/sources/https---go.googlesource.com-text
Removing .go/src
Removing .go/bin
Removing build-tools/bin/linuxkit
Removing build-tools/bin/manifest-tool
Removing dist/
Removing images/installer.yml
Removing images/rootfs-xen.yml
HEAD is now at 7f762a87 More yetus feedback
Creating go builder image for user zededa-ci
eve-build-zededa-ci docker container is ready to use
Done building /home/zededa-ci/src/eve/build-tools/bin/linuxkit
Building and pushing "lfedge/eve-acrn:99808b12a4bf12ad239ac50d1e57cf1f06adc828"
Error response from daemon: manifest for lfedge/eve-acrn:99808b12a4bf12ad239ac50d1e57cf1f06adc828 not found
No image pulled, continuing with build
Sending build context to Docker daemon  28.16kB
Step 1/19 : FROM alpine:3.8 as kernel-build
 ---> c2b4b73a5fef
Step 2/19 : RUN apk add --no-cache     gcc=6.4.0-r9     make=4.2.1-r2     libc-dev=0.7.1-r0     dev86=0.16.21-r0     xz-dev=5.2.4-r0     perl=5.26.3-r0     bash=4.4.19-r1     python2-dev=2.7.15-r2     gettext=0.19.8.1-r2     iasl=20170303-r0     util-linux-dev=2.32-r0     ncurses-dev=6.1_p20180818-r1     glib-dev=2.56.1-r1     pixman-dev=0.34.0-r5     libaio-dev=0.3.111-r0     yajl-dev=2.1.0-r0     argp-standalone=1.3-r3     linux-headers=4.4.6-r2     git=2.18.1-r0     patch=2.7.6-r4     texinfo=6.5-r1     curl=7.61.1-r3     tar=1.32-r0     bash=4.4.19-r1     socat=1.7.3.2-r4     openssh=7.7_p1-r4     python3=3.6.9-r1     libc-dev=0.7.1-r0     openssl-dev=1.0.2t-r0     openssl=1.0.2t-r0     libpciaccess=0.13.5-r1     libpciaccess-dev=0.13.5-r1     bsd-compat-headers=0.7.1-r0     libusb=1.0.22-r0     libusb-dev=1.0.22-r0     gnu-efi-dev=3.0.4-r1
 ---> Running in c8dab095be32
fetch http://dl-cdn.alpinelinux.org/alpine/v3.8/main/aarch64/APKINDEX.tar.gz
fetch http://dl-cdn.alpinelinux.org/alpine/v3.8/community/aarch64/APKINDEX.tar.gz
[91mERROR: unsatisfiable constraints:
[0m  git-2.18.2-r0:
    breaks: world[git=2.18.1-r0]
The command '/bin/sh -c apk add --no-cache     gcc=6.4.0-r9     make=4.2.1-r2     libc-dev=0.7.1-r0     dev86=0.16.21-r0     xz-dev=5.2.4-r0     perl=5.26.3-r0     bash=4.4.19-r1     python2-dev=2.7.15-r2     gettext=0.19.8.1-r2     iasl=20170303-r0     util-linux-dev=2.32-r0     ncurses-dev=6.1_p20180818-r1     glib-dev=2.56.1-r1     pixman-dev=0.34.0-r5     libaio-dev=0.3.111-r0     yajl-dev=2.1.0-r0     argp-standalone=1.3-r3     linux-headers=4.4.6-r2     git=2.18.1-r0     patch=2.7.6-r4     texinfo=6.5-r1     curl=7.61.1-r3     tar=1.32-r0     bash=4.4.19-r1     socat=1.7.3.2-r4     openssh=7.7_p1-r4     python3=3.6.9-r1     libc-dev=0.7.1-r0     openssl-dev=1.0.2t-r0     openssl=1.0.2t-r0     libpciaccess=0.13.5-r1     libpciaccess-dev=0.13.5-r1     bsd-compat-headers=0.7.1-r0     libusb=1.0.22-r0     libusb-dev=1.0.22-r0     gnu-efi-dev=3.0.4-r1' returned a non-zero code: 1
exit status 1
Makefile:312: recipe for target 'eve-acrn' failed
make: *** [eve-acrn] Error 1
Creating go builder image for user zededa-ci
eve-build-zededa-ci docker container is ready to use
mkdir -p /home/zededa-ci/src/eve/dist/arm64
cd /home/zededa-ci/src/eve/dist/arm64 ; _() { C=`docker create $1 fake` ; shift ; docker export $C | tar -xf - "$@" ; docker rm $C ; } ; _ lfedge/eve-uefi:fdf6300a5eeb9257e9aea002dbe40d01a70ea5fa-arm64 OVMF.fd
3e741d9cf5f7abf27aa63be852d17c1e818106243051825ae61c1848873d3920
mkdir -p /home/zededa-ci/src/eve/dist/arm64/installer
./tools/makeconfig.sh conf /home/zededa-ci/src/eve/dist/arm64/installer/config.img
+ CONFIG_FILE=/config.img
+ CONFIG_SIZE_KB=1024
+ cd /conf
+ tar xf -
+ echo mtools_skip_check=1
+ dd if=/dev/zero of=/config.img bs=1024 count=1024
1024+0 records in
1024+0 records out
+ mkfs.vfat -n EVE -v /config.img 1024
mkfs.fat 4.1 (2017-01-24)
/config.img has 64 heads and 32 sectors per track,
hidden sectors 0x0000;
logical sector size is 512,
using 0xf8 media descriptor, with 2048 sectors;
drive number 0x80;
filesystem has 2 12-bit FATs and 4 sectors per cluster.
FAT size is 2 sectors, and provides 502 clusters.
There is 1 reserved sector.
Root directory contains 512 slots and uses 32 sectors.
Volume ID is c8f1e248, volume label EVE        .
+ mcopy -i /config.img -s /conf/DevicePortConfig /conf/authorized_keys /conf/grub.cfg /conf/onboard.cert.pem /conf/onboard.key.pem /conf/root-certificate.pem /conf/server /conf/wpa_supplicant.conf.example ::/
cd /home/zededa-ci/src/eve/dist/arm64/installer ; _() { C=`docker create $1 fake` ; shift ; docker export $C | tar -xf - "$@" ; docker rm $C ; } ; _ lfedge/eve-grub:8659eabc477f898b05e0f3a142aa8038a6c30896-arm64 EFI
3590dd9b6c3e79ecff7bd725088b668f5e64556629ab7f228d8665062eca31fa
Done building /home/zededa-ci/src/eve/build-tools/bin/linuxkit
./tools/makerootfs.sh images/rootfs-xen.yml squash /home/zededa-ci/src/eve/dist/arm64/installer/rootfs.img
Extract kernel image: lfedge/eve-kernel:1a0c05ad4fc8c3964e22466006b8610b7ff79da5-arm64
Add init containers:
Process init image: linuxkit/init:v0.5-arm64
Process init image: linuxkit/runc:v0.5-arm64
time="2019-12-11T21:07:55+01:00" level=warning msg="targets/riyaz metadata is nearing expiry, you should re-sign the role metadata"
Process init image: linuxkit/containerd:v0.5-arm64
time="2019-12-11T21:07:57+01:00" level=warning msg="targets/riyaz metadata is nearing expiry, you should re-sign the role metadata"
Process init image: linuxkit/getty:v0.5-arm64
Process init image: lfedge/eve-grub:8659eabc477f898b05e0f3a142aa8038a6c30896-arm64
Process init image: lfedge/eve-device-trees:bff4116635f10d8ccfbd96c07078a26586498501-arm64
Process init image: lfedge/eve-fw:e07c45a98386767ec3926b813dc4b46a96a81541-arm64
Process init image: lfedge/eve-xen:b40875d1508c3768b4269447ccfb763afe82f58d-arm64
Process init image: lfedge/eve-gpt-tools:19ef56f5014fab1978a6e98b047d4498eabf8295-arm64
Process init image: lfedge/eve-dom0-ztools:f6e8d3bb095edb1065ee0262d1643dae7ce43c6e-arm64
Add onboot containers:
  Create OCI config for linuxkit/sysctl:v0.5-arm64
  Create OCI config for lfedge/eve-rngd:6e16dad8553a6c2939854abfa9f34a5f2604bce7-arm64
  Create OCI config for linuxkit/modprobe:v0.5-arm64
  Create OCI config for linuxkit/mount:v0.5-arm64
  Create OCI config for lfedge/eve-rsyslog:339555063de0c4f0ef9f9e276e200c3660e0efa1-arm64
Add service containers:
  Create OCI config for linuxkit/openntpd:v0.5-arm64
time="2019-12-11T21:08:18+01:00" level=warning msg="targets/riyaz metadata is nearing expiry, you should re-sign the role metadata"
  Create OCI config for linuxkit/sshd:v0.5-arm64
time="2019-12-11T21:08:20+01:00" level=warning msg="targets/justin metadata is nearing expiry, you should re-sign the role metadata"
  Create OCI config for lfedge/eve-wwan:2b98bc7569f167b1850dd9025a4b8c8489fee754-arm64
  Create OCI config for lfedge/eve-wlan:d1ac240f7ce90e255869ffc3ecda46dd313f45e9-arm64
  Create OCI config for lfedge/eve-guacd:f1f08a0fcadd35320f5d03fe0f0a1a318e8449be-arm64
  Create OCI config for lfedge/eve-pillar:45103a40cf952ef92cf6bba9f255ca18191450d1-arm64
  Create OCI config for lfedge/eve-vtpm:3cd0c83f68cb9814103446cb93ac238cebea0f44-arm64
Add files:
  /etc/eve-release
  /containers/services/pillar/lower/opt/zededa/bin/versioninfo
Parallel mksquashfs: Using 4 processors
Creating 4.0 filesystem on /rootfs.img, block size 131072.
[==========================|                                 ]  8800/19703  44%[=====================================|                      ] 12400/19703  62%[==============================================\             ] 15600/19703  79%[===============================================|            ] 15800/19703  80%[===============================================|            ] 15900/19703  80%[=================================================-          ] 16400/19703  83%[===========================================================|] 19703/19703 100%

Exportable Squashfs 4.0 filesystem, gzip compressed, data block size 131072
	compressed data, compressed metadata, compressed fragments, compressed xattrs
	duplicates are removed
Filesystem size 224527.75 Kbytes (219.27 Mbytes)
	33.66% of uncompressed filesystem size (667086.14 Kbytes)
Inode table size 218505 bytes (213.38 Kbytes)
	25.38% of uncompressed inode table size (860795 bytes)
Directory table size 232780 bytes (227.32 Kbytes)
	45.49% of uncompressed directory table size (511714 bytes)
Number of duplicate files found 6577
Number of inodes 22298
Number of files 15582
Number of fragments 685
Number of symbolic links  4752
Number of device nodes 5
Number of fifo nodes 0
Number of socket nodes 0
Number of directories 1959
Number of ids (unique uids + gids) 3
Number of uids 1
	root (0)
Number of gids 3
	root (0)
	shadow (42)
	tty (5)
cd /home/zededa-ci/src/eve/dist/arm64/installer ; _() { C=`docker create $1 fake` ; shift ; docker export $C | tar -xf - "$@" ; docker rm $C ; } ; _ lfedge/eve-mkimage-raw-efi:2c5ff16c46b8328c506e06cc48598868bcb5bdab-arm64 initrd.img EFI
Unable to find image 'lfedge/eve-mkimage-raw-efi:2c5ff16c46b8328c506e06cc48598868bcb5bdab-arm64' locally
Error response from daemon: manifest for lfedge/eve-mkimage-raw-efi:2c5ff16c46b8328c506e06cc48598868bcb5bdab-arm64 not found
"docker export" requires exactly 1 argument.
See 'docker export --help'.

Usage:  docker export [OPTIONS] CONTAINER

Export a container's filesystem as a tar archive
tar: This does not look like a tar archive
tar: initrd.img: Not found in archive
tar: EFI: Not found in archive
tar: Exiting with failure status due to previous errors
"docker rm" requires at least 1 argument.
See 'docker rm --help'.

Usage:  docker rm [OPTIONS] CONTAINER [CONTAINER...]

Remove one or more containers
Makefile:167: recipe for target '/home/zededa-ci/src/eve/dist/arm64/installer/initrd.img' failed
make: *** [/home/zededa-ci/src/eve/dist/arm64/installer/initrd.img] Error 1
FINISHED
