Cloning into '/tmp/zenbuild'...
make: Entering directory '/tmp/zenbuild'
make -C build-tools all
make[1]: Entering directory '/tmp/zenbuild/build-tools'
cd src/linuxkit/vendor/github.com/linuxkit/linuxkit/src/cmd/linuxkit ;\
/usr/bin/go  build -ldflags "-X github.com/linuxkit/linuxkit/src/cmd/linuxkit/version.GitCommit=8218becd4e3599f4916de81b2e6ae1117dd1ca1f" -o /tmp/zenbuild/build-tools/bin/linuxkit .
cd src/manifest-tool/vendor/github.com/estesp/manifest-tool ;\
/usr/bin/go  build -ldflags "-X main.gitCommit=8218becd4e3599f4916de81b2e6ae1117dd1ca1f" -o /tmp/zenbuild/build-tools/bin/manifest-tool .
make[1]: Leaving directory '/tmp/zenbuild/build-tools'
make: Leaving directory '/tmp/zenbuild'
From github.com:zededa/lisp
 * [new tag]         0.10.0     -> 0.10.0
 * [new tag]         0.11.0     -> 0.11.0
 * [new tag]         0.11.1     -> 0.11.1
 * [new tag]         0.12.0     -> 0.12.0
 * [new tag]         0.13.0     -> 0.13.0
 * [new tag]         0.14.0     -> 0.14.0
 * [new tag]         0.15.0     -> 0.15.0
 * [new tag]         0.16.0     -> 0.16.0
 * [new tag]         0.17.0     -> 0.17.0
 * [new tag]         0.18.0     -> 0.18.0
 * [new tag]         0.4.0      -> 0.4.0
 * [new tag]         0.5.0      -> 0.5.0
 * [new tag]         0.6.0      -> 0.6.0
 * [new tag]         0.7.0      -> 0.7.0
 * [new tag]         0.8.0      -> 0.8.0
 * [new tag]         0.9.0      -> 0.9.0
 * [new tag]         1.0.0      -> 1.0.0
 * [new tag]         1.1.0      -> 1.1.0
 * [new tag]         1.2.0      -> 1.2.0
 * [new tag]         1.2.2      -> 1.2.2
 * [new tag]         1.3.0      -> 1.3.0
 * [new tag]         1.3.3      -> 1.3.3
 * [new tag]         1.4.0      -> 1.4.0
 * [new tag]         1.4.1      -> 1.4.1
 * [new tag]         1.5.0      -> 1.5.0
 * [new tag]         2.1        -> 2.1
 * [new tag]         2.1.0      -> 2.1.0
 * [new tag]         2.1.1      -> 2.1.1
--- /dev/fd/63	2019-04-13 08:01:30.722935411 +0200
+++ /dev/fd/62	2019-04-13 08:01:30.722935411 +0200
@@ -1,87 +1,29 @@
-0.1.0
-0.1.0-amd64
 0.1.0-arm64
-0.3.0
-0.3.0-amd64
 0.3.0-arm64
-0.4.0
-0.4.0-amd64
 0.4.0-arm64
-0.5.0
-0.5.0-amd64
 0.5.0-arm64
-0.6.0
-0.6.0-amd64
 0.6.0-arm64
-0.7.0
-0.7.0-amd64
 0.7.0-arm64
-0.8.0
-0.8.0-amd64
 0.8.0-arm64
-0.9.0
-0.9.0-amd64
 0.9.0-arm64
-0.10.0
-0.10.0-amd64
 0.10.0-arm64
-0.11.0
-0.11.0-amd64
 0.11.0-arm64
-0.11.1
-0.11.1-amd64
 0.11.1-arm64
-0.12.0
-0.12.0-amd64
 0.12.0-arm64
-0.13.0
-0.13.0-amd64
 0.13.0-arm64
-0.14.0
-0.14.0-amd64
 0.14.0-arm64
-0.15.0
-0.15.0-amd64
 0.15.0-arm64
-0.16.0
-0.16.0-amd64
 0.16.0-arm64
-0.17.0
-0.17.0-amd64
 0.17.0-arm64
-0.18.0
-0.18.0-amd64
 0.18.0-arm64
-1.0.0
-1.0.0-amd64
 1.0.0-arm64
-1.1.0
-1.1.0-amd64
 1.1.0-arm64
-1.2.0
-1.2.0-amd64
 1.2.0-arm64
-1.2.2
-1.2.2-amd64
 1.2.2-arm64
-1.3.0
-1.3.0-amd64
 1.3.0-arm64
-1.3.3
-1.3.3-amd64
 1.3.3-arm64
-1.4.0
-1.4.0-amd64
 1.4.0-arm64
-1.4.1
-1.4.1-amd64
 1.4.1-arm64
-1.5.0
-1.5.0-amd64
 1.5.0-arm64
-2.1.0
-2.1.0-amd64
 2.1.0-arm64
-2.1.1
-2.1.1-amd64
 2.1.1-arm64
Building the following tags:  origin/master (latest tag is 2.1.1)
HEAD is now at de0b237 Update README.md
Building and pushing "zededa/lisp:b2a8f9870d5e2d599b8e0fbb72fb3f1c0dd2870c"
b2a8f9870d5e2d599b8e0fbb72fb3f1c0dd2870c: Pulling from zededa/lisp
Digest: sha256:d59365661d2392beb4e2dd854b817336a4026f56522a7da6103120d78d86d27f
Status: Image is up to date for zededa/lisp:b2a8f9870d5e2d599b8e0fbb72fb3f1c0dd2870c
From github.com:zededa/go-provision
   cbea9068..bc4276b1  fixes      -> origin/fixes
   7bb23a54..7ec9edff  master     -> origin/master
 * [new tag]           2.2.0      -> 2.2.0
--- /dev/fd/63	2019-04-13 08:01:37.042970032 +0200
+++ /dev/fd/62	2019-04-13 08:01:37.042970032 +0200
@@ -1,129 +1,42 @@
-0.1.0
-0.1.0-amd64
 0.1.0-arm64
-0.1.1
-0.1.1-amd64
-0.1.1-arm64
-0.3.0
-0.3.0-amd64
 0.3.0-arm64
-0.3.1
-0.3.1-amd64
 0.3.1-arm64
-0.4.0
-0.4.0-amd64
 0.4.0-arm64
-0.5.0
-0.5.0-amd64
 0.5.0-arm64
-0.6.0
-0.6.0-amd64
 0.6.0-arm64
-0.7.0
-0.7.0-amd64
 0.7.0-arm64
-0.8.0
-0.8.0-amd64
 0.8.0-arm64
-0.8.1
-0.8.1-amd64
 0.8.1-arm64
-0.9.0
-0.9.0-amd64
 0.9.0-arm64
-0.9.1
-0.9.1-amd64
 0.9.1-arm64
-0.9.2
-0.9.2-amd64
 0.9.2-arm64
-0.10.0
-0.10.0-amd64
 0.10.0-arm64
-0.10.1
-0.10.1-amd64
 0.10.1-arm64
-0.11.0
-0.11.0-amd64
 0.11.0-arm64
-0.11.1
-0.11.1-amd64
 0.11.1-arm64
-0.12.0
-0.12.0-amd64
 0.12.0-arm64
-0.13.0
-0.13.0-amd64
 0.13.0-arm64
-0.14.0
-0.14.0-amd64
 0.14.0-arm64
-0.14.1
-0.14.1-amd64
 0.14.1-arm64
-0.15.0
-0.15.0-amd64
 0.15.0-arm64
-0.16.0
-0.16.0-amd64
 0.16.0-arm64
-0.16.1
-0.16.1-amd64
 0.16.1-arm64
-0.17.0
-0.17.0-amd64
 0.17.0-arm64
-0.18.0
-0.18.0-amd64
 0.18.0-arm64
-1.0.0
-1.0.0-amd64
 1.0.0-arm64
-1.1.0
-1.1.0-amd64
 1.1.0-arm64
-1.2.0
-1.2.0-amd64
 1.2.0-arm64
-1.3.0
-1.3.0-amd64
 1.3.0-arm64
-1.3.1
-1.3.1-amd64
 1.3.1-arm64
-1.3.2
-1.3.2-amd64
 1.3.2-arm64
-1.3.3
-1.3.3-amd64
 1.3.3-arm64
-1.4.0
-1.4.0-amd64
 1.4.0-arm64
-1.4.1
-1.4.1-amd64
 1.4.1-arm64
-1.4.2
-1.4.2-amd64
 1.4.2-arm64
-1.5.0
-1.5.0-amd64
 1.5.0-arm64
-1.5.1
-1.5.1-amd64
 1.5.1-arm64
-2.1.0
-2.1.0-amd64
 2.1.0-arm64
-2.1.1
-2.1.1-amd64
 2.1.1-arm64
-2.1.3
-2.1.3-amd64
 2.1.3-arm64
-2.1.4
-2.1.4-amd64
 2.1.4-arm64
-2.2.0
-2.2.0-amd64
 2.2.0-arm64
Building the following tags:  origin/master (latest tag is 2.2.0)
HEAD is now at 7ec9edff Merge pull request #347 from zededa/fixes
Building and pushing "zededa/ztools:3072c7cd121b5ddb92fda536991e9945e14c786e"
3072c7cd121b5ddb92fda536991e9945e14c786e: Pulling from zededa/ztools
no matching manifest for linux/arm64 in the manifest list entries
No image pulled, continuing with build
Sending build context to Docker daemon  51.97MB
Step 1/30 : FROM golang:1.9.1-alpine AS build
 ---> cc52d0ad4cce
Step 2/30 : RUN apk update
 ---> Using cache
 ---> a112fe57102d
Step 3/30 : RUN apk add --no-cache git gcc linux-headers libc-dev util-linux libpcap-dev
 ---> Running in 99c4d83b679d
fetch http://dl-cdn.alpinelinux.org/alpine/v3.6/main/aarch64/APKINDEX.tar.gz
fetch http://dl-cdn.alpinelinux.org/alpine/v3.6/community/aarch64/APKINDEX.tar.gz
(1/34) Upgrading musl (1.1.16-r14 -> 1.1.16-r15)
(2/34) Installing binutils-libs (2.30-r1)
(3/34) Installing binutils (2.30-r1)
(4/34) Installing gmp (6.1.2-r0)
(5/34) Installing isl (0.17.1-r0)
(6/34) Installing libgomp (6.3.0-r4)
(7/34) Installing libatomic (6.3.0-r4)
(8/34) Installing libgcc (6.3.0-r4)
(9/34) Installing pkgconf (1.3.7-r0)
(10/34) Installing mpfr3 (3.1.5-r0)
(11/34) Installing mpc1 (1.0.3-r0)
(12/34) Installing libstdc++ (6.3.0-r4)
(13/34) Installing gcc (6.3.0-r4)
(14/34) Installing libssh2 (1.8.2-r0)
(15/34) Installing libcurl (7.61.1-r2)
(16/34) Installing expat (2.2.0-r1)
(17/34) Installing pcre (8.41-r0)
(18/34) Installing git (2.13.7-r2)
(19/34) Installing musl-dev (1.1.16-r15)
(20/34) Installing libc-dev (0.7.1-r0)
(21/34) Upgrading musl-utils (1.1.16-r14 -> 1.1.16-r15)
(22/34) Installing libpcap (1.8.1-r0)
(23/34) Installing libpcap-dev (1.8.1-r0)
(24/34) Installing linux-headers (4.4.6-r2)
(25/34) Installing libuuid (2.28.2-r2)
(26/34) Installing libblkid (2.28.2-r2)
(27/34) Installing libmount (2.28.2-r2)
(28/34) Installing libsmartcols (2.28.2-r2)
(29/34) Installing findmnt (2.28.2-r2)
(30/34) Installing libfdisk (2.28.2-r2)
(31/34) Installing ncurses-terminfo-base (6.0_p20171125-r1)
(32/34) Installing ncurses-terminfo (6.0_p20171125-r1)
(33/34) Installing ncurses-libs (6.0_p20171125-r1)
(34/34) Installing util-linux (2.28.2-r2)
Executing busybox-1.26.2-r5.trigger
OK: 120 MiB in 44 packages
 ---> 0f25eca0dc7a
Removing intermediate container 99c4d83b679d
Step 4/30 : ENV CGO_ENABLED 1
 ---> Running in d0e5ce525172
 ---> 6e9e97db7644
Removing intermediate container d0e5ce525172
Step 5/30 : ARG GOARCH=
 ---> Running in eb2b277a1370
 ---> c97f25acff24
Removing intermediate container eb2b277a1370
Step 6/30 : ARG CROSS_GCC=https://musl.cc/aarch64-linux-musleabi-cross.tgz
 ---> Running in a2544c87aea4
 ---> e1503945807f
Removing intermediate container a2544c87aea4
Step 7/30 : RUN [ -z "$GOARCH" ] || (cd / ; apk add --no-cache wget && wget -O - $CROSS_GCC | tar xzvf -)
 ---> Running in bfb4bc191dce
 ---> 0511cbed8ecd
Removing intermediate container bfb4bc191dce
Step 8/30 : ADD ./ /go/src/github.com/zededa/go-provision/
 ---> 72be28eca5c0
Step 9/30 : ADD conf/root-certificate.pem conf/server conf/server.production /config/
 ---> a55c115dc737
Step 10/30 : ADD scripts/device-steps.sh scripts/find-uplink.sh scripts/generate-device.sh scripts/generate-self-signed.sh scripts/handlezedserverconfig.sh scripts/watchdog-report.sh /opt/zededa/bin/
 ---> c760211fde97
Step 11/30 : ADD examples /opt/zededa/examples
 ---> 3dfcbe0fadb3
Step 12/30 : ADD conf/AssignableAdapters /var/tmp/zededa/AssignableAdapters
 ---> 5a3f200758aa
Step 13/30 : ADD conf/DeviceNetworkConfig /var/tmp/zededa/DeviceNetworkConfig
 ---> b811a9dceb87
Step 14/30 : ADD conf/lisp.config.base /var/tmp/zededa/lisp.config.base
 ---> b3f274a40da2
Step 15/30 : RUN (cd ./src/github.com/zededa/go-provision/; scripts/getversion.sh >/opt/zededa/bin/versioninfo)
 ---> Running in 13912b4653e4
 ---> 20ff9ca5cc06
Removing intermediate container 13912b4653e4
Step 16/30 : RUN cp /opt/zededa/bin/versioninfo /opt/zededa/bin/versioninfo.1
 ---> Running in 9ad10129ea1e
 ---> 12d5069eda87
Removing intermediate container 9ad10129ea1e
Step 17/30 : RUN echo Building: `cat /opt/zededa/bin/versioninfo`
 ---> Running in 978b55c71f2a
Building: 20180314-test--7ec9edff-2019-04-13.06.02
 ---> db90c1a1cf49
Removing intermediate container 978b55c71f2a
Step 18/30 : RUN [ -z "$GOARCH" ] || export CC=$(echo /*-cross/bin/*-gcc)           ;    go install github.com/zededa/go-provision/zedbox/... &&     echo "Running go vet" && go vet ./... &&     echo "Running go fmt" && ERR=$(gofmt -e -l -s $(find . -name \*.go | grep -v /vendor/)) &&        if [ -n "$ERR" ] ; then echo $ERR ; exit 1 ; fi &&     if [ -f /go/bin/*/zedbox ] ; then mv /go/bin/*/zedbox /go/bin ; fi
 ---> Running in 3fee537a4863
Running go vet
Running go fmt
 ---> 6739cb4cedfa
Removing intermediate container 3fee537a4863
Step 19/30 : RUN ln -s /go/bin/zedbox /opt/zededa/bin/zedbox ;    for app in         client domainmgr downloader hardwaremodel identitymgr ledmanager       logmanager verifier zedagent zedmanager zedrouter ipcmonitor nim       waitforaddr diag baseosmgr wstunnelclient conntrack lisp-ztr ;    do ln -s zedbox /opt/zededa/bin/$app ; done
 ---> Running in 6f6b54b79a98
 ---> ddf86c4f8bf4
Removing intermediate container 6f6b54b79a98
Step 20/30 : FROM scratch
 ---> 
Step 21/30 : COPY --from=build /opt/zededa/bin /opt/zededa/bin
 ---> be63a37a8563
Step 22/30 : COPY --from=build /opt/zededa/examples /opt/zededa/examples
 ---> 3d9daa17bc98
Step 23/30 : COPY --from=build /var/tmp/zededa/AssignableAdapters /var/tmp/zededa/AssignableAdapters
 ---> 0a28c9afe3d0
Step 24/30 : COPY --from=build /var/tmp/zededa/DeviceNetworkConfig /var/tmp/zededa/DeviceNetworkConfig
 ---> 3b604d0ef1ed
Step 25/30 : COPY --from=build /var/tmp/zededa/lisp.config.base /var/tmp/zededa/lisp.config.base
 ---> e7b322ded09a
Step 26/30 : COPY --from=build /config /opt/zededa/examples/config
 ---> 6c4043cd5d98
Step 27/30 : COPY --from=build /go/bin/* /opt/zededa/bin/
 ---> b0178bbe3478
Step 28/30 : WORKDIR /opt/zededa/bin
 ---> b504e069ced2
Removing intermediate container 88854b8b209c
Step 29/30 : CMD /bin/ash
 ---> Running in 332808d3baae
 ---> 1b7fd7c8035c
Removing intermediate container 332808d3baae
Step 30/30 : LABEL org.mobyproject.linuxkit.revision 'unknown' org.mobyproject.linuxkit.version 'unknown' org.opencontainers.image.revision '7ec9edff16246c3d1dba1ea75f82792fa0b971ad' org.opencontainers.image.source 'https://github.com/linuxkit/linuxkit'
 ---> Running in 792fc43f520f
 ---> c8b3f758b227
Removing intermediate container 792fc43f520f
Successfully built c8b3f758b227
Successfully tagged zededa/ztools:3072c7cd121b5ddb92fda536991e9945e14c786e-arm64
Pushing zededa/ztools:3072c7cd121b5ddb92fda536991e9945e14c786e-arm64
The push refers to a repository [docker.io/zededa/ztools]
c4e563a55eee: Preparing
5527ba192c84: Preparing
1e0d9938df5c: Preparing
c4b6ad74e591: Preparing
9225fe8f9be1: Preparing
8faad2502698: Preparing
6858ca2ec0ae: Preparing
8faad2502698: Waiting
6858ca2ec0ae: Waiting
c4b6ad74e591: Pushed
5527ba192c84: Pushed
9225fe8f9be1: Pushed
1e0d9938df5c: Pushed
8faad2502698: Pushed
6858ca2ec0ae: Pushed
c4e563a55eee: Pushed
3072c7cd121b5ddb92fda536991e9945e14c786e-arm64: digest: sha256:4580848d1af7d53435f39b9cdda202020cdebe239cbd6541ddcbcffaeedb2221 size: 1775
Pushing zededa/ztools:3072c7cd121b5ddb92fda536991e9945e14c786e-arm64 to manifest zededa/ztools:3072c7cd121b5ddb92fda536991e9945e14c786e
time="2019-04-13T08:05:05+02:00" level=warning msg="Couldn't find or access image reference \"zededa/ztools:3072c7cd121b5ddb92fda536991e9945e14c786e-s390x\". Skipping image."
Digest: sha256:617828b3ebe70f925f033f00f3b8cc6ed9b4514424844f85099d43d726ebcbc3 743
Not signing zededa/ztools:3072c7cd121b5ddb92fda536991e9945e14c786e
Tagging zededa/ztools:3072c7cd121b5ddb92fda536991e9945e14c786e-arm64 as zededa/ztools:snapshot-arm64
Pushing zededa/ztools:snapshot-arm64
The push refers to a repository [docker.io/zededa/ztools]
c4e563a55eee: Preparing
5527ba192c84: Preparing
1e0d9938df5c: Preparing
c4b6ad74e591: Preparing
9225fe8f9be1: Preparing
8faad2502698: Preparing
6858ca2ec0ae: Preparing
8faad2502698: Waiting
6858ca2ec0ae: Waiting
9225fe8f9be1: Layer already exists
1e0d9938df5c: Layer already exists
c4e563a55eee: Layer already exists
5527ba192c84: Layer already exists
c4b6ad74e591: Layer already exists
6858ca2ec0ae: Layer already exists
8faad2502698: Layer already exists
snapshot-arm64: digest: sha256:4580848d1af7d53435f39b9cdda202020cdebe239cbd6541ddcbcffaeedb2221 size: 1775
Pushing zededa/ztools:snapshot-arm64 to manifest zededa/ztools:snapshot
time="2019-04-13T08:05:16+02:00" level=warning msg="Couldn't find or access image reference \"zededa/ztools:snapshot-s390x\". Skipping image."
Digest: sha256:617828b3ebe70f925f033f00f3b8cc6ed9b4514424844f85099d43d726ebcbc3 743
Not signing zededa/ztools:snapshot
Build, push and release of "snapshot" complete, all done.
From https://github.com/zededa/zenbuild
   da935b6..8218bec  master     -> origin/master
 * [new tag]         0.1.0      -> 0.1.0
 * [new tag]         0.1.1      -> 0.1.1
 * [new tag]         0.10.0     -> 0.10.0
 * [new tag]         0.10.1     -> 0.10.1
 * [new tag]         0.11.0     -> 0.11.0
 * [new tag]         0.11.1     -> 0.11.1
 * [new tag]         0.12.0     -> 0.12.0
 * [new tag]         0.13.0     -> 0.13.0
 * [new tag]         0.14.0     -> 0.14.0
 * [new tag]         0.14.1     -> 0.14.1
 * [new tag]         0.15.0     -> 0.15.0
 * [new tag]         0.16.0     -> 0.16.0
 * [new tag]         0.16.1     -> 0.16.1
 * [new tag]         0.17.0     -> 0.17.0
 * [new tag]         0.18.0     -> 0.18.0
 * [new tag]         0.3.0      -> 0.3.0
 * [new tag]         0.3.1      -> 0.3.1
 * [new tag]         0.4.0      -> 0.4.0
 * [new tag]         0.5.0      -> 0.5.0
 * [new tag]         0.6.0      -> 0.6.0
 * [new tag]         0.7.0      -> 0.7.0
 * [new tag]         0.8.0      -> 0.8.0
 * [new tag]         0.8.1      -> 0.8.1
 * [new tag]         0.9.0      -> 0.9.0
 * [new tag]         0.9.1      -> 0.9.1
 * [new tag]         0.9.2      -> 0.9.2
 * [new tag]         1.0.0      -> 1.0.0
 * [new tag]         1.1.0      -> 1.1.0
 * [new tag]         1.2.0      -> 1.2.0
 * [new tag]         1.3.0      -> 1.3.0
 * [new tag]         1.3.1      -> 1.3.1
 * [new tag]         1.3.2      -> 1.3.2
 * [new tag]         1.3.3      -> 1.3.3
 * [new tag]         1.4.0      -> 1.4.0
 * [new tag]         1.4.1      -> 1.4.1
 * [new tag]         1.4.2      -> 1.4.2
 * [new tag]         1.5.0      -> 1.5.0
 * [new tag]         1.5.1      -> 1.5.1
 * [new tag]         2.1.0      -> 2.1.0
 * [new tag]         2.1.1      -> 2.1.1
 * [new tag]         2.1.2      -> 2.1.2
 * [new tag]         2.1.3      -> 2.1.3
 * [new tag]         2.1.4      -> 2.1.4
 * [new tag]         2.2.0      -> 2.2.0
--- /dev/fd/63	2019-04-13 08:05:19.624189213 +0200
+++ /dev/fd/62	2019-04-13 08:05:19.624189213 +0200
@@ -1,129 +1,44 @@
-0.1.0
-0.1.0-amd64
 0.1.0-arm64
-0.1.1
-0.1.1-amd64
 0.1.1-arm64
-0.3.0
-0.3.0-amd64
 0.3.0-arm64
-0.3.1
-0.3.1-amd64
 0.3.1-arm64
-0.4.0
-0.4.0-amd64
 0.4.0-arm64
-0.5.0
-0.5.0-amd64
 0.5.0-arm64
-0.6.0
-0.6.0-amd64
 0.6.0-arm64
-0.7.0
-0.7.0-amd64
 0.7.0-arm64
-0.8.0
-0.8.0-amd64
 0.8.0-arm64
-0.8.1
-0.8.1-amd64
 0.8.1-arm64
-0.9.0
-0.9.0-amd64
 0.9.0-arm64
-0.9.1
-0.9.1-amd64
 0.9.1-arm64
-0.9.2
-0.9.2-amd64
 0.9.2-arm64
-0.10.0
-0.10.0-amd64
 0.10.0-arm64
-0.10.1
-0.10.1-amd64
 0.10.1-arm64
-0.11.0
-0.11.0-amd64
 0.11.0-arm64
-0.11.1
-0.11.1-amd64
 0.11.1-arm64
-0.12.0
-0.12.0-amd64
 0.12.0-arm64
-0.13.0
-0.13.0-amd64
 0.13.0-arm64
-0.14.0
-0.14.0-amd64
 0.14.0-arm64
-0.14.1
-0.14.1-amd64
 0.14.1-arm64
-0.15.0
-0.15.0-amd64
 0.15.0-arm64
-0.16.0
-0.16.0-amd64
 0.16.0-arm64
-0.16.1
-0.16.1-amd64
 0.16.1-arm64
-0.17.0
-0.17.0-amd64
 0.17.0-arm64
-0.18.0
-0.18.0-amd64
 0.18.0-arm64
-1.0.0
-1.0.0-amd64
 1.0.0-arm64
-1.1.0
-1.1.0-amd64
 1.1.0-arm64
-1.2.0
-1.2.0-amd64
 1.2.0-arm64
-1.3.0
-1.3.0-amd64
 1.3.0-arm64
-1.3.1
-1.3.1-amd64
 1.3.1-arm64
-1.3.2
-1.3.2-amd64
 1.3.2-arm64
-1.3.3
-1.3.3-amd64
 1.3.3-arm64
-1.4.0
-1.4.0-amd64
 1.4.0-arm64
-1.4.1
-1.4.1-amd64
 1.4.1-arm64
-1.4.2
-1.4.2-amd64
 1.4.2-arm64
-1.5.0
-1.5.0-amd64
 1.5.0-arm64
-1.5.1
-1.5.1-amd64
 1.5.1-arm64
-2.1.0
-2.1.0-amd64
 2.1.0-arm64
-2.1.1
-2.1.1-amd64
 2.1.1-arm64
-2.1.3
-2.1.3-amd64
+2.1.2-arm64
 2.1.3-arm64
-2.1.4
-2.1.4-amd64
 2.1.4-arm64
-2.2.0
-2.2.0-amd64
 2.2.0-arm64
Building the following tags: 2.1.2 origin/master (latest tag is 2.2.0)
Removing build-pkgs/zenix/Makefile
Removing build-pkgs/zenix/OVMF.fd
Removing build-pkgs/zenix/config.img
Removing build-pkgs/zenix/fallback.img
Removing build-pkgs/zenix/installer.iso
Removing build-pkgs/zenix/installer.raw
Removing build-pkgs/zenix/installer.yml
Removing build-pkgs/zenix/rootfs.img
Removing build-pkgs/zenix/rootfs.yml
Removing build-tools/bin/linuxkit
Removing build-tools/bin/manifest-tool
Removing dist/
Removing images/installer.yml
Removing images/rootfs.yml
Removing pkg/mkconf/Dockerfile
Removing pkg/qrexec-dom0/Dockerfile
Removing pkg/qrexec-lib/Dockerfile
Removing pkg/zedctr/Dockerfile
HEAD is now at fb1f9ad Changing default server to prod
Error response from daemon: manifest for zededa/ztools:2.1.2-arm64 not found
WARNING: couldn't fetch the latest zededa/ztools:2.1.2-arm64 - may be using stale cache
Error response from daemon: manifest for zededa/lisp:2.1.2-arm64 not found
WARNING: couldn't fetch the latest zededa/lisp:2.1.2-arm64 - may be using stale cache
Error response from daemon: manifest for zededa/ztools:2.1.2-arm64 not found
WARNING: couldn't fetch the latest zededa/ztools:2.1.2-arm64 - may be using stale cache
Error response from daemon: manifest for zededa/lisp:2.1.2-arm64 not found
WARNING: couldn't fetch the latest zededa/lisp:2.1.2-arm64 - may be using stale cache
make -C build-tools all
make[1]: Entering directory '/home/zededa-ci/src/zenbuild/build-tools'
cd src/linuxkit/vendor/github.com/linuxkit/linuxkit/src/cmd/linuxkit ;\
/usr/bin/go  build -ldflags "-X github.com/linuxkit/linuxkit/src/cmd/linuxkit/version.GitCommit=fb1f9ad71980df3698358d13825745f5e02939ec" -o /home/zededa-ci/src/zenbuild/build-tools/bin/linuxkit .
cd src/manifest-tool/vendor/github.com/estesp/manifest-tool ;\
/usr/bin/go  build -ldflags "-X main.gitCommit=fb1f9ad71980df3698358d13825745f5e02939ec" -o /home/zededa-ci/src/zenbuild/build-tools/bin/manifest-tool .
make[1]: Leaving directory '/home/zededa-ci/src/zenbuild/build-tools'
make -C build-pkgs LINUXKIT_HASH="--hash 2.1.2  " push
make[1]: Entering directory '/home/zededa-ci/src/zenbuild/build-pkgs'
Building and pushing "zededa/build-pkgs_abuild:2.1.2"
2.1.2: Pulling from zededa/build-pkgs_abuild
Digest: sha256:056fcbe61a2a8c0590a467d397fa974429d4584a2930e7e1e7c21e6fd4587f44
Status: Image is up to date for zededa/build-pkgs_abuild:2.1.2
Building and pushing "zededa/build-pkgs_uefi:2.1.2"
2.1.2: Pulling from zededa/build-pkgs_uefi
Digest: sha256:028192b0b60eeb7932300a189a4060c180697858ee35f0f0423582578457afd9
Status: Image is up to date for zededa/build-pkgs_uefi:2.1.2
make[1]: Leaving directory '/home/zededa-ci/src/zenbuild/build-pkgs'
make -C pkg LINUXKIT_HASH="--hash 2.1.2  " push
make[1]: Entering directory '/home/zededa-ci/src/zenbuild/pkg'
(cd ..; ./parse-pkgs.sh pkg/qrexec-lib/Dockerfile.in > pkg/qrexec-lib/Dockerfile)
Error response from daemon: manifest for zededa/ztools:2.1.2-arm64 not found
WARNING: couldn't fetch the latest zededa/ztools:2.1.2-arm64 - may be using stale cache
Error response from daemon: manifest for zededa/lisp:2.1.2-arm64 not found
WARNING: couldn't fetch the latest zededa/lisp:2.1.2-arm64 - may be using stale cache
(cd ..; ./parse-pkgs.sh pkg/qrexec-dom0/Dockerfile.in > pkg/qrexec-dom0/Dockerfile)
Error response from daemon: manifest for zededa/ztools:2.1.2-arm64 not found
WARNING: couldn't fetch the latest zededa/ztools:2.1.2-arm64 - may be using stale cache
Error response from daemon: manifest for zededa/lisp:2.1.2-arm64 not found
WARNING: couldn't fetch the latest zededa/lisp:2.1.2-arm64 - may be using stale cache
(cd ..; ./parse-pkgs.sh pkg/mkconf/Dockerfile.in > pkg/mkconf/Dockerfile)
Error response from daemon: manifest for zededa/ztools:2.1.2-arm64 not found
WARNING: couldn't fetch the latest zededa/ztools:2.1.2-arm64 - may be using stale cache
Error response from daemon: manifest for zededa/lisp:2.1.2-arm64 not found
WARNING: couldn't fetch the latest zededa/lisp:2.1.2-arm64 - may be using stale cache
Building and pushing "zededa/grub:2.1.2"
2.1.2: Pulling from zededa/grub
Digest: sha256:b8428be0527f3fe8e8f08a4193feddfe764cc14e5418d19348a26de0df24c3c2
Status: Image is up to date for zededa/grub:2.1.2
Building and pushing "zededa/xen:2.1.2"
2.1.2: Pulling from zededa/xen
Digest: sha256:fee5ade87844662db397e9f8bec2803275a5e74fb0cfd50506ef6bf91e856b9e
Status: Image is up to date for zededa/xen:2.1.2
Building and pushing "zededa/kernel:2.1.2"
2.1.2: Pulling from zededa/kernel
Digest: sha256:9033dd0ac2da1f9b860c0e125d28235e3bc4170e88fab542c9dcba29c8a04c74
Status: Image is up to date for zededa/kernel:2.1.2
Building and pushing "zededa/fw:2.1.2"
2.1.2: Pulling from zededa/fw
Digest: sha256:7e1a88e3676aa590ae4234438c87aea5bcb6b400194b77714d72de0a77028bee
Status: Image is up to date for zededa/fw:2.1.2
Building and pushing "zededa/xen-tools:2.1.2"
2.1.2: Pulling from zededa/xen-tools
Digest: sha256:5a8def9f8c71e5dc9fd61bac543cdae3e0a39e1d3ac0a5e1c7de0d82c6fda775
Status: Image is up to date for zededa/xen-tools:2.1.2
Building and pushing "zededa/dnsmasq:2.1.2"
2.1.2: Pulling from zededa/dnsmasq
Digest: sha256:e047216be05882f94d139dffedc57d840eae66c4a603c6076e85896bf32d8cc5
Status: Image is up to date for zededa/dnsmasq:2.1.2
Building and pushing "zededa/strongswan:2.1.2"
2.1.2: Pulling from zededa/strongswan
Digest: sha256:59b48624befe9b18e7a2f0482bc9deddfa10468e3d822bba976160cb49d56e35
Status: Image is up to date for zededa/strongswan:2.1.2
Building and pushing "zededa/gpt-tools:2.1.2"
2.1.2: Pulling from zededa/gpt-tools
Digest: sha256:de16a2d67feb7dd8564b8add9ea60bcd7d82a84bee3bb39be2d6c04f5cc7071f
Status: Image is up to date for zededa/gpt-tools:2.1.2
Building and pushing "zededa/dom0-ztools:2.1.2"
2.1.2: Pulling from zededa/dom0-ztools
Digest: sha256:88ac0d4ccb5d09b9a83a4911a6a7aba610fa7171eb532128fee20f465d8eb534
Status: Image is up to date for zededa/dom0-ztools:2.1.2
Building and pushing "zededa/qrexec-lib:2.1.2"
2.1.2: Pulling from zededa/qrexec-lib
Digest: sha256:79decdfe0154050783786bc48e72c81a1aa64ad376f87b992cd049d97cc6ecc0
Status: Image is up to date for zededa/qrexec-lib:2.1.2
Building and pushing "zededa/qrexec-dom0:2.1.2"
2.1.2: Pulling from zededa/qrexec-dom0
Digest: sha256:769fdc66d21aa88c459765b50dd1de14ca37c900cf096e5ac60559bcdf566201
Status: Image is up to date for zededa/qrexec-dom0:2.1.2
Building and pushing "zededa/wwan:2.1.2"
2.1.2: Pulling from zededa/wwan
Digest: sha256:218cfa7a49435e7664293c3003583dd001b67c8bbb77b0ce28d4b5c591796eb3
Status: Image is up to date for zededa/wwan:2.1.2
Building and pushing "zededa/wlan:2.1.2"
2.1.2: Pulling from zededa/wlan
Digest: sha256:8757be36ddc552cf6281a3d42656d8f63b0e55ee7e51fcb53b7e2982385e8367
Status: Image is up to date for zededa/wlan:2.1.2
Building and pushing "zededa/rngd:2.1.2"
2.1.2: Pulling from zededa/rngd
Digest: sha256:38049daa5dbc1bcae1dceb8148814eb9bb2823d8746bbff19cb38d18c26cb3f7
Status: Image is up to date for zededa/rngd:2.1.2
Building and pushing "zededa/watchdog:2.1.2"
2.1.2: Pulling from zededa/watchdog
Digest: sha256:484fa64a1a44fd2c1370229862d30acefb5dc5fe6a959c7df21940a0c51f8a34
Status: Image is up to date for zededa/watchdog:2.1.2
Building and pushing "zededa/guacd:2.1.2"
2.1.2: Pulling from zededa/guacd
Digest: sha256:d07c2b73e30cd871db1cae1099feaa65a8a6258bd844e28849961e6f5109da3c
Status: Image is up to date for zededa/guacd:2.1.2
Building and pushing "zededa/device-trees:2.1.2"
2.1.2: Pulling from zededa/device-trees
Digest: sha256:f8a83a0d7041153ce3d6489266b7cb5754c2fb755819e318d031894c98d5622a
Status: Image is up to date for zededa/device-trees:2.1.2
Building and pushing "zededa/debug:2.1.2"
2.1.2: Pulling from zededa/debug
Digest: sha256:c3c1e593d28a76218e776e572e20f90d68fd0a5f67c8a6e32282b3387747b7fe
Status: Image is up to date for zededa/debug:2.1.2
Building and pushing "zededa/conf:2.1.2"
Error response from daemon: manifest for zededa/conf:2.1.2 not found
No image pulled, continuing with build
Sending build context to Docker daemon   5.12kB
Step 1/8 : FROM zededa/ztools:2.1.2-arm64 as zededa
manifest for zededa/ztools:2.1.2-arm64 not found
exit status 1
Makefile:21: recipe for target 'push' failed
make[1]: *** [push] Error 1
make[1]: Leaving directory '/home/zededa-ci/src/zenbuild/pkg'
Makefile:61: recipe for target 'pkgs' failed
make: *** [pkgs] Error 2
Removing build-tools/bin/linuxkit
Removing build-tools/bin/manifest-tool
Removing pkg/mkconf/Dockerfile
Removing pkg/qrexec-dom0/Dockerfile
Removing pkg/qrexec-lib/Dockerfile
HEAD is now at 8218bec Merge branch 'master' of https://github.com/zededa/zenbuild
make -C build-tools all
make[1]: Entering directory '/home/zededa-ci/src/zenbuild/build-tools'
cd src/linuxkit/vendor/github.com/linuxkit/linuxkit/src/cmd/linuxkit ;\
/usr/bin/go  build -ldflags "-X github.com/linuxkit/linuxkit/src/cmd/linuxkit/version.GitCommit=8218becd4e3599f4916de81b2e6ae1117dd1ca1f" -o /home/zededa-ci/src/zenbuild/build-tools/bin/linuxkit .
cd src/manifest-tool/vendor/github.com/estesp/manifest-tool ;\
/usr/bin/go  build -ldflags "-X main.gitCommit=8218becd4e3599f4916de81b2e6ae1117dd1ca1f" -o /home/zededa-ci/src/zenbuild/build-tools/bin/manifest-tool .
make[1]: Leaving directory '/home/zededa-ci/src/zenbuild/build-tools'
make -C build-pkgs LINUXKIT_HASH="  --release snapshot" push
make[1]: Entering directory '/home/zededa-ci/src/zenbuild/build-pkgs'
Building and pushing "zededa/build-pkgs_abuild:7ae4d9f9fa290963de466d5ed96d6c9318354824"
7ae4d9f9fa290963de466d5ed96d6c9318354824: Pulling from zededa/build-pkgs_abuild
Digest: sha256:1a11eee631ec5ff068f207ae6bcd87d5d4a48a062308b46988cda10abdd15c86
Status: Image is up to date for zededa/build-pkgs_abuild:7ae4d9f9fa290963de466d5ed96d6c9318354824
Building and pushing "zededa/build-pkgs_uefi:a3362428c518fb4db1a136a961bd17e8a66fb693"
a3362428c518fb4db1a136a961bd17e8a66fb693: Pulling from zededa/build-pkgs_uefi
Digest: sha256:40b3cfec230b69210428c2b9db0d96985b2f107d18b0a62b28736e3e04b15f44
Status: Image is up to date for zededa/build-pkgs_uefi:a3362428c518fb4db1a136a961bd17e8a66fb693
make[1]: Leaving directory '/home/zededa-ci/src/zenbuild/build-pkgs'
make -C pkg LINUXKIT_HASH="  --release snapshot" push
make[1]: Entering directory '/home/zededa-ci/src/zenbuild/pkg'
(cd ..; ./tools/parse-pkgs.sh pkg/qrexec-lib/Dockerfile.in > pkg/qrexec-lib/Dockerfile)
(cd ..; ./tools/parse-pkgs.sh pkg/qrexec-dom0/Dockerfile.in > pkg/qrexec-dom0/Dockerfile)
(cd ..; ./tools/parse-pkgs.sh pkg/mkconf/Dockerfile.in > pkg/mkconf/Dockerfile)
Building and pushing "zededa/grub:6a5c0688ea5c05aaa92b9e4a40579ea14f5e55be"
6a5c0688ea5c05aaa92b9e4a40579ea14f5e55be: Pulling from zededa/grub
Digest: sha256:0bf4b8aa67a1b36cefde607f54acc797906edf41c50109b7823aa0298e968e0e
Status: Image is up to date for zededa/grub:6a5c0688ea5c05aaa92b9e4a40579ea14f5e55be
Building and pushing "zededa/xen:f51bf3d17fad15b71242befbddec96e177132a99"
f51bf3d17fad15b71242befbddec96e177132a99: Pulling from zededa/xen
Digest: sha256:72ff3c98dafff206e4b77c51f05eb768ae4e42032c31f5755c6ebec33aa571ab
Status: Image is up to date for zededa/xen:f51bf3d17fad15b71242befbddec96e177132a99
Building and pushing "zededa/kernel:7cfa13614bb99a84030db209b6c9a0696c7d3315"
7cfa13614bb99a84030db209b6c9a0696c7d3315: Pulling from zededa/kernel
Digest: sha256:0e681b1a20b981282191d707ae01019ef41dd7b01697271e34885b572239894b
Status: Image is up to date for zededa/kernel:7cfa13614bb99a84030db209b6c9a0696c7d3315
Building and pushing "zededa/fw:1d8c22ae31c42d767ba648b186db4ea967a9c569"
1d8c22ae31c42d767ba648b186db4ea967a9c569: Pulling from zededa/fw
Digest: sha256:c95ae74a720a42dc91dce6b5d225bf1758bef24b327e21f18c9dd184713d43e3
Status: Image is up to date for zededa/fw:1d8c22ae31c42d767ba648b186db4ea967a9c569
Building and pushing "zededa/xen-tools:9c96b441d083d7ef7bcb602bf009fa91bd7ebbf2"
9c96b441d083d7ef7bcb602bf009fa91bd7ebbf2: Pulling from zededa/xen-tools
Digest: sha256:897606c52b7cb91fa393ca30dae8f7c4cd8ce9fc26e5251e784a0af2fe9685c2
Status: Image is up to date for zededa/xen-tools:9c96b441d083d7ef7bcb602bf009fa91bd7ebbf2
Building and pushing "zededa/dnsmasq:c5985cdd83998d06255fe115d230a280c6928f1b"
c5985cdd83998d06255fe115d230a280c6928f1b: Pulling from zededa/dnsmasq
Digest: sha256:12240a65c524eaf5def9bd3598e771336e9350c249abc1ff6a06cb8e57f56832
Status: Image is up to date for zededa/dnsmasq:c5985cdd83998d06255fe115d230a280c6928f1b
Building and pushing "zededa/strongswan:8f5ee3b98aa3ea49a9a4231baac9be933d6155ec"
8f5ee3b98aa3ea49a9a4231baac9be933d6155ec: Pulling from zededa/strongswan
Digest: sha256:369e5f5de5fe189d5c1942f797b217fdc48b6e4161a70df5efce2d252135c978
Status: Image is up to date for zededa/strongswan:8f5ee3b98aa3ea49a9a4231baac9be933d6155ec
Building and pushing "zededa/gpt-tools:fe878611e4e032ea10946cbc9a1c3d5b22349dc4"
fe878611e4e032ea10946cbc9a1c3d5b22349dc4: Pulling from zededa/gpt-tools
Digest: sha256:4c3e178a2b6881c98c7398fbdb003caf5b5db0ef6e6904c1d6204e336eeed5cc
Status: Image is up to date for zededa/gpt-tools:fe878611e4e032ea10946cbc9a1c3d5b22349dc4
Building and pushing "zededa/dom0-ztools:b53cd1b5785c128371a5997e3a6e16007718c12d"
b53cd1b5785c128371a5997e3a6e16007718c12d: Pulling from zededa/dom0-ztools
Digest: sha256:65037565a2b30850b6368825b9d1e7af47a89c812eb1a910b8c93da828736473
Status: Image is up to date for zededa/dom0-ztools:b53cd1b5785c128371a5997e3a6e16007718c12d
Building and pushing "zededa/qrexec-lib:2e0df0df95f86df6953d7d2e7729213b77fd7206"
2e0df0df95f86df6953d7d2e7729213b77fd7206: Pulling from zededa/qrexec-lib
Digest: sha256:15aa3ca4fef43b0918e92eed910279f368e8c3fd52faabb50fc688f555b35700
Status: Image is up to date for zededa/qrexec-lib:2e0df0df95f86df6953d7d2e7729213b77fd7206
Building and pushing "zededa/qrexec-dom0:2c3cf9b135409690eaa86092c41f7c800d398468"
2c3cf9b135409690eaa86092c41f7c800d398468: Pulling from zededa/qrexec-dom0
Digest: sha256:8595ea8ced1b220d3afb52b7804c31e7a0a26779638d9f7e737dfb924569e479
Status: Image is up to date for zededa/qrexec-dom0:2c3cf9b135409690eaa86092c41f7c800d398468
Building and pushing "zededa/wwan:5f68442251df0f2625fde14e947f11de2374b72d"
5f68442251df0f2625fde14e947f11de2374b72d: Pulling from zededa/wwan
Digest: sha256:9a80f2fdbc39ee1282fa18cd476b601ef6826c31b5edcb09bb4eba674e9f80d1
Status: Image is up to date for zededa/wwan:5f68442251df0f2625fde14e947f11de2374b72d
Building and pushing "zededa/wlan:8aa66e76c276b97d1141801d3f461e2b3f8f8f97"
8aa66e76c276b97d1141801d3f461e2b3f8f8f97: Pulling from zededa/wlan
Digest: sha256:eb614df60aa8c847ea9f7a89848b0199f4852dbda8a9c07841607fdd7cb16d6c
Status: Image is up to date for zededa/wlan:8aa66e76c276b97d1141801d3f461e2b3f8f8f97
Building and pushing "zededa/rngd:5adb10a552c07513159777bd022ac58e23d59272"
5adb10a552c07513159777bd022ac58e23d59272: Pulling from zededa/rngd
Digest: sha256:936bf272bcf06dc1f25cbb81a7cb8b439bb356df86a399456b61a65cc92ef254
Status: Image is up to date for zededa/rngd:5adb10a552c07513159777bd022ac58e23d59272
Building and pushing "zededa/watchdog:2aea3af274e4928d2eab2b738d0e100ee5362173"
2aea3af274e4928d2eab2b738d0e100ee5362173: Pulling from zededa/watchdog
Digest: sha256:3beef59348def169640889b43bfebf7fa22b7b095dc4168abee3a5a88b5dc559
Status: Image is up to date for zededa/watchdog:2aea3af274e4928d2eab2b738d0e100ee5362173
Building and pushing "zededa/guacd:85a2add30bae37777d3d4f3f17a528fe8db88e96"
85a2add30bae37777d3d4f3f17a528fe8db88e96: Pulling from zededa/guacd
Digest: sha256:47376275e56439a0836f1765511f19768651b2a095be6da54fdfd0b2b7b6ce24
Status: Image is up to date for zededa/guacd:85a2add30bae37777d3d4f3f17a528fe8db88e96
Building and pushing "zededa/lisp:6654433c2b3df84d02472f202eee07e4d3173442"
6654433c2b3df84d02472f202eee07e4d3173442: Pulling from zededa/lisp
no matching manifest for linux/arm64 in the manifest list entries
No image pulled, continuing with build
Sending build context to Docker daemon  35.84kB
Step 1/15 : FROM alpine:3.8 AS lisp
 ---> 0db038343fbd
Step 2/15 : ENV LISP_VERSION release-0.488
 ---> Using cache
 ---> 58db16f04271
Step 3/15 : ADD https://github.com/farinacci/lispers.net/archive/${LISP_VERSION}.tar.gz /tmp/

 ---> 3c286a0c1af6
Step 4/15 : ADD patches /tmp/patches
 ---> 9a6cb7427436
Step 5/15 : RUN apk add --no-cache py2-pyflakes py2-pip gcc linux-headers      libc-dev python python-dev libffi-dev openssl-dev libpcap-dev
 ---> Running in 9cade7a2036b
fetch http://dl-cdn.alpinelinux.org/alpine/v3.8/main/aarch64/APKINDEX.tar.gz
fetch http://dl-cdn.alpinelinux.org/alpine/v3.8/community/aarch64/APKINDEX.tar.gz
(1/35) Installing binutils (2.30-r5)
(2/35) Installing gmp (6.1.2-r1)
(3/35) Installing isl (0.18-r0)
(4/35) Installing libgomp (6.4.0-r9)
(5/35) Installing libatomic (6.4.0-r9)
(6/35) Installing libgcc (6.4.0-r9)
(7/35) Installing pkgconf (1.5.3-r0)
(8/35) Installing mpfr3 (3.1.5-r1)
(9/35) Installing mpc1 (1.0.3-r1)
(10/35) Installing libstdc++ (6.4.0-r9)
(11/35) Installing gcc (6.4.0-r9)
(12/35) Installing musl-dev (1.1.19-r10)
(13/35) Installing libc-dev (0.7.1-r0)
(14/35) Installing libffi (3.2.1-r4)
(15/35) Installing libffi-dev (3.2.1-r4)
(16/35) Installing libpcap (1.8.1-r1)
(17/35) Installing libpcap-dev (1.8.1-r1)
(18/35) Installing linux-headers (4.4.6-r2)
(19/35) Installing zlib-dev (1.2.11-r1)
(20/35) Installing libcrypto1.0 (1.0.2r-r0)
(21/35) Installing libssl1.0 (1.0.2r-r0)
(22/35) Installing openssl-dev (1.0.2r-r0)
(23/35) Installing libbz2 (1.0.6-r6)
(24/35) Installing expat (2.2.5-r0)
(25/35) Installing gdbm (1.13-r1)
(26/35) Installing ncurses-terminfo-base (6.1_p20180818-r1)
(27/35) Installing ncurses-terminfo (6.1_p20180818-r1)
(28/35) Installing ncurses-libs (6.1_p20180818-r1)
(29/35) Installing readline (7.0.003-r0)
(30/35) Installing sqlite-libs (3.25.3-r0)
(31/35) Installing python2 (2.7.15-r1)
(32/35) Installing py-setuptools (39.1.0-r0)
(33/35) Installing py2-pip (10.0.1-r0)
(34/35) Installing py2-pyflakes (1.6.0-r3)
(35/35) Installing python2-dev (2.7.15-r1)
Executing busybox-1.28.4-r2.trigger
OK: 187 MiB in 48 packages
 ---> 19581f42e4a5
Removing intermediate container 9cade7a2036b
Step 6/15 : RUN ln -s pyflakes-2 /usr/bin/pyflakes
 ---> Running in 3300597a45ef
 ---> c1c5b52c5e74
Removing intermediate container 3300597a45ef
Step 7/15 : RUN tar -C /tmp -xzvf /tmp/${LISP_VERSION}.tar.gz &&     cd /tmp/lispers.net-${LISP_VERSION} &&     for p in /tmp/patches/* ; do patch -p1 < $p ; done &&     cd build ; python make-release.py dev &&     mkdir /lisp ; tar -C /lisp -xzvf latest/lispers.net.tgz
 ---> Running in 2146399b3e1d
lispers.net-release-0.488/
lispers.net-release-0.488/.gitignore
lispers.net-release-0.488/CODEOWNERS
lispers.net-release-0.488/GOVERNANCE
lispers.net-release-0.488/LICENSE
lispers.net-release-0.488/NOTICE
lispers.net-release-0.488/README
lispers.net-release-0.488/apps/
lispers.net-release-0.488/apps/README
lispers.net-release-0.488/apps/lisp-add-mc.py
lispers.net-release-0.488/apps/lisp-join.py
lispers.net-release-0.488/apps/lisp-map-cache.py
lispers.net-release-0.488/apps/lisp-news-receiver.py
lispers.net-release-0.488/apps/lisp-news-sender.py
lispers.net-release-0.488/apps/lisp-onoff.py
lispers.net-release-0.488/apps/lisp-provision-site.py
lispers.net-release-0.488/apps/lisp-provision-vpn.py
lispers.net-release-0.488/apps/lisp-provision-xtr.py
lispers.net-release-0.488/apps/lisp-sys-info.py
lispers.net-release-0.488/apps/lisp-watch-pps.py
lispers.net-release-0.488/apps/loc8tr.py
lispers.net-release-0.488/apps/make-crypto-eid.py
lispers.net-release-0.488/apps/make-eid-hash.py
lispers.net-release-0.488/apps/ping-from-eeid.py
lispers.net-release-0.488/build/
lispers.net-release-0.488/build/Dockerfile
lispers.net-release-0.488/build/README
lispers.net-release-0.488/build/RL.docker
lispers.net-release-0.488/build/commit-release
lispers.net-release-0.488/build/latest
lispers.net-release-0.488/build/make-apps-release.py
lispers.net-release-0.488/build/make-release.py
lispers.net-release-0.488/build/py-depend/
lispers.net-release-0.488/build/py-depend/get-pip.py
lispers.net-release-0.488/build/py-depend/lispers.net-install-ubuntu.py
lispers.net-release-0.488/build/py-depend/lispers.net-test-install.py
lispers.net-release-0.488/build/py-depend/pip-requirements.txt
lispers.net-release-0.488/build/release-0.486/
lispers.net-release-0.488/build/release-0.486/RESTART-LISP
lispers.net-release-0.488/build/release-0.486/RL-template
lispers.net-release-0.488/build/release-0.486/RUN-LISP
lispers.net-release-0.488/build/release-0.486/STOP-LISP
lispers.net-release-0.488/build/release-0.486/bin/
lispers.net-release-0.488/build/release-0.486/bin/chacha.pyo
lispers.net-release-0.488/build/release-0.486/bin/is-lisp-running.pyo
lispers.net-release-0.488/build/release-0.486/bin/lisp-core.pyo
lispers.net-release-0.488/build/release-0.486/bin/lisp-ddt.pyo
lispers.net-release-0.488/build/release-0.486/bin/lisp-etr.pyo
lispers.net-release-0.488/build/release-0.486/bin/lisp-get-bits.pyo
lispers.net-release-0.488/build/release-0.486/bin/lisp-itr.pyo
lispers.net-release-0.488/build/release-0.486/bin/lisp-lig.pyo
lispers.net-release-0.488/build/release-0.486/bin/lisp-log-packets.pyo
lispers.net-release-0.488/build/release-0.486/bin/lisp-mr.pyo
lispers.net-release-0.488/build/release-0.486/bin/lisp-ms.pyo
lispers.net-release-0.488/build/release-0.486/bin/lisp-rig.pyo
lispers.net-release-0.488/build/release-0.486/bin/lisp-rtr.pyo
lispers.net-release-0.488/build/release-0.486/bin/lisp-save-logs.pyo
lispers.net-release-0.488/build/release-0.486/bin/lisp.pyo
lispers.net-release-0.488/build/release-0.486/bin/lispapi.pyo
lispers.net-release-0.488/build/release-0.486/bin/lispconfig.pyo
lispers.net-release-0.488/build/release-0.486/bin/lispers.net-install-ubuntu.pyo
lispers.net-release-0.488/build/release-0.486/bin/lispers.net-test-install.pyo
lispers.net-release-0.488/build/release-0.486/bin/poly1305.pyo
lispers.net-release-0.488/build/release-0.486/bin/remove-lisp-iptables.pyo
lispers.net-release-0.488/build/release-0.486/bin/remove-lisp-locks.pyo
lispers.net-release-0.488/build/release-0.486/get-pip.py
lispers.net-release-0.488/build/release-0.486/how-to-install.txt
lispers.net-release-0.488/build/release-0.486/lisp-build-date.txt
lispers.net-release-0.488/build/release-0.486/lisp-cert.pem.default
lispers.net-release-0.488/build/release-0.486/lisp-version.txt
lispers.net-release-0.488/build/release-0.486/lisp.config.example
lispers.net-release-0.488/build/release-0.486/lispapi.txt
lispers.net-release-0.488/build/release-0.486/lispers.net-geo.html
lispers.net-release-0.488/build/release-0.486/lispers.net-x86-release-0.486.tgz
lispers.net-release-0.488/build/release-0.486/lispers.net.tgz
lispers.net-release-0.488/build/release-0.486/log-packets
lispers.net-release-0.488/build/release-0.486/ob/
lispers.net-release-0.488/build/release-0.486/ob/chacha.py
lispers.net-release-0.488/build/release-0.486/ob/is-lisp-running.py
lispers.net-release-0.488/build/release-0.486/ob/lisp-core.py
lispers.net-release-0.488/build/release-0.486/ob/lisp-ddt.py
lispers.net-release-0.488/build/release-0.486/ob/lisp-etr.py
lispers.net-release-0.488/build/release-0.486/ob/lisp-get-bits.py
lispers.net-release-0.488/build/release-0.486/ob/lisp-itr.py
lispers.net-release-0.488/build/release-0.486/ob/lisp-lig.py
lispers.net-release-0.488/build/release-0.486/ob/lisp-log-packets.py
lispers.net-release-0.488/build/release-0.486/ob/lisp-mr.py
lispers.net-release-0.488/build/release-0.486/ob/lisp-ms.py
lispers.net-release-0.488/build/release-0.486/ob/lisp-rig.py
lispers.net-release-0.488/build/release-0.486/ob/lisp-rtr.py
lispers.net-release-0.488/build/release-0.486/ob/lisp-save-logs.py
lispers.net-release-0.488/build/release-0.486/ob/lisp.py
lispers.net-release-0.488/build/release-0.486/ob/lispapi.py
lispers.net-release-0.488/build/release-0.486/ob/lispconfig.py
lispers.net-release-0.488/build/release-0.486/ob/lispers.net-install-ubuntu.py
lispers.net-release-0.488/build/release-0.486/ob/lispers.net-test-install.py
lispers.net-release-0.488/build/release-0.486/ob/poly1305.py
lispers.net-release-0.488/build/release-0.486/ob/remove-lisp-iptables.py
lispers.net-release-0.488/build/release-0.486/ob/remove-lisp-locks.py
lispers.net-release-0.488/build/release-0.486/pip-requirements.txt
lispers.net-release-0.488/build/release-0.486/pslisp
lispers.net-release-0.488/build/release-0.486/release-notes.txt
lispers.net-release-0.488/build/release-0.486/src/
lispers.net-release-0.488/build/release-0.486/src/chacha.py
lispers.net-release-0.488/build/release-0.486/src/is-lisp-running.py
lispers.net-release-0.488/build/release-0.486/src/lisp-core.py
lispers.net-release-0.488/build/release-0.486/src/lisp-ddt.py
lispers.net-release-0.488/build/release-0.486/src/lisp-etr.py
lispers.net-release-0.488/build/release-0.486/src/lisp-get-bits.py
lispers.net-release-0.488/build/release-0.486/src/lisp-itr.py
lispers.net-release-0.488/build/release-0.486/src/lisp-lig.py
lispers.net-release-0.488/build/release-0.486/src/lisp-log-packets.py
lispers.net-release-0.488/build/release-0.486/src/lisp-mr.py
lispers.net-release-0.488/build/release-0.486/src/lisp-ms.py
lispers.net-release-0.488/build/release-0.486/src/lisp-rig.py
lispers.net-release-0.488/build/release-0.486/src/lisp-rtr.py
lispers.net-release-0.488/build/release-0.486/src/lisp-save-logs.py
lispers.net-release-0.488/build/release-0.486/src/lisp.py
lispers.net-release-0.488/build/release-0.486/src/lispapi.py
lispers.net-release-0.488/build/release-0.486/src/lispconfig.py
lispers.net-release-0.488/build/release-0.486/src/lispers.net-install-ubuntu.py
lispers.net-release-0.488/build/release-0.486/src/lispers.net-test-install.py
lispers.net-release-0.488/build/release-0.486/src/poly1305.py
lispers.net-release-0.488/build/release-0.486/src/remove-lisp-iptables.py
lispers.net-release-0.488/build/release-0.486/src/remove-lisp-locks.py
lispers.net-release-0.488/build/release-0.487/
lispers.net-release-0.488/build/release-0.487/RESTART-LISP
lispers.net-release-0.488/build/release-0.487/RL-template
lispers.net-release-0.488/build/release-0.487/RUN-LISP
lispers.net-release-0.488/build/release-0.487/STOP-LISP
lispers.net-release-0.488/build/release-0.487/bin/
lispers.net-release-0.488/build/release-0.487/bin/chacha.pyo
lispers.net-release-0.488/build/release-0.487/bin/is-lisp-running.pyo
lispers.net-release-0.488/build/release-0.487/bin/lisp-core.pyo
lispers.net-release-0.488/build/release-0.487/bin/lisp-ddt.pyo
lispers.net-release-0.488/build/release-0.487/bin/lisp-etr.pyo
lispers.net-release-0.488/build/release-0.487/bin/lisp-get-bits.pyo
lispers.net-release-0.488/build/release-0.487/bin/lisp-itr.pyo
lispers.net-release-0.488/build/release-0.487/bin/lisp-lig.pyo
lispers.net-release-0.488/build/release-0.487/bin/lisp-log-packets.pyo
lispers.net-release-0.488/build/release-0.487/bin/lisp-mr.pyo
lispers.net-release-0.488/build/release-0.487/bin/lisp-ms.pyo
lispers.net-release-0.488/build/release-0.487/bin/lisp-rig.pyo
lispers.net-release-0.488/build/release-0.487/bin/lisp-rtr.pyo
lispers.net-release-0.488/build/release-0.487/bin/lisp-save-logs.pyo
lispers.net-release-0.488/build/release-0.487/bin/lisp.pyo
lispers.net-release-0.488/build/release-0.487/bin/lispapi.pyo
lispers.net-release-0.488/build/release-0.487/bin/lispconfig.pyo
lispers.net-release-0.488/build/release-0.487/bin/lispers.net-install-ubuntu.pyo
lispers.net-release-0.488/build/release-0.487/bin/lispers.net-test-install.pyo
lispers.net-release-0.488/build/release-0.487/bin/poly1305.pyo
lispers.net-release-0.488/build/release-0.487/bin/remove-lisp-iptables.pyo
lispers.net-release-0.488/build/release-0.487/bin/remove-lisp-locks.pyo
lispers.net-release-0.488/build/release-0.487/get-pip.py
lispers.net-release-0.488/build/release-0.487/how-to-install.txt
lispers.net-release-0.488/build/release-0.487/lisp-build-date.txt
lispers.net-release-0.488/build/release-0.487/lisp-cert.pem.default
lispers.net-release-0.488/build/release-0.487/lisp-version.txt
lispers.net-release-0.488/build/release-0.487/lisp.config.example
lispers.net-release-0.488/build/release-0.487/lispapi.txt
lispers.net-release-0.488/build/release-0.487/lispers.net-geo.html
lispers.net-release-0.488/build/release-0.487/lispers.net-x86-release-0.487.tgz
lispers.net-release-0.488/build/release-0.487/lispers.net.tgz
lispers.net-release-0.488/build/release-0.487/log-packets
lispers.net-release-0.488/build/release-0.487/ob/
lispers.net-release-0.488/build/release-0.487/ob/chacha.py
lispers.net-release-0.488/build/release-0.487/ob/is-lisp-running.py
lispers.net-release-0.488/build/release-0.487/ob/lisp-core.py
lispers.net-release-0.488/build/release-0.487/ob/lisp-ddt.py
lispers.net-release-0.488/build/release-0.487/ob/lisp-etr.py
lispers.net-release-0.488/build/release-0.487/ob/lisp-get-bits.py
lispers.net-release-0.488/build/release-0.487/ob/lisp-itr.py
lispers.net-release-0.488/build/release-0.487/ob/lisp-lig.py
lispers.net-release-0.488/build/release-0.487/ob/lisp-log-packets.py
lispers.net-release-0.488/build/release-0.487/ob/lisp-mr.py
lispers.net-release-0.488/build/release-0.487/ob/lisp-ms.py
lispers.net-release-0.488/build/release-0.487/ob/lisp-rig.py
lispers.net-release-0.488/build/release-0.487/ob/lisp-rtr.py
lispers.net-release-0.488/build/release-0.487/ob/lisp-save-logs.py
lispers.net-release-0.488/build/release-0.487/ob/lisp.py
lispers.net-release-0.488/build/release-0.487/ob/lispapi.py
lispers.net-release-0.488/build/release-0.487/ob/lispconfig.py
lispers.net-release-0.488/build/release-0.487/ob/lispers.net-install-ubuntu.py
lispers.net-release-0.488/build/release-0.487/ob/lispers.net-test-install.py
lispers.net-release-0.488/build/release-0.487/ob/poly1305.py
lispers.net-release-0.488/build/release-0.487/ob/remove-lisp-iptables.py
lispers.net-release-0.488/build/release-0.487/ob/remove-lisp-locks.py
lispers.net-release-0.488/build/release-0.487/pip-requirements.txt
lispers.net-release-0.488/build/release-0.487/pslisp
lispers.net-release-0.488/build/release-0.487/release-notes.txt
lispers.net-release-0.488/build/release-0.487/src/
lispers.net-release-0.488/build/release-0.487/src/chacha.py
lispers.net-release-0.488/build/release-0.487/src/is-lisp-running.py
lispers.net-release-0.488/build/release-0.487/src/lisp-core.py
lispers.net-release-0.488/build/release-0.487/src/lisp-ddt.py
lispers.net-release-0.488/build/release-0.487/src/lisp-etr.py
lispers.net-release-0.488/build/release-0.487/src/lisp-get-bits.py
lispers.net-release-0.488/build/release-0.487/src/lisp-itr.py
lispers.net-release-0.488/build/release-0.487/src/lisp-lig.py
lispers.net-release-0.488/build/release-0.487/src/lisp-log-packets.py
lispers.net-release-0.488/build/release-0.487/src/lisp-mr.py
lispers.net-release-0.488/build/release-0.487/src/lisp-ms.py
lispers.net-release-0.488/build/release-0.487/src/lisp-rig.py
lispers.net-release-0.488/build/release-0.487/src/lisp-rtr.py
lispers.net-release-0.488/build/release-0.487/src/lisp-save-logs.py
lispers.net-release-0.488/build/release-0.487/src/lisp.py
lispers.net-release-0.488/build/release-0.487/src/lispapi.py
lispers.net-release-0.488/build/release-0.487/src/lispconfig.py
lispers.net-release-0.488/build/release-0.487/src/lispers.net-install-ubuntu.py
lispers.net-release-0.488/build/release-0.487/src/lispers.net-test-install.py
lispers.net-release-0.488/build/release-0.487/src/poly1305.py
lispers.net-release-0.488/build/release-0.487/src/remove-lisp-iptables.py
lispers.net-release-0.488/build/release-0.487/src/remove-lisp-locks.py
lispers.net-release-0.488/build/release-0.488/
lispers.net-release-0.488/build/release-0.488/RESTART-LISP
lispers.net-release-0.488/build/release-0.488/RL-template
lispers.net-release-0.488/build/release-0.488/RUN-LISP
lispers.net-release-0.488/build/release-0.488/STOP-LISP
lispers.net-release-0.488/build/release-0.488/bin/
lispers.net-release-0.488/build/release-0.488/bin/chacha.pyo
lispers.net-release-0.488/build/release-0.488/bin/is-lisp-running.pyo
lispers.net-release-0.488/build/release-0.488/bin/lisp-core.pyo
lispers.net-release-0.488/build/release-0.488/bin/lisp-ddt.pyo
lispers.net-release-0.488/build/release-0.488/bin/lisp-etr.pyo
lispers.net-release-0.488/build/release-0.488/bin/lisp-get-bits.pyo
lispers.net-release-0.488/build/release-0.488/bin/lisp-itr.pyo
lispers.net-release-0.488/build/release-0.488/bin/lisp-lig.pyo
lispers.net-release-0.488/build/release-0.488/bin/lisp-log-packets.pyo
lispers.net-release-0.488/build/release-0.488/bin/lisp-mr.pyo
lispers.net-release-0.488/build/release-0.488/bin/lisp-ms.pyo
lispers.net-release-0.488/build/release-0.488/bin/lisp-rig.pyo
lispers.net-release-0.488/build/release-0.488/bin/lisp-rtr.pyo
lispers.net-release-0.488/build/release-0.488/bin/lisp-save-logs.pyo
lispers.net-release-0.488/build/release-0.488/bin/lisp.pyo
lispers.net-release-0.488/build/release-0.488/bin/lispapi.pyo
lispers.net-release-0.488/build/release-0.488/bin/lispconfig.pyo
lispers.net-release-0.488/build/release-0.488/bin/lispers.net-install-ubuntu.pyo
lispers.net-release-0.488/build/release-0.488/bin/lispers.net-test-install.pyo
lispers.net-release-0.488/build/release-0.488/bin/poly1305.pyo
lispers.net-release-0.488/build/release-0.488/bin/remove-lisp-iptables.pyo
lispers.net-release-0.488/build/release-0.488/bin/remove-lisp-locks.pyo
lispers.net-release-0.488/build/release-0.488/get-pip.py
lispers.net-release-0.488/build/release-0.488/how-to-install.txt
lispers.net-release-0.488/build/release-0.488/lisp-build-date.txt
lispers.net-release-0.488/build/release-0.488/lisp-cert.pem.default
lispers.net-release-0.488/build/release-0.488/lisp-version.txt
lispers.net-release-0.488/build/release-0.488/lisp.config.example
lispers.net-release-0.488/build/release-0.488/lispapi.txt
lispers.net-release-0.488/build/release-0.488/lispers.net-geo.html
lispers.net-release-0.488/build/release-0.488/lispers.net-x86-release-0.488.tgz
lispers.net-release-0.488/build/release-0.488/lispers.net.tgz
lispers.net-release-0.488/build/release-0.488/log-packets
lispers.net-release-0.488/build/release-0.488/ob/
lispers.net-release-0.488/build/release-0.488/ob/chacha.py
lispers.net-release-0.488/build/release-0.488/ob/is-lisp-running.py
lispers.net-release-0.488/build/release-0.488/ob/lisp-core.py
lispers.net-release-0.488/build/release-0.488/ob/lisp-ddt.py
lispers.net-release-0.488/build/release-0.488/ob/lisp-etr.py
lispers.net-release-0.488/build/release-0.488/ob/lisp-get-bits.py
lispers.net-release-0.488/build/release-0.488/ob/lisp-itr.py
lispers.net-release-0.488/build/release-0.488/ob/lisp-lig.py
lispers.net-release-0.488/build/release-0.488/ob/lisp-log-packets.py
lispers.net-release-0.488/build/release-0.488/ob/lisp-mr.py
lispers.net-release-0.488/build/release-0.488/ob/lisp-ms.py
lispers.net-release-0.488/build/release-0.488/ob/lisp-rig.py
lispers.net-release-0.488/build/release-0.488/ob/lisp-rtr.py
lispers.net-release-0.488/build/release-0.488/ob/lisp-save-logs.py
lispers.net-release-0.488/build/release-0.488/ob/lisp.py
lispers.net-release-0.488/build/release-0.488/ob/lispapi.py
lispers.net-release-0.488/build/release-0.488/ob/lispconfig.py
lispers.net-release-0.488/build/release-0.488/ob/lispers.net-install-ubuntu.py
lispers.net-release-0.488/build/release-0.488/ob/lispers.net-test-install.py
lispers.net-release-0.488/build/release-0.488/ob/poly1305.py
lispers.net-release-0.488/build/release-0.488/ob/remove-lisp-iptables.py
lispers.net-release-0.488/build/release-0.488/ob/remove-lisp-locks.py
lispers.net-release-0.488/build/release-0.488/pip-requirements.txt
lispers.net-release-0.488/build/release-0.488/pslisp
lispers.net-release-0.488/build/release-0.488/release-notes.txt
lispers.net-release-0.488/build/release-0.488/src/
lispers.net-release-0.488/build/release-0.488/src/chacha.py
lispers.net-release-0.488/build/release-0.488/src/is-lisp-running.py
lispers.net-release-0.488/build/release-0.488/src/lisp-core.py
lispers.net-release-0.488/build/release-0.488/src/lisp-ddt.py
lispers.net-release-0.488/build/release-0.488/src/lisp-etr.py
lispers.net-release-0.488/build/release-0.488/src/lisp-get-bits.py
lispers.net-release-0.488/build/release-0.488/src/lisp-itr.py
lispers.net-release-0.488/build/release-0.488/src/lisp-lig.py
lispers.net-release-0.488/build/release-0.488/src/lisp-log-packets.py
lispers.net-release-0.488/build/release-0.488/src/lisp-mr.py
lispers.net-release-0.488/build/release-0.488/src/lisp-ms.py
lispers.net-release-0.488/build/release-0.488/src/lisp-rig.py
lispers.net-release-0.488/build/release-0.488/src/lisp-rtr.py
lispers.net-release-0.488/build/release-0.488/src/lisp-save-logs.py
lispers.net-release-0.488/build/release-0.488/src/lisp.py
lispers.net-release-0.488/build/release-0.488/src/lispapi.py
lispers.net-release-0.488/build/release-0.488/src/lispconfig.py
lispers.net-release-0.488/build/release-0.488/src/lispers.net-install-ubuntu.py
lispers.net-release-0.488/build/release-0.488/src/lispers.net-test-install.py
lispers.net-release-0.488/build/release-0.488/src/poly1305.py
lispers.net-release-0.488/build/release-0.488/src/remove-lisp-iptables.py
lispers.net-release-0.488/build/release-0.488/src/remove-lisp-locks.py
lispers.net-release-0.488/build/release-notes.txt
lispers.net-release-0.488/build/stable
lispers.net-release-0.488/docs/
lispers.net-release-0.488/docs/README
lispers.net-release-0.488/docs/feature-list.txt
lispers.net-release-0.488/docs/how-to-install.txt
lispers.net-release-0.488/docs/how-to-use-apps.txt
lispers.net-release-0.488/docs/lisp-ipc-data-plane.txt
lispers.net-release-0.488/docs/lisp-runs-on.pdf
lispers.net-release-0.488/docs/lisp.config.ddt
lispers.net-release-0.488/docs/lisp.config.decent-xtr-her
lispers.net-release-0.488/docs/lisp.config.decent-xtr-underlay
lispers.net-release-0.488/docs/lisp.config.example
lispers.net-release-0.488/docs/lisp.config.mrms
lispers.net-release-0.488/docs/lisp.config.ms-ddt
lispers.net-release-0.488/docs/lisp.config.petr
lispers.net-release-0.488/docs/lisp.config.pitr
lispers.net-release-0.488/docs/lisp.config.rtr
lispers.net-release-0.488/docs/lisp.config.xtr
lispers.net-release-0.488/docs/lisp.config.xtr-L2
lispers.net-release-0.488/docs/lisp.config.xtr-crypto
lispers.net-release-0.488/docs/lisp.config.xtr-mobility
lispers.net-release-0.488/docs/lisp.config.xtr-multi-tenant
lispers.net-release-0.488/docs/lisp.config.xtr-multicast
lispers.net-release-0.488/docs/lisp.config.xtr-nat
lispers.net-release-0.488/docs/loc8tr.pdf
lispers.net-release-0.488/docs/release-history.pdf
lispers.net-release-0.488/lisp/
lispers.net-release-0.488/lisp/README
lispers.net-release-0.488/lisp/RESTART-LISP
lispers.net-release-0.488/lisp/RL-template
lispers.net-release-0.488/lisp/RUN-LISP
lispers.net-release-0.488/lisp/STOP-LISP
lispers.net-release-0.488/lisp/build-xtr
lispers.net-release-0.488/lisp/chacha.py
lispers.net-release-0.488/lisp/ipc.go
lispers.net-release-0.488/lisp/is-lisp-running.py
lispers.net-release-0.488/lisp/lisp-cert.pem
lispers.net-release-0.488/lisp/lisp-cert.pem.default
lispers.net-release-0.488/lisp/lisp-core.py
lispers.net-release-0.488/lisp/lisp-ddt.py
lispers.net-release-0.488/lisp/lisp-etr.py
lispers.net-release-0.488/lisp/lisp-get-bits.py
lispers.net-release-0.488/lisp/lisp-itr.py
lispers.net-release-0.488/lisp/lisp-lig.py
lispers.net-release-0.488/lisp/lisp-log-packets.py
lispers.net-release-0.488/lisp/lisp-mr.py
lispers.net-release-0.488/lisp/lisp-ms.py
lispers.net-release-0.488/lisp/lisp-rig.py
lispers.net-release-0.488/lisp/lisp-rtr.py
lispers.net-release-0.488/lisp/lisp-save-logs.py
lispers.net-release-0.488/lisp/lisp.go
lispers.net-release-0.488/lisp/lisp.py
lispers.net-release-0.488/lisp/lispapi.py
lispers.net-release-0.488/lisp/lispapi.txt
lispers.net-release-0.488/lisp/lispconfig.py
lispers.net-release-0.488/lisp/lispers.net-geo.html
lispers.net-release-0.488/lisp/lml.go
lispers.net-release-0.488/lisp/log-packets
lispers.net-release-0.488/lisp/poly1305.py
lispers.net-release-0.488/lisp/pslisp
lispers.net-release-0.488/lisp/remove-lisp-iptables.py
lispers.net-release-0.488/lisp/remove-lisp-locks.py
lispers.net-release-0.488/lisp/xtr.go
patching file build/make-apps-release.py
patching file build/make-release.py
Checking for python errors with pyflakes ...  done
Compiling chacha.py ...
Compiling is-lisp-running.py ...
Compiling lisp-core.py ...
Compiling lisp-ddt.py ...
Compiling lisp-etr.py ...
Compiling lisp-get-bits.py ...
Compiling lisp-itr.py ...
Compiling lisp-lig.py ...
Compiling lisp-log-packets.py ...
Compiling lisp-mr.py ...
Compiling lisp-ms.py ...
Compiling lisp-rig.py ...
Compiling lisp-rtr.py ...
Compiling lisp-save-logs.py ...
Compiling lisp.py ...
Compiling lispapi.py ...
Compiling lispconfig.py ...
Compiling lispers.net-install-ubuntu.py ...
Compiling lispers.net-test-install.py ...
Compiling poly1305.py ...
Compiling remove-lisp-iptables.py ...
Compiling remove-lisp-locks.py ...
Checking for any lisp.debug() calls ...  done
Copying files from ../lisp to release-dev build directory ... done
Copying install scripts to release-dev build directory ... done
Compiling for machine 'aarch64'
Binary 'lisp-xtr' not found, not included in build
Build tgz file lispers.net-aarch64-release-dev.tgz ...  done
Copying version information to ../lisp directory ...  done
Script run time: 6.081 seconds
chacha.pyo
is-lisp-running.pyo
lisp-core.pyo
lisp-ddt.pyo
lisp-etr.pyo
lisp-get-bits.pyo
lisp-itr.pyo
lisp-lig.pyo
lisp-log-packets.pyo
lisp-mr.pyo
lisp-ms.pyo
lisp-rig.pyo
lisp-rtr.pyo
lisp-save-logs.pyo
lisp.pyo
lispapi.pyo
lispconfig.pyo
lispers.net-install-ubuntu.pyo
lispers.net-test-install.pyo
poly1305.pyo
remove-lisp-iptables.pyo
remove-lisp-locks.pyo
how-to-install.txt
lisp-build-date.txt
lisp-version.txt
lispapi.txt
pip-requirements.txt
release-notes.txt
lisp.config.example
lisp-cert.pem.default
RESTART-LISP
RUN-LISP
STOP-LISP
RL-template
get-pip.py
pslisp
log-packets
lispers.net-geo.html
 ---> 83b6f4ac639e
Removing intermediate container 2146399b3e1d
Step 8/15 : RUN pip install --upgrade pip && pip install -r /lisp/pip-requirements.txt
 ---> Running in 8a0a0a05a754
Collecting pip
  Downloading https://files.pythonhosted.org/packages/d8/f3/413bab4ff08e1fc4828dfc59996d721917df8e8583ea85385d51125dceff/pip-19.0.3-py2.py3-none-any.whl (1.4MB)
Installing collected packages: pip
  Found existing installation: pip 10.0.1
    Uninstalling pip-10.0.1:
      Successfully uninstalled pip-10.0.1
Successfully installed pip-19.0.3
[91mDEPRECATION: Python 2.7 will reach the end of its life on January 1st, 2020. Please upgrade your Python as Python 2.7 won't be maintained after that date. A future version of pip will drop support for Python 2.7.
[0mCollecting CherryPy==8.2.0 (from -r /lisp/pip-requirements.txt (line 2))
  Downloading https://files.pythonhosted.org/packages/67/fc/fe110d5febf4e0988e041e5200a11f60855bcdaf2abd8ee1472b90956de0/CherryPy-8.2.0.tar.gz (710kB)
Collecting bottle==0.11.6 (from -r /lisp/pip-requirements.txt (line 3))
  Downloading https://files.pythonhosted.org/packages/42/a3/94991c7a132b2717ee2d147049e1bb0ba0596834069583aeee3c7fd7ea12/bottle-0.11.6-py2.py3-none-any.whl (77kB)
Collecting netifaces==0.10.0 (from -r /lisp/pip-requirements.txt (line 4))
  Downloading https://files.pythonhosted.org/packages/42/87/9092e7db7ed41fb4685fc8a108b318c09ebc646256de0ded02438b783a86/netifaces-0.10.0.tar.gz
Collecting pcappy==0.3 (from -r /lisp/pip-requirements.txt (line 5))
  Downloading https://files.pythonhosted.org/packages/17/47/a433257c1dd49afb69d5572a90848280eab63911e8bf22277c07ab342fad/pcappy-0.3.tar.gz
Collecting pyOpenSSL==16.2.0 (from -r /lisp/pip-requirements.txt (line 6))
  Downloading https://files.pythonhosted.org/packages/ac/93/b4cd538d31adacd07f83013860db6b88d78755af1f3fefe68ec22d397e7b/pyOpenSSL-16.2.0-py2.py3-none-any.whl (43kB)
Collecting pycrypto==2.6.1 (from -r /lisp/pip-requirements.txt (line 7))
  Downloading https://files.pythonhosted.org/packages/60/db/645aa9af249f059cc3a368b118de33889219e0362141e75d4eaf6f80f163/pycrypto-2.6.1.tar.gz (446kB)
Collecting requests==2.0.1 (from -r /lisp/pip-requirements.txt (line 9))
  Downloading https://files.pythonhosted.org/packages/8f/ea/140f18072bbcd81885a9490abb171792fd2961fd7f366be58396f4c6d634/requests-2.0.1-py2.py3-none-any.whl (439kB)
Collecting curve25519-donna==1.3 (from -r /lisp/pip-requirements.txt (line 10))
  Downloading https://files.pythonhosted.org/packages/01/05/1ab1cc54c2b1e933721b8e65fedc01098e6b8ffdccedbc4a682d4e0db8c1/curve25519-donna-1.3.tar.gz
Collecting geopy==1.11.0 (from -r /lisp/pip-requirements.txt (line 11))
  Downloading https://files.pythonhosted.org/packages/e0/fd/d1b3225959939907a1a87c3623a021742b3b9ef5db35c15cb916e18de42c/geopy-1.11.0-py2.py3-none-any.whl (66kB)
Collecting python-pytun==0.2 (from -r /lisp/pip-requirements.txt (line 12))
  Downloading https://files.pythonhosted.org/packages/3a/c6/6792ce3b89260d3b30eef6cd8b36122064a301c971264bf04c2f9991cdd1/python-pytun-0.2.tar.gz
Collecting ecdsa==0.13 (from -r /lisp/pip-requirements.txt (line 13))
  Downloading https://files.pythonhosted.org/packages/63/f4/73669d51825516ce8c43b816c0a6b64cd6eb71d08b99820c00792cb42222/ecdsa-0.13-py2.py3-none-any.whl (86kB)
Collecting pycryptodome==3.5.1 (from -r /lisp/pip-requirements.txt (line 14))
  Downloading https://files.pythonhosted.org/packages/86/d1/f1c6b1e4b2dd5e3f2f56f6f3c74ac9893252dbef9ac0e55c8b4538e56db0/pycryptodome-3.5.1.tar.gz (6.7MB)
Collecting six (from CherryPy==8.2.0->-r /lisp/pip-requirements.txt (line 2))
  Downloading https://files.pythonhosted.org/packages/73/fb/00a976f728d0d1fecfe898238ce23f502a721c0ac0ecfedb80e0d88c64e9/six-1.12.0-py2.py3-none-any.whl
Collecting cryptography>=1.3.4 (from pyOpenSSL==16.2.0->-r /lisp/pip-requirements.txt (line 6))
  Downloading https://files.pythonhosted.org/packages/07/ca/bc827c5e55918ad223d59d299fff92f3563476c3b00d0a9157d9c0217449/cryptography-2.6.1.tar.gz (491kB)
  Installing build dependencies: started
  Installing build dependencies: finished with status 'done'
  Getting requirements to build wheel: started
  Getting requirements to build wheel: finished with status 'done'
    Preparing wheel metadata: started
    Preparing wheel metadata: finished with status 'done'
Collecting asn1crypto>=0.21.0 (from cryptography>=1.3.4->pyOpenSSL==16.2.0->-r /lisp/pip-requirements.txt (line 6))
  Downloading https://files.pythonhosted.org/packages/ea/cd/35485615f45f30a510576f1a56d1e0a7ad7bd8ab5ed7cdc600ef7cd06222/asn1crypto-0.24.0-py2.py3-none-any.whl (101kB)
Collecting enum34; python_version < "3" (from cryptography>=1.3.4->pyOpenSSL==16.2.0->-r /lisp/pip-requirements.txt (line 6))
  Downloading https://files.pythonhosted.org/packages/c5/db/e56e6b4bbac7c4a06de1c50de6fe1ef3810018ae11732a50f15f62c7d050/enum34-1.1.6-py2-none-any.whl
Collecting ipaddress; python_version < "3" (from cryptography>=1.3.4->pyOpenSSL==16.2.0->-r /lisp/pip-requirements.txt (line 6))
  Downloading https://files.pythonhosted.org/packages/fc/d0/7fc3a811e011d4b388be48a0e381db8d990042df54aa4ef4599a31d39853/ipaddress-1.0.22-py2.py3-none-any.whl
Collecting cffi!=1.11.3,>=1.8 (from cryptography>=1.3.4->pyOpenSSL==16.2.0->-r /lisp/pip-requirements.txt (line 6))
  Using cached https://files.pythonhosted.org/packages/64/7c/27367b38e6cc3e1f49f193deb761fe75cda9f95da37b67b422e62281fcac/cffi-1.12.2.tar.gz
Collecting pycparser (from cffi!=1.11.3,>=1.8->cryptography>=1.3.4->pyOpenSSL==16.2.0->-r /lisp/pip-requirements.txt (line 6))
  Using cached https://files.pythonhosted.org/packages/68/9e/49196946aee219aead1290e00d1e7fdeab8567783e83e1b9ab5585e6206a/pycparser-2.19.tar.gz
Building wheels for collected packages: cryptography
  Building wheel for cryptography (PEP 517): started
  Building wheel for cryptography (PEP 517): finished with status 'done'
  Stored in directory: /root/.cache/pip/wheels/43/61/c8/0a4464601ce180d26e0a8dfdfa88c824e419dcc65bd43bda6e
Successfully built cryptography
Installing collected packages: six, CherryPy, bottle, netifaces, pcappy, asn1crypto, enum34, ipaddress, pycparser, cffi, cryptography, pyOpenSSL, pycrypto, requests, curve25519-donna, geopy, python-pytun, ecdsa, pycryptodome
  Running setup.py install for CherryPy: started
    Running setup.py install for CherryPy: finished with status 'done'
  Running setup.py install for netifaces: started
    Running setup.py install for netifaces: finished with status 'done'
  Running setup.py install for pcappy: started
    Running setup.py install for pcappy: finished with status 'done'
  Running setup.py install for pycparser: started
    Running setup.py install for pycparser: finished with status 'done'
  Running setup.py install for cffi: started
    Running setup.py install for cffi: finished with status 'done'
  Running setup.py install for pycrypto: started
    Running setup.py install for pycrypto: finished with status 'done'
  Running setup.py install for curve25519-donna: started
    Running setup.py install for curve25519-donna: finished with status 'done'
  Running setup.py install for python-pytun: started
    Running setup.py install for python-pytun: finished with status 'done'
  Running setup.py install for pycryptodome: started
    Running setup.py install for pycryptodome: finished with status 'done'
Successfully installed CherryPy-8.2.0 asn1crypto-0.24.0 bottle-0.11.6 cffi-1.12.2 cryptography-2.6.1 curve25519-donna-1.3 ecdsa-0.13 enum34-1.1.6 geopy-1.11.0 ipaddress-1.0.22 netifaces-0.10.0 pcappy-0.3 pyOpenSSL-16.2.0 pycparser-2.19 pycrypto-2.6.1 pycryptodome-3.5.1 python-pytun-0.2 requests-2.0.1 six-1.12.0
 ---> 61734ae2da9c
Removing intermediate container 8a0a0a05a754
Step 9/15 : RUN apk del py2-pip py2-pyflakes
 ---> Running in a4086b0e4b76
[91mWARNING: Ignoring APKINDEX.adfa7ceb.tar.gz: No such file or directory
WARNING: Ignoring APKINDEX.efaa1f73.tar.gz: No such file or directory
[0m(1/3) Purging py2-pip (10.0.1-r0)
(2/3) Purging py-setuptools (39.1.0-r0)
(3/3) Purging py2-pyflakes (1.6.0-r3)
Executing busybox-1.28.4-r2.trigger
OK: 174 MiB in 45 packages
 ---> d2c898744a1d
Removing intermediate container a4086b0e4b76
Step 10/15 : FROM scratch
 ---> 
Step 11/15 : COPY --from=lisp /lisp /opt/zededa/lisp/
 ---> 9967ec96025e
Step 12/15 : COPY --from=lisp /usr/bin/pydoc /usr/bin/smtpd.py /usr/bin/
 ---> 1a4a925a1fce
Step 13/15 : COPY --from=lisp /usr/lib/python2.7/site-packages /usr/lib/python2.7/site-packages
 ---> 9cb6c9229f91
Step 14/15 : ADD rootfs/ /
 ---> b7f38f8da6f0
Step 15/15 : LABEL org.mobyproject.linuxkit.revision 'unknown' org.mobyproject.linuxkit.version 'unknown' org.opencontainers.image.revision '8218becd4e3599f4916de81b2e6ae1117dd1ca1f' org.opencontainers.image.source 'https://github.com/linuxkit/linuxkit'
 ---> Running in 9ca8c618282b
 ---> 52fd71b4f412
Removing intermediate container 9ca8c618282b
Successfully built 52fd71b4f412
Successfully tagged zededa/lisp:6654433c2b3df84d02472f202eee07e4d3173442-arm64
Pushing zededa/lisp:6654433c2b3df84d02472f202eee07e4d3173442-arm64
The push refers to a repository [docker.io/zededa/lisp]
c882d6f69ec8: Preparing
adca2870a303: Preparing
b88b6bbfafd9: Preparing
072206b35723: Preparing
c882d6f69ec8: Pushed
b88b6bbfafd9: Pushed
072206b35723: Pushed
adca2870a303: Pushed
6654433c2b3df84d02472f202eee07e4d3173442-arm64: digest: sha256:68813c8002694207143a2b73efb66978097a1b30b63da4129df4b838cb9dbc99 size: 1156
Pushing zededa/lisp:6654433c2b3df84d02472f202eee07e4d3173442-arm64 to manifest zededa/lisp:6654433c2b3df84d02472f202eee07e4d3173442
time="2019-04-13T08:15:19+02:00" level=warning msg="Couldn't find or access image reference \"zededa/lisp:6654433c2b3df84d02472f202eee07e4d3173442-s390x\". Skipping image."
Digest: sha256:c8a5fc7a7620be9c18fba8b2d7d34d439a1a9d46d7198488ee4077f0001dedc3 743
Not signing zededa/lisp:6654433c2b3df84d02472f202eee07e4d3173442
Tagging zededa/lisp:6654433c2b3df84d02472f202eee07e4d3173442-arm64 as zededa/lisp:snapshot-arm64
Pushing zededa/lisp:snapshot-arm64
The push refers to a repository [docker.io/zededa/lisp]
c882d6f69ec8: Preparing
adca2870a303: Preparing
b88b6bbfafd9: Preparing
072206b35723: Preparing
072206b35723: Layer already exists
c882d6f69ec8: Layer already exists
b88b6bbfafd9: Layer already exists
adca2870a303: Layer already exists
snapshot-arm64: digest: sha256:68813c8002694207143a2b73efb66978097a1b30b63da4129df4b838cb9dbc99 size: 1156
Pushing zededa/lisp:snapshot-arm64 to manifest zededa/lisp:snapshot
time="2019-04-13T08:15:30+02:00" level=warning msg="Couldn't find or access image reference \"zededa/lisp:snapshot-s390x\". Skipping image."
Digest: sha256:c8a5fc7a7620be9c18fba8b2d7d34d439a1a9d46d7198488ee4077f0001dedc3 743
Not signing zededa/lisp:snapshot
Build, push and release of "snapshot" complete, all done.
Building and pushing "zededa/device-trees:18377dd0bc3c33a1602e94a4c43aa0b3c51badb9"
18377dd0bc3c33a1602e94a4c43aa0b3c51badb9: Pulling from zededa/device-trees
Digest: sha256:61bb1d6398633d24618b7f788432b81137e619b29eb1c6e2f762c53357f10d66
Status: Image is up to date for zededa/device-trees:18377dd0bc3c33a1602e94a4c43aa0b3c51badb9
Building and pushing "zededa/debug:3aeeaf4e04f450283d49220eb7e82262b4531687"
3aeeaf4e04f450283d49220eb7e82262b4531687: Pulling from zededa/debug
Digest: sha256:81015d30d78e63cd2f1084198c92ebca85cb3214fb1eb90444fd59d3936b74a9
Status: Image is up to date for zededa/debug:3aeeaf4e04f450283d49220eb7e82262b4531687
Building and pushing "zededa/conf:e22275bd5d97d32d523595bbb41b2a21cbe509a7"
e22275bd5d97d32d523595bbb41b2a21cbe509a7: Pulling from zededa/conf
Digest: sha256:bdea79263dde5375b38ea0616330d8c422f11c6a13b4b725dfe497482e788544
Status: Image is up to date for zededa/conf:e22275bd5d97d32d523595bbb41b2a21cbe509a7
Building and pushing "zededa/mkrootfs-ext4:5f77cd6a2b87a3a9927593763da1941dbed1ce80"
5f77cd6a2b87a3a9927593763da1941dbed1ce80: Pulling from zededa/mkrootfs-ext4
Digest: sha256:dedb371f7dc9af3f9472d9f4c0c4dd75771a34bb940085b75c3e1d42a7108467
Status: Image is up to date for zededa/mkrootfs-ext4:5f77cd6a2b87a3a9927593763da1941dbed1ce80
Building and pushing "zededa/mkrootfs-squash:b47d705603f5f0d3765b03cf583e1a7fd287f212"
b47d705603f5f0d3765b03cf583e1a7fd287f212: Pulling from zededa/mkrootfs-squash
Digest: sha256:69fe871728593b96cd07c9803cfafd083e0adc34e62236669052d16a955f8c8b
Status: Image is up to date for zededa/mkrootfs-squash:b47d705603f5f0d3765b03cf583e1a7fd287f212
Building and pushing "zededa/mkimage-raw-efi:9902ef2da5f2290c01c570d2c2e3a3e084e0ce57"
9902ef2da5f2290c01c570d2c2e3a3e084e0ce57: Pulling from zededa/mkimage-raw-efi
Digest: sha256:391f27d14dcc43f618c9c9fada3b9518cc30ecf9a6112b599d55bc647a1eaca6
Status: Image is up to date for zededa/mkimage-raw-efi:9902ef2da5f2290c01c570d2c2e3a3e084e0ce57
Building and pushing "zededa/mkimage-iso-efi:49a6ff8320ce088460c8acb6f36bc15b15d800e9"
49a6ff8320ce088460c8acb6f36bc15b15d800e9: Pulling from zededa/mkimage-iso-efi
Digest: sha256:6693333f49b1f7c8e7931c6580e56d05078484b0b099136b7b2aff1b3055e65e
Status: Image is up to date for zededa/mkimage-iso-efi:49a6ff8320ce088460c8acb6f36bc15b15d800e9
make[1]: Leaving directory '/home/zededa-ci/src/zenbuild/pkg'
mkdir -p dist/arm64/bios
cd dist/arm64/bios ; _() { C=`docker create $1 fake` ; docker export $C | tar -xf - $2 ; docker rm $C ; } ; _ zededa/build-pkgs_uefi:a3362428c518fb4db1a136a961bd17e8a66fb693-arm64 OVMF.fd
0833487c5284a93b49a6beb7e27476bf4346195e50d35cbe6a7b56fc2d91ab39
./tools/makeconfig.sh conf dist/arm64/config.img
+ CONFIG_FILE=/config.img
+ CONFIG_SIZE_KB=1024
+ cd /conf
+ tar xf -
+ echo mtools_skip_check=1
+ dd if=/dev/zero of=/config.img bs=1024 count=1024
1024+0 records in
1024+0 records out
+ mkfs.vfat -n ZEDEDA -v /config.img 1024
mkfs.fat 4.1 (2017-01-24)
/config.img has 64 heads and 32 sectors per track,
hidden sectors 0x0000;
logical sector size is 512,
using 0xf8 media descriptor, with 2048 sectors;
drive number 0x80;
filesystem has 2 12-bit FATs and 4 sectors per cluster.
FAT size is 2 sectors, and provides 502 clusters.
There is 1 reserved sector.
Root directory contains 512 slots and uses 32 sectors.
Volume ID is e9dd6e2f, volume label ZEDEDA     .
+ mcopy -i /config.img -s /conf/onboard.cert.pem /conf/onboard.key.pem /conf/root-certificate.pem /conf/server /conf/server.production /conf/wpa_supplicant.conf ::/
docker pull zededa/zedctr:cb5ce607f0230d66103d1c844748c2e5d967f002-arm64 >/dev/null 2>&1 || : ;\
if ! docker inspect zededa/zedctr:cb5ce607f0230d66103d1c844748c2e5d967f002-arm64 >/dev/null 2>&1 ; then \
  if [ -n "" ] ; then \
     DOCKER_ARCH_TAG=arm64 ./tools/parse-pkgs.sh < pkg/zedctr/Dockerfile.cross.in > pkg/zedctr/Dockerfile ;\
    PKG_HASH=`mktemp -u XXXXXXXXXX` ;\
    make -C pkg PKGS=zedctr RESCAN_DEPS="" LINUXKIT_OPTS="--disable-content-trust --force --disable-cache --hash $PKG_HASH" push ;\
    PKG_HASH=zededa/zedctr:$PKG_HASH ;\
    docker tag $PKG_HASH zededa/zedctr:cb5ce607f0230d66103d1c844748c2e5d967f002-arm64 ;\
    docker rmi $PKG_HASH $PKG_HASH- ;\
  else \
    make -C pkg PKGS=zedctr LINUXKIT_OPTS="--disable-content-trust --force --disable-cache --hash cb5ce607f0230d66103d1c844748c2e5d967f002 --release snapshot" push ;\
  fi ;\
fi
make[1]: Entering directory '/home/zededa-ci/src/zenbuild/pkg'
(cd ..; ./tools/parse-pkgs.sh pkg/zedctr//Dockerfile.in > pkg/zedctr//Dockerfile)
Building and pushing "zededa/zedctr:cb5ce607f0230d66103d1c844748c2e5d967f002"
Sending build context to Docker daemon   21.5kB
Step 1/22 : FROM sha256:c8b3f758b227b87aa26a9ab82b07bd7f643fc0765a73a740a9ccdbe5fc6ca4fb as ztools
 ---> c8b3f758b227
Step 2/22 : FROM zededa/lisp:6654433c2b3df84d02472f202eee07e4d3173442-arm64 as lisp
 ---> 52fd71b4f412
Step 3/22 : FROM zededa/xen-tools:9c96b441d083d7ef7bcb602bf009fa91bd7ebbf2-arm64 as xen-tools
 ---> 194a0d29c96f
Step 4/22 : FROM zededa/dnsmasq:c5985cdd83998d06255fe115d230a280c6928f1b-arm64 as dnsmasq
 ---> 85ce87902c8e
Step 5/22 : FROM zededa/strongswan:8f5ee3b98aa3ea49a9a4231baac9be933d6155ec-arm64 as strongswan
 ---> 2e11606a1b07
Step 6/22 : FROM zededa/gpt-tools:fe878611e4e032ea10946cbc9a1c3d5b22349dc4-arm64 as gpttools
 ---> 245b06fc67fd
Step 7/22 : FROM zededa/watchdog:2aea3af274e4928d2eab2b738d0e100ee5362173-arm64 as watchdog
 ---> 2682e16114b6
Step 8/22 : FROM alpine:3.8
 ---> 0db038343fbd
Step 9/22 : RUN apk add --no-cache     yajl xz bash openssl iptables ip6tables iproute2 dhcpcd     apk-cron coreutils dmidecode sudo libbz2 libuuid ipset     libaio logrotate pixman glib curl radvd perl ethtool     openssh-server util-linux e2fsprogs libcrypto1.0 xorriso     python libpcap libffi
 ---> Running in 4e35e9349ea8
fetch http://dl-cdn.alpinelinux.org/alpine/v3.8/main/aarch64/APKINDEX.tar.gz
fetch http://dl-cdn.alpinelinux.org/alpine/v3.8/community/aarch64/APKINDEX.tar.gz
(1/66) Installing apk-cron (1.0-r1)
(2/66) Installing ncurses-terminfo-base (6.1_p20180818-r1)
(3/66) Installing ncurses-terminfo (6.1_p20180818-r1)
(4/66) Installing ncurses-libs (6.1_p20180818-r1)
(5/66) Installing readline (7.0.003-r0)
(6/66) Installing bash (4.4.19-r1)
Executing bash-4.4.19-r1.post-install
(7/66) Installing libattr (2.4.47-r7)
(8/66) Installing libacl (2.2.52-r5)
(9/66) Installing coreutils (8.29-r2)
(10/66) Installing ca-certificates (20171114-r3)
(11/66) Installing nghttp2-libs (1.32.0-r0)
(12/66) Installing libssh2 (1.8.2-r0)
(13/66) Installing libcurl (7.61.1-r2)
(14/66) Installing curl (7.61.1-r2)
(15/66) Installing dhcpcd (7.0.7-r0)
(16/66) Installing dmidecode (3.1-r0)
(17/66) Installing libuuid (2.32-r0)
(18/66) Installing libblkid (2.32-r0)
(19/66) Installing libcom_err (1.44.2-r0)
(20/66) Installing e2fsprogs-libs (1.44.2-r0)
(21/66) Installing e2fsprogs (1.44.2-r0)
(22/66) Installing ethtool (4.16-r0)
(23/66) Installing libffi (3.2.1-r4)
(24/66) Installing libintl (0.19.8.1-r2)
(25/66) Installing libmount (2.32-r0)
(26/66) Installing pcre (8.42-r0)
(27/66) Installing glib (2.56.1-r0)
(28/66) Installing libmnl (1.0.4-r0)
(29/66) Installing jansson (2.11-r0)
(30/66) Installing libnftnl-libs (1.1.1-r0)
(31/66) Installing iptables (1.6.2-r0)
(32/66) Installing ip6tables (1.6.2-r0)
(33/66) Installing libelf (0.8.13-r3)
(34/66) Installing iproute2 (4.13.0-r0)
Executing iproute2-4.13.0-r0.post-install
(35/66) Installing ipset (6.38-r1)
(36/66) Installing libaio (0.3.111-r0)
(37/66) Installing libbz2 (1.0.6-r6)
(38/66) Installing libcrypto1.0 (1.0.2r-r0)
(39/66) Installing libpcap (1.8.1-r1)
(40/66) Installing popt (1.16-r7)
(41/66) Installing logrotate (3.14.0-r0)
(42/66) Installing openssh-keygen (7.7_p1-r4)
(43/66) Installing openssh-server-common (7.7_p1-r4)
(44/66) Installing openssh-server (7.7_p1-r4)
(45/66) Installing libssl1.0 (1.0.2r-r0)
(46/66) Installing openssl (1.0.2r-r0)
(47/66) Installing perl (5.26.3-r0)
(48/66) Installing pixman (0.34.0-r5)
(49/66) Installing expat (2.2.5-r0)
(50/66) Installing gdbm (1.13-r1)
(51/66) Installing sqlite-libs (3.25.3-r0)
(52/66) Installing python2 (2.7.15-r1)
(53/66) Installing radvd (2.17-r2)
Executing radvd-2.17-r2.pre-install
(54/66) Installing sudo (1.8.23-r2)
(55/66) Installing libsmartcols (2.32-r0)
(56/66) Installing findmnt (2.32-r0)
(57/66) Installing libfdisk (2.32-r0)
(58/66) Installing util-linux (2.32-r0)
(59/66) Installing libburn (1.4.8-r0)
(60/66) Installing libedit (20170329.3.1-r3)
(61/66) Installing libisofs (1.4.8-r0)
(62/66) Installing libisoburn (1.4.8-r0)
(63/66) Installing xorriso (1.4.8-r0)
(64/66) Installing xz-libs (5.2.4-r0)
(65/66) Installing xz (5.2.4-r0)
(66/66) Installing yajl (2.1.0-r0)
Executing busybox-1.28.4-r2.trigger
Executing ca-certificates-20171114-r3.trigger
Executing glib-2.56.1-r0.trigger
OK: 111 MiB in 79 packages
 ---> da7db0d2a7b1
Removing intermediate container 4e35e9349ea8
Step 10/22 : RUN [ `uname -m` = "aarch64" ] && apk add --no-cache libfdt || :
 ---> Running in 5ee8b51e3f55
fetch http://dl-cdn.alpinelinux.org/alpine/v3.8/main/aarch64/APKINDEX.tar.gz
fetch http://dl-cdn.alpinelinux.org/alpine/v3.8/community/aarch64/APKINDEX.tar.gz
(1/1) Installing libfdt (1.4.4-r0)
OK: 111 MiB in 80 packages
 ---> 957d1b452257
Removing intermediate container 5ee8b51e3f55
Step 11/22 : RUN ssh-keygen -A ; echo PermitRootLogin yes >> /etc/ssh/sshd_config ; sed -ie '/^root/s#^.*$#root:$6$Ndt1G5AYZFQ8rz7m$7vGZMKKotSYxwxk/.jMfuOCzxw0I3DNedygaQaLF7kYSYsLqiBHhmc8RJSXp8/VxSYPpgYSz/8fkv0hO6I4js.:17477:0:::::#' /etc/shadow
 ---> Running in ff2c540d5c0f
ssh-keygen: generating new host keys: RSA DSA ECDSA ED25519 
 ---> cfc5ba0a5ca0
Removing intermediate container ff2c540d5c0f
Step 12/22 : COPY --from=xen-tools / /
 ---> 793bc1f60e8c
Step 13/22 : COPY --from=ztools / /
 ---> be02ad0932e9
Step 14/22 : COPY --from=lisp / /
 ---> a947aafa159a
Step 15/22 : COPY --from=gpttools / /
 ---> 849b1ee92e0f
Step 16/22 : COPY --from=dnsmasq /usr/sbin/dnsmasq /opt/zededa/bin/dnsmasq
 ---> 4adcd4123343
Step 17/22 : COPY --from=strongswan / /
 ---> 4037ff9e68cd
Step 18/22 : COPY --from=watchdog /usr/sbin /usr/sbin
 ---> d610f0c3e423
Step 19/22 : COPY rootfs/ /
 ---> 8f48fe018886
Step 20/22 : RUN chmod 644 /etc/logrotate.d/zededa
 ---> Running in 27a179ced617
 ---> fc06a5601cfb
Removing intermediate container 27a179ced617
Step 21/22 : CMD /init.sh
 ---> Running in 6b0c7d4765be
 ---> 84dd1524b9be
Removing intermediate container 6b0c7d4765be
Step 22/22 : LABEL org.mobyproject.config '{"capabilities":["all"],"binds":["/lib/modules:/lib/modules","/dev:/dev","/etc/resolv.conf:/etc/resolv.conf","/run:/run","/var/config:/config","/var/log:/var/log/dom0","/:/hostfs"],"net":"host","pid":"host"}' org.mobyproject.linuxkit.revision 'unknown' org.mobyproject.linuxkit.version 'unknown' org.opencontainers.image.revision '8218becd4e3599f4916de81b2e6ae1117dd1ca1f' org.opencontainers.image.source 'https://github.com/linuxkit/linuxkit'
 ---> Running in 6de902737611
 ---> 6b3f9d4fa2f7
Removing intermediate container 6de902737611
Successfully built 6b3f9d4fa2f7
Successfully tagged zededa/zedctr:cb5ce607f0230d66103d1c844748c2e5d967f002-arm64
Pushing zededa/zedctr:cb5ce607f0230d66103d1c844748c2e5d967f002-arm64
The push refers to a repository [docker.io/zededa/zedctr]
c6b93c3f96dc: Preparing
0a056cc7fb73: Preparing
c2c99f72275e: Preparing
8bd78a671406: Preparing
543b981cbc5d: Preparing
873b78285a20: Preparing
1edcb454dbd6: Preparing
400d5a602195: Preparing
74a102e35323: Preparing
de30976a7cce: Preparing
a0d42fbc3d16: Preparing
82fe62b38ba2: Preparing
92d7b4d0b33c: Preparing
74a102e35323: Waiting
de30976a7cce: Waiting
a0d42fbc3d16: Waiting
82fe62b38ba2: Waiting
92d7b4d0b33c: Waiting
1edcb454dbd6: Waiting
873b78285a20: Waiting
400d5a602195: Waiting
543b981cbc5d: Layer already exists
c6b93c3f96dc: Layer already exists
c2c99f72275e: Layer already exists
400d5a602195: Layer already exists
8bd78a671406: Pushed
0a056cc7fb73: Pushed
74a102e35323: Pushed
82fe62b38ba2: Layer already exists
92d7b4d0b33c: Layer already exists
de30976a7cce: Pushed
1edcb454dbd6: Pushed
873b78285a20: Pushed
a0d42fbc3d16: Pushed
cb5ce607f0230d66103d1c844748c2e5d967f002-arm64: digest: sha256:9c58384f5ae338c0d8ee878c2021b33dc27105b66d4b7723ed3f8203742b14db size: 3051
Pushing zededa/zedctr:cb5ce607f0230d66103d1c844748c2e5d967f002-arm64 to manifest zededa/zedctr:cb5ce607f0230d66103d1c844748c2e5d967f002
time="2019-04-13T08:18:11+02:00" level=warning msg="Couldn't find or access image reference \"zededa/zedctr:cb5ce607f0230d66103d1c844748c2e5d967f002-amd64\". Skipping image."
time="2019-04-13T08:18:14+02:00" level=warning msg="Couldn't find or access image reference \"zededa/zedctr:cb5ce607f0230d66103d1c844748c2e5d967f002-s390x\". Skipping image."
Digest: sha256:7966812e93f17111b119c440357d71f1718e51e81c105bb598299a480cd736e8 434
Not signing zededa/zedctr:cb5ce607f0230d66103d1c844748c2e5d967f002
Tagging zededa/zedctr:cb5ce607f0230d66103d1c844748c2e5d967f002-arm64 as zededa/zedctr:snapshot-arm64
Pushing zededa/zedctr:snapshot-arm64
The push refers to a repository [docker.io/zededa/zedctr]
c6b93c3f96dc: Preparing
0a056cc7fb73: Preparing
c2c99f72275e: Preparing
8bd78a671406: Preparing
543b981cbc5d: Preparing
873b78285a20: Preparing
1edcb454dbd6: Preparing
400d5a602195: Preparing
74a102e35323: Preparing
de30976a7cce: Preparing
a0d42fbc3d16: Preparing
82fe62b38ba2: Preparing
92d7b4d0b33c: Preparing
1edcb454dbd6: Waiting
a0d42fbc3d16: Waiting
400d5a602195: Waiting
82fe62b38ba2: Waiting
74a102e35323: Waiting
de30976a7cce: Waiting
92d7b4d0b33c: Waiting
873b78285a20: Waiting
8bd78a671406: Layer already exists
c2c99f72275e: Layer already exists
c6b93c3f96dc: Layer already exists
543b981cbc5d: Layer already exists
0a056cc7fb73: Layer already exists
400d5a602195: Layer already exists
873b78285a20: Layer already exists
74a102e35323: Layer already exists
1edcb454dbd6: Layer already exists
de30976a7cce: Layer already exists
82fe62b38ba2: Layer already exists
a0d42fbc3d16: Layer already exists
92d7b4d0b33c: Layer already exists
snapshot-arm64: digest: sha256:9c58384f5ae338c0d8ee878c2021b33dc27105b66d4b7723ed3f8203742b14db size: 3051
Pushing zededa/zedctr:snapshot-arm64 to manifest zededa/zedctr:snapshot
time="2019-04-13T08:18:26+02:00" level=warning msg="Couldn't find or access image reference \"zededa/zedctr:snapshot-s390x\". Skipping image."
Digest: sha256:c9952afc0655d4ff4ac79065a1fe84938dea16b9b1a69652a4681f6cd59c0894 743
Not signing zededa/zedctr:snapshot
Build, push and release of "snapshot" complete, all done.
make[1]: Leaving directory '/home/zededa-ci/src/zenbuild/pkg'
DOCKER_ARCH_TAG=arm64 ./tools/parse-pkgs.sh images/installer.yml.in > images/installer.yml
DOCKER_ARCH_TAG=arm64 ./tools/parse-pkgs.sh images/rootfs.yml.in > images/rootfs.yml
./tools/makerootfs.sh images/rootfs.yml squash dist/arm64/rootfs.img
Extract kernel image: zededa/kernel:7cfa13614bb99a84030db209b6c9a0696c7d3315-arm64
Add init containers:
Process init image: zededa/grub:6a5c0688ea5c05aaa92b9e4a40579ea14f5e55be-arm64
Process init image: zededa/device-trees:18377dd0bc3c33a1602e94a4c43aa0b3c51badb9-arm64
Process init image: zededa/fw:1d8c22ae31c42d767ba648b186db4ea967a9c569-arm64
Process init image: zededa/xen:f51bf3d17fad15b71242befbddec96e177132a99-arm64
Process init image: zededa/gpt-tools:fe878611e4e032ea10946cbc9a1c3d5b22349dc4-arm64
Process init image: zededa/dom0-ztools:b53cd1b5785c128371a5997e3a6e16007718c12d-arm64
Process init image: linuxkit/init:v0.5-arm64
Process init image: linuxkit/runc:v0.5-arm64
Process init image: linuxkit/containerd:v0.5-arm64
Process init image: linuxkit/getty:v0.5-arm64
Add onboot containers:
  Create OCI config for linuxkit/sysctl:v0.5-arm64
  Create OCI config for linuxkit/modprobe:v0.5-arm64
  Create OCI config for linuxkit/mount:v0.5-arm64
  Create OCI config for zededa/rngd:5adb10a552c07513159777bd022ac58e23d59272-arm64
Add service containers:
  Create OCI config for linuxkit/openntpd:v0.5-arm64
  Create OCI config for zededa/wwan:5f68442251df0f2625fde14e947f11de2374b72d-arm64
  Create OCI config for zededa/wlan:8aa66e76c276b97d1141801d3f461e2b3f8f8f97-arm64
  Create OCI config for zededa/guacd:85a2add30bae37777d3d4f3f17a528fe8db88e96-arm64
  Create OCI config for zededa/zedctr:cb5ce607f0230d66103d1c844748c2e5d967f002-arm64
Add files:
  /containers/services/zededa-tools/lower/opt/zededa/bin/versioninfo
Parallel mksquashfs: Using 4 processors
Creating 4.0 filesystem on /rootfs.img, block size 131072.
[/                                                           ]     0/17167   0%[===========|                                                ]  3300/17167  19%[============================================\               ] 13000/17167  75%[==============================================-             ] 13600/17167  79%[===============================================-            ] 13900/17167  80%[================================================|           ] 14100/17167  82%[================================================\           ] 14200/17167  82%[===========================================================|] 17167/17167 100%

Exportable Squashfs 4.0 filesystem, gzip compressed, data block size 131072
	compressed data, compressed metadata, compressed fragments, compressed xattrs
	duplicates are removed
Filesystem size 202781.29 Kbytes (198.03 Mbytes)
	32.31% of uncompressed filesystem size (627669.33 Kbytes)
Inode table size 182011 bytes (177.75 Kbytes)
	26.06% of uncompressed inode table size (698404 bytes)
Directory table size 188550 bytes (184.13 Kbytes)
	45.26% of uncompressed directory table size (416555 bytes)
Number of duplicate files found 4461
Number of inodes 18357
Number of files 13284
Number of fragments 678
Number of symbolic links  3465
Number of device nodes 8
Number of fifo nodes 0
Number of socket nodes 0
Number of directories 1600
Number of ids (unique uids + gids) 3
Number of uids 1
	root (0)
Number of gids 3
	root (0)
	shadow (42)
	tty (5)
./tools/makeiso.sh images/installer.yml dist/arm64/installer.iso
Extract kernel image: zededa/kernel:7cfa13614bb99a84030db209b6c9a0696c7d3315-arm64
Add init containers:
Process init image: zededa/grub:6a5c0688ea5c05aaa92b9e4a40579ea14f5e55be-arm64
Process init image: zededa/device-trees:18377dd0bc3c33a1602e94a4c43aa0b3c51badb9-arm64
Process init image: zededa/xen:f51bf3d17fad15b71242befbddec96e177132a99-arm64
Process init image: zededa/dom0-ztools:b53cd1b5785c128371a5997e3a6e16007718c12d-arm64
Process init image: linuxkit/init:v0.5-arm64
Process init image: linuxkit/runc:v0.5-arm64
Process init image: linuxkit/getty:v0.5-arm64
Add onboot containers:
  Create OCI config for zededa/rngd:5adb10a552c07513159777bd022ac58e23d59272-arm64
  Create OCI config for zededa/mkimage-raw-efi:9902ef2da5f2290c01c570d2c2e3a3e084e0ce57-arm64
Add files:
  /bits/config.img
  /bits/rootfs.img
xorriso 1.4.6 : RockRidge filesystem manipulator, libburnia project.

Drive current: -outdev 'stdio:linuxkit-efi.iso'
Media current: stdio file, overwriteable
Media status : is blank
Media summary: 0 sessions, 0 data blocks, 0 data,  629g free
Added to ISO image: directory '/'='/tmp/efi'
xorriso : UPDATE : 7732 files added in 1 seconds
xorriso : UPDATE : 7732 files added in 1 seconds
libisofs: NOTE : Cannot arrange content of data files in surely reproducible way
xorriso : UPDATE :  4.78% done
xorriso : UPDATE :  45.59% done
ISO image produced: 243098 sectors
Written to medium : 243098 sectors at LBA 0
Writing to 'stdio:linuxkit-efi.iso' completed successfully.

./tools/makerootfs.sh images/installer.yml squash dist/arm64/rootfs.img_installer.img
Extract kernel image: zededa/kernel:7cfa13614bb99a84030db209b6c9a0696c7d3315-arm64
Add init containers:
Process init image: zededa/grub:6a5c0688ea5c05aaa92b9e4a40579ea14f5e55be-arm64
Process init image: zededa/device-trees:18377dd0bc3c33a1602e94a4c43aa0b3c51badb9-arm64
Process init image: zededa/xen:f51bf3d17fad15b71242befbddec96e177132a99-arm64
Process init image: zededa/dom0-ztools:b53cd1b5785c128371a5997e3a6e16007718c12d-arm64
Process init image: linuxkit/init:v0.5-arm64
Process init image: linuxkit/runc:v0.5-arm64
Process init image: linuxkit/getty:v0.5-arm64
Add onboot containers:
  Create OCI config for zededa/rngd:5adb10a552c07513159777bd022ac58e23d59272-arm64
  Create OCI config for zededa/mkimage-raw-efi:9902ef2da5f2290c01c570d2c2e3a3e084e0ce57-arm64
Add files:
  /bits/config.img
  /bits/rootfs.img
Parallel mksquashfs: Using 4 processors
Creating 4.0 filesystem on /rootfs.img, block size 131072.
[=============================================================|] 7821/7821 100%

Exportable Squashfs 4.0 filesystem, gzip compressed, data block size 131072
	compressed data, compressed metadata, compressed fragments, compressed xattrs
	duplicates are removed
Filesystem size 295469.00 Kbytes (288.54 Mbytes)
	61.70% of uncompressed filesystem size (478885.07 Kbytes)
Inode table size 66479 bytes (64.92 Kbytes)
	26.91% of uncompressed inode table size (247054 bytes)
Directory table size 66364 bytes (64.81 Kbytes)
	45.40% of uncompressed directory table size (146166 bytes)
Number of duplicate files found 1440
Number of inodes 5690
Number of files 4389
Number of fragments 152
Number of symbolic links  914
Number of device nodes 2
Number of fifo nodes 0
Number of socket nodes 0
Number of directories 385
Number of ids (unique uids + gids) 3
Number of uids 1
	root (0)
Number of gids 3
	root (0)
	shadow (42)
	tty (5)
tar -C dist/arm64 -c rootfs.img_installer.img config.img | ./tools/makeflash.sh -C 350 dist/arm64/installer.raw "efi imga conf_win"
1+0 records in
1+0 records out
1 byte copied, 0.000154681 s, 6.5 kB/s
Unknown (or unrecongnizable) GTP partition table on /output.img
Creating new GPT entries.
Warning: The kernel is still using the old partition table.
The new table will be used at the next reboot or after you
run partprobe(8) or kpartx(8)
The operation has completed successfully.
Setting name!
partNum is 0
Warning: The kernel is still using the old partition table.
The new table will be used at the next reboot or after you
run partprobe(8) or kpartx(8)
The operation has completed successfully.
Setting name!
partNum is 1
Warning: The kernel is still using the old partition table.
The new table will be used at the next reboot or after you
run partprobe(8) or kpartx(8)
The operation has completed successfully.
Setting name!
partNum is 3
Warning: The kernel is still using the old partition table.
The new table will be used at the next reboot or after you
run partprobe(8) or kpartx(8)
The operation has completed successfully.

No problems found. 96189 free sectors (47.0 MiB) available in 2
segments, the largest of which is 94175 (46.0 MiB) in size.
rm dist/arm64/rootfs.img_installer.img
tar -C dist/arm64 -c rootfs.img config.img | ./tools/makeflash.sh -C 8192 dist/arm64/fallback.raw
1+0 records in
1+0 records out
1 byte copied, 0.000151457 s, 6.6 kB/s
Unknown (or unrecongnizable) GTP partition table on /output.img
Creating new GPT entries.
Warning: The kernel is still using the old partition table.
The new table will be used at the next reboot or after you
run partprobe(8) or kpartx(8)
The operation has completed successfully.
Setting name!
partNum is 0
Warning: The kernel is still using the old partition table.
The new table will be used at the next reboot or after you
run partprobe(8) or kpartx(8)
The operation has completed successfully.
Setting name!
partNum is 1
Warning: The kernel is still using the old partition table.
The new table will be used at the next reboot or after you
run partprobe(8) or kpartx(8)
The operation has completed successfully.
Setting name!
partNum is 2
Warning: The kernel is still using the old partition table.
The new table will be used at the next reboot or after you
run partprobe(8) or kpartx(8)
The operation has completed successfully.
Setting name!
partNum is 3
Warning: The kernel is still using the old partition table.
The new table will be used at the next reboot or after you
run partprobe(8) or kpartx(8)
The operation has completed successfully.
Setting name!
partNum is 8
Warning: The kernel is still using the old partition table.
The new table will be used at the next reboot or after you
run partprobe(8) or kpartx(8)
The operation has completed successfully.

No problems found. 2014 free sectors (1007.0 KiB) available in 1
segments, the largest of which is 2014 (1007.0 KiB) in size.
qemu-img convert -c -f raw -O qcow2 dist/arm64/fallback.raw dist/arm64/fallback.qcow2
rm dist/arm64/fallback.raw
ln -s fallback.qcow2 dist/arm64/fallback.img
cp Makefile dist/arm64/bios/OVMF.fd dist/arm64/config.img dist/arm64/installer.iso dist/arm64/installer.raw dist/arm64/rootfs.img dist/arm64/fallback.img images/rootfs.yml images/installer.yml build-pkgs/zenix
make -C build-pkgs BUILD-PKGS=zenix LINUXKIT_HASH="--hash cb5ce607f0230d66103d1c844748c2e5d967f002 --release snapshot" push
make[1]: Entering directory '/home/zededa-ci/src/zenbuild/build-pkgs'
Building and pushing "zededa/zenix:cb5ce607f0230d66103d1c844748c2e5d967f002"
Error response from daemon: manifest for zededa/zenix:cb5ce607f0230d66103d1c844748c2e5d967f002 not found
No image pulled, continuing with build
Sending build context to Docker daemon  1.284GB
Step 1/9 : FROM alpine:edge
 ---> a7881f1d3b63
Step 2/9 : RUN apk add --no-cache qemu-system-x86_64 qemu-system-aarch64 bash make git
 ---> Using cache
 ---> c7dd2e65d8d0
Step 3/9 : COPY . /bits/
 ---> 95e9046e33da
Step 4/9 : COPY OVMF.fd /bits/bios/OVMF.fd
 ---> d49b179cb644
Step 5/9 : COPY runme.sh /
 ---> b514ca4d9fc6
Step 6/9 : RUN touch /bits/bios/OVMF.fd
 ---> Running in 181bdf270e05
 ---> 094ba6f1ad92
Removing intermediate container 181bdf270e05
Step 7/9 : WORKDIR /bits
 ---> 2fce3a2e7290
Removing intermediate container 8e1def25b9b3
Step 8/9 : ENTRYPOINT /runme.sh
 ---> Running in cea38c4136f1
 ---> 2653bae112d5
Removing intermediate container cea38c4136f1
Step 9/9 : LABEL org.mobyproject.linuxkit.revision 'unknown' org.mobyproject.linuxkit.version 'unknown' org.opencontainers.image.revision '8218becd4e3599f4916de81b2e6ae1117dd1ca1f' org.opencontainers.image.source 'https://github.com/linuxkit/linuxkit'
 ---> Running in 7148d290926f
 ---> 7ad46b050a73
Removing intermediate container 7148d290926f
Successfully built 7ad46b050a73
Successfully tagged zededa/zenix:cb5ce607f0230d66103d1c844748c2e5d967f002-arm64
Pushing zededa/zenix:cb5ce607f0230d66103d1c844748c2e5d967f002-arm64
The push refers to a repository [docker.io/zededa/zenix]
63f9c055b8e6: Preparing
c96588d795bb: Preparing
ea66428cae9a: Preparing
770ca02eecdd: Preparing
7ec4b1dbd042: Preparing
d4d04a8204b5: Preparing
2a2e682c36db: Preparing
d4d04a8204b5: Waiting
c96588d795bb: Layer already exists
7ec4b1dbd042: Layer already exists
d4d04a8204b5: Layer already exists
2a2e682c36db: Layer already exists
63f9c055b8e6: Pushed
ea66428cae9a: Pushed
770ca02eecdd: Pushed
cb5ce607f0230d66103d1c844748c2e5d967f002-arm64: digest: sha256:b3e270f4bb6f405d7c9367e7f13f92fe19e916c9b135b5d9dadb13915a08d9ef size: 1788
Pushing zededa/zenix:cb5ce607f0230d66103d1c844748c2e5d967f002-arm64 to manifest zededa/zenix:cb5ce607f0230d66103d1c844748c2e5d967f002
time="2019-04-13T08:33:50+02:00" level=warning msg="Couldn't find or access image reference \"zededa/zenix:cb5ce607f0230d66103d1c844748c2e5d967f002-amd64\". Skipping image."
time="2019-04-13T08:33:54+02:00" level=warning msg="Couldn't find or access image reference \"zededa/zenix:cb5ce607f0230d66103d1c844748c2e5d967f002-s390x\". Skipping image."
Digest: sha256:be3a88dbf102842ae5ff2f39f5a544c36379dfcb448992ddbd5c0b1698054a3d 434
Not signing zededa/zenix:cb5ce607f0230d66103d1c844748c2e5d967f002
Tagging zededa/zenix:cb5ce607f0230d66103d1c844748c2e5d967f002-arm64 as zededa/zenix:snapshot-arm64
Pushing zededa/zenix:snapshot-arm64
The push refers to a repository [docker.io/zededa/zenix]
63f9c055b8e6: Preparing
c96588d795bb: Preparing
ea66428cae9a: Preparing
770ca02eecdd: Preparing
7ec4b1dbd042: Preparing
d4d04a8204b5: Preparing
2a2e682c36db: Preparing
d4d04a8204b5: Waiting
2a2e682c36db: Waiting
63f9c055b8e6: Layer already exists
770ca02eecdd: Layer already exists
c96588d795bb: Layer already exists
7ec4b1dbd042: Layer already exists
ea66428cae9a: Layer already exists
d4d04a8204b5: Layer already exists
2a2e682c36db: Layer already exists
snapshot-arm64: digest: sha256:b3e270f4bb6f405d7c9367e7f13f92fe19e916c9b135b5d9dadb13915a08d9ef size: 1788
Pushing zededa/zenix:snapshot-arm64 to manifest zededa/zenix:snapshot
time="2019-04-13T08:34:06+02:00" level=warning msg="Couldn't find or access image reference \"zededa/zenix:snapshot-s390x\". Skipping image."
Digest: sha256:fa9df50aa9f7d8f26280bdb8107025de582e60418bd2f1dcb5142d7376c18c4f 743
Not signing zededa/zenix:snapshot
Build, push and release of "snapshot" complete, all done.
make[1]: Leaving directory '/home/zededa-ci/src/zenbuild/build-pkgs'
FINISHED
