Cloning into '/tmp/zenbuild'...
make: Entering directory '/tmp/zenbuild'
make -C build-tools all
make[1]: Entering directory '/tmp/zenbuild/build-tools'
cd src/linuxkit/vendor/github.com/linuxkit/linuxkit/src/cmd/linuxkit ;\
/usr/bin/go  build -ldflags "-X github.com/linuxkit/linuxkit/src/cmd/linuxkit/version.GitCommit=1c6e2c47d003f9c77f37029512ad065834eedda7" -o /tmp/zenbuild/build-tools/bin/linuxkit .
cd src/manifest-tool/vendor/github.com/estesp/manifest-tool ;\
/usr/bin/go  build -ldflags "-X main.gitCommit=1c6e2c47d003f9c77f37029512ad065834eedda7" -o /tmp/zenbuild/build-tools/bin/manifest-tool .
make[1]: Leaving directory '/tmp/zenbuild/build-tools'
make: Leaving directory '/tmp/zenbuild'
From github.com:zededa/lisp
 * [new tag]         0.10.0     -> 0.10.0
 * [new tag]         0.11.0     -> 0.11.0
 * [new tag]         0.11.1     -> 0.11.1
 * [new tag]         0.12.0     -> 0.12.0
 * [new tag]         0.13.0     -> 0.13.0
 * [new tag]         0.14.0     -> 0.14.0
 * [new tag]         0.15.0     -> 0.15.0
 * [new tag]         0.16.0     -> 0.16.0
 * [new tag]         0.17.0     -> 0.17.0
 * [new tag]         0.18.0     -> 0.18.0
 * [new tag]         0.4.0      -> 0.4.0
 * [new tag]         0.5.0      -> 0.5.0
 * [new tag]         0.6.0      -> 0.6.0
 * [new tag]         0.7.0      -> 0.7.0
 * [new tag]         0.8.0      -> 0.8.0
 * [new tag]         0.9.0      -> 0.9.0
 * [new tag]         1.0.0      -> 1.0.0
 * [new tag]         1.1.0      -> 1.1.0
 * [new tag]         1.2.0      -> 1.2.0
 * [new tag]         1.2.2      -> 1.2.2
 * [new tag]         1.3.0      -> 1.3.0
 * [new tag]         1.3.3      -> 1.3.3
 * [new tag]         1.4.0      -> 1.4.0
 * [new tag]         1.4.1      -> 1.4.1
 * [new tag]         1.5.0      -> 1.5.0
 * [new tag]         2.1        -> 2.1
 * [new tag]         2.1.0      -> 2.1.0
 * [new tag]         2.1.1      -> 2.1.1
--- /dev/fd/63	2019-06-08 08:01:34.250680411 +0200
+++ /dev/fd/62	2019-06-08 08:01:34.250680411 +0200
@@ -1,96 +1,29 @@
-0.1.0
-0.1.0-amd64
 0.1.0-arm64
-0.3.0
-0.3.0-amd64
 0.3.0-arm64
-0.4.0
-0.4.0-amd64
 0.4.0-arm64
-0.5.0
-0.5.0-amd64
 0.5.0-arm64
-0.6.0
-0.6.0-amd64
 0.6.0-arm64
-0.7.0
-0.7.0-amd64
 0.7.0-arm64
-0.8.0
-0.8.0-amd64
 0.8.0-arm64
-0.9.0
-0.9.0-amd64
 0.9.0-arm64
-0.10.0
-0.10.0-amd64
 0.10.0-arm64
-0.11.0
-0.11.0-amd64
 0.11.0-arm64
-0.11.1
-0.11.1-amd64
 0.11.1-arm64
-0.12.0
-0.12.0-amd64
 0.12.0-arm64
-0.13.0
-0.13.0-amd64
 0.13.0-arm64
-0.14.0
-0.14.0-amd64
 0.14.0-arm64
-0.15.0
-0.15.0-amd64
 0.15.0-arm64
-0.16.0
-0.16.0-amd64
 0.16.0-arm64
-0.17.0
-0.17.0-amd64
 0.17.0-arm64
-0.18.0
-0.18.0-amd64
 0.18.0-arm64
-1.0.0
-1.0.0-amd64
 1.0.0-arm64
-1.1.0
-1.1.0-amd64
 1.1.0-arm64
-1.2.0
-1.2.0-amd64
 1.2.0-arm64
-1.2.2
-1.2.2-amd64
 1.2.2-arm64
-1.3.0
-1.3.0-amd64
 1.3.0-arm64
-1.3.3
-1.3.3-amd64
 1.3.3-arm64
-1.4.0
-1.4.0-amd64
 1.4.0-arm64
-1.4.1
-1.4.1-amd64
 1.4.1-arm64
-1.5.0
-1.5.0-amd64
 1.5.0-arm64
-2.1.0
-2.1.0-amd64
 2.1.0-arm64
-2.1.1
-2.1.1-amd64
 2.1.1-arm64
-2.2.1
-2.2.1-amd64
-2.2.1-arm64
-2.2.2
-2.2.2-amd64
-2.2.2-arm64
-2.2.3
-2.2.3-amd64
-2.2.3-arm64
Building the following tags:  origin/master (latest tag is 2.1.1)
HEAD is now at de0b237 Update README.md
Building and pushing "zededa/lisp:b2a8f9870d5e2d599b8e0fbb72fb3f1c0dd2870c"
b2a8f9870d5e2d599b8e0fbb72fb3f1c0dd2870c: Pulling from zededa/lisp
Digest: sha256:ef089edd65df6bdded91d1c3bb711ef19a2b375a362d4708e854e70bb7dd8323
Status: Image is up to date for zededa/lisp:b2a8f9870d5e2d599b8e0fbb72fb3f1c0dd2870c
From github.com:zededa/go-provision
 * [new tag]           2.2.0      -> 2.2.0
 * [new tag]           2.2.1      -> 2.2.1
 * [new tag]           2.2.2      -> 2.2.2
 * [new tag]           2.2.3      -> 2.2.3
--- /dev/fd/63	2019-06-08 08:01:38.960707069 +0200
+++ /dev/fd/62	2019-06-08 08:01:38.950707013 +0200
@@ -1,138 +1,45 @@
-0.1.0
-0.1.0-amd64
 0.1.0-arm64
-0.1.1
-0.1.1-amd64
-0.1.1-arm64
-0.3.0
-0.3.0-amd64
 0.3.0-arm64
-0.3.1
-0.3.1-amd64
 0.3.1-arm64
-0.4.0
-0.4.0-amd64
 0.4.0-arm64
-0.5.0
-0.5.0-amd64
 0.5.0-arm64
-0.6.0
-0.6.0-amd64
 0.6.0-arm64
-0.7.0
-0.7.0-amd64
 0.7.0-arm64
-0.8.0
-0.8.0-amd64
 0.8.0-arm64
-0.8.1
-0.8.1-amd64
 0.8.1-arm64
-0.9.0
-0.9.0-amd64
 0.9.0-arm64
-0.9.1
-0.9.1-amd64
 0.9.1-arm64
-0.9.2
-0.9.2-amd64
 0.9.2-arm64
-0.10.0
-0.10.0-amd64
 0.10.0-arm64
-0.10.1
-0.10.1-amd64
 0.10.1-arm64
-0.11.0
-0.11.0-amd64
 0.11.0-arm64
-0.11.1
-0.11.1-amd64
 0.11.1-arm64
-0.12.0
-0.12.0-amd64
 0.12.0-arm64
-0.13.0
-0.13.0-amd64
 0.13.0-arm64
-0.14.0
-0.14.0-amd64
 0.14.0-arm64
-0.14.1
-0.14.1-amd64
 0.14.1-arm64
-0.15.0
-0.15.0-amd64
 0.15.0-arm64
-0.16.0
-0.16.0-amd64
 0.16.0-arm64
-0.16.1
-0.16.1-amd64
 0.16.1-arm64
-0.17.0
-0.17.0-amd64
 0.17.0-arm64
-0.18.0
-0.18.0-amd64
 0.18.0-arm64
-1.0.0
-1.0.0-amd64
 1.0.0-arm64
-1.1.0
-1.1.0-amd64
 1.1.0-arm64
-1.2.0
-1.2.0-amd64
 1.2.0-arm64
-1.3.0
-1.3.0-amd64
 1.3.0-arm64
-1.3.1
-1.3.1-amd64
 1.3.1-arm64
-1.3.2
-1.3.2-amd64
 1.3.2-arm64
-1.3.3
-1.3.3-amd64
 1.3.3-arm64
-1.4.0
-1.4.0-amd64
 1.4.0-arm64
-1.4.1
-1.4.1-amd64
 1.4.1-arm64
-1.4.2
-1.4.2-amd64
 1.4.2-arm64
-1.5.0
-1.5.0-amd64
 1.5.0-arm64
-1.5.1
-1.5.1-amd64
 1.5.1-arm64
-2.1.0
-2.1.0-amd64
 2.1.0-arm64
-2.1.1
-2.1.1-amd64
 2.1.1-arm64
-2.1.3
-2.1.3-amd64
 2.1.3-arm64
-2.1.4
-2.1.4-amd64
 2.1.4-arm64
-2.2.0
-2.2.0-amd64
 2.2.0-arm64
-2.2.1
-2.2.1-amd64
 2.2.1-arm64
-2.2.2
-2.2.2-amd64
 2.2.2-arm64
-2.2.3
-2.2.3-amd64
 2.2.3-arm64
Building the following tags:  origin/master (latest tag is 2.2.3)
HEAD is now at 7f3d85ae Merge pull request #356 from gkodali-zededa/master
Building and pushing "zededa/ztools:b699e8e3cf37ce50f02d5cd41eba346cead2f15b"
Error response from daemon: pull access denied for zededa/ztools, repository does not exist or may require 'docker login'
No image pulled, continuing with build
Sending build context to Docker daemon  53.17MB
Step 1/30 : FROM golang:1.9.1-alpine AS build
 ---> cc52d0ad4cce
Step 2/30 : RUN apk update
 ---> Using cache
 ---> f0a73fffb597
Step 3/30 : RUN apk add --no-cache git gcc linux-headers libc-dev util-linux libpcap-dev
 ---> Using cache
 ---> 364a339f7290
Step 4/30 : ENV CGO_ENABLED 1
 ---> Using cache
 ---> 8d7aee78fc90
Step 5/30 : ARG GOARCH=
 ---> Using cache
 ---> 3cfe74fbbd28
Step 6/30 : ARG CROSS_GCC=https://musl.cc/aarch64-linux-musleabi-cross.tgz
 ---> Using cache
 ---> 7076d019680b
Step 7/30 : RUN [ -z "$GOARCH" ] || (cd / ; apk add --no-cache wget && wget -O - $CROSS_GCC | tar xzvf -)
 ---> Using cache
 ---> a2f1da6b4959
Step 8/30 : ADD ./ /go/src/github.com/zededa/go-provision/
 ---> Using cache
 ---> 196628775275
Step 9/30 : ADD conf/root-certificate.pem conf/server conf/server.production /config/
 ---> Using cache
 ---> 06c5c2091eb3
Step 10/30 : ADD scripts/device-steps.sh scripts/generate-device.sh scripts/generate-self-signed.sh scripts/handlezedserverconfig.sh scripts/watchdog-report.sh /opt/zededa/bin/
 ---> Using cache
 ---> 7236b706e188
Step 11/30 : ADD examples /opt/zededa/examples
 ---> Using cache
 ---> f71cbb1b0445
Step 12/30 : ADD conf/AssignableAdapters /var/tmp/zededa/AssignableAdapters
 ---> Using cache
 ---> 5fd7d078c6f3
Step 13/30 : ADD conf/DeviceNetworkConfig /var/tmp/zededa/DeviceNetworkConfig
 ---> Using cache
 ---> 16039c9605e7
Step 14/30 : ADD conf/lisp.config.base /var/tmp/zededa/lisp.config.base
 ---> Using cache
 ---> a4bd5bd93c8d
Step 15/30 : RUN (cd ./src/github.com/zededa/go-provision/; scripts/getversion.sh >/opt/zededa/bin/versioninfo)
 ---> Using cache
 ---> a96cd895e2d0
Step 16/30 : RUN cp /opt/zededa/bin/versioninfo /opt/zededa/bin/versioninfo.1
 ---> Using cache
 ---> 511695b921c0
Step 17/30 : RUN echo Building: `cat /opt/zededa/bin/versioninfo`
 ---> Using cache
 ---> e33aed471c8a
Step 18/30 : RUN [ -z "$GOARCH" ] || export CC=$(echo /*-cross/bin/*-gcc)           ;    go install github.com/zededa/go-provision/zedbox/... &&     echo "Running go vet" && go vet ./... &&     echo "Running go fmt" && ERR=$(gofmt -e -l -s $(find . -name \*.go | grep -v /vendor/)) &&        if [ -n "$ERR" ] ; then echo $ERR ; exit 1 ; fi &&     if [ -f /go/bin/*/zedbox ] ; then mv /go/bin/*/zedbox /go/bin ; fi
 ---> Using cache
 ---> 25ea7b0e1a54
Step 19/30 : RUN ln -s /go/bin/zedbox /opt/zededa/bin/zedbox ;    for app in         client domainmgr downloader hardwaremodel identitymgr ledmanager       logmanager verifier zedagent zedmanager zedrouter ipcmonitor nim       waitforaddr diag baseosmgr wstunnelclient conntrack lisp-ztr ;    do ln -s zedbox /opt/zededa/bin/$app ; done
 ---> Using cache
 ---> 342e42a481ae
Step 20/30 : FROM scratch
 ---> 
Step 21/30 : COPY --from=build /opt/zededa/bin /opt/zededa/bin
 ---> Using cache
 ---> e48d98b819b2
Step 22/30 : COPY --from=build /opt/zededa/examples /opt/zededa/examples
 ---> Using cache
 ---> ab50b5d0349e
Step 23/30 : COPY --from=build /var/tmp/zededa/AssignableAdapters /var/tmp/zededa/AssignableAdapters
 ---> Using cache
 ---> 04867cc37766
Step 24/30 : COPY --from=build /var/tmp/zededa/DeviceNetworkConfig /var/tmp/zededa/DeviceNetworkConfig
 ---> Using cache
 ---> a832c15b26fc
Step 25/30 : COPY --from=build /var/tmp/zededa/lisp.config.base /var/tmp/zededa/lisp.config.base
 ---> Using cache
 ---> d2f14e7731b3
Step 26/30 : COPY --from=build /config /opt/zededa/examples/config
 ---> Using cache
 ---> ece4bfb8ea8e
Step 27/30 : COPY --from=build /go/bin/* /opt/zededa/bin/
 ---> Using cache
 ---> bdcdc621ff30
Step 28/30 : WORKDIR /opt/zededa/bin
 ---> Using cache
 ---> 7c2fe693eefd
Step 29/30 : CMD /bin/ash
 ---> Using cache
 ---> acd96ec949f5
Step 30/30 : LABEL org.mobyproject.linuxkit.revision 'unknown' org.mobyproject.linuxkit.version 'unknown' org.opencontainers.image.revision '7f3d85aebcebdbb2ec494e98356cdac48ef34949' org.opencontainers.image.source 'https://github.com/linuxkit/linuxkit'
 ---> Using cache
 ---> 159065cf100f
Successfully built 159065cf100f
Successfully tagged zededa/ztools:b699e8e3cf37ce50f02d5cd41eba346cead2f15b-arm64
Pushing zededa/ztools:b699e8e3cf37ce50f02d5cd41eba346cead2f15b-arm64
The push refers to a repository [docker.io/zededa/ztools]
37def7a7fd19: Preparing
89de87b006a5: Preparing
78eb3720fe42: Preparing
c474257b682a: Preparing
cd0d0cb79991: Preparing
9f61dbdece24: Preparing
c3e345b55fd8: Preparing
c3e345b55fd8: Waiting
9f61dbdece24: Waiting
denied: requested access to the resource is denied
exit status 1
From https://github.com/zededa/zenbuild
 * [new tag]         0.1.0      -> 0.1.0
 * [new tag]         0.1.1      -> 0.1.1
 * [new tag]         0.10.0     -> 0.10.0
 * [new tag]         0.10.1     -> 0.10.1
 * [new tag]         0.11.0     -> 0.11.0
 * [new tag]         0.11.1     -> 0.11.1
 * [new tag]         0.12.0     -> 0.12.0
 * [new tag]         0.13.0     -> 0.13.0
 * [new tag]         0.14.0     -> 0.14.0
 * [new tag]         0.14.1     -> 0.14.1
 * [new tag]         0.15.0     -> 0.15.0
 * [new tag]         0.16.0     -> 0.16.0
 * [new tag]         0.16.1     -> 0.16.1
 * [new tag]         0.17.0     -> 0.17.0
 * [new tag]         0.18.0     -> 0.18.0
 * [new tag]         0.3.0      -> 0.3.0
 * [new tag]         0.3.1      -> 0.3.1
 * [new tag]         0.4.0      -> 0.4.0
 * [new tag]         0.5.0      -> 0.5.0
 * [new tag]         0.6.0      -> 0.6.0
 * [new tag]         0.7.0      -> 0.7.0
 * [new tag]         0.8.0      -> 0.8.0
 * [new tag]         0.8.1      -> 0.8.1
 * [new tag]         0.9.0      -> 0.9.0
 * [new tag]         0.9.1      -> 0.9.1
 * [new tag]         0.9.2      -> 0.9.2
 * [new tag]         1.0.0      -> 1.0.0
 * [new tag]         1.1.0      -> 1.1.0
 * [new tag]         1.2.0      -> 1.2.0
 * [new tag]         1.3.0      -> 1.3.0
 * [new tag]         1.3.1      -> 1.3.1
 * [new tag]         1.3.2      -> 1.3.2
 * [new tag]         1.3.3      -> 1.3.3
 * [new tag]         1.4.0      -> 1.4.0
 * [new tag]         1.4.1      -> 1.4.1
 * [new tag]         1.4.2      -> 1.4.2
 * [new tag]         1.5.0      -> 1.5.0
 * [new tag]         1.5.1      -> 1.5.1
 * [new tag]         2.1.0      -> 2.1.0
 * [new tag]         2.1.1      -> 2.1.1
 * [new tag]         2.1.2      -> 2.1.2
 * [new tag]         2.1.3      -> 2.1.3
 * [new tag]         2.1.4      -> 2.1.4
 * [new tag]         2.2.0      -> 2.2.0
 * [new tag]         2.2.1      -> 2.2.1
 * [new tag]         2.2.2      -> 2.2.2
 * [new tag]         2.2.3      -> 2.2.3
--- /dev/fd/63	2019-06-08 08:01:52.920786079 +0200
+++ /dev/fd/62	2019-06-08 08:01:52.920786079 +0200
@@ -1,138 +1,47 @@
-0.1.0
-0.1.0-amd64
 0.1.0-arm64
-0.1.1
-0.1.1-amd64
 0.1.1-arm64
-0.3.0
-0.3.0-amd64
 0.3.0-arm64
-0.3.1
-0.3.1-amd64
 0.3.1-arm64
-0.4.0
-0.4.0-amd64
 0.4.0-arm64
-0.5.0
-0.5.0-amd64
 0.5.0-arm64
-0.6.0
-0.6.0-amd64
 0.6.0-arm64
-0.7.0
-0.7.0-amd64
 0.7.0-arm64
-0.8.0
-0.8.0-amd64
 0.8.0-arm64
-0.8.1
-0.8.1-amd64
 0.8.1-arm64
-0.9.0
-0.9.0-amd64
 0.9.0-arm64
-0.9.1
-0.9.1-amd64
 0.9.1-arm64
-0.9.2
-0.9.2-amd64
 0.9.2-arm64
-0.10.0
-0.10.0-amd64
 0.10.0-arm64
-0.10.1
-0.10.1-amd64
 0.10.1-arm64
-0.11.0
-0.11.0-amd64
 0.11.0-arm64
-0.11.1
-0.11.1-amd64
 0.11.1-arm64
-0.12.0
-0.12.0-amd64
 0.12.0-arm64
-0.13.0
-0.13.0-amd64
 0.13.0-arm64
-0.14.0
-0.14.0-amd64
 0.14.0-arm64
-0.14.1
-0.14.1-amd64
 0.14.1-arm64
-0.15.0
-0.15.0-amd64
 0.15.0-arm64
-0.16.0
-0.16.0-amd64
 0.16.0-arm64
-0.16.1
-0.16.1-amd64
 0.16.1-arm64
-0.17.0
-0.17.0-amd64
 0.17.0-arm64
-0.18.0
-0.18.0-amd64
 0.18.0-arm64
-1.0.0
-1.0.0-amd64
 1.0.0-arm64
-1.1.0
-1.1.0-amd64
 1.1.0-arm64
-1.2.0
-1.2.0-amd64
 1.2.0-arm64
-1.3.0
-1.3.0-amd64
 1.3.0-arm64
-1.3.1
-1.3.1-amd64
 1.3.1-arm64
-1.3.2
-1.3.2-amd64
 1.3.2-arm64
-1.3.3
-1.3.3-amd64
 1.3.3-arm64
-1.4.0
-1.4.0-amd64
 1.4.0-arm64
-1.4.1
-1.4.1-amd64
 1.4.1-arm64
-1.4.2
-1.4.2-amd64
 1.4.2-arm64
-1.5.0
-1.5.0-amd64
 1.5.0-arm64
-1.5.1
-1.5.1-amd64
 1.5.1-arm64
-2.1.0
-2.1.0-amd64
 2.1.0-arm64
-2.1.1
-2.1.1-amd64
 2.1.1-arm64
-2.1.3
-2.1.3-amd64
+2.1.2-arm64
 2.1.3-arm64
-2.1.4
-2.1.4-amd64
 2.1.4-arm64
-2.2.0
-2.2.0-amd64
 2.2.0-arm64
-2.2.1
-2.2.1-amd64
 2.2.1-arm64
-2.2.2
-2.2.2-amd64
 2.2.2-arm64
-2.2.3
-2.2.3-amd64
 2.2.3-arm64
Building the following tags: 2.1.2 origin/master (latest tag is 2.2.3)
Removing build-tools/bin/linuxkit
Removing build-tools/bin/manifest-tool
Removing dist/
Removing pkg/mkconf/Dockerfile
Removing pkg/qrexec-dom0/Dockerfile
Removing pkg/qrexec-lib/Dockerfile
Removing pkg/zedctr/Dockerfile
HEAD is now at fb1f9ad Changing default server to prod
Error response from daemon: pull access denied for zededa/ztools, repository does not exist or may require 'docker login'
WARNING: couldn't fetch the latest zededa/ztools:2.1.2-arm64 - may be using stale cache
Error response from daemon: manifest for zededa/lisp:2.1.2-arm64 not found
WARNING: couldn't fetch the latest zededa/lisp:2.1.2-arm64 - may be using stale cache
Error response from daemon: pull access denied for zededa/ztools, repository does not exist or may require 'docker login'
WARNING: couldn't fetch the latest zededa/ztools:2.1.2-arm64 - may be using stale cache
Error response from daemon: manifest for zededa/lisp:2.1.2-arm64 not found
WARNING: couldn't fetch the latest zededa/lisp:2.1.2-arm64 - may be using stale cache
make -C build-tools all
make[1]: Entering directory '/home/zededa-ci/src/zenbuild/build-tools'
cd src/linuxkit/vendor/github.com/linuxkit/linuxkit/src/cmd/linuxkit ;\
/usr/bin/go  build -ldflags "-X github.com/linuxkit/linuxkit/src/cmd/linuxkit/version.GitCommit=fb1f9ad71980df3698358d13825745f5e02939ec" -o /home/zededa-ci/src/zenbuild/build-tools/bin/linuxkit .
cd src/manifest-tool/vendor/github.com/estesp/manifest-tool ;\
/usr/bin/go  build -ldflags "-X main.gitCommit=fb1f9ad71980df3698358d13825745f5e02939ec" -o /home/zededa-ci/src/zenbuild/build-tools/bin/manifest-tool .
make[1]: Leaving directory '/home/zededa-ci/src/zenbuild/build-tools'
make -C build-pkgs LINUXKIT_HASH="--hash 2.1.2  " push
make[1]: Entering directory '/home/zededa-ci/src/zenbuild/build-pkgs'
Building and pushing "zededa/build-pkgs_abuild:2.1.2"
2.1.2: Pulling from zededa/build-pkgs_abuild
Digest: sha256:056fcbe61a2a8c0590a467d397fa974429d4584a2930e7e1e7c21e6fd4587f44
Status: Image is up to date for zededa/build-pkgs_abuild:2.1.2
Building and pushing "zededa/build-pkgs_uefi:2.1.2"
2.1.2: Pulling from zededa/build-pkgs_uefi
Digest: sha256:028192b0b60eeb7932300a189a4060c180697858ee35f0f0423582578457afd9
Status: Image is up to date for zededa/build-pkgs_uefi:2.1.2
make[1]: Leaving directory '/home/zededa-ci/src/zenbuild/build-pkgs'
make -C pkg LINUXKIT_HASH="--hash 2.1.2  " push
make[1]: Entering directory '/home/zededa-ci/src/zenbuild/pkg'
(cd ..; ./parse-pkgs.sh pkg/qrexec-lib/Dockerfile.in > pkg/qrexec-lib/Dockerfile)
Error response from daemon: pull access denied for zededa/ztools, repository does not exist or may require 'docker login'
WARNING: couldn't fetch the latest zededa/ztools:2.1.2-arm64 - may be using stale cache
Error response from daemon: manifest for zededa/lisp:2.1.2-arm64 not found
WARNING: couldn't fetch the latest zededa/lisp:2.1.2-arm64 - may be using stale cache
(cd ..; ./parse-pkgs.sh pkg/qrexec-dom0/Dockerfile.in > pkg/qrexec-dom0/Dockerfile)
Error response from daemon: pull access denied for zededa/ztools, repository does not exist or may require 'docker login'
WARNING: couldn't fetch the latest zededa/ztools:2.1.2-arm64 - may be using stale cache
Error response from daemon: manifest for zededa/lisp:2.1.2-arm64 not found
WARNING: couldn't fetch the latest zededa/lisp:2.1.2-arm64 - may be using stale cache
(cd ..; ./parse-pkgs.sh pkg/mkconf/Dockerfile.in > pkg/mkconf/Dockerfile)
Error response from daemon: pull access denied for zededa/ztools, repository does not exist or may require 'docker login'
WARNING: couldn't fetch the latest zededa/ztools:2.1.2-arm64 - may be using stale cache
Error response from daemon: manifest for zededa/lisp:2.1.2-arm64 not found
WARNING: couldn't fetch the latest zededa/lisp:2.1.2-arm64 - may be using stale cache
Building and pushing "zededa/grub:2.1.2"
2.1.2: Pulling from zededa/grub
Digest: sha256:b8428be0527f3fe8e8f08a4193feddfe764cc14e5418d19348a26de0df24c3c2
Status: Image is up to date for zededa/grub:2.1.2
Building and pushing "zededa/xen:2.1.2"
2.1.2: Pulling from zededa/xen
Digest: sha256:f0b9ec603600542d222a485beb85873cf1e2fb7c13b80932250df23824e37a6b
Status: Image is up to date for zededa/xen:2.1.2
Building and pushing "zededa/kernel:2.1.2"
2.1.2: Pulling from zededa/kernel
Digest: sha256:9033dd0ac2da1f9b860c0e125d28235e3bc4170e88fab542c9dcba29c8a04c74
Status: Image is up to date for zededa/kernel:2.1.2
Building and pushing "zededa/fw:2.1.2"
2.1.2: Pulling from zededa/fw
Digest: sha256:7e1a88e3676aa590ae4234438c87aea5bcb6b400194b77714d72de0a77028bee
Status: Image is up to date for zededa/fw:2.1.2
Building and pushing "zededa/xen-tools:2.1.2"
2.1.2: Pulling from zededa/xen-tools
Digest: sha256:5a8def9f8c71e5dc9fd61bac543cdae3e0a39e1d3ac0a5e1c7de0d82c6fda775
Status: Image is up to date for zededa/xen-tools:2.1.2
Building and pushing "zededa/dnsmasq:2.1.2"
2.1.2: Pulling from zededa/dnsmasq
Digest: sha256:e047216be05882f94d139dffedc57d840eae66c4a603c6076e85896bf32d8cc5
Status: Image is up to date for zededa/dnsmasq:2.1.2
Building and pushing "zededa/strongswan:2.1.2"
2.1.2: Pulling from zededa/strongswan
Digest: sha256:3e5339a27a383dfcb64610977efcd373d12877423db4f85a883ad2f0ceae9e55
Status: Image is up to date for zededa/strongswan:2.1.2
Building and pushing "zededa/gpt-tools:2.1.2"
2.1.2: Pulling from zededa/gpt-tools
Digest: sha256:de16a2d67feb7dd8564b8add9ea60bcd7d82a84bee3bb39be2d6c04f5cc7071f
Status: Image is up to date for zededa/gpt-tools:2.1.2
Building and pushing "zededa/dom0-ztools:2.1.2"
2.1.2: Pulling from zededa/dom0-ztools
Digest: sha256:88ac0d4ccb5d09b9a83a4911a6a7aba610fa7171eb532128fee20f465d8eb534
Status: Image is up to date for zededa/dom0-ztools:2.1.2
Building and pushing "zededa/qrexec-lib:2.1.2"
2.1.2: Pulling from zededa/qrexec-lib
Digest: sha256:79decdfe0154050783786bc48e72c81a1aa64ad376f87b992cd049d97cc6ecc0
Status: Image is up to date for zededa/qrexec-lib:2.1.2
Building and pushing "zededa/qrexec-dom0:2.1.2"
2.1.2: Pulling from zededa/qrexec-dom0
Digest: sha256:769fdc66d21aa88c459765b50dd1de14ca37c900cf096e5ac60559bcdf566201
Status: Image is up to date for zededa/qrexec-dom0:2.1.2
Building and pushing "zededa/wwan:2.1.2"
2.1.2: Pulling from zededa/wwan
Digest: sha256:8a4dd0f03924fcfcc273bd60f8756554e41615f8fadc0b46bfba08a491fa6ffd
Status: Image is up to date for zededa/wwan:2.1.2
Building and pushing "zededa/wlan:2.1.2"
2.1.2: Pulling from zededa/wlan
Digest: sha256:8757be36ddc552cf6281a3d42656d8f63b0e55ee7e51fcb53b7e2982385e8367
Status: Image is up to date for zededa/wlan:2.1.2
Building and pushing "zededa/rngd:2.1.2"
2.1.2: Pulling from zededa/rngd
Digest: sha256:38049daa5dbc1bcae1dceb8148814eb9bb2823d8746bbff19cb38d18c26cb3f7
Status: Image is up to date for zededa/rngd:2.1.2
Building and pushing "zededa/watchdog:2.1.2"
2.1.2: Pulling from zededa/watchdog
Digest: sha256:7d20aad2858c361ace58f35c628513840192cf93dc3e9878254df9dc8899e7a2
Status: Image is up to date for zededa/watchdog:2.1.2
Building and pushing "zededa/guacd:2.1.2"
2.1.2: Pulling from zededa/guacd
Digest: sha256:d07c2b73e30cd871db1cae1099feaa65a8a6258bd844e28849961e6f5109da3c
Status: Image is up to date for zededa/guacd:2.1.2
Building and pushing "zededa/device-trees:2.1.2"
2.1.2: Pulling from zededa/device-trees
Digest: sha256:f8a83a0d7041153ce3d6489266b7cb5754c2fb755819e318d031894c98d5622a
Status: Image is up to date for zededa/device-trees:2.1.2
Building and pushing "zededa/debug:2.1.2"
2.1.2: Pulling from zededa/debug
Digest: sha256:c3c1e593d28a76218e776e572e20f90d68fd0a5f67c8a6e32282b3387747b7fe
Status: Image is up to date for zededa/debug:2.1.2
Building and pushing "zededa/conf:2.1.2"
Error response from daemon: manifest for zededa/conf:2.1.2 not found
No image pulled, continuing with build
Sending build context to Docker daemon   5.12kB
Step 1/8 : FROM zededa/ztools:2.1.2-arm64 as zededa
pull access denied for zededa/ztools, repository does not exist or may require 'docker login'
exit status 1
Makefile:21: recipe for target 'push' failed
make[1]: *** [push] Error 1
make[1]: Leaving directory '/home/zededa-ci/src/zenbuild/pkg'
Makefile:61: recipe for target 'pkgs' failed
make: *** [pkgs] Error 2
Removing build-tools/bin/linuxkit
Removing build-tools/bin/manifest-tool
Removing pkg/mkconf/Dockerfile
Removing pkg/qrexec-dom0/Dockerfile
Removing pkg/qrexec-lib/Dockerfile
HEAD is now at 1c6e2c4 Merge pull request #93 from zededa/fixes
make -C build-tools all
make[1]: Entering directory '/home/zededa-ci/src/zenbuild/build-tools'
cd src/linuxkit/vendor/github.com/linuxkit/linuxkit/src/cmd/linuxkit ;\
/usr/bin/go  build -ldflags "-X github.com/linuxkit/linuxkit/src/cmd/linuxkit/version.GitCommit=1c6e2c47d003f9c77f37029512ad065834eedda7" -o /home/zededa-ci/src/zenbuild/build-tools/bin/linuxkit .
cd src/manifest-tool/vendor/github.com/estesp/manifest-tool ;\
/usr/bin/go  build -ldflags "-X main.gitCommit=1c6e2c47d003f9c77f37029512ad065834eedda7" -o /home/zededa-ci/src/zenbuild/build-tools/bin/manifest-tool .
make[1]: Leaving directory '/home/zededa-ci/src/zenbuild/build-tools'
make -C build-pkgs LINUXKIT_HASH="  --release snapshot" push
make[1]: Entering directory '/home/zededa-ci/src/zenbuild/build-pkgs'
Building and pushing "zededa/build-pkgs_abuild:7ae4d9f9fa290963de466d5ed96d6c9318354824"
7ae4d9f9fa290963de466d5ed96d6c9318354824: Pulling from zededa/build-pkgs_abuild
Digest: sha256:1a11eee631ec5ff068f207ae6bcd87d5d4a48a062308b46988cda10abdd15c86
Status: Image is up to date for zededa/build-pkgs_abuild:7ae4d9f9fa290963de466d5ed96d6c9318354824
Building and pushing "zededa/build-pkgs_uefi:a3362428c518fb4db1a136a961bd17e8a66fb693"
a3362428c518fb4db1a136a961bd17e8a66fb693: Pulling from zededa/build-pkgs_uefi
Digest: sha256:40b3cfec230b69210428c2b9db0d96985b2f107d18b0a62b28736e3e04b15f44
Status: Image is up to date for zededa/build-pkgs_uefi:a3362428c518fb4db1a136a961bd17e8a66fb693
make[1]: Leaving directory '/home/zededa-ci/src/zenbuild/build-pkgs'
make -C pkg LINUXKIT_HASH="  --release snapshot" push
make[1]: Entering directory '/home/zededa-ci/src/zenbuild/pkg'
(cd ..; ./tools/parse-pkgs.sh pkg/qrexec-lib/Dockerfile.in > pkg/qrexec-lib/Dockerfile)
WARNING: couldn't fetch the latest zededa/ztools:snapshot-arm64 - may be using stale cache
WARNING: failed to obtain zededa/ztools:snapshot-arm64 - using zededa/debug:3aeeaf4e04f450283d49220eb7e82262b4531687-arm64 instead
(cd ..; ./tools/parse-pkgs.sh pkg/qrexec-dom0/Dockerfile.in > pkg/qrexec-dom0/Dockerfile)
WARNING: couldn't fetch the latest zededa/ztools:snapshot-arm64 - may be using stale cache
WARNING: failed to obtain zededa/ztools:snapshot-arm64 - using zededa/debug:3aeeaf4e04f450283d49220eb7e82262b4531687-arm64 instead
(cd ..; ./tools/parse-pkgs.sh pkg/mkconf/Dockerfile.in > pkg/mkconf/Dockerfile)
WARNING: couldn't fetch the latest zededa/ztools:snapshot-arm64 - may be using stale cache
WARNING: failed to obtain zededa/ztools:snapshot-arm64 - using zededa/debug:3aeeaf4e04f450283d49220eb7e82262b4531687-arm64 instead
Building and pushing "zededa/grub:6a5c0688ea5c05aaa92b9e4a40579ea14f5e55be"
6a5c0688ea5c05aaa92b9e4a40579ea14f5e55be: Pulling from zededa/grub
Digest: sha256:5d502ab31b91cae09ae8209ea174b1bd89e1436def7d48a0ce071b19c75297bf
Status: Image is up to date for zededa/grub:6a5c0688ea5c05aaa92b9e4a40579ea14f5e55be
Building and pushing "zededa/xen:f51bf3d17fad15b71242befbddec96e177132a99"
f51bf3d17fad15b71242befbddec96e177132a99: Pulling from zededa/xen
Digest: sha256:72ff3c98dafff206e4b77c51f05eb768ae4e42032c31f5755c6ebec33aa571ab
Status: Image is up to date for zededa/xen:f51bf3d17fad15b71242befbddec96e177132a99
Building and pushing "zededa/kernel:7cfa13614bb99a84030db209b6c9a0696c7d3315"
7cfa13614bb99a84030db209b6c9a0696c7d3315: Pulling from zededa/kernel
Digest: sha256:0e681b1a20b981282191d707ae01019ef41dd7b01697271e34885b572239894b
Status: Image is up to date for zededa/kernel:7cfa13614bb99a84030db209b6c9a0696c7d3315
Building and pushing "zededa/fw:1d8c22ae31c42d767ba648b186db4ea967a9c569"
1d8c22ae31c42d767ba648b186db4ea967a9c569: Pulling from zededa/fw
Digest: sha256:c95ae74a720a42dc91dce6b5d225bf1758bef24b327e21f18c9dd184713d43e3
Status: Image is up to date for zededa/fw:1d8c22ae31c42d767ba648b186db4ea967a9c569
Building and pushing "zededa/xen-tools:9c96b441d083d7ef7bcb602bf009fa91bd7ebbf2"
9c96b441d083d7ef7bcb602bf009fa91bd7ebbf2: Pulling from zededa/xen-tools
Digest: sha256:897606c52b7cb91fa393ca30dae8f7c4cd8ce9fc26e5251e784a0af2fe9685c2
Status: Image is up to date for zededa/xen-tools:9c96b441d083d7ef7bcb602bf009fa91bd7ebbf2
Building and pushing "zededa/dnsmasq:c5985cdd83998d06255fe115d230a280c6928f1b"
c5985cdd83998d06255fe115d230a280c6928f1b: Pulling from zededa/dnsmasq
Digest: sha256:5ea4d415bfdfef4417f63b1b0d39e91511c39e3cec4a49c7f1523c8987dff9cc
Status: Image is up to date for zededa/dnsmasq:c5985cdd83998d06255fe115d230a280c6928f1b
Building and pushing "zededa/strongswan:8f5ee3b98aa3ea49a9a4231baac9be933d6155ec"
8f5ee3b98aa3ea49a9a4231baac9be933d6155ec: Pulling from zededa/strongswan
Digest: sha256:369e5f5de5fe189d5c1942f797b217fdc48b6e4161a70df5efce2d252135c978
Status: Image is up to date for zededa/strongswan:8f5ee3b98aa3ea49a9a4231baac9be933d6155ec
Building and pushing "zededa/gpt-tools:8e929f0aaa1d2d397c093e68ced86690f511a237"
8e929f0aaa1d2d397c093e68ced86690f511a237: Pulling from zededa/gpt-tools
Digest: sha256:c36aaa002486fecee65b6c676be25e7e78645d213f36f6acd093a732d478802c
Status: Image is up to date for zededa/gpt-tools:8e929f0aaa1d2d397c093e68ced86690f511a237
Building and pushing "zededa/dom0-ztools:b53cd1b5785c128371a5997e3a6e16007718c12d"
b53cd1b5785c128371a5997e3a6e16007718c12d: Pulling from zededa/dom0-ztools
Digest: sha256:65037565a2b30850b6368825b9d1e7af47a89c812eb1a910b8c93da828736473
Status: Image is up to date for zededa/dom0-ztools:b53cd1b5785c128371a5997e3a6e16007718c12d
Building and pushing "zededa/qrexec-lib:2e0df0df95f86df6953d7d2e7729213b77fd7206"
2e0df0df95f86df6953d7d2e7729213b77fd7206: Pulling from zededa/qrexec-lib
Digest: sha256:15aa3ca4fef43b0918e92eed910279f368e8c3fd52faabb50fc688f555b35700
Status: Image is up to date for zededa/qrexec-lib:2e0df0df95f86df6953d7d2e7729213b77fd7206
Building and pushing "zededa/qrexec-dom0:2c3cf9b135409690eaa86092c41f7c800d398468"
2c3cf9b135409690eaa86092c41f7c800d398468: Pulling from zededa/qrexec-dom0
Digest: sha256:8595ea8ced1b220d3afb52b7804c31e7a0a26779638d9f7e737dfb924569e479
Status: Image is up to date for zededa/qrexec-dom0:2c3cf9b135409690eaa86092c41f7c800d398468
Building and pushing "zededa/wwan:5f68442251df0f2625fde14e947f11de2374b72d"
5f68442251df0f2625fde14e947f11de2374b72d: Pulling from zededa/wwan
Digest: sha256:478b5409d39c3f90b9be2c4689fe366dcc64cd3c273574a400028f5993479bec
Status: Image is up to date for zededa/wwan:5f68442251df0f2625fde14e947f11de2374b72d
Building and pushing "zededa/wlan:8aa66e76c276b97d1141801d3f461e2b3f8f8f97"
8aa66e76c276b97d1141801d3f461e2b3f8f8f97: Pulling from zededa/wlan
Digest: sha256:eb614df60aa8c847ea9f7a89848b0199f4852dbda8a9c07841607fdd7cb16d6c
Status: Image is up to date for zededa/wlan:8aa66e76c276b97d1141801d3f461e2b3f8f8f97
Building and pushing "zededa/rngd:5adb10a552c07513159777bd022ac58e23d59272"
5adb10a552c07513159777bd022ac58e23d59272: Pulling from zededa/rngd
Digest: sha256:8f798b501b621b915f73ffe47bffb38a7135ea96dcd01b509ee46324756d01b4
Status: Image is up to date for zededa/rngd:5adb10a552c07513159777bd022ac58e23d59272
Building and pushing "zededa/watchdog:2aea3af274e4928d2eab2b738d0e100ee5362173"
2aea3af274e4928d2eab2b738d0e100ee5362173: Pulling from zededa/watchdog
Digest: sha256:3beef59348def169640889b43bfebf7fa22b7b095dc4168abee3a5a88b5dc559
Status: Image is up to date for zededa/watchdog:2aea3af274e4928d2eab2b738d0e100ee5362173
Building and pushing "zededa/guacd:85a2add30bae37777d3d4f3f17a528fe8db88e96"
85a2add30bae37777d3d4f3f17a528fe8db88e96: Pulling from zededa/guacd
Digest: sha256:47376275e56439a0836f1765511f19768651b2a095be6da54fdfd0b2b7b6ce24
Status: Image is up to date for zededa/guacd:85a2add30bae37777d3d4f3f17a528fe8db88e96
Building and pushing "zededa/lisp:6654433c2b3df84d02472f202eee07e4d3173442"
6654433c2b3df84d02472f202eee07e4d3173442: Pulling from zededa/lisp
Digest: sha256:c8a5fc7a7620be9c18fba8b2d7d34d439a1a9d46d7198488ee4077f0001dedc3
Status: Image is up to date for zededa/lisp:6654433c2b3df84d02472f202eee07e4d3173442
Building and pushing "zededa/device-trees:18377dd0bc3c33a1602e94a4c43aa0b3c51badb9"
18377dd0bc3c33a1602e94a4c43aa0b3c51badb9: Pulling from zededa/device-trees
Digest: sha256:61bb1d6398633d24618b7f788432b81137e619b29eb1c6e2f762c53357f10d66
Status: Image is up to date for zededa/device-trees:18377dd0bc3c33a1602e94a4c43aa0b3c51badb9
Building and pushing "zededa/debug:3aeeaf4e04f450283d49220eb7e82262b4531687"
3aeeaf4e04f450283d49220eb7e82262b4531687: Pulling from zededa/debug
Digest: sha256:81015d30d78e63cd2f1084198c92ebca85cb3214fb1eb90444fd59d3936b74a9
Status: Image is up to date for zededa/debug:3aeeaf4e04f450283d49220eb7e82262b4531687
Building and pushing "zededa/conf:e22275bd5d97d32d523595bbb41b2a21cbe509a7"
e22275bd5d97d32d523595bbb41b2a21cbe509a7: Pulling from zededa/conf
Digest: sha256:bdea79263dde5375b38ea0616330d8c422f11c6a13b4b725dfe497482e788544
Status: Image is up to date for zededa/conf:e22275bd5d97d32d523595bbb41b2a21cbe509a7
Building and pushing "zededa/mkrootfs-ext4:5f77cd6a2b87a3a9927593763da1941dbed1ce80"
5f77cd6a2b87a3a9927593763da1941dbed1ce80: Pulling from zededa/mkrootfs-ext4
Digest: sha256:dedb371f7dc9af3f9472d9f4c0c4dd75771a34bb940085b75c3e1d42a7108467
Status: Image is up to date for zededa/mkrootfs-ext4:5f77cd6a2b87a3a9927593763da1941dbed1ce80
Building and pushing "zededa/mkrootfs-squash:b47d705603f5f0d3765b03cf583e1a7fd287f212"
b47d705603f5f0d3765b03cf583e1a7fd287f212: Pulling from zededa/mkrootfs-squash
Digest: sha256:69fe871728593b96cd07c9803cfafd083e0adc34e62236669052d16a955f8c8b
Status: Image is up to date for zededa/mkrootfs-squash:b47d705603f5f0d3765b03cf583e1a7fd287f212
Building and pushing "zededa/mkimage-raw-efi:335897b5ea6350947ecb1c7fa85f4fac093d4d50"
335897b5ea6350947ecb1c7fa85f4fac093d4d50: Pulling from zededa/mkimage-raw-efi
Digest: sha256:0c15be5b4c2d38f5fde53f100c1964459ae80639162f8875e2f70bcf47a5d48c
Status: Image is up to date for zededa/mkimage-raw-efi:335897b5ea6350947ecb1c7fa85f4fac093d4d50
Building and pushing "zededa/mkimage-iso-efi:49a6ff8320ce088460c8acb6f36bc15b15d800e9"
49a6ff8320ce088460c8acb6f36bc15b15d800e9: Pulling from zededa/mkimage-iso-efi
Digest: sha256:6693333f49b1f7c8e7931c6580e56d05078484b0b099136b7b2aff1b3055e65e
Status: Image is up to date for zededa/mkimage-iso-efi:49a6ff8320ce088460c8acb6f36bc15b15d800e9
make[1]: Leaving directory '/home/zededa-ci/src/zenbuild/pkg'
mkdir -p dist/arm64/bios
cd dist/arm64/bios ; _() { C=`docker create $1 fake` ; docker export $C | tar -xf - $2 ; docker rm $C ; } ; _ zededa/build-pkgs_uefi:a3362428c518fb4db1a136a961bd17e8a66fb693-arm64 OVMF.fd
59db5c7eb0bd5d4809252d42f84c5f7027714beb2c135a532ad6f6befdc43abc
./tools/makeconfig.sh conf dist/arm64/config.img
+ CONFIG_FILE=/config.img
+ CONFIG_SIZE_KB=1024
+ cd /conf
+ tar xf -
+ echo mtools_skip_check=1
+ dd if=/dev/zero of=/config.img bs=1024 count=1024
1024+0 records in
1024+0 records out
+ mkfs.vfat -n ZEDEDA -v /config.img 1024
mkfs.fat 4.1 (2017-01-24)
/config.img has 64 heads and 32 sectors per track,
hidden sectors 0x0000;
logical sector size is 512,
using 0xf8 media descriptor, with 2048 sectors;
drive number 0x80;
filesystem has 2 12-bit FATs and 4 sectors per cluster.
FAT size is 2 sectors, and provides 502 clusters.
There is 1 reserved sector.
Root directory contains 512 slots and uses 32 sectors.
Volume ID is 078dc0bc, volume label ZEDEDA     .
+ mcopy -i /config.img -s /conf/onboard.cert.pem /conf/onboard.key.pem /conf/root-certificate.pem /conf/server /conf/server.production /conf/wpa_supplicant.conf ::/
WARNING: couldn't fetch the latest zededa/ztools:snapshot-arm64 - may be using stale cache
WARNING: failed to obtain zededa/ztools:snapshot-arm64 - using zededa/debug:3aeeaf4e04f450283d49220eb7e82262b4531687-arm64 instead
WARNING: couldn't fetch the latest zededa/ztools:snapshot-arm64 - may be using stale cache
WARNING: failed to obtain zededa/ztools:snapshot-arm64 - using zededa/debug:3aeeaf4e04f450283d49220eb7e82262b4531687-arm64 instead
WARNING: couldn't fetch the latest zededa/ztools:snapshot-arm64 - may be using stale cache
WARNING: failed to obtain zededa/ztools:snapshot-arm64 - using zededa/debug:3aeeaf4e04f450283d49220eb7e82262b4531687-arm64 instead
WARNING: couldn't fetch the latest zededa/ztools:snapshot-arm64 - may be using stale cache
WARNING: failed to obtain zededa/ztools:snapshot-arm64 - using zededa/debug:3aeeaf4e04f450283d49220eb7e82262b4531687-arm64 instead
WARNING: couldn't fetch the latest zededa/ztools:snapshot-arm64 - may be using stale cache
WARNING: failed to obtain zededa/ztools:snapshot-arm64 - using zededa/debug:3aeeaf4e04f450283d49220eb7e82262b4531687-arm64 instead
docker pull zededa/zedctr:4f28d9a01ca2e39f91495bdf0756a30d349c604a-arm64 >/dev/null 2>&1 || : ;\
if ! docker inspect zededa/zedctr:4f28d9a01ca2e39f91495bdf0756a30d349c604a-arm64 >/dev/null 2>&1 ; then \
  if [ -n "" ] ; then \
     DOCKER_ARCH_TAG=arm64 ./tools/parse-pkgs.sh < pkg/zedctr/Dockerfile.cross.in > pkg/zedctr/Dockerfile ;\
    PKG_HASH=`mktemp -u XXXXXXXXXX` ;\
    make -C pkg PKGS=zedctr RESCAN_DEPS="" LINUXKIT_OPTS="--disable-content-trust --force --disable-cache --hash $PKG_HASH" push ;\
    PKG_HASH=zededa/zedctr:$PKG_HASH ;\
    docker tag $PKG_HASH zededa/zedctr:4f28d9a01ca2e39f91495bdf0756a30d349c604a-arm64 ;\
    docker rmi $PKG_HASH $PKG_HASH- ;\
  else \
    make -C pkg PKGS=zedctr LINUXKIT_OPTS="--disable-content-trust --force --disable-cache --hash 4f28d9a01ca2e39f91495bdf0756a30d349c604a --release snapshot" push ;\
  fi ;\
fi
make[1]: Entering directory '/home/zededa-ci/src/zenbuild/pkg'
(cd ..; ./tools/parse-pkgs.sh pkg/zedctr//Dockerfile.in > pkg/zedctr//Dockerfile)
WARNING: couldn't fetch the latest zededa/ztools:snapshot-arm64 - may be using stale cache
WARNING: failed to obtain zededa/ztools:snapshot-arm64 - using zededa/debug:3aeeaf4e04f450283d49220eb7e82262b4531687-arm64 instead
Building and pushing "zededa/zedctr:4f28d9a01ca2e39f91495bdf0756a30d349c604a"
Sending build context to Docker daemon   21.5kB
Step 1/22 : FROM sha256:256db766104a4a780011f726a9a7e2785350ff8e9b8d5b31e51a9545bd7f7680 as ztools
 ---> 256db766104a
Step 2/22 : FROM zededa/lisp:6654433c2b3df84d02472f202eee07e4d3173442-arm64 as lisp
 ---> 52fd71b4f412
Step 3/22 : FROM zededa/xen-tools:9c96b441d083d7ef7bcb602bf009fa91bd7ebbf2-arm64 as xen-tools
 ---> 194a0d29c96f
Step 4/22 : FROM zededa/dnsmasq:c5985cdd83998d06255fe115d230a280c6928f1b-arm64 as dnsmasq
 ---> 85ce87902c8e
Step 5/22 : FROM zededa/strongswan:8f5ee3b98aa3ea49a9a4231baac9be933d6155ec-arm64 as strongswan
 ---> 2e11606a1b07
Step 6/22 : FROM zededa/gpt-tools:8e929f0aaa1d2d397c093e68ced86690f511a237-arm64 as gpttools
 ---> 3e7b643f9ef1
Step 7/22 : FROM zededa/watchdog:2aea3af274e4928d2eab2b738d0e100ee5362173-arm64 as watchdog
 ---> 2682e16114b6
Step 8/22 : FROM alpine:3.8
 ---> 91f7ef093236
Step 9/22 : RUN apk add --no-cache     yajl xz bash openssl iptables ip6tables iproute2 dhcpcd     apk-cron coreutils dmidecode sudo libbz2 libuuid ipset     libaio logrotate pixman glib curl radvd perl ethtool     openssh-server util-linux e2fsprogs libcrypto1.0 xorriso     python libpcap libffi
 ---> Running in 58a3f31271b8
fetch http://dl-cdn.alpinelinux.org/alpine/v3.8/main/aarch64/APKINDEX.tar.gz
fetch http://dl-cdn.alpinelinux.org/alpine/v3.8/community/aarch64/APKINDEX.tar.gz
(1/66) Installing apk-cron (1.0-r1)
(2/66) Installing ncurses-terminfo-base (6.1_p20180818-r1)
(3/66) Installing ncurses-terminfo (6.1_p20180818-r1)
(4/66) Installing ncurses-libs (6.1_p20180818-r1)
(5/66) Installing readline (7.0.003-r0)
(6/66) Installing bash (4.4.19-r1)
Executing bash-4.4.19-r1.post-install
(7/66) Installing libattr (2.4.47-r7)
(8/66) Installing libacl (2.2.52-r5)
(9/66) Installing coreutils (8.29-r2)
(10/66) Installing ca-certificates (20190108-r0)
(11/66) Installing nghttp2-libs (1.32.0-r0)
(12/66) Installing libssh2 (1.8.2-r0)
(13/66) Installing libcurl (7.61.1-r2)
(14/66) Installing curl (7.61.1-r2)
(15/66) Installing dhcpcd (7.0.7-r0)
(16/66) Installing dmidecode (3.1-r0)
(17/66) Installing libuuid (2.32-r0)
(18/66) Installing libblkid (2.32-r0)
(19/66) Installing libcom_err (1.44.2-r0)
(20/66) Installing e2fsprogs-libs (1.44.2-r0)
(21/66) Installing e2fsprogs (1.44.2-r0)
(22/66) Installing ethtool (4.16-r0)
(23/66) Installing libffi (3.2.1-r4)
(24/66) Installing libintl (0.19.8.1-r2)
(25/66) Installing libmount (2.32-r0)
(26/66) Installing pcre (8.42-r0)
(27/66) Installing glib (2.56.1-r0)
(28/66) Installing libmnl (1.0.4-r0)
(29/66) Installing jansson (2.11-r0)
(30/66) Installing libnftnl-libs (1.1.1-r0)
(31/66) Installing iptables (1.6.2-r0)
(32/66) Installing ip6tables (1.6.2-r0)
(33/66) Installing libelf (0.8.13-r3)
(34/66) Installing iproute2 (4.13.0-r0)
Executing iproute2-4.13.0-r0.post-install
(35/66) Installing ipset (6.38-r1)
(36/66) Installing libaio (0.3.111-r0)
(37/66) Installing libbz2 (1.0.6-r6)
(38/66) Installing libcrypto1.0 (1.0.2r-r0)
(39/66) Installing libpcap (1.8.1-r1)
(40/66) Installing popt (1.16-r7)
(41/66) Installing logrotate (3.14.0-r0)
(42/66) Installing openssh-keygen (7.7_p1-r4)
(43/66) Installing openssh-server-common (7.7_p1-r4)
(44/66) Installing openssh-server (7.7_p1-r4)
(45/66) Installing libssl1.0 (1.0.2r-r0)
(46/66) Installing openssl (1.0.2r-r0)
(47/66) Installing perl (5.26.3-r0)
(48/66) Installing pixman (0.34.0-r5)
(49/66) Installing expat (2.2.5-r0)
(50/66) Installing gdbm (1.13-r1)
(51/66) Installing sqlite-libs (3.25.3-r0)
(52/66) Installing python2 (2.7.15-r1)
(53/66) Installing radvd (2.17-r2)
Executing radvd-2.17-r2.pre-install
(54/66) Installing sudo (1.8.23-r2)
(55/66) Installing libsmartcols (2.32-r0)
(56/66) Installing findmnt (2.32-r0)
(57/66) Installing libfdisk (2.32-r0)
(58/66) Installing util-linux (2.32-r0)
(59/66) Installing libburn (1.4.8-r0)
(60/66) Installing libedit (20170329.3.1-r3)
(61/66) Installing libisofs (1.4.8-r0)
(62/66) Installing libisoburn (1.4.8-r0)
(63/66) Installing xorriso (1.4.8-r0)
(64/66) Installing xz-libs (5.2.4-r0)
(65/66) Installing xz (5.2.4-r0)
(66/66) Installing yajl (2.1.0-r0)
Executing busybox-1.28.4-r3.trigger
Executing ca-certificates-20190108-r0.trigger
Executing glib-2.56.1-r0.trigger
OK: 111 MiB in 79 packages
 ---> b651791215de
Removing intermediate container 58a3f31271b8
Step 10/22 : RUN [ `uname -m` = "aarch64" ] && apk add --no-cache libfdt || :
 ---> Running in bc1c30c9ff10
fetch http://dl-cdn.alpinelinux.org/alpine/v3.8/main/aarch64/APKINDEX.tar.gz
fetch http://dl-cdn.alpinelinux.org/alpine/v3.8/community/aarch64/APKINDEX.tar.gz
(1/1) Installing libfdt (1.4.4-r0)
OK: 111 MiB in 80 packages
 ---> b3bdd293906d
Removing intermediate container bc1c30c9ff10
Step 11/22 : RUN ssh-keygen -A ; echo PermitRootLogin yes >> /etc/ssh/sshd_config ; sed -ie '/^root/s#^.*$#root:$6$Ndt1G5AYZFQ8rz7m$7vGZMKKotSYxwxk/.jMfuOCzxw0I3DNedygaQaLF7kYSYsLqiBHhmc8RJSXp8/VxSYPpgYSz/8fkv0hO6I4js.:17477:0:::::#' /etc/shadow
 ---> Running in be49e784f147
ssh-keygen: generating new host keys: RSA DSA ECDSA ED25519 
 ---> 9402fd610ab0
Removing intermediate container be49e784f147
Step 12/22 : COPY --from=xen-tools / /
 ---> 227c945b8775
Step 13/22 : COPY --from=ztools / /
 ---> 3508aec25143
Step 14/22 : COPY --from=lisp / /
 ---> 7d647a734899
Step 15/22 : COPY --from=gpttools / /
 ---> acdc3f83dbe0
Step 16/22 : COPY --from=dnsmasq /usr/sbin/dnsmasq /opt/zededa/bin/dnsmasq
 ---> eaf4773e33e6
Step 17/22 : COPY --from=strongswan / /
 ---> 575f4d3cfa67
Step 18/22 : COPY --from=watchdog /usr/sbin /usr/sbin
 ---> 9426dd062d6b
Step 19/22 : COPY rootfs/ /
 ---> 2c6d0f52a2d8
Step 20/22 : RUN chmod 644 /etc/logrotate.d/zededa
 ---> Running in c07b4a911c7d
 ---> b58ca29ef8d2
Removing intermediate container c07b4a911c7d
Step 21/22 : CMD /init.sh
 ---> Running in cb00d5b78bff
 ---> 268d95ef0569
Removing intermediate container cb00d5b78bff
Step 22/22 : LABEL org.mobyproject.config '{"capabilities":["all"],"binds":["/lib/modules:/lib/modules","/dev:/dev","/etc/resolv.conf:/etc/resolv.conf","/run:/run","/var/config:/config","/var/log:/var/log/dom0","/:/hostfs"],"net":"host","pid":"host"}' org.mobyproject.linuxkit.revision 'unknown' org.mobyproject.linuxkit.version 'unknown' org.opencontainers.image.revision '1c6e2c47d003f9c77f37029512ad065834eedda7' org.opencontainers.image.source 'https://github.com/linuxkit/linuxkit'
 ---> Running in f1abaae7725b
 ---> 7a3a73caab9a
Removing intermediate container f1abaae7725b
Successfully built 7a3a73caab9a
Successfully tagged zededa/zedctr:4f28d9a01ca2e39f91495bdf0756a30d349c604a-arm64
Pushing zededa/zedctr:4f28d9a01ca2e39f91495bdf0756a30d349c604a-arm64
The push refers to a repository [docker.io/zededa/zedctr]
a49a0243db15: Preparing
47c3ef534862: Preparing
c2c99f72275e: Preparing
286aa7894001: Preparing
5523ecc06c42: Preparing
873b78285a20: Preparing
ee98346944d5: Preparing
400d5a602195: Preparing
43fdf09d9fa2: Preparing
f568e0722840: Preparing
524aa390a4c3: Preparing
11ef7eb92407: Preparing
873b78285a20: Waiting
ee98346944d5: Waiting
400d5a602195: Waiting
43fdf09d9fa2: Waiting
11ef7eb92407: Waiting
f568e0722840: Waiting
524aa390a4c3: Waiting
denied: requested access to the resource is denied
exit status 1
Makefile:22: recipe for target 'push' failed
make[1]: *** [push] Error 1
make[1]: Leaving directory '/home/zededa-ci/src/zenbuild/pkg'
Makefile:174: recipe for target 'pkg/zedctr' failed
make: *** [pkg/zedctr] Error 2
FINISHED
