Cloning into '/tmp/zenbuild'...
make: Entering directory '/tmp/zenbuild'
make -C build-tools all
make[1]: Entering directory '/tmp/zenbuild/build-tools'
cd src/linuxkit/vendor/github.com/linuxkit/linuxkit/src/cmd/linuxkit ;\
/usr/bin/go  build -ldflags "-X github.com/linuxkit/linuxkit/src/cmd/linuxkit/version.GitCommit=0e5f8c4fa151b5f45782afb4c85b67a50ce9ab2b" -o /tmp/zenbuild/build-tools/bin/linuxkit .
cd src/manifest-tool/vendor/github.com/estesp/manifest-tool ;\
/usr/bin/go  build -ldflags "-X main.gitCommit=0e5f8c4fa151b5f45782afb4c85b67a50ce9ab2b" -o /tmp/zenbuild/build-tools/bin/manifest-tool .
make[1]: Leaving directory '/tmp/zenbuild/build-tools'
make: Leaving directory '/tmp/zenbuild'
From github.com:zededa/lisp
 * [new tag]         0.10.0     -> 0.10.0
 * [new tag]         0.11.0     -> 0.11.0
 * [new tag]         0.11.1     -> 0.11.1
 * [new tag]         0.12.0     -> 0.12.0
 * [new tag]         0.13.0     -> 0.13.0
 * [new tag]         0.14.0     -> 0.14.0
 * [new tag]         0.15.0     -> 0.15.0
 * [new tag]         0.16.0     -> 0.16.0
 * [new tag]         0.17.0     -> 0.17.0
 * [new tag]         0.18.0     -> 0.18.0
 * [new tag]         0.4.0      -> 0.4.0
 * [new tag]         0.5.0      -> 0.5.0
 * [new tag]         0.6.0      -> 0.6.0
 * [new tag]         0.7.0      -> 0.7.0
 * [new tag]         0.8.0      -> 0.8.0
 * [new tag]         0.9.0      -> 0.9.0
 * [new tag]         1.0.0      -> 1.0.0
 * [new tag]         1.1.0      -> 1.1.0
 * [new tag]         1.2.0      -> 1.2.0
 * [new tag]         1.2.2      -> 1.2.2
 * [new tag]         1.3.0      -> 1.3.0
 * [new tag]         1.3.3      -> 1.3.3
 * [new tag]         1.4.0      -> 1.4.0
 * [new tag]         1.4.1      -> 1.4.1
 * [new tag]         1.5.0      -> 1.5.0
 * [new tag]         2.1        -> 2.1
 * [new tag]         2.1.0      -> 2.1.0
 * [new tag]         2.1.1      -> 2.1.1
--- /dev/fd/63	2019-04-09 08:01:46.124011114 +0200
+++ /dev/fd/62	2019-04-09 08:01:46.124011114 +0200
@@ -1,87 +1,29 @@
-0.1.0
-0.1.0-amd64
 0.1.0-arm64
-0.3.0
-0.3.0-amd64
 0.3.0-arm64
-0.4.0
-0.4.0-amd64
 0.4.0-arm64
-0.5.0
-0.5.0-amd64
 0.5.0-arm64
-0.6.0
-0.6.0-amd64
 0.6.0-arm64
-0.7.0
-0.7.0-amd64
 0.7.0-arm64
-0.8.0
-0.8.0-amd64
 0.8.0-arm64
-0.9.0
-0.9.0-amd64
 0.9.0-arm64
-0.10.0
-0.10.0-amd64
 0.10.0-arm64
-0.11.0
-0.11.0-amd64
 0.11.0-arm64
-0.11.1
-0.11.1-amd64
 0.11.1-arm64
-0.12.0
-0.12.0-amd64
 0.12.0-arm64
-0.13.0
-0.13.0-amd64
 0.13.0-arm64
-0.14.0
-0.14.0-amd64
 0.14.0-arm64
-0.15.0
-0.15.0-amd64
 0.15.0-arm64
-0.16.0
-0.16.0-amd64
 0.16.0-arm64
-0.17.0
-0.17.0-amd64
 0.17.0-arm64
-0.18.0
-0.18.0-amd64
 0.18.0-arm64
-1.0.0
-1.0.0-amd64
 1.0.0-arm64
-1.1.0
-1.1.0-amd64
 1.1.0-arm64
-1.2.0
-1.2.0-amd64
 1.2.0-arm64
-1.2.2
-1.2.2-amd64
 1.2.2-arm64
-1.3.0
-1.3.0-amd64
 1.3.0-arm64
-1.3.3
-1.3.3-amd64
 1.3.3-arm64
-1.4.0
-1.4.0-amd64
 1.4.0-arm64
-1.4.1
-1.4.1-amd64
 1.4.1-arm64
-1.5.0
-1.5.0-amd64
 1.5.0-arm64
-2.1.0
-2.1.0-amd64
 2.1.0-arm64
-2.1.1
-2.1.1-amd64
 2.1.1-arm64
Building the following tags:  origin/master (latest tag is 2.1.1)
HEAD is now at de0b237 Update README.md
Building and pushing "zededa/lisp:b2a8f9870d5e2d599b8e0fbb72fb3f1c0dd2870c"
b2a8f9870d5e2d599b8e0fbb72fb3f1c0dd2870c: Pulling from zededa/lisp
Digest: sha256:d59365661d2392beb4e2dd854b817336a4026f56522a7da6103120d78d86d27f
Status: Image is up to date for zededa/lisp:b2a8f9870d5e2d599b8e0fbb72fb3f1c0dd2870c
From github.com:zededa/go-provision
   6ba56aee..d9bb055a  master     -> origin/master
 * [new tag]           0.1.0      -> 0.1.0
 * [new tag]           0.10.0     -> 0.10.0
 * [new tag]           0.10.1     -> 0.10.1
 * [new tag]           0.11.0     -> 0.11.0
 * [new tag]           0.11.1     -> 0.11.1
 * [new tag]           0.12.0     -> 0.12.0
 * [new tag]           0.13.0     -> 0.13.0
 * [new tag]           0.14.0     -> 0.14.0
 * [new tag]           0.14.1     -> 0.14.1
 * [new tag]           0.15.0     -> 0.15.0
 * [new tag]           0.16.0     -> 0.16.0
 * [new tag]           0.16.1     -> 0.16.1
 * [new tag]           0.17.0     -> 0.17.0
 * [new tag]           0.18.0     -> 0.18.0
 * [new tag]           0.3.0      -> 0.3.0
 * [new tag]           0.3.1      -> 0.3.1
 * [new tag]           0.4.0      -> 0.4.0
 * [new tag]           0.5.0      -> 0.5.0
 * [new tag]           0.6.0      -> 0.6.0
 * [new tag]           0.7.0      -> 0.7.0
 * [new tag]           0.8.0      -> 0.8.0
 * [new tag]           0.8.1      -> 0.8.1
 * [new tag]           0.9.0      -> 0.9.0
 * [new tag]           0.9.1      -> 0.9.1
 * [new tag]           0.9.2      -> 0.9.2
 * [new tag]           1.0.0      -> 1.0.0
 * [new tag]           1.1.0      -> 1.1.0
 * [new tag]           1.2.0      -> 1.2.0
 * [new tag]           1.3.0      -> 1.3.0
 * [new tag]           1.3.1      -> 1.3.1
 * [new tag]           1.3.2      -> 1.3.2
 * [new tag]           1.3.3      -> 1.3.3
 * [new tag]           1.4.0      -> 1.4.0
 * [new tag]           1.4.1      -> 1.4.1
 * [new tag]           1.4.2      -> 1.4.2
 * [new tag]           1.5.0      -> 1.5.0
 * [new tag]           1.5.1      -> 1.5.1
 * [new tag]           2.1.0      -> 2.1.0
 * [new tag]           2.1.1      -> 2.1.1
 * [new tag]           2.1.3      -> 2.1.3
 * [new tag]           2.1.4      -> 2.1.4
--- /dev/fd/63	2019-04-09 08:01:54.184055298 +0200
+++ /dev/fd/62	2019-04-09 08:01:54.184055298 +0200
@@ -1,126 +1,41 @@
-0.1.0
-0.1.0-amd64
 0.1.0-arm64
-0.1.1
-0.1.1-amd64
-0.1.1-arm64
-0.3.0
-0.3.0-amd64
 0.3.0-arm64
-0.3.1
-0.3.1-amd64
 0.3.1-arm64
-0.4.0
-0.4.0-amd64
 0.4.0-arm64
-0.5.0
-0.5.0-amd64
 0.5.0-arm64
-0.6.0
-0.6.0-amd64
 0.6.0-arm64
-0.7.0
-0.7.0-amd64
 0.7.0-arm64
-0.8.0
-0.8.0-amd64
 0.8.0-arm64
-0.8.1
-0.8.1-amd64
 0.8.1-arm64
-0.9.0
-0.9.0-amd64
 0.9.0-arm64
-0.9.1
-0.9.1-amd64
 0.9.1-arm64
-0.9.2
-0.9.2-amd64
 0.9.2-arm64
-0.10.0
-0.10.0-amd64
 0.10.0-arm64
-0.10.1
-0.10.1-amd64
 0.10.1-arm64
-0.11.0
-0.11.0-amd64
 0.11.0-arm64
-0.11.1
-0.11.1-amd64
 0.11.1-arm64
-0.12.0
-0.12.0-amd64
 0.12.0-arm64
-0.13.0
-0.13.0-amd64
 0.13.0-arm64
-0.14.0
-0.14.0-amd64
 0.14.0-arm64
-0.14.1
-0.14.1-amd64
 0.14.1-arm64
-0.15.0
-0.15.0-amd64
 0.15.0-arm64
-0.16.0
-0.16.0-amd64
 0.16.0-arm64
-0.16.1
-0.16.1-amd64
 0.16.1-arm64
-0.17.0
-0.17.0-amd64
 0.17.0-arm64
-0.18.0
-0.18.0-amd64
 0.18.0-arm64
-1.0.0
-1.0.0-amd64
 1.0.0-arm64
-1.1.0
-1.1.0-amd64
 1.1.0-arm64
-1.2.0
-1.2.0-amd64
 1.2.0-arm64
-1.3.0
-1.3.0-amd64
 1.3.0-arm64
-1.3.1
-1.3.1-amd64
 1.3.1-arm64
-1.3.2
-1.3.2-amd64
 1.3.2-arm64
-1.3.3
-1.3.3-amd64
 1.3.3-arm64
-1.4.0
-1.4.0-amd64
 1.4.0-arm64
-1.4.1
-1.4.1-amd64
 1.4.1-arm64
-1.4.2
-1.4.2-amd64
 1.4.2-arm64
-1.5.0
-1.5.0-amd64
 1.5.0-arm64
-1.5.1
-1.5.1-amd64
 1.5.1-arm64
-2.1.0
-2.1.0-amd64
 2.1.0-arm64
-2.1.1
-2.1.1-amd64
 2.1.1-arm64
-2.1.3
-2.1.3-amd64
 2.1.3-arm64
-2.1.4
-2.1.4-amd64
 2.1.4-arm64
Building the following tags:  origin/master (latest tag is 2.1.4)
HEAD is now at d9bb055a Moving source a tiny bit around in preparation for open source
Building and pushing "zededa/ztools:00d52dcb8808d096a8decf7593cb86cc3f5bce26"
00d52dcb8808d096a8decf7593cb86cc3f5bce26: Pulling from zededa/ztools
no matching manifest for linux/arm64 in the manifest list entries
No image pulled, continuing with build
Sending build context to Docker daemon  75.28MB
Step 1/30 : FROM golang:1.9.1-alpine AS build
 ---> cc52d0ad4cce
Step 2/30 : RUN apk update
 ---> Using cache
 ---> a112fe57102d
Step 3/30 : RUN apk add --no-cache git gcc linux-headers libc-dev util-linux
 ---> Using cache
 ---> 405c5f4d1731
Step 4/30 : ENV CGO_ENABLED 1
 ---> Using cache
 ---> e6e43bfe6c30
Step 5/30 : ARG GOARCH=
 ---> Using cache
 ---> d244c159097f
Step 6/30 : ARG CROSS_GCC=https://musl.cc/aarch64-linux-musleabi-cross.tgz
 ---> Using cache
 ---> 0bc471d88e04
Step 7/30 : RUN [ -z "$GOARCH" ] || (cd / ; apk add --no-cache wget && wget -O - $CROSS_GCC | tar xzvf -)
 ---> Using cache
 ---> a3f52f897b28
Step 8/30 : ADD ./ /go/src/github.com/zededa/go-provision/
 ---> cdd44477c5f7
Step 9/30 : ADD conf/root-certificate.pem conf/server conf/server.production /config/
 ---> 050da29b6c81
Step 10/30 : ADD scripts/device-steps.sh scripts/find-uplink.sh scripts/generate-device.sh scripts/generate-self-signed.sh scripts/handlezedserverconfig.sh scripts/watchdog-report.sh /opt/zededa/bin/
 ---> 2e4874cb1169
Step 11/30 : ADD examples /opt/zededa/examples
 ---> b1d0fa0bb8ac
Step 12/30 : ADD conf/AssignableAdapters /var/tmp/zededa/AssignableAdapters
 ---> 0fd6c9fe3ed7
Step 13/30 : ADD conf/DeviceNetworkConfig /var/tmp/zededa/DeviceNetworkConfig
 ---> 67974754ea77
Step 14/30 : ADD conf/lisp.config.base /var/tmp/zededa/lisp.config.base
 ---> f847e97a6093
Step 15/30 : RUN (cd ./src/github.com/zededa/go-provision/; scripts/getversion.sh >/opt/zededa/bin/versioninfo)
 ---> Running in e811b6503d75
 ---> e9382528ad52
Removing intermediate container e811b6503d75
Step 16/30 : RUN cp /opt/zededa/bin/versioninfo /opt/zededa/bin/versioninfo.1
 ---> Running in 9cafb2197375
 ---> 15bf17bcadd6
Removing intermediate container 9cafb2197375
Step 17/30 : RUN echo Building: `cat /opt/zededa/bin/versioninfo`
 ---> Running in de989bf1ebdd
Building: 20180314-test--d9bb055a-2019-04-09.06.03
 ---> de83711c2fb3
Removing intermediate container de989bf1ebdd
Step 18/30 : RUN [ -z "$GOARCH" ] || export CC=$(echo /*-cross/bin/*-gcc)           ;    go install github.com/zededa/go-provision/zedbox/... &&     echo "Running go vet" && go vet ./... &&     if [ -f /go/bin/*/zedbox ] ; then mv /go/bin/*/zedbox /go/bin ; fi
 ---> Running in 5208e1e7086b
Running go vet
 ---> 447d17e3ee43
Removing intermediate container 5208e1e7086b
Step 19/30 : RUN ln -s /go/bin/zedbox /opt/zededa/bin/zedbox ;    for app in         client domainmgr downloader hardwaremodel identitymgr ledmanager       logmanager verifier zedagent zedmanager zedrouter ipcmonitor nim       waitforaddr diag baseosmgr wstunnelclient conntrack;    do ln -s zedbox /opt/zededa/bin/$app ; done
 ---> Running in 25e8e77d6e9d
 ---> dc52a7ad2e2a
Removing intermediate container 25e8e77d6e9d
Step 20/30 : FROM scratch
 ---> 
Step 21/30 : COPY --from=build /opt/zededa/bin /opt/zededa/bin
 ---> 55cb4b0c1f9d
Step 22/30 : COPY --from=build /opt/zededa/examples /opt/zededa/examples
 ---> 8c0712dd1885
Step 23/30 : COPY --from=build /var/tmp/zededa/AssignableAdapters /var/tmp/zededa/AssignableAdapters
 ---> cada1faad8f7
Step 24/30 : COPY --from=build /var/tmp/zededa/DeviceNetworkConfig /var/tmp/zededa/DeviceNetworkConfig
 ---> 433c56500822
Step 25/30 : COPY --from=build /var/tmp/zededa/lisp.config.base /var/tmp/zededa/lisp.config.base
 ---> d2bd92960814
Step 26/30 : COPY --from=build /config /opt/zededa/examples/config
 ---> 7a33254c18ab
Step 27/30 : COPY --from=build /go/bin/* /opt/zededa/bin/
 ---> 8bbb96268edf
Step 28/30 : WORKDIR /opt/zededa/bin
 ---> d1cbd1b720cd
Removing intermediate container 912fbf27c415
Step 29/30 : CMD /bin/ash
 ---> Running in 3b3269af473e
 ---> ffe9a3b8a66f
Removing intermediate container 3b3269af473e
Step 30/30 : LABEL org.mobyproject.linuxkit.revision 'unknown' org.mobyproject.linuxkit.version 'unknown' org.opencontainers.image.revision 'd9bb055a6ce7fc5b9eefdfde3461bfe312ba7a59' org.opencontainers.image.source 'https://github.com/linuxkit/linuxkit'
 ---> Running in 5f077f8fbccb
 ---> 814dfa109aef
Removing intermediate container 5f077f8fbccb
Successfully built 814dfa109aef
Successfully tagged zededa/ztools:00d52dcb8808d096a8decf7593cb86cc3f5bce26-arm64
Pushing zededa/ztools:00d52dcb8808d096a8decf7593cb86cc3f5bce26-arm64
The push refers to a repository [docker.io/zededa/ztools]
07348b068638: Preparing
39441ab21e3b: Preparing
ad067471a481: Preparing
5d96e59adc06: Preparing
b5a8128d7bda: Preparing
2324f3496fa5: Preparing
0b2d4c7c5bf3: Preparing
2324f3496fa5: Waiting
0b2d4c7c5bf3: Waiting
ad067471a481: Pushed
5d96e59adc06: Pushed
39441ab21e3b: Pushed
b5a8128d7bda: Pushed
0b2d4c7c5bf3: Pushed
2324f3496fa5: Pushed
07348b068638: Pushed
00d52dcb8808d096a8decf7593cb86cc3f5bce26-arm64: digest: sha256:621ca67c6c3c60774c6e0b9020f76c7d1f90082630f7fdc8a0fc0c67b8dde092 size: 1775
Pushing zededa/ztools:00d52dcb8808d096a8decf7593cb86cc3f5bce26-arm64 to manifest zededa/ztools:00d52dcb8808d096a8decf7593cb86cc3f5bce26
time="2019-04-09T08:05:11+02:00" level=warning msg="Couldn't find or access image reference \"zededa/ztools:00d52dcb8808d096a8decf7593cb86cc3f5bce26-s390x\". Skipping image."
Digest: sha256:91da9ae9355887d857147f70ecba888a04f779397920f4fb6e5abbc1981b4617 743
Not signing zededa/ztools:00d52dcb8808d096a8decf7593cb86cc3f5bce26
Tagging zededa/ztools:00d52dcb8808d096a8decf7593cb86cc3f5bce26-arm64 as zededa/ztools:snapshot-arm64
Pushing zededa/ztools:snapshot-arm64
The push refers to a repository [docker.io/zededa/ztools]
07348b068638: Preparing
39441ab21e3b: Preparing
ad067471a481: Preparing
5d96e59adc06: Preparing
b5a8128d7bda: Preparing
2324f3496fa5: Preparing
0b2d4c7c5bf3: Preparing
2324f3496fa5: Waiting
0b2d4c7c5bf3: Waiting
39441ab21e3b: Layer already exists
5d96e59adc06: Layer already exists
07348b068638: Layer already exists
b5a8128d7bda: Layer already exists
ad067471a481: Layer already exists
0b2d4c7c5bf3: Layer already exists
2324f3496fa5: Layer already exists
snapshot-arm64: digest: sha256:621ca67c6c3c60774c6e0b9020f76c7d1f90082630f7fdc8a0fc0c67b8dde092 size: 1775
Pushing zededa/ztools:snapshot-arm64 to manifest zededa/ztools:snapshot
time="2019-04-09T08:05:22+02:00" level=warning msg="Couldn't find or access image reference \"zededa/ztools:snapshot-s390x\". Skipping image."
Digest: sha256:91da9ae9355887d857147f70ecba888a04f779397920f4fb6e5abbc1981b4617 743
Not signing zededa/ztools:snapshot
Build, push and release of "snapshot" complete, all done.
From https://github.com/zededa/zenbuild
   3aecc06..0e5f8c4  master     -> origin/master
 * [new tag]         0.1.0      -> 0.1.0
 * [new tag]         0.1.1      -> 0.1.1
 * [new tag]         0.10.0     -> 0.10.0
 * [new tag]         0.10.1     -> 0.10.1
 * [new tag]         0.11.0     -> 0.11.0
 * [new tag]         0.11.1     -> 0.11.1
 * [new tag]         0.12.0     -> 0.12.0
 * [new tag]         0.13.0     -> 0.13.0
 * [new tag]         0.14.0     -> 0.14.0
 * [new tag]         0.14.1     -> 0.14.1
 * [new tag]         0.15.0     -> 0.15.0
 * [new tag]         0.16.0     -> 0.16.0
 * [new tag]         0.16.1     -> 0.16.1
 * [new tag]         0.17.0     -> 0.17.0
 * [new tag]         0.18.0     -> 0.18.0
 * [new tag]         0.3.0      -> 0.3.0
 * [new tag]         0.3.1      -> 0.3.1
 * [new tag]         0.4.0      -> 0.4.0
 * [new tag]         0.5.0      -> 0.5.0
 * [new tag]         0.6.0      -> 0.6.0
 * [new tag]         0.7.0      -> 0.7.0
 * [new tag]         0.8.0      -> 0.8.0
 * [new tag]         0.8.1      -> 0.8.1
 * [new tag]         0.9.0      -> 0.9.0
 * [new tag]         0.9.1      -> 0.9.1
 * [new tag]         0.9.2      -> 0.9.2
 * [new tag]         1.0.0      -> 1.0.0
 * [new tag]         1.1.0      -> 1.1.0
 * [new tag]         1.2.0      -> 1.2.0
 * [new tag]         1.3.0      -> 1.3.0
 * [new tag]         1.3.1      -> 1.3.1
 * [new tag]         1.3.2      -> 1.3.2
 * [new tag]         1.3.3      -> 1.3.3
 * [new tag]         1.4.0      -> 1.4.0
 * [new tag]         1.4.1      -> 1.4.1
 * [new tag]         1.4.2      -> 1.4.2
 * [new tag]         1.5.0      -> 1.5.0
 * [new tag]         1.5.1      -> 1.5.1
 * [new tag]         2.1.0      -> 2.1.0
 * [new tag]         2.1.1      -> 2.1.1
 * [new tag]         2.1.2      -> 2.1.2
 * [new tag]         2.1.3      -> 2.1.3
 * [new tag]         2.1.4      -> 2.1.4
--- /dev/fd/63	2019-04-09 08:05:25.655214725 +0200
+++ /dev/fd/62	2019-04-09 08:05:25.655214725 +0200
@@ -1,126 +1,43 @@
-0.1.0
-0.1.0-amd64
 0.1.0-arm64
-0.1.1
-0.1.1-amd64
 0.1.1-arm64
-0.3.0
-0.3.0-amd64
 0.3.0-arm64
-0.3.1
-0.3.1-amd64
 0.3.1-arm64
-0.4.0
-0.4.0-amd64
 0.4.0-arm64
-0.5.0
-0.5.0-amd64
 0.5.0-arm64
-0.6.0
-0.6.0-amd64
 0.6.0-arm64
-0.7.0
-0.7.0-amd64
 0.7.0-arm64
-0.8.0
-0.8.0-amd64
 0.8.0-arm64
-0.8.1
-0.8.1-amd64
 0.8.1-arm64
-0.9.0
-0.9.0-amd64
 0.9.0-arm64
-0.9.1
-0.9.1-amd64
 0.9.1-arm64
-0.9.2
-0.9.2-amd64
 0.9.2-arm64
-0.10.0
-0.10.0-amd64
 0.10.0-arm64
-0.10.1
-0.10.1-amd64
 0.10.1-arm64
-0.11.0
-0.11.0-amd64
 0.11.0-arm64
-0.11.1
-0.11.1-amd64
 0.11.1-arm64
-0.12.0
-0.12.0-amd64
 0.12.0-arm64
-0.13.0
-0.13.0-amd64
 0.13.0-arm64
-0.14.0
-0.14.0-amd64
 0.14.0-arm64
-0.14.1
-0.14.1-amd64
 0.14.1-arm64
-0.15.0
-0.15.0-amd64
 0.15.0-arm64
-0.16.0
-0.16.0-amd64
 0.16.0-arm64
-0.16.1
-0.16.1-amd64
 0.16.1-arm64
-0.17.0
-0.17.0-amd64
 0.17.0-arm64
-0.18.0
-0.18.0-amd64
 0.18.0-arm64
-1.0.0
-1.0.0-amd64
 1.0.0-arm64
-1.1.0
-1.1.0-amd64
 1.1.0-arm64
-1.2.0
-1.2.0-amd64
 1.2.0-arm64
-1.3.0
-1.3.0-amd64
 1.3.0-arm64
-1.3.1
-1.3.1-amd64
 1.3.1-arm64
-1.3.2
-1.3.2-amd64
 1.3.2-arm64
-1.3.3
-1.3.3-amd64
 1.3.3-arm64
-1.4.0
-1.4.0-amd64
 1.4.0-arm64
-1.4.1
-1.4.1-amd64
 1.4.1-arm64
-1.4.2
-1.4.2-amd64
 1.4.2-arm64
-1.5.0
-1.5.0-amd64
 1.5.0-arm64
-1.5.1
-1.5.1-amd64
 1.5.1-arm64
-2.1.0
-2.1.0-amd64
 2.1.0-arm64
-2.1.1
-2.1.1-amd64
 2.1.1-arm64
-2.1.3
-2.1.3-amd64
+2.1.2-arm64
 2.1.3-arm64
-2.1.4
-2.1.4-amd64
 2.1.4-arm64
Building the following tags: 2.1.2 origin/master (latest tag is 2.1.4)
Removing build-pkgs/zenix/Makefile
Removing build-pkgs/zenix/OVMF.fd
Removing build-pkgs/zenix/config.img
Removing build-pkgs/zenix/fallback.img
Removing build-pkgs/zenix/installer.iso
Removing build-pkgs/zenix/installer.raw
Removing build-pkgs/zenix/installer.yml
Removing build-pkgs/zenix/rootfs.img
Removing build-pkgs/zenix/rootfs.yml
Removing build-tools/bin/linuxkit
Removing build-tools/bin/manifest-tool
Removing dist/
Removing images/installer.yml
Removing images/rootfs.yml
Removing pkg/mkconf/Dockerfile
Removing pkg/qrexec-dom0/Dockerfile
Removing pkg/qrexec-lib/Dockerfile
Removing pkg/zedctr/Dockerfile
HEAD is now at fb1f9ad Changing default server to prod
Error response from daemon: manifest for zededa/ztools:2.1.2-arm64 not found
WARNING: couldn't fetch the latest zededa/ztools:2.1.2-arm64 - may be using stale cache
Error response from daemon: manifest for zededa/lisp:2.1.2-arm64 not found
WARNING: couldn't fetch the latest zededa/lisp:2.1.2-arm64 - may be using stale cache
Error response from daemon: manifest for zededa/ztools:2.1.2-arm64 not found
WARNING: couldn't fetch the latest zededa/ztools:2.1.2-arm64 - may be using stale cache
Error response from daemon: manifest for zededa/lisp:2.1.2-arm64 not found
WARNING: couldn't fetch the latest zededa/lisp:2.1.2-arm64 - may be using stale cache
make -C build-tools all
make[1]: Entering directory '/home/zededa-ci/src/zenbuild/build-tools'
cd src/linuxkit/vendor/github.com/linuxkit/linuxkit/src/cmd/linuxkit ;\
/usr/bin/go  build -ldflags "-X github.com/linuxkit/linuxkit/src/cmd/linuxkit/version.GitCommit=fb1f9ad71980df3698358d13825745f5e02939ec" -o /home/zededa-ci/src/zenbuild/build-tools/bin/linuxkit .
cd src/manifest-tool/vendor/github.com/estesp/manifest-tool ;\
/usr/bin/go  build -ldflags "-X main.gitCommit=fb1f9ad71980df3698358d13825745f5e02939ec" -o /home/zededa-ci/src/zenbuild/build-tools/bin/manifest-tool .
make[1]: Leaving directory '/home/zededa-ci/src/zenbuild/build-tools'
make -C build-pkgs LINUXKIT_HASH="--hash 2.1.2  " push
make[1]: Entering directory '/home/zededa-ci/src/zenbuild/build-pkgs'
Building and pushing "zededa/build-pkgs_abuild:2.1.2"
2.1.2: Pulling from zededa/build-pkgs_abuild
Digest: sha256:056fcbe61a2a8c0590a467d397fa974429d4584a2930e7e1e7c21e6fd4587f44
Status: Image is up to date for zededa/build-pkgs_abuild:2.1.2
Building and pushing "zededa/build-pkgs_uefi:2.1.2"
2.1.2: Pulling from zededa/build-pkgs_uefi
Digest: sha256:028192b0b60eeb7932300a189a4060c180697858ee35f0f0423582578457afd9
Status: Image is up to date for zededa/build-pkgs_uefi:2.1.2
make[1]: Leaving directory '/home/zededa-ci/src/zenbuild/build-pkgs'
make -C pkg LINUXKIT_HASH="--hash 2.1.2  " push
make[1]: Entering directory '/home/zededa-ci/src/zenbuild/pkg'
(cd ..; ./parse-pkgs.sh pkg/qrexec-lib/Dockerfile.in > pkg/qrexec-lib/Dockerfile)
Error response from daemon: manifest for zededa/ztools:2.1.2-arm64 not found
WARNING: couldn't fetch the latest zededa/ztools:2.1.2-arm64 - may be using stale cache
Error response from daemon: manifest for zededa/lisp:2.1.2-arm64 not found
WARNING: couldn't fetch the latest zededa/lisp:2.1.2-arm64 - may be using stale cache
(cd ..; ./parse-pkgs.sh pkg/qrexec-dom0/Dockerfile.in > pkg/qrexec-dom0/Dockerfile)
Error response from daemon: manifest for zededa/ztools:2.1.2-arm64 not found
WARNING: couldn't fetch the latest zededa/ztools:2.1.2-arm64 - may be using stale cache
Error response from daemon: manifest for zededa/lisp:2.1.2-arm64 not found
WARNING: couldn't fetch the latest zededa/lisp:2.1.2-arm64 - may be using stale cache
(cd ..; ./parse-pkgs.sh pkg/mkconf/Dockerfile.in > pkg/mkconf/Dockerfile)
Error response from daemon: manifest for zededa/ztools:2.1.2-arm64 not found
WARNING: couldn't fetch the latest zededa/ztools:2.1.2-arm64 - may be using stale cache
Error response from daemon: manifest for zededa/lisp:2.1.2-arm64 not found
WARNING: couldn't fetch the latest zededa/lisp:2.1.2-arm64 - may be using stale cache
Building and pushing "zededa/grub:2.1.2"
2.1.2: Pulling from zededa/grub
Digest: sha256:b8428be0527f3fe8e8f08a4193feddfe764cc14e5418d19348a26de0df24c3c2
Status: Image is up to date for zededa/grub:2.1.2
Building and pushing "zededa/xen:2.1.2"
2.1.2: Pulling from zededa/xen
Digest: sha256:fee5ade87844662db397e9f8bec2803275a5e74fb0cfd50506ef6bf91e856b9e
Status: Image is up to date for zededa/xen:2.1.2
Building and pushing "zededa/kernel:2.1.2"
2.1.2: Pulling from zededa/kernel
Digest: sha256:9033dd0ac2da1f9b860c0e125d28235e3bc4170e88fab542c9dcba29c8a04c74
Status: Image is up to date for zededa/kernel:2.1.2
Building and pushing "zededa/fw:2.1.2"
2.1.2: Pulling from zededa/fw
Digest: sha256:7e1a88e3676aa590ae4234438c87aea5bcb6b400194b77714d72de0a77028bee
Status: Image is up to date for zededa/fw:2.1.2
Building and pushing "zededa/xen-tools:2.1.2"
2.1.2: Pulling from zededa/xen-tools
Digest: sha256:5a8def9f8c71e5dc9fd61bac543cdae3e0a39e1d3ac0a5e1c7de0d82c6fda775
Status: Image is up to date for zededa/xen-tools:2.1.2
Building and pushing "zededa/dnsmasq:2.1.2"
2.1.2: Pulling from zededa/dnsmasq
Digest: sha256:e047216be05882f94d139dffedc57d840eae66c4a603c6076e85896bf32d8cc5
Status: Image is up to date for zededa/dnsmasq:2.1.2
Building and pushing "zededa/strongswan:2.1.2"
2.1.2: Pulling from zededa/strongswan
Digest: sha256:59b48624befe9b18e7a2f0482bc9deddfa10468e3d822bba976160cb49d56e35
Status: Image is up to date for zededa/strongswan:2.1.2
Building and pushing "zededa/gpt-tools:2.1.2"
2.1.2: Pulling from zededa/gpt-tools
Digest: sha256:de16a2d67feb7dd8564b8add9ea60bcd7d82a84bee3bb39be2d6c04f5cc7071f
Status: Image is up to date for zededa/gpt-tools:2.1.2
Building and pushing "zededa/dom0-ztools:2.1.2"
2.1.2: Pulling from zededa/dom0-ztools
Digest: sha256:88ac0d4ccb5d09b9a83a4911a6a7aba610fa7171eb532128fee20f465d8eb534
Status: Image is up to date for zededa/dom0-ztools:2.1.2
Building and pushing "zededa/qrexec-lib:2.1.2"
2.1.2: Pulling from zededa/qrexec-lib
Digest: sha256:79decdfe0154050783786bc48e72c81a1aa64ad376f87b992cd049d97cc6ecc0
Status: Image is up to date for zededa/qrexec-lib:2.1.2
Building and pushing "zededa/qrexec-dom0:2.1.2"
2.1.2: Pulling from zededa/qrexec-dom0
Digest: sha256:769fdc66d21aa88c459765b50dd1de14ca37c900cf096e5ac60559bcdf566201
Status: Image is up to date for zededa/qrexec-dom0:2.1.2
Building and pushing "zededa/wwan:2.1.2"
2.1.2: Pulling from zededa/wwan
Digest: sha256:218cfa7a49435e7664293c3003583dd001b67c8bbb77b0ce28d4b5c591796eb3
Status: Image is up to date for zededa/wwan:2.1.2
Building and pushing "zededa/wlan:2.1.2"
2.1.2: Pulling from zededa/wlan
Digest: sha256:8757be36ddc552cf6281a3d42656d8f63b0e55ee7e51fcb53b7e2982385e8367
Status: Image is up to date for zededa/wlan:2.1.2
Building and pushing "zededa/rngd:2.1.2"
2.1.2: Pulling from zededa/rngd
Digest: sha256:38049daa5dbc1bcae1dceb8148814eb9bb2823d8746bbff19cb38d18c26cb3f7
Status: Image is up to date for zededa/rngd:2.1.2
Building and pushing "zededa/watchdog:2.1.2"
2.1.2: Pulling from zededa/watchdog
Digest: sha256:484fa64a1a44fd2c1370229862d30acefb5dc5fe6a959c7df21940a0c51f8a34
Status: Image is up to date for zededa/watchdog:2.1.2
Building and pushing "zededa/guacd:2.1.2"
2.1.2: Pulling from zededa/guacd
Digest: sha256:d07c2b73e30cd871db1cae1099feaa65a8a6258bd844e28849961e6f5109da3c
Status: Image is up to date for zededa/guacd:2.1.2
Building and pushing "zededa/device-trees:2.1.2"
2.1.2: Pulling from zededa/device-trees
Digest: sha256:f8a83a0d7041153ce3d6489266b7cb5754c2fb755819e318d031894c98d5622a
Status: Image is up to date for zededa/device-trees:2.1.2
Building and pushing "zededa/debug:2.1.2"
2.1.2: Pulling from zededa/debug
Digest: sha256:c3c1e593d28a76218e776e572e20f90d68fd0a5f67c8a6e32282b3387747b7fe
Status: Image is up to date for zededa/debug:2.1.2
Building and pushing "zededa/conf:2.1.2"
Error response from daemon: manifest for zededa/conf:2.1.2 not found
No image pulled, continuing with build
Sending build context to Docker daemon   5.12kB
Step 1/8 : FROM zededa/ztools:2.1.2-arm64 as zededa
manifest for zededa/ztools:2.1.2-arm64 not found
exit status 1
Makefile:21: recipe for target 'push' failed
make[1]: *** [push] Error 1
make[1]: Leaving directory '/home/zededa-ci/src/zenbuild/pkg'
Makefile:61: recipe for target 'pkgs' failed
make: *** [pkgs] Error 2
Removing build-tools/bin/linuxkit
Removing build-tools/bin/manifest-tool
Removing pkg/mkconf/Dockerfile
Removing pkg/qrexec-dom0/Dockerfile
Removing pkg/qrexec-lib/Dockerfile
HEAD is now at 0e5f8c4 Move scripts and tools to tools/ dir
make -C build-tools all
make[1]: Entering directory '/home/zededa-ci/src/zenbuild/build-tools'
cd src/linuxkit/vendor/github.com/linuxkit/linuxkit/src/cmd/linuxkit ;\
/usr/bin/go  build -ldflags "-X github.com/linuxkit/linuxkit/src/cmd/linuxkit/version.GitCommit=0e5f8c4fa151b5f45782afb4c85b67a50ce9ab2b" -o /home/zededa-ci/src/zenbuild/build-tools/bin/linuxkit .
cd src/manifest-tool/vendor/github.com/estesp/manifest-tool ;\
/usr/bin/go  build -ldflags "-X main.gitCommit=0e5f8c4fa151b5f45782afb4c85b67a50ce9ab2b" -o /home/zededa-ci/src/zenbuild/build-tools/bin/manifest-tool .
make[1]: Leaving directory '/home/zededa-ci/src/zenbuild/build-tools'
make -C build-pkgs LINUXKIT_HASH="  --release snapshot" push
make[1]: Entering directory '/home/zededa-ci/src/zenbuild/build-pkgs'
Building and pushing "zededa/build-pkgs_abuild:7ae4d9f9fa290963de466d5ed96d6c9318354824"
7ae4d9f9fa290963de466d5ed96d6c9318354824: Pulling from zededa/build-pkgs_abuild
Digest: sha256:1a11eee631ec5ff068f207ae6bcd87d5d4a48a062308b46988cda10abdd15c86
Status: Image is up to date for zededa/build-pkgs_abuild:7ae4d9f9fa290963de466d5ed96d6c9318354824
Building and pushing "zededa/build-pkgs_uefi:a3362428c518fb4db1a136a961bd17e8a66fb693"
a3362428c518fb4db1a136a961bd17e8a66fb693: Pulling from zededa/build-pkgs_uefi
Digest: sha256:40b3cfec230b69210428c2b9db0d96985b2f107d18b0a62b28736e3e04b15f44
Status: Image is up to date for zededa/build-pkgs_uefi:a3362428c518fb4db1a136a961bd17e8a66fb693
make[1]: Leaving directory '/home/zededa-ci/src/zenbuild/build-pkgs'
make -C pkg LINUXKIT_HASH="  --release snapshot" push
make[1]: Entering directory '/home/zededa-ci/src/zenbuild/pkg'
(cd ..; ./tools/parse-pkgs.sh pkg/qrexec-lib/Dockerfile.in > pkg/qrexec-lib/Dockerfile)
(cd ..; ./tools/parse-pkgs.sh pkg/qrexec-dom0/Dockerfile.in > pkg/qrexec-dom0/Dockerfile)
(cd ..; ./tools/parse-pkgs.sh pkg/mkconf/Dockerfile.in > pkg/mkconf/Dockerfile)
Building and pushing "zededa/grub:97e7b1404e7c9d141eddb58294fcff019f61571b"
97e7b1404e7c9d141eddb58294fcff019f61571b: Pulling from zededa/grub
Digest: sha256:5e43a4e7bb105de4dafe6ca1b86e978544597f44e95be1faa8d97c0a25aa89b1
Status: Image is up to date for zededa/grub:97e7b1404e7c9d141eddb58294fcff019f61571b
Building and pushing "zededa/xen:f51bf3d17fad15b71242befbddec96e177132a99"
f51bf3d17fad15b71242befbddec96e177132a99: Pulling from zededa/xen
Digest: sha256:72ff3c98dafff206e4b77c51f05eb768ae4e42032c31f5755c6ebec33aa571ab
Status: Image is up to date for zededa/xen:f51bf3d17fad15b71242befbddec96e177132a99
Building and pushing "zededa/kernel:7cfa13614bb99a84030db209b6c9a0696c7d3315"
7cfa13614bb99a84030db209b6c9a0696c7d3315: Pulling from zededa/kernel
Digest: sha256:0e681b1a20b981282191d707ae01019ef41dd7b01697271e34885b572239894b
Status: Image is up to date for zededa/kernel:7cfa13614bb99a84030db209b6c9a0696c7d3315
Building and pushing "zededa/fw:1d8c22ae31c42d767ba648b186db4ea967a9c569"
1d8c22ae31c42d767ba648b186db4ea967a9c569: Pulling from zededa/fw
Digest: sha256:c95ae74a720a42dc91dce6b5d225bf1758bef24b327e21f18c9dd184713d43e3
Status: Image is up to date for zededa/fw:1d8c22ae31c42d767ba648b186db4ea967a9c569
Building and pushing "zededa/xen-tools:9c96b441d083d7ef7bcb602bf009fa91bd7ebbf2"
9c96b441d083d7ef7bcb602bf009fa91bd7ebbf2: Pulling from zededa/xen-tools
Digest: sha256:897606c52b7cb91fa393ca30dae8f7c4cd8ce9fc26e5251e784a0af2fe9685c2
Status: Image is up to date for zededa/xen-tools:9c96b441d083d7ef7bcb602bf009fa91bd7ebbf2
Building and pushing "zededa/dnsmasq:c5985cdd83998d06255fe115d230a280c6928f1b"
c5985cdd83998d06255fe115d230a280c6928f1b: Pulling from zededa/dnsmasq
Digest: sha256:12240a65c524eaf5def9bd3598e771336e9350c249abc1ff6a06cb8e57f56832
Status: Image is up to date for zededa/dnsmasq:c5985cdd83998d06255fe115d230a280c6928f1b
Building and pushing "zededa/strongswan:8f5ee3b98aa3ea49a9a4231baac9be933d6155ec"
8f5ee3b98aa3ea49a9a4231baac9be933d6155ec: Pulling from zededa/strongswan
Digest: sha256:369e5f5de5fe189d5c1942f797b217fdc48b6e4161a70df5efce2d252135c978
Status: Image is up to date for zededa/strongswan:8f5ee3b98aa3ea49a9a4231baac9be933d6155ec
Building and pushing "zededa/gpt-tools:fe878611e4e032ea10946cbc9a1c3d5b22349dc4"
fe878611e4e032ea10946cbc9a1c3d5b22349dc4: Pulling from zededa/gpt-tools
Digest: sha256:4c3e178a2b6881c98c7398fbdb003caf5b5db0ef6e6904c1d6204e336eeed5cc
Status: Image is up to date for zededa/gpt-tools:fe878611e4e032ea10946cbc9a1c3d5b22349dc4
Building and pushing "zededa/dom0-ztools:b53cd1b5785c128371a5997e3a6e16007718c12d"
b53cd1b5785c128371a5997e3a6e16007718c12d: Pulling from zededa/dom0-ztools
Digest: sha256:65037565a2b30850b6368825b9d1e7af47a89c812eb1a910b8c93da828736473
Status: Image is up to date for zededa/dom0-ztools:b53cd1b5785c128371a5997e3a6e16007718c12d
Building and pushing "zededa/qrexec-lib:2e0df0df95f86df6953d7d2e7729213b77fd7206"
2e0df0df95f86df6953d7d2e7729213b77fd7206: Pulling from zededa/qrexec-lib
Digest: sha256:15aa3ca4fef43b0918e92eed910279f368e8c3fd52faabb50fc688f555b35700
Status: Image is up to date for zededa/qrexec-lib:2e0df0df95f86df6953d7d2e7729213b77fd7206
Building and pushing "zededa/qrexec-dom0:2c3cf9b135409690eaa86092c41f7c800d398468"
2c3cf9b135409690eaa86092c41f7c800d398468: Pulling from zededa/qrexec-dom0
Digest: sha256:8595ea8ced1b220d3afb52b7804c31e7a0a26779638d9f7e737dfb924569e479
Status: Image is up to date for zededa/qrexec-dom0:2c3cf9b135409690eaa86092c41f7c800d398468
Building and pushing "zededa/wwan:5f68442251df0f2625fde14e947f11de2374b72d"
5f68442251df0f2625fde14e947f11de2374b72d: Pulling from zededa/wwan
Digest: sha256:9a80f2fdbc39ee1282fa18cd476b601ef6826c31b5edcb09bb4eba674e9f80d1
Status: Image is up to date for zededa/wwan:5f68442251df0f2625fde14e947f11de2374b72d
Building and pushing "zededa/wlan:8aa66e76c276b97d1141801d3f461e2b3f8f8f97"
8aa66e76c276b97d1141801d3f461e2b3f8f8f97: Pulling from zededa/wlan
Digest: sha256:eb614df60aa8c847ea9f7a89848b0199f4852dbda8a9c07841607fdd7cb16d6c
Status: Image is up to date for zededa/wlan:8aa66e76c276b97d1141801d3f461e2b3f8f8f97
Building and pushing "zededa/rngd:5adb10a552c07513159777bd022ac58e23d59272"
5adb10a552c07513159777bd022ac58e23d59272: Pulling from zededa/rngd
Digest: sha256:936bf272bcf06dc1f25cbb81a7cb8b439bb356df86a399456b61a65cc92ef254
Status: Image is up to date for zededa/rngd:5adb10a552c07513159777bd022ac58e23d59272
Building and pushing "zededa/watchdog:2aea3af274e4928d2eab2b738d0e100ee5362173"
2aea3af274e4928d2eab2b738d0e100ee5362173: Pulling from zededa/watchdog
Digest: sha256:3beef59348def169640889b43bfebf7fa22b7b095dc4168abee3a5a88b5dc559
Status: Image is up to date for zededa/watchdog:2aea3af274e4928d2eab2b738d0e100ee5362173
Building and pushing "zededa/guacd:85a2add30bae37777d3d4f3f17a528fe8db88e96"
85a2add30bae37777d3d4f3f17a528fe8db88e96: Pulling from zededa/guacd
Digest: sha256:47376275e56439a0836f1765511f19768651b2a095be6da54fdfd0b2b7b6ce24
Status: Image is up to date for zededa/guacd:85a2add30bae37777d3d4f3f17a528fe8db88e96
Building and pushing "zededa/device-trees:18377dd0bc3c33a1602e94a4c43aa0b3c51badb9"
18377dd0bc3c33a1602e94a4c43aa0b3c51badb9: Pulling from zededa/device-trees
Digest: sha256:61bb1d6398633d24618b7f788432b81137e619b29eb1c6e2f762c53357f10d66
Status: Image is up to date for zededa/device-trees:18377dd0bc3c33a1602e94a4c43aa0b3c51badb9
Building and pushing "zededa/debug:3aeeaf4e04f450283d49220eb7e82262b4531687"
3aeeaf4e04f450283d49220eb7e82262b4531687: Pulling from zededa/debug
Digest: sha256:81015d30d78e63cd2f1084198c92ebca85cb3214fb1eb90444fd59d3936b74a9
Status: Image is up to date for zededa/debug:3aeeaf4e04f450283d49220eb7e82262b4531687
Building and pushing "zededa/conf:e22275bd5d97d32d523595bbb41b2a21cbe509a7"
e22275bd5d97d32d523595bbb41b2a21cbe509a7: Pulling from zededa/conf
Digest: sha256:bdea79263dde5375b38ea0616330d8c422f11c6a13b4b725dfe497482e788544
Status: Image is up to date for zededa/conf:e22275bd5d97d32d523595bbb41b2a21cbe509a7
Building and pushing "zededa/mkrootfs-ext4:5f77cd6a2b87a3a9927593763da1941dbed1ce80"
5f77cd6a2b87a3a9927593763da1941dbed1ce80: Pulling from zededa/mkrootfs-ext4
Digest: sha256:dedb371f7dc9af3f9472d9f4c0c4dd75771a34bb940085b75c3e1d42a7108467
Status: Image is up to date for zededa/mkrootfs-ext4:5f77cd6a2b87a3a9927593763da1941dbed1ce80
Building and pushing "zededa/mkrootfs-squash:b47d705603f5f0d3765b03cf583e1a7fd287f212"
b47d705603f5f0d3765b03cf583e1a7fd287f212: Pulling from zededa/mkrootfs-squash
Digest: sha256:69fe871728593b96cd07c9803cfafd083e0adc34e62236669052d16a955f8c8b
Status: Image is up to date for zededa/mkrootfs-squash:b47d705603f5f0d3765b03cf583e1a7fd287f212
Building and pushing "zededa/mkimage-raw-efi:9902ef2da5f2290c01c570d2c2e3a3e084e0ce57"
9902ef2da5f2290c01c570d2c2e3a3e084e0ce57: Pulling from zededa/mkimage-raw-efi
Digest: sha256:391f27d14dcc43f618c9c9fada3b9518cc30ecf9a6112b599d55bc647a1eaca6
Status: Image is up to date for zededa/mkimage-raw-efi:9902ef2da5f2290c01c570d2c2e3a3e084e0ce57
Building and pushing "zededa/mkimage-iso-efi:49a6ff8320ce088460c8acb6f36bc15b15d800e9"
49a6ff8320ce088460c8acb6f36bc15b15d800e9: Pulling from zededa/mkimage-iso-efi
Digest: sha256:6693333f49b1f7c8e7931c6580e56d05078484b0b099136b7b2aff1b3055e65e
Status: Image is up to date for zededa/mkimage-iso-efi:49a6ff8320ce088460c8acb6f36bc15b15d800e9
make[1]: Leaving directory '/home/zededa-ci/src/zenbuild/pkg'
mkdir -p dist/arm64/bios
cd dist/arm64/bios ; _() { C=`docker create $1 fake` ; docker export $C | tar -xf - $2 ; docker rm $C ; } ; _ zededa/build-pkgs_uefi:a3362428c518fb4db1a136a961bd17e8a66fb693-arm64 OVMF.fd
65e951188c8eeb083fea61721402a09971ff11f9c1a283c06b47d7e940e61127
./tools/makeconfig.sh conf dist/arm64/config.img
+ CONFIG_FILE=/config.img
+ CONFIG_SIZE_KB=1024
+ cd /conf
+ tar xf -
+ echo mtools_skip_check=1
+ dd if=/dev/zero of=/config.img bs=1024 count=1024
1024+0 records in
1024+0 records out
+ mkfs.vfat -n ZEDEDA -v /config.img 1024
mkfs.fat 4.1 (2017-01-24)
/config.img has 64 heads and 32 sectors per track,
hidden sectors 0x0000;
logical sector size is 512,
using 0xf8 media descriptor, with 2048 sectors;
drive number 0x80;
filesystem has 2 12-bit FATs and 4 sectors per cluster.
FAT size is 2 sectors, and provides 502 clusters.
There is 1 reserved sector.
Root directory contains 512 slots and uses 32 sectors.
Volume ID is 7b5e405c, volume label ZEDEDA     .
+ mcopy -i /config.img -s /conf/onboard.cert.pem /conf/onboard.key.pem /conf/root-certificate.pem /conf/server /conf/server.production /conf/wpa_supplicant.conf ::/
docker pull zededa/zedctr:423218b1ea2543888fd8e593e3f60fe75ac345fc-arm64 >/dev/null 2>&1 || : ;\
if ! docker inspect zededa/zedctr:423218b1ea2543888fd8e593e3f60fe75ac345fc-arm64 >/dev/null 2>&1 ; then \
  if [ -n "" ] ; then \
    ZENIX_HASH= DOCKER_ARCH_TAG=arm64 ./tools/parse-pkgs.sh < pkg/zedctr/Dockerfile.cross.in > pkg/zedctr/Dockerfile ;\
    PKG_HASH=`mktemp -u XXXXXXXXXX` ;\
    make -C pkg PKGS=zedctr RESCAN_DEPS="" LINUXKIT_OPTS="--disable-content-trust --force --disable-cache --hash $PKG_HASH" push ;\
    PKG_HASH=zededa/zedctr:$PKG_HASH ;\
    docker tag $PKG_HASH zededa/zedctr:423218b1ea2543888fd8e593e3f60fe75ac345fc-arm64 ;\
    docker rmi $PKG_HASH $PKG_HASH- ;\
  else \
    make -C pkg PKGS=zedctr LINUXKIT_OPTS="--disable-content-trust --force --disable-cache --hash 423218b1ea2543888fd8e593e3f60fe75ac345fc" push ;\
  fi ;\
fi
make[1]: Entering directory '/home/zededa-ci/src/zenbuild/pkg'
(cd ..; ./tools/parse-pkgs.sh pkg/zedctr//Dockerfile.in > pkg/zedctr//Dockerfile)
Building and pushing "zededa/zedctr:423218b1ea2543888fd8e593e3f60fe75ac345fc"
Sending build context to Docker daemon  22.53kB
Step 1/27 : FROM zededa/ztools@sha256:621ca67c6c3c60774c6e0b9020f76c7d1f90082630f7fdc8a0fc0c67b8dde092 as ztools
 ---> 814dfa109aef
Step 2/27 : FROM zededa/lisp@sha256:a1b8b6c3dc7dd0d41f26dc460502b176753c7b0b4feac5a3e14905de962a96c4 as lisp
 ---> 141c426d4423
Step 3/27 : FROM zededa/xen-tools:9c96b441d083d7ef7bcb602bf009fa91bd7ebbf2-arm64 as xen-tools
 ---> 194a0d29c96f
Step 4/27 : FROM zededa/dnsmasq:c5985cdd83998d06255fe115d230a280c6928f1b-arm64 as dnsmasq
 ---> 85ce87902c8e
Step 5/27 : FROM zededa/strongswan:8f5ee3b98aa3ea49a9a4231baac9be933d6155ec-arm64 as strongswan
 ---> 2e11606a1b07
Step 6/27 : FROM zededa/gpt-tools:fe878611e4e032ea10946cbc9a1c3d5b22349dc4-arm64 as gpttools
 ---> 245b06fc67fd
Step 7/27 : FROM zededa/watchdog:2aea3af274e4928d2eab2b738d0e100ee5362173-arm64 as watchdog
 ---> 2682e16114b6
Step 8/27 : FROM alpine:3.8
 ---> 0db038343fbd
Step 9/27 : RUN apk add --no-cache     yajl xz bash openssl iptables ip6tables iproute2 dhcpcd     apk-cron coreutils dmidecode sudo libbz2 libuuid ipset     libpcap libaio logrotate pixman glib curl radvd perl ethtool     openssh-server util-linux e2fsprogs libcrypto1.0 xorriso
 ---> Running in ac289af4fffd
fetch http://dl-cdn.alpinelinux.org/alpine/v3.8/main/aarch64/APKINDEX.tar.gz
fetch http://dl-cdn.alpinelinux.org/alpine/v3.8/community/aarch64/APKINDEX.tar.gz
(1/62) Installing apk-cron (1.0-r1)
(2/62) Installing ncurses-terminfo-base (6.1_p20180818-r1)
(3/62) Installing ncurses-terminfo (6.1_p20180818-r1)
(4/62) Installing ncurses-libs (6.1_p20180818-r1)
(5/62) Installing readline (7.0.003-r0)
(6/62) Installing bash (4.4.19-r1)
Executing bash-4.4.19-r1.post-install
(7/62) Installing libattr (2.4.47-r7)
(8/62) Installing libacl (2.2.52-r5)
(9/62) Installing coreutils (8.29-r2)
(10/62) Installing ca-certificates (20171114-r3)
(11/62) Installing nghttp2-libs (1.32.0-r0)
(12/62) Installing libssh2 (1.8.2-r0)
(13/62) Installing libcurl (7.61.1-r2)
(14/62) Installing curl (7.61.1-r2)
(15/62) Installing dhcpcd (7.0.7-r0)
(16/62) Installing dmidecode (3.1-r0)
(17/62) Installing libuuid (2.32-r0)
(18/62) Installing libblkid (2.32-r0)
(19/62) Installing libcom_err (1.44.2-r0)
(20/62) Installing e2fsprogs-libs (1.44.2-r0)
(21/62) Installing e2fsprogs (1.44.2-r0)
(22/62) Installing ethtool (4.16-r0)
(23/62) Installing libffi (3.2.1-r4)
(24/62) Installing libintl (0.19.8.1-r2)
(25/62) Installing libmount (2.32-r0)
(26/62) Installing pcre (8.42-r0)
(27/62) Installing glib (2.56.1-r0)
(28/62) Installing libmnl (1.0.4-r0)
(29/62) Installing jansson (2.11-r0)
(30/62) Installing libnftnl-libs (1.1.1-r0)
(31/62) Installing iptables (1.6.2-r0)
(32/62) Installing ip6tables (1.6.2-r0)
(33/62) Installing libelf (0.8.13-r3)
(34/62) Installing iproute2 (4.13.0-r0)
Executing iproute2-4.13.0-r0.post-install
(35/62) Installing ipset (6.38-r1)
(36/62) Installing libaio (0.3.111-r0)
(37/62) Installing libbz2 (1.0.6-r6)
(38/62) Installing libcrypto1.0 (1.0.2r-r0)
(39/62) Installing libpcap (1.8.1-r1)
(40/62) Installing popt (1.16-r7)
(41/62) Installing logrotate (3.14.0-r0)
(42/62) Installing openssh-keygen (7.7_p1-r4)
(43/62) Installing openssh-server-common (7.7_p1-r4)
(44/62) Installing openssh-server (7.7_p1-r4)
(45/62) Installing libssl1.0 (1.0.2r-r0)
(46/62) Installing openssl (1.0.2r-r0)
(47/62) Installing perl (5.26.3-r0)
(48/62) Installing pixman (0.34.0-r5)
(49/62) Installing radvd (2.17-r2)
Executing radvd-2.17-r2.pre-install
(50/62) Installing sudo (1.8.23-r2)
(51/62) Installing libsmartcols (2.32-r0)
(52/62) Installing findmnt (2.32-r0)
(53/62) Installing libfdisk (2.32-r0)
(54/62) Installing util-linux (2.32-r0)
(55/62) Installing libburn (1.4.8-r0)
(56/62) Installing libedit (20170329.3.1-r3)
(57/62) Installing libisofs (1.4.8-r0)
(58/62) Installing libisoburn (1.4.8-r0)
(59/62) Installing xorriso (1.4.8-r0)
(60/62) Installing xz-libs (5.2.4-r0)
(61/62) Installing xz (5.2.4-r0)
(62/62) Installing yajl (2.1.0-r0)
Executing busybox-1.28.4-r2.trigger
Executing ca-certificates-20171114-r3.trigger
Executing glib-2.56.1-r0.trigger
OK: 72 MiB in 75 packages
 ---> d240d69bc9b4
Removing intermediate container ac289af4fffd
Step 10/27 : RUN [ `uname -m` = "aarch64" ] && apk add --no-cache libfdt || :
 ---> Running in 8c5a3ecc778b
fetch http://dl-cdn.alpinelinux.org/alpine/v3.8/main/aarch64/APKINDEX.tar.gz
fetch http://dl-cdn.alpinelinux.org/alpine/v3.8/community/aarch64/APKINDEX.tar.gz
(1/1) Installing libfdt (1.4.4-r0)
OK: 72 MiB in 76 packages
 ---> 29f586116f41
Removing intermediate container 8c5a3ecc778b
Step 11/27 : RUN ln -s libpcap.so.1 /usr/lib/libpcap.so
 ---> Running in 6687b908abe0
 ---> 1a97c959855f
Removing intermediate container 6687b908abe0
Step 12/27 : RUN ssh-keygen -A ; echo PermitRootLogin yes >> /etc/ssh/sshd_config ; sed -ie '/^root/s#^.*$#root:$6$Ndt1G5AYZFQ8rz7m$7vGZMKKotSYxwxk/.jMfuOCzxw0I3DNedygaQaLF7kYSYsLqiBHhmc8RJSXp8/VxSYPpgYSz/8fkv0hO6I4js.:17477:0:::::#' /etc/shadow
 ---> Running in bb674a118d0f
ssh-keygen: generating new host keys: RSA DSA ECDSA ED25519 
 ---> d95bb928f723
Removing intermediate container bb674a118d0f
Step 13/27 : COPY --from=xen-tools / /
 ---> 58b4b7005f13
Step 14/27 : COPY --from=ztools / /
 ---> 3531256773fd
Step 15/27 : COPY --from=lisp /lisp/lisp-ztr /opt/zededa/bin/
 ---> 706b285ed90c
Step 16/27 : COPY --from=lisp /lisp /opt/zededa/lisp/
 ---> 9c8aac1a1719
Step 17/27 : COPY --from=lisp /usr/bin/pydoc /usr/bin/smtpd.py /usr/bin/python* /usr/bin/
 ---> f663718817b5
Step 18/27 : COPY --from=lisp /usr/lib/libpython* /usr/lib/libffi.so* /usr/lib/
 ---> 6b206b84f872
Step 19/27 : COPY --from=lisp /usr/lib/python2.7 /usr/lib/python2.7/
 ---> a3a0409a4c8a
Step 20/27 : COPY --from=gpttools / /
 ---> f2b13d083b30
Step 21/27 : COPY --from=dnsmasq /usr/sbin/dnsmasq /opt/zededa/bin/dnsmasq
 ---> ecfc86c8f879
Step 22/27 : COPY --from=strongswan / /
 ---> cf804312c7e0
Step 23/27 : COPY --from=watchdog /usr/sbin /usr/sbin
 ---> 13d080f88196
Step 24/27 : COPY rootfs/ /
 ---> 109b7d5a0394
Step 25/27 : RUN chmod 644 /etc/logrotate.d/zededa
 ---> Running in 9be353e36399
 ---> af8ca0ccab9e
Removing intermediate container 9be353e36399
Step 26/27 : CMD /init.sh
 ---> Running in ec3ca27d14f5
 ---> efe2fbcc289b
Removing intermediate container ec3ca27d14f5
Step 27/27 : LABEL org.mobyproject.config '{"capabilities":["all"],"binds":["/lib/modules:/lib/modules","/dev:/dev","/etc/resolv.conf:/etc/resolv.conf","/run:/run","/var/config:/config","/var/log:/var/log/dom0","/:/hostfs"],"net":"host","pid":"host"}' org.mobyproject.linuxkit.revision 'unknown' org.mobyproject.linuxkit.version 'unknown' org.opencontainers.image.revision '0e5f8c4fa151b5f45782afb4c85b67a50ce9ab2b' org.opencontainers.image.source 'https://github.com/linuxkit/linuxkit'
 ---> Running in 7fecd65f8cb0
 ---> 71f7e92a4edf
Removing intermediate container 7fecd65f8cb0
Successfully built 71f7e92a4edf
Successfully tagged zededa/zedctr:423218b1ea2543888fd8e593e3f60fe75ac345fc-arm64
Pushing zededa/zedctr:423218b1ea2543888fd8e593e3f60fe75ac345fc-arm64
The push refers to a repository [docker.io/zededa/zedctr]
c6b93c3f96dc: Preparing
6dd55a0c4a5b: Preparing
c2c99f72275e: Preparing
3a67f9bd42c2: Preparing
543b981cbc5d: Preparing
fe3625c4b586: Preparing
5469f79de591: Preparing
dd3e21c18e81: Preparing
bf9fc585d8e1: Preparing
7bcbeb3f6f68: Preparing
468a2c345dfa: Preparing
400d5a602195: Preparing
fa13c72108d8: Preparing
3686ef0773af: Preparing
6e864f36c979: Preparing
cc0f29f812e5: Preparing
82fe62b38ba2: Preparing
92d7b4d0b33c: Preparing
6e864f36c979: Waiting
400d5a602195: Waiting
cc0f29f812e5: Waiting
fa13c72108d8: Waiting
fe3625c4b586: Waiting
82fe62b38ba2: Waiting
92d7b4d0b33c: Waiting
5469f79de591: Waiting
bf9fc585d8e1: Waiting
468a2c345dfa: Waiting
dd3e21c18e81: Waiting
7bcbeb3f6f68: Waiting
c2c99f72275e: Layer already exists
543b981cbc5d: Layer already exists
c6b93c3f96dc: Layer already exists
6dd55a0c4a5b: Pushed
3a67f9bd42c2: Pushed
dd3e21c18e81: Pushed
5469f79de591: Pushed
400d5a602195: Layer already exists
7bcbeb3f6f68: Pushed
fa13c72108d8: Pushed
bf9fc585d8e1: Pushed
3686ef0773af: Pushed
6e864f36c979: Pushed
468a2c345dfa: Pushed
82fe62b38ba2: Layer already exists
92d7b4d0b33c: Layer already exists
fe3625c4b586: Pushed
cc0f29f812e5: Pushed
423218b1ea2543888fd8e593e3f60fe75ac345fc-arm64: digest: sha256:80dbac8cc9bf1392898e2bdf41c2dc64fd59c5b51c301eafbf2eba385548aa8d size: 4099
Pushing zededa/zedctr:423218b1ea2543888fd8e593e3f60fe75ac345fc-arm64 to manifest zededa/zedctr:423218b1ea2543888fd8e593e3f60fe75ac345fc
time="2019-04-09T08:14:09+02:00" level=warning msg="Couldn't find or access image reference \"zededa/zedctr:423218b1ea2543888fd8e593e3f60fe75ac345fc-amd64\". Skipping image."
time="2019-04-09T08:14:12+02:00" level=warning msg="Couldn't find or access image reference \"zededa/zedctr:423218b1ea2543888fd8e593e3f60fe75ac345fc-s390x\". Skipping image."
Digest: sha256:1e5741dc95febbbd19390985a02097ba9883dc44f37b28e3df55f90f29fdf91d 434
Not signing zededa/zedctr:423218b1ea2543888fd8e593e3f60fe75ac345fc
Build and push complete, not releasing, all done.
make[1]: Leaving directory '/home/zededa-ci/src/zenbuild/pkg'
ZENIX_HASH= DOCKER_ARCH_TAG=arm64 ./tools/parse-pkgs.sh images/installer.yml.in > images/installer.yml
ZENIX_HASH= DOCKER_ARCH_TAG=arm64 ./tools/parse-pkgs.sh images/rootfs.yml.in > images/rootfs.yml
./tools/makerootfs.sh images/rootfs.yml squash dist/arm64/rootfs.img
Extract kernel image: zededa/kernel:7cfa13614bb99a84030db209b6c9a0696c7d3315-arm64
Add init containers:
Process init image: zededa/grub:97e7b1404e7c9d141eddb58294fcff019f61571b-arm64
Process init image: zededa/device-trees:18377dd0bc3c33a1602e94a4c43aa0b3c51badb9-arm64
Process init image: zededa/fw:1d8c22ae31c42d767ba648b186db4ea967a9c569-arm64
Process init image: zededa/xen:f51bf3d17fad15b71242befbddec96e177132a99-arm64
Process init image: zededa/gpt-tools:fe878611e4e032ea10946cbc9a1c3d5b22349dc4-arm64
Process init image: zededa/dom0-ztools:b53cd1b5785c128371a5997e3a6e16007718c12d-arm64
Process init image: linuxkit/init:v0.5-arm64
Process init image: linuxkit/runc:v0.5-arm64
Process init image: linuxkit/containerd:v0.5-arm64
Process init image: linuxkit/getty:v0.5-arm64
Add onboot containers:
  Create OCI config for linuxkit/sysctl:v0.5-arm64
  Create OCI config for linuxkit/modprobe:v0.5-arm64
  Create OCI config for linuxkit/mount:v0.5-arm64
  Create OCI config for zededa/rngd:5adb10a552c07513159777bd022ac58e23d59272-arm64
Add service containers:
  Create OCI config for linuxkit/openntpd:v0.5-arm64
  Create OCI config for zededa/wwan:5f68442251df0f2625fde14e947f11de2374b72d-arm64
  Create OCI config for zededa/wlan:8aa66e76c276b97d1141801d3f461e2b3f8f8f97-arm64
  Create OCI config for zededa/guacd:85a2add30bae37777d3d4f3f17a528fe8db88e96-arm64
  Create OCI config for zededa/zedctr:423218b1ea2543888fd8e593e3f60fe75ac345fc-arm64
Add files:
  /containers/services/zededa-tools/lower/opt/zededa/bin/versioninfo
Parallel mksquashfs: Using 4 processors
Creating 4.0 filesystem on /rootfs.img, block size 131072.
[/                                                           ]     0/18168   0%[============================/                               ]  8800/18168  48%[=================================================-          ] 15300/18168  84%[===================================================|        ] 15800/18168  86%[===========================================================/] 18168/18168 100%

Exportable Squashfs 4.0 filesystem, gzip compressed, data block size 131072
	compressed data, compressed metadata, compressed fragments, compressed xattrs
	duplicates are removed
Filesystem size 210213.68 Kbytes (205.29 Mbytes)
	31.64% of uncompressed filesystem size (664457.86 Kbytes)
Inode table size 189983 bytes (185.53 Kbytes)
	26.19% of uncompressed inode table size (725539 bytes)
Directory table size 195414 bytes (190.83 Kbytes)
	45.08% of uncompressed directory table size (433476 bytes)
Number of duplicate files found 4493
Number of inodes 19179
Number of files 14079
Number of fragments 751
Number of symbolic links  3454
Number of device nodes 8
Number of fifo nodes 0
Number of socket nodes 0
Number of directories 1638
Number of ids (unique uids + gids) 3
Number of uids 1
	root (0)
Number of gids 3
	root (0)
	shadow (42)
	tty (5)
./tools/makeiso.sh images/installer.yml dist/arm64/installer.iso
Extract kernel image: zededa/kernel:7cfa13614bb99a84030db209b6c9a0696c7d3315-arm64
Add init containers:
Process init image: zededa/grub:97e7b1404e7c9d141eddb58294fcff019f61571b-arm64
Process init image: zededa/device-trees:18377dd0bc3c33a1602e94a4c43aa0b3c51badb9-arm64
Process init image: zededa/xen:f51bf3d17fad15b71242befbddec96e177132a99-arm64
Process init image: zededa/dom0-ztools:b53cd1b5785c128371a5997e3a6e16007718c12d-arm64
Process init image: linuxkit/init:v0.5-arm64
Process init image: linuxkit/runc:v0.5-arm64
Process init image: linuxkit/getty:v0.5-arm64
Add onboot containers:
  Create OCI config for zededa/rngd:5adb10a552c07513159777bd022ac58e23d59272-arm64
  Create OCI config for zededa/mkimage-raw-efi:9902ef2da5f2290c01c570d2c2e3a3e084e0ce57-arm64
Add files:
  /bits/config.img
  /bits/rootfs.img
xorriso 1.4.6 : RockRidge filesystem manipulator, libburnia project.

Drive current: -outdev 'stdio:linuxkit-efi.iso'
Media current: stdio file, overwriteable
Media status : is blank
Media summary: 0 sessions, 0 data blocks, 0 data,  657g free
Added to ISO image: directory '/'='/tmp/efi'
xorriso : UPDATE : 7732 files added in 1 seconds
xorriso : UPDATE : 7732 files added in 1 seconds
libisofs: NOTE : Cannot arrange content of data files in surely reproducible way
xorriso : UPDATE :  2.00% done
xorriso : UPDATE :  93.22% done
ISO image produced: 246814 sectors
Written to medium : 246814 sectors at LBA 0
Writing to 'stdio:linuxkit-efi.iso' completed successfully.

./tools/makerootfs.sh images/installer.yml squash dist/arm64/rootfs.img_installer.img
Extract kernel image: zededa/kernel:7cfa13614bb99a84030db209b6c9a0696c7d3315-arm64
Add init containers:
Process init image: zededa/grub:97e7b1404e7c9d141eddb58294fcff019f61571b-arm64
Process init image: zededa/device-trees:18377dd0bc3c33a1602e94a4c43aa0b3c51badb9-arm64
Process init image: zededa/xen:f51bf3d17fad15b71242befbddec96e177132a99-arm64
Process init image: zededa/dom0-ztools:b53cd1b5785c128371a5997e3a6e16007718c12d-arm64
Process init image: linuxkit/init:v0.5-arm64
Process init image: linuxkit/runc:v0.5-arm64
Process init image: linuxkit/getty:v0.5-arm64
Add onboot containers:
  Create OCI config for zededa/rngd:5adb10a552c07513159777bd022ac58e23d59272-arm64
  Create OCI config for zededa/mkimage-raw-efi:9902ef2da5f2290c01c570d2c2e3a3e084e0ce57-arm64
Add files:
  /bits/config.img
  /bits/rootfs.img
Parallel mksquashfs: Using 4 processors
Creating 4.0 filesystem on /rootfs.img, block size 131072.
[==================================|                           ] 4500/7879  57%[=========================================|                    ] 5300/7879  67%[=============================================================-] 7879/7879 100%

Exportable Squashfs 4.0 filesystem, gzip compressed, data block size 131072
	compressed data, compressed metadata, compressed fragments, compressed xattrs
	duplicates are removed
Filesystem size 302870.68 Kbytes (295.77 Mbytes)
	62.28% of uncompressed filesystem size (486317.15 Kbytes)
Inode table size 66599 bytes (65.04 Kbytes)
	26.93% of uncompressed inode table size (247286 bytes)
Directory table size 66294 bytes (64.74 Kbytes)
	45.37% of uncompressed directory table size (146130 bytes)
Number of duplicate files found 1440
Number of inodes 5690
Number of files 4389
Number of fragments 152
Number of symbolic links  914
Number of device nodes 2
Number of fifo nodes 0
Number of socket nodes 0
Number of directories 385
Number of ids (unique uids + gids) 3
Number of uids 1
	root (0)
Number of gids 3
	root (0)
	shadow (42)
	tty (5)
tar -C dist/arm64 -c rootfs.img_installer.img config.img | ./tools/makeflash.sh -C 350 dist/arm64/installer.raw "efi imga conf_win"
1+0 records in
1+0 records out
1 byte copied, 0.000158593 s, 6.3 kB/s
Unknown (or unrecongnizable) GTP partition table on /output.img
Creating new GPT entries.
Warning: The kernel is still using the old partition table.
The new table will be used at the next reboot or after you
run partprobe(8) or kpartx(8)
The operation has completed successfully.
Setting name!
partNum is 0
Warning: The kernel is still using the old partition table.
The new table will be used at the next reboot or after you
run partprobe(8) or kpartx(8)
The operation has completed successfully.
Setting name!
partNum is 1
Warning: The kernel is still using the old partition table.
The new table will be used at the next reboot or after you
run partprobe(8) or kpartx(8)
The operation has completed successfully.
Setting name!
partNum is 3
Warning: The kernel is still using the old partition table.
The new table will be used at the next reboot or after you
run partprobe(8) or kpartx(8)
The operation has completed successfully.

No problems found. 96189 free sectors (47.0 MiB) available in 2
segments, the largest of which is 94175 (46.0 MiB) in size.
rm dist/arm64/rootfs.img_installer.img
tar -C dist/arm64 -c rootfs.img config.img | ./tools/makeflash.sh -C 8192 dist/arm64/fallback.raw
1+0 records in
1+0 records out
1 byte copied, 0.000149073 s, 6.7 kB/s
Unknown (or unrecongnizable) GTP partition table on /output.img
Creating new GPT entries.
Warning: The kernel is still using the old partition table.
The new table will be used at the next reboot or after you
run partprobe(8) or kpartx(8)
The operation has completed successfully.
Setting name!
partNum is 0
Warning: The kernel is still using the old partition table.
The new table will be used at the next reboot or after you
run partprobe(8) or kpartx(8)
The operation has completed successfully.
Setting name!
partNum is 1
Warning: The kernel is still using the old partition table.
The new table will be used at the next reboot or after you
run partprobe(8) or kpartx(8)
The operation has completed successfully.
Setting name!
partNum is 2
Warning: The kernel is still using the old partition table.
The new table will be used at the next reboot or after you
run partprobe(8) or kpartx(8)
The operation has completed successfully.
Setting name!
partNum is 3
Warning: The kernel is still using the old partition table.
The new table will be used at the next reboot or after you
run partprobe(8) or kpartx(8)
The operation has completed successfully.
Setting name!
partNum is 8
Warning: The kernel is still using the old partition table.
The new table will be used at the next reboot or after you
run partprobe(8) or kpartx(8)
The operation has completed successfully.

No problems found. 2014 free sectors (1007.0 KiB) available in 1
segments, the largest of which is 2014 (1007.0 KiB) in size.
qemu-img convert -c -f raw -O qcow2 dist/arm64/fallback.raw dist/arm64/fallback.qcow2
rm dist/arm64/fallback.raw
ln -s fallback.qcow2 dist/arm64/fallback.img
cp Makefile dist/arm64/bios/OVMF.fd dist/arm64/config.img dist/arm64/installer.iso dist/arm64/installer.raw dist/arm64/rootfs.img dist/arm64/fallback.img images/rootfs.yml images/installer.yml build-pkgs/zenix
make -C build-pkgs BUILD-PKGS=zenix LINUXKIT_HASH="--hash 423218b1ea2543888fd8e593e3f60fe75ac345fc --release snapshot" push
make[1]: Entering directory '/home/zededa-ci/src/zenbuild/build-pkgs'
Building and pushing "zededa/zenix:423218b1ea2543888fd8e593e3f60fe75ac345fc"
Error response from daemon: manifest for zededa/zenix:423218b1ea2543888fd8e593e3f60fe75ac345fc not found
No image pulled, continuing with build
Sending build context to Docker daemon  1.307GB
Step 1/9 : FROM alpine:edge
 ---> a7881f1d3b63
Step 2/9 : RUN apk add --no-cache qemu-system-x86_64 qemu-system-aarch64 bash make git
 ---> Using cache
 ---> c7dd2e65d8d0
Step 3/9 : COPY . /bits/
 ---> 0f49b3716b60
Step 4/9 : COPY OVMF.fd /bits/bios/OVMF.fd
 ---> 56566e68b811
Step 5/9 : COPY runme.sh /
 ---> 1523556f681e
Step 6/9 : RUN touch /bits/bios/OVMF.fd
 ---> Running in 851d75388df3
 ---> 092dde29ec0f
Removing intermediate container 851d75388df3
Step 7/9 : WORKDIR /bits
 ---> 6b5151e5fe2f
Removing intermediate container 0e222937c043
Step 8/9 : ENTRYPOINT /runme.sh
 ---> Running in cf91ca182112
 ---> f4fd0098b66c
Removing intermediate container cf91ca182112
Step 9/9 : LABEL org.mobyproject.linuxkit.revision 'unknown' org.mobyproject.linuxkit.version 'unknown' org.opencontainers.image.revision '0e5f8c4fa151b5f45782afb4c85b67a50ce9ab2b' org.opencontainers.image.source 'https://github.com/linuxkit/linuxkit'
 ---> Running in fac72e86aac0
 ---> 28a4c6c49780
Removing intermediate container fac72e86aac0
Successfully built 28a4c6c49780
Successfully tagged zededa/zenix:423218b1ea2543888fd8e593e3f60fe75ac345fc-arm64
Pushing zededa/zenix:423218b1ea2543888fd8e593e3f60fe75ac345fc-arm64
The push refers to a repository [docker.io/zededa/zenix]
113c9ee755cd: Preparing
c96588d795bb: Preparing
fd557998aa50: Preparing
8b4899a702fd: Preparing
7ec4b1dbd042: Preparing
d4d04a8204b5: Preparing
2a2e682c36db: Preparing
d4d04a8204b5: Waiting
2a2e682c36db: Waiting
c96588d795bb: Layer already exists
d4d04a8204b5: Layer already exists
7ec4b1dbd042: Layer already exists
2a2e682c36db: Layer already exists
113c9ee755cd: Pushed
fd557998aa50: Pushed
8b4899a702fd: Pushed
423218b1ea2543888fd8e593e3f60fe75ac345fc-arm64: digest: sha256:1150e532a81a07b51093d854b824d8a5f4276d1a68f238aec97a34ebe06fb034 size: 1788
Pushing zededa/zenix:423218b1ea2543888fd8e593e3f60fe75ac345fc-arm64 to manifest zededa/zenix:423218b1ea2543888fd8e593e3f60fe75ac345fc
time="2019-04-09T08:30:14+02:00" level=warning msg="Couldn't find or access image reference \"zededa/zenix:423218b1ea2543888fd8e593e3f60fe75ac345fc-amd64\". Skipping image."
time="2019-04-09T08:30:18+02:00" level=warning msg="Couldn't find or access image reference \"zededa/zenix:423218b1ea2543888fd8e593e3f60fe75ac345fc-s390x\". Skipping image."
Digest: sha256:70818586e2acdbc389486e2b70093de11190e010e21cafcad35b3d32086a09e0 434
Not signing zededa/zenix:423218b1ea2543888fd8e593e3f60fe75ac345fc
Tagging zededa/zenix:423218b1ea2543888fd8e593e3f60fe75ac345fc-arm64 as zededa/zenix:snapshot-arm64
Pushing zededa/zenix:snapshot-arm64
The push refers to a repository [docker.io/zededa/zenix]
113c9ee755cd: Preparing
c96588d795bb: Preparing
fd557998aa50: Preparing
8b4899a702fd: Preparing
7ec4b1dbd042: Preparing
d4d04a8204b5: Preparing
2a2e682c36db: Preparing
d4d04a8204b5: Waiting
2a2e682c36db: Waiting
fd557998aa50: Layer already exists
7ec4b1dbd042: Layer already exists
113c9ee755cd: Layer already exists
c96588d795bb: Layer already exists
8b4899a702fd: Layer already exists
d4d04a8204b5: Layer already exists
2a2e682c36db: Layer already exists
snapshot-arm64: digest: sha256:1150e532a81a07b51093d854b824d8a5f4276d1a68f238aec97a34ebe06fb034 size: 1788
Pushing zededa/zenix:snapshot-arm64 to manifest zededa/zenix:snapshot
time="2019-04-09T08:30:29+02:00" level=warning msg="Couldn't find or access image reference \"zededa/zenix:snapshot-s390x\". Skipping image."
Digest: sha256:7bf4c0668067c9a9e7e0d3fd46e58d700a0279c1a3dd7b26e21364750c17932e 743
Not signing zededa/zenix:snapshot
Build, push and release of "snapshot" complete, all done.
make[1]: Leaving directory '/home/zededa-ci/src/zenbuild/build-pkgs'
FINISHED
