Already up-to-date.
make -C build-tools all
make[1]: Entering directory '/home/zededa-ci/src/zenbuild/build-tools'
make[1]: Nothing to be done for 'all'.
make[1]: Leaving directory '/home/zededa-ci/src/zenbuild/build-tools'
From github.com:zededa/go-provision
   87102ed8..438f9cd4  pciBack    -> origin/pciBack
Already up-to-date.
Already up-to-date.
Building and pushing "zededa/lisp:4bd88ce08634e61060bc7abc8d7b0c1fb25d117d"
4bd88ce08634e61060bc7abc8d7b0c1fb25d117d: Pulling from zededa/lisp
Digest: sha256:1f51ee008e3774ab395f1f2efd81d9c7af43c57134057be840aab5fc9a3cac1f
Status: Image is up to date for zededa/lisp:4bd88ce08634e61060bc7abc8d7b0c1fb25d117d
Building and pushing "zededa/lisp:latest"
Sending build context to Docker daemon  13.18MB
Step 1/20 : FROM golang:1.9.1-alpine AS go-build
 ---> cc52d0ad4cce
Step 2/20 : RUN apk update
 ---> Using cache
 ---> 621195e9370a
Step 3/20 : RUN apk add --no-cache git gcc linux-headers libc-dev libpcap-dev
 ---> Using cache
 ---> 2514c3e08706
Step 4/20 : ADD . /go/src/github.com/zededa/lisp
 ---> Using cache
 ---> 9076ada8b3fa
Step 5/20 : RUN go install github.com/zededa/lisp/cmd/...
 ---> Using cache
 ---> 71428f965b28
Step 6/20 : FROM alpine:3.8
 ---> 637f35dd3ce4
Step 7/20 : RUN apk add --no-cache curl gcc linux-headers libc-dev python python-dev libffi-dev openssl-dev libpcap-dev iproute2 tcpdump ethtool ip6tables
 ---> Using cache
 ---> af473ac2d4f5
Step 8/20 : RUN mkdir /lisp
 ---> Using cache
 ---> 7219a1bdefed
Step 9/20 : ARG LISP_URL=https://www.dropbox.com/s/ogfu5gaw550rlkq/zededa.tgz
 ---> Using cache
 ---> 335818f2a9c5
Step 10/20 : RUN cd /lisp ; curl --insecure -L $LISP_URL | gzip -dc | tar -xf -
 ---> Using cache
 ---> 93e44b0e13f9
Step 11/20 : ADD scripts/sudo /usr/bin/sudo
 ---> Using cache
 ---> 4d1d28f41f38
Step 12/20 : ADD conf scripts/RESTART-LISP scripts/RUN-LISP.rtr1 scripts/RUN-LISP scripts/STOP-LISP scripts/CONFIG-SVC scripts/RL scripts/pslisp scripts/log-packets scripts/ping-mesh.py /lisp/
 ---> Using cache
 ---> 4b096c926b0a
Step 13/20 : RUN python /lisp/get-pip.py
 ---> Using cache
 ---> 4b1dc457daef
Step 14/20 : RUN pip install -r /lisp/pip-requirements.txt
 ---> Using cache
 ---> 446d06f47c30
Step 15/20 : RUN echo 'PS1="`hostname | cut -d . -f 0` > "' >> /root/.profile
 ---> Using cache
 ---> 0c23db95f97e
Step 16/20 : COPY --from=go-build /go/bin/dataplane /lisp/lisp-ztr
 ---> Using cache
 ---> 4cfc1bace463
Step 17/20 : EXPOSE 8080
 ---> Using cache
 ---> 70924a2b5afd
Step 18/20 : WORKDIR /lisp
 ---> Using cache
 ---> 62757a2c135f
Step 19/20 : CMD ./CONFIG-SVC ; ./RL ; sleep 5 ; tail -f ./logs/*
 ---> Using cache
 ---> f846b011bfc3
Step 20/20 : LABEL org.mobyproject.linuxkit.revision 'unknown' org.mobyproject.linuxkit.version 'unknown' org.opencontainers.image.revision 'f8f2cba08166884c5b9341eb605db1d5d84f6550' org.opencontainers.image.source 'https://github.com/linuxkit/linuxkit'
 ---> Using cache
 ---> 04cd2f1dca73
Successfully built 04cd2f1dca73
Successfully tagged zededa/lisp:latest-arm64
Pushing zededa/lisp:latest-arm64
The push refers to a repository [docker.io/zededa/lisp]
60202587de00: Preparing
bec7a4831b69: Preparing
99b7cd413ed3: Preparing
a4a5c52df6b8: Preparing
5a108b9dc054: Preparing
54070777e7cf: Preparing
2a1a2f97e419: Preparing
262fdb2f7191: Preparing
dd58c41d6793: Preparing
42f65d3fc3bb: Preparing
0684225156a7: Preparing
2a1a2f97e419: Waiting
262fdb2f7191: Waiting
dd58c41d6793: Waiting
42f65d3fc3bb: Waiting
54070777e7cf: Waiting
0684225156a7: Waiting
bec7a4831b69: Layer already exists
a4a5c52df6b8: Layer already exists
5a108b9dc054: Layer already exists
60202587de00: Layer already exists
99b7cd413ed3: Layer already exists
262fdb2f7191: Layer already exists
2a1a2f97e419: Layer already exists
dd58c41d6793: Layer already exists
54070777e7cf: Layer already exists
42f65d3fc3bb: Layer already exists
0684225156a7: Layer already exists
latest-arm64: digest: sha256:932a8a25ef9cf9cfbe993fa4709adb3fd9683bd7097ad5dcf68af7abf9d4425b size: 2621
Pushing zededa/lisp:latest-arm64 to manifest zededa/lisp:latest
time="2019-01-03T08:00:25+01:00" level=warning msg="Couldn't find or access image reference \"zededa/lisp:latest-s390x\". Skipping image."
Digest: sha256:67c048a2f9c995ed01c61f7f210278666249c033da4af8237448cfe0bac4423b 743
Not signing zededa/lisp:latest
Build and push complete, not releasing, all done.
Building and pushing "zededa/ztools:e5904498136dd1c4015a13f89d5899cfd86bf2b7"
e5904498136dd1c4015a13f89d5899cfd86bf2b7: Pulling from zededa/ztools
Digest: sha256:d468d11f5c3c768f98ab600fd654a3686e523d040f5b013f5879074edd10234f
Status: Image is up to date for zededa/ztools:e5904498136dd1c4015a13f89d5899cfd86bf2b7
Building and pushing "zededa/ztools:latest"
Sending build context to Docker daemon  46.64MB
Step 1/33 : FROM golang:1.9.1-alpine AS build
 ---> cc52d0ad4cce
Step 2/33 : RUN apk update
 ---> Using cache
 ---> 621195e9370a
Step 3/33 : RUN apk add --no-cache git gcc linux-headers libc-dev util-linux
 ---> Using cache
 ---> 43fab0f90810
Step 4/33 : ADD ./ /go/src/github.com/zededa/go-provision/
 ---> a1d189d5c85e
Step 5/33 : ADD etc /config
 ---> 777b0eaebb44
Step 6/33 : ADD scripts/device-steps.sh scripts/find-uplink.sh scripts/generate-device.sh scripts/generate-self-signed.sh scripts/handlezedserverconfig.sh /opt/zededa/bin/
 ---> 87319c3f11ed
Step 7/33 : ADD examples /opt/zededa/examples
 ---> 735175602df6
Step 8/33 : ADD AssignableAdapters /var/tmp/zededa/AssignableAdapters
 ---> d0c77341251d
Step 9/33 : ADD DeviceNetworkConfig /var/tmp/zededa/DeviceNetworkConfig
 ---> 86c501c262e5
Step 10/33 : ADD lisp.config.base /var/tmp/zededa/lisp.config.base
 ---> c027d96e3c07
Step 11/33 : RUN (cd ./src/github.com/zededa/go-provision/; scripts/getversion.sh >/opt/zededa/bin/versioninfo)
 ---> Running in 7ae37be3a142
 ---> f4602cbdc44a
Removing intermediate container 7ae37be3a142
Step 12/33 : RUN cp /opt/zededa/bin/versioninfo /opt/zededa/bin/versioninfo.1
 ---> Running in 2921966f1799
 ---> 01a9db93791a
Removing intermediate container 2921966f1799
Step 13/33 : RUN echo Building: `cat /opt/zededa/bin/versioninfo`
 ---> Running in f132de4fce98
Building: 20180314-test-6a5139c2-2019-01-03.07.01
 ---> cf46a7fcf3c4
Removing intermediate container f132de4fce98
Step 14/33 : RUN go install github.com/zededa/go-provision/zedbox/...
 ---> Running in d28af932f98a
 ---> 6686d05963fe
Removing intermediate container d28af932f98a
Step 15/33 : RUN cd /opt/zededa/bin ; ln -s /go/bin/* .
 ---> Running in 946e194c9d9f
 ---> 3050963ea2d8
Removing intermediate container 946e194c9d9f
Step 16/33 : RUN cd /opt/zededa/bin ; ln -s zedbox client; ln -s zedbox domainmgr; ln -s zedbox downloader; ln -s zedbox hardwaremodel; ln -s zedbox identitymgr; ln -s zedbox ledmanager; ln -s zedbox logmanager; ln -s zedbox verifier; ln -s zedbox zedagent; ln -s zedbox zedmanager; ln -s zedbox zedrouter; ln -s zedbox ipcmonitor; ln -s zedbox nim; ln -s zedbox waitforaddr
 ---> Running in e13033583aa6
 ---> 0fc9e130458a
Removing intermediate container e13033583aa6
Step 17/33 : FROM zededa/lisp:latest AS lisp
 ---> 04cd2f1dca73
Step 18/33 : FROM scratch
 ---> 
Step 19/33 : COPY --from=build /opt/zededa/bin /opt/zededa/bin
 ---> e826a8142b8a
Step 20/33 : COPY --from=build /opt/zededa/examples /opt/zededa/examples
 ---> 9efb8637d955
Step 21/33 : COPY --from=build /var/tmp/zededa/AssignableAdapters /var/tmp/zededa/AssignableAdapters
 ---> cc9a87cca590
Step 22/33 : COPY --from=build /var/tmp/zededa/DeviceNetworkConfig /var/tmp/zededa/DeviceNetworkConfig
 ---> 6086a2ecbf72
Step 23/33 : COPY --from=build /var/tmp/zededa/lisp.config.base /var/tmp/zededa/lisp.config.base
 ---> 82c236295461
Step 24/33 : COPY --from=build /config /opt/zededa/examples/config
 ---> 33a191fecbc7
Step 25/33 : COPY --from=build /go/bin/* /opt/zededa/bin/
 ---> 0b8fad1cdc0e
Step 26/33 : COPY --from=lisp /lisp/lisp-ztr /opt/zededa/bin/
 ---> 35a0528137bf
Step 27/33 : COPY --from=lisp /lisp /opt/zededa/lisp/
 ---> 5dc3c48e93d4
Step 28/33 : COPY --from=lisp /usr/bin/pydoc /usr/bin/smtpd.py /usr/bin/python* /usr/bin/
 ---> 0ef5dab8f727
Step 29/33 : COPY --from=lisp /usr/lib/libpython* /usr/lib/libffi.so* /usr/lib/
 ---> a2f902d34c02
Step 30/33 : COPY --from=lisp /usr/lib/python2.7 /usr/lib/python2.7/
 ---> ee3accd01e06
Step 31/33 : WORKDIR /opt/zededa/bin
 ---> f38a6974d4a5
Removing intermediate container f0a102803ca0
Step 32/33 : CMD /bin/ash
 ---> Running in 241f5865f6e0
 ---> 6ce11b327170
Removing intermediate container 241f5865f6e0
Step 33/33 : LABEL org.mobyproject.linuxkit.revision 'unknown' org.mobyproject.linuxkit.version 'unknown' org.opencontainers.image.revision '6a5139c2e6d170b22b0e8f883f46a05320343eb1' org.opencontainers.image.source 'https://github.com/linuxkit/linuxkit'
 ---> Running in 40ee6dd015be
 ---> 48f136373544
Removing intermediate container 40ee6dd015be
Successfully built 48f136373544
Successfully tagged zededa/ztools:latest-arm64
Pushing zededa/ztools:latest-arm64
The push refers to a repository [docker.io/zededa/ztools]
318fc1727796: Preparing
c56c65a4f4b8: Preparing
64f348fee6a3: Preparing
0551619ce3ef: Preparing
dcd4499bed1c: Preparing
2d6c4fd8d9a7: Preparing
608062333d8d: Preparing
a95fc3b17042: Preparing
1fbc2882f6dc: Preparing
b3a7347da8a4: Preparing
50d21a35488b: Preparing
30f001e3ae98: Preparing
1fbc2882f6dc: Waiting
b3a7347da8a4: Waiting
2d6c4fd8d9a7: Waiting
608062333d8d: Waiting
a95fc3b17042: Waiting
50d21a35488b: Waiting
30f001e3ae98: Waiting
64f348fee6a3: Pushed
c56c65a4f4b8: Pushed
dcd4499bed1c: Pushed
608062333d8d: Pushed
a95fc3b17042: Pushed
0551619ce3ef: Pushed
2d6c4fd8d9a7: Pushed
1fbc2882f6dc: Pushed
b3a7347da8a4: Pushed
50d21a35488b: Pushed
30f001e3ae98: Pushed
318fc1727796: Pushed
latest-arm64: digest: sha256:72a34521235066c1eab467dcbc4c98740dafabc5b02ed7863fe85e8dd956f4fb size: 2829
Pushing zededa/ztools:latest-arm64 to manifest zededa/ztools:latest
time="2019-01-03T08:03:41+01:00" level=warning msg="Couldn't find or access image reference \"zededa/ztools:latest-s390x\". Skipping image."
Digest: sha256:8b853ecd8adf610fbf2a323e3e3ed8b8d322d37c54fa0bc671f49a2edad6c754 743
Not signing zededa/ztools:latest
Build and push complete, not releasing, all done.
make: Entering directory '/home/zededa-ci/src/zenbuild/pkg'
(cd ..; ./parse-pkgs.sh pkg/qrexec-lib/Dockerfile.in > pkg/qrexec-lib/Dockerfile)
(cd ..; ./parse-pkgs.sh pkg/qrexec-dom0/Dockerfile.in > pkg/qrexec-dom0/Dockerfile)
(cd ..; ./parse-pkgs.sh pkg/zedctr/Dockerfile.in > pkg/zedctr/Dockerfile)
(cd ..; ./parse-pkgs.sh pkg/mkconf/Dockerfile.in > pkg/mkconf/Dockerfile)
Building and pushing "zededa/grub:10f9c3a840901f1888615c1c1ac5f8ce65e55b7e"
10f9c3a840901f1888615c1c1ac5f8ce65e55b7e: Pulling from zededa/grub
Digest: sha256:a7e14a159399d0459e31d4a0ed8d9674378a1ae89741a19e369a8abfcc61ee05
Status: Image is up to date for zededa/grub:10f9c3a840901f1888615c1c1ac5f8ce65e55b7e
Building and pushing "zededa/xen:f51bf3d17fad15b71242befbddec96e177132a99"
f51bf3d17fad15b71242befbddec96e177132a99: Pulling from zededa/xen
Digest: sha256:6f8b12b6f065654018994e94a902fc9cacc79ee89f9f08e7187983c2f4d28095
Status: Image is up to date for zededa/xen:f51bf3d17fad15b71242befbddec96e177132a99
Building and pushing "zededa/kernel:7b989ae20b664c80e4f7c52a6aa7c8228f3609aa"
7b989ae20b664c80e4f7c52a6aa7c8228f3609aa: Pulling from zededa/kernel
Digest: sha256:9ec5a052f0d4e2c87ace104281436cf6efdd56d42eb3650e3c67df69e23b154b
Status: Image is up to date for zededa/kernel:7b989ae20b664c80e4f7c52a6aa7c8228f3609aa
Building and pushing "zededa/fw:298163b691690b23d5db7c11e0cd69f6f1de57c7"
298163b691690b23d5db7c11e0cd69f6f1de57c7: Pulling from zededa/fw
Digest: sha256:3a83576b1ce62cce1b5040a537067d25917fedaf4baa0d7f94c4d7052abccb2f
Status: Image is up to date for zededa/fw:298163b691690b23d5db7c11e0cd69f6f1de57c7
Building and pushing "zededa/xen-tools:9c96b441d083d7ef7bcb602bf009fa91bd7ebbf2"
9c96b441d083d7ef7bcb602bf009fa91bd7ebbf2: Pulling from zededa/xen-tools
Digest: sha256:11e8ca7fb023acb3823fee4631667bfb65612d40778b1d55d0323dd3fb9ffeff
Status: Image is up to date for zededa/xen-tools:9c96b441d083d7ef7bcb602bf009fa91bd7ebbf2
Building and pushing "zededa/dnsmasq:c5985cdd83998d06255fe115d230a280c6928f1b"
c5985cdd83998d06255fe115d230a280c6928f1b: Pulling from zededa/dnsmasq
Digest: sha256:5538226a34dced0db54c64a1de4d6d3a4a0f2c515105facf5b20e4a97abe78b2
Status: Image is up to date for zededa/dnsmasq:c5985cdd83998d06255fe115d230a280c6928f1b
Building and pushing "zededa/strongswan:8f5ee3b98aa3ea49a9a4231baac9be933d6155ec"
8f5ee3b98aa3ea49a9a4231baac9be933d6155ec: Pulling from zededa/strongswan
Digest: sha256:b183b09d233b6455bd307b588e1daf800de4ed1e69eebe6bfafc5ece8291787d
Status: Image is up to date for zededa/strongswan:8f5ee3b98aa3ea49a9a4231baac9be933d6155ec
Building and pushing "zededa/gpt-tools:fe878611e4e032ea10946cbc9a1c3d5b22349dc4"
fe878611e4e032ea10946cbc9a1c3d5b22349dc4: Pulling from zededa/gpt-tools
Digest: sha256:2778c0f1eefac80bbf63b72721820ff95db243638024ea7447634013969b7ce1
Status: Image is up to date for zededa/gpt-tools:fe878611e4e032ea10946cbc9a1c3d5b22349dc4
Building and pushing "zededa/dom0-ztools:c6d8f2123c748379add5d3dbbac23e3630131760"
c6d8f2123c748379add5d3dbbac23e3630131760: Pulling from zededa/dom0-ztools
Digest: sha256:c177a05c06b83e6438a3aee39ba3fcdfca821d2276c6e25e0ab6697184471710
Status: Image is up to date for zededa/dom0-ztools:c6d8f2123c748379add5d3dbbac23e3630131760
Building and pushing "zededa/qrexec-lib:2e0df0df95f86df6953d7d2e7729213b77fd7206"
2e0df0df95f86df6953d7d2e7729213b77fd7206: Pulling from zededa/qrexec-lib
Digest: sha256:9ed46f2a158c6f900f41ebfeb107c71657737a01964e859e5b8019826a311a8f
Status: Image is up to date for zededa/qrexec-lib:2e0df0df95f86df6953d7d2e7729213b77fd7206
Building and pushing "zededa/qrexec-dom0:2c3cf9b135409690eaa86092c41f7c800d398468"
2c3cf9b135409690eaa86092c41f7c800d398468: Pulling from zededa/qrexec-dom0
Digest: sha256:7a6a1a64f2254649c38ca1ff24ecdacc6c62cafaf322eeee9cc41ba47181fe5b
Status: Image is up to date for zededa/qrexec-dom0:2c3cf9b135409690eaa86092c41f7c800d398468
Building and pushing "zededa/wwan:5f68442251df0f2625fde14e947f11de2374b72d"
5f68442251df0f2625fde14e947f11de2374b72d: Pulling from zededa/wwan
Digest: sha256:5127447e62d55c8047c02cf82714b52168c2ebd35941c67a40ce1d55d555d85d
Status: Image is up to date for zededa/wwan:5f68442251df0f2625fde14e947f11de2374b72d
Building and pushing "zededa/wlan:8aa66e76c276b97d1141801d3f461e2b3f8f8f97"
8aa66e76c276b97d1141801d3f461e2b3f8f8f97: Pulling from zededa/wlan
Digest: sha256:4c77458c273c81d5694d5b4e21a9a203f1dba6296d670e1f6cdd5ada7f9235e6
Status: Image is up to date for zededa/wlan:8aa66e76c276b97d1141801d3f461e2b3f8f8f97
Building and pushing "zededa/watchdog:2aea3af274e4928d2eab2b738d0e100ee5362173"
2aea3af274e4928d2eab2b738d0e100ee5362173: Pulling from zededa/watchdog
Digest: sha256:1b797e00f5eab9f84d53e521bfa95f24a175674b071a25fdfce2e59dde75f805
Status: Image is up to date for zededa/watchdog:2aea3af274e4928d2eab2b738d0e100ee5362173
Building and pushing "zededa/guacd:1bdc3c8ca55db141372b1a12daf7d12c04866eed"
1bdc3c8ca55db141372b1a12daf7d12c04866eed: Pulling from zededa/guacd
Digest: sha256:52b491eb676737c52c4dfc4fd6ff1b36d564ecd9278080b17fab005d875560cf
Status: Image is up to date for zededa/guacd:1bdc3c8ca55db141372b1a12daf7d12c04866eed
Building and pushing "zededa/device-trees:1bca882c64827de08bba9aa7713441b2b4d7ca8d"
1bca882c64827de08bba9aa7713441b2b4d7ca8d: Pulling from zededa/device-trees
Digest: sha256:cbed1a5fce79eea8f55ce4e275960b1f6e0ebd6ac9d087b464e0691127dd4c20
Status: Image is up to date for zededa/device-trees:1bca882c64827de08bba9aa7713441b2b4d7ca8d
Building and pushing "zededa/debug:3aeeaf4e04f450283d49220eb7e82262b4531687"
3aeeaf4e04f450283d49220eb7e82262b4531687: Pulling from zededa/debug
Digest: sha256:acf47fcb3817dcd101001cefa6429880fa8c73f3dda208fdfdb01b7f72934591
Status: Image is up to date for zededa/debug:3aeeaf4e04f450283d49220eb7e82262b4531687
Building and pushing "zededa/zedctr:0f38bbbff95eae348a92e87e837455ad8b4cee6d"
0f38bbbff95eae348a92e87e837455ad8b4cee6d: Pulling from zededa/zedctr
Digest: sha256:df7802f238b8199968659c0967e68bafff15484d4e397cd490038aaa44efed7e
Status: Downloaded newer image for zededa/zedctr:0f38bbbff95eae348a92e87e837455ad8b4cee6d
Building and pushing "zededa/conf:5905e588128d59fe44d6c37768b101def09e73d6"
5905e588128d59fe44d6c37768b101def09e73d6: Pulling from zededa/conf
Digest: sha256:cf1f9ee6faa3591eec8b6ad242995379f0e4724a1552f78c530935f640a552d1
Status: Image is up to date for zededa/conf:5905e588128d59fe44d6c37768b101def09e73d6
Building and pushing "zededa/mkrootfs-ext4:5f77cd6a2b87a3a9927593763da1941dbed1ce80"
5f77cd6a2b87a3a9927593763da1941dbed1ce80: Pulling from zededa/mkrootfs-ext4
Digest: sha256:0883dbb96270dd622fec7433c2c8662c573955bf8c07c0c7f4a1e3ce6d73b5ba
Status: Image is up to date for zededa/mkrootfs-ext4:5f77cd6a2b87a3a9927593763da1941dbed1ce80
Building and pushing "zededa/mkrootfs-squash:b47d705603f5f0d3765b03cf583e1a7fd287f212"
b47d705603f5f0d3765b03cf583e1a7fd287f212: Pulling from zededa/mkrootfs-squash
Digest: sha256:7f807f091c04558888bd6e64767abd19597c33c1f90b4eb98e6370fc6d760660
Status: Image is up to date for zededa/mkrootfs-squash:b47d705603f5f0d3765b03cf583e1a7fd287f212
Building and pushing "zededa/mkimage-raw-efi:932773aae8f4bb3de7651b9a8a60d9cf3104fce5"
932773aae8f4bb3de7651b9a8a60d9cf3104fce5: Pulling from zededa/mkimage-raw-efi
Digest: sha256:15bcab8309c0fc9096d0962dba2645462526d06ed086a470ba8837179edd6b29
Status: Image is up to date for zededa/mkimage-raw-efi:932773aae8f4bb3de7651b9a8a60d9cf3104fce5
Building and pushing "zededa/mkimage-iso-efi:49a6ff8320ce088460c8acb6f36bc15b15d800e9"
49a6ff8320ce088460c8acb6f36bc15b15d800e9: Pulling from zededa/mkimage-iso-efi
Digest: sha256:b56338e3f6e0558461357eb72f411e2d3618fc269fc58612febd21b6d873a17e
Status: Image is up to date for zededa/mkimage-iso-efi:49a6ff8320ce088460c8acb6f36bc15b15d800e9
make: Leaving directory '/home/zededa-ci/src/zenbuild/pkg'
make: Entering directory '/home/zededa-ci/src/zenbuild/pkg'
(cd ..; ./parse-pkgs.sh pkg/zedctr//Dockerfile.in > pkg/zedctr//Dockerfile)
Building and pushing "zededa/zedctr:0f38bbbff95eae348a92e87e837455ad8b4cee6d"
Sending build context to Docker daemon  20.48kB
Step 1/21 : FROM zededa/ztools:latest as ztools
 ---> 892a5fe19cfa
Step 2/21 : FROM zededa/xen-tools:9c96b441d083d7ef7bcb602bf009fa91bd7ebbf2-arm64 as xen-tools
 ---> 194a0d29c96f
Step 3/21 : FROM zededa/dnsmasq:c5985cdd83998d06255fe115d230a280c6928f1b-arm64 as dnsmasq
 ---> 85ce87902c8e
Step 4/21 : FROM zededa/strongswan:8f5ee3b98aa3ea49a9a4231baac9be933d6155ec-arm64 as strongswan
 ---> 2e11606a1b07
Step 5/21 : FROM zededa/gpt-tools:fe878611e4e032ea10946cbc9a1c3d5b22349dc4-arm64 as gpttools
 ---> 245b06fc67fd
Step 6/21 : FROM zededa/watchdog:2aea3af274e4928d2eab2b738d0e100ee5362173-arm64 as watchdog
 ---> 2682e16114b6
Step 7/21 : FROM alpine:3.8
 ---> 637f35dd3ce4
Step 8/21 : RUN apk add --no-cache     yajl xz bash openssl iptables ip6tables iproute2 dhcpcd     apk-cron coreutils dmidecode sudo libbz2 libuuid ipset     libpcap libaio logrotate pixman glib curl radvd perl ethtool     openssh-server util-linux e2fsprogs libcrypto1.0 xorriso
 ---> Running in 2a1dec2ffd6e
fetch http://dl-cdn.alpinelinux.org/alpine/v3.8/main/aarch64/APKINDEX.tar.gz
fetch http://dl-cdn.alpinelinux.org/alpine/v3.8/community/aarch64/APKINDEX.tar.gz
(1/62) Installing apk-cron (1.0-r1)
(2/62) Installing ncurses-terminfo-base (6.1_p20180818-r1)
(3/62) Installing ncurses-terminfo (6.1_p20180818-r1)
(4/62) Installing ncurses-libs (6.1_p20180818-r1)
(5/62) Installing readline (7.0.003-r0)
(6/62) Installing bash (4.4.19-r1)
Executing bash-4.4.19-r1.post-install
(7/62) Installing libattr (2.4.47-r7)
(8/62) Installing libacl (2.2.52-r5)
(9/62) Installing coreutils (8.29-r2)
(10/62) Installing ca-certificates (20171114-r3)
(11/62) Installing nghttp2-libs (1.32.0-r0)
(12/62) Installing libssh2 (1.8.0-r3)
(13/62) Installing libcurl (7.61.1-r1)
(14/62) Installing curl (7.61.1-r1)
(15/62) Installing dhcpcd (7.0.7-r0)
(16/62) Installing dmidecode (3.1-r0)
(17/62) Installing libuuid (2.32-r0)
(18/62) Installing libblkid (2.32-r0)
(19/62) Installing libcom_err (1.44.2-r0)
(20/62) Installing e2fsprogs-libs (1.44.2-r0)
(21/62) Installing e2fsprogs (1.44.2-r0)
(22/62) Installing ethtool (4.16-r0)
(23/62) Installing libffi (3.2.1-r4)
(24/62) Installing libintl (0.19.8.1-r2)
(25/62) Installing libmount (2.32-r0)
(26/62) Installing pcre (8.42-r0)
(27/62) Installing glib (2.56.1-r0)
(28/62) Installing libmnl (1.0.4-r0)
(29/62) Installing jansson (2.11-r0)
(30/62) Installing libnftnl-libs (1.1.1-r0)
(31/62) Installing iptables (1.6.2-r0)
(32/62) Installing ip6tables (1.6.2-r0)
(33/62) Installing libelf (0.8.13-r3)
(34/62) Installing iproute2 (4.13.0-r0)
Executing iproute2-4.13.0-r0.post-install
(35/62) Installing ipset (6.38-r1)
(36/62) Installing libaio (0.3.111-r0)
(37/62) Installing libbz2 (1.0.6-r6)
(38/62) Installing libcrypto1.0 (1.0.2q-r0)
(39/62) Installing libpcap (1.8.1-r1)
(40/62) Installing popt (1.16-r7)
(41/62) Installing logrotate (3.14.0-r0)
(42/62) Installing openssh-keygen (7.7_p1-r3)
(43/62) Installing openssh-server-common (7.7_p1-r3)
(44/62) Installing openssh-server (7.7_p1-r3)
(45/62) Installing libssl1.0 (1.0.2q-r0)
(46/62) Installing openssl (1.0.2q-r0)
(47/62) Installing perl (5.26.3-r0)
(48/62) Installing pixman (0.34.0-r5)
(49/62) Installing radvd (2.17-r2)
Executing radvd-2.17-r2.pre-install
(50/62) Installing sudo (1.8.23-r2)
(51/62) Installing libsmartcols (2.32-r0)
(52/62) Installing findmnt (2.32-r0)
(53/62) Installing libfdisk (2.32-r0)
(54/62) Installing util-linux (2.32-r0)
(55/62) Installing libburn (1.4.8-r0)
(56/62) Installing libedit (20170329.3.1-r3)
(57/62) Installing libisofs (1.4.8-r0)
(58/62) Installing libisoburn (1.4.8-r0)
(59/62) Installing xorriso (1.4.8-r0)
(60/62) Installing xz-libs (5.2.4-r0)
(61/62) Installing xz (5.2.4-r0)
(62/62) Installing yajl (2.1.0-r0)
Executing busybox-1.28.4-r1.trigger
Executing ca-certificates-20171114-r3.trigger
Executing glib-2.56.1-r0.trigger
OK: 72 MiB in 75 packages
 ---> 1bf738eb40ba
Removing intermediate container 2a1dec2ffd6e
Step 9/21 : RUN [ `uname -m` = "aarch64" ] && apk add --no-cache libfdt || :
 ---> Running in 5e62dacbb492
fetch http://dl-cdn.alpinelinux.org/alpine/v3.8/main/aarch64/APKINDEX.tar.gz
fetch http://dl-cdn.alpinelinux.org/alpine/v3.8/community/aarch64/APKINDEX.tar.gz
(1/1) Installing libfdt (1.4.4-r0)
OK: 72 MiB in 76 packages
 ---> 6c9e13974e78
Removing intermediate container 5e62dacbb492
Step 10/21 : RUN ln -s libpcap.so.1 /usr/lib/libpcap.so
 ---> Running in 558f20c26c12
 ---> 9326a4dfde03
Removing intermediate container 558f20c26c12
Step 11/21 : RUN ssh-keygen -A ; echo PermitRootLogin yes >> /etc/ssh/sshd_config ; sed -ie '/^root/s#^.*$#root:$6$Ndt1G5AYZFQ8rz7m$7vGZMKKotSYxwxk/.jMfuOCzxw0I3DNedygaQaLF7kYSYsLqiBHhmc8RJSXp8/VxSYPpgYSz/8fkv0hO6I4js.:17477:0:::::#' /etc/shadow
 ---> Running in f8675576052f
ssh-keygen: generating new host keys: RSA DSA ECDSA ED25519 
 ---> 8eaafe1c7ec1
Removing intermediate container f8675576052f
Step 12/21 : COPY --from=xen-tools / /
 ---> c0b17025dab0
Step 13/21 : COPY --from=ztools / /
 ---> 7a5e328fdcee
Step 14/21 : COPY --from=gpttools / /
 ---> 1e9e25765b8e
Step 15/21 : COPY --from=dnsmasq /usr/sbin/dnsmasq /opt/zededa/bin/dnsmasq
 ---> 0eca57d3772c
Step 16/21 : COPY --from=strongswan / /
 ---> fa9cc81b7a70
Step 17/21 : COPY --from=watchdog /usr/sbin /usr/sbin
 ---> 893d283ef9b8
Step 18/21 : COPY rootfs/ /
 ---> 23e9947e8d9c
Step 19/21 : RUN chmod 644 /etc/logrotate.d/zededa
 ---> Running in d3bf09916cf4
 ---> eaf793f287f0
Removing intermediate container d3bf09916cf4
Step 20/21 : CMD /init.sh
 ---> Running in 8f3060e0d012
 ---> 98dbe34062f5
Removing intermediate container 8f3060e0d012
Step 21/21 : LABEL org.mobyproject.config '{"capabilities":["all"],"binds":["/dev:/dev","/etc/resolv.conf:/etc/resolv.conf","/run:/run","/var/config:/config","/var/log:/var/log/dom0","/:/hostfs"],"net":"host","pid":"host"}' org.mobyproject.linuxkit.revision 'unknown' org.mobyproject.linuxkit.version 'unknown' org.opencontainers.image.revision '987c2a3afd89dab565c6ccee61c958fd5b2c767f' org.opencontainers.image.source 'https://github.com/linuxkit/linuxkit'
 ---> Running in 248c4cd674c5
 ---> 77507bd786a1
Removing intermediate container 248c4cd674c5
Successfully built 77507bd786a1
Successfully tagged zededa/zedctr:0f38bbbff95eae348a92e87e837455ad8b4cee6d-arm64
Pushing zededa/zedctr:0f38bbbff95eae348a92e87e837455ad8b4cee6d-arm64
The push refers to a repository [docker.io/zededa/zedctr]
7d5fc6efe9e0: Preparing
820a99770790: Preparing
c2c99f72275e: Preparing
c95d3d3d0d9f: Preparing
543b981cbc5d: Preparing
32e0f08afd71: Preparing
400d5a602195: Preparing
dd1ceb5fd88e: Preparing
42af2a7b2604: Preparing
c4f83a027469: Preparing
16b737948dc8: Preparing
42f65d3fc3bb: Preparing
0684225156a7: Preparing
dd1ceb5fd88e: Waiting
42af2a7b2604: Waiting
c4f83a027469: Waiting
16b737948dc8: Waiting
42f65d3fc3bb: Waiting
0684225156a7: Waiting
32e0f08afd71: Waiting
400d5a602195: Waiting
543b981cbc5d: Layer already exists
7d5fc6efe9e0: Layer already exists
c2c99f72275e: Layer already exists
32e0f08afd71: Layer already exists
400d5a602195: Layer already exists
c95d3d3d0d9f: Pushed
820a99770790: Pushed
42f65d3fc3bb: Layer already exists
42af2a7b2604: Pushed
dd1ceb5fd88e: Pushed
c4f83a027469: Pushed
0684225156a7: Layer already exists
16b737948dc8: Pushed
0f38bbbff95eae348a92e87e837455ad8b4cee6d-arm64: digest: sha256:625b308872928559ac01572ad76a8d636cbafd9e6dac54d5d128d1092cda72a9 size: 3047
Pushing zededa/zedctr:0f38bbbff95eae348a92e87e837455ad8b4cee6d-arm64 to manifest zededa/zedctr:0f38bbbff95eae348a92e87e837455ad8b4cee6d
time="2019-01-03T08:06:29+01:00" level=warning msg="Couldn't find or access image reference \"zededa/zedctr:0f38bbbff95eae348a92e87e837455ad8b4cee6d-s390x\". Skipping image."
Digest: sha256:afda4b093021e3f30a16cf45cd0134fa2c152ff61983e1a694e930fe550ce1db 743
Not signing zededa/zedctr:0f38bbbff95eae348a92e87e837455ad8b4cee6d
Build and push complete, not releasing, all done.
make: Leaving directory '/home/zededa-ci/src/zenbuild/pkg'
make: Entering directory '/home/zededa-ci/src/zenbuild/build-pkgs'
Building and pushing "zededa/build-pkgs_abuild:7ae4d9f9fa290963de466d5ed96d6c9318354824"
7ae4d9f9fa290963de466d5ed96d6c9318354824: Pulling from zededa/build-pkgs_abuild
Digest: sha256:29cb5d3b6d6ac25de0cd7db7f7eedbffd4f3391a4b0c8c0b4ce6d943bab997b8
Status: Image is up to date for zededa/build-pkgs_abuild:7ae4d9f9fa290963de466d5ed96d6c9318354824
Building and pushing "zededa/build-pkgs_uefi:a3362428c518fb4db1a136a961bd17e8a66fb693"
a3362428c518fb4db1a136a961bd17e8a66fb693: Pulling from zededa/build-pkgs_uefi
Digest: sha256:3112c8cbfdfab4cae4b47267749843762e2d75600f3e267a7ba9643724d40564
Status: Image is up to date for zededa/build-pkgs_uefi:a3362428c518fb4db1a136a961bd17e8a66fb693
make: Leaving directory '/home/zededa-ci/src/zenbuild/build-pkgs'
cd bios ; _() { C=`docker create $1 fake` ; docker export $C | tar -xf - $2 ; docker rm $C ; } ; _ zededa/build-pkgs_uefi:a3362428c518fb4db1a136a961bd17e8a66fb693-arm64 OVMF.fd
f19f09e8e6f693064fff89d28688a35c287bb8420121f91ff6776919b2b18a8b
make -C build-tools all
make[1]: Entering directory '/home/zededa-ci/src/zenbuild/build-tools'
make[1]: Nothing to be done for 'all'.
make[1]: Leaving directory '/home/zededa-ci/src/zenbuild/build-tools'
tee: /dev/tty: No such device or address
make[1]: Entering directory '/home/zededa-ci/src/zenbuild/pkg'
(cd ..; ./parse-pkgs.sh pkg/zedctr//Dockerfile.in > pkg/zedctr//Dockerfile)
Building and pushing "zededa/zedctr:0f38bbbff95eae348a92e87e837455ad8b4cee6d"
Sending build context to Docker daemon  20.48kB
Step 1/21 : FROM zededa/ztools:latest as ztools
 ---> 48f136373544
Step 2/21 : FROM zededa/xen-tools:9c96b441d083d7ef7bcb602bf009fa91bd7ebbf2-arm64 as xen-tools
 ---> 194a0d29c96f
Step 3/21 : FROM zededa/dnsmasq:c5985cdd83998d06255fe115d230a280c6928f1b-arm64 as dnsmasq
 ---> 85ce87902c8e
Step 4/21 : FROM zededa/strongswan:8f5ee3b98aa3ea49a9a4231baac9be933d6155ec-arm64 as strongswan
 ---> 2e11606a1b07
Step 5/21 : FROM zededa/gpt-tools:fe878611e4e032ea10946cbc9a1c3d5b22349dc4-arm64 as gpttools
 ---> 245b06fc67fd
Step 6/21 : FROM zededa/watchdog:2aea3af274e4928d2eab2b738d0e100ee5362173-arm64 as watchdog
 ---> 2682e16114b6
Step 7/21 : FROM alpine:3.8
 ---> 637f35dd3ce4
Step 8/21 : RUN apk add --no-cache     yajl xz bash openssl iptables ip6tables iproute2 dhcpcd     apk-cron coreutils dmidecode sudo libbz2 libuuid ipset     libpcap libaio logrotate pixman glib curl radvd perl ethtool     openssh-server util-linux e2fsprogs libcrypto1.0 xorriso
 ---> Running in a8e43a454635
fetch http://dl-cdn.alpinelinux.org/alpine/v3.8/main/aarch64/APKINDEX.tar.gz
fetch http://dl-cdn.alpinelinux.org/alpine/v3.8/community/aarch64/APKINDEX.tar.gz
(1/62) Installing apk-cron (1.0-r1)
(2/62) Installing ncurses-terminfo-base (6.1_p20180818-r1)
(3/62) Installing ncurses-terminfo (6.1_p20180818-r1)
(4/62) Installing ncurses-libs (6.1_p20180818-r1)
(5/62) Installing readline (7.0.003-r0)
(6/62) Installing bash (4.4.19-r1)
Executing bash-4.4.19-r1.post-install
(7/62) Installing libattr (2.4.47-r7)
(8/62) Installing libacl (2.2.52-r5)
(9/62) Installing coreutils (8.29-r2)
(10/62) Installing ca-certificates (20171114-r3)
(11/62) Installing nghttp2-libs (1.32.0-r0)
(12/62) Installing libssh2 (1.8.0-r3)
(13/62) Installing libcurl (7.61.1-r1)
(14/62) Installing curl (7.61.1-r1)
(15/62) Installing dhcpcd (7.0.7-r0)
(16/62) Installing dmidecode (3.1-r0)
(17/62) Installing libuuid (2.32-r0)
(18/62) Installing libblkid (2.32-r0)
(19/62) Installing libcom_err (1.44.2-r0)
(20/62) Installing e2fsprogs-libs (1.44.2-r0)
(21/62) Installing e2fsprogs (1.44.2-r0)
(22/62) Installing ethtool (4.16-r0)
(23/62) Installing libffi (3.2.1-r4)
(24/62) Installing libintl (0.19.8.1-r2)
(25/62) Installing libmount (2.32-r0)
(26/62) Installing pcre (8.42-r0)
(27/62) Installing glib (2.56.1-r0)
(28/62) Installing libmnl (1.0.4-r0)
(29/62) Installing jansson (2.11-r0)
(30/62) Installing libnftnl-libs (1.1.1-r0)
(31/62) Installing iptables (1.6.2-r0)
(32/62) Installing ip6tables (1.6.2-r0)
(33/62) Installing libelf (0.8.13-r3)
(34/62) Installing iproute2 (4.13.0-r0)
Executing iproute2-4.13.0-r0.post-install
(35/62) Installing ipset (6.38-r1)
(36/62) Installing libaio (0.3.111-r0)
(37/62) Installing libbz2 (1.0.6-r6)
(38/62) Installing libcrypto1.0 (1.0.2q-r0)
(39/62) Installing libpcap (1.8.1-r1)
(40/62) Installing popt (1.16-r7)
(41/62) Installing logrotate (3.14.0-r0)
(42/62) Installing openssh-keygen (7.7_p1-r3)
(43/62) Installing openssh-server-common (7.7_p1-r3)
(44/62) Installing openssh-server (7.7_p1-r3)
(45/62) Installing libssl1.0 (1.0.2q-r0)
(46/62) Installing openssl (1.0.2q-r0)
(47/62) Installing perl (5.26.3-r0)
(48/62) Installing pixman (0.34.0-r5)
(49/62) Installing radvd (2.17-r2)
Executing radvd-2.17-r2.pre-install
(50/62) Installing sudo (1.8.23-r2)
(51/62) Installing libsmartcols (2.32-r0)
(52/62) Installing findmnt (2.32-r0)
(53/62) Installing libfdisk (2.32-r0)
(54/62) Installing util-linux (2.32-r0)
(55/62) Installing libburn (1.4.8-r0)
(56/62) Installing libedit (20170329.3.1-r3)
(57/62) Installing libisofs (1.4.8-r0)
(58/62) Installing libisoburn (1.4.8-r0)
(59/62) Installing xorriso (1.4.8-r0)
(60/62) Installing xz-libs (5.2.4-r0)
(61/62) Installing xz (5.2.4-r0)
(62/62) Installing yajl (2.1.0-r0)
Executing busybox-1.28.4-r1.trigger
Executing ca-certificates-20171114-r3.trigger
Executing glib-2.56.1-r0.trigger
OK: 72 MiB in 75 packages
 ---> cbd84bc4f450
Removing intermediate container a8e43a454635
Step 9/21 : RUN [ `uname -m` = "aarch64" ] && apk add --no-cache libfdt || :
 ---> Running in efcf6098bd49
fetch http://dl-cdn.alpinelinux.org/alpine/v3.8/main/aarch64/APKINDEX.tar.gz
fetch http://dl-cdn.alpinelinux.org/alpine/v3.8/community/aarch64/APKINDEX.tar.gz
(1/1) Installing libfdt (1.4.4-r0)
OK: 72 MiB in 76 packages
 ---> 56994c58cd2f
Removing intermediate container efcf6098bd49
Step 10/21 : RUN ln -s libpcap.so.1 /usr/lib/libpcap.so
 ---> Running in 3c23f85be344
 ---> e5d0d1625767
Removing intermediate container 3c23f85be344
Step 11/21 : RUN ssh-keygen -A ; echo PermitRootLogin yes >> /etc/ssh/sshd_config ; sed -ie '/^root/s#^.*$#root:$6$Ndt1G5AYZFQ8rz7m$7vGZMKKotSYxwxk/.jMfuOCzxw0I3DNedygaQaLF7kYSYsLqiBHhmc8RJSXp8/VxSYPpgYSz/8fkv0hO6I4js.:17477:0:::::#' /etc/shadow
 ---> Running in 13ca6976f642
ssh-keygen: generating new host keys: RSA DSA ECDSA ED25519 
 ---> 684253ffb92b
Removing intermediate container 13ca6976f642
Step 12/21 : COPY --from=xen-tools / /
 ---> 0a4992bc49f8
Step 13/21 : COPY --from=ztools / /
 ---> ad9760783919
Step 14/21 : COPY --from=gpttools / /
 ---> be4dfd096a16
Step 15/21 : COPY --from=dnsmasq /usr/sbin/dnsmasq /opt/zededa/bin/dnsmasq
 ---> 188afcd95639
Step 16/21 : COPY --from=strongswan / /
 ---> 7ebf18dde7f0
Step 17/21 : COPY --from=watchdog /usr/sbin /usr/sbin
 ---> 4a31c6defcde
Step 18/21 : COPY rootfs/ /
 ---> c80a51be3ddd
Step 19/21 : RUN chmod 644 /etc/logrotate.d/zededa
 ---> Running in 6a3a803c4753
 ---> b0ca2622b489
Removing intermediate container 6a3a803c4753
Step 20/21 : CMD /init.sh
 ---> Running in 6a63427a3632
 ---> 2c4e094db2d1
Removing intermediate container 6a63427a3632
Step 21/21 : LABEL org.mobyproject.config '{"capabilities":["all"],"binds":["/dev:/dev","/etc/resolv.conf:/etc/resolv.conf","/run:/run","/var/config:/config","/var/log:/var/log/dom0","/:/hostfs"],"net":"host","pid":"host"}' org.mobyproject.linuxkit.revision 'unknown' org.mobyproject.linuxkit.version 'unknown' org.opencontainers.image.revision '987c2a3afd89dab565c6ccee61c958fd5b2c767f' org.opencontainers.image.source 'https://github.com/linuxkit/linuxkit'
 ---> Running in e76887e42677
 ---> ba27cb828626
Removing intermediate container e76887e42677
Successfully built ba27cb828626
Successfully tagged zededa/zedctr:0f38bbbff95eae348a92e87e837455ad8b4cee6d-arm64
Pushing zededa/zedctr:0f38bbbff95eae348a92e87e837455ad8b4cee6d-arm64
The push refers to a repository [docker.io/zededa/zedctr]
7d5fc6efe9e0: Preparing
3de9227b7f55: Preparing
c2c99f72275e: Preparing
5073123af0c8: Preparing
543b981cbc5d: Preparing
8aff8f671d4d: Preparing
400d5a602195: Preparing
caebec12a103: Preparing
3034ec7499a6: Preparing
6cff9711d5ea: Preparing
66a25a5dbb5d: Preparing
42f65d3fc3bb: Preparing
0684225156a7: Preparing
8aff8f671d4d: Waiting
400d5a602195: Waiting
caebec12a103: Waiting
3034ec7499a6: Waiting
6cff9711d5ea: Waiting
66a25a5dbb5d: Waiting
42f65d3fc3bb: Waiting
0684225156a7: Waiting
7d5fc6efe9e0: Layer already exists
c2c99f72275e: Layer already exists
543b981cbc5d: Layer already exists
400d5a602195: Layer already exists
3de9227b7f55: Pushed
5073123af0c8: Pushed
3034ec7499a6: Pushed
caebec12a103: Pushed
42f65d3fc3bb: Layer already exists
0684225156a7: Layer already exists
6cff9711d5ea: Pushed
66a25a5dbb5d: Pushed
8aff8f671d4d: Pushed
0f38bbbff95eae348a92e87e837455ad8b4cee6d-arm64: digest: sha256:885808b990633201922dcd1065f3efbf7e29394ad66ad584bb43299b83f37e1f size: 3047
Pushing zededa/zedctr:0f38bbbff95eae348a92e87e837455ad8b4cee6d-arm64 to manifest zededa/zedctr:0f38bbbff95eae348a92e87e837455ad8b4cee6d
time="2019-01-03T08:08:30+01:00" level=warning msg="Couldn't find or access image reference \"zededa/zedctr:0f38bbbff95eae348a92e87e837455ad8b4cee6d-s390x\". Skipping image."
Digest: sha256:9b22b8c2759756b92ff41602049668fedce5e4db72fbde10555345327a0312d8 743
Not signing zededa/zedctr:0f38bbbff95eae348a92e87e837455ad8b4cee6d
Build and push complete, not releasing, all done.
make[1]: Leaving directory '/home/zededa-ci/src/zenbuild/pkg'
DOCKER_ARCH_TAG="arm64" ./parse-pkgs.sh images/installer.yml.in > images/installer.yml
# the following is a horrible hack that needs to go away ASAP
if [ "aarch64" != `uname -m` ] ; then \
           sed -e '/source:/s#rootfs.img#rootfs_aarch64.img#' \
               -e '/command:/s#/dev/sda#/dev/vda#' -i.orig images/installer.yml ;\
   echo "WARNING: We are assembling a aarch64 image on `uname -m`. Things may break." ;\
        fi
DOCKER_ARCH_TAG="arm64" ./parse-pkgs.sh images/rootfs.yml.in > images/rootfs.yml
# the following is a horrible hack that needs to go away ASAP
if [ "aarch64" != `uname -m` ] ; then \
           sed -e '/source:/s#rootfs.img#rootfs_aarch64.img#' \
               -e '/command:/s#/dev/sda#/dev/vda#' -i.orig images/rootfs.yml ;\
   echo "WARNING: We are assembling a aarch64 image on `uname -m`. Things may break." ;\
        fi
./makerootfs.sh images/rootfs.yml squash rootfs_aarch64.img
Extract kernel image: zededa/kernel:7b989ae20b664c80e4f7c52a6aa7c8228f3609aa-arm64
Add init containers:
Process init image: zededa/grub:10f9c3a840901f1888615c1c1ac5f8ce65e55b7e-arm64
Process init image: zededa/device-trees:1bca882c64827de08bba9aa7713441b2b4d7ca8d-arm64
Process init image: zededa/fw:298163b691690b23d5db7c11e0cd69f6f1de57c7-arm64
Process init image: zededa/xen:f51bf3d17fad15b71242befbddec96e177132a99-arm64
Process init image: zededa/gpt-tools:fe878611e4e032ea10946cbc9a1c3d5b22349dc4-arm64
Process init image: zededa/dom0-ztools:c6d8f2123c748379add5d3dbbac23e3630131760-arm64
Process init image: linuxkit/init:v0.5
Process init image: linuxkit/runc:v0.5
Process init image: linuxkit/containerd:v0.5
Process init image: linuxkit/getty:v0.5
Add onboot containers:
  Create OCI config for linuxkit/sysctl:v0.5
  Create OCI config for linuxkit/modprobe:v0.5
  Create OCI config for linuxkit/mount:v0.5
Add service containers:
  Create OCI config for linuxkit/openntpd:v0.5
  Create OCI config for zededa/wwan:5f68442251df0f2625fde14e947f11de2374b72d-arm64
  Create OCI config for zededa/wlan:8aa66e76c276b97d1141801d3f461e2b3f8f8f97-arm64
  Create OCI config for zededa/guacd:1bdc3c8ca55db141372b1a12daf7d12c04866eed-arm64
  Create OCI config for zededa/zedctr:0f38bbbff95eae348a92e87e837455ad8b4cee6d-arm64
Add files:
  /containers/services/zededa-tools/lower/opt/zededa/bin/versioninfo
Parallel mksquashfs: Using 4 processors
Creating 4.0 filesystem on /rootfs.img, block size 131072.
[============\                                               ]  3800/17595  21%[===========================================================\] 17595/17595 100%

Exportable Squashfs 4.0 filesystem, gzip compressed, data block size 131072
	compressed data, compressed metadata, compressed fragments, compressed xattrs
	duplicates are removed
Filesystem size 192566.97 Kbytes (188.05 Mbytes)
	31.76% of uncompressed filesystem size (606227.43 Kbytes)
Inode table size 185838 bytes (181.48 Kbytes)
	26.00% of uncompressed inode table size (714785 bytes)
Directory table size 192285 bytes (187.78 Kbytes)
	45.00% of uncompressed directory table size (427324 bytes)
Number of duplicate files found 4493
Number of inodes 18912
Number of files 13865
Number of fragments 750
Number of symbolic links  3447
Number of device nodes 8
Number of fifo nodes 0
Number of socket nodes 0
Number of directories 1592
Number of ids (unique uids + gids) 3
Number of uids 1
	root (0)
Number of gids 3
	root (0)
	shadow (42)
	tty (5)
./makeiso.sh images/installer.yml installer_aarch64.iso
Extract kernel image: zededa/kernel:7b989ae20b664c80e4f7c52a6aa7c8228f3609aa-arm64
Add init containers:
Process init image: zededa/grub:10f9c3a840901f1888615c1c1ac5f8ce65e55b7e-arm64
Process init image: zededa/device-trees:1bca882c64827de08bba9aa7713441b2b4d7ca8d-arm64
Process init image: zededa/xen:f51bf3d17fad15b71242befbddec96e177132a99-arm64
Process init image: linuxkit/init:v0.5
Process init image: linuxkit/runc:v0.5
Process init image: linuxkit/getty:v0.5
Add onboot containers:
  Create OCI config for zededa/mkimage-raw-efi:932773aae8f4bb3de7651b9a8a60d9cf3104fce5-arm64
Add files:
  /bits/config.img
  /bits/rootfs.img
time="2019-01-03T08:11:29+01:00" level=fatal msg="failed to add filesystem parts: open rootfs.img: no such file or directory"
xorriso 1.4.6 : RockRidge filesystem manipulator, libburnia project.

Drive current: -outdev 'stdio:linuxkit-efi.iso'
Media current: stdio file, overwriteable
Media status : is blank
Media summary: 0 sessions, 0 data blocks, 0 data,  821g free
Added to ISO image: directory '/'='/tmp/efi'
xorriso : UPDATE : 7488 files added in 1 seconds
xorriso : UPDATE : 7488 files added in 1 seconds
libisofs: NOTE : Cannot arrange content of data files in surely reproducible way
xorriso : UPDATE :  11.20% done
ISO image produced: 110703 sectors
Written to medium : 110703 sectors at LBA 0
Writing to 'stdio:linuxkit-efi.iso' completed successfully.

./makerootfs.sh images/installer.yml squash rootfs_aarch64.img_installer.img
Extract kernel image: zededa/kernel:7b989ae20b664c80e4f7c52a6aa7c8228f3609aa-arm64
Add init containers:
Process init image: zededa/grub:10f9c3a840901f1888615c1c1ac5f8ce65e55b7e-arm64
Process init image: zededa/device-trees:1bca882c64827de08bba9aa7713441b2b4d7ca8d-arm64
Process init image: zededa/xen:f51bf3d17fad15b71242befbddec96e177132a99-arm64
Process init image: linuxkit/init:v0.5
Process init image: linuxkit/runc:v0.5
Process init image: linuxkit/getty:v0.5
Add onboot containers:
  Create OCI config for zededa/mkimage-raw-efi:932773aae8f4bb3de7651b9a8a60d9cf3104fce5-arm64
Add files:
  /bits/config.img
  /bits/rootfs.img
time="2019-01-03T08:12:25+01:00" level=fatal msg="failed to add filesystem parts: open rootfs.img: no such file or directory"
Parallel mksquashfs: Using 4 processors
Creating 4.0 filesystem on /rootfs.img, block size 131072.
[=========================-                                    ] 2400/5653  42%[=============================================================\] 5653/5653 100%

Exportable Squashfs 4.0 filesystem, gzip compressed, data block size 131072
	compressed data, compressed metadata, compressed fragments, compressed xattrs
	duplicates are removed
Filesystem size 75828.05 Kbytes (74.05 Mbytes)
	35.37% of uncompressed filesystem size (214376.15 Kbytes)
Inode table size 59198 bytes (57.81 Kbytes)
	25.68% of uncompressed inode table size (230550 bytes)
Directory table size 63126 bytes (61.65 Kbytes)
	44.90% of uncompressed directory table size (140585 bytes)
Number of duplicate files found 1438
Number of inodes 5446
Number of files 4195
Number of fragments 150
Number of symbolic links  911
Number of device nodes 2
Number of fifo nodes 0
Number of socket nodes 0
Number of directories 338
Number of ids (unique uids + gids) 3
Number of uids 1
	root (0)
Number of gids 3
	root (0)
	shadow (42)
	tty (5)
tar c rootfs_aarch64.img_installer.img config.img | ./makeflash.sh -C 350 installer_aarch64.raw "efi imga conf_win"
1+0 records in
1+0 records out
1 byte copied, 0.0125554 s, 0.1 kB/s
Warning: The kernel is still using the old partition table.
The new table will be used at the next reboot or after you
run partprobe(8) or kpartx(8)
The operation has completed successfully.
Setting name!
partNum is 0
Warning: The kernel is still using the old partition table.
The new table will be used at the next reboot or after you
run partprobe(8) or kpartx(8)
The operation has completed successfully.
Makefile:152: recipe for target 'installer_aarch64.raw' failed
make: *** [installer_aarch64.raw] Error 32
make: Entering directory '/home/zededa-ci/src/zenbuild/build-pkgs'
Building and pushing "zededa/zenix:latest"
Sending build context to Docker daemon  992.2MB
Step 1/9 : FROM alpine:edge
 ---> 698b28d4f8d1
Step 2/9 : RUN apk add --no-cache qemu-system-x86_64 qemu-system-aarch64 bash make git
 ---> Using cache
 ---> 7c326ae29a40
Step 3/9 : COPY . /bits/
 ---> Using cache
 ---> a8569369080a
Step 4/9 : COPY OVMF.fd /bits/bios/OVMF.fd
 ---> Using cache
 ---> 96b146f3ca4c
Step 5/9 : COPY runme.sh /
 ---> Using cache
 ---> 131b1f4b8258
Step 6/9 : RUN touch /bits/bios/OVMF.fd
 ---> Using cache
 ---> 07fdfb1723c0
Step 7/9 : WORKDIR /bits
 ---> Using cache
 ---> a6bdb5b72375
Step 8/9 : ENTRYPOINT /runme.sh
 ---> Using cache
 ---> a8b77f55ee7a
Step 9/9 : LABEL org.mobyproject.linuxkit.revision 'unknown' org.mobyproject.linuxkit.version 'unknown' org.opencontainers.image.revision '987c2a3afd89dab565c6ccee61c958fd5b2c767f' org.opencontainers.image.source 'https://github.com/linuxkit/linuxkit'
 ---> Using cache
 ---> d11ec2fc7291
Successfully built d11ec2fc7291
Successfully tagged zededa/zenix:latest-arm64
Pushing zededa/zenix:latest-arm64
The push refers to a repository [docker.io/zededa/zenix]
ce66fae483e9: Preparing
c96588d795bb: Preparing
63148f3d984e: Preparing
3a4ace4e84e8: Preparing
63115c929622: Preparing
7f4507898901: Preparing
2a2e682c36db: Preparing
7f4507898901: Waiting
2a2e682c36db: Waiting
63148f3d984e: Layer already exists
ce66fae483e9: Layer already exists
c96588d795bb: Layer already exists
3a4ace4e84e8: Layer already exists
63115c929622: Layer already exists
2a2e682c36db: Layer already exists
7f4507898901: Layer already exists
latest-arm64: digest: sha256:5cdbf044af4b6345f63783678cc7470789722ea5ff5592f527b939cc20316b44 size: 1787
Pushing zededa/zenix:latest-arm64 to manifest zededa/zenix:latest
time="2019-01-03T08:13:55+01:00" level=warning msg="Couldn't find or access image reference \"zededa/zenix:latest-s390x\". Skipping image."
Digest: sha256:c7527836c20842659fc3f433a98dd97a3ec7a91513a31b7a59b4600283f994b7 743
Not signing zededa/zenix:latest
Build and push complete, not releasing, all done.
make: Leaving directory '/home/zededa-ci/src/zenbuild/build-pkgs'
FINISHED
