Cloning into '/tmp/zenbuild'...
make: Entering directory '/tmp/zenbuild'
make -C build-tools all
make[1]: Entering directory '/tmp/zenbuild/build-tools'
cd src/linuxkit/vendor/github.com/linuxkit/linuxkit/src/cmd/linuxkit ;\
/usr/bin/go  build -ldflags "-X github.com/linuxkit/linuxkit/src/cmd/linuxkit/version.GitCommit=1c6e2c47d003f9c77f37029512ad065834eedda7" -o /tmp/zenbuild/build-tools/bin/linuxkit .
cd src/manifest-tool/vendor/github.com/estesp/manifest-tool ;\
/usr/bin/go  build -ldflags "-X main.gitCommit=1c6e2c47d003f9c77f37029512ad065834eedda7" -o /tmp/zenbuild/build-tools/bin/manifest-tool .
make[1]: Leaving directory '/tmp/zenbuild/build-tools'
make: Leaving directory '/tmp/zenbuild'
From github.com:zededa/lisp
 * [new tag]         0.10.0     -> 0.10.0
 * [new tag]         0.11.0     -> 0.11.0
 * [new tag]         0.11.1     -> 0.11.1
 * [new tag]         0.12.0     -> 0.12.0
 * [new tag]         0.13.0     -> 0.13.0
 * [new tag]         0.14.0     -> 0.14.0
 * [new tag]         0.15.0     -> 0.15.0
 * [new tag]         0.16.0     -> 0.16.0
 * [new tag]         0.17.0     -> 0.17.0
 * [new tag]         0.18.0     -> 0.18.0
 * [new tag]         0.4.0      -> 0.4.0
 * [new tag]         0.5.0      -> 0.5.0
 * [new tag]         0.6.0      -> 0.6.0
 * [new tag]         0.7.0      -> 0.7.0
 * [new tag]         0.8.0      -> 0.8.0
 * [new tag]         0.9.0      -> 0.9.0
 * [new tag]         1.0.0      -> 1.0.0
 * [new tag]         1.1.0      -> 1.1.0
 * [new tag]         1.2.0      -> 1.2.0
 * [new tag]         1.2.2      -> 1.2.2
 * [new tag]         1.3.0      -> 1.3.0
 * [new tag]         1.3.3      -> 1.3.3
 * [new tag]         1.4.0      -> 1.4.0
 * [new tag]         1.4.1      -> 1.4.1
 * [new tag]         1.5.0      -> 1.5.0
 * [new tag]         2.1        -> 2.1
 * [new tag]         2.1.0      -> 2.1.0
 * [new tag]         2.1.1      -> 2.1.1
--- /dev/fd/63	2019-06-07 08:01:38.455494411 +0200
+++ /dev/fd/62	2019-06-07 08:01:38.455494411 +0200
@@ -1,96 +1,29 @@
-0.1.0
-0.1.0-amd64
 0.1.0-arm64
-0.3.0
-0.3.0-amd64
 0.3.0-arm64
-0.4.0
-0.4.0-amd64
 0.4.0-arm64
-0.5.0
-0.5.0-amd64
 0.5.0-arm64
-0.6.0
-0.6.0-amd64
 0.6.0-arm64
-0.7.0
-0.7.0-amd64
 0.7.0-arm64
-0.8.0
-0.8.0-amd64
 0.8.0-arm64
-0.9.0
-0.9.0-amd64
 0.9.0-arm64
-0.10.0
-0.10.0-amd64
 0.10.0-arm64
-0.11.0
-0.11.0-amd64
 0.11.0-arm64
-0.11.1
-0.11.1-amd64
 0.11.1-arm64
-0.12.0
-0.12.0-amd64
 0.12.0-arm64
-0.13.0
-0.13.0-amd64
 0.13.0-arm64
-0.14.0
-0.14.0-amd64
 0.14.0-arm64
-0.15.0
-0.15.0-amd64
 0.15.0-arm64
-0.16.0
-0.16.0-amd64
 0.16.0-arm64
-0.17.0
-0.17.0-amd64
 0.17.0-arm64
-0.18.0
-0.18.0-amd64
 0.18.0-arm64
-1.0.0
-1.0.0-amd64
 1.0.0-arm64
-1.1.0
-1.1.0-amd64
 1.1.0-arm64
-1.2.0
-1.2.0-amd64
 1.2.0-arm64
-1.2.2
-1.2.2-amd64
 1.2.2-arm64
-1.3.0
-1.3.0-amd64
 1.3.0-arm64
-1.3.3
-1.3.3-amd64
 1.3.3-arm64
-1.4.0
-1.4.0-amd64
 1.4.0-arm64
-1.4.1
-1.4.1-amd64
 1.4.1-arm64
-1.5.0
-1.5.0-amd64
 1.5.0-arm64
-2.1.0
-2.1.0-amd64
 2.1.0-arm64
-2.1.1
-2.1.1-amd64
 2.1.1-arm64
-2.2.1
-2.2.1-amd64
-2.2.1-arm64
-2.2.2
-2.2.2-amd64
-2.2.2-arm64
-2.2.3
-2.2.3-amd64
-2.2.3-arm64
Building the following tags:  origin/master (latest tag is 2.1.1)
HEAD is now at de0b237 Update README.md
Building and pushing "zededa/lisp:b2a8f9870d5e2d599b8e0fbb72fb3f1c0dd2870c"
b2a8f9870d5e2d599b8e0fbb72fb3f1c0dd2870c: Pulling from zededa/lisp
e3c488b39803: Pulling fs layer
05a63128803b: Pulling fs layer
40f879a13500: Pulling fs layer
c64400af8e6c: Pulling fs layer
f558f6f2eb9e: Pulling fs layer
978a22ecab80: Pulling fs layer
245de0536eab: Pulling fs layer
d861bacf30cb: Pulling fs layer
ec51e9b65d8d: Pulling fs layer
c2533fd435ec: Pulling fs layer
245de0536eab: Waiting
d861bacf30cb: Waiting
ec51e9b65d8d: Waiting
c64400af8e6c: Waiting
c2533fd435ec: Waiting
f558f6f2eb9e: Waiting
978a22ecab80: Waiting
05a63128803b: Download complete
e3c488b39803: Download complete
c64400af8e6c: Verifying Checksum
c64400af8e6c: Download complete
f558f6f2eb9e: Verifying Checksum
f558f6f2eb9e: Download complete
e3c488b39803: Pull complete
978a22ecab80: Verifying Checksum
978a22ecab80: Download complete
245de0536eab: Verifying Checksum
245de0536eab: Download complete
05a63128803b: Pull complete
ec51e9b65d8d: Verifying Checksum
ec51e9b65d8d: Download complete
40f879a13500: Verifying Checksum
d861bacf30cb: Verifying Checksum
d861bacf30cb: Download complete
c2533fd435ec: Verifying Checksum
c2533fd435ec: Download complete
40f879a13500: Pull complete
c64400af8e6c: Pull complete
f558f6f2eb9e: Pull complete
978a22ecab80: Pull complete
245de0536eab: Pull complete
d861bacf30cb: Pull complete
ec51e9b65d8d: Pull complete
c2533fd435ec: Pull complete
Digest: sha256:ef089edd65df6bdded91d1c3bb711ef19a2b375a362d4708e854e70bb7dd8323
Status: Downloaded newer image for zededa/lisp:b2a8f9870d5e2d599b8e0fbb72fb3f1c0dd2870c
From github.com:zededa/go-provision
 * [new tag]           2.2.0      -> 2.2.0
 * [new tag]           2.2.1      -> 2.2.1
 * [new tag]           2.2.2      -> 2.2.2
 * [new tag]           2.2.3      -> 2.2.3
--- /dev/fd/63	2019-06-07 08:02:11.765676704 +0200
+++ /dev/fd/62	2019-06-07 08:02:11.765676704 +0200
@@ -1,138 +1,45 @@
-0.1.0
-0.1.0-amd64
 0.1.0-arm64
-0.1.1
-0.1.1-amd64
-0.1.1-arm64
-0.3.0
-0.3.0-amd64
 0.3.0-arm64
-0.3.1
-0.3.1-amd64
 0.3.1-arm64
-0.4.0
-0.4.0-amd64
 0.4.0-arm64
-0.5.0
-0.5.0-amd64
 0.5.0-arm64
-0.6.0
-0.6.0-amd64
 0.6.0-arm64
-0.7.0
-0.7.0-amd64
 0.7.0-arm64
-0.8.0
-0.8.0-amd64
 0.8.0-arm64
-0.8.1
-0.8.1-amd64
 0.8.1-arm64
-0.9.0
-0.9.0-amd64
 0.9.0-arm64
-0.9.1
-0.9.1-amd64
 0.9.1-arm64
-0.9.2
-0.9.2-amd64
 0.9.2-arm64
-0.10.0
-0.10.0-amd64
 0.10.0-arm64
-0.10.1
-0.10.1-amd64
 0.10.1-arm64
-0.11.0
-0.11.0-amd64
 0.11.0-arm64
-0.11.1
-0.11.1-amd64
 0.11.1-arm64
-0.12.0
-0.12.0-amd64
 0.12.0-arm64
-0.13.0
-0.13.0-amd64
 0.13.0-arm64
-0.14.0
-0.14.0-amd64
 0.14.0-arm64
-0.14.1
-0.14.1-amd64
 0.14.1-arm64
-0.15.0
-0.15.0-amd64
 0.15.0-arm64
-0.16.0
-0.16.0-amd64
 0.16.0-arm64
-0.16.1
-0.16.1-amd64
 0.16.1-arm64
-0.17.0
-0.17.0-amd64
 0.17.0-arm64
-0.18.0
-0.18.0-amd64
 0.18.0-arm64
-1.0.0
-1.0.0-amd64
 1.0.0-arm64
-1.1.0
-1.1.0-amd64
 1.1.0-arm64
-1.2.0
-1.2.0-amd64
 1.2.0-arm64
-1.3.0
-1.3.0-amd64
 1.3.0-arm64
-1.3.1
-1.3.1-amd64
 1.3.1-arm64
-1.3.2
-1.3.2-amd64
 1.3.2-arm64
-1.3.3
-1.3.3-amd64
 1.3.3-arm64
-1.4.0
-1.4.0-amd64
 1.4.0-arm64
-1.4.1
-1.4.1-amd64
 1.4.1-arm64
-1.4.2
-1.4.2-amd64
 1.4.2-arm64
-1.5.0
-1.5.0-amd64
 1.5.0-arm64
-1.5.1
-1.5.1-amd64
 1.5.1-arm64
-2.1.0
-2.1.0-amd64
 2.1.0-arm64
-2.1.1
-2.1.1-amd64
 2.1.1-arm64
-2.1.3
-2.1.3-amd64
 2.1.3-arm64
-2.1.4
-2.1.4-amd64
 2.1.4-arm64
-2.2.0
-2.2.0-amd64
 2.2.0-arm64
-2.2.1
-2.2.1-amd64
 2.2.1-arm64
-2.2.2
-2.2.2-amd64
 2.2.2-arm64
-2.2.3
-2.2.3-amd64
 2.2.3-arm64
Building the following tags:  origin/master (latest tag is 2.2.3)
HEAD is now at 7f3d85ae Merge pull request #356 from gkodali-zededa/master
Building and pushing "zededa/ztools:b699e8e3cf37ce50f02d5cd41eba346cead2f15b"
Error response from daemon: pull access denied for zededa/ztools, repository does not exist or may require 'docker login'
No image pulled, continuing with build
Sending build context to Docker daemon  53.17MB
Step 1/30 : FROM golang:1.9.1-alpine AS build
1.9.1-alpine: Pulling from library/golang
bb473f0ebc12: Pulling fs layer
75ff6b7ff3a2: Pulling fs layer
f4abafc8fec4: Pulling fs layer
35cdf227ee98: Pulling fs layer
6888070b5ff9: Pulling fs layer
c7f3086b02e7: Pulling fs layer
60162cd1ed4b: Pulling fs layer
35cdf227ee98: Waiting
6888070b5ff9: Waiting
c7f3086b02e7: Waiting
60162cd1ed4b: Waiting
75ff6b7ff3a2: Download complete
f4abafc8fec4: Verifying Checksum
f4abafc8fec4: Download complete
bb473f0ebc12: Verifying Checksum
c7f3086b02e7: Verifying Checksum
c7f3086b02e7: Download complete
35cdf227ee98: Verifying Checksum
35cdf227ee98: Download complete
60162cd1ed4b: Download complete
bb473f0ebc12: Pull complete
75ff6b7ff3a2: Pull complete
f4abafc8fec4: Pull complete
35cdf227ee98: Pull complete
6888070b5ff9: Verifying Checksum
6888070b5ff9: Download complete
6888070b5ff9: Pull complete
c7f3086b02e7: Pull complete
60162cd1ed4b: Pull complete
Digest: sha256:5d48fa92c2c67b5b75392f9b089bc470068752860bad5006f2699e094bd329de
Status: Downloaded newer image for golang:1.9.1-alpine
 ---> cc52d0ad4cce
Step 2/30 : RUN apk update
 ---> Running in 6c29cbd2240b
fetch http://dl-cdn.alpinelinux.org/alpine/v3.6/main/aarch64/APKINDEX.tar.gz
fetch http://dl-cdn.alpinelinux.org/alpine/v3.6/community/aarch64/APKINDEX.tar.gz
v3.6.5-43-g091dec18c2 [http://dl-cdn.alpinelinux.org/alpine/v3.6/main]
v3.6.5-34-gf0ba0b43d5 [http://dl-cdn.alpinelinux.org/alpine/v3.6/community]
OK: 8264 distinct packages available
 ---> f0a73fffb597
Removing intermediate container 6c29cbd2240b
Step 3/30 : RUN apk add --no-cache git gcc linux-headers libc-dev util-linux libpcap-dev
 ---> Running in 4ec1c3670fae
fetch http://dl-cdn.alpinelinux.org/alpine/v3.6/main/aarch64/APKINDEX.tar.gz
fetch http://dl-cdn.alpinelinux.org/alpine/v3.6/community/aarch64/APKINDEX.tar.gz
(1/34) Upgrading musl (1.1.16-r14 -> 1.1.16-r15)
(2/34) Installing binutils-libs (2.30-r1)
(3/34) Installing binutils (2.30-r1)
(4/34) Installing gmp (6.1.2-r0)
(5/34) Installing isl (0.17.1-r0)
(6/34) Installing libgomp (6.3.0-r4)
(7/34) Installing libatomic (6.3.0-r4)
(8/34) Installing libgcc (6.3.0-r4)
(9/34) Installing pkgconf (1.3.7-r0)
(10/34) Installing mpfr3 (3.1.5-r0)
(11/34) Installing mpc1 (1.0.3-r0)
(12/34) Installing libstdc++ (6.3.0-r4)
(13/34) Installing gcc (6.3.0-r4)
(14/34) Installing libssh2 (1.8.2-r0)
(15/34) Installing libcurl (7.61.1-r2)
(16/34) Installing expat (2.2.0-r1)
(17/34) Installing pcre (8.41-r0)
(18/34) Installing git (2.13.7-r2)
(19/34) Installing musl-dev (1.1.16-r15)
(20/34) Installing libc-dev (0.7.1-r0)
(21/34) Upgrading musl-utils (1.1.16-r14 -> 1.1.16-r15)
(22/34) Installing libpcap (1.8.1-r0)
(23/34) Installing libpcap-dev (1.8.1-r0)
(24/34) Installing linux-headers (4.4.6-r2)
(25/34) Installing libuuid (2.28.2-r2)
(26/34) Installing libblkid (2.28.2-r2)
(27/34) Installing libmount (2.28.2-r2)
(28/34) Installing libsmartcols (2.28.2-r2)
(29/34) Installing findmnt (2.28.2-r2)
(30/34) Installing libfdisk (2.28.2-r2)
(31/34) Installing ncurses-terminfo-base (6.0_p20171125-r1)
(32/34) Installing ncurses-terminfo (6.0_p20171125-r1)
(33/34) Installing ncurses-libs (6.0_p20171125-r1)
(34/34) Installing util-linux (2.28.2-r2)
Executing busybox-1.26.2-r5.trigger
OK: 120 MiB in 44 packages
 ---> 364a339f7290
Removing intermediate container 4ec1c3670fae
Step 4/30 : ENV CGO_ENABLED 1
 ---> Running in c3f599769b31
 ---> 8d7aee78fc90
Removing intermediate container c3f599769b31
Step 5/30 : ARG GOARCH=
 ---> Running in e8bdffa89d5b
 ---> 3cfe74fbbd28
Removing intermediate container e8bdffa89d5b
Step 6/30 : ARG CROSS_GCC=https://musl.cc/aarch64-linux-musleabi-cross.tgz
 ---> Running in f4f7d0a562ae
 ---> 7076d019680b
Removing intermediate container f4f7d0a562ae
Step 7/30 : RUN [ -z "$GOARCH" ] || (cd / ; apk add --no-cache wget && wget -O - $CROSS_GCC | tar xzvf -)
 ---> Running in 6a2b0234dfed
 ---> a2f1da6b4959
Removing intermediate container 6a2b0234dfed
Step 8/30 : ADD ./ /go/src/github.com/zededa/go-provision/
 ---> 196628775275
Step 9/30 : ADD conf/root-certificate.pem conf/server conf/server.production /config/
 ---> 06c5c2091eb3
Step 10/30 : ADD scripts/device-steps.sh scripts/generate-device.sh scripts/generate-self-signed.sh scripts/handlezedserverconfig.sh scripts/watchdog-report.sh /opt/zededa/bin/
 ---> 7236b706e188
Step 11/30 : ADD examples /opt/zededa/examples
 ---> f71cbb1b0445
Step 12/30 : ADD conf/AssignableAdapters /var/tmp/zededa/AssignableAdapters
 ---> 5fd7d078c6f3
Step 13/30 : ADD conf/DeviceNetworkConfig /var/tmp/zededa/DeviceNetworkConfig
 ---> 16039c9605e7
Step 14/30 : ADD conf/lisp.config.base /var/tmp/zededa/lisp.config.base
 ---> a4bd5bd93c8d
Step 15/30 : RUN (cd ./src/github.com/zededa/go-provision/; scripts/getversion.sh >/opt/zededa/bin/versioninfo)
 ---> Running in 68ad4476f244
 ---> a96cd895e2d0
Removing intermediate container 68ad4476f244
Step 16/30 : RUN cp /opt/zededa/bin/versioninfo /opt/zededa/bin/versioninfo.1
 ---> Running in b018aaa7622c
 ---> 511695b921c0
Removing intermediate container b018aaa7622c
Step 17/30 : RUN echo Building: `cat /opt/zededa/bin/versioninfo`
 ---> Running in 9857e31852fc
Building: 20180314-test--7f3d85ae-2019-06-07.06.03
 ---> e33aed471c8a
Removing intermediate container 9857e31852fc
Step 18/30 : RUN [ -z "$GOARCH" ] || export CC=$(echo /*-cross/bin/*-gcc)           ;    go install github.com/zededa/go-provision/zedbox/... &&     echo "Running go vet" && go vet ./... &&     echo "Running go fmt" && ERR=$(gofmt -e -l -s $(find . -name \*.go | grep -v /vendor/)) &&        if [ -n "$ERR" ] ; then echo $ERR ; exit 1 ; fi &&     if [ -f /go/bin/*/zedbox ] ; then mv /go/bin/*/zedbox /go/bin ; fi
 ---> Running in 2ec64793193b
Running go vet
Running go fmt
 ---> 25ea7b0e1a54
Removing intermediate container 2ec64793193b
Step 19/30 : RUN ln -s /go/bin/zedbox /opt/zededa/bin/zedbox ;    for app in         client domainmgr downloader hardwaremodel identitymgr ledmanager       logmanager verifier zedagent zedmanager zedrouter ipcmonitor nim       waitforaddr diag baseosmgr wstunnelclient conntrack lisp-ztr ;    do ln -s zedbox /opt/zededa/bin/$app ; done
 ---> Running in b184688306a2
 ---> 342e42a481ae
Removing intermediate container b184688306a2
Step 20/30 : FROM scratch
 ---> 
Step 21/30 : COPY --from=build /opt/zededa/bin /opt/zededa/bin
 ---> e48d98b819b2
Step 22/30 : COPY --from=build /opt/zededa/examples /opt/zededa/examples
 ---> ab50b5d0349e
Step 23/30 : COPY --from=build /var/tmp/zededa/AssignableAdapters /var/tmp/zededa/AssignableAdapters
 ---> 04867cc37766
Step 24/30 : COPY --from=build /var/tmp/zededa/DeviceNetworkConfig /var/tmp/zededa/DeviceNetworkConfig
 ---> a832c15b26fc
Step 25/30 : COPY --from=build /var/tmp/zededa/lisp.config.base /var/tmp/zededa/lisp.config.base
 ---> d2f14e7731b3
Step 26/30 : COPY --from=build /config /opt/zededa/examples/config
 ---> ece4bfb8ea8e
Step 27/30 : COPY --from=build /go/bin/* /opt/zededa/bin/
 ---> bdcdc621ff30
Step 28/30 : WORKDIR /opt/zededa/bin
 ---> 7c2fe693eefd
Removing intermediate container f9c8b9a06450
Step 29/30 : CMD /bin/ash
 ---> Running in dc52fe7051da
 ---> acd96ec949f5
Removing intermediate container dc52fe7051da
Step 30/30 : LABEL org.mobyproject.linuxkit.revision 'unknown' org.mobyproject.linuxkit.version 'unknown' org.opencontainers.image.revision '7f3d85aebcebdbb2ec494e98356cdac48ef34949' org.opencontainers.image.source 'https://github.com/linuxkit/linuxkit'
 ---> Running in e35d7479e96c
 ---> 159065cf100f
Removing intermediate container e35d7479e96c
Successfully built 159065cf100f
Successfully tagged zededa/ztools:b699e8e3cf37ce50f02d5cd41eba346cead2f15b-arm64
Pushing zededa/ztools:b699e8e3cf37ce50f02d5cd41eba346cead2f15b-arm64
The push refers to a repository [docker.io/zededa/ztools]
37def7a7fd19: Preparing
89de87b006a5: Preparing
78eb3720fe42: Preparing
c474257b682a: Preparing
cd0d0cb79991: Preparing
9f61dbdece24: Preparing
c3e345b55fd8: Preparing
9f61dbdece24: Waiting
c3e345b55fd8: Waiting
denied: requested access to the resource is denied
exit status 1
From https://github.com/zededa/zenbuild
 * [new tag]         0.1.0      -> 0.1.0
 * [new tag]         0.1.1      -> 0.1.1
 * [new tag]         0.10.0     -> 0.10.0
 * [new tag]         0.10.1     -> 0.10.1
 * [new tag]         0.11.0     -> 0.11.0
 * [new tag]         0.11.1     -> 0.11.1
 * [new tag]         0.12.0     -> 0.12.0
 * [new tag]         0.13.0     -> 0.13.0
 * [new tag]         0.14.0     -> 0.14.0
 * [new tag]         0.14.1     -> 0.14.1
 * [new tag]         0.15.0     -> 0.15.0
 * [new tag]         0.16.0     -> 0.16.0
 * [new tag]         0.16.1     -> 0.16.1
 * [new tag]         0.17.0     -> 0.17.0
 * [new tag]         0.18.0     -> 0.18.0
 * [new tag]         0.3.0      -> 0.3.0
 * [new tag]         0.3.1      -> 0.3.1
 * [new tag]         0.4.0      -> 0.4.0
 * [new tag]         0.5.0      -> 0.5.0
 * [new tag]         0.6.0      -> 0.6.0
 * [new tag]         0.7.0      -> 0.7.0
 * [new tag]         0.8.0      -> 0.8.0
 * [new tag]         0.8.1      -> 0.8.1
 * [new tag]         0.9.0      -> 0.9.0
 * [new tag]         0.9.1      -> 0.9.1
 * [new tag]         0.9.2      -> 0.9.2
 * [new tag]         1.0.0      -> 1.0.0
 * [new tag]         1.1.0      -> 1.1.0
 * [new tag]         1.2.0      -> 1.2.0
 * [new tag]         1.3.0      -> 1.3.0
 * [new tag]         1.3.1      -> 1.3.1
 * [new tag]         1.3.2      -> 1.3.2
 * [new tag]         1.3.3      -> 1.3.3
 * [new tag]         1.4.0      -> 1.4.0
 * [new tag]         1.4.1      -> 1.4.1
 * [new tag]         1.4.2      -> 1.4.2
 * [new tag]         1.5.0      -> 1.5.0
 * [new tag]         1.5.1      -> 1.5.1
 * [new tag]         2.1.0      -> 2.1.0
 * [new tag]         2.1.1      -> 2.1.1
 * [new tag]         2.1.2      -> 2.1.2
 * [new tag]         2.1.3      -> 2.1.3
 * [new tag]         2.1.4      -> 2.1.4
 * [new tag]         2.2.0      -> 2.2.0
 * [new tag]         2.2.1      -> 2.2.1
 * [new tag]         2.2.2      -> 2.2.2
 * [new tag]         2.2.3      -> 2.2.3
--- /dev/fd/63	2019-06-07 08:05:49.846871874 +0200
+++ /dev/fd/62	2019-06-07 08:05:49.846871874 +0200
@@ -1,138 +1,47 @@
-0.1.0
-0.1.0-amd64
 0.1.0-arm64
-0.1.1
-0.1.1-amd64
 0.1.1-arm64
-0.3.0
-0.3.0-amd64
 0.3.0-arm64
-0.3.1
-0.3.1-amd64
 0.3.1-arm64
-0.4.0
-0.4.0-amd64
 0.4.0-arm64
-0.5.0
-0.5.0-amd64
 0.5.0-arm64
-0.6.0
-0.6.0-amd64
 0.6.0-arm64
-0.7.0
-0.7.0-amd64
 0.7.0-arm64
-0.8.0
-0.8.0-amd64
 0.8.0-arm64
-0.8.1
-0.8.1-amd64
 0.8.1-arm64
-0.9.0
-0.9.0-amd64
 0.9.0-arm64
-0.9.1
-0.9.1-amd64
 0.9.1-arm64
-0.9.2
-0.9.2-amd64
 0.9.2-arm64
-0.10.0
-0.10.0-amd64
 0.10.0-arm64
-0.10.1
-0.10.1-amd64
 0.10.1-arm64
-0.11.0
-0.11.0-amd64
 0.11.0-arm64
-0.11.1
-0.11.1-amd64
 0.11.1-arm64
-0.12.0
-0.12.0-amd64
 0.12.0-arm64
-0.13.0
-0.13.0-amd64
 0.13.0-arm64
-0.14.0
-0.14.0-amd64
 0.14.0-arm64
-0.14.1
-0.14.1-amd64
 0.14.1-arm64
-0.15.0
-0.15.0-amd64
 0.15.0-arm64
-0.16.0
-0.16.0-amd64
 0.16.0-arm64
-0.16.1
-0.16.1-amd64
 0.16.1-arm64
-0.17.0
-0.17.0-amd64
 0.17.0-arm64
-0.18.0
-0.18.0-amd64
 0.18.0-arm64
-1.0.0
-1.0.0-amd64
 1.0.0-arm64
-1.1.0
-1.1.0-amd64
 1.1.0-arm64
-1.2.0
-1.2.0-amd64
 1.2.0-arm64
-1.3.0
-1.3.0-amd64
 1.3.0-arm64
-1.3.1
-1.3.1-amd64
 1.3.1-arm64
-1.3.2
-1.3.2-amd64
 1.3.2-arm64
-1.3.3
-1.3.3-amd64
 1.3.3-arm64
-1.4.0
-1.4.0-amd64
 1.4.0-arm64
-1.4.1
-1.4.1-amd64
 1.4.1-arm64
-1.4.2
-1.4.2-amd64
 1.4.2-arm64
-1.5.0
-1.5.0-amd64
 1.5.0-arm64
-1.5.1
-1.5.1-amd64
 1.5.1-arm64
-2.1.0
-2.1.0-amd64
 2.1.0-arm64
-2.1.1
-2.1.1-amd64
 2.1.1-arm64
-2.1.3
-2.1.3-amd64
+2.1.2-arm64
 2.1.3-arm64
-2.1.4
-2.1.4-amd64
 2.1.4-arm64
-2.2.0
-2.2.0-amd64
 2.2.0-arm64
-2.2.1
-2.2.1-amd64
 2.2.1-arm64
-2.2.2
-2.2.2-amd64
 2.2.2-arm64
-2.2.3
-2.2.3-amd64
 2.2.3-arm64
Building the following tags: 2.1.2 origin/master (latest tag is 2.2.3)
Removing build-pkgs/zenix/Makefile
Removing build-pkgs/zenix/OVMF.fd
Removing build-pkgs/zenix/config.img
Removing build-pkgs/zenix/fallback.img
Removing build-pkgs/zenix/installer.iso
Removing build-pkgs/zenix/installer.raw
Removing build-pkgs/zenix/installer.yml
Removing build-pkgs/zenix/rootfs.img
Removing build-pkgs/zenix/rootfs.yml
Removing build-tools/bin/linuxkit
Removing build-tools/bin/manifest-tool
Removing dist/
Removing images/installer.yml
Removing images/rootfs.yml
Removing pkg/mkconf/Dockerfile
Removing pkg/qrexec-dom0/Dockerfile
Removing pkg/qrexec-lib/Dockerfile
HEAD is now at fb1f9ad Changing default server to prod
Error response from daemon: pull access denied for zededa/ztools, repository does not exist or may require 'docker login'
WARNING: couldn't fetch the latest zededa/ztools:2.1.2-arm64 - may be using stale cache
Error response from daemon: manifest for zededa/lisp:2.1.2-arm64 not found
WARNING: couldn't fetch the latest zededa/lisp:2.1.2-arm64 - may be using stale cache
Error response from daemon: pull access denied for zededa/ztools, repository does not exist or may require 'docker login'
WARNING: couldn't fetch the latest zededa/ztools:2.1.2-arm64 - may be using stale cache
Error response from daemon: manifest for zededa/lisp:2.1.2-arm64 not found
WARNING: couldn't fetch the latest zededa/lisp:2.1.2-arm64 - may be using stale cache
make -C build-tools all
make[1]: Entering directory '/home/zededa-ci/src/zenbuild/build-tools'
cd src/linuxkit/vendor/github.com/linuxkit/linuxkit/src/cmd/linuxkit ;\
/usr/bin/go  build -ldflags "-X github.com/linuxkit/linuxkit/src/cmd/linuxkit/version.GitCommit=fb1f9ad71980df3698358d13825745f5e02939ec" -o /home/zededa-ci/src/zenbuild/build-tools/bin/linuxkit .
cd src/manifest-tool/vendor/github.com/estesp/manifest-tool ;\
/usr/bin/go  build -ldflags "-X main.gitCommit=fb1f9ad71980df3698358d13825745f5e02939ec" -o /home/zededa-ci/src/zenbuild/build-tools/bin/manifest-tool .
make[1]: Leaving directory '/home/zededa-ci/src/zenbuild/build-tools'
make -C build-pkgs LINUXKIT_HASH="--hash 2.1.2  " push
make[1]: Entering directory '/home/zededa-ci/src/zenbuild/build-pkgs'
Building and pushing "zededa/build-pkgs_abuild:2.1.2"
2.1.2: Pulling from zededa/build-pkgs_abuild
36f5fbbdd115: Pulling fs layer
5f98575828e0: Pulling fs layer
59427630d50a: Pulling fs layer
9e9fa75ba4b2: Pulling fs layer
54161be90f0a: Pulling fs layer
f083f5e8acf7: Pulling fs layer
c56e4ae57007: Pulling fs layer
e5615bd77ad4: Pulling fs layer
4a71eeb9f6ff: Pulling fs layer
f083f5e8acf7: Waiting
c56e4ae57007: Waiting
e5615bd77ad4: Waiting
4a71eeb9f6ff: Waiting
9e9fa75ba4b2: Waiting
54161be90f0a: Waiting
5f98575828e0: Verifying Checksum
5f98575828e0: Download complete
36f5fbbdd115: Download complete
9e9fa75ba4b2: Verifying Checksum
9e9fa75ba4b2: Download complete
54161be90f0a: Verifying Checksum
54161be90f0a: Download complete
36f5fbbdd115: Pull complete
f083f5e8acf7: Verifying Checksum
f083f5e8acf7: Download complete
c56e4ae57007: Verifying Checksum
c56e4ae57007: Download complete
5f98575828e0: Pull complete
4a71eeb9f6ff: Download complete
59427630d50a: Verifying Checksum
59427630d50a: Download complete
e5615bd77ad4: Verifying Checksum
e5615bd77ad4: Download complete
59427630d50a: Pull complete
9e9fa75ba4b2: Pull complete
54161be90f0a: Pull complete
f083f5e8acf7: Pull complete
c56e4ae57007: Pull complete
e5615bd77ad4: Pull complete
4a71eeb9f6ff: Pull complete
Digest: sha256:056fcbe61a2a8c0590a467d397fa974429d4584a2930e7e1e7c21e6fd4587f44
Status: Downloaded newer image for zededa/build-pkgs_abuild:2.1.2
Building and pushing "zededa/build-pkgs_uefi:2.1.2"
2.1.2: Pulling from zededa/build-pkgs_uefi
11b245c7c18a: Pulling fs layer
11b245c7c18a: Verifying Checksum
11b245c7c18a: Download complete
11b245c7c18a: Pull complete
Digest: sha256:028192b0b60eeb7932300a189a4060c180697858ee35f0f0423582578457afd9
Status: Downloaded newer image for zededa/build-pkgs_uefi:2.1.2
make[1]: Leaving directory '/home/zededa-ci/src/zenbuild/build-pkgs'
make -C pkg LINUXKIT_HASH="--hash 2.1.2  " push
make[1]: Entering directory '/home/zededa-ci/src/zenbuild/pkg'
(cd ..; ./parse-pkgs.sh pkg/qrexec-lib/Dockerfile.in > pkg/qrexec-lib/Dockerfile)
Error response from daemon: pull access denied for zededa/ztools, repository does not exist or may require 'docker login'
WARNING: couldn't fetch the latest zededa/ztools:2.1.2-arm64 - may be using stale cache
Error response from daemon: manifest for zededa/lisp:2.1.2-arm64 not found
WARNING: couldn't fetch the latest zededa/lisp:2.1.2-arm64 - may be using stale cache
(cd ..; ./parse-pkgs.sh pkg/qrexec-dom0/Dockerfile.in > pkg/qrexec-dom0/Dockerfile)
Error response from daemon: pull access denied for zededa/ztools, repository does not exist or may require 'docker login'
WARNING: couldn't fetch the latest zededa/ztools:2.1.2-arm64 - may be using stale cache
Error response from daemon: manifest for zededa/lisp:2.1.2-arm64 not found
WARNING: couldn't fetch the latest zededa/lisp:2.1.2-arm64 - may be using stale cache
(cd ..; ./parse-pkgs.sh pkg/mkconf/Dockerfile.in > pkg/mkconf/Dockerfile)
Error response from daemon: pull access denied for zededa/ztools, repository does not exist or may require 'docker login'
WARNING: couldn't fetch the latest zededa/ztools:2.1.2-arm64 - may be using stale cache
Error response from daemon: manifest for zededa/lisp:2.1.2-arm64 not found
WARNING: couldn't fetch the latest zededa/lisp:2.1.2-arm64 - may be using stale cache
Building and pushing "zededa/grub:2.1.2"
2.1.2: Pulling from zededa/grub
67f3c8d5b689: Pulling fs layer
958e023bf8ec: Pulling fs layer
8acc357c028e: Pulling fs layer
67f3c8d5b689: Download complete
958e023bf8ec: Verifying Checksum
958e023bf8ec: Download complete
8acc357c028e: Verifying Checksum
8acc357c028e: Download complete
67f3c8d5b689: Pull complete
958e023bf8ec: Pull complete
8acc357c028e: Pull complete
Digest: sha256:b8428be0527f3fe8e8f08a4193feddfe764cc14e5418d19348a26de0df24c3c2
Status: Downloaded newer image for zededa/grub:2.1.2
Building and pushing "zededa/xen:2.1.2"
2.1.2: Pulling from zededa/xen
8c1e75d2bbfd: Pulling fs layer
9064923b8fb2: Pulling fs layer
8c1e75d2bbfd: Download complete
9064923b8fb2: Verifying Checksum
9064923b8fb2: Download complete
8c1e75d2bbfd: Pull complete
9064923b8fb2: Pull complete
Digest: sha256:f0b9ec603600542d222a485beb85873cf1e2fb7c13b80932250df23824e37a6b
Status: Downloaded newer image for zededa/xen:2.1.2
Building and pushing "zededa/kernel:2.1.2"
2.1.2: Pulling from zededa/kernel
49a73a82f1aa: Pulling fs layer
49a73a82f1aa: Verifying Checksum
49a73a82f1aa: Download complete
49a73a82f1aa: Pull complete
Digest: sha256:9033dd0ac2da1f9b860c0e125d28235e3bc4170e88fab542c9dcba29c8a04c74
Status: Downloaded newer image for zededa/kernel:2.1.2
Building and pushing "zededa/fw:2.1.2"
2.1.2: Pulling from zededa/fw
f97c83265674: Pulling fs layer
8d37612c290d: Pulling fs layer
fa63165b9d29: Pulling fs layer
c48003feb4fd: Pulling fs layer
3106edfcd688: Pulling fs layer
bc9c1f0f39b9: Pulling fs layer
c48003feb4fd: Waiting
3106edfcd688: Waiting
bc9c1f0f39b9: Waiting
8d37612c290d: Verifying Checksum
8d37612c290d: Download complete
f97c83265674: Verifying Checksum
f97c83265674: Download complete
fa63165b9d29: Verifying Checksum
fa63165b9d29: Download complete
c48003feb4fd: Verifying Checksum
c48003feb4fd: Download complete
3106edfcd688: Verifying Checksum
3106edfcd688: Download complete
f97c83265674: Pull complete
bc9c1f0f39b9: Verifying Checksum
bc9c1f0f39b9: Download complete
8d37612c290d: Pull complete
fa63165b9d29: Pull complete
c48003feb4fd: Pull complete
3106edfcd688: Pull complete
bc9c1f0f39b9: Pull complete
Digest: sha256:7e1a88e3676aa590ae4234438c87aea5bcb6b400194b77714d72de0a77028bee
Status: Downloaded newer image for zededa/fw:2.1.2
Building and pushing "zededa/xen-tools:2.1.2"
2.1.2: Pulling from zededa/xen-tools
440fa8c06057: Pulling fs layer
440fa8c06057: Verifying Checksum
440fa8c06057: Download complete
440fa8c06057: Pull complete
Digest: sha256:5a8def9f8c71e5dc9fd61bac543cdae3e0a39e1d3ac0a5e1c7de0d82c6fda775
Status: Downloaded newer image for zededa/xen-tools:2.1.2
Building and pushing "zededa/dnsmasq:2.1.2"
2.1.2: Pulling from zededa/dnsmasq
56f5e8a5f4a5: Pulling fs layer
56f5e8a5f4a5: Verifying Checksum
56f5e8a5f4a5: Download complete
56f5e8a5f4a5: Pull complete
Digest: sha256:e047216be05882f94d139dffedc57d840eae66c4a603c6076e85896bf32d8cc5
Status: Downloaded newer image for zededa/dnsmasq:2.1.2
Building and pushing "zededa/strongswan:2.1.2"
2.1.2: Pulling from zededa/strongswan
da0b75e606d8: Pulling fs layer
da0b75e606d8: Verifying Checksum
da0b75e606d8: Download complete
da0b75e606d8: Pull complete
Digest: sha256:3e5339a27a383dfcb64610977efcd373d12877423db4f85a883ad2f0ceae9e55
Status: Downloaded newer image for zededa/strongswan:2.1.2
Building and pushing "zededa/gpt-tools:2.1.2"
2.1.2: Pulling from zededa/gpt-tools
7509afd35e3a: Pulling fs layer
b598bf3d9282: Pulling fs layer
7546c4715161: Pulling fs layer
7546c4715161: Verifying Checksum
7546c4715161: Download complete
b598bf3d9282: Download complete
7509afd35e3a: Verifying Checksum
7509afd35e3a: Download complete
7509afd35e3a: Pull complete
b598bf3d9282: Pull complete
7546c4715161: Pull complete
Digest: sha256:de16a2d67feb7dd8564b8add9ea60bcd7d82a84bee3bb39be2d6c04f5cc7071f
Status: Downloaded newer image for zededa/gpt-tools:2.1.2
Building and pushing "zededa/dom0-ztools:2.1.2"
2.1.2: Pulling from zededa/dom0-ztools
26ee76497ab4: Pulling fs layer
26ee76497ab4: Verifying Checksum
26ee76497ab4: Download complete
26ee76497ab4: Pull complete
Digest: sha256:88ac0d4ccb5d09b9a83a4911a6a7aba610fa7171eb532128fee20f465d8eb534
Status: Downloaded newer image for zededa/dom0-ztools:2.1.2
Building and pushing "zededa/qrexec-lib:2.1.2"
2.1.2: Pulling from zededa/qrexec-lib
1dae71cc6993: Pulling fs layer
1dae71cc6993: Download complete
1dae71cc6993: Pull complete
Digest: sha256:79decdfe0154050783786bc48e72c81a1aa64ad376f87b992cd049d97cc6ecc0
Status: Downloaded newer image for zededa/qrexec-lib:2.1.2
Building and pushing "zededa/qrexec-dom0:2.1.2"
2.1.2: Pulling from zededa/qrexec-dom0
11a61fb093f9: Pulling fs layer
11a61fb093f9: Pull complete
Digest: sha256:769fdc66d21aa88c459765b50dd1de14ca37c900cf096e5ac60559bcdf566201
Status: Downloaded newer image for zededa/qrexec-dom0:2.1.2
Building and pushing "zededa/wwan:2.1.2"
2.1.2: Pulling from zededa/wwan
36f5fbbdd115: Already exists
5f98575828e0: Already exists
1474138fa5b9: Pulling fs layer
2a81cba39472: Pulling fs layer
c542432ff54f: Pulling fs layer
12a75ace524f: Pulling fs layer
12a75ace524f: Waiting
c542432ff54f: Download complete
2a81cba39472: Verifying Checksum
2a81cba39472: Download complete
1474138fa5b9: Verifying Checksum
1474138fa5b9: Download complete
12a75ace524f: Verifying Checksum
12a75ace524f: Download complete
1474138fa5b9: Pull complete
2a81cba39472: Pull complete
c542432ff54f: Pull complete
12a75ace524f: Pull complete
Digest: sha256:8a4dd0f03924fcfcc273bd60f8756554e41615f8fadc0b46bfba08a491fa6ffd
Status: Downloaded newer image for zededa/wwan:2.1.2
Building and pushing "zededa/wlan:2.1.2"
2.1.2: Pulling from zededa/wlan
e3c488b39803: Already exists
05a63128803b: Already exists
1ac0fbcf8bc5: Pulling fs layer
d4889236c0db: Pulling fs layer
d4889236c0db: Verifying Checksum
d4889236c0db: Download complete
1ac0fbcf8bc5: Download complete
1ac0fbcf8bc5: Pull complete
d4889236c0db: Pull complete
Digest: sha256:8757be36ddc552cf6281a3d42656d8f63b0e55ee7e51fcb53b7e2982385e8367
Status: Downloaded newer image for zededa/wlan:2.1.2
Building and pushing "zededa/rngd:2.1.2"
2.1.2: Pulling from zededa/rngd
713f2bcac671: Pulling fs layer
713f2bcac671: Verifying Checksum
713f2bcac671: Download complete
713f2bcac671: Pull complete
Digest: sha256:38049daa5dbc1bcae1dceb8148814eb9bb2823d8746bbff19cb38d18c26cb3f7
Status: Downloaded newer image for zededa/rngd:2.1.2
Building and pushing "zededa/watchdog:2.1.2"
2.1.2: Pulling from zededa/watchdog
7605b4482c02: Pulling fs layer
d295dc248a14: Pulling fs layer
4ea37a721db8: Pulling fs layer
4ea37a721db8: Download complete
7605b4482c02: Verifying Checksum
7605b4482c02: Download complete
d295dc248a14: Verifying Checksum
d295dc248a14: Download complete
7605b4482c02: Pull complete
d295dc248a14: Pull complete
4ea37a721db8: Pull complete
Digest: sha256:7d20aad2858c361ace58f35c628513840192cf93dc3e9878254df9dc8899e7a2
Status: Downloaded newer image for zededa/watchdog:2.1.2
Building and pushing "zededa/guacd:2.1.2"
2.1.2: Pulling from zededa/guacd
e3c488b39803: Already exists
05a63128803b: Already exists
6f81b25f6982: Pulling fs layer
c1ef19b85fa5: Pulling fs layer
17b88759b8e0: Pulling fs layer
17b88759b8e0: Verifying Checksum
17b88759b8e0: Download complete
c1ef19b85fa5: Verifying Checksum
c1ef19b85fa5: Download complete
6f81b25f6982: Verifying Checksum
6f81b25f6982: Download complete
6f81b25f6982: Pull complete
c1ef19b85fa5: Pull complete
17b88759b8e0: Pull complete
Digest: sha256:d07c2b73e30cd871db1cae1099feaa65a8a6258bd844e28849961e6f5109da3c
Status: Downloaded newer image for zededa/guacd:2.1.2
Building and pushing "zededa/device-trees:2.1.2"
2.1.2: Pulling from zededa/device-trees
cf5572e8452e: Pulling fs layer
cf5572e8452e: Download complete
cf5572e8452e: Pull complete
Digest: sha256:f8a83a0d7041153ce3d6489266b7cb5754c2fb755819e318d031894c98d5622a
Status: Downloaded newer image for zededa/device-trees:2.1.2
Building and pushing "zededa/debug:2.1.2"
2.1.2: Pulling from zededa/debug
e3c488b39803: Already exists
05a63128803b: Already exists
a5aac946e8e3: Pulling fs layer
12b849580f32: Pulling fs layer
12b849580f32: Verifying Checksum
12b849580f32: Download complete
a5aac946e8e3: Verifying Checksum
a5aac946e8e3: Download complete
a5aac946e8e3: Pull complete
12b849580f32: Pull complete
Digest: sha256:c3c1e593d28a76218e776e572e20f90d68fd0a5f67c8a6e32282b3387747b7fe
Status: Downloaded newer image for zededa/debug:2.1.2
Building and pushing "zededa/conf:2.1.2"
Error response from daemon: manifest for zededa/conf:2.1.2 not found
No image pulled, continuing with build
Sending build context to Docker daemon   5.12kB
Step 1/8 : FROM zededa/ztools:2.1.2-arm64 as zededa
pull access denied for zededa/ztools, repository does not exist or may require 'docker login'
exit status 1
Makefile:21: recipe for target 'push' failed
make[1]: *** [push] Error 1
make[1]: Leaving directory '/home/zededa-ci/src/zenbuild/pkg'
Makefile:61: recipe for target 'pkgs' failed
make: *** [pkgs] Error 2
Removing build-tools/bin/linuxkit
Removing build-tools/bin/manifest-tool
Removing pkg/mkconf/Dockerfile
Removing pkg/qrexec-dom0/Dockerfile
Removing pkg/qrexec-lib/Dockerfile
HEAD is now at 1c6e2c4 Merge pull request #93 from zededa/fixes
make -C build-tools all
make[1]: Entering directory '/home/zededa-ci/src/zenbuild/build-tools'
cd src/linuxkit/vendor/github.com/linuxkit/linuxkit/src/cmd/linuxkit ;\
/usr/bin/go  build -ldflags "-X github.com/linuxkit/linuxkit/src/cmd/linuxkit/version.GitCommit=1c6e2c47d003f9c77f37029512ad065834eedda7" -o /home/zededa-ci/src/zenbuild/build-tools/bin/linuxkit .
cd src/manifest-tool/vendor/github.com/estesp/manifest-tool ;\
/usr/bin/go  build -ldflags "-X main.gitCommit=1c6e2c47d003f9c77f37029512ad065834eedda7" -o /home/zededa-ci/src/zenbuild/build-tools/bin/manifest-tool .
make[1]: Leaving directory '/home/zededa-ci/src/zenbuild/build-tools'
make -C build-pkgs LINUXKIT_HASH="  --release snapshot" push
make[1]: Entering directory '/home/zededa-ci/src/zenbuild/build-pkgs'
Building and pushing "zededa/build-pkgs_abuild:7ae4d9f9fa290963de466d5ed96d6c9318354824"
7ae4d9f9fa290963de466d5ed96d6c9318354824: Pulling from zededa/build-pkgs_abuild
bb473f0ebc12: Already exists
75ff6b7ff3a2: Already exists
ce306cf0a019: Pulling fs layer
94fa7cf47ffd: Pulling fs layer
986e6b498225: Pulling fs layer
f0a7e80f8a55: Pulling fs layer
aaa52fd86a44: Pulling fs layer
3ee847426889: Pulling fs layer
cea6a2d3c206: Pulling fs layer
3ee847426889: Waiting
f0a7e80f8a55: Waiting
aaa52fd86a44: Waiting
cea6a2d3c206: Waiting
986e6b498225: Download complete
94fa7cf47ffd: Verifying Checksum
94fa7cf47ffd: Download complete
aaa52fd86a44: Verifying Checksum
aaa52fd86a44: Download complete
f0a7e80f8a55: Download complete
cea6a2d3c206: Verifying Checksum
cea6a2d3c206: Download complete
ce306cf0a019: Verifying Checksum
ce306cf0a019: Download complete
3ee847426889: Verifying Checksum
3ee847426889: Download complete
ce306cf0a019: Pull complete
94fa7cf47ffd: Pull complete
986e6b498225: Pull complete
f0a7e80f8a55: Pull complete
aaa52fd86a44: Pull complete
3ee847426889: Pull complete
cea6a2d3c206: Pull complete
Digest: sha256:1a11eee631ec5ff068f207ae6bcd87d5d4a48a062308b46988cda10abdd15c86
Status: Downloaded newer image for zededa/build-pkgs_abuild:7ae4d9f9fa290963de466d5ed96d6c9318354824
Building and pushing "zededa/build-pkgs_uefi:a3362428c518fb4db1a136a961bd17e8a66fb693"
a3362428c518fb4db1a136a961bd17e8a66fb693: Pulling from zededa/build-pkgs_uefi
cc30a4cadbde: Pulling fs layer
cc30a4cadbde: Verifying Checksum
cc30a4cadbde: Download complete
cc30a4cadbde: Pull complete
Digest: sha256:40b3cfec230b69210428c2b9db0d96985b2f107d18b0a62b28736e3e04b15f44
Status: Downloaded newer image for zededa/build-pkgs_uefi:a3362428c518fb4db1a136a961bd17e8a66fb693
make[1]: Leaving directory '/home/zededa-ci/src/zenbuild/build-pkgs'
make -C pkg LINUXKIT_HASH="  --release snapshot" push
make[1]: Entering directory '/home/zededa-ci/src/zenbuild/pkg'
(cd ..; ./tools/parse-pkgs.sh pkg/qrexec-lib/Dockerfile.in > pkg/qrexec-lib/Dockerfile)
WARNING: couldn't fetch the latest zededa/ztools:snapshot-arm64 - may be using stale cache
WARNING: failed to obtain zededa/ztools:snapshot-arm64 - using zededa/debug:3aeeaf4e04f450283d49220eb7e82262b4531687-arm64 instead
(cd ..; ./tools/parse-pkgs.sh pkg/qrexec-dom0/Dockerfile.in > pkg/qrexec-dom0/Dockerfile)
WARNING: couldn't fetch the latest zededa/ztools:snapshot-arm64 - may be using stale cache
WARNING: failed to obtain zededa/ztools:snapshot-arm64 - using zededa/debug:3aeeaf4e04f450283d49220eb7e82262b4531687-arm64 instead
(cd ..; ./tools/parse-pkgs.sh pkg/mkconf/Dockerfile.in > pkg/mkconf/Dockerfile)
WARNING: couldn't fetch the latest zededa/ztools:snapshot-arm64 - may be using stale cache
WARNING: failed to obtain zededa/ztools:snapshot-arm64 - using zededa/debug:3aeeaf4e04f450283d49220eb7e82262b4531687-arm64 instead
Building and pushing "zededa/grub:6a5c0688ea5c05aaa92b9e4a40579ea14f5e55be"
6a5c0688ea5c05aaa92b9e4a40579ea14f5e55be: Pulling from zededa/grub
67f3c8d5b689: Already exists
958e023bf8ec: Already exists
edfd0ce18454: Pulling fs layer
edfd0ce18454: Verifying Checksum
edfd0ce18454: Download complete
edfd0ce18454: Pull complete
Digest: sha256:5d502ab31b91cae09ae8209ea174b1bd89e1436def7d48a0ce071b19c75297bf
Status: Downloaded newer image for zededa/grub:6a5c0688ea5c05aaa92b9e4a40579ea14f5e55be
Building and pushing "zededa/xen:f51bf3d17fad15b71242befbddec96e177132a99"
f51bf3d17fad15b71242befbddec96e177132a99: Pulling from zededa/xen
be5435e02034: Pulling fs layer
081a291393f1: Pulling fs layer
be5435e02034: Download complete
081a291393f1: Verifying Checksum
081a291393f1: Download complete
be5435e02034: Pull complete
081a291393f1: Pull complete
Digest: sha256:72ff3c98dafff206e4b77c51f05eb768ae4e42032c31f5755c6ebec33aa571ab
Status: Downloaded newer image for zededa/xen:f51bf3d17fad15b71242befbddec96e177132a99
Building and pushing "zededa/kernel:7cfa13614bb99a84030db209b6c9a0696c7d3315"
7cfa13614bb99a84030db209b6c9a0696c7d3315: Pulling from zededa/kernel
b1bd6e824977: Pulling fs layer
b1bd6e824977: Verifying Checksum
b1bd6e824977: Download complete
b1bd6e824977: Pull complete
Digest: sha256:0e681b1a20b981282191d707ae01019ef41dd7b01697271e34885b572239894b
Status: Downloaded newer image for zededa/kernel:7cfa13614bb99a84030db209b6c9a0696c7d3315
Building and pushing "zededa/fw:1d8c22ae31c42d767ba648b186db4ea967a9c569"
1d8c22ae31c42d767ba648b186db4ea967a9c569: Pulling from zededa/fw
856e9d5e26fb: Pulling fs layer
5abe7070d874: Pulling fs layer
b6e8d5b55d21: Pulling fs layer
db58c430dfd3: Pulling fs layer
8aa8d242f924: Pulling fs layer
bcf85a7d2cbc: Pulling fs layer
8aa8d242f924: Waiting
db58c430dfd3: Waiting
bcf85a7d2cbc: Waiting
5abe7070d874: Verifying Checksum
5abe7070d874: Download complete
856e9d5e26fb: Verifying Checksum
856e9d5e26fb: Download complete
b6e8d5b55d21: Verifying Checksum
b6e8d5b55d21: Download complete
8aa8d242f924: Verifying Checksum
8aa8d242f924: Download complete
db58c430dfd3: Verifying Checksum
db58c430dfd3: Download complete
856e9d5e26fb: Pull complete
bcf85a7d2cbc: Verifying Checksum
bcf85a7d2cbc: Download complete
5abe7070d874: Pull complete
b6e8d5b55d21: Pull complete
db58c430dfd3: Pull complete
8aa8d242f924: Pull complete
bcf85a7d2cbc: Pull complete
Digest: sha256:c95ae74a720a42dc91dce6b5d225bf1758bef24b327e21f18c9dd184713d43e3
Status: Downloaded newer image for zededa/fw:1d8c22ae31c42d767ba648b186db4ea967a9c569
Building and pushing "zededa/xen-tools:9c96b441d083d7ef7bcb602bf009fa91bd7ebbf2"
9c96b441d083d7ef7bcb602bf009fa91bd7ebbf2: Pulling from zededa/xen-tools
27939edb2389: Pulling fs layer
27939edb2389: Verifying Checksum
27939edb2389: Download complete
27939edb2389: Pull complete
Digest: sha256:897606c52b7cb91fa393ca30dae8f7c4cd8ce9fc26e5251e784a0af2fe9685c2
Status: Downloaded newer image for zededa/xen-tools:9c96b441d083d7ef7bcb602bf009fa91bd7ebbf2
Building and pushing "zededa/dnsmasq:c5985cdd83998d06255fe115d230a280c6928f1b"
c5985cdd83998d06255fe115d230a280c6928f1b: Pulling from zededa/dnsmasq
42c5bb5e9825: Pulling fs layer
42c5bb5e9825: Verifying Checksum
42c5bb5e9825: Download complete
42c5bb5e9825: Pull complete
Digest: sha256:5ea4d415bfdfef4417f63b1b0d39e91511c39e3cec4a49c7f1523c8987dff9cc
Status: Downloaded newer image for zededa/dnsmasq:c5985cdd83998d06255fe115d230a280c6928f1b
Building and pushing "zededa/strongswan:8f5ee3b98aa3ea49a9a4231baac9be933d6155ec"
8f5ee3b98aa3ea49a9a4231baac9be933d6155ec: Pulling from zededa/strongswan
2f724467ffba: Pulling fs layer
2f724467ffba: Verifying Checksum
2f724467ffba: Download complete
2f724467ffba: Pull complete
Digest: sha256:369e5f5de5fe189d5c1942f797b217fdc48b6e4161a70df5efce2d252135c978
Status: Downloaded newer image for zededa/strongswan:8f5ee3b98aa3ea49a9a4231baac9be933d6155ec
Building and pushing "zededa/gpt-tools:8e929f0aaa1d2d397c093e68ced86690f511a237"
8e929f0aaa1d2d397c093e68ced86690f511a237: Pulling from zededa/gpt-tools
7509afd35e3a: Already exists
b598bf3d9282: Already exists
8a061c414073: Pulling fs layer
8a061c414073: Download complete
8a061c414073: Pull complete
Digest: sha256:c36aaa002486fecee65b6c676be25e7e78645d213f36f6acd093a732d478802c
Status: Downloaded newer image for zededa/gpt-tools:8e929f0aaa1d2d397c093e68ced86690f511a237
Building and pushing "zededa/dom0-ztools:b53cd1b5785c128371a5997e3a6e16007718c12d"
b53cd1b5785c128371a5997e3a6e16007718c12d: Pulling from zededa/dom0-ztools
9325f6d93e37: Pulling fs layer
9325f6d93e37: Verifying Checksum
9325f6d93e37: Download complete
9325f6d93e37: Pull complete
Digest: sha256:65037565a2b30850b6368825b9d1e7af47a89c812eb1a910b8c93da828736473
Status: Downloaded newer image for zededa/dom0-ztools:b53cd1b5785c128371a5997e3a6e16007718c12d
Building and pushing "zededa/qrexec-lib:2e0df0df95f86df6953d7d2e7729213b77fd7206"
2e0df0df95f86df6953d7d2e7729213b77fd7206: Pulling from zededa/qrexec-lib
330e564dc901: Pulling fs layer
330e564dc901: Verifying Checksum
330e564dc901: Download complete
330e564dc901: Pull complete
Digest: sha256:15aa3ca4fef43b0918e92eed910279f368e8c3fd52faabb50fc688f555b35700
Status: Downloaded newer image for zededa/qrexec-lib:2e0df0df95f86df6953d7d2e7729213b77fd7206
Building and pushing "zededa/qrexec-dom0:2c3cf9b135409690eaa86092c41f7c800d398468"
2c3cf9b135409690eaa86092c41f7c800d398468: Pulling from zededa/qrexec-dom0
069ff896e3b3: Pulling fs layer
069ff896e3b3: Verifying Checksum
069ff896e3b3: Download complete
069ff896e3b3: Pull complete
Digest: sha256:8595ea8ced1b220d3afb52b7804c31e7a0a26779638d9f7e737dfb924569e479
Status: Downloaded newer image for zededa/qrexec-dom0:2c3cf9b135409690eaa86092c41f7c800d398468
Building and pushing "zededa/wwan:5f68442251df0f2625fde14e947f11de2374b72d"
5f68442251df0f2625fde14e947f11de2374b72d: Pulling from zededa/wwan
bb473f0ebc12: Already exists
75ff6b7ff3a2: Already exists
fb2fe9b04195: Pulling fs layer
77024558fae3: Pulling fs layer
fc90bad7dfc0: Pulling fs layer
cc36d1f9c72c: Pulling fs layer
cc36d1f9c72c: Waiting
fc90bad7dfc0: Verifying Checksum
fc90bad7dfc0: Download complete
77024558fae3: Verifying Checksum
77024558fae3: Download complete
fb2fe9b04195: Verifying Checksum
fb2fe9b04195: Download complete
cc36d1f9c72c: Download complete
fb2fe9b04195: Pull complete
77024558fae3: Pull complete
fc90bad7dfc0: Pull complete
cc36d1f9c72c: Pull complete
Digest: sha256:478b5409d39c3f90b9be2c4689fe366dcc64cd3c273574a400028f5993479bec
Status: Downloaded newer image for zededa/wwan:5f68442251df0f2625fde14e947f11de2374b72d
Building and pushing "zededa/wlan:8aa66e76c276b97d1141801d3f461e2b3f8f8f97"
8aa66e76c276b97d1141801d3f461e2b3f8f8f97: Pulling from zededa/wlan
47e04371c990: Already exists
b4103359e1ec: Already exists
393807a9df5d: Pulling fs layer
6fb2ec65d6e5: Pulling fs layer
6fb2ec65d6e5: Verifying Checksum
6fb2ec65d6e5: Download complete
393807a9df5d: Verifying Checksum
393807a9df5d: Download complete
393807a9df5d: Pull complete
6fb2ec65d6e5: Pull complete
Digest: sha256:eb614df60aa8c847ea9f7a89848b0199f4852dbda8a9c07841607fdd7cb16d6c
Status: Downloaded newer image for zededa/wlan:8aa66e76c276b97d1141801d3f461e2b3f8f8f97
Building and pushing "zededa/rngd:5adb10a552c07513159777bd022ac58e23d59272"
5adb10a552c07513159777bd022ac58e23d59272: Pulling from zededa/rngd
d9c447e24087: Pulling fs layer
d9c447e24087: Verifying Checksum
d9c447e24087: Download complete
d9c447e24087: Pull complete
Digest: sha256:8f798b501b621b915f73ffe47bffb38a7135ea96dcd01b509ee46324756d01b4
Status: Downloaded newer image for zededa/rngd:5adb10a552c07513159777bd022ac58e23d59272
Building and pushing "zededa/watchdog:2aea3af274e4928d2eab2b738d0e100ee5362173"
2aea3af274e4928d2eab2b738d0e100ee5362173: Pulling from zededa/watchdog
f939136e481f: Pulling fs layer
9d9029ccdab3: Pulling fs layer
1c9762c7a2b7: Pulling fs layer
f939136e481f: Download complete
1c9762c7a2b7: Download complete
9d9029ccdab3: Verifying Checksum
9d9029ccdab3: Download complete
f939136e481f: Pull complete
9d9029ccdab3: Pull complete
1c9762c7a2b7: Pull complete
Digest: sha256:3beef59348def169640889b43bfebf7fa22b7b095dc4168abee3a5a88b5dc559
Status: Downloaded newer image for zededa/watchdog:2aea3af274e4928d2eab2b738d0e100ee5362173
Building and pushing "zededa/guacd:85a2add30bae37777d3d4f3f17a528fe8db88e96"
85a2add30bae37777d3d4f3f17a528fe8db88e96: Pulling from zededa/guacd
e3c488b39803: Already exists
05a63128803b: Already exists
13f7f53f6ac4: Pulling fs layer
5ae3c378a537: Pulling fs layer
fb4c8ca30703: Pulling fs layer
5ae3c378a537: Verifying Checksum
5ae3c378a537: Download complete
fb4c8ca30703: Verifying Checksum
fb4c8ca30703: Download complete
13f7f53f6ac4: Verifying Checksum
13f7f53f6ac4: Download complete
13f7f53f6ac4: Pull complete
5ae3c378a537: Pull complete
fb4c8ca30703: Pull complete
Digest: sha256:47376275e56439a0836f1765511f19768651b2a095be6da54fdfd0b2b7b6ce24
Status: Downloaded newer image for zededa/guacd:85a2add30bae37777d3d4f3f17a528fe8db88e96
Building and pushing "zededa/lisp:6654433c2b3df84d02472f202eee07e4d3173442"
6654433c2b3df84d02472f202eee07e4d3173442: Pulling from zededa/lisp
d693e5d5c62f: Pulling fs layer
71e35c0ffcb3: Pulling fs layer
ee0475caceab: Pulling fs layer
5373e288d8e1: Pulling fs layer
5373e288d8e1: Waiting
71e35c0ffcb3: Download complete
d693e5d5c62f: Verifying Checksum
d693e5d5c62f: Download complete
ee0475caceab: Verifying Checksum
ee0475caceab: Download complete
5373e288d8e1: Verifying Checksum
5373e288d8e1: Download complete
d693e5d5c62f: Pull complete
71e35c0ffcb3: Pull complete
ee0475caceab: Pull complete
5373e288d8e1: Pull complete
Digest: sha256:c8a5fc7a7620be9c18fba8b2d7d34d439a1a9d46d7198488ee4077f0001dedc3
Status: Downloaded newer image for zededa/lisp:6654433c2b3df84d02472f202eee07e4d3173442
Building and pushing "zededa/device-trees:18377dd0bc3c33a1602e94a4c43aa0b3c51badb9"
18377dd0bc3c33a1602e94a4c43aa0b3c51badb9: Pulling from zededa/device-trees
5cd4ba811b71: Pulling fs layer
5cd4ba811b71: Verifying Checksum
5cd4ba811b71: Download complete
5cd4ba811b71: Pull complete
Digest: sha256:61bb1d6398633d24618b7f788432b81137e619b29eb1c6e2f762c53357f10d66
Status: Downloaded newer image for zededa/device-trees:18377dd0bc3c33a1602e94a4c43aa0b3c51badb9
Building and pushing "zededa/debug:3aeeaf4e04f450283d49220eb7e82262b4531687"
3aeeaf4e04f450283d49220eb7e82262b4531687: Pulling from zededa/debug
47e04371c990: Already exists
b4103359e1ec: Already exists
893fdc9ef718: Pulling fs layer
35bab0a7770e: Pulling fs layer
35bab0a7770e: Download complete
893fdc9ef718: Verifying Checksum
893fdc9ef718: Download complete
893fdc9ef718: Pull complete
35bab0a7770e: Pull complete
Digest: sha256:81015d30d78e63cd2f1084198c92ebca85cb3214fb1eb90444fd59d3936b74a9
Status: Downloaded newer image for zededa/debug:3aeeaf4e04f450283d49220eb7e82262b4531687
Building and pushing "zededa/conf:e22275bd5d97d32d523595bbb41b2a21cbe509a7"
e22275bd5d97d32d523595bbb41b2a21cbe509a7: Pulling from zededa/conf
bb473f0ebc12: Already exists
8c59ca845b3c: Already exists
165267d7c715: Already exists
da678138f0a6: Already exists
6b04075da465: Already exists
609252df079c: Already exists
d9451414fbf1: Already exists
2d1e0a8c7b3d: Already exists
701fc02591ce: Already exists
a1eecec7c668: Already exists
e9faff290399: Pulling fs layer
86f429df4658: Pulling fs layer
1f9b0590c07b: Pulling fs layer
1f9b0590c07b: Verifying Checksum
1f9b0590c07b: Download complete
e9faff290399: Verifying Checksum
e9faff290399: Download complete
86f429df4658: Download complete
e9faff290399: Pull complete
86f429df4658: Pull complete
1f9b0590c07b: Pull complete
Digest: sha256:bdea79263dde5375b38ea0616330d8c422f11c6a13b4b725dfe497482e788544
Status: Downloaded newer image for zededa/conf:e22275bd5d97d32d523595bbb41b2a21cbe509a7
Building and pushing "zededa/mkrootfs-ext4:5f77cd6a2b87a3a9927593763da1941dbed1ce80"
5f77cd6a2b87a3a9927593763da1941dbed1ce80: Pulling from zededa/mkrootfs-ext4
bb473f0ebc12: Already exists
8c59ca845b3c: Already exists
165267d7c715: Already exists
da678138f0a6: Already exists
6b04075da465: Already exists
609252df079c: Already exists
d9451414fbf1: Already exists
2d1e0a8c7b3d: Already exists
701fc02591ce: Already exists
a1eecec7c668: Already exists
8f3bc22583ab: Pulling fs layer
4dd1eef507c6: Pulling fs layer
4dd1eef507c6: Verifying Checksum
4dd1eef507c6: Download complete
8f3bc22583ab: Verifying Checksum
8f3bc22583ab: Download complete
8f3bc22583ab: Pull complete
4dd1eef507c6: Pull complete
Digest: sha256:dedb371f7dc9af3f9472d9f4c0c4dd75771a34bb940085b75c3e1d42a7108467
Status: Downloaded newer image for zededa/mkrootfs-ext4:5f77cd6a2b87a3a9927593763da1941dbed1ce80
Building and pushing "zededa/mkrootfs-squash:b47d705603f5f0d3765b03cf583e1a7fd287f212"
b47d705603f5f0d3765b03cf583e1a7fd287f212: Pulling from zededa/mkrootfs-squash
bb473f0ebc12: Already exists
8c59ca845b3c: Already exists
165267d7c715: Already exists
da678138f0a6: Already exists
6b04075da465: Already exists
609252df079c: Already exists
d9451414fbf1: Already exists
2d1e0a8c7b3d: Already exists
701fc02591ce: Already exists
a1eecec7c668: Already exists
8f3bc22583ab: Already exists
5be2022187a4: Pulling fs layer
5be2022187a4: Verifying Checksum
5be2022187a4: Download complete
5be2022187a4: Pull complete
Digest: sha256:69fe871728593b96cd07c9803cfafd083e0adc34e62236669052d16a955f8c8b
Status: Downloaded newer image for zededa/mkrootfs-squash:b47d705603f5f0d3765b03cf583e1a7fd287f212
Building and pushing "zededa/mkimage-raw-efi:335897b5ea6350947ecb1c7fa85f4fac093d4d50"
335897b5ea6350947ecb1c7fa85f4fac093d4d50: Pulling from zededa/mkimage-raw-efi
f0599ed267cb: Pulling fs layer
8bfe4843495e: Pulling fs layer
e1fbd8b1ca6a: Pulling fs layer
1c3a18e0ecb0: Pulling fs layer
e94470083576: Pulling fs layer
118d901e5097: Pulling fs layer
1c3a18e0ecb0: Waiting
e94470083576: Waiting
118d901e5097: Waiting
8bfe4843495e: Verifying Checksum
8bfe4843495e: Download complete
f0599ed267cb: Verifying Checksum
f0599ed267cb: Download complete
e1fbd8b1ca6a: Verifying Checksum
e1fbd8b1ca6a: Download complete
e94470083576: Verifying Checksum
e94470083576: Download complete
1c3a18e0ecb0: Verifying Checksum
1c3a18e0ecb0: Download complete
f0599ed267cb: Pull complete
118d901e5097: Download complete
8bfe4843495e: Pull complete
e1fbd8b1ca6a: Pull complete
1c3a18e0ecb0: Pull complete
e94470083576: Pull complete
118d901e5097: Pull complete
Digest: sha256:0c15be5b4c2d38f5fde53f100c1964459ae80639162f8875e2f70bcf47a5d48c
Status: Downloaded newer image for zededa/mkimage-raw-efi:335897b5ea6350947ecb1c7fa85f4fac093d4d50
Building and pushing "zededa/mkimage-iso-efi:49a6ff8320ce088460c8acb6f36bc15b15d800e9"
49a6ff8320ce088460c8acb6f36bc15b15d800e9: Pulling from zededa/mkimage-iso-efi
bb473f0ebc12: Already exists
8c59ca845b3c: Already exists
e5def26d2707: Already exists
44e148518c95: Already exists
5b15a45109c2: Already exists
4cf166107325: Already exists
8430261671e8: Already exists
f74f1e4e2d62: Already exists
52f9790a596f: Already exists
b5da60967060: Already exists
e78386421687: Pulling fs layer
8cc075129ca7: Pulling fs layer
8cc075129ca7: Download complete
e78386421687: Verifying Checksum
e78386421687: Download complete
e78386421687: Pull complete
8cc075129ca7: Pull complete
Digest: sha256:6693333f49b1f7c8e7931c6580e56d05078484b0b099136b7b2aff1b3055e65e
Status: Downloaded newer image for zededa/mkimage-iso-efi:49a6ff8320ce088460c8acb6f36bc15b15d800e9
make[1]: Leaving directory '/home/zededa-ci/src/zenbuild/pkg'
mkdir -p dist/arm64/bios
cd dist/arm64/bios ; _() { C=`docker create $1 fake` ; docker export $C | tar -xf - $2 ; docker rm $C ; } ; _ zededa/build-pkgs_uefi:a3362428c518fb4db1a136a961bd17e8a66fb693-arm64 OVMF.fd
Unable to find image 'zededa/build-pkgs_uefi:a3362428c518fb4db1a136a961bd17e8a66fb693-arm64' locally
a3362428c518fb4db1a136a961bd17e8a66fb693-arm64: Pulling from zededa/build-pkgs_uefi
Digest: sha256:b7a0430ef93dfb140efe02a3a66bd7cd573e551df78b3da61c173daff1883b51
Status: Downloaded newer image for zededa/build-pkgs_uefi:a3362428c518fb4db1a136a961bd17e8a66fb693-arm64
62d5352db38ac1e819157511b9d8312dd2f0cb62e981feaf01586cabd893b2c4
./tools/makeconfig.sh conf dist/arm64/config.img
+ CONFIG_FILE=/config.img
+ CONFIG_SIZE_KB=1024
+ cd /conf
+ tar xf -
+ echo mtools_skip_check=1
+ dd if=/dev/zero of=/config.img bs=1024 count=1024
1024+0 records in
1024+0 records out
+ mkfs.vfat -n ZEDEDA -v /config.img 1024
mkfs.fat 4.1 (2017-01-24)
/config.img has 64 heads and 32 sectors per track,
hidden sectors 0x0000;
logical sector size is 512,
using 0xf8 media descriptor, with 2048 sectors;
drive number 0x80;
filesystem has 2 12-bit FATs and 4 sectors per cluster.
FAT size is 2 sectors, and provides 502 clusters.
There is 1 reserved sector.
Root directory contains 512 slots and uses 32 sectors.
Volume ID is 0eb06a77, volume label ZEDEDA     .
+ mcopy -i /config.img -s /conf/onboard.cert.pem /conf/onboard.key.pem /conf/root-certificate.pem /conf/server /conf/server.production /conf/wpa_supplicant.conf ::/
WARNING: couldn't fetch the latest zededa/ztools:snapshot-arm64 - may be using stale cache
WARNING: failed to obtain zededa/ztools:snapshot-arm64 - using zededa/debug:3aeeaf4e04f450283d49220eb7e82262b4531687-arm64 instead
WARNING: couldn't fetch the latest zededa/ztools:snapshot-arm64 - may be using stale cache
WARNING: failed to obtain zededa/ztools:snapshot-arm64 - using zededa/debug:3aeeaf4e04f450283d49220eb7e82262b4531687-arm64 instead
WARNING: couldn't fetch the latest zededa/ztools:snapshot-arm64 - may be using stale cache
WARNING: failed to obtain zededa/ztools:snapshot-arm64 - using zededa/debug:3aeeaf4e04f450283d49220eb7e82262b4531687-arm64 instead
WARNING: couldn't fetch the latest zededa/ztools:snapshot-arm64 - may be using stale cache
WARNING: failed to obtain zededa/ztools:snapshot-arm64 - using zededa/debug:3aeeaf4e04f450283d49220eb7e82262b4531687-arm64 instead
WARNING: couldn't fetch the latest zededa/ztools:snapshot-arm64 - may be using stale cache
WARNING: failed to obtain zededa/ztools:snapshot-arm64 - using zededa/debug:3aeeaf4e04f450283d49220eb7e82262b4531687-arm64 instead
docker pull zededa/zedctr:6297424143dcd514ddb656f1e5eeb4f5867b7aac-arm64 >/dev/null 2>&1 || : ;\
if ! docker inspect zededa/zedctr:6297424143dcd514ddb656f1e5eeb4f5867b7aac-arm64 >/dev/null 2>&1 ; then \
  if [ -n "" ] ; then \
     DOCKER_ARCH_TAG=arm64 ./tools/parse-pkgs.sh < pkg/zedctr/Dockerfile.cross.in > pkg/zedctr/Dockerfile ;\
    PKG_HASH=`mktemp -u XXXXXXXXXX` ;\
    make -C pkg PKGS=zedctr RESCAN_DEPS="" LINUXKIT_OPTS="--disable-content-trust --force --disable-cache --hash $PKG_HASH" push ;\
    PKG_HASH=zededa/zedctr:$PKG_HASH ;\
    docker tag $PKG_HASH zededa/zedctr:6297424143dcd514ddb656f1e5eeb4f5867b7aac-arm64 ;\
    docker rmi $PKG_HASH $PKG_HASH- ;\
  else \
    make -C pkg PKGS=zedctr LINUXKIT_OPTS="--disable-content-trust --force --disable-cache --hash 6297424143dcd514ddb656f1e5eeb4f5867b7aac --release snapshot" push ;\
  fi ;\
fi
make[1]: Entering directory '/home/zededa-ci/src/zenbuild/pkg'
(cd ..; ./tools/parse-pkgs.sh pkg/zedctr//Dockerfile.in > pkg/zedctr//Dockerfile)
WARNING: couldn't fetch the latest zededa/ztools:snapshot-arm64 - may be using stale cache
WARNING: failed to obtain zededa/ztools:snapshot-arm64 - using zededa/debug:3aeeaf4e04f450283d49220eb7e82262b4531687-arm64 instead
Building and pushing "zededa/zedctr:6297424143dcd514ddb656f1e5eeb4f5867b7aac"
Sending build context to Docker daemon   21.5kB
Step 1/22 : FROM zededa/debug:3aeeaf4e04f450283d49220eb7e82262b4531687-arm64 as ztools
3aeeaf4e04f450283d49220eb7e82262b4531687-arm64: Pulling from zededa/debug
Digest: sha256:2064732e09ef77c9f72a296810033a9ec4d9b49c1205090a8c6c0a39b110b77e
Status: Downloaded newer image for zededa/debug:3aeeaf4e04f450283d49220eb7e82262b4531687-arm64
 ---> 256db766104a
Step 2/22 : FROM zededa/lisp:6654433c2b3df84d02472f202eee07e4d3173442-arm64 as lisp
6654433c2b3df84d02472f202eee07e4d3173442-arm64: Pulling from zededa/lisp
Digest: sha256:68813c8002694207143a2b73efb66978097a1b30b63da4129df4b838cb9dbc99
Status: Downloaded newer image for zededa/lisp:6654433c2b3df84d02472f202eee07e4d3173442-arm64
 ---> 52fd71b4f412
Step 3/22 : FROM zededa/xen-tools:9c96b441d083d7ef7bcb602bf009fa91bd7ebbf2-arm64 as xen-tools
9c96b441d083d7ef7bcb602bf009fa91bd7ebbf2-arm64: Pulling from zededa/xen-tools
Digest: sha256:d62de3132ae253d01609f71ad05bc7d6edc0fc1ca6b592e9d71c333a045aed64
Status: Downloaded newer image for zededa/xen-tools:9c96b441d083d7ef7bcb602bf009fa91bd7ebbf2-arm64
 ---> 194a0d29c96f
Step 4/22 : FROM zededa/dnsmasq:c5985cdd83998d06255fe115d230a280c6928f1b-arm64 as dnsmasq
c5985cdd83998d06255fe115d230a280c6928f1b-arm64: Pulling from zededa/dnsmasq
Digest: sha256:9cc8e9b98c9ff7d6b7740fec9e8cb133c2b48a5091811636337674923501147e
Status: Downloaded newer image for zededa/dnsmasq:c5985cdd83998d06255fe115d230a280c6928f1b-arm64
 ---> 85ce87902c8e
Step 5/22 : FROM zededa/strongswan:8f5ee3b98aa3ea49a9a4231baac9be933d6155ec-arm64 as strongswan
8f5ee3b98aa3ea49a9a4231baac9be933d6155ec-arm64: Pulling from zededa/strongswan
Digest: sha256:081e0e477c937f8efafc14791c8454fe52dd804d98de31bc02645ce008740964
Status: Downloaded newer image for zededa/strongswan:8f5ee3b98aa3ea49a9a4231baac9be933d6155ec-arm64
 ---> 2e11606a1b07
Step 6/22 : FROM zededa/gpt-tools:8e929f0aaa1d2d397c093e68ced86690f511a237-arm64 as gpttools
8e929f0aaa1d2d397c093e68ced86690f511a237-arm64: Pulling from zededa/gpt-tools
Digest: sha256:5eb8f839956aa32a18e3b9da16dbf341420fdd177ebd0510e2e5f34f50f46d5c
Status: Downloaded newer image for zededa/gpt-tools:8e929f0aaa1d2d397c093e68ced86690f511a237-arm64
 ---> 3e7b643f9ef1
Step 7/22 : FROM zededa/watchdog:2aea3af274e4928d2eab2b738d0e100ee5362173-arm64 as watchdog
2aea3af274e4928d2eab2b738d0e100ee5362173-arm64: Pulling from zededa/watchdog
Digest: sha256:5c4abb0cccef1ad77931bc9de7e7e84cb088ba3be940d97b54ac319dbdb8907a
Status: Downloaded newer image for zededa/watchdog:2aea3af274e4928d2eab2b738d0e100ee5362173-arm64
 ---> 2682e16114b6
Step 8/22 : FROM alpine:3.8
 ---> 91f7ef093236
Step 9/22 : RUN apk add --no-cache     yajl xz bash openssl iptables ip6tables iproute2 dhcpcd     apk-cron coreutils dmidecode sudo libbz2 libuuid ipset     libaio logrotate pixman glib curl radvd perl ethtool     openssh-server util-linux e2fsprogs libcrypto1.0 xorriso     python libpcap libffi
 ---> Running in 36bfe2aa6f80
fetch http://dl-cdn.alpinelinux.org/alpine/v3.8/main/aarch64/APKINDEX.tar.gz
fetch http://dl-cdn.alpinelinux.org/alpine/v3.8/community/aarch64/APKINDEX.tar.gz
(1/66) Installing apk-cron (1.0-r1)
(2/66) Installing ncurses-terminfo-base (6.1_p20180818-r1)
(3/66) Installing ncurses-terminfo (6.1_p20180818-r1)
(4/66) Installing ncurses-libs (6.1_p20180818-r1)
(5/66) Installing readline (7.0.003-r0)
(6/66) Installing bash (4.4.19-r1)
Executing bash-4.4.19-r1.post-install
(7/66) Installing libattr (2.4.47-r7)
(8/66) Installing libacl (2.2.52-r5)
(9/66) Installing coreutils (8.29-r2)
(10/66) Installing ca-certificates (20190108-r0)
(11/66) Installing nghttp2-libs (1.32.0-r0)
(12/66) Installing libssh2 (1.8.2-r0)
(13/66) Installing libcurl (7.61.1-r2)
(14/66) Installing curl (7.61.1-r2)
(15/66) Installing dhcpcd (7.0.7-r0)
(16/66) Installing dmidecode (3.1-r0)
(17/66) Installing libuuid (2.32-r0)
(18/66) Installing libblkid (2.32-r0)
(19/66) Installing libcom_err (1.44.2-r0)
(20/66) Installing e2fsprogs-libs (1.44.2-r0)
(21/66) Installing e2fsprogs (1.44.2-r0)
(22/66) Installing ethtool (4.16-r0)
(23/66) Installing libffi (3.2.1-r4)
(24/66) Installing libintl (0.19.8.1-r2)
(25/66) Installing libmount (2.32-r0)
(26/66) Installing pcre (8.42-r0)
(27/66) Installing glib (2.56.1-r0)
(28/66) Installing libmnl (1.0.4-r0)
(29/66) Installing jansson (2.11-r0)
(30/66) Installing libnftnl-libs (1.1.1-r0)
(31/66) Installing iptables (1.6.2-r0)
(32/66) Installing ip6tables (1.6.2-r0)
(33/66) Installing libelf (0.8.13-r3)
(34/66) Installing iproute2 (4.13.0-r0)
Executing iproute2-4.13.0-r0.post-install
(35/66) Installing ipset (6.38-r1)
(36/66) Installing libaio (0.3.111-r0)
(37/66) Installing libbz2 (1.0.6-r6)
(38/66) Installing libcrypto1.0 (1.0.2r-r0)
(39/66) Installing libpcap (1.8.1-r1)
(40/66) Installing popt (1.16-r7)
(41/66) Installing logrotate (3.14.0-r0)
(42/66) Installing openssh-keygen (7.7_p1-r4)
(43/66) Installing openssh-server-common (7.7_p1-r4)
(44/66) Installing openssh-server (7.7_p1-r4)
(45/66) Installing libssl1.0 (1.0.2r-r0)
(46/66) Installing openssl (1.0.2r-r0)
(47/66) Installing perl (5.26.3-r0)
(48/66) Installing pixman (0.34.0-r5)
(49/66) Installing expat (2.2.5-r0)
(50/66) Installing gdbm (1.13-r1)
(51/66) Installing sqlite-libs (3.25.3-r0)
(52/66) Installing python2 (2.7.15-r1)
(53/66) Installing radvd (2.17-r2)
Executing radvd-2.17-r2.pre-install
(54/66) Installing sudo (1.8.23-r2)
(55/66) Installing libsmartcols (2.32-r0)
(56/66) Installing findmnt (2.32-r0)
(57/66) Installing libfdisk (2.32-r0)
(58/66) Installing util-linux (2.32-r0)
(59/66) Installing libburn (1.4.8-r0)
(60/66) Installing libedit (20170329.3.1-r3)
(61/66) Installing libisofs (1.4.8-r0)
(62/66) Installing libisoburn (1.4.8-r0)
(63/66) Installing xorriso (1.4.8-r0)
(64/66) Installing xz-libs (5.2.4-r0)
(65/66) Installing xz (5.2.4-r0)
(66/66) Installing yajl (2.1.0-r0)
Executing busybox-1.28.4-r3.trigger
Executing ca-certificates-20190108-r0.trigger
Executing glib-2.56.1-r0.trigger
OK: 111 MiB in 79 packages
 ---> c1c2e012969d
Removing intermediate container 36bfe2aa6f80
Step 10/22 : RUN [ `uname -m` = "aarch64" ] && apk add --no-cache libfdt || :
 ---> Running in 50193fd54d42
fetch http://dl-cdn.alpinelinux.org/alpine/v3.8/main/aarch64/APKINDEX.tar.gz
fetch http://dl-cdn.alpinelinux.org/alpine/v3.8/community/aarch64/APKINDEX.tar.gz
(1/1) Installing libfdt (1.4.4-r0)
OK: 111 MiB in 80 packages
 ---> 1c7aa1327a87
Removing intermediate container 50193fd54d42
Step 11/22 : RUN ssh-keygen -A ; echo PermitRootLogin yes >> /etc/ssh/sshd_config ; sed -ie '/^root/s#^.*$#root:$6$Ndt1G5AYZFQ8rz7m$7vGZMKKotSYxwxk/.jMfuOCzxw0I3DNedygaQaLF7kYSYsLqiBHhmc8RJSXp8/VxSYPpgYSz/8fkv0hO6I4js.:17477:0:::::#' /etc/shadow
 ---> Running in 9e23837e460e
ssh-keygen: generating new host keys: RSA DSA ECDSA ED25519 
 ---> 1134b5e28fef
Removing intermediate container 9e23837e460e
Step 12/22 : COPY --from=xen-tools / /
 ---> d907e6066bd7
Step 13/22 : COPY --from=ztools / /
 ---> 524dc0f9c3e9
Step 14/22 : COPY --from=lisp / /
 ---> 71436320f9cd
Step 15/22 : COPY --from=gpttools / /
 ---> cf31bd450a49
Step 16/22 : COPY --from=dnsmasq /usr/sbin/dnsmasq /opt/zededa/bin/dnsmasq
 ---> 6ff70d572be7
Step 17/22 : COPY --from=strongswan / /
 ---> d0a24b733ae8
Step 18/22 : COPY --from=watchdog /usr/sbin /usr/sbin
 ---> 5354e66ae592
Step 19/22 : COPY rootfs/ /
 ---> d1baeaeae335
Step 20/22 : RUN chmod 644 /etc/logrotate.d/zededa
 ---> Running in 384fac6fc889
 ---> 0103c013f22e
Removing intermediate container 384fac6fc889
Step 21/22 : CMD /init.sh
 ---> Running in 28b2fa1486b4
 ---> a188724a19d6
Removing intermediate container 28b2fa1486b4
Step 22/22 : LABEL org.mobyproject.config '{"capabilities":["all"],"binds":["/lib/modules:/lib/modules","/dev:/dev","/etc/resolv.conf:/etc/resolv.conf","/run:/run","/var/config:/config","/var/log:/var/log/dom0","/:/hostfs"],"net":"host","pid":"host"}' org.mobyproject.linuxkit.revision 'unknown' org.mobyproject.linuxkit.version 'unknown' org.opencontainers.image.revision '1c6e2c47d003f9c77f37029512ad065834eedda7' org.opencontainers.image.source 'https://github.com/linuxkit/linuxkit'
 ---> Running in e54752c06579
 ---> 75a0a2a477ad
Removing intermediate container e54752c06579
Successfully built 75a0a2a477ad
Successfully tagged zededa/zedctr:6297424143dcd514ddb656f1e5eeb4f5867b7aac-arm64
Pushing zededa/zedctr:6297424143dcd514ddb656f1e5eeb4f5867b7aac-arm64
The push refers to a repository [docker.io/zededa/zedctr]
802cee834e9e: Preparing
926f1adddaba: Preparing
c2c99f72275e: Preparing
4b73d03f7efb: Preparing
5523ecc06c42: Preparing
873b78285a20: Preparing
ee98346944d5: Preparing
400d5a602195: Preparing
7a41b5505b68: Preparing
bb5cf337bf0b: Preparing
4f674782d90d: Preparing
11ef7eb92407: Preparing
ee98346944d5: Waiting
400d5a602195: Waiting
7a41b5505b68: Waiting
4f674782d90d: Waiting
11ef7eb92407: Waiting
873b78285a20: Waiting
bb5cf337bf0b: Waiting
denied: requested access to the resource is denied
exit status 1
Makefile:22: recipe for target 'push' failed
make[1]: *** [push] Error 1
make[1]: Leaving directory '/home/zededa-ci/src/zenbuild/pkg'
Makefile:174: recipe for target 'pkg/zedctr' failed
make: *** [pkg/zedctr] Error 2
FINISHED
