From https://github.com/lf-edge/eve
   06013b68..51ce73b5  master       -> origin/master
 * [new tag]           3.1.1        -> 3.1.1
 * [new tag]           3.2.0        -> 3.2.0
 * [new tag]           3.3.0        -> 3.3.0
 * [new tag]           3.3.1        -> 3.3.1
 * [new tag]           3.3.2        -> 3.3.2
 * [new tag]           3.4.0        -> 3.4.0
 * [new tag]           3.4.1        -> 3.4.1
 * [new tag]           3.4.10       -> 3.4.10
 * [new tag]           3.4.2        -> 3.4.2
 * [new tag]           3.5.0        -> 3.5.0
 * [new tag]           3.6.0        -> 3.6.0
 * [new tag]           3.7.0        -> 3.7.0
 * [new tag]           3.8.0        -> 3.8.0
 * [new tag]           3.8.1        -> 3.8.1
 * [new tag]           3.8.2        -> 3.8.2
 * [new tag]           3.8.2-xen413 -> 3.8.2-xen413
Building the following tags: 3.6.0
3.7.0
3.8.1
3.8.2
3.8.2-xen413 origin/master (latest tag is 3.8.2-xen413)
Removing .go/
Removing build-tools/bin/linuxkit
Removing build-tools/bin/manifest-tool
Removing dist/
Removing images/installer.yml
Removing images/rootfs.yml
HEAD is now at c3dc7395 Setting default server to prod
Creating go builder image for user zededa-ci
eve-build-zededa-ci docker container is ready to use
Done building /home/zededa-ci/src/eve/build-tools/bin/linuxkit
Building and pushing "lfedge/eve-debug:3.6.0"
3.6.0: Pulling from lfedge/eve-debug
Digest: sha256:01f8c7fedb206e8e901ccf97b1348ac4e078817a2f24d23cf5a25bee21372b1f
Status: Image is up to date for lfedge/eve-debug:3.6.0
Building and pushing "lfedge/eve-device-trees:3.6.0"
3.6.0: Pulling from lfedge/eve-device-trees
Digest: sha256:b5567ee1bb0ef281c3fbe8d836b98e509be3737b074fbd663b97f2fcd7f2f39d
Status: Image is up to date for lfedge/eve-device-trees:3.6.0
Building and pushing "lfedge/eve-dnsmasq:3.6.0"
3.6.0: Pulling from lfedge/eve-dnsmasq
Digest: sha256:35a2ffca2e5388fb82789c51d8743d253073345230b4411be1e9f9710e14525c
Status: Image is up to date for lfedge/eve-dnsmasq:3.6.0
Building and pushing "lfedge/eve-dom0-ztools:3.6.0"
3.6.0: Pulling from lfedge/eve-dom0-ztools
Digest: sha256:5e354b90ce8704035cb5f45784b49892e3256cc4be445229a6a9a899469f30d4
Status: Image is up to date for lfedge/eve-dom0-ztools:3.6.0
Building and pushing "lfedge/eve-fscrypt:3.6.0"
3.6.0: Pulling from lfedge/eve-fscrypt
Digest: sha256:2ec4ee55f883cac8bff26f14d09419823f18a80de22191c317c3d93a32812782
Status: Image is up to date for lfedge/eve-fscrypt:3.6.0
Building and pushing "lfedge/eve-fw:3.6.0"
3.6.0: Pulling from lfedge/eve-fw
Digest: sha256:978ca2df41a2bcb592b88b5f7c3d010a3dcdf0b4360572e36bb5c7b727be8f3c
Status: Image is up to date for lfedge/eve-fw:3.6.0
Building and pushing "lfedge/eve-gpt-tools:3.6.0"
3.6.0: Pulling from lfedge/eve-gpt-tools
Digest: sha256:d0068aa2a5ee5241e397a64062e963242eb622187f2f545631e636f78bd86c4f
Status: Image is up to date for lfedge/eve-gpt-tools:3.6.0
Building and pushing "lfedge/eve-grub:3.6.0"
3.6.0: Pulling from lfedge/eve-grub
Digest: sha256:2fa87b18adf3736e6752ad3d195634db6c3bd69f1d9a09da137632c0bd09ad42
Status: Image is up to date for lfedge/eve-grub:3.6.0
Building and pushing "lfedge/eve-guacd:3.6.0"
3.6.0: Pulling from lfedge/eve-guacd
Digest: sha256:b6adea5754e661e35a98882b59f988197f99a93766eeb7dd7a531cdb26c5bb43
Status: Image is up to date for lfedge/eve-guacd:3.6.0
Building and pushing "lfedge/eve-kernel:3.6.0"
3.6.0: Pulling from lfedge/eve-kernel
no matching manifest for linux/arm64 in the manifest list entries
No image pulled, continuing with build
Sending build context to Docker daemon    1.2MB
Step 1/30 : FROM alpine:3.6 as kernel-build
 ---> 25e814211fdd
Step 2/30 : RUN apk update
 ---> Using cache
 ---> 8b9e227983d4
Step 3/30 : RUN apk add     argp-standalone     automake     bash     bc     binutils-dev     bison     build-base     curl     diffutils     flex     git     gmp-dev     gnupg     installkernel     kmod     libelf-dev     libressl-dev     linux-headers     ncurses-dev     python2     findutils     sed     squashfs-tools     tar     xz     xz-dev     zlib-dev
 ---> Using cache
 ---> 6265cc45b4c1
Step 4/30 : RUN [ $(uname -m) == x86_64 ] && apk add libunwind-dev || true
 ---> Using cache
 ---> 545277aacdb2
Step 5/30 : ENV KERNEL_VERSION_aarch64 4.19.5
 ---> Using cache
 ---> 9bf3df7f2e75
Step 6/30 : ENV KERNEL_SERIES_aarch64 4.19.x
 ---> Using cache
 ---> f9b289f992e3
Step 7/30 : ENV KERNEL_VERSION_x86_64 4.19.5
 ---> Using cache
 ---> 5a14e9191151
Step 8/30 : ENV KERNEL_SERIES_x86_64 4.19.x
 ---> Using cache
 ---> 39a87e0886f5
Step 9/30 : ENV KERNEL_SOURCE https://www.kernel.org/pub/linux/kernel/v4.x/linux-\${KERNEL_VERSION}.tar.xz
 ---> Using cache
 ---> ca526d03d631
Step 10/30 : ENV KERNEL_SHA256_SUMS https://www.kernel.org/pub/linux/kernel/v4.x/sha256sums.asc
 ---> Using cache
 ---> 84bbaae5e6c3
Step 11/30 : ENV KERNEL_PGP2_SIGN https://www.kernel.org/pub/linux/kernel/v4.x/linux-\${KERNEL_VERSION}.tar.sign
 ---> Using cache
 ---> d6fbb1ba8c40
Step 12/30 : SHELL /bin/sh -c export KERNEL_VERSION=$(eval echo \$KERNEL_VERSION_$(uname -m)) ; export KERNEL_SERIES=$(eval echo \$KERNEL_SERIES_$(uname -m)) ; eval KERNEL_SOURCE=$KERNEL_SOURCE ; eval export KERNEL_PGP2_SIGN=$KERNEL_PGP2_SIGN ; /bin/sh -c "$1" -
 ---> Using cache
 ---> 01aab00f1bd7
Step 13/30 : COPY / /
 ---> Using cache
 ---> 584c534c30a6
Step 14/30 : RUN curl -fsSLO ${KERNEL_SHA256_SUMS} &&     gpg2 -q --import keys.asc &&     gpg2 --verify sha256sums.asc &&     KERNEL_SHA256=$(grep linux-${KERNEL_VERSION}.tar.xz sha256sums.asc | cut -d ' ' -f 1) &&     [ -f linux-${KERNEL_VERSION}.tar.xz ] || curl -fsSLO ${KERNEL_SOURCE} &&     echo "${KERNEL_SHA256}  linux-${KERNEL_VERSION}.tar.xz" | sha256sum -c - &&     xz -d linux-${KERNEL_VERSION}.tar.xz &&     curl -fsSLO ${KERNEL_PGP2_SIGN} &&     gpg2 --verify linux-${KERNEL_VERSION}.tar.sign linux-${KERNEL_VERSION}.tar &&     cat linux-${KERNEL_VERSION}.tar | tar --absolute-names -x && mv /linux-${KERNEL_VERSION} /linux
 ---> Using cache
 ---> 79b5c47e5352
Step 15/30 : WORKDIR /linux
 ---> Using cache
 ---> 0413c6dd5de5
Step 16/30 : RUN set -e ; [ ! -d /patches-"${KERNEL_SERIES}" ] || for patch in /patches-"${KERNEL_SERIES}"/*.patch; do         echo "Applying $patch";         patch -p1 < "$patch";     done
 ---> Using cache
 ---> 6b683050590e
Step 17/30 : RUN mkdir /out
 ---> Using cache
 ---> 59339aa56051
Step 18/30 : RUN case $(uname -m) in     x86_64)         KERNEL_DEF_CONF=/linux/arch/x86/configs/x86_64_defconfig;         ;;     aarch64)         KERNEL_DEF_CONF=/linux/arch/arm64/configs/defconfig;         ;;     esac  &&     cp /kernel_config-${KERNEL_SERIES}-$(uname -m) ${KERNEL_DEF_CONF};     if [ -n "${EXTRA}" ]; then         sed -i "s/CONFIG_LOCALVERSION=\"-linuxkit\"/CONFIG_LOCALVERSION=\"-linuxkit${EXTRA}\"/" ${KERNEL_DEF_CONF};         if [ "${EXTRA}" = "-dbg" ]; then             sed -i 's/CONFIG_PANIC_ON_OOPS=y/# CONFIG_PANIC_ON_OOPS is not set/' ${KERNEL_DEF_CONF};         fi &&         cat /kernel_config${EXTRA} >> ${KERNEL_DEF_CONF};     fi &&     make defconfig &&     make oldconfig &&     if [ -z "${EXTRA}" ]; then diff .config ${KERNEL_DEF_CONF}; fi
 ---> Running in 372ada22bfee
  HOSTCC  scripts/basic/fixdep
  HOSTCC  scripts/kconfig/conf.o
  YACC    scripts/kconfig/zconf.tab.c
  LEX     scripts/kconfig/zconf.lex.c
  HOSTCC  scripts/kconfig/zconf.tab.o
  HOSTLD  scripts/kconfig/conf
*** Default configuration is based on 'defconfig'
#
# configuration written to .config
#
scripts/kconfig/conf  --oldconfig Kconfig
#
# configuration written to .config
#
5100c5100
< CONFIG_FS_ENCRYPTION=y
---
> # CONFIG_FS_ENCRYPTION is not set
5363c5363
< CONFIG_CRYPTO_SEQIV=y
---
> CONFIG_CRYPTO_SEQIV=m
5369c5369
< CONFIG_CRYPTO_CBC=y
---
> CONFIG_CRYPTO_CBC=m
5371,5373c5371,5373
< CONFIG_CRYPTO_CTR=y
< CONFIG_CRYPTO_CTS=y
< CONFIG_CRYPTO_ECB=y
---
> CONFIG_CRYPTO_CTR=m
> # CONFIG_CRYPTO_CTS is not set
> CONFIG_CRYPTO_ECB=m
5376c5376
< CONFIG_CRYPTO_XTS=y
---
> # CONFIG_CRYPTO_XTS is not set
The command '/bin/sh -c export KERNEL_VERSION=$(eval echo \$KERNEL_VERSION_$(uname -m)) ; export KERNEL_SERIES=$(eval echo \$KERNEL_SERIES_$(uname -m)) ; eval KERNEL_SOURCE=$KERNEL_SOURCE ; eval export KERNEL_PGP2_SIGN=$KERNEL_PGP2_SIGN ; /bin/sh -c "$1" - case $(uname -m) in     x86_64)         KERNEL_DEF_CONF=/linux/arch/x86/configs/x86_64_defconfig;         ;;     aarch64)         KERNEL_DEF_CONF=/linux/arch/arm64/configs/defconfig;         ;;     esac  &&     cp /kernel_config-${KERNEL_SERIES}-$(uname -m) ${KERNEL_DEF_CONF};     if [ -n "${EXTRA}" ]; then         sed -i "s/CONFIG_LOCALVERSION=\"-linuxkit\"/CONFIG_LOCALVERSION=\"-linuxkit${EXTRA}\"/" ${KERNEL_DEF_CONF};         if [ "${EXTRA}" = "-dbg" ]; then             sed -i 's/CONFIG_PANIC_ON_OOPS=y/# CONFIG_PANIC_ON_OOPS is not set/' ${KERNEL_DEF_CONF};         fi &&         cat /kernel_config${EXTRA} >> ${KERNEL_DEF_CONF};     fi &&     make defconfig &&     make oldconfig &&     if [ -z "${EXTRA}" ]; then diff .config ${KERNEL_DEF_CONF}; fi' returned a non-zero code: 1
exit status 1
Makefile:280: recipe for target 'eve-kernel' failed
make: *** [eve-kernel] Error 1
Creating go builder image for user zededa-ci
eve-build-zededa-ci docker container is ready to use
mkdir -p /home/zededa-ci/src/eve/dist/arm64/bios
cd /home/zededa-ci/src/eve/dist/arm64/bios ; _() { C=`docker create $1 fake` ; docker export $C | tar -xf - $2 ; docker rm $C ; } ; _ lfedge/eve-uefi:aef36d9c29fd16f9bae72a74d887568f0ef138f0-arm64 OVMF.fd
8fd1304a79c56120b78abd9c1df0f702a3a0f7e5705dd192d194da58187e3919
mkdir -p /home/zededa-ci/src/eve/dist/arm64
./tools/makeconfig.sh conf /home/zededa-ci/src/eve/dist/arm64/config.img
+ CONFIG_FILE=/config.img
+ CONFIG_SIZE_KB=1024
+ cd /conf
+ tar xf -
+ echo mtools_skip_check=1
+ dd if=/dev/zero of=/config.img bs=1024 count=1024
1024+0 records in
1024+0 records out
+ mkfs.vfat -n EVE -v /config.img 1024
mkfs.fat 4.1 (2017-01-24)
/config.img has 64 heads and 32 sectors per track,
hidden sectors 0x0000;
logical sector size is 512,
using 0xf8 media descriptor, with 2048 sectors;
drive number 0x80;
filesystem has 2 12-bit FATs and 4 sectors per cluster.
FAT size is 2 sectors, and provides 502 clusters.
There is 1 reserved sector.
Root directory contains 512 slots and uses 32 sectors.
Volume ID is 0c1e1ee3, volume label EVE        .
+ mcopy -i /config.img -s /conf/authorized_keys /conf/onboard.cert.pem /conf/onboard.key.pem /conf/root-certificate.pem /conf/server /conf/wpa_supplicant.conf ::/
Done building /home/zededa-ci/src/eve/build-tools/bin/linuxkit
./tools/makerootfs.sh images/rootfs.yml squash /home/zededa-ci/src/eve/dist/arm64/rootfs.img
Extract kernel image: lfedge/eve-kernel:3.6.0-arm64
Pull image: lfedge/eve-kernel:3.6.0-arm64
time="2019-09-13T08:01:42+02:00" level=fatal msg="Failed to extract kernel image and tarball: Could not pull image lfedge/eve-kernel:3.6.0-arm64: Error response from daemon: manifest for lfedge/eve-kernel:3.6.0-arm64 not found"
cat: boot/cmdline: No such file or directory
Makefile:176: recipe for target '/home/zededa-ci/src/eve/dist/arm64/rootfs.img' failed
make: *** [/home/zededa-ci/src/eve/dist/arm64/rootfs.img] Error 1
Removing .go/
Removing build-tools/bin/linuxkit
Removing build-tools/bin/manifest-tool
Removing dist/
Removing images/installer.yml
Removing images/rootfs.yml
HEAD is now at fdd45e2f Setting default server to prod
Creating go builder image for user zededa-ci
eve-build-zededa-ci docker container is ready to use
Done building /home/zededa-ci/src/eve/build-tools/bin/linuxkit
Building and pushing "lfedge/eve-debug:3.7.0"
3.7.0: Pulling from lfedge/eve-debug
Digest: sha256:2dcffa1fca16a0c368583eac5795029e8d1fe27d885a24ed1a211a8469ad4658
Status: Image is up to date for lfedge/eve-debug:3.7.0
Building and pushing "lfedge/eve-device-trees:3.7.0"
3.7.0: Pulling from lfedge/eve-device-trees
Digest: sha256:7749a80857c2199623411a16a31c1f165d954394e8a928d8985170100625fbf3
Status: Image is up to date for lfedge/eve-device-trees:3.7.0
Building and pushing "lfedge/eve-dnsmasq:3.7.0"
3.7.0: Pulling from lfedge/eve-dnsmasq
Digest: sha256:dc0c3ecc110a0e53c7e15fdcb9eaa71bfe36c520a90577be67422c4abe2e2a9b
Status: Image is up to date for lfedge/eve-dnsmasq:3.7.0
Building and pushing "lfedge/eve-dom0-ztools:3.7.0"
3.7.0: Pulling from lfedge/eve-dom0-ztools
Digest: sha256:1206522f9e731a360a095df795ad018de1169d655d02e66d740580c1d425d6e6
Status: Image is up to date for lfedge/eve-dom0-ztools:3.7.0
Building and pushing "lfedge/eve-fscrypt:3.7.0"
3.7.0: Pulling from lfedge/eve-fscrypt
Digest: sha256:3cc02bd95d8f26b798ba008cd81557174779f63b562706c2932e559e19736065
Status: Image is up to date for lfedge/eve-fscrypt:3.7.0
Building and pushing "lfedge/eve-fw:3.7.0"
3.7.0: Pulling from lfedge/eve-fw
Digest: sha256:83b2abf821de7a1876142cec0706ff9a141e66cfe612b35fe138a50b7d948857
Status: Image is up to date for lfedge/eve-fw:3.7.0
Building and pushing "lfedge/eve-gpt-tools:3.7.0"
3.7.0: Pulling from lfedge/eve-gpt-tools
Digest: sha256:b45800c1408ae64ce975b9969ccd0bbc67ad5d789e1fbb582dfb70f562411f36
Status: Image is up to date for lfedge/eve-gpt-tools:3.7.0
Building and pushing "lfedge/eve-grub:3.7.0"
3.7.0: Pulling from lfedge/eve-grub
Digest: sha256:7b6448a08b77a3070b72a92e58f104bc6c65da5680e14f5862b2381bddab458e
Status: Image is up to date for lfedge/eve-grub:3.7.0
Building and pushing "lfedge/eve-guacd:3.7.0"
3.7.0: Pulling from lfedge/eve-guacd
Digest: sha256:366a126e9dbed262e75995817e4c249958145894c9ef62ae396b74d66ba1d1c9
Status: Image is up to date for lfedge/eve-guacd:3.7.0
Building and pushing "lfedge/eve-kernel:3.7.0"
3.7.0: Pulling from lfedge/eve-kernel
Digest: sha256:d4f4448927ebf2a518a685b7ddbbe950ecf36c75efad415144ceaae78a441c8a
Status: Image is up to date for lfedge/eve-kernel:3.7.0
Building and pushing "lfedge/eve-lisp:3.7.0"
3.7.0: Pulling from lfedge/eve-lisp
Digest: sha256:9558c6ec74ed8c3ee18af0e69ea9bd058b58bf3fbcccfdbf065c2dbb71631c6a
Status: Image is up to date for lfedge/eve-lisp:3.7.0
Building and pushing "lfedge/eve-mkconf:3.7.0"
3.7.0: Pulling from lfedge/eve-mkconf
Digest: sha256:48cb6f40884f34e7cedcfb5bcc1f2901dd6454779c81fdbc7bc6b71988bdbda7
Status: Image is up to date for lfedge/eve-mkconf:3.7.0
Building and pushing "lfedge/eve-mkimage-iso-efi:3.7.0"
3.7.0: Pulling from lfedge/eve-mkimage-iso-efi
Digest: sha256:395e934fc05d3de2e9e135f1f18c6e109731615dd830e84bc7fa1931012cdbc5
Status: Image is up to date for lfedge/eve-mkimage-iso-efi:3.7.0
Building and pushing "lfedge/eve-mkimage-raw-efi:3.7.0"
3.7.0: Pulling from lfedge/eve-mkimage-raw-efi
Digest: sha256:09274947f5ec6a098d113b8c6e212842673543dc12d395b3af4e186ea4d15aa8
Status: Image is up to date for lfedge/eve-mkimage-raw-efi:3.7.0
Building and pushing "lfedge/eve-mkrootfs-ext4:3.7.0"
3.7.0: Pulling from lfedge/eve-mkrootfs-ext4
Digest: sha256:cbf4337eca4b74a335746cdf9e117192daa969a14cdee50c41534a8ee95b1862
Status: Image is up to date for lfedge/eve-mkrootfs-ext4:3.7.0
Building and pushing "lfedge/eve-mkrootfs-squash:3.7.0"
3.7.0: Pulling from lfedge/eve-mkrootfs-squash
Digest: sha256:e1c8954112ea19d161b7a7d8714edae154d8d9e5ed1f9dd5aaf219710e2e3aef
Status: Image is up to date for lfedge/eve-mkrootfs-squash:3.7.0
Building and pushing "lfedge/eve-xen-tools:3.7.0"
3.7.0: Pulling from lfedge/eve-xen-tools
Digest: sha256:0b4195497eb881547ccabbba3089be1cbac99fa557a70459e8aff0df42518787
Status: Image is up to date for lfedge/eve-xen-tools:3.7.0
Building and pushing "lfedge/eve-strongswan:3.7.0"
3.7.0: Pulling from lfedge/eve-strongswan
Digest: sha256:1d0c0f9ec3b932222e42eccea66666b5131940606f34310d3dfac0ec2e2df750
Status: Image is up to date for lfedge/eve-strongswan:3.7.0
Building and pushing "lfedge/eve-watchdog:3.7.0"
3.7.0: Pulling from lfedge/eve-watchdog
Digest: sha256:c80c2aecc4e0dedf2f82d12e1f99dd1fd8f1f8f8539bed95520ac9e0bab1d05d
Status: Image is up to date for lfedge/eve-watchdog:3.7.0
Building and pushing "lfedge/eve-rkt:3.7.0"
3.7.0: Pulling from lfedge/eve-rkt
Digest: sha256:3a7f8e4afdfdf1defc2fbf471aac248f679cdcc16a5146202d83effeb1a12fe8
Status: Image is up to date for lfedge/eve-rkt:3.7.0
Building and pushing "lfedge/eve-rkt-stage1:3.7.0"
3.7.0: Pulling from lfedge/eve-rkt-stage1
Digest: sha256:2a925474e97c2a076d8c1a12a393bda2adf2f29dc9f63afc261e6d7f9535766f
Status: Image is up to date for lfedge/eve-rkt-stage1:3.7.0
Building and pushing "lfedge/eve-pillar:3.7.0"
3.7.0: Pulling from lfedge/eve-pillar
Digest: sha256:f48a87000def9362a842b4566a7720d2c6117546128c78f4559f64cf2b78a807
Status: Image is up to date for lfedge/eve-pillar:3.7.0
Building and pushing "lfedge/eve-qrexec-lib:3.7.0"
3.7.0: Pulling from lfedge/eve-qrexec-lib
Digest: sha256:a7609c0440d21b843d3dc2c01e83c882e9ce17616234d75cc78b384a1097be14
Status: Image is up to date for lfedge/eve-qrexec-lib:3.7.0
Building and pushing "lfedge/eve-qrexec-dom0:3.7.0"
3.7.0: Pulling from lfedge/eve-qrexec-dom0
Digest: sha256:1b65f6f4c5e734f3c8c1b2ab5da51b17863c62f4599fb92875e8173693f1ffab
Status: Image is up to date for lfedge/eve-qrexec-dom0:3.7.0
Building and pushing "lfedge/eve-rngd:3.7.0"
3.7.0: Pulling from lfedge/eve-rngd
Digest: sha256:9e41ec3c6b29d181d884dd54d60e4fc0c35a1b04f3ae37f195034fbcaaa108cc
Status: Image is up to date for lfedge/eve-rngd:3.7.0
Building and pushing "lfedge/eve-uefi:3.7.0"
3.7.0: Pulling from lfedge/eve-uefi
Digest: sha256:d217d66faf782d8bcd9d9dd9f11850052e1b9c5c28e4e6a49900efeddb29e75f
Status: Image is up to date for lfedge/eve-uefi:3.7.0
Building and pushing "lfedge/eve-wlan:3.7.0"
3.7.0: Pulling from lfedge/eve-wlan
Digest: sha256:0f5ea8f5211ec3418374622bc83c80d2ccc9ef5725181c2827fd4f33f7a3ee41
Status: Image is up to date for lfedge/eve-wlan:3.7.0
Building and pushing "lfedge/eve-wwan:3.7.0"
3.7.0: Pulling from lfedge/eve-wwan
Digest: sha256:dd437e32a970e2c1fdc57fec3c25fc5da516182be682458f786e9c0ca9314785
Status: Image is up to date for lfedge/eve-wwan:3.7.0
Building and pushing "lfedge/eve-xen:3.7.0"
3.7.0: Pulling from lfedge/eve-xen
Digest: sha256:57700dcf61862f439c0517f6a44cbdc37be871b8fd58e0a35d86d8eb80406bea
Status: Image is up to date for lfedge/eve-xen:3.7.0
Done building packages
rm pkg/qrexec-dom0/Dockerfile pkg/qrexec-lib/Dockerfile pkg/pillar/Dockerfile
Creating go builder image for user zededa-ci
eve-build-zededa-ci docker container is ready to use
mkdir -p /home/zededa-ci/src/eve/dist/arm64/bios
cd /home/zededa-ci/src/eve/dist/arm64/bios ; _() { C=`docker create $1 fake` ; docker export $C | tar -xf - $2 ; docker rm $C ; } ; _ lfedge/eve-uefi:aef36d9c29fd16f9bae72a74d887568f0ef138f0-arm64 OVMF.fd
4a63ad2eb1f23980621b8063318e349a378c249010fe46ac4e5232fc00861aa5
mkdir -p /home/zededa-ci/src/eve/dist/arm64
./tools/makeconfig.sh conf /home/zededa-ci/src/eve/dist/arm64/config.img
+ CONFIG_FILE=/config.img
+ CONFIG_SIZE_KB=1024
+ cd /conf
+ tar xf -
+ echo mtools_skip_check=1
+ dd if=/dev/zero of=/config.img bs=1024 count=1024
1024+0 records in
1024+0 records out
+ mkfs.vfat -n EVE -v /config.img 1024
mkfs.fat 4.1 (2017-01-24)
/config.img has 64 heads and 32 sectors per track,
hidden sectors 0x0000;
logical sector size is 512,
using 0xf8 media descriptor, with 2048 sectors;
drive number 0x80;
filesystem has 2 12-bit FATs and 4 sectors per cluster.
FAT size is 2 sectors, and provides 502 clusters.
There is 1 reserved sector.
Root directory contains 512 slots and uses 32 sectors.
Volume ID is 13819c5b, volume label EVE        .
+ mcopy -i /config.img -s /conf/authorized_keys /conf/onboard.cert.pem /conf/onboard.key.pem /conf/root-certificate.pem /conf/server /conf/wpa_supplicant.conf ::/
Done building /home/zededa-ci/src/eve/build-tools/bin/linuxkit
./tools/makerootfs.sh images/rootfs.yml squash /home/zededa-ci/src/eve/dist/arm64/rootfs.img
Extract kernel image: lfedge/eve-kernel:3.7.0-arm64
Add init containers:
Process init image: linuxkit/init:v0.5-arm64
Process init image: linuxkit/runc:v0.5-arm64
Process init image: linuxkit/containerd:v0.5-arm64
Process init image: linuxkit/getty:v0.5-arm64
Process init image: lfedge/eve-grub:3.7.0-arm64
Process init image: lfedge/eve-device-trees:3.7.0-arm64
Process init image: lfedge/eve-fw:3.7.0-arm64
Process init image: lfedge/eve-xen:3.7.0-arm64
Process init image: lfedge/eve-gpt-tools:3.7.0-arm64
Process init image: lfedge/eve-dom0-ztools:3.7.0-arm64
Add onboot containers:
  Create OCI config for linuxkit/sysctl:v0.5-arm64
  Create OCI config for linuxkit/modprobe:v0.5-arm64
  Create OCI config for linuxkit/mount:v0.5-arm64
  Create OCI config for lfedge/eve-rngd:3.7.0-arm64
Add service containers:
  Create OCI config for linuxkit/openntpd:v0.5-arm64
  Create OCI config for linuxkit/sshd:v0.5-arm64
  Create OCI config for lfedge/eve-wwan:3.7.0-arm64
  Create OCI config for lfedge/eve-wlan:3.7.0-arm64
  Create OCI config for lfedge/eve-guacd:3.7.0-arm64
  Create OCI config for lfedge/eve-pillar:3.7.0-arm64
Add files:
  /etc/eve-release
  /containers/services/pillar/lower/opt/zededa/bin/versioninfo
Parallel mksquashfs: Using 4 processors
Creating 4.0 filesystem on /rootfs.img, block size 131072.
[/                                                           ]     0/19645   0%[===================================================\        ] 17100/19645  87%[====================================================-       ] 17400/19645  88%[===========================================================\] 19645/19645 100%

Exportable Squashfs 4.0 filesystem, gzip compressed, data block size 131072
	compressed data, compressed metadata, compressed fragments, compressed xattrs
	duplicates are removed
Filesystem size 235982.98 Kbytes (230.45 Mbytes)
	34.54% of uncompressed filesystem size (683216.58 Kbytes)
Inode table size 211522 bytes (206.56 Kbytes)
	25.68% of uncompressed inode table size (823676 bytes)
Directory table size 222846 bytes (217.62 Kbytes)
	45.16% of uncompressed directory table size (493437 bytes)
Number of duplicate files found 6483
Number of inodes 21232
Number of files 15391
Number of fragments 685
Number of symbolic links  4089
Number of device nodes 5
Number of fifo nodes 0
Number of socket nodes 0
Number of directories 1747
Number of ids (unique uids + gids) 3
Number of uids 1
	root (0)
Number of gids 3
	root (0)
	shadow (42)
	tty (5)
./tools/makeiso.sh images/installer.yml /home/zededa-ci/src/eve/dist/arm64/installer.iso
Extract kernel image: lfedge/eve-kernel:3.7.0-arm64
Add init containers:
Process init image: linuxkit/init:v0.5-arm64
Process init image: linuxkit/runc:v0.5-arm64
Process init image: linuxkit/getty:v0.5-arm64
Process init image: lfedge/eve-grub:3.7.0-arm64
Process init image: lfedge/eve-device-trees:3.7.0-arm64
Process init image: lfedge/eve-xen:3.7.0-arm64
Process init image: lfedge/eve-dom0-ztools:3.7.0-arm64
Add onboot containers:
  Create OCI config for lfedge/eve-rngd:3.7.0-arm64
  Create OCI config for lfedge/eve-mkimage-raw-efi:3.7.0-arm64
Add files:
  /bits/config.img
  /bits/rootfs.img
  /etc/eve-release
xorriso 1.4.6 : RockRidge filesystem manipulator, libburnia project.

Drive current: -outdev 'stdio:linuxkit-efi.iso'
Media current: stdio file, overwriteable
Media status : is blank
Media summary: 0 sessions, 0 data blocks, 0 data,  660g free
Added to ISO image: directory '/'='/tmp/efi'
xorriso : UPDATE : 7732 files added in 1 seconds
xorriso : UPDATE : 7732 files added in 1 seconds
libisofs: NOTE : Cannot arrange content of data files in surely reproducible way
xorriso : UPDATE :  4.28% done
xorriso : UPDATE :  63.97% done
ISO image produced: 259366 sectors
Written to medium : 259366 sectors at LBA 0
Writing to 'stdio:linuxkit-efi.iso' completed successfully.

./tools/makerootfs.sh images/installer.yml squash /home/zededa-ci/src/eve/dist/arm64/rootfs.img_installer.img
Extract kernel image: lfedge/eve-kernel:3.7.0-arm64
Add init containers:
Process init image: linuxkit/init:v0.5-arm64
Process init image: linuxkit/runc:v0.5-arm64
Process init image: linuxkit/getty:v0.5-arm64
Process init image: lfedge/eve-grub:3.7.0-arm64
Process init image: lfedge/eve-device-trees:3.7.0-arm64
Process init image: lfedge/eve-xen:3.7.0-arm64
Process init image: lfedge/eve-dom0-ztools:3.7.0-arm64
Add onboot containers:
  Create OCI config for lfedge/eve-rngd:3.7.0-arm64
  Create OCI config for lfedge/eve-mkimage-raw-efi:3.7.0-arm64
Add files:
  /bits/config.img
  /bits/rootfs.img
  /etc/eve-release
Parallel mksquashfs: Using 4 processors
Creating 4.0 filesystem on /rootfs.img, block size 131072.
[=================================/                            ] 4400/8072  54%[===================================-                          ] 4700/8072  58%[====================================-                         ] 4800/8072  59%[=============================================================|] 8072/8072 100%

Exportable Squashfs 4.0 filesystem, gzip compressed, data block size 131072
	compressed data, compressed metadata, compressed fragments, compressed xattrs
	duplicates are removed
Filesystem size 328414.47 Kbytes (320.72 Mbytes)
	64.22% of uncompressed filesystem size (511364.23 Kbytes)
Inode table size 66615 bytes (65.05 Kbytes)
	26.85% of uncompressed inode table size (248062 bytes)
Directory table size 66355 bytes (64.80 Kbytes)
	45.43% of uncompressed directory table size (146070 bytes)
Number of duplicate files found 1440
Number of inodes 5690
Number of files 4388
Number of fragments 153
Number of symbolic links  916
Number of device nodes 1
Number of fifo nodes 0
Number of socket nodes 0
Number of directories 385
Number of ids (unique uids + gids) 3
Number of uids 1
	root (0)
Number of gids 3
	root (0)
	shadow (42)
	tty (5)
ERROR: size of /home/zededa-ci/src/eve/dist/arm64/rootfs.img_installer.img is greater than 300MB (bigger than allocated partition)
Makefile:192: recipe for target '/home/zededa-ci/src/eve/dist/arm64/rootfs.img_installer.img' failed
make: *** [/home/zededa-ci/src/eve/dist/arm64/rootfs.img_installer.img] Error 1
Removing .go/
Removing build-tools/bin/linuxkit
Removing build-tools/bin/manifest-tool
Removing dist/
Removing images/installer.yml
Removing images/rootfs.yml
HEAD is now at ef5d8a09 Merge remote-tracking branch 'origin/master' into 3.8
Creating go builder image for user zededa-ci
eve-build-zededa-ci docker container is ready to use
Done building /home/zededa-ci/src/eve/build-tools/bin/linuxkit
Building and pushing "lfedge/eve-debug:3.8.1"
3.8.1: Pulling from lfedge/eve-debug
Digest: sha256:dd7415ecc25aef45e0597319df632f9bc5253d73951fcfe4a9023909525fc0df
Status: Image is up to date for lfedge/eve-debug:3.8.1
Building and pushing "lfedge/eve-device-trees:3.8.1"
3.8.1: Pulling from lfedge/eve-device-trees
Digest: sha256:9d2a9ef1c63b97a7195030668ca2a549beba9abb99d21513adf13d5dabd8c61e
Status: Image is up to date for lfedge/eve-device-trees:3.8.1
Building and pushing "lfedge/eve-dnsmasq:3.8.1"
3.8.1: Pulling from lfedge/eve-dnsmasq
Digest: sha256:b4c5dd3dcfcc95a30dc655e3d8a716ab3a34de46690a19c6ec395d1855793f7c
Status: Image is up to date for lfedge/eve-dnsmasq:3.8.1
Building and pushing "lfedge/eve-dom0-ztools:3.8.1"
3.8.1: Pulling from lfedge/eve-dom0-ztools
Digest: sha256:45b3464d557c918502231854aff8ddc897c0f91960a18ceda38d7ac0b5a38673
Status: Image is up to date for lfedge/eve-dom0-ztools:3.8.1
Building and pushing "lfedge/eve-fscrypt:3.8.1"
3.8.1: Pulling from lfedge/eve-fscrypt
Digest: sha256:5e820df75f386addb2d8ad4d38ba04969ed4fdc21930bc6f75415a4f4c2a4069
Status: Image is up to date for lfedge/eve-fscrypt:3.8.1
Building and pushing "lfedge/eve-fw:3.8.1"
3.8.1: Pulling from lfedge/eve-fw
Digest: sha256:802a5c74b58c4141609c4d814439e48fa85fc923c7d10ffc8ad2613bbc11eb41
Status: Image is up to date for lfedge/eve-fw:3.8.1
Building and pushing "lfedge/eve-gpt-tools:3.8.1"
3.8.1: Pulling from lfedge/eve-gpt-tools
Digest: sha256:78d03b895206a1074c5c0443b51d3a8d1c8b04adc3d7c90a0ddb5fec20a4e384
Status: Image is up to date for lfedge/eve-gpt-tools:3.8.1
Building and pushing "lfedge/eve-grub:3.8.1"
3.8.1: Pulling from lfedge/eve-grub
Digest: sha256:9dd5385e770d28b3cc1b0e5cb7fdfb7be6bda7317b9836d6bf11831731387cc7
Status: Image is up to date for lfedge/eve-grub:3.8.1
Building and pushing "lfedge/eve-guacd:3.8.1"
3.8.1: Pulling from lfedge/eve-guacd
Digest: sha256:9756cb5a98e1186dcf3d2f2e495f4d2a98d2423ada85dccbd6643df8c7eae084
Status: Image is up to date for lfedge/eve-guacd:3.8.1
Building and pushing "lfedge/eve-kernel:3.8.1"
3.8.1: Pulling from lfedge/eve-kernel
Digest: sha256:7f69a161e8b96fe1f0d3a2bb572fdd73b896a9a68167212aee4711a455f25eb0
Status: Image is up to date for lfedge/eve-kernel:3.8.1
Building and pushing "lfedge/eve-lisp:3.8.1"
3.8.1: Pulling from lfedge/eve-lisp
Digest: sha256:aadb366bce936962e16f842e3c3fd57c4ae835506599dee8a178ea03d51f39af
Status: Image is up to date for lfedge/eve-lisp:3.8.1
Building and pushing "lfedge/eve-mkconf:3.8.1"
3.8.1: Pulling from lfedge/eve-mkconf
Digest: sha256:c6c3340c7eada592bdba6d89850296c3b892e1abe46155b9e1a985ca48bccaf4
Status: Image is up to date for lfedge/eve-mkconf:3.8.1
Building and pushing "lfedge/eve-mkimage-iso-efi:3.8.1"
3.8.1: Pulling from lfedge/eve-mkimage-iso-efi
Digest: sha256:599b24b08ec6d3a91760b24928555ddbc5ca1eca77a296e4e9aea43233feb0c7
Status: Image is up to date for lfedge/eve-mkimage-iso-efi:3.8.1
Building and pushing "lfedge/eve-mkimage-raw-efi:3.8.1"
3.8.1: Pulling from lfedge/eve-mkimage-raw-efi
Digest: sha256:ed3d178dc3e6a74b1a2196ce985ae45b536dbcbee2a03c30eed60efafff111b0
Status: Image is up to date for lfedge/eve-mkimage-raw-efi:3.8.1
Building and pushing "lfedge/eve-mkrootfs-ext4:3.8.1"
3.8.1: Pulling from lfedge/eve-mkrootfs-ext4
Digest: sha256:66630e83b7a82096864cd972d5708437bdcd4cda318d9b9b3e289b15b2a5ae02
Status: Image is up to date for lfedge/eve-mkrootfs-ext4:3.8.1
Building and pushing "lfedge/eve-mkrootfs-squash:3.8.1"
3.8.1: Pulling from lfedge/eve-mkrootfs-squash
Digest: sha256:66630e83b7a82096864cd972d5708437bdcd4cda318d9b9b3e289b15b2a5ae02
Status: Image is up to date for lfedge/eve-mkrootfs-squash:3.8.1
Building and pushing "lfedge/eve-xen-tools:3.8.1"
3.8.1: Pulling from lfedge/eve-xen-tools
Digest: sha256:3ea77077cca9ec28202f150e82443aaab984c7f62205a6c802666e8a0ca7a8d3
Status: Image is up to date for lfedge/eve-xen-tools:3.8.1
Building and pushing "lfedge/eve-strongswan:3.8.1"
3.8.1: Pulling from lfedge/eve-strongswan
Digest: sha256:23dd49dc052d5d198ae81515cb5f97cac11f7792a8a2de275cd10160459fefb2
Status: Image is up to date for lfedge/eve-strongswan:3.8.1
Building and pushing "lfedge/eve-watchdog:3.8.1"
3.8.1: Pulling from lfedge/eve-watchdog
Digest: sha256:a1d9aab116c79f59f85f09e5121ee44ef30668f36eb2a8ea297e27e2dc44730c
Status: Image is up to date for lfedge/eve-watchdog:3.8.1
Building and pushing "lfedge/eve-rkt:3.8.1"
3.8.1: Pulling from lfedge/eve-rkt
Digest: sha256:14e1cf417e12fcf36caa8a475835c2bd34fb9afe573b400a2f97517dd337acbc
Status: Image is up to date for lfedge/eve-rkt:3.8.1
Building and pushing "lfedge/eve-rkt-stage1:3.8.1"
3.8.1: Pulling from lfedge/eve-rkt-stage1
Digest: sha256:8afebdb3cb2f7e87f773e79017952a37d76508b6acb6a67d647fda2706a8d8e1
Status: Image is up to date for lfedge/eve-rkt-stage1:3.8.1
Building and pushing "lfedge/eve-pillar:3.8.1"
3.8.1: Pulling from lfedge/eve-pillar
Digest: sha256:2707687753af4865d619b8b822490a0f1fffa68b54f5bf4e630e5ea13bd44e9a
Status: Image is up to date for lfedge/eve-pillar:3.8.1
Building and pushing "lfedge/eve-qrexec-lib:3.8.1"
3.8.1: Pulling from lfedge/eve-qrexec-lib
Digest: sha256:f72cf7a06a91b9352e80a226441ceac5d49bce6f3970d2f3815428d30bd2f14f
Status: Image is up to date for lfedge/eve-qrexec-lib:3.8.1
Building and pushing "lfedge/eve-qrexec-dom0:3.8.1"
3.8.1: Pulling from lfedge/eve-qrexec-dom0
Digest: sha256:9f925b083d93ded6789318930c184c44979ff387112309e9e765b3a49f3021ab
Status: Image is up to date for lfedge/eve-qrexec-dom0:3.8.1
Building and pushing "lfedge/eve-rngd:3.8.1"
3.8.1: Pulling from lfedge/eve-rngd
Digest: sha256:e7046f621203dffe243052e8ed165c9e2aa42a3f81e79013c11d50ebd70a6afb
Status: Image is up to date for lfedge/eve-rngd:3.8.1
Building and pushing "lfedge/eve-uefi:3.8.1"
3.8.1: Pulling from lfedge/eve-uefi
Digest: sha256:c25d0abf04d2d92fd90071406b7cba23d766dd97626bd46bb96f3f6b7e86e028
Status: Image is up to date for lfedge/eve-uefi:3.8.1
Building and pushing "lfedge/eve-wlan:3.8.1"
3.8.1: Pulling from lfedge/eve-wlan
Digest: sha256:b956bfa58d166d06d486d8cdaf03b3920a8e1f68691154d019b0d5bbc878219b
Status: Image is up to date for lfedge/eve-wlan:3.8.1
Building and pushing "lfedge/eve-wwan:3.8.1"
3.8.1: Pulling from lfedge/eve-wwan
Digest: sha256:54b5e9fd9adae5b3a0d859a219dc959e129df463301254971bed78e47b9c9b10
Status: Image is up to date for lfedge/eve-wwan:3.8.1
Building and pushing "lfedge/eve-xen:3.8.1"
3.8.1: Pulling from lfedge/eve-xen
Digest: sha256:44b588f702c70970c796b6f451bd56901a8e8dec5d1152bf78c33d0f95ac60ef
Status: Image is up to date for lfedge/eve-xen:3.8.1
Done building packages
rm pkg/qrexec-dom0/Dockerfile pkg/qrexec-lib/Dockerfile pkg/pillar/Dockerfile
Creating go builder image for user zededa-ci
eve-build-zededa-ci docker container is ready to use
mkdir -p /home/zededa-ci/src/eve/dist/arm64/bios
cd /home/zededa-ci/src/eve/dist/arm64/bios ; _() { C=`docker create $1 fake` ; docker export $C | tar -xf - $2 ; docker rm $C ; } ; _ lfedge/eve-uefi:aef36d9c29fd16f9bae72a74d887568f0ef138f0-arm64 OVMF.fd
ccb83f204c57e60f12cfb4a6f1d0404643d279455ad9d9700ebb68e52606be36
mkdir -p /home/zededa-ci/src/eve/dist/arm64
./tools/makeconfig.sh conf /home/zededa-ci/src/eve/dist/arm64/config.img
+ CONFIG_FILE=/config.img
+ CONFIG_SIZE_KB=1024
+ cd /conf
+ tar xf -
+ echo mtools_skip_check=1
+ dd if=/dev/zero of=/config.img bs=1024 count=1024
1024+0 records in
1024+0 records out
+ mkfs.vfat -n EVE -v /config.img 1024
mkfs.fat 4.1 (2017-01-24)
/config.img has 64 heads and 32 sectors per track,
hidden sectors 0x0000;
logical sector size is 512,
using 0xf8 media descriptor, with 2048 sectors;
drive number 0x80;
filesystem has 2 12-bit FATs and 4 sectors per cluster.
FAT size is 2 sectors, and provides 502 clusters.
There is 1 reserved sector.
Root directory contains 512 slots and uses 32 sectors.
Volume ID is 357adc29, volume label EVE        .
+ mcopy -i /config.img -s /conf/authorized_keys /conf/onboard.cert.pem /conf/onboard.key.pem /conf/root-certificate.pem /conf/server /conf/wpa_supplicant.conf ::/
Done building /home/zededa-ci/src/eve/build-tools/bin/linuxkit
./tools/makerootfs.sh images/rootfs.yml squash /home/zededa-ci/src/eve/dist/arm64/rootfs.img
Extract kernel image: lfedge/eve-kernel:3.8.1-arm64
Add init containers:
Process init image: linuxkit/init:v0.5-arm64
Process init image: linuxkit/runc:v0.5-arm64
Process init image: linuxkit/containerd:v0.5-arm64
Process init image: linuxkit/getty:v0.5-arm64
Process init image: lfedge/eve-grub:3.8.1-arm64
Process init image: lfedge/eve-device-trees:3.8.1-arm64
Process init image: lfedge/eve-fw:3.8.1-arm64
Process init image: lfedge/eve-xen:3.8.1-arm64
Process init image: lfedge/eve-gpt-tools:3.8.1-arm64
Process init image: lfedge/eve-dom0-ztools:3.8.1-arm64
Add onboot containers:
  Create OCI config for linuxkit/sysctl:v0.5-arm64
  Create OCI config for linuxkit/modprobe:v0.5-arm64
  Create OCI config for linuxkit/mount:v0.5-arm64
  Create OCI config for lfedge/eve-rngd:3.8.1-arm64
Add service containers:
  Create OCI config for linuxkit/openntpd:v0.5-arm64
  Create OCI config for linuxkit/sshd:v0.5-arm64
  Create OCI config for lfedge/eve-wwan:3.8.1-arm64
  Create OCI config for lfedge/eve-wlan:3.8.1-arm64
  Create OCI config for lfedge/eve-guacd:3.8.1-arm64
  Create OCI config for lfedge/eve-pillar:3.8.1-arm64
Add files:
  /etc/eve-release
  /containers/services/pillar/lower/opt/zededa/bin/versioninfo
Parallel mksquashfs: Using 4 processors
Creating 4.0 filesystem on /rootfs.img, block size 131072.
[/                                                           ]     0/19646   0%[=============================================-              ] 15300/19646  77%[==============================================|             ] 15600/19646  79%[================================================/           ] 16200/19646  82%[================================================|           ] 16300/19646  82%[===========================================================\] 19646/19646 100%

Exportable Squashfs 4.0 filesystem, gzip compressed, data block size 131072
	compressed data, compressed metadata, compressed fragments, compressed xattrs
	duplicates are removed
Filesystem size 236035.52 Kbytes (230.50 Mbytes)
	34.54% of uncompressed filesystem size (683322.57 Kbytes)
Inode table size 211533 bytes (206.58 Kbytes)
	25.68% of uncompressed inode table size (823680 bytes)
Directory table size 222800 bytes (217.58 Kbytes)
	45.16% of uncompressed directory table size (493401 bytes)
Number of duplicate files found 6483
Number of inodes 21232
Number of files 15391
Number of fragments 685
Number of symbolic links  4089
Number of device nodes 5
Number of fifo nodes 0
Number of socket nodes 0
Number of directories 1747
Number of ids (unique uids + gids) 3
Number of uids 1
	root (0)
Number of gids 3
	root (0)
	shadow (42)
	tty (5)
./tools/makeiso.sh images/installer.yml /home/zededa-ci/src/eve/dist/arm64/installer.iso
Extract kernel image: lfedge/eve-kernel:3.8.1-arm64
Add init containers:
Process init image: linuxkit/init:v0.5-arm64
Process init image: linuxkit/runc:v0.5-arm64
Process init image: linuxkit/getty:v0.5-arm64
Process init image: lfedge/eve-grub:3.8.1-arm64
Process init image: lfedge/eve-device-trees:3.8.1-arm64
Process init image: lfedge/eve-xen:3.8.1-arm64
Process init image: lfedge/eve-dom0-ztools:3.8.1-arm64
Add onboot containers:
  Create OCI config for lfedge/eve-rngd:3.8.1-arm64
  Create OCI config for lfedge/eve-mkimage-raw-efi:3.8.1-arm64
Add files:
  /bits/config.img
  /bits/rootfs.img
  /etc/eve-release
xorriso 1.4.6 : RockRidge filesystem manipulator, libburnia project.

Drive current: -outdev 'stdio:linuxkit-efi.iso'
Media current: stdio file, overwriteable
Media status : is blank
Media summary: 0 sessions, 0 data blocks, 0 data,  656g free
Added to ISO image: directory '/'='/tmp/efi'
xorriso : UPDATE : 7732 files added in 1 seconds
xorriso : UPDATE : 7732 files added in 1 seconds
libisofs: NOTE : Cannot arrange content of data files in surely reproducible way
xorriso : UPDATE :  4.24% done
xorriso : UPDATE :  53.92% done
ISO image produced: 259392 sectors
Written to medium : 259392 sectors at LBA 0
Writing to 'stdio:linuxkit-efi.iso' completed successfully.

./tools/makerootfs.sh images/installer.yml squash /home/zededa-ci/src/eve/dist/arm64/rootfs.img_installer.img
Extract kernel image: lfedge/eve-kernel:3.8.1-arm64
Add init containers:
Process init image: linuxkit/init:v0.5-arm64
Process init image: linuxkit/runc:v0.5-arm64
Process init image: linuxkit/getty:v0.5-arm64
Process init image: lfedge/eve-grub:3.8.1-arm64
Process init image: lfedge/eve-device-trees:3.8.1-arm64
Process init image: lfedge/eve-xen:3.8.1-arm64
Process init image: lfedge/eve-dom0-ztools:3.8.1-arm64
Add onboot containers:
  Create OCI config for lfedge/eve-rngd:3.8.1-arm64
  Create OCI config for lfedge/eve-mkimage-raw-efi:3.8.1-arm64
Add files:
  /bits/config.img
  /bits/rootfs.img
  /etc/eve-release
Parallel mksquashfs: Using 4 processors
Creating 4.0 filesystem on /rootfs.img, block size 131072.
[=====================================-                        ] 5000/8073  61%[========================================-                     ] 5300/8073  65%[=============================================================-] 8073/8073 100%

Exportable Squashfs 4.0 filesystem, gzip compressed, data block size 131072
	compressed data, compressed metadata, compressed fragments, compressed xattrs
	duplicates are removed
Filesystem size 328467.82 Kbytes (320.77 Mbytes)
	64.23% of uncompressed filesystem size (511416.35 Kbytes)
Inode table size 66659 bytes (65.10 Kbytes)
	26.87% of uncompressed inode table size (248066 bytes)
Directory table size 66304 bytes (64.75 Kbytes)
	45.40% of uncompressed directory table size (146046 bytes)
Number of duplicate files found 1440
Number of inodes 5690
Number of files 4388
Number of fragments 153
Number of symbolic links  916
Number of device nodes 1
Number of fifo nodes 0
Number of socket nodes 0
Number of directories 385
Number of ids (unique uids + gids) 3
Number of uids 1
	root (0)
Number of gids 3
	root (0)
	shadow (42)
	tty (5)
ERROR: size of /home/zededa-ci/src/eve/dist/arm64/rootfs.img_installer.img is greater than 300MB (bigger than allocated partition)
Makefile:210: recipe for target '/home/zededa-ci/src/eve/dist/arm64/rootfs.img_installer.img' failed
make: *** [/home/zededa-ci/src/eve/dist/arm64/rootfs.img_installer.img] Error 1
Removing .go/
Removing build-tools/bin/linuxkit
Removing build-tools/bin/manifest-tool
Removing dist/
Removing images/installer.yml
Removing images/rootfs.yml
HEAD is now at 84a4e178 Merge remote-tracking branch 'origin/master' into 3.8
Creating go builder image for user zededa-ci
eve-build-zededa-ci docker container is ready to use
Done building /home/zededa-ci/src/eve/build-tools/bin/linuxkit
Building and pushing "lfedge/eve-debug:3.8.2"
3.8.2: Pulling from lfedge/eve-debug
Digest: sha256:4d1f3e779d9e97e1d85fe5b7226dd2f7a5565006726aaa08e6baa08976567876
Status: Downloaded newer image for lfedge/eve-debug:3.8.2
Building and pushing "lfedge/eve-device-trees:3.8.2"
3.8.2: Pulling from lfedge/eve-device-trees
Digest: sha256:9b38f0ea6c5945bf531283b14237acd744a72e457409b98081859c3a80087b26
Status: Downloaded newer image for lfedge/eve-device-trees:3.8.2
Building and pushing "lfedge/eve-dnsmasq:3.8.2"
3.8.2: Pulling from lfedge/eve-dnsmasq
Digest: sha256:e6c26609b27d1f3865a15413d1d5813ebde7c8a9f81d0486728d1cb7e2b111a5
Status: Downloaded newer image for lfedge/eve-dnsmasq:3.8.2
Building and pushing "lfedge/eve-dom0-ztools:3.8.2"
3.8.2: Pulling from lfedge/eve-dom0-ztools
Digest: sha256:85530cfc63d7f8e59e6ef4c3666ce5fab7540d8861edbdea264d23ad1f380190
Status: Downloaded newer image for lfedge/eve-dom0-ztools:3.8.2
Building and pushing "lfedge/eve-fscrypt:3.8.2"
3.8.2: Pulling from lfedge/eve-fscrypt
Digest: sha256:11f2976d9e683bce06ff907f4e9200d2e39e28c4128ecbbe7d0546cd71bfde54
Status: Downloaded newer image for lfedge/eve-fscrypt:3.8.2
Building and pushing "lfedge/eve-fw:3.8.2"
3.8.2: Pulling from lfedge/eve-fw
Digest: sha256:dd319872e421a026df29bacda8445a5f8d38686a2a673c3387a0ef5db4e3023a
Status: Downloaded newer image for lfedge/eve-fw:3.8.2
Building and pushing "lfedge/eve-gpt-tools:3.8.2"
3.8.2: Pulling from lfedge/eve-gpt-tools
Digest: sha256:f7ec2af9aa0ba4f9764872b98c32f05090e59cce5ba457ab8e37eabee66f8f00
Status: Downloaded newer image for lfedge/eve-gpt-tools:3.8.2
Building and pushing "lfedge/eve-grub:3.8.2"
3.8.2: Pulling from lfedge/eve-grub
Digest: sha256:3e9b1dd8d7c2157496d4733ada754409c0a47bd4eec30a3bdf2a0ba1d1549be2
Status: Downloaded newer image for lfedge/eve-grub:3.8.2
Building and pushing "lfedge/eve-guacd:3.8.2"
3.8.2: Pulling from lfedge/eve-guacd
Digest: sha256:7fe4110ea75a1ca89cdb506cb584c3a7c92f6d59a9bc374ee0ca5105adce851f
Status: Downloaded newer image for lfedge/eve-guacd:3.8.2
Building and pushing "lfedge/eve-kernel:3.8.2"
3.8.2: Pulling from lfedge/eve-kernel
Digest: sha256:78d9b71464dfe7fdb85e38290e6d6a500ba44990d358bc0e00919eda2b6a80f6
Status: Downloaded newer image for lfedge/eve-kernel:3.8.2
Building and pushing "lfedge/eve-lisp:3.8.2"
3.8.2: Pulling from lfedge/eve-lisp
Digest: sha256:6e2d990af7d9b17c392be61a5eb614a772dfc41ad62a3db71793528bc8a82b98
Status: Downloaded newer image for lfedge/eve-lisp:3.8.2
Building and pushing "lfedge/eve-mkconf:3.8.2"
3.8.2: Pulling from lfedge/eve-mkconf
Digest: sha256:3ac356f89f465d9c1c73cd55cc6bd0a98afb44b0fc6b73b8f3b09452a11b2a74
Status: Downloaded newer image for lfedge/eve-mkconf:3.8.2
Building and pushing "lfedge/eve-mkimage-iso-efi:3.8.2"
3.8.2: Pulling from lfedge/eve-mkimage-iso-efi
Digest: sha256:dd7eaab6a11ba18d98c4fe48539f3eb0507de9fa4ba12029811151b64b345ac6
Status: Downloaded newer image for lfedge/eve-mkimage-iso-efi:3.8.2
Building and pushing "lfedge/eve-mkimage-raw-efi:3.8.2"
3.8.2: Pulling from lfedge/eve-mkimage-raw-efi
Digest: sha256:e0814bc6c6db948e3da7dc45469a7854b6ee5ac82a5405a3eb08e8ee69bd3994
Status: Downloaded newer image for lfedge/eve-mkimage-raw-efi:3.8.2
Building and pushing "lfedge/eve-mkrootfs-ext4:3.8.2"
3.8.2: Pulling from lfedge/eve-mkrootfs-ext4
Digest: sha256:419ad711035af2f6a0c0aca0b4aed3d586580eab663ed21993452db3775f2a10
Status: Downloaded newer image for lfedge/eve-mkrootfs-ext4:3.8.2
Building and pushing "lfedge/eve-mkrootfs-squash:3.8.2"
3.8.2: Pulling from lfedge/eve-mkrootfs-squash
Digest: sha256:419ad711035af2f6a0c0aca0b4aed3d586580eab663ed21993452db3775f2a10
Status: Downloaded newer image for lfedge/eve-mkrootfs-squash:3.8.2
Building and pushing "lfedge/eve-xen-tools:3.8.2"
3.8.2: Pulling from lfedge/eve-xen-tools
Digest: sha256:17df057c6a718e7ccbee18c74df19777c3edb93f051fe0b97f37c94567d0c0f2
Status: Downloaded newer image for lfedge/eve-xen-tools:3.8.2
Building and pushing "lfedge/eve-strongswan:3.8.2"
3.8.2: Pulling from lfedge/eve-strongswan
Digest: sha256:cf045f693181e5ccb9077918a2b207852e7b000e63552f1ecfc9eb0f699542f3
Status: Downloaded newer image for lfedge/eve-strongswan:3.8.2
Building and pushing "lfedge/eve-watchdog:3.8.2"
3.8.2: Pulling from lfedge/eve-watchdog
Digest: sha256:c730b4d1853abf4560de098a921fa7bb0cddd992793c4b82639974271a9064bc
Status: Downloaded newer image for lfedge/eve-watchdog:3.8.2
Building and pushing "lfedge/eve-rkt:3.8.2"
3.8.2: Pulling from lfedge/eve-rkt
Digest: sha256:988cc7f1fca91ebc5a9410beeb2ca3f54126e18a3b10b2060f0abd3c0f1e9949
Status: Downloaded newer image for lfedge/eve-rkt:3.8.2
Building and pushing "lfedge/eve-rkt-stage1:3.8.2"
3.8.2: Pulling from lfedge/eve-rkt-stage1
Digest: sha256:e8e33c39dc4a92160d34184fd325465d6239afebd0b30cbbccc7f9e19c807961
Status: Downloaded newer image for lfedge/eve-rkt-stage1:3.8.2
Building and pushing "lfedge/eve-pillar:3.8.2"
3.8.2: Pulling from lfedge/eve-pillar
Digest: sha256:8f6ab13e71295cf61bca516208f64eb46dcd00a02d5bc4ea2dbef4e5c96161f2
Status: Downloaded newer image for lfedge/eve-pillar:3.8.2
Building and pushing "lfedge/eve-qrexec-lib:3.8.2"
3.8.2: Pulling from lfedge/eve-qrexec-lib
Digest: sha256:5bdb87dae65188e5e0bef7c85651be17243336a1d31303a34e9fab1836abcd3b
Status: Downloaded newer image for lfedge/eve-qrexec-lib:3.8.2
Building and pushing "lfedge/eve-qrexec-dom0:3.8.2"
3.8.2: Pulling from lfedge/eve-qrexec-dom0
Digest: sha256:a40529feb4daf7c84adc4c97e85ee75d7147f13c781f4d198cdfd57232902462
Status: Downloaded newer image for lfedge/eve-qrexec-dom0:3.8.2
Building and pushing "lfedge/eve-rngd:3.8.2"
3.8.2: Pulling from lfedge/eve-rngd
Digest: sha256:e061e30efafe978d0e2115318bb5c7c12059692cc8b3b8e6ff71e86cda50b07b
Status: Downloaded newer image for lfedge/eve-rngd:3.8.2
Building and pushing "lfedge/eve-uefi:3.8.2"
3.8.2: Pulling from lfedge/eve-uefi
Digest: sha256:589ebd10d9f1774c21bcb804a53c966d75d231274ddf474602f9c84c83ae025d
Status: Downloaded newer image for lfedge/eve-uefi:3.8.2
Building and pushing "lfedge/eve-wlan:3.8.2"
3.8.2: Pulling from lfedge/eve-wlan
Digest: sha256:cf50cb124c9554aefd88fe3237a1cd7fd4920725327b1445c083ccbf5d69eca9
Status: Downloaded newer image for lfedge/eve-wlan:3.8.2
Building and pushing "lfedge/eve-wwan:3.8.2"
3.8.2: Pulling from lfedge/eve-wwan
Digest: sha256:92aa10809527b601e2001998b301ae3d697d9435d5f2b96c5b8bb94ed1304e9f
Status: Downloaded newer image for lfedge/eve-wwan:3.8.2
Building and pushing "lfedge/eve-xen:3.8.2"
3.8.2: Pulling from lfedge/eve-xen
Digest: sha256:948a7be8f0cb5713058c7511ae475c3f2a383806c25d624579678bda22d6b468
Status: Downloaded newer image for lfedge/eve-xen:3.8.2
Done building packages
rm pkg/qrexec-dom0/Dockerfile pkg/qrexec-lib/Dockerfile pkg/pillar/Dockerfile
Creating go builder image for user zededa-ci
eve-build-zededa-ci docker container is ready to use
mkdir -p /home/zededa-ci/src/eve/dist/arm64/bios
cd /home/zededa-ci/src/eve/dist/arm64/bios ; _() { C=`docker create $1 fake` ; docker export $C | tar -xf - $2 ; docker rm $C ; } ; _ lfedge/eve-uefi:aef36d9c29fd16f9bae72a74d887568f0ef138f0-arm64 OVMF.fd
c47d9b5bac88e7c82c874b9a92c230aa7037531bf401543bc21fa2edb75efcca
mkdir -p /home/zededa-ci/src/eve/dist/arm64
./tools/makeconfig.sh conf /home/zededa-ci/src/eve/dist/arm64/config.img
+ CONFIG_FILE=/config.img
+ CONFIG_SIZE_KB=1024
+ cd /conf
+ tar xf -
+ echo mtools_skip_check=1
+ dd if=/dev/zero of=/config.img bs=1024 count=1024
1024+0 records in
1024+0 records out
+ mkfs.vfat -n EVE -v /config.img 1024
mkfs.fat 4.1 (2017-01-24)
/config.img has 64 heads and 32 sectors per track,
hidden sectors 0x0000;
logical sector size is 512,
using 0xf8 media descriptor, with 2048 sectors;
drive number 0x80;
filesystem has 2 12-bit FATs and 4 sectors per cluster.
FAT size is 2 sectors, and provides 502 clusters.
There is 1 reserved sector.
Root directory contains 512 slots and uses 32 sectors.
Volume ID is 57f11446, volume label EVE        .
+ mcopy -i /config.img -s /conf/authorized_keys /conf/onboard.cert.pem /conf/onboard.key.pem /conf/root-certificate.pem /conf/server /conf/wpa_supplicant.conf ::/
Done building /home/zededa-ci/src/eve/build-tools/bin/linuxkit
./tools/makerootfs.sh images/rootfs.yml squash /home/zededa-ci/src/eve/dist/arm64/rootfs.img
Extract kernel image: lfedge/eve-kernel:3.8.2-arm64
Add init containers:
Process init image: linuxkit/init:v0.5-arm64
Process init image: linuxkit/runc:v0.5-arm64
Process init image: linuxkit/containerd:v0.5-arm64
Process init image: linuxkit/getty:v0.5-arm64
Process init image: lfedge/eve-grub:3.8.2-arm64
Process init image: lfedge/eve-device-trees:3.8.2-arm64
Process init image: lfedge/eve-fw:3.8.2-arm64
Process init image: lfedge/eve-xen:3.8.2-arm64
Process init image: lfedge/eve-gpt-tools:3.8.2-arm64
Process init image: lfedge/eve-dom0-ztools:3.8.2-arm64
Add onboot containers:
  Create OCI config for linuxkit/sysctl:v0.5-arm64
  Create OCI config for linuxkit/modprobe:v0.5-arm64
  Create OCI config for linuxkit/mount:v0.5-arm64
  Create OCI config for lfedge/eve-rngd:3.8.2-arm64
Add service containers:
  Create OCI config for linuxkit/openntpd:v0.5-arm64
  Create OCI config for linuxkit/sshd:v0.5-arm64
  Create OCI config for lfedge/eve-wwan:3.8.2-arm64
  Create OCI config for lfedge/eve-wlan:3.8.2-arm64
  Create OCI config for lfedge/eve-guacd:3.8.2-arm64
  Create OCI config for lfedge/eve-pillar:3.8.2-arm64
Add files:
  /etc/eve-release
  /containers/services/pillar/lower/opt/zededa/bin/versioninfo
Parallel mksquashfs: Using 4 processors
Creating 4.0 filesystem on /rootfs.img, block size 131072.
[/                                                           ]     0/19646   0%[=========================/                                  ]  8600/19646  43%[==============================================/             ] 15600/19646  79%[================================================-           ] 16200/19646  82%[================================================/           ] 16300/19646  82%[===========================================================\] 19646/19646 100%

Exportable Squashfs 4.0 filesystem, gzip compressed, data block size 131072
	compressed data, compressed metadata, compressed fragments, compressed xattrs
	duplicates are removed
Filesystem size 236035.52 Kbytes (230.50 Mbytes)
	34.54% of uncompressed filesystem size (683322.57 Kbytes)
Inode table size 211533 bytes (206.58 Kbytes)
	25.68% of uncompressed inode table size (823680 bytes)
Directory table size 222814 bytes (217.59 Kbytes)
	45.16% of uncompressed directory table size (493401 bytes)
Number of duplicate files found 6483
Number of inodes 21232
Number of files 15391
Number of fragments 685
Number of symbolic links  4089
Number of device nodes 5
Number of fifo nodes 0
Number of socket nodes 0
Number of directories 1747
Number of ids (unique uids + gids) 3
Number of uids 1
	root (0)
Number of gids 3
	root (0)
	shadow (42)
	tty (5)
./tools/makeiso.sh images/installer.yml /home/zededa-ci/src/eve/dist/arm64/installer.iso
Extract kernel image: lfedge/eve-kernel:3.8.2-arm64
Add init containers:
Process init image: linuxkit/init:v0.5-arm64
Process init image: linuxkit/runc:v0.5-arm64
Process init image: linuxkit/getty:v0.5-arm64
Process init image: lfedge/eve-grub:3.8.2-arm64
Process init image: lfedge/eve-device-trees:3.8.2-arm64
Process init image: lfedge/eve-xen:3.8.2-arm64
Process init image: lfedge/eve-dom0-ztools:3.8.2-arm64
Add onboot containers:
  Create OCI config for lfedge/eve-rngd:3.8.2-arm64
  Create OCI config for lfedge/eve-mkimage-raw-efi:3.8.2-arm64
Add files:
  /bits/config.img
  /bits/rootfs.img
  /etc/eve-release
xorriso 1.4.6 : RockRidge filesystem manipulator, libburnia project.

Drive current: -outdev 'stdio:linuxkit-efi.iso'
Media current: stdio file, overwriteable
Media status : is blank
Media summary: 0 sessions, 0 data blocks, 0 data,  652g free
Added to ISO image: directory '/'='/tmp/efi'
xorriso : UPDATE : 7732 files added in 1 seconds
xorriso : UPDATE : 7732 files added in 1 seconds
libisofs: NOTE : Cannot arrange content of data files in surely reproducible way
xorriso : UPDATE :  3.44% done
xorriso : UPDATE :  95.92% done
ISO image produced: 259392 sectors
Written to medium : 259392 sectors at LBA 0
Writing to 'stdio:linuxkit-efi.iso' completed successfully.

./tools/makerootfs.sh images/installer.yml squash /home/zededa-ci/src/eve/dist/arm64/rootfs.img_installer.img
Extract kernel image: lfedge/eve-kernel:3.8.2-arm64
Add init containers:
Process init image: linuxkit/init:v0.5-arm64
Process init image: linuxkit/runc:v0.5-arm64
Process init image: linuxkit/getty:v0.5-arm64
Process init image: lfedge/eve-grub:3.8.2-arm64
Process init image: lfedge/eve-device-trees:3.8.2-arm64
Process init image: lfedge/eve-xen:3.8.2-arm64
Process init image: lfedge/eve-dom0-ztools:3.8.2-arm64
Add onboot containers:
  Create OCI config for lfedge/eve-rngd:3.8.2-arm64
  Create OCI config for lfedge/eve-mkimage-raw-efi:3.8.2-arm64
Add files:
  /bits/config.img
  /bits/rootfs.img
  /etc/eve-release
Parallel mksquashfs: Using 4 processors
Creating 4.0 filesystem on /rootfs.img, block size 131072.
[========================================/                     ] 5300/8073  65%[=============================================================|] 8073/8073 100%

Exportable Squashfs 4.0 filesystem, gzip compressed, data block size 131072
	compressed data, compressed metadata, compressed fragments, compressed xattrs
	duplicates are removed
Filesystem size 328469.87 Kbytes (320.77 Mbytes)
	64.23% of uncompressed filesystem size (511416.35 Kbytes)
Inode table size 66666 bytes (65.10 Kbytes)
	26.87% of uncompressed inode table size (248066 bytes)
Directory table size 66288 bytes (64.73 Kbytes)
	45.39% of uncompressed directory table size (146046 bytes)
Number of duplicate files found 1440
Number of inodes 5690
Number of files 4388
Number of fragments 153
Number of symbolic links  916
Number of device nodes 1
Number of fifo nodes 0
Number of socket nodes 0
Number of directories 385
Number of ids (unique uids + gids) 3
Number of uids 1
	root (0)
Number of gids 3
	root (0)
	shadow (42)
	tty (5)
ERROR: size of /home/zededa-ci/src/eve/dist/arm64/rootfs.img_installer.img is greater than 300MB (bigger than allocated partition)
Makefile:210: recipe for target '/home/zededa-ci/src/eve/dist/arm64/rootfs.img_installer.img' failed
make: *** [/home/zededa-ci/src/eve/dist/arm64/rootfs.img_installer.img] Error 1
Removing .go/
Removing build-tools/bin/linuxkit
Removing build-tools/bin/manifest-tool
Removing dist/
Removing images/installer.yml
Removing images/rootfs.yml
HEAD is now at c5c801ca Experimental Xen 4.13 support
Creating go builder image for user zededa-ci
eve-build-zededa-ci docker container is ready to use
Done building /home/zededa-ci/src/eve/build-tools/bin/linuxkit
Building and pushing "lfedge/eve-debug:3.8.2-xen413"
3.8.2-xen413: Pulling from lfedge/eve-debug
Digest: sha256:eb64bec58cb2457c0a999abf65be2d4720521b79aff05b7e46b991d6eed6612a
Status: Downloaded newer image for lfedge/eve-debug:3.8.2-xen413
Building and pushing "lfedge/eve-device-trees:3.8.2-xen413"
3.8.2-xen413: Pulling from lfedge/eve-device-trees
Digest: sha256:1f159566dd07920178149dabd188396d69da980553d74eca9cfecd24f7b79e47
Status: Downloaded newer image for lfedge/eve-device-trees:3.8.2-xen413
Building and pushing "lfedge/eve-dnsmasq:3.8.2-xen413"
3.8.2-xen413: Pulling from lfedge/eve-dnsmasq
Digest: sha256:ebf08b19ebad1149c8923dc8d8318fe029280323d1f1305cae603e4860657fbc
Status: Downloaded newer image for lfedge/eve-dnsmasq:3.8.2-xen413
Building and pushing "lfedge/eve-dom0-ztools:3.8.2-xen413"
3.8.2-xen413: Pulling from lfedge/eve-dom0-ztools
Digest: sha256:a1976b359498ca997b0d38a4c5ba4f635f1c750906da8a9edd636e88a6b569b8
Status: Downloaded newer image for lfedge/eve-dom0-ztools:3.8.2-xen413
Building and pushing "lfedge/eve-fscrypt:3.8.2-xen413"
3.8.2-xen413: Pulling from lfedge/eve-fscrypt
Digest: sha256:3640f84e349d12bc171bbc2422b1d7a9ae5b9a34738ee7a47b1e35736fecfda3
Status: Downloaded newer image for lfedge/eve-fscrypt:3.8.2-xen413
Building and pushing "lfedge/eve-fw:3.8.2-xen413"
3.8.2-xen413: Pulling from lfedge/eve-fw
Digest: sha256:f181de0de7617bd6a55087502069bc160b7de66db81f5ddad4f844ed84a7e5f8
Status: Downloaded newer image for lfedge/eve-fw:3.8.2-xen413
Building and pushing "lfedge/eve-gpt-tools:3.8.2-xen413"
3.8.2-xen413: Pulling from lfedge/eve-gpt-tools
Digest: sha256:eb7315184d0e1e3316e598d2ca9af9ee651f830a6d385cadf62951bf5e2d8299
Status: Downloaded newer image for lfedge/eve-gpt-tools:3.8.2-xen413
Building and pushing "lfedge/eve-grub:3.8.2-xen413"
3.8.2-xen413: Pulling from lfedge/eve-grub
Digest: sha256:231219f18827cf6b34df4164cccd0a82405df9883d116db4a4d94bed667082f0
Status: Downloaded newer image for lfedge/eve-grub:3.8.2-xen413
Building and pushing "lfedge/eve-guacd:3.8.2-xen413"
3.8.2-xen413: Pulling from lfedge/eve-guacd
Digest: sha256:5dd62d79053bab76c0f297333a8f4e4d224624632e709013c588e45b85368014
Status: Downloaded newer image for lfedge/eve-guacd:3.8.2-xen413
Building and pushing "lfedge/eve-kernel:3.8.2-xen413"
3.8.2-xen413: Pulling from lfedge/eve-kernel
Digest: sha256:467e65fc969c7aff10e6b364c98c5fad56db30a726f8e4fce622f319df1af4cb
Status: Downloaded newer image for lfedge/eve-kernel:3.8.2-xen413
Building and pushing "lfedge/eve-lisp:3.8.2-xen413"
3.8.2-xen413: Pulling from lfedge/eve-lisp
Digest: sha256:7e002ce6645683b5acba6db5f5e719b710c56246b5f07cb34f3e2dbf47e266a4
Status: Downloaded newer image for lfedge/eve-lisp:3.8.2-xen413
Building and pushing "lfedge/eve-mkconf:3.8.2-xen413"
3.8.2-xen413: Pulling from lfedge/eve-mkconf
Digest: sha256:15672274537dae509ad4e10df1a2b2be8807733e1e15a6cd1590b9f9faa4769d
Status: Downloaded newer image for lfedge/eve-mkconf:3.8.2-xen413
Building and pushing "lfedge/eve-mkimage-iso-efi:3.8.2-xen413"
3.8.2-xen413: Pulling from lfedge/eve-mkimage-iso-efi
Digest: sha256:36b07e59a62a34a6b1613f173ca4c2e80a5e06944c893abed7b13bca0373b19d
Status: Downloaded newer image for lfedge/eve-mkimage-iso-efi:3.8.2-xen413
Building and pushing "lfedge/eve-mkimage-raw-efi:3.8.2-xen413"
3.8.2-xen413: Pulling from lfedge/eve-mkimage-raw-efi
Digest: sha256:630cd6c76dfd7e8fd0aac9c4c715a80fdd2bc173db2099e7dd111989ba01d80b
Status: Downloaded newer image for lfedge/eve-mkimage-raw-efi:3.8.2-xen413
Building and pushing "lfedge/eve-mkrootfs-ext4:3.8.2-xen413"
3.8.2-xen413: Pulling from lfedge/eve-mkrootfs-ext4
Digest: sha256:dab55d1e80b7e1936eaa37fd0e03ba7c2d73cc2fe8918eb3fbff234d629717ad
Status: Downloaded newer image for lfedge/eve-mkrootfs-ext4:3.8.2-xen413
Building and pushing "lfedge/eve-mkrootfs-squash:3.8.2-xen413"
3.8.2-xen413: Pulling from lfedge/eve-mkrootfs-squash
Digest: sha256:dab55d1e80b7e1936eaa37fd0e03ba7c2d73cc2fe8918eb3fbff234d629717ad
Status: Downloaded newer image for lfedge/eve-mkrootfs-squash:3.8.2-xen413
Building and pushing "lfedge/eve-xen-tools:3.8.2-xen413"
3.8.2-xen413: Pulling from lfedge/eve-xen-tools
Digest: sha256:54b9117541c15e081189244e634986a6021154129ca6680d58698b7ce8f620f4
Status: Downloaded newer image for lfedge/eve-xen-tools:3.8.2-xen413
Building and pushing "lfedge/eve-strongswan:3.8.2-xen413"
3.8.2-xen413: Pulling from lfedge/eve-strongswan
Digest: sha256:c699025904bf514069613c59f3cee97ef9216a0cd2ef14ce7b00608dcf42044a
Status: Downloaded newer image for lfedge/eve-strongswan:3.8.2-xen413
Building and pushing "lfedge/eve-watchdog:3.8.2-xen413"
3.8.2-xen413: Pulling from lfedge/eve-watchdog
Digest: sha256:de34785c30667a0e531399e5e732a622ca6dece7f9a423edacaf9cfe0637b54d
Status: Downloaded newer image for lfedge/eve-watchdog:3.8.2-xen413
Building and pushing "lfedge/eve-rkt:3.8.2-xen413"
3.8.2-xen413: Pulling from lfedge/eve-rkt
Digest: sha256:0693f1f177abd8180f0ac792a6f9c1ed2843b2f96240f83143ee72d569502f17
Status: Downloaded newer image for lfedge/eve-rkt:3.8.2-xen413
Building and pushing "lfedge/eve-rkt-stage1:3.8.2-xen413"
3.8.2-xen413: Pulling from lfedge/eve-rkt-stage1
Digest: sha256:694d54ea80ac0e4509ef7ae42b7c6951095968d8c09c149f5d9bbe6ac95a54b1
Status: Downloaded newer image for lfedge/eve-rkt-stage1:3.8.2-xen413
Building and pushing "lfedge/eve-pillar:3.8.2-xen413"
3.8.2-xen413: Pulling from lfedge/eve-pillar
Digest: sha256:bc13d5d30762a696dbe25a2ef7c3317a9f422ae925b9dbe508fc8cb3edf03645
Status: Downloaded newer image for lfedge/eve-pillar:3.8.2-xen413
Building and pushing "lfedge/eve-qrexec-lib:3.8.2-xen413"
3.8.2-xen413: Pulling from lfedge/eve-qrexec-lib
Digest: sha256:4eb86327ead1bed103121964228edaac9eef998e8e8de121553b80d84641c567
Status: Downloaded newer image for lfedge/eve-qrexec-lib:3.8.2-xen413
Building and pushing "lfedge/eve-qrexec-dom0:3.8.2-xen413"
3.8.2-xen413: Pulling from lfedge/eve-qrexec-dom0
Digest: sha256:66adc484bd2ae1cf579e89b3e31da7c2eac73a608c477915413585a589bcfed4
Status: Downloaded newer image for lfedge/eve-qrexec-dom0:3.8.2-xen413
Building and pushing "lfedge/eve-rngd:3.8.2-xen413"
3.8.2-xen413: Pulling from lfedge/eve-rngd
Digest: sha256:b3361bd305309b9ff3e4d80b312edcd2e2825d5ac3b1e6e2878d28e75d865726
Status: Downloaded newer image for lfedge/eve-rngd:3.8.2-xen413
Building and pushing "lfedge/eve-uefi:3.8.2-xen413"
3.8.2-xen413: Pulling from lfedge/eve-uefi
Digest: sha256:8b3512dadc60a3e762ab4c7f47d2852f26771c7c3a1cb372bc6f721ba013e2d7
Status: Downloaded newer image for lfedge/eve-uefi:3.8.2-xen413
Building and pushing "lfedge/eve-wlan:3.8.2-xen413"
3.8.2-xen413: Pulling from lfedge/eve-wlan
Digest: sha256:07ecdcb089c1dcf6b0c81eb617cbc933001bc7039a8d6a11eab3cd0d60b30411
Status: Downloaded newer image for lfedge/eve-wlan:3.8.2-xen413
Building and pushing "lfedge/eve-wwan:3.8.2-xen413"
3.8.2-xen413: Pulling from lfedge/eve-wwan
Digest: sha256:18b0d04cf569e4b7eaa2a59add731624a91c9336facfb3354b0c971bdfd0290a
Status: Downloaded newer image for lfedge/eve-wwan:3.8.2-xen413
Building and pushing "lfedge/eve-xen:3.8.2-xen413"
3.8.2-xen413: Pulling from lfedge/eve-xen
Digest: sha256:d7aed23580287a40eae7adde4854355d053570c2e3c67f1ba8a516e643fc2298
Status: Downloaded newer image for lfedge/eve-xen:3.8.2-xen413
Done building packages
rm pkg/qrexec-dom0/Dockerfile pkg/qrexec-lib/Dockerfile pkg/pillar/Dockerfile
Creating go builder image for user zededa-ci
eve-build-zededa-ci docker container is ready to use
mkdir -p /home/zededa-ci/src/eve/dist/arm64/bios
cd /home/zededa-ci/src/eve/dist/arm64/bios ; _() { C=`docker create $1 fake` ; docker export $C | tar -xf - $2 ; docker rm $C ; } ; _ lfedge/eve-uefi:aef36d9c29fd16f9bae72a74d887568f0ef138f0-arm64 OVMF.fd
c3dbd656504f3a595a1e6225f389d7c366162e19ce5d601884cd3cb3b0209d30
mkdir -p /home/zededa-ci/src/eve/dist/arm64
./tools/makeconfig.sh conf /home/zededa-ci/src/eve/dist/arm64/config.img
+ CONFIG_FILE=/config.img
+ CONFIG_SIZE_KB=1024
+ cd /conf
+ tar xf -
+ echo mtools_skip_check=1
+ dd if=/dev/zero of=/config.img bs=1024 count=1024
1024+0 records in
1024+0 records out
+ mkfs.vfat -n EVE -v /config.img 1024
mkfs.fat 4.1 (2017-01-24)
/config.img has 64 heads and 32 sectors per track,
hidden sectors 0x0000;
logical sector size is 512,
using 0xf8 media descriptor, with 2048 sectors;
drive number 0x80;
filesystem has 2 12-bit FATs and 4 sectors per cluster.
FAT size is 2 sectors, and provides 502 clusters.
There is 1 reserved sector.
Root directory contains 512 slots and uses 32 sectors.
Volume ID is 7a560ab4, volume label EVE        .
+ mcopy -i /config.img -s /conf/authorized_keys /conf/onboard.cert.pem /conf/onboard.key.pem /conf/root-certificate.pem /conf/server /conf/wpa_supplicant.conf ::/
Done building /home/zededa-ci/src/eve/build-tools/bin/linuxkit
./tools/makerootfs.sh images/rootfs.yml squash /home/zededa-ci/src/eve/dist/arm64/rootfs.img
Extract kernel image: lfedge/eve-kernel:3.8.2-xen413-arm64
Add init containers:
Process init image: linuxkit/init:v0.5-arm64
Process init image: linuxkit/runc:v0.5-arm64
Process init image: linuxkit/containerd:v0.5-arm64
Process init image: linuxkit/getty:v0.5-arm64
Process init image: lfedge/eve-grub:3.8.2-xen413-arm64
Process init image: lfedge/eve-device-trees:3.8.2-xen413-arm64
Process init image: lfedge/eve-fw:3.8.2-xen413-arm64
Process init image: lfedge/eve-xen:3.8.2-xen413-arm64
Process init image: lfedge/eve-gpt-tools:3.8.2-xen413-arm64
Process init image: lfedge/eve-dom0-ztools:3.8.2-xen413-arm64
Add onboot containers:
  Create OCI config for linuxkit/sysctl:v0.5-arm64
  Create OCI config for linuxkit/modprobe:v0.5-arm64
  Create OCI config for linuxkit/mount:v0.5-arm64
  Create OCI config for lfedge/eve-rngd:3.8.2-xen413-arm64
Add service containers:
  Create OCI config for linuxkit/openntpd:v0.5-arm64
  Create OCI config for linuxkit/sshd:v0.5-arm64
  Create OCI config for lfedge/eve-wwan:3.8.2-xen413-arm64
  Create OCI config for lfedge/eve-wlan:3.8.2-xen413-arm64
  Create OCI config for lfedge/eve-guacd:3.8.2-xen413-arm64
  Create OCI config for lfedge/eve-pillar:3.8.2-xen413-arm64
Add files:
  /etc/eve-release
  /containers/services/pillar/lower/opt/zededa/bin/versioninfo
Parallel mksquashfs: Using 4 processors
Creating 4.0 filesystem on /rootfs.img, block size 131072.
[/                                                           ]     0/22092   0%[================================================/           ] 18100/22092  81%[================================================\           ] 18200/22092  82%[==================================================/         ] 18800/22092  85%[===================================================\        ] 19100/22092  86%[===========================================================-] 22092/22092 100%

Exportable Squashfs 4.0 filesystem, gzip compressed, data block size 131072
	compressed data, compressed metadata, compressed fragments, compressed xattrs
	duplicates are removed
Filesystem size 280066.62 Kbytes (273.50 Mbytes)
	28.09% of uncompressed filesystem size (996892.67 Kbytes)
Inode table size 214740 bytes (209.71 Kbytes)
	25.71% of uncompressed inode table size (835156 bytes)
Directory table size 223205 bytes (217.97 Kbytes)
	45.15% of uncompressed directory table size (494328 bytes)
Number of duplicate files found 6483
Number of inodes 21284
Number of files 15421
Number of fragments 705
Number of symbolic links  4089
Number of device nodes 5
Number of fifo nodes 0
Number of socket nodes 0
Number of directories 1769
Number of ids (unique uids + gids) 3
Number of uids 1
	root (0)
Number of gids 3
	root (0)
	shadow (42)
	tty (5)
ERROR: size of /home/zededa-ci/src/eve/dist/arm64/rootfs.img is greater than 250MB (bigger than allocated partition)
Makefile:194: recipe for target '/home/zededa-ci/src/eve/dist/arm64/rootfs.img' failed
make: *** [/home/zededa-ci/src/eve/dist/arm64/rootfs.img] Error 1
Removing .go/
Removing build-tools/bin/linuxkit
Removing build-tools/bin/manifest-tool
Removing dist/
Removing images/installer.yml
Removing images/rootfs.yml
HEAD is now at 51ce73b5 Update netlink and another fix to parse dns server list
Creating go builder image for user zededa-ci
eve-build-zededa-ci docker container is ready to use
Done building /home/zededa-ci/src/eve/build-tools/bin/linuxkit
Building and pushing "lfedge/eve-debug:7470486834865217ccd1f589f44fba48a9647081"
7470486834865217ccd1f589f44fba48a9647081: Pulling from lfedge/eve-debug
Digest: sha256:bc7c7b8808877a4460ec6549365bddba3f3316e23beb69b1154b96206cf1c463
Status: Image is up to date for lfedge/eve-debug:7470486834865217ccd1f589f44fba48a9647081
Building and pushing "lfedge/eve-device-trees:107f663ced4eda54228dc95b17f3c5ed636caf36"
107f663ced4eda54228dc95b17f3c5ed636caf36: Pulling from lfedge/eve-device-trees
Digest: sha256:b357525ec26ad2fca6304fa24e14434d464803df7d8719c4b7f1b6e493767db5
Status: Image is up to date for lfedge/eve-device-trees:107f663ced4eda54228dc95b17f3c5ed636caf36
Building and pushing "lfedge/eve-dnsmasq:cdb36dc56fb50bbd2b28123e435b3660adf34efb"
cdb36dc56fb50bbd2b28123e435b3660adf34efb: Pulling from lfedge/eve-dnsmasq
Digest: sha256:b55dd556251ba5ae5308bba68357e778cf80ef66292daab53d3f509f7c7ff22b
Status: Image is up to date for lfedge/eve-dnsmasq:cdb36dc56fb50bbd2b28123e435b3660adf34efb
Building and pushing "lfedge/eve-dom0-ztools:f6e8d3bb095edb1065ee0262d1643dae7ce43c6e"
f6e8d3bb095edb1065ee0262d1643dae7ce43c6e: Pulling from lfedge/eve-dom0-ztools
Digest: sha256:ff73cd2f1c4eac61b60a28da24d1bf770d252336c73b4046c595736d348ee8c6
Status: Image is up to date for lfedge/eve-dom0-ztools:f6e8d3bb095edb1065ee0262d1643dae7ce43c6e
Building and pushing "lfedge/eve-fscrypt:5df0cdbaa31028b0413b4fc1781b27a84be292dd"
5df0cdbaa31028b0413b4fc1781b27a84be292dd: Pulling from lfedge/eve-fscrypt
Digest: sha256:32df85081d25d67f9426535f6b3d0d8ef4438d91766964cdaa9dacbeaf4326c8
Status: Image is up to date for lfedge/eve-fscrypt:5df0cdbaa31028b0413b4fc1781b27a84be292dd
Building and pushing "lfedge/eve-fw:e07c45a98386767ec3926b813dc4b46a96a81541"
e07c45a98386767ec3926b813dc4b46a96a81541: Pulling from lfedge/eve-fw
Digest: sha256:1f2c0ab02db59a1e79c0cc2529045eb39b73a739b450e8d8029875bdf9f5178e
Status: Image is up to date for lfedge/eve-fw:e07c45a98386767ec3926b813dc4b46a96a81541
Building and pushing "lfedge/eve-gpt-tools:19ef56f5014fab1978a6e98b047d4498eabf8295"
19ef56f5014fab1978a6e98b047d4498eabf8295: Pulling from lfedge/eve-gpt-tools
Digest: sha256:cc958c98fbff93c02b3454b0976d76656a6f75f0dc01fa8ddaeb7d360bb2a165
Status: Image is up to date for lfedge/eve-gpt-tools:19ef56f5014fab1978a6e98b047d4498eabf8295
Building and pushing "lfedge/eve-grub:e6805cff775d771671def09ceb876c352bb7bd46"
e6805cff775d771671def09ceb876c352bb7bd46: Pulling from lfedge/eve-grub
Digest: sha256:268543fea4a9bdc828dbb05f30a7476b0d4ae10d439215d8a0001e52e0a6c36f
Status: Image is up to date for lfedge/eve-grub:e6805cff775d771671def09ceb876c352bb7bd46
Building and pushing "lfedge/eve-guacd:f1f08a0fcadd35320f5d03fe0f0a1a318e8449be"
f1f08a0fcadd35320f5d03fe0f0a1a318e8449be: Pulling from lfedge/eve-guacd
Digest: sha256:c8f56593d2e0a75130182602c85a4fb24e7d79c53a7717f718fc09bb84cbaab2
Status: Image is up to date for lfedge/eve-guacd:f1f08a0fcadd35320f5d03fe0f0a1a318e8449be
Building and pushing "lfedge/eve-kernel:1a0c05ad4fc8c3964e22466006b8610b7ff79da5"
1a0c05ad4fc8c3964e22466006b8610b7ff79da5: Pulling from lfedge/eve-kernel
Digest: sha256:3bac753ec5293b97896671f622733da70fc5f0c01f7386f7e5552e3b2b6e1910
Status: Downloaded newer image for lfedge/eve-kernel:1a0c05ad4fc8c3964e22466006b8610b7ff79da5
Building and pushing "lfedge/eve-lisp:4bdcc521c878167913dabc59743fe4994a21ed56"
4bdcc521c878167913dabc59743fe4994a21ed56: Pulling from lfedge/eve-lisp
Digest: sha256:cafe8de235b9129c2d9bcab0bc8256694e1021d177d57eb33e2537bdd13a0734
Status: Image is up to date for lfedge/eve-lisp:4bdcc521c878167913dabc59743fe4994a21ed56
Building and pushing "lfedge/eve-mkconf:ecf6b2692257d32b006c1768f8c88fdfdf2a8fca"
ecf6b2692257d32b006c1768f8c88fdfdf2a8fca: Pulling from lfedge/eve-mkconf
Digest: sha256:77ebadc0beccc842b6853e7a1a77b8661bda2ac9ca0c8eb8a92e03d44d92d8fc
Status: Image is up to date for lfedge/eve-mkconf:ecf6b2692257d32b006c1768f8c88fdfdf2a8fca
Building and pushing "lfedge/eve-mkimage-iso-efi:3f0400e9324c8d3b044745119f5e0d74f37067ae"
3f0400e9324c8d3b044745119f5e0d74f37067ae: Pulling from lfedge/eve-mkimage-iso-efi
Digest: sha256:512c6e7bf6ceeb77885dd107c0e5f855f1c1f1f040d95a6ec97545ebfe71ca66
Status: Image is up to date for lfedge/eve-mkimage-iso-efi:3f0400e9324c8d3b044745119f5e0d74f37067ae
Building and pushing "lfedge/eve-mkimage-raw-efi:854a9b3a22b472e5f9ce2ba615eb4cc94e8f8352"
854a9b3a22b472e5f9ce2ba615eb4cc94e8f8352: Pulling from lfedge/eve-mkimage-raw-efi
Digest: sha256:331f5e5c4e22d978d77f1ba9ce06c8b06b05e5e9f379618060899adbcc0df568
Status: Image is up to date for lfedge/eve-mkimage-raw-efi:854a9b3a22b472e5f9ce2ba615eb4cc94e8f8352
Building and pushing "lfedge/eve-mkrootfs-ext4:08d616d0ae2fed5b9996b80e1caf06183ea371c6"
08d616d0ae2fed5b9996b80e1caf06183ea371c6: Pulling from lfedge/eve-mkrootfs-ext4
Digest: sha256:01c722122b4cdfbdaedbc7052bd00806a254850da955fd6fb6c5bf5ec68a73b0
Status: Image is up to date for lfedge/eve-mkrootfs-ext4:08d616d0ae2fed5b9996b80e1caf06183ea371c6
Building and pushing "lfedge/eve-mkrootfs-squash:061a611a4fe80e5386f05bc1ebe0bd87952da1b4"
061a611a4fe80e5386f05bc1ebe0bd87952da1b4: Pulling from lfedge/eve-mkrootfs-squash
Digest: sha256:4ceb8ac0f5fab4d17a234b8549431737bf977fd3cb851324afa4a26181fc40c0
Status: Image is up to date for lfedge/eve-mkrootfs-squash:061a611a4fe80e5386f05bc1ebe0bd87952da1b4
Building and pushing "lfedge/eve-xen-tools:16f9ca891503556234e59703ac83066ac1077d32"
16f9ca891503556234e59703ac83066ac1077d32: Pulling from lfedge/eve-xen-tools
Digest: sha256:69604e0c12e2c12fee14e8cd7fdba3bda78fd95fe755d62b9034742935707fef
Status: Image is up to date for lfedge/eve-xen-tools:16f9ca891503556234e59703ac83066ac1077d32
Building and pushing "lfedge/eve-strongswan:6dda5ee56b295a0115e7c09a0ca23aa925426252"
6dda5ee56b295a0115e7c09a0ca23aa925426252: Pulling from lfedge/eve-strongswan
Digest: sha256:23a114b85bb003ff07d9ace288f437aa4b1b40269ba716754261013fa00781c5
Status: Image is up to date for lfedge/eve-strongswan:6dda5ee56b295a0115e7c09a0ca23aa925426252
Building and pushing "lfedge/eve-watchdog:6467d18c58faa455deaf3e4ab04d9fd4a5ed6512"
6467d18c58faa455deaf3e4ab04d9fd4a5ed6512: Pulling from lfedge/eve-watchdog
Digest: sha256:799264427df90434c1e7ffe313e383550b5a8ae8b918aeeb27c99e7a6035abe1
Status: Image is up to date for lfedge/eve-watchdog:6467d18c58faa455deaf3e4ab04d9fd4a5ed6512
Building and pushing "lfedge/eve-rkt:15525fb9c5a58f9e7ec98004b6859365e1f99c98"
15525fb9c5a58f9e7ec98004b6859365e1f99c98: Pulling from lfedge/eve-rkt
Digest: sha256:b50a15f51e3b19fe980f9bdcf54145e5b4e9dd0521c403bf67753b606c4d985f
Status: Image is up to date for lfedge/eve-rkt:15525fb9c5a58f9e7ec98004b6859365e1f99c98
Building and pushing "lfedge/eve-rkt-stage1:d2d226f55f9a3a3c18e8c87903d5edd02853f132"
d2d226f55f9a3a3c18e8c87903d5edd02853f132: Pulling from lfedge/eve-rkt-stage1
Digest: sha256:d584a81df65b30b874c0cf5084918854e5fafb7817834c8c1887c3729c1d33b1
Status: Image is up to date for lfedge/eve-rkt-stage1:d2d226f55f9a3a3c18e8c87903d5edd02853f132
Building and pushing "lfedge/eve-pillar:9e9773a8c9d5b8b132efcb15fc3a04001caf7bf5"
9e9773a8c9d5b8b132efcb15fc3a04001caf7bf5: Pulling from lfedge/eve-pillar
no matching manifest for linux/arm64 in the manifest list entries
No image pulled, continuing with build
Sending build context to Docker daemon  23.52MB
Step 1/45 : ARG GOVER=1.12.4
 ---> 
Step 2/45 : FROM golang:${GOVER}-alpine as build
 ---> 7701ec5e84de
Step 3/45 : RUN apk update
 ---> Using cache
 ---> 5ce26f1a49ab
Step 4/45 : RUN apk add --no-cache git gcc linux-headers libc-dev util-linux libpcap-dev make
 ---> Using cache
 ---> 7b3e87b29df1
Step 5/45 : ENV GOFLAGS -mod=vendor
 ---> Using cache
 ---> ba82919b4256
Step 6/45 : ENV GO111MODULE on
 ---> Using cache
 ---> 9d8bfc2de8c6
Step 7/45 : ENV CGO_ENABLED 1
 ---> Using cache
 ---> 6e3a6f76b103
Step 8/45 : ARG GOARCH=
 ---> Using cache
 ---> 9c2fcbcf8d89
Step 9/45 : ARG CROSS_GCC=https://musl.cc/aarch64-linux-musleabi-cross.tgz
 ---> Using cache
 ---> 30c952727d2c
Step 10/45 : RUN [ -z "$GOARCH" ] || (cd / ; apk add --no-cache wget && wget -O - $CROSS_GCC | tar xzvf -)
 ---> Using cache
 ---> 09010d306af5
Step 11/45 : ADD ./ /pillar/
 ---> Using cache
 ---> 1e7f36c089bf
Step 12/45 : WORKDIR /pillar
 ---> Using cache
 ---> b928833f0daa
Step 13/45 : RUN [ -z "$GOARCH" ] || export CC=$(echo /*-cross/bin/*-gcc) ;    echo "Running go vet" && go vet ./... &&     echo "Running go fmt" && ERR=$(gofmt -e -l -s $(find . -name \*.go | grep -v /vendor/)) &&        if [ -n "$ERR" ] ; then echo $ERR ; exit 1 ; fi &&     make DISTDIR=/dist build
 ---> Using cache
 ---> 9979278c9c30
Step 14/45 : FROM lfedge/eve-lisp:4bdcc521c878167913dabc59743fe4994a21ed56-arm64 as lisp
 ---> 822aff3031d4
Step 15/45 : FROM lfedge/eve-xen-tools:16f9ca891503556234e59703ac83066ac1077d32-arm64 as xen-tools
 ---> 7f02e01372a7
Step 16/45 : FROM lfedge/eve-dnsmasq:cdb36dc56fb50bbd2b28123e435b3660adf34efb-arm64 as dnsmasq
 ---> a22ea1132ef2
Step 17/45 : FROM lfedge/eve-strongswan:6dda5ee56b295a0115e7c09a0ca23aa925426252-arm64 as strongswan
 ---> d0674bfac8fb
Step 18/45 : FROM lfedge/eve-gpt-tools:19ef56f5014fab1978a6e98b047d4498eabf8295-arm64 as gpttools
 ---> 3e2c064416b5
Step 19/45 : FROM lfedge/eve-watchdog:6467d18c58faa455deaf3e4ab04d9fd4a5ed6512-arm64 as watchdog
 ---> 4cfeaf03ca4a
Step 20/45 : FROM lfedge/eve-rkt:15525fb9c5a58f9e7ec98004b6859365e1f99c98-arm64 as rkt-build
 ---> 295f2274d6e9
Step 21/45 : FROM lfedge/eve-rkt-stage1:d2d226f55f9a3a3c18e8c87903d5edd02853f132-arm64 as rkt-stage1-build
 ---> bf9a6d6c654b
Step 22/45 : FROM lfedge/eve-fscrypt:5df0cdbaa31028b0413b4fc1781b27a84be292dd-arm64 as fscrypt-build
 ---> cf230320fe66
Step 23/45 : FROM alpine:3.8
 ---> c2b4b73a5fef
Step 24/45 : RUN apk add --no-cache     yajl xz bash openssl iptables ip6tables iproute2 dhcpcd     apk-cron coreutils dmidecode sudo libbz2 libuuid ipset     libaio logrotate pixman glib curl radvd perl ethtool     util-linux e2fsprogs libcrypto1.0 xorriso     python libpcap libffi jq e2fsprogs-extra keyutils
 ---> Using cache
 ---> 17316652340e
Step 25/45 : RUN [ `uname -m` = "aarch64" ] && apk add --no-cache libfdt || :
 ---> Using cache
 ---> 06e29834dcba
Step 26/45 : ADD conf/root-certificate.pem conf/server conf/server.production /opt/zededa/examples/config/
 ---> Using cache
 ---> d3b986458c04
Step 27/45 : ADD scripts/device-steps.sh scripts/generate-device.sh scripts/generate-self-signed.sh scripts/handlezedserverconfig.sh scripts/watchdog-report.sh /opt/zededa/bin/
 ---> Using cache
 ---> 167ec666ec2e
Step 28/45 : ADD conf/AssignableAdapters /var/tmp/zededa/AssignableAdapters
 ---> Using cache
 ---> cfa7e2257710
Step 29/45 : ADD conf/DeviceNetworkConfig /var/tmp/zededa/DeviceNetworkConfig
 ---> Using cache
 ---> 3698ebda9009
Step 30/45 : ADD conf/lisp.config.base /var/tmp/zededa/lisp.config.base
 ---> Using cache
 ---> 5de63a566fdb
Step 31/45 : COPY --from=build /dist /opt/zededa/bin
 ---> Using cache
 ---> 4193d02154cb
Step 32/45 : COPY --from=xen-tools / /
 ---> Using cache
 ---> 110e70c84f29
Step 33/45 : COPY --from=lisp / /
 ---> Using cache
 ---> 46c0e25f2696
Step 34/45 : COPY --from=gpttools / /
 ---> Using cache
 ---> d55d435c9b77
Step 35/45 : COPY --from=dnsmasq /usr/sbin/dnsmasq /opt/zededa/bin/dnsmasq
 ---> Using cache
 ---> 5559690dedad
Step 36/45 : COPY --from=strongswan / /
 ---> Using cache
 ---> af9e5b9f9cdc
Step 37/45 : COPY --from=watchdog /usr/sbin /usr/sbin
 ---> Using cache
 ---> 9725ab820560
Step 38/45 : COPY --from=rkt-build /go/rkt/build-rkt-1.26.0/target/bin/rkt /usr/sbin/rkt
 ---> Using cache
 ---> 112efbbebddf
Step 39/45 : COPY --from=rkt-stage1-build /go/stage1-xen-master/stage1-xen.aci /usr/sbin/stage1-xen.aci
 ---> Using cache
 ---> cdc264c82d08
Step 40/45 : COPY --from=fscrypt-build /fscrypt /opt/zededa/bin/fscrypt
 ---> Using cache
 ---> c39347ba14da
Step 41/45 : COPY rootfs/ /
 ---> Using cache
 ---> 442a565d999b
Step 42/45 : RUN chmod 644 /etc/logrotate.d/zededa
 ---> Using cache
 ---> 0be9a4c9be84
Step 43/45 : WORKDIR /
 ---> Using cache
 ---> 995e02cd0f08
Step 44/45 : CMD /init.sh
 ---> Using cache
 ---> a8ec402bf967
Step 45/45 : LABEL org.mobyproject.config '{"capabilities":["all"],"binds":["/lib/modules:/lib/modules","/dev:/dev","/etc/resolv.conf:/etc/resolv.conf","/run:/run","/var/config:/config","/var/log:/var/log/dom0","/:/hostfs","/etc/eve-release:/etc/eve-release"],"net":"host","pid":"host"}' org.mobyproject.linuxkit.revision 'unknown' org.mobyproject.linuxkit.version 'unknown' org.opencontainers.image.revision '51ce73b548fc42e1678f8910be6d6635b5a3107a' org.opencontainers.image.source 'https://github.com/linuxkit/linuxkit'
 ---> Running in a96497e5d3bc
 ---> f46cf24cda39
Removing intermediate container a96497e5d3bc
Successfully built f46cf24cda39
Successfully tagged lfedge/eve-pillar:9e9773a8c9d5b8b132efcb15fc3a04001caf7bf5-arm64
Pushing lfedge/eve-pillar:9e9773a8c9d5b8b132efcb15fc3a04001caf7bf5-arm64
The push refers to a repository [docker.io/lfedge/eve-pillar]
d9a23056a7df: Preparing
0a6da344f534: Preparing
ba483f6371b3: Preparing
46af0d2a6c4b: Preparing
e62db1071b30: Preparing
f2ee8f9cdf2d: Preparing
9eee5ef13135: Preparing
2610a8162849: Preparing
90cbcd98835e: Preparing
6bdcc97f7d08: Preparing
f850370da18d: Preparing
ea17978f2724: Preparing
c90c78f28c63: Preparing
2cc29d62e001: Preparing
6656849a7a4f: Preparing
3fbccc2a8b4a: Preparing
caa1e67db761: Preparing
e7ca819941c9: Preparing
11ef7eb92407: Preparing
ea17978f2724: Waiting
f2ee8f9cdf2d: Waiting
c90c78f28c63: Waiting
90cbcd98835e: Waiting
6bdcc97f7d08: Waiting
2cc29d62e001: Waiting
6656849a7a4f: Waiting
e7ca819941c9: Waiting
f850370da18d: Waiting
3fbccc2a8b4a: Waiting
11ef7eb92407: Waiting
2610a8162849: Waiting
0a6da344f534: Layer already exists
46af0d2a6c4b: Layer already exists
ba483f6371b3: Layer already exists
d9a23056a7df: Layer already exists
e62db1071b30: Layer already exists
9eee5ef13135: Layer already exists
f2ee8f9cdf2d: Layer already exists
2610a8162849: Layer already exists
90cbcd98835e: Layer already exists
f850370da18d: Layer already exists
6bdcc97f7d08: Layer already exists
ea17978f2724: Layer already exists
c90c78f28c63: Layer already exists
6656849a7a4f: Layer already exists
3fbccc2a8b4a: Layer already exists
caa1e67db761: Layer already exists
2cc29d62e001: Layer already exists
e7ca819941c9: Layer already exists
11ef7eb92407: Layer already exists
9e9773a8c9d5b8b132efcb15fc3a04001caf7bf5-arm64: digest: sha256:5b7fb8492424711d2ce9938ec0e8a6986c8d4290ad937e3a4acfa2c6c1aba373 size: 4311
Pushing lfedge/eve-pillar:9e9773a8c9d5b8b132efcb15fc3a04001caf7bf5-arm64 to manifest lfedge/eve-pillar:9e9773a8c9d5b8b132efcb15fc3a04001caf7bf5
time="2019-09-13T08:36:46+02:00" level=warning msg="Couldn't find or access image reference \"lfedge/eve-pillar:9e9773a8c9d5b8b132efcb15fc3a04001caf7bf5-s390x\". Skipping image."
Digest: sha256:f80133886423f1c269e2c6c8076662596209ac937b6bbcef3686d2c1034854d2 743
Not signing lfedge/eve-pillar:9e9773a8c9d5b8b132efcb15fc3a04001caf7bf5
Tagging lfedge/eve-pillar:9e9773a8c9d5b8b132efcb15fc3a04001caf7bf5-arm64 as lfedge/eve-pillar:snapshot-arm64
Pushing lfedge/eve-pillar:snapshot-arm64
The push refers to a repository [docker.io/lfedge/eve-pillar]
d9a23056a7df: Preparing
0a6da344f534: Preparing
ba483f6371b3: Preparing
46af0d2a6c4b: Preparing
e62db1071b30: Preparing
f2ee8f9cdf2d: Preparing
9eee5ef13135: Preparing
2610a8162849: Preparing
90cbcd98835e: Preparing
6bdcc97f7d08: Preparing
f850370da18d: Preparing
ea17978f2724: Preparing
c90c78f28c63: Preparing
2cc29d62e001: Preparing
6656849a7a4f: Preparing
3fbccc2a8b4a: Preparing
caa1e67db761: Preparing
e7ca819941c9: Preparing
11ef7eb92407: Preparing
ea17978f2724: Waiting
c90c78f28c63: Waiting
2cc29d62e001: Waiting
6656849a7a4f: Waiting
3fbccc2a8b4a: Waiting
f2ee8f9cdf2d: Waiting
9eee5ef13135: Waiting
2610a8162849: Waiting
90cbcd98835e: Waiting
6bdcc97f7d08: Waiting
f850370da18d: Waiting
caa1e67db761: Waiting
e7ca819941c9: Waiting
d9a23056a7df: Layer already exists
46af0d2a6c4b: Layer already exists
ba483f6371b3: Layer already exists
0a6da344f534: Layer already exists
e62db1071b30: Layer already exists
9eee5ef13135: Layer already exists
2610a8162849: Layer already exists
6bdcc97f7d08: Layer already exists
f2ee8f9cdf2d: Layer already exists
90cbcd98835e: Layer already exists
f850370da18d: Layer already exists
ea17978f2724: Layer already exists
c90c78f28c63: Layer already exists
2cc29d62e001: Layer already exists
6656849a7a4f: Layer already exists
3fbccc2a8b4a: Layer already exists
caa1e67db761: Layer already exists
e7ca819941c9: Layer already exists
11ef7eb92407: Layer already exists
snapshot-arm64: digest: sha256:5b7fb8492424711d2ce9938ec0e8a6986c8d4290ad937e3a4acfa2c6c1aba373 size: 4311
Pushing lfedge/eve-pillar:snapshot-arm64 to manifest lfedge/eve-pillar:snapshot
time="2019-09-13T08:36:58+02:00" level=warning msg="Couldn't find or access image reference \"lfedge/eve-pillar:snapshot-s390x\". Skipping image."
Digest: sha256:f80133886423f1c269e2c6c8076662596209ac937b6bbcef3686d2c1034854d2 743
Not signing lfedge/eve-pillar:snapshot
Build, push and release of "snapshot" complete, all done.
Building and pushing "lfedge/eve-qrexec-lib:b0fb86eb752be7884d4d83c1dbbb025e75c5c466"
b0fb86eb752be7884d4d83c1dbbb025e75c5c466: Pulling from lfedge/eve-qrexec-lib
Digest: sha256:738f796da4d434031d40e93bc8f5e9943e804861834ae687a926f60bfaac7cf7
Status: Image is up to date for lfedge/eve-qrexec-lib:b0fb86eb752be7884d4d83c1dbbb025e75c5c466
Building and pushing "lfedge/eve-qrexec-dom0:29024a9e04a96b4baede4f474dcf85c1cef98607"
29024a9e04a96b4baede4f474dcf85c1cef98607: Pulling from lfedge/eve-qrexec-dom0
Digest: sha256:cdd8e3bb99cb58ce3ca6e8a55e767cf610357eb24bb3c47b8f1835c3c8bedbcb
Status: Image is up to date for lfedge/eve-qrexec-dom0:29024a9e04a96b4baede4f474dcf85c1cef98607
Building and pushing "lfedge/eve-rngd:6e16dad8553a6c2939854abfa9f34a5f2604bce7"
6e16dad8553a6c2939854abfa9f34a5f2604bce7: Pulling from lfedge/eve-rngd
Digest: sha256:4c880395a2ab261cc4abe2b866db6764527c19c61a187e68470e1e3f94f99388
Status: Image is up to date for lfedge/eve-rngd:6e16dad8553a6c2939854abfa9f34a5f2604bce7
Building and pushing "lfedge/eve-uefi:aef36d9c29fd16f9bae72a74d887568f0ef138f0"
aef36d9c29fd16f9bae72a74d887568f0ef138f0: Pulling from lfedge/eve-uefi
Digest: sha256:10151b39c87a095cc3ad92ef41d04a3d31b6f676de5968201fa9849e4f931069
Status: Image is up to date for lfedge/eve-uefi:aef36d9c29fd16f9bae72a74d887568f0ef138f0
Building and pushing "lfedge/eve-wlan:c0808ff7629fe29203a4fb0025afef836b6c0e3c"
c0808ff7629fe29203a4fb0025afef836b6c0e3c: Pulling from lfedge/eve-wlan
Digest: sha256:294a580bd34fbb787a9e8b4a44ae03ee230819de86929640da3789b7b4cbc8e7
Status: Image is up to date for lfedge/eve-wlan:c0808ff7629fe29203a4fb0025afef836b6c0e3c
Building and pushing "lfedge/eve-wwan:dc1a7c1174134079c4c76e0f11564325aaefa290"
dc1a7c1174134079c4c76e0f11564325aaefa290: Pulling from lfedge/eve-wwan
Digest: sha256:3f772e9a7c27ff34f0fe2a3dd5a7576fa8a18606ec92a4194bf2eeb3ffdf8158
Status: Image is up to date for lfedge/eve-wwan:dc1a7c1174134079c4c76e0f11564325aaefa290
Building and pushing "lfedge/eve-xen:393866aac272f235484dbc0d28846e0977a1b94b"
393866aac272f235484dbc0d28846e0977a1b94b: Pulling from lfedge/eve-xen
Digest: sha256:99c4f39e2ce582a088f4f0a5f73555e2b84b8b3f236d98c30085231e3341b68b
Status: Image is up to date for lfedge/eve-xen:393866aac272f235484dbc0d28846e0977a1b94b
Done building packages
rm pkg/qrexec-dom0/Dockerfile pkg/qrexec-lib/Dockerfile pkg/pillar/Dockerfile
Creating go builder image for user zededa-ci
eve-build-zededa-ci docker container is ready to use
mkdir -p /home/zededa-ci/src/eve/dist/arm64/bios
cd /home/zededa-ci/src/eve/dist/arm64/bios ; _() { C=`docker create $1 fake` ; docker export $C | tar -xf - $2 ; docker rm $C ; } ; _ lfedge/eve-uefi:aef36d9c29fd16f9bae72a74d887568f0ef138f0-arm64 OVMF.fd
94da749bb44bd5401e084c5ebfad9ebedf7ffdbfdad095ba829d8d59308e487d
mkdir -p /home/zededa-ci/src/eve/dist/arm64
./tools/makeconfig.sh conf /home/zededa-ci/src/eve/dist/arm64/config.img
+ CONFIG_FILE=/config.img
+ CONFIG_SIZE_KB=1024
+ cd /conf
+ tar xf -
+ echo mtools_skip_check=1
+ dd if=/dev/zero of=/config.img bs=1024 count=1024
1024+0 records in
1024+0 records out
+ mkfs.vfat -n EVE -v /config.img 1024
mkfs.fat 4.1 (2017-01-24)
/config.img has 64 heads and 32 sectors per track,
hidden sectors 0x0000;
logical sector size is 512,
using 0xf8 media descriptor, with 2048 sectors;
drive number 0x80;
filesystem has 2 12-bit FATs and 4 sectors per cluster.
FAT size is 2 sectors, and provides 502 clusters.
There is 1 reserved sector.
Root directory contains 512 slots and uses 32 sectors.
Volume ID is 9251bcb6, volume label EVE        .
+ mcopy -i /config.img -s /conf/authorized_keys /conf/onboard.cert.pem /conf/onboard.key.pem /conf/root-certificate.pem /conf/server /conf/wpa_supplicant.conf ::/
Done building /home/zededa-ci/src/eve/build-tools/bin/linuxkit
./tools/makerootfs.sh images/rootfs.yml squash /home/zededa-ci/src/eve/dist/arm64/rootfs.img
Extract kernel image: lfedge/eve-kernel:1a0c05ad4fc8c3964e22466006b8610b7ff79da5-arm64
Add init containers:
Process init image: linuxkit/init:v0.5-arm64
Process init image: linuxkit/runc:v0.5-arm64
Process init image: linuxkit/containerd:v0.5-arm64
Process init image: linuxkit/getty:v0.5-arm64
Process init image: lfedge/eve-grub:e6805cff775d771671def09ceb876c352bb7bd46-arm64
Process init image: lfedge/eve-device-trees:107f663ced4eda54228dc95b17f3c5ed636caf36-arm64
Process init image: lfedge/eve-fw:e07c45a98386767ec3926b813dc4b46a96a81541-arm64
Process init image: lfedge/eve-xen:393866aac272f235484dbc0d28846e0977a1b94b-arm64
Process init image: lfedge/eve-gpt-tools:19ef56f5014fab1978a6e98b047d4498eabf8295-arm64
Process init image: lfedge/eve-dom0-ztools:f6e8d3bb095edb1065ee0262d1643dae7ce43c6e-arm64
Add onboot containers:
  Create OCI config for linuxkit/sysctl:v0.5-arm64
  Create OCI config for linuxkit/modprobe:v0.5-arm64
  Create OCI config for linuxkit/mount:v0.5-arm64
  Create OCI config for lfedge/eve-rngd:6e16dad8553a6c2939854abfa9f34a5f2604bce7-arm64
Add service containers:
  Create OCI config for linuxkit/openntpd:v0.5-arm64
  Create OCI config for linuxkit/sshd:v0.5-arm64
  Create OCI config for lfedge/eve-wwan:dc1a7c1174134079c4c76e0f11564325aaefa290-arm64
  Create OCI config for lfedge/eve-wlan:c0808ff7629fe29203a4fb0025afef836b6c0e3c-arm64
  Create OCI config for lfedge/eve-guacd:f1f08a0fcadd35320f5d03fe0f0a1a318e8449be-arm64
  Create OCI config for lfedge/eve-pillar:9e9773a8c9d5b8b132efcb15fc3a04001caf7bf5-arm64
Add files:
  /etc/eve-release
  /containers/services/pillar/lower/opt/zededa/bin/versioninfo
Parallel mksquashfs: Using 4 processors
Creating 4.0 filesystem on /rootfs.img, block size 131072.
[/                                                           ]     0/19647   0%[===========================\                                ]  9000/19647  45%[===============================================-            ] 15900/19647  80%[================================================/           ] 16000/19647  81%[==================================================\         ] 16800/19647  85%[====================================================-       ] 17600/19647  89%[===========================================================\] 19647/19647 100%

Exportable Squashfs 4.0 filesystem, gzip compressed, data block size 131072
	compressed data, compressed metadata, compressed fragments, compressed xattrs
	duplicates are removed
Filesystem size 236125.57 Kbytes (230.59 Mbytes)
	34.55% of uncompressed filesystem size (683342.55 Kbytes)
Inode table size 211578 bytes (206.62 Kbytes)
	25.69% of uncompressed inode table size (823688 bytes)
Directory table size 222868 bytes (217.64 Kbytes)
	45.17% of uncompressed directory table size (493389 bytes)
Number of duplicate files found 6481
Number of inodes 21232
Number of files 15391
Number of fragments 685
Number of symbolic links  4089
Number of device nodes 5
Number of fifo nodes 0
Number of socket nodes 0
Number of directories 1747
Number of ids (unique uids + gids) 3
Number of uids 1
	root (0)
Number of gids 3
	root (0)
	shadow (42)
	tty (5)
./tools/makeiso.sh images/installer.yml /home/zededa-ci/src/eve/dist/arm64/installer.iso
Extract kernel image: lfedge/eve-kernel:1a0c05ad4fc8c3964e22466006b8610b7ff79da5-arm64
Add init containers:
Process init image: linuxkit/init:v0.5-arm64
Process init image: linuxkit/runc:v0.5-arm64
Process init image: linuxkit/getty:v0.5-arm64
Process init image: lfedge/eve-grub:e6805cff775d771671def09ceb876c352bb7bd46-arm64
Process init image: lfedge/eve-device-trees:107f663ced4eda54228dc95b17f3c5ed636caf36-arm64
Process init image: lfedge/eve-xen:393866aac272f235484dbc0d28846e0977a1b94b-arm64
Process init image: lfedge/eve-dom0-ztools:f6e8d3bb095edb1065ee0262d1643dae7ce43c6e-arm64
Add onboot containers:
  Create OCI config for lfedge/eve-rngd:6e16dad8553a6c2939854abfa9f34a5f2604bce7-arm64
  Create OCI config for lfedge/eve-mkimage-raw-efi:854a9b3a22b472e5f9ce2ba615eb4cc94e8f8352-arm64
Add files:
  /bits/config.img
  /bits/rootfs.img
  /etc/eve-release
xorriso 1.4.6 : RockRidge filesystem manipulator, libburnia project.

Drive current: -outdev 'stdio:linuxkit-efi.iso'
Media current: stdio file, overwriteable
Media status : is blank
Media summary: 0 sessions, 0 data blocks, 0 data,  647g free
Added to ISO image: directory '/'='/tmp/efi'
xorriso : UPDATE : 7732 files added in 1 seconds
xorriso : UPDATE : 7732 files added in 1 seconds
libisofs: NOTE : Cannot arrange content of data files in surely reproducible way
xorriso : UPDATE :  3.23% done
xorriso : UPDATE :  86.21% done
ISO image produced: 259436 sectors
Written to medium : 259436 sectors at LBA 0
Writing to 'stdio:linuxkit-efi.iso' completed successfully.

./tools/makerootfs.sh images/installer.yml squash /home/zededa-ci/src/eve/dist/arm64/rootfs.img_installer.img
Extract kernel image: lfedge/eve-kernel:1a0c05ad4fc8c3964e22466006b8610b7ff79da5-arm64
Add init containers:
Process init image: linuxkit/init:v0.5-arm64
Process init image: linuxkit/runc:v0.5-arm64
Process init image: linuxkit/getty:v0.5-arm64
Process init image: lfedge/eve-grub:e6805cff775d771671def09ceb876c352bb7bd46-arm64
Process init image: lfedge/eve-device-trees:107f663ced4eda54228dc95b17f3c5ed636caf36-arm64
Process init image: lfedge/eve-xen:393866aac272f235484dbc0d28846e0977a1b94b-arm64
Process init image: lfedge/eve-dom0-ztools:f6e8d3bb095edb1065ee0262d1643dae7ce43c6e-arm64
Add onboot containers:
  Create OCI config for lfedge/eve-rngd:6e16dad8553a6c2939854abfa9f34a5f2604bce7-arm64
  Create OCI config for lfedge/eve-mkimage-raw-efi:854a9b3a22b472e5f9ce2ba615eb4cc94e8f8352-arm64
Add files:
  /bits/config.img
  /bits/rootfs.img
  /etc/eve-release
Parallel mksquashfs: Using 4 processors
Creating 4.0 filesystem on /rootfs.img, block size 131072.
[========================================-                     ] 5300/8073  65%[=============================================================/] 8073/8073 100%

Exportable Squashfs 4.0 filesystem, gzip compressed, data block size 131072
	compressed data, compressed metadata, compressed fragments, compressed xattrs
	duplicates are removed
Filesystem size 328555.30 Kbytes (320.85 Mbytes)
	64.23% of uncompressed filesystem size (511504.47 Kbytes)
Inode table size 66655 bytes (65.09 Kbytes)
	26.87% of uncompressed inode table size (248066 bytes)
Directory table size 66308 bytes (64.75 Kbytes)
	45.40% of uncompressed directory table size (146046 bytes)
Number of duplicate files found 1440
Number of inodes 5690
Number of files 4388
Number of fragments 153
Number of symbolic links  916
Number of device nodes 1
Number of fifo nodes 0
Number of socket nodes 0
Number of directories 385
Number of ids (unique uids + gids) 3
Number of uids 1
	root (0)
Number of gids 3
	root (0)
	shadow (42)
	tty (5)
ERROR: size of /home/zededa-ci/src/eve/dist/arm64/rootfs.img_installer.img is greater than 300MB (bigger than allocated partition)
Makefile:210: recipe for target '/home/zededa-ci/src/eve/dist/arm64/rootfs.img_installer.img' failed
make: *** [/home/zededa-ci/src/eve/dist/arm64/rootfs.img_installer.img] Error 1
FINISHED
