From https://github.com/zededa/zenbuild
   f697e78..e75ea2d  master     -> origin/master
Updating f697e78..e75ea2d
Fast-forward
 parse-pkgs.sh | 2 +-
 1 file changed, 1 insertion(+), 1 deletion(-)
make -C build-tools all
make[1]: Entering directory '/home/zededa-ci/src/zenbuild/build-tools'
make[1]: Nothing to be done for 'all'.
make[1]: Leaving directory '/home/zededa-ci/src/zenbuild/build-tools'
From github.com:zededa/go-provision
   b7689f10..673b7bc6  master                  -> origin/master
   fc37d633..b10b38f1  kalyan-networkInstance  -> origin/kalyan-networkInstance
   2033cf85..858cb183  rishabh-curl-replacement -> origin/rishabh-curl-replacement
   d78fffd8..90a42600  simplify                -> origin/simplify
   cbf006c5..5c50bd5a  ssat-remote-console-nat -> origin/ssat-remote-console-nat
Updating b7689f10..673b7bc6
Fast-forward
 Gopkg.lock                                         |  139 ++-
 Gopkg.toml                                         |    4 +
 cast/cast.go                                       |   13 +
 cmd/diag/diag.go                                   |   90 +-
 cmd/domainmgr/domainmgr.go                         |    5 +-
 cmd/nim/nim.go                                     |   70 +-
 cmd/wstunnelclient/wstunnelclient.go               |   95 +-
 cmd/zedagent/handleconfig.go                       |   33 +-
 cmd/zedagent/parseconfig.go                        |  237 +++-
 cmd/zedagent/zedagent.go                           |   43 +-
 devicenetwork/addrchange.go                        |    8 +-
 devicenetwork/devicenetwork.go                     |   26 +-
 devicenetwork/dhcpcd.go                            |   18 +-
 devicenetwork/dnc.go                               |   69 +-
 devicenetwork/dns.go                               |   41 +-
 docs/global-config-variables.txt                   |   13 +-
 docs/static-and-proxy-config.txt                   |   18 +-
 iptables/ssh.go                                    |    3 +-
 scripts/device-steps.sh                            |   60 +-
 scripts/mkusb.sh                                   |   97 ++
 src/vendor/github.com/gorilla/websocket/AUTHORS    |    9 +
 src/vendor/github.com/gorilla/websocket/LICENSE    |   22 +
 src/vendor/github.com/gorilla/websocket/client.go  |  395 +++++++
 .../github.com/gorilla/websocket/client_clone.go   |   16 +
 .../gorilla/websocket/client_clone_legacy.go       |   38 +
 .../github.com/gorilla/websocket/compression.go    |  148 +++
 src/vendor/github.com/gorilla/websocket/conn.go    | 1165 ++++++++++++++++++++
 .../github.com/gorilla/websocket/conn_write.go     |   15 +
 .../gorilla/websocket/conn_write_legacy.go         |   18 +
 src/vendor/github.com/gorilla/websocket/doc.go     |  180 +++
 src/vendor/github.com/gorilla/websocket/json.go    |   60 +
 src/vendor/github.com/gorilla/websocket/mask.go    |   54 +
 .../github.com/gorilla/websocket/mask_safe.go      |   15 +
 .../github.com/gorilla/websocket/prepared.go       |  102 ++
 src/vendor/github.com/gorilla/websocket/proxy.go   |   77 ++
 src/vendor/github.com/gorilla/websocket/server.go  |  363 ++++++
 src/vendor/github.com/gorilla/websocket/trace.go   |   19 +
 .../github.com/gorilla/websocket/trace_17.go       |   12 +
 src/vendor/github.com/gorilla/websocket/util.go    |  237 ++++
 .../github.com/gorilla/websocket/x_net_proxy.go    |  473 ++++++++
 src/vendor/github.com/jcelliott/lumber/LICENSE     |   21 -
 .../github.com/jcelliott/lumber/consolelog.go      |  159 ---
 src/vendor/github.com/jcelliott/lumber/filelog.go  |  362 ------
 src/vendor/github.com/jcelliott/lumber/lumber.go   |  161 ---
 src/vendor/github.com/jcelliott/lumber/multilog.go |  134 ---
 .../github.com/nanobox-io/golang-scribble/LICENSE  |  340 ------
 .../nanobox-io/golang-scribble/scribble.go         |  254 -----
 .../github.com/zededa/api/zconfig/appconfig.pb.go  |   71 +-
 .../zededa/api/zconfig/baseosconfig.pb.go          |   10 +-
 .../github.com/zededa/api/zconfig/devcommon.pb.go  |   14 +-
 .../github.com/zededa/api/zconfig/devconfig.pb.go  |   26 +-
 src/vendor/github.com/zededa/api/zconfig/fw.pb.go  |   10 +-
 .../github.com/zededa/api/zconfig/netcmn.pb.go     |   83 +-
 .../github.com/zededa/api/zconfig/netconfig.pb.go  |    8 +-
 .../github.com/zededa/api/zconfig/netinst.pb.go    |  127 ++-
 .../github.com/zededa/api/zconfig/service.pb.go    |   12 +-
 .../github.com/zededa/api/zconfig/storage.pb.go    |   20 +-
 src/vendor/github.com/zededa/api/zconfig/vm.pb.go  |    8 +-
 types/global.go                                    |  110 +-
 types/zedmanagertypes.go                           |    6 +-
 zedcloud/wstunnelclient.go                         |  447 ++++++++
 61 files changed, 4994 insertions(+), 1889 deletions(-)
 create mode 100755 scripts/mkusb.sh
 create mode 100644 src/vendor/github.com/gorilla/websocket/AUTHORS
 create mode 100644 src/vendor/github.com/gorilla/websocket/LICENSE
 create mode 100644 src/vendor/github.com/gorilla/websocket/client.go
 create mode 100644 src/vendor/github.com/gorilla/websocket/client_clone.go
 create mode 100644 src/vendor/github.com/gorilla/websocket/client_clone_legacy.go
 create mode 100644 src/vendor/github.com/gorilla/websocket/compression.go
 create mode 100644 src/vendor/github.com/gorilla/websocket/conn.go
 create mode 100644 src/vendor/github.com/gorilla/websocket/conn_write.go
 create mode 100644 src/vendor/github.com/gorilla/websocket/conn_write_legacy.go
 create mode 100644 src/vendor/github.com/gorilla/websocket/doc.go
 create mode 100644 src/vendor/github.com/gorilla/websocket/json.go
 create mode 100644 src/vendor/github.com/gorilla/websocket/mask.go
 create mode 100644 src/vendor/github.com/gorilla/websocket/mask_safe.go
 create mode 100644 src/vendor/github.com/gorilla/websocket/prepared.go
 create mode 100644 src/vendor/github.com/gorilla/websocket/proxy.go
 create mode 100644 src/vendor/github.com/gorilla/websocket/server.go
 create mode 100644 src/vendor/github.com/gorilla/websocket/trace.go
 create mode 100644 src/vendor/github.com/gorilla/websocket/trace_17.go
 create mode 100644 src/vendor/github.com/gorilla/websocket/util.go
 create mode 100644 src/vendor/github.com/gorilla/websocket/x_net_proxy.go
 delete mode 100644 src/vendor/github.com/jcelliott/lumber/LICENSE
 delete mode 100644 src/vendor/github.com/jcelliott/lumber/consolelog.go
 delete mode 100644 src/vendor/github.com/jcelliott/lumber/filelog.go
 delete mode 100644 src/vendor/github.com/jcelliott/lumber/lumber.go
 delete mode 100644 src/vendor/github.com/jcelliott/lumber/multilog.go
 delete mode 100644 src/vendor/github.com/nanobox-io/golang-scribble/LICENSE
 delete mode 100644 src/vendor/github.com/nanobox-io/golang-scribble/scribble.go
 create mode 100644 zedcloud/wstunnelclient.go
Already up-to-date.
Building and pushing "zededa/lisp:4bd88ce08634e61060bc7abc8d7b0c1fb25d117d"
4bd88ce08634e61060bc7abc8d7b0c1fb25d117d: Pulling from zededa/lisp
Digest: sha256:38dc301df5674271853d74ce3fd968aa363016b297aeac4f484c47708ea84b99
Status: Image is up to date for zededa/lisp:4bd88ce08634e61060bc7abc8d7b0c1fb25d117d
Building and pushing "zededa/lisp:latest"
Sending build context to Docker daemon   13.2MB
Step 1/20 : FROM golang:1.9.1-alpine AS go-build
 ---> cc52d0ad4cce
Step 2/20 : RUN apk update
 ---> Using cache
 ---> d0d319b88ab5
Step 3/20 : RUN apk add --no-cache git gcc linux-headers libc-dev libpcap-dev
 ---> Using cache
 ---> b0f64166d21e
Step 4/20 : ADD . /go/src/github.com/zededa/lisp
 ---> Using cache
 ---> a1eaad8e7c33
Step 5/20 : RUN go install github.com/zededa/lisp/cmd/...
 ---> Using cache
 ---> 9754e014e277
Step 6/20 : FROM alpine:3.8
 ---> 0db038343fbd
Step 7/20 : RUN apk add --no-cache curl gcc linux-headers libc-dev python python-dev libffi-dev openssl-dev libpcap-dev iproute2 tcpdump ethtool ip6tables
 ---> Using cache
 ---> bcf4d3168a8c
Step 8/20 : RUN mkdir /lisp
 ---> Using cache
 ---> 1dcd57abf0c4
Step 9/20 : ARG LISP_URL=https://www.dropbox.com/s/ogfu5gaw550rlkq/zededa.tgz
 ---> Using cache
 ---> 5733279436e6
Step 10/20 : RUN cd /lisp ; curl --insecure -L $LISP_URL | gzip -dc | tar -xf -
 ---> Using cache
 ---> c1d6d16c6372
Step 11/20 : ADD scripts/sudo /usr/bin/sudo
 ---> Using cache
 ---> eabb4c18faa7
Step 12/20 : ADD conf scripts/RESTART-LISP scripts/RUN-LISP.rtr1 scripts/RUN-LISP scripts/STOP-LISP scripts/CONFIG-SVC scripts/RL scripts/pslisp scripts/log-packets scripts/ping-mesh.py /lisp/
 ---> Using cache
 ---> e15f1d2975d1
Step 13/20 : RUN python /lisp/get-pip.py
 ---> Using cache
 ---> 2236be20e457
Step 14/20 : RUN pip install -r /lisp/pip-requirements.txt
 ---> Using cache
 ---> bb5a918d3fbf
Step 15/20 : RUN echo 'PS1="`hostname | cut -d . -f 0` > "' >> /root/.profile
 ---> Using cache
 ---> 5042f58441be
Step 16/20 : COPY --from=go-build /go/bin/dataplane /lisp/lisp-ztr
 ---> Using cache
 ---> 9eb378ed01ae
Step 17/20 : EXPOSE 8080
 ---> Using cache
 ---> 108c240478dd
Step 18/20 : WORKDIR /lisp
 ---> Using cache
 ---> c900a0718c14
Step 19/20 : CMD ./CONFIG-SVC ; ./RL ; sleep 5 ; tail -f ./logs/*
 ---> Using cache
 ---> e07e2c4b282b
Step 20/20 : LABEL org.mobyproject.linuxkit.revision 'unknown' org.mobyproject.linuxkit.version 'unknown' org.opencontainers.image.revision 'f8f2cba08166884c5b9341eb605db1d5d84f6550' org.opencontainers.image.source 'https://github.com/linuxkit/linuxkit'
 ---> Using cache
 ---> f0831d283c19
Successfully built f0831d283c19
Successfully tagged zededa/lisp:latest-arm64
Pushing zededa/lisp:latest-arm64
The push refers to a repository [docker.io/zededa/lisp]
5c5887b821e5: Preparing
f93eeb35af34: Preparing
e7d4a8597f47: Preparing
e8783d15fe29: Preparing
9006511ab46c: Preparing
9c4d2799ed46: Preparing
7e3f18692e09: Preparing
9ff7fbdbace6: Preparing
3dd8a25d3e1b: Preparing
82fe62b38ba2: Preparing
92d7b4d0b33c: Preparing
9ff7fbdbace6: Waiting
3dd8a25d3e1b: Waiting
9c4d2799ed46: Waiting
7e3f18692e09: Waiting
82fe62b38ba2: Waiting
92d7b4d0b33c: Waiting
e7d4a8597f47: Layer already exists
5c5887b821e5: Layer already exists
9006511ab46c: Layer already exists
e8783d15fe29: Layer already exists
f93eeb35af34: Layer already exists
9c4d2799ed46: Layer already exists
7e3f18692e09: Layer already exists
3dd8a25d3e1b: Layer already exists
9ff7fbdbace6: Layer already exists
82fe62b38ba2: Layer already exists
92d7b4d0b33c: Layer already exists
latest-arm64: digest: sha256:c8ea7d880f87774ce6976ebd3955e171b6cb48ec7ce548380f46c4f23e36affc size: 2621
Pushing zededa/lisp:latest-arm64 to manifest zededa/lisp:latest
time="2019-02-05T08:00:22+01:00" level=warning msg="Couldn't find or access image reference \"zededa/lisp:latest-s390x\". Skipping image."
Digest: sha256:cd7c7232e91176eb181517b991a0299d63a2e6120f5d3028debf6a7f3fabb52c 743
Not signing zededa/lisp:latest
Tagging zededa/lisp:latest-arm64 as zededa/lisp:1.2.0-arm64
Pushing zededa/lisp:1.2.0-arm64
The push refers to a repository [docker.io/zededa/lisp]
5c5887b821e5: Preparing
f93eeb35af34: Preparing
e7d4a8597f47: Preparing
e8783d15fe29: Preparing
9006511ab46c: Preparing
9c4d2799ed46: Preparing
7e3f18692e09: Preparing
9ff7fbdbace6: Preparing
3dd8a25d3e1b: Preparing
82fe62b38ba2: Preparing
9c4d2799ed46: Waiting
7e3f18692e09: Waiting
9ff7fbdbace6: Waiting
3dd8a25d3e1b: Waiting
92d7b4d0b33c: Preparing
82fe62b38ba2: Waiting
92d7b4d0b33c: Waiting
e8783d15fe29: Layer already exists
5c5887b821e5: Layer already exists
e7d4a8597f47: Layer already exists
9006511ab46c: Layer already exists
f93eeb35af34: Layer already exists
9c4d2799ed46: Layer already exists
3dd8a25d3e1b: Layer already exists
7e3f18692e09: Layer already exists
9ff7fbdbace6: Layer already exists
82fe62b38ba2: Layer already exists
92d7b4d0b33c: Layer already exists
1.2.0-arm64: digest: sha256:c8ea7d880f87774ce6976ebd3955e171b6cb48ec7ce548380f46c4f23e36affc size: 2621
Pushing zededa/lisp:1.2.0-arm64 to manifest zededa/lisp:1.2.0
time="2019-02-05T08:00:34+01:00" level=warning msg="Couldn't find or access image reference \"zededa/lisp:1.2.0-s390x\". Skipping image."
Digest: sha256:1c3cc0b0e2c247655f50a3c382469f04693747ab1da23dd3e58eaa730e58f7d2 743
Not signing zededa/lisp:1.2.0
Build, push and release of "1.2.0" complete, all done.
Building and pushing "zededa/ztools:24d44f618c2b48b94191f3971cdf63e01f73d3db"
24d44f618c2b48b94191f3971cdf63e01f73d3db: Pulling from zededa/ztools
no matching manifest for linux/arm64 in the manifest list entries
No image pulled, continuing with build
Sending build context to Docker daemon  69.36MB
Step 1/31 : FROM golang:1.9.1-alpine AS build
 ---> cc52d0ad4cce
Step 2/31 : RUN apk update
 ---> Using cache
 ---> d0d319b88ab5
Step 3/31 : RUN apk add --no-cache git gcc linux-headers libc-dev util-linux
 ---> Using cache
 ---> d1eee840b78f
Step 4/31 : ENV CGO_ENABLED 1
 ---> Using cache
 ---> 43f5b37f3ea0
Step 5/31 : ARG GOARCH=
 ---> Using cache
 ---> 2f6ef9c7a071
Step 6/31 : ARG CROSS_GCC=https://musl.cc/aarch64-linux-musleabi-cross.tgz
 ---> Using cache
 ---> a88acb4b4a36
Step 7/31 : RUN [ -z "$GOARCH" ] || (cd / ; apk add --no-cache wget && wget -O - $CROSS_GCC | tar xzvf -)
 ---> Using cache
 ---> 088a47cef319
Step 8/31 : ADD ./ /go/src/github.com/zededa/go-provision/
 ---> d6c75149aad2
Step 9/31 : ADD etc /config
 ---> d1369dc909ab
Step 10/31 : ADD scripts/device-steps.sh scripts/find-uplink.sh scripts/generate-device.sh scripts/generate-self-signed.sh scripts/handlezedserverconfig.sh /opt/zededa/bin/
 ---> e4b38cd912ee
Step 11/31 : ADD examples /opt/zededa/examples
 ---> e73460326653
Step 12/31 : ADD AssignableAdapters /var/tmp/zededa/AssignableAdapters
 ---> adcbd628d6fd
Step 13/31 : ADD DeviceNetworkConfig /var/tmp/zededa/DeviceNetworkConfig
 ---> 594e29c974eb
Step 14/31 : ADD lisp.config.base /var/tmp/zededa/lisp.config.base
 ---> eeeba12e3118
Step 15/31 : RUN (cd ./src/github.com/zededa/go-provision/; scripts/getversion.sh >/opt/zededa/bin/versioninfo)
 ---> Running in 5acb831f2c02
 ---> 06e00671eede
Removing intermediate container 5acb831f2c02
Step 16/31 : RUN cp /opt/zededa/bin/versioninfo /opt/zededa/bin/versioninfo.1
 ---> Running in 17a8f54537b4
 ---> 06653dfc2b26
Removing intermediate container 17a8f54537b4
Step 17/31 : RUN echo Building: `cat /opt/zededa/bin/versioninfo`
 ---> Running in 0eddcb22276d
Building: 20180314-test-673b7bc6-2019-02-05.07.01
 ---> d9f8936b6d93
Removing intermediate container 0eddcb22276d
Step 18/31 : RUN echo "Running go tool vet" &&     cd /go/src/github.com/zededa/go-provision/ &&     for f in $(ls | egrep -v '(src|oldcmd)');     do        result=$(go tool vet $f 2>&1 );       returnCode=$?;       noFilesChecked=$(echo $result | grep "no files checked");        if [[ $returnCode -ne 0 && -z "$noFilesChecked" ]];        then           printf "\n***FAILED: go tool vet $f\n\n $result\n\n";           exit 1;        fi;     done;
 ---> Running in 9ea5fc796ff1
Running go tool vet
 ---> 2a9732e1359c
Removing intermediate container 9ea5fc796ff1
Step 19/31 : RUN [ -z "$GOARCH" ] || export CC=$(echo /*-cross/bin/*-gcc)           ;    go install github.com/zededa/go-provision/zedbox/... &&     if [ -f /go/bin/*/zedbox ] ; then mv /go/bin/*/zedbox /go/bin ; fi
 ---> Running in 22e198a69840
 ---> c144a5b69e06
Removing intermediate container 22e198a69840
Step 20/31 : RUN ln -s /go/bin/zedbox /opt/zededa/bin/zedbox ;    for app in         client domainmgr downloader hardwaremodel identitymgr ledmanager       logmanager verifier zedagent zedmanager zedrouter ipcmonitor nim       waitforaddr diag baseosmgr wstunnelclient conntrack;    do ln -s zedbox /opt/zededa/bin/$app ; done
 ---> Running in 0ed30ed96552
 ---> 7f58bc093ffa
Removing intermediate container 0ed30ed96552
Step 21/31 : FROM scratch
 ---> 
Step 22/31 : COPY --from=build /opt/zededa/bin /opt/zededa/bin
 ---> 17ccd67ec678
Step 23/31 : COPY --from=build /opt/zededa/examples /opt/zededa/examples
 ---> 3b25eedab1a7
Step 24/31 : COPY --from=build /var/tmp/zededa/AssignableAdapters /var/tmp/zededa/AssignableAdapters
 ---> 61de274a7ade
Step 25/31 : COPY --from=build /var/tmp/zededa/DeviceNetworkConfig /var/tmp/zededa/DeviceNetworkConfig
 ---> a51250506665
Step 26/31 : COPY --from=build /var/tmp/zededa/lisp.config.base /var/tmp/zededa/lisp.config.base
 ---> 14a1ff7e60f1
Step 27/31 : COPY --from=build /config /opt/zededa/examples/config
 ---> b50784e840f7
Step 28/31 : COPY --from=build /go/bin/* /opt/zededa/bin/
 ---> 58e27567d790
Step 29/31 : WORKDIR /opt/zededa/bin
 ---> 79a827c703f8
Removing intermediate container c76781a1e942
Step 30/31 : CMD /bin/ash
 ---> Running in 798a4c10cd03
 ---> 4854a6c7c1c2
Removing intermediate container 798a4c10cd03
Step 31/31 : LABEL org.mobyproject.linuxkit.revision 'unknown' org.mobyproject.linuxkit.version 'unknown' org.opencontainers.image.revision '673b7bc64eb08f40c2ccd3f2d8ab167f8b51ac0f' org.opencontainers.image.source 'https://github.com/linuxkit/linuxkit'
 ---> Running in 0e1ba956d166
 ---> 90a400c8b43b
Removing intermediate container 0e1ba956d166
[91m[WARNING]: Empty continuation line found in:
    RUN echo "Running go tool vet" &&     cd /go/src/github.com/zededa/go-provision/ &&     for f in $(ls | egrep -v '(src|oldcmd)');     do        result=$(go tool vet $f 2>&1 );       returnCode=$?;       noFilesChecked=$(echo $result | grep "no files checked");        if [[ $returnCode -ne 0 && -z "$noFilesChecked" ]];        then           printf "\n***FAILED: go tool vet $f\n\n $result\n\n";           exit 1;        fi;     done;
[WARNING]: Empty continuation lines will become errors in a future release.
[0mSuccessfully built 90a400c8b43b
Successfully tagged zededa/ztools:24d44f618c2b48b94191f3971cdf63e01f73d3db-arm64
Pushing zededa/ztools:24d44f618c2b48b94191f3971cdf63e01f73d3db-arm64
The push refers to a repository [docker.io/zededa/ztools]
f4abacaedb15: Preparing
88f36dc6811a: Preparing
5c9d2c85a35c: Preparing
eed6642b76c8: Preparing
4702cfd8542e: Preparing
574591e9bb94: Preparing
b81b88f839e9: Preparing
574591e9bb94: Waiting
b81b88f839e9: Waiting
4702cfd8542e: Pushed
eed6642b76c8: Pushed
88f36dc6811a: Pushed
5c9d2c85a35c: Pushed
574591e9bb94: Pushed
b81b88f839e9: Pushed
f4abacaedb15: Pushed
24d44f618c2b48b94191f3971cdf63e01f73d3db-arm64: digest: sha256:68432dcd189f17128dfc876d6aaede7878d9cf998c5f2417511d69d0c0db6625 size: 1775
Pushing zededa/ztools:24d44f618c2b48b94191f3971cdf63e01f73d3db-arm64 to manifest zededa/ztools:24d44f618c2b48b94191f3971cdf63e01f73d3db
time="2019-02-05T08:03:22+01:00" level=warning msg="Couldn't find or access image reference \"zededa/ztools:24d44f618c2b48b94191f3971cdf63e01f73d3db-s390x\". Skipping image."
Digest: sha256:1bc3c7db997811da910245c21aaa11c75890c177b63db713572904055db3b395 743
Not signing zededa/ztools:24d44f618c2b48b94191f3971cdf63e01f73d3db
Build and push complete, not releasing, all done.
Building and pushing "zededa/ztools:latest"
Sending build context to Docker daemon  69.36MB
Step 1/31 : FROM golang:1.9.1-alpine AS build
 ---> cc52d0ad4cce
Step 2/31 : RUN apk update
 ---> Using cache
 ---> d0d319b88ab5
Step 3/31 : RUN apk add --no-cache git gcc linux-headers libc-dev util-linux
 ---> Using cache
 ---> d1eee840b78f
Step 4/31 : ENV CGO_ENABLED 1
 ---> Using cache
 ---> 43f5b37f3ea0
Step 5/31 : ARG GOARCH=
 ---> Using cache
 ---> 2f6ef9c7a071
Step 6/31 : ARG CROSS_GCC=https://musl.cc/aarch64-linux-musleabi-cross.tgz
 ---> Using cache
 ---> a88acb4b4a36
Step 7/31 : RUN [ -z "$GOARCH" ] || (cd / ; apk add --no-cache wget && wget -O - $CROSS_GCC | tar xzvf -)
 ---> Using cache
 ---> 088a47cef319
Step 8/31 : ADD ./ /go/src/github.com/zededa/go-provision/
 ---> Using cache
 ---> d6c75149aad2
Step 9/31 : ADD etc /config
 ---> Using cache
 ---> d1369dc909ab
Step 10/31 : ADD scripts/device-steps.sh scripts/find-uplink.sh scripts/generate-device.sh scripts/generate-self-signed.sh scripts/handlezedserverconfig.sh /opt/zededa/bin/
 ---> Using cache
 ---> e4b38cd912ee
Step 11/31 : ADD examples /opt/zededa/examples
 ---> Using cache
 ---> e73460326653
Step 12/31 : ADD AssignableAdapters /var/tmp/zededa/AssignableAdapters
 ---> Using cache
 ---> adcbd628d6fd
Step 13/31 : ADD DeviceNetworkConfig /var/tmp/zededa/DeviceNetworkConfig
 ---> Using cache
 ---> 594e29c974eb
Step 14/31 : ADD lisp.config.base /var/tmp/zededa/lisp.config.base
 ---> Using cache
 ---> eeeba12e3118
Step 15/31 : RUN (cd ./src/github.com/zededa/go-provision/; scripts/getversion.sh >/opt/zededa/bin/versioninfo)
 ---> Using cache
 ---> 06e00671eede
Step 16/31 : RUN cp /opt/zededa/bin/versioninfo /opt/zededa/bin/versioninfo.1
 ---> Using cache
 ---> 06653dfc2b26
Step 17/31 : RUN echo Building: `cat /opt/zededa/bin/versioninfo`
 ---> Using cache
 ---> d9f8936b6d93
Step 18/31 : RUN echo "Running go tool vet" &&     cd /go/src/github.com/zededa/go-provision/ &&     for f in $(ls | egrep -v '(src|oldcmd)');     do        result=$(go tool vet $f 2>&1 );       returnCode=$?;       noFilesChecked=$(echo $result | grep "no files checked");        if [[ $returnCode -ne 0 && -z "$noFilesChecked" ]];        then           printf "\n***FAILED: go tool vet $f\n\n $result\n\n";           exit 1;        fi;     done;
 ---> Using cache
 ---> 2a9732e1359c
Step 19/31 : RUN [ -z "$GOARCH" ] || export CC=$(echo /*-cross/bin/*-gcc)           ;    go install github.com/zededa/go-provision/zedbox/... &&     if [ -f /go/bin/*/zedbox ] ; then mv /go/bin/*/zedbox /go/bin ; fi
 ---> Using cache
 ---> c144a5b69e06
Step 20/31 : RUN ln -s /go/bin/zedbox /opt/zededa/bin/zedbox ;    for app in         client domainmgr downloader hardwaremodel identitymgr ledmanager       logmanager verifier zedagent zedmanager zedrouter ipcmonitor nim       waitforaddr diag baseosmgr wstunnelclient conntrack;    do ln -s zedbox /opt/zededa/bin/$app ; done
 ---> Using cache
 ---> 7f58bc093ffa
Step 21/31 : FROM scratch
 ---> 
Step 22/31 : COPY --from=build /opt/zededa/bin /opt/zededa/bin
 ---> Using cache
 ---> 17ccd67ec678
Step 23/31 : COPY --from=build /opt/zededa/examples /opt/zededa/examples
 ---> Using cache
 ---> 3b25eedab1a7
Step 24/31 : COPY --from=build /var/tmp/zededa/AssignableAdapters /var/tmp/zededa/AssignableAdapters
 ---> Using cache
 ---> 61de274a7ade
Step 25/31 : COPY --from=build /var/tmp/zededa/DeviceNetworkConfig /var/tmp/zededa/DeviceNetworkConfig
 ---> Using cache
 ---> a51250506665
Step 26/31 : COPY --from=build /var/tmp/zededa/lisp.config.base /var/tmp/zededa/lisp.config.base
 ---> Using cache
 ---> 14a1ff7e60f1
Step 27/31 : COPY --from=build /config /opt/zededa/examples/config
 ---> Using cache
 ---> b50784e840f7
Step 28/31 : COPY --from=build /go/bin/* /opt/zededa/bin/
 ---> Using cache
 ---> 58e27567d790
Step 29/31 : WORKDIR /opt/zededa/bin
 ---> Using cache
 ---> 79a827c703f8
Step 30/31 : CMD /bin/ash
 ---> Using cache
 ---> 4854a6c7c1c2
Step 31/31 : LABEL org.mobyproject.linuxkit.revision 'unknown' org.mobyproject.linuxkit.version 'unknown' org.opencontainers.image.revision '673b7bc64eb08f40c2ccd3f2d8ab167f8b51ac0f' org.opencontainers.image.source 'https://github.com/linuxkit/linuxkit'
 ---> Using cache
 ---> 90a400c8b43b
[91m[WARNING]: Empty continuation line found in:
    RUN echo "Running go tool vet" &&     cd /go/src/github.com/zededa/go-provision/ &&     for f in $(ls | egrep -v '(src|oldcmd)');     do        result=$(go tool vet $f 2>&1 );       returnCode=$?;       noFilesChecked=$(echo $result | grep "no files checked");        if [[ $returnCode -ne 0 && -z "$noFilesChecked" ]];        then           printf "\n***FAILED: go tool vet $f\n\n $result\n\n";           exit 1;        fi;     done;
[WARNING]: Empty continuation lines will become errors in a future release.
[0mSuccessfully built 90a400c8b43b
Successfully tagged zededa/ztools:latest-arm64
Pushing zededa/ztools:latest-arm64
The push refers to a repository [docker.io/zededa/ztools]
f4abacaedb15: Preparing
88f36dc6811a: Preparing
5c9d2c85a35c: Preparing
eed6642b76c8: Preparing
4702cfd8542e: Preparing
574591e9bb94: Preparing
b81b88f839e9: Preparing
574591e9bb94: Waiting
b81b88f839e9: Waiting
88f36dc6811a: Layer already exists
5c9d2c85a35c: Layer already exists
f4abacaedb15: Layer already exists
eed6642b76c8: Layer already exists
4702cfd8542e: Layer already exists
574591e9bb94: Layer already exists
b81b88f839e9: Layer already exists
latest-arm64: digest: sha256:68432dcd189f17128dfc876d6aaede7878d9cf998c5f2417511d69d0c0db6625 size: 1775
Pushing zededa/ztools:latest-arm64 to manifest zededa/ztools:latest
time="2019-02-05T08:03:41+01:00" level=warning msg="Couldn't find or access image reference \"zededa/ztools:latest-s390x\". Skipping image."
Digest: sha256:3de9755c657c4cc224f8b2a016417d1db1cbc5021f971814d524e2e3d3a0b9a4 743
Not signing zededa/ztools:latest
Build and push complete, not releasing, all done.
make: Entering directory '/home/zededa-ci/src/zenbuild/pkg'
(cd ..; ./parse-pkgs.sh pkg/qrexec-lib/Dockerfile.in > pkg/qrexec-lib/Dockerfile)
WARNING: couldn't fetch zededa/ztools:snapshot plugin - using zededa/debug:3aeeaf4e04f450283d49220eb7e82262b4531687 instead
WARNING: couldn't fetch zededa/lisp:snapshot plugin - using zededa/zisp:e8f5d2ad9fa4a0af649d9a2d8f3461c678d7c211 instead
(cd ..; ./parse-pkgs.sh pkg/qrexec-dom0/Dockerfile.in > pkg/qrexec-dom0/Dockerfile)
WARNING: couldn't fetch zededa/ztools:snapshot plugin - using zededa/debug:3aeeaf4e04f450283d49220eb7e82262b4531687 instead
WARNING: couldn't fetch zededa/lisp:snapshot plugin - using zededa/zisp:e8f5d2ad9fa4a0af649d9a2d8f3461c678d7c211 instead
(cd ..; ./parse-pkgs.sh pkg/zisp/Dockerfile.in > pkg/zisp/Dockerfile)
WARNING: couldn't fetch zededa/ztools:snapshot plugin - using zededa/debug:3aeeaf4e04f450283d49220eb7e82262b4531687 instead
WARNING: couldn't fetch zededa/lisp:snapshot plugin - using zededa/zisp:e8f5d2ad9fa4a0af649d9a2d8f3461c678d7c211 instead
(cd ..; ./parse-pkgs.sh pkg/zedctr/Dockerfile.in > pkg/zedctr/Dockerfile)
WARNING: couldn't fetch zededa/ztools:snapshot plugin - using zededa/debug:3aeeaf4e04f450283d49220eb7e82262b4531687 instead
WARNING: couldn't fetch zededa/lisp:snapshot plugin - using zededa/zisp:e8f5d2ad9fa4a0af649d9a2d8f3461c678d7c211 instead
(cd ..; ./parse-pkgs.sh pkg/mkconf/Dockerfile.in > pkg/mkconf/Dockerfile)
WARNING: couldn't fetch zededa/ztools:snapshot plugin - using zededa/debug:3aeeaf4e04f450283d49220eb7e82262b4531687 instead
WARNING: couldn't fetch zededa/lisp:snapshot plugin - using zededa/zisp:e8f5d2ad9fa4a0af649d9a2d8f3461c678d7c211 instead
Building and pushing "zededa/grub:97e7b1404e7c9d141eddb58294fcff019f61571b"
97e7b1404e7c9d141eddb58294fcff019f61571b: Pulling from zededa/grub
Digest: sha256:604e3c16ebc56d34d825d62c7e5ea537f4ab1f3711ce62ce7999066188689327
Status: Image is up to date for zededa/grub:97e7b1404e7c9d141eddb58294fcff019f61571b
Building and pushing "zededa/xen:f51bf3d17fad15b71242befbddec96e177132a99"
f51bf3d17fad15b71242befbddec96e177132a99: Pulling from zededa/xen
Digest: sha256:532e96d37e91dd64b70f8fcc266bdaaf7db6340df39d29a984b603758f938d12
Status: Image is up to date for zededa/xen:f51bf3d17fad15b71242befbddec96e177132a99
Building and pushing "zededa/kernel:7cfa13614bb99a84030db209b6c9a0696c7d3315"
7cfa13614bb99a84030db209b6c9a0696c7d3315: Pulling from zededa/kernel
Digest: sha256:d483cb69f54df3645889e00e51ee70883b825e2d35c41e347c2e77fb113ae83e
Status: Image is up to date for zededa/kernel:7cfa13614bb99a84030db209b6c9a0696c7d3315
Building and pushing "zededa/fw:1d8c22ae31c42d767ba648b186db4ea967a9c569"
1d8c22ae31c42d767ba648b186db4ea967a9c569: Pulling from zededa/fw
Digest: sha256:66b64c2c17b500e5614e8c153939a6cef0b44acc5ca2dc72b46304c7183c5518
Status: Image is up to date for zededa/fw:1d8c22ae31c42d767ba648b186db4ea967a9c569
Building and pushing "zededa/xen-tools:9c96b441d083d7ef7bcb602bf009fa91bd7ebbf2"
9c96b441d083d7ef7bcb602bf009fa91bd7ebbf2: Pulling from zededa/xen-tools
Digest: sha256:265c27a8d9914768ae4460edb4d1f71a282ddcee5ac7436d2e6dab976361c6b9
Status: Image is up to date for zededa/xen-tools:9c96b441d083d7ef7bcb602bf009fa91bd7ebbf2
Building and pushing "zededa/dnsmasq:c5985cdd83998d06255fe115d230a280c6928f1b"
c5985cdd83998d06255fe115d230a280c6928f1b: Pulling from zededa/dnsmasq
Digest: sha256:4240f81065dc70471862372cac9205a2ecca6133e7d84d4ecb5fcdd449d6acfb
Status: Image is up to date for zededa/dnsmasq:c5985cdd83998d06255fe115d230a280c6928f1b
Building and pushing "zededa/strongswan:8f5ee3b98aa3ea49a9a4231baac9be933d6155ec"
8f5ee3b98aa3ea49a9a4231baac9be933d6155ec: Pulling from zededa/strongswan
Digest: sha256:92b46f743d6415bd68a11b1ca65bf0da756a739c89a95236d76ef12246abee29
Status: Image is up to date for zededa/strongswan:8f5ee3b98aa3ea49a9a4231baac9be933d6155ec
Building and pushing "zededa/gpt-tools:fe878611e4e032ea10946cbc9a1c3d5b22349dc4"
fe878611e4e032ea10946cbc9a1c3d5b22349dc4: Pulling from zededa/gpt-tools
Digest: sha256:00d2500aef758299c747b32e5e44df1780082322ded3f2d95cd8c86ebf5fe5d0
Status: Image is up to date for zededa/gpt-tools:fe878611e4e032ea10946cbc9a1c3d5b22349dc4
Building and pushing "zededa/dom0-ztools:b53cd1b5785c128371a5997e3a6e16007718c12d"
b53cd1b5785c128371a5997e3a6e16007718c12d: Pulling from zededa/dom0-ztools
Digest: sha256:0fe0e0423546d1a215a1f6472adc6c112c116d5448ab66e629897ccd084bf345
Status: Image is up to date for zededa/dom0-ztools:b53cd1b5785c128371a5997e3a6e16007718c12d
Building and pushing "zededa/qrexec-lib:2e0df0df95f86df6953d7d2e7729213b77fd7206"
2e0df0df95f86df6953d7d2e7729213b77fd7206: Pulling from zededa/qrexec-lib
Digest: sha256:a959cb378d1082428da70d3a605d250801349224be0ffce3c5e0c07e397b9ddc
Status: Image is up to date for zededa/qrexec-lib:2e0df0df95f86df6953d7d2e7729213b77fd7206
Building and pushing "zededa/qrexec-dom0:2c3cf9b135409690eaa86092c41f7c800d398468"
2c3cf9b135409690eaa86092c41f7c800d398468: Pulling from zededa/qrexec-dom0
Digest: sha256:8379202b48196d10ec12a07365e606042625b91fe71be03d30bcf768e54a7c3e
Status: Image is up to date for zededa/qrexec-dom0:2c3cf9b135409690eaa86092c41f7c800d398468
Building and pushing "zededa/wwan:5f68442251df0f2625fde14e947f11de2374b72d"
5f68442251df0f2625fde14e947f11de2374b72d: Pulling from zededa/wwan
Digest: sha256:190e3690756d125633c31bccade56ad7178b121dd6d7d04d9c2789e05d05c030
Status: Image is up to date for zededa/wwan:5f68442251df0f2625fde14e947f11de2374b72d
Building and pushing "zededa/wlan:8aa66e76c276b97d1141801d3f461e2b3f8f8f97"
8aa66e76c276b97d1141801d3f461e2b3f8f8f97: Pulling from zededa/wlan
Digest: sha256:72c42a18b2769cf5e9c5c92b659f016ecb8fdda740f77199d5e92885fb200867
Status: Image is up to date for zededa/wlan:8aa66e76c276b97d1141801d3f461e2b3f8f8f97
Building and pushing "zededa/rngd:5adb10a552c07513159777bd022ac58e23d59272"
5adb10a552c07513159777bd022ac58e23d59272: Pulling from zededa/rngd
Digest: sha256:b593f4088b8338af7e16e1a7640d617ddea7d905e3fcae61d1261241abfe0f49
Status: Image is up to date for zededa/rngd:5adb10a552c07513159777bd022ac58e23d59272
Building and pushing "zededa/watchdog:2aea3af274e4928d2eab2b738d0e100ee5362173"
2aea3af274e4928d2eab2b738d0e100ee5362173: Pulling from zededa/watchdog
Digest: sha256:65f2f1761d68d241c812044e9cca72b783f5af3939dfc1c93e3c87835862382e
Status: Image is up to date for zededa/watchdog:2aea3af274e4928d2eab2b738d0e100ee5362173
Building and pushing "zededa/guacd:1bdc3c8ca55db141372b1a12daf7d12c04866eed"
1bdc3c8ca55db141372b1a12daf7d12c04866eed: Pulling from zededa/guacd
Digest: sha256:19d9af9a758061d678830d27e964f3beef89fd9ad5d0a3f4abc867b9026af26b
Status: Image is up to date for zededa/guacd:1bdc3c8ca55db141372b1a12daf7d12c04866eed
Building and pushing "zededa/device-trees:18377dd0bc3c33a1602e94a4c43aa0b3c51badb9"
18377dd0bc3c33a1602e94a4c43aa0b3c51badb9: Pulling from zededa/device-trees
Digest: sha256:00279cb016ebb97994354578aa49eb672c52c9071657236642e6d1a81b3567bb
Status: Image is up to date for zededa/device-trees:18377dd0bc3c33a1602e94a4c43aa0b3c51badb9
Building and pushing "zededa/debug:3aeeaf4e04f450283d49220eb7e82262b4531687"
3aeeaf4e04f450283d49220eb7e82262b4531687: Pulling from zededa/debug
Digest: sha256:81c4c7882f12b793a70809942dedf29e3dca96531a9b0005377945d4860e6d10
Status: Image is up to date for zededa/debug:3aeeaf4e04f450283d49220eb7e82262b4531687
Building and pushing "zededa/zisp:e8f5d2ad9fa4a0af649d9a2d8f3461c678d7c211"
e8f5d2ad9fa4a0af649d9a2d8f3461c678d7c211: Pulling from zededa/zisp
no matching manifest for linux/arm64 in the manifest list entries
No image pulled, continuing with build
Sending build context to Docker daemon  4.096kB
Step 1/4 : FROM zededa/zisp:e8f5d2ad9fa4a0af649d9a2d8f3461c678d7c211-arm64
manifest for zededa/zisp:e8f5d2ad9fa4a0af649d9a2d8f3461c678d7c211-arm64 not found
exit status 1
Makefile:20: recipe for target 'push' failed
make: *** [push] Error 1
make: Leaving directory '/home/zededa-ci/src/zenbuild/pkg'
make: Entering directory '/home/zededa-ci/src/zenbuild/pkg'
(cd ..; ./parse-pkgs.sh pkg/zedctr//Dockerfile.in > pkg/zedctr//Dockerfile)
WARNING: couldn't fetch zededa/ztools:snapshot plugin - using zededa/debug:3aeeaf4e04f450283d49220eb7e82262b4531687 instead
WARNING: couldn't fetch zededa/lisp:snapshot plugin - using zededa/zisp:e8f5d2ad9fa4a0af649d9a2d8f3461c678d7c211 instead
Building and pushing "zededa/zedctr:d509dfbe651aeb392ac6bb3f8e6e110362694e26"
Sending build context to Docker daemon  20.99kB
Step 1/27 : FROM zededa/debug:3aeeaf4e04f450283d49220eb7e82262b4531687-arm64 as ztools
 ---> 256db766104a
Step 2/27 : FROM zededa/zisp:e8f5d2ad9fa4a0af649d9a2d8f3461c678d7c211-arm64 as lisp
manifest for zededa/zisp:e8f5d2ad9fa4a0af649d9a2d8f3461c678d7c211-arm64 not found
exit status 1
Makefile:20: recipe for target 'push' failed
make: *** [push] Error 1
make: Leaving directory '/home/zededa-ci/src/zenbuild/pkg'
make: Entering directory '/home/zededa-ci/src/zenbuild/build-pkgs'
Building and pushing "zededa/build-pkgs_abuild:7ae4d9f9fa290963de466d5ed96d6c9318354824"
7ae4d9f9fa290963de466d5ed96d6c9318354824: Pulling from zededa/build-pkgs_abuild
Digest: sha256:ff498d9924491a7e57ed69c60946bce57195dd51539a5db8dc4e8a91a6667941
Status: Image is up to date for zededa/build-pkgs_abuild:7ae4d9f9fa290963de466d5ed96d6c9318354824
Building and pushing "zededa/build-pkgs_uefi:a3362428c518fb4db1a136a961bd17e8a66fb693"
a3362428c518fb4db1a136a961bd17e8a66fb693: Pulling from zededa/build-pkgs_uefi
Digest: sha256:8efe69ed0db579dd3cfdf7ddcfc095acdcc0548531ae2136ff01bb6c050d8d19
Status: Image is up to date for zededa/build-pkgs_uefi:a3362428c518fb4db1a136a961bd17e8a66fb693
make: Leaving directory '/home/zededa-ci/src/zenbuild/build-pkgs'
make: *** No rule to make target 'publish'.  Stop.
make: Entering directory '/home/zededa-ci/src/zenbuild/build-pkgs'
Building and pushing "zededa/zenix:latest"
Sending build context to Docker daemon  1.314GB
Step 1/9 : FROM alpine:edge
 ---> a7881f1d3b63
Step 2/9 : RUN apk add --no-cache qemu-system-x86_64 qemu-system-aarch64 bash make git
 ---> Using cache
 ---> 28213d73834a
Step 3/9 : COPY . /bits/
 ---> Using cache
 ---> 16fbcdcf987f
Step 4/9 : COPY OVMF.fd /bits/bios/OVMF.fd
 ---> Using cache
 ---> 02794b6bc49a
Step 5/9 : COPY runme.sh /
 ---> Using cache
 ---> 95d2d28f5bc6
Step 6/9 : RUN touch /bits/bios/OVMF.fd
 ---> Using cache
 ---> cd4aecb7bdf7
Step 7/9 : WORKDIR /bits
 ---> Using cache
 ---> 693f53d72839
Step 8/9 : ENTRYPOINT /runme.sh
 ---> Using cache
 ---> d5b966e18ad4
Step 9/9 : LABEL org.mobyproject.linuxkit.revision 'unknown' org.mobyproject.linuxkit.version 'unknown' org.opencontainers.image.revision 'e75ea2d20ea3090c12f77f7b9362f82cf1ebdd9d' org.opencontainers.image.source 'https://github.com/linuxkit/linuxkit'
 ---> Running in 37977b6bfbd1
 ---> b0bc8830ffd3
Removing intermediate container 37977b6bfbd1
Successfully built b0bc8830ffd3
Successfully tagged zededa/zenix:latest-arm64
Pushing zededa/zenix:latest-arm64
The push refers to a repository [docker.io/zededa/zenix]
98a596036f57: Preparing
c96588d795bb: Preparing
7989889f26ec: Preparing
7eb3ea1d6185: Preparing
97b4fe4534d2: Preparing
d4d04a8204b5: Preparing
2a2e682c36db: Preparing
d4d04a8204b5: Waiting
2a2e682c36db: Waiting
97b4fe4534d2: Layer already exists
7eb3ea1d6185: Layer already exists
98a596036f57: Layer already exists
7989889f26ec: Layer already exists
c96588d795bb: Layer already exists
d4d04a8204b5: Layer already exists
2a2e682c36db: Layer already exists
latest-arm64: digest: sha256:c94df39892997e2a53f9b0a865200270d4b18a2f04f600f4c9b61519bd0dd3d0 size: 1788
Pushing zededa/zenix:latest-arm64 to manifest zededa/zenix:latest
time="2019-02-05T08:06:23+01:00" level=warning msg="Couldn't find or access image reference \"zededa/zenix:latest-s390x\". Skipping image."
Digest: sha256:5ba1337806c33d31354618e6261c01e4effa9c4cde6197d3fd8a59eb79a9e2d1 743
Not signing zededa/zenix:latest
Build and push complete, not releasing, all done.
make: Leaving directory '/home/zededa-ci/src/zenbuild/build-pkgs'
FINISHED
