From https://github.com/lf-edge/eve
 * [new tag]           3.1.1      -> 3.1.1
 * [new tag]           3.10.0     -> 3.10.0
 * [new tag]           3.2.0      -> 3.2.0
 * [new tag]           3.3.0      -> 3.3.0
 * [new tag]           3.3.1      -> 3.3.1
 * [new tag]           3.3.2      -> 3.3.2
 * [new tag]           3.4.0      -> 3.4.0
 * [new tag]           3.4.1      -> 3.4.1
 * [new tag]           3.4.10     -> 3.4.10
 * [new tag]           3.4.2      -> 3.4.2
 * [new tag]           3.5.0      -> 3.5.0
 * [new tag]           3.6.0      -> 3.6.0
 * [new tag]           3.7.0      -> 3.7.0
 * [new tag]           3.8.0      -> 3.8.0
 * [new tag]           3.8.1      -> 3.8.1
 * [new tag]           3.8.2      -> 3.8.2
 * [new tag]           3.9.0      -> 3.9.0
 * [new tag]           3.9.1      -> 3.9.1
 * [new tag]           3.9.2      -> 3.9.2
 * [new tag]           3.9.3      -> 3.9.3
 * [new tag]           4.1.0      -> 4.1.0
 * [new tag]           4.1.1      -> 4.1.1
 * [new tag]           4.1.2      -> 4.1.2
 * [new tag]           4.2.0      -> 4.2.0
 * [new tag]           4.3.0      -> 4.3.0
 * [new tag]           4.3.1      -> 4.3.1
Building the following tags:  origin/master (latest tag is 4.3.1)
Skipping repository .go/pkg/dep/sources/https---github.com-linuxkit-linuxkit
Skipping repository .go/pkg/dep/sources/https---github.com-moby-hyperkit
Skipping repository .go/pkg/dep/sources/https---github.com-gorilla-context
Skipping repository .go/pkg/dep/sources/https---github.com-theupdateframework-notary
Skipping repository .go/pkg/dep/sources/https---github.com-mitchellh-go--ps
Skipping repository .go/pkg/dep/sources/https---github.com-golang-appengine
Skipping repository .go/pkg/dep/sources/https---github.com-xeipuuv-gojsonschema
Skipping repository .go/pkg/dep/sources/https---go.googlesource.com-net
Skipping repository .go/pkg/dep/sources/https---github.com-xeipuuv-gojsonpointer
Skipping repository .go/pkg/dep/sources/https---github.com-Azure-azure--sdk--for--go
Skipping repository .go/pkg/dep/sources/https---github.com-moby-tool
Skipping repository .go/pkg/dep/sources/https---github.com-Azure-go--ansiterm
Skipping repository .go/pkg/dep/sources/https---github.com-moby-vpnkit
Skipping repository .go/pkg/dep/sources/https---github.com-moul-anonuuid
Skipping repository .go/pkg/dep/sources/https---github.com-Azure-go--autorest
Skipping repository .go/pkg/dep/sources/https---github.com-moul-gotty--client
Skipping repository .go/pkg/dep/sources/https---github.com-Microsoft-go--winio
Skipping repository .go/pkg/dep/sources/https---github.com-agl-ed25519
Skipping repository .go/pkg/dep/sources/https---github.com-aws-aws--sdk--go
Skipping repository .go/pkg/dep/sources/https---github.com-containerd-containerd
Skipping repository .go/pkg/dep/sources/https---github.com-opencontainers-go--digest
Skipping repository .go/pkg/dep/sources/https---github.com-opencontainers-image--spec
Skipping repository .go/pkg/dep/sources/https---github.com-opencontainers-runtime--spec
Skipping repository .go/pkg/dep/sources/https---github.com-packethost-packngo
Skipping repository .go/pkg/dep/sources/https---github.com-pkg-errors
Skipping repository .go/pkg/dep/sources/https---github.com-radu--matei-azure--sdk--for--go
Skipping repository .go/pkg/dep/sources/https---github.com-radu--matei-azure--vhd--utils
Skipping repository .go/pkg/dep/sources/https---github.com-renstrom-fuzzysearch
Skipping repository .go/pkg/dep/sources/https---github.com-rn-iso9660wrap
Skipping repository .go/pkg/dep/sources/https---github.com-creack-goselect
Skipping repository .go/pkg/dep/sources/https---github.com-dgrijalva-jwt--go
Skipping repository .go/pkg/dep/sources/https---github.com-docker-distribution
Skipping repository .go/pkg/dep/sources/https---github.com-docker-docker
Skipping repository .go/pkg/dep/sources/https---github.com-docker-go
Skipping repository .go/pkg/dep/sources/https---github.com-docker-go--connections
Skipping repository .go/pkg/dep/sources/https---github.com-docker-go--units
Skipping repository .go/pkg/dep/sources/https---github.com-jmespath-go--jmespath
Skipping repository .go/pkg/dep/sources/https---github.com-scaleway-go--scaleway
Skipping repository .go/pkg/dep/sources/https---github.com-go--ini-ini
Skipping repository .go/pkg/dep/sources/https---github.com-gorilla-mux
Skipping repository .go/pkg/dep/sources/https---github.com-gogo-protobuf
Skipping repository .go/pkg/dep/sources/https---github.com-gorilla-websocket
Skipping repository .go/pkg/dep/sources/https---github.com-vmware-govmomi
Skipping repository .go/pkg/dep/sources/https---github.com-sirupsen-logrus
Skipping repository .go/pkg/dep/sources/https---gopkg.in-yaml.v2
Skipping repository .go/pkg/dep/sources/https---github.com-golang-protobuf
Skipping repository .go/pkg/dep/sources/https---github.com-docker-go--p9p
Skipping repository .go/pkg/dep/sources/https---github.com-google-uuid
Skipping repository .go/pkg/dep/sources/https---github.com-gophercloud-gophercloud
Skipping repository .go/pkg/dep/sources/https---github.com-xeipuuv-gojsonreference
Skipping repository .go/pkg/dep/sources/https---github.com-moby-datakit
Skipping repository .go/pkg/dep/sources/https---github.com-surma-gocpio
Skipping repository .go/pkg/dep/sources/https---github.com-miekg-pkcs11
Skipping repository .go/pkg/dep/sources/https---go.googlesource.com-sync
Skipping repository .go/pkg/dep/sources/https---go.googlesource.com-oauth2
Skipping repository .go/pkg/dep/sources/https---code.googlesource.com-gocloud
Skipping repository .go/pkg/dep/sources/https---go.googlesource.com-sys
Skipping repository .go/pkg/dep/sources/https---go.googlesource.com-crypto
Skipping repository .go/pkg/dep/sources/https---code.googlesource.com-google--api--go--client
Skipping repository .go/pkg/dep/sources/https---github.com-census--instrumentation-opencensus--go
Skipping repository .go/pkg/dep/sources/https---github.com-googleapis-gax--go
Skipping repository .go/pkg/dep/sources/https---github.com-grpc-grpc--go
Skipping repository .go/pkg/dep/sources/https---github.com-konsorten-go--windows--terminal--sequences
Skipping repository .go/pkg/dep/sources/https---github.com-golang-groupcache
Skipping repository .go/pkg/dep/sources/https---github.com-google-go--genproto
Skipping repository .go/pkg/dep/sources/https---go.googlesource.com-text
Removing .go/src
Removing .go/bin
Removing build-tools/bin/linuxkit
Removing build-tools/bin/manifest-tool
Removing dist/
Removing images/rootfs-xen.yml
HEAD is now at a63ad3ec Workaround for HiKey devicetree being limited by 1G
Creating go builder image for user zededa-ci
eve-build-zededa-ci docker container is ready to use
Done building /home/zededa-ci/src/eve/build-tools/bin/linuxkit
Building and pushing "lfedge/eve-acrn:6b6d8cf62d5ec8464544f06970ef746e62cfec1f"
6b6d8cf62d5ec8464544f06970ef746e62cfec1f: Pulling from lfedge/eve-acrn
Digest: sha256:c1b7651817ff5aa05a63aaf4ead464698ba61b408c817924e2e0e16cd7c82d00
Status: Downloaded newer image for lfedge/eve-acrn:6b6d8cf62d5ec8464544f06970ef746e62cfec1f
Building and pushing "lfedge/eve-acrn-kernel:b76c932549bf9cc97266fddad7b0496c27c04121"
b76c932549bf9cc97266fddad7b0496c27c04121: Pulling from lfedge/eve-acrn-kernel
Digest: sha256:bd62320a77aff9e5cd2a0f29b86abd4fc40a902c4396fa2db6b2e39c4813916c
Status: Image is up to date for lfedge/eve-acrn-kernel:b76c932549bf9cc97266fddad7b0496c27c04121
Building and pushing "lfedge/eve-debug:7470486834865217ccd1f589f44fba48a9647081"
7470486834865217ccd1f589f44fba48a9647081: Pulling from lfedge/eve-debug
Digest: sha256:3556704212d3cc38e6819e6f9c8056c67f33d31111eaf23bd55d7be470b79d8c
Status: Downloaded newer image for lfedge/eve-debug:7470486834865217ccd1f589f44fba48a9647081
Building and pushing "lfedge/eve-dnsmasq:cdb36dc56fb50bbd2b28123e435b3660adf34efb"
cdb36dc56fb50bbd2b28123e435b3660adf34efb: Pulling from lfedge/eve-dnsmasq
Digest: sha256:fe27ef9ae9b1343a3d5a9a34d87c0643086a19ea8eba129c62e5965e416c839b
Status: Downloaded newer image for lfedge/eve-dnsmasq:cdb36dc56fb50bbd2b28123e435b3660adf34efb
Building and pushing "lfedge/eve-dom0-ztools:f6e8d3bb095edb1065ee0262d1643dae7ce43c6e"
f6e8d3bb095edb1065ee0262d1643dae7ce43c6e: Pulling from lfedge/eve-dom0-ztools
Digest: sha256:58c17a367955d1c9b12ec22e156f82ca815531bb0124c6b365b09d5ea6e2e806
Status: Downloaded newer image for lfedge/eve-dom0-ztools:f6e8d3bb095edb1065ee0262d1643dae7ce43c6e
Building and pushing "lfedge/eve-fscrypt:469b6f383184072646f5acfb42dba896f030dd71"
469b6f383184072646f5acfb42dba896f030dd71: Pulling from lfedge/eve-fscrypt
Digest: sha256:afd9ddbc3712615c6b31e443c5a18549515f3bec65af0abbdbd34205a21489d8
Status: Downloaded newer image for lfedge/eve-fscrypt:469b6f383184072646f5acfb42dba896f030dd71
Building and pushing "lfedge/eve-fw:e07c45a98386767ec3926b813dc4b46a96a81541"
e07c45a98386767ec3926b813dc4b46a96a81541: Pulling from lfedge/eve-fw
Digest: sha256:ad11d52f29f92f451bdda718e35e298447d4f53c414009e7cecbbc7af563e4cf
Status: Downloaded newer image for lfedge/eve-fw:e07c45a98386767ec3926b813dc4b46a96a81541
Building and pushing "lfedge/eve-gpt-tools:19ef56f5014fab1978a6e98b047d4498eabf8295"
19ef56f5014fab1978a6e98b047d4498eabf8295: Pulling from lfedge/eve-gpt-tools
Digest: sha256:c31ae3c625fb0a69890858563909d76d9b883a116191857d2106df082d00aa65
Status: Downloaded newer image for lfedge/eve-gpt-tools:19ef56f5014fab1978a6e98b047d4498eabf8295
Building and pushing "lfedge/eve-grub:c299723f031fccc8cb9bfa3bf8e6f1269a1b861f"
c299723f031fccc8cb9bfa3bf8e6f1269a1b861f: Pulling from lfedge/eve-grub
Digest: sha256:78a406f5f7495e3cdd75fdd8d634b5a88221cfea8b0b13f3f9b4735c969e0d3c
Status: Downloaded newer image for lfedge/eve-grub:c299723f031fccc8cb9bfa3bf8e6f1269a1b861f
Building and pushing "lfedge/eve-guacd:f1f08a0fcadd35320f5d03fe0f0a1a318e8449be"
f1f08a0fcadd35320f5d03fe0f0a1a318e8449be: Pulling from lfedge/eve-guacd
Digest: sha256:6cba9e0e84c1eba1c9d936095a404a2bdad2015cc639b26479cda8f62c2140f1
Status: Downloaded newer image for lfedge/eve-guacd:f1f08a0fcadd35320f5d03fe0f0a1a318e8449be
Building and pushing "lfedge/eve-kernel:1a0c05ad4fc8c3964e22466006b8610b7ff79da5"
1a0c05ad4fc8c3964e22466006b8610b7ff79da5: Pulling from lfedge/eve-kernel
Digest: sha256:3bac753ec5293b97896671f622733da70fc5f0c01f7386f7e5552e3b2b6e1910
Status: Image is up to date for lfedge/eve-kernel:1a0c05ad4fc8c3964e22466006b8610b7ff79da5
Building and pushing "lfedge/eve-lisp:4bdcc521c878167913dabc59743fe4994a21ed56"
4bdcc521c878167913dabc59743fe4994a21ed56: Pulling from lfedge/eve-lisp
Digest: sha256:cafe8de235b9129c2d9bcab0bc8256694e1021d177d57eb33e2537bdd13a0734
Status: Image is up to date for lfedge/eve-lisp:4bdcc521c878167913dabc59743fe4994a21ed56
Building and pushing "lfedge/eve-mkconf:6025254fd59ddce4cfa0c986a8a58be9ccb71841"
6025254fd59ddce4cfa0c986a8a58be9ccb71841: Pulling from lfedge/eve-mkconf
Digest: sha256:ff754194b95f37faf5af17336f37b8e9e2ae9963add5b8bb81a1a5da51093921
Status: Image is up to date for lfedge/eve-mkconf:6025254fd59ddce4cfa0c986a8a58be9ccb71841
Building and pushing "lfedge/eve-mkimage-iso-efi:c630f165a2d91c9412e37e01b2e08b0f9263f5e7"
c630f165a2d91c9412e37e01b2e08b0f9263f5e7: Pulling from lfedge/eve-mkimage-iso-efi
Digest: sha256:821ac5a85f13258762fc727e7725436eb8332fda582b6028b4d762afc14c1c95
Status: Image is up to date for lfedge/eve-mkimage-iso-efi:c630f165a2d91c9412e37e01b2e08b0f9263f5e7
Building and pushing "lfedge/eve-mkimage-raw-efi:2c5ff16c46b8328c506e06cc48598868bcb5bdab"
2c5ff16c46b8328c506e06cc48598868bcb5bdab: Pulling from lfedge/eve-mkimage-raw-efi
Digest: sha256:98613ce39deb8ec9c1911b601bf9e033c20b195929ec950f06f7dc64b2c31394
Status: Image is up to date for lfedge/eve-mkimage-raw-efi:2c5ff16c46b8328c506e06cc48598868bcb5bdab
Building and pushing "lfedge/eve-mkrootfs-ext4:08d616d0ae2fed5b9996b80e1caf06183ea371c6"
08d616d0ae2fed5b9996b80e1caf06183ea371c6: Pulling from lfedge/eve-mkrootfs-ext4
Digest: sha256:01c722122b4cdfbdaedbc7052bd00806a254850da955fd6fb6c5bf5ec68a73b0
Status: Image is up to date for lfedge/eve-mkrootfs-ext4:08d616d0ae2fed5b9996b80e1caf06183ea371c6
Building and pushing "lfedge/eve-mkrootfs-squash:061a611a4fe80e5386f05bc1ebe0bd87952da1b4"
061a611a4fe80e5386f05bc1ebe0bd87952da1b4: Pulling from lfedge/eve-mkrootfs-squash
Digest: sha256:4ceb8ac0f5fab4d17a234b8549431737bf977fd3cb851324afa4a26181fc40c0
Status: Image is up to date for lfedge/eve-mkrootfs-squash:061a611a4fe80e5386f05bc1ebe0bd87952da1b4
Building and pushing "lfedge/eve-xen-tools:97124f43ab41a0caaefa8c8ca6f25fd79553bc87"
97124f43ab41a0caaefa8c8ca6f25fd79553bc87: Pulling from lfedge/eve-xen-tools
Digest: sha256:1b07fe70cbf6d97eaffe6201a4edecdfa47916be081aa89869dd0db58bce22f2
Status: Image is up to date for lfedge/eve-xen-tools:97124f43ab41a0caaefa8c8ca6f25fd79553bc87
Building and pushing "lfedge/eve-strongswan:6dda5ee56b295a0115e7c09a0ca23aa925426252"
6dda5ee56b295a0115e7c09a0ca23aa925426252: Pulling from lfedge/eve-strongswan
Digest: sha256:23a114b85bb003ff07d9ace288f437aa4b1b40269ba716754261013fa00781c5
Status: Image is up to date for lfedge/eve-strongswan:6dda5ee56b295a0115e7c09a0ca23aa925426252
Building and pushing "lfedge/eve-watchdog:6467d18c58faa455deaf3e4ab04d9fd4a5ed6512"
6467d18c58faa455deaf3e4ab04d9fd4a5ed6512: Pulling from lfedge/eve-watchdog
Digest: sha256:799264427df90434c1e7ffe313e383550b5a8ae8b918aeeb27c99e7a6035abe1
Status: Image is up to date for lfedge/eve-watchdog:6467d18c58faa455deaf3e4ab04d9fd4a5ed6512
Building and pushing "lfedge/eve-rkt:15525fb9c5a58f9e7ec98004b6859365e1f99c98"
15525fb9c5a58f9e7ec98004b6859365e1f99c98: Pulling from lfedge/eve-rkt
Digest: sha256:b50a15f51e3b19fe980f9bdcf54145e5b4e9dd0521c403bf67753b606c4d985f
Status: Image is up to date for lfedge/eve-rkt:15525fb9c5a58f9e7ec98004b6859365e1f99c98
Building and pushing "lfedge/eve-rkt-stage1:5b9ee56a92de3c0ac9fe84a11dc7be8d0231fb5c"
5b9ee56a92de3c0ac9fe84a11dc7be8d0231fb5c: Pulling from lfedge/eve-rkt-stage1
Digest: sha256:cfc5585fb8dd23b17c9aeb987110d194c170627bb40cf1c866e969f5f4012785
Status: Image is up to date for lfedge/eve-rkt-stage1:5b9ee56a92de3c0ac9fe84a11dc7be8d0231fb5c
Building and pushing "lfedge/eve-uefi:fdf6300a5eeb9257e9aea002dbe40d01a70ea5fa"
fdf6300a5eeb9257e9aea002dbe40d01a70ea5fa: Pulling from lfedge/eve-uefi
Digest: sha256:2963e3c14909393e27334219cbefe25abc675275a9de2efdf5560d9e4300cc2d
Status: Image is up to date for lfedge/eve-uefi:fdf6300a5eeb9257e9aea002dbe40d01a70ea5fa
Building and pushing "lfedge/eve-pillar:741cdc4e9036436c1c4ff643494758cb4d837701"
741cdc4e9036436c1c4ff643494758cb4d837701: Pulling from lfedge/eve-pillar
Digest: sha256:a06f53560ef6c259cb660b6d8303e64d45d4badd0e5d00ade6527a2f8af79fb7
Status: Downloaded newer image for lfedge/eve-pillar:741cdc4e9036436c1c4ff643494758cb4d837701
Building and pushing "lfedge/eve-qrexec-lib:b0fb86eb752be7884d4d83c1dbbb025e75c5c466"
b0fb86eb752be7884d4d83c1dbbb025e75c5c466: Pulling from lfedge/eve-qrexec-lib
Digest: sha256:738f796da4d434031d40e93bc8f5e9943e804861834ae687a926f60bfaac7cf7
Status: Image is up to date for lfedge/eve-qrexec-lib:b0fb86eb752be7884d4d83c1dbbb025e75c5c466
Building and pushing "lfedge/eve-qrexec-dom0:29024a9e04a96b4baede4f474dcf85c1cef98607"
29024a9e04a96b4baede4f474dcf85c1cef98607: Pulling from lfedge/eve-qrexec-dom0
Digest: sha256:cdd8e3bb99cb58ce3ca6e8a55e767cf610357eb24bb3c47b8f1835c3c8bedbcb
Status: Image is up to date for lfedge/eve-qrexec-dom0:29024a9e04a96b4baede4f474dcf85c1cef98607
Building and pushing "lfedge/eve-rngd:6e16dad8553a6c2939854abfa9f34a5f2604bce7"
6e16dad8553a6c2939854abfa9f34a5f2604bce7: Pulling from lfedge/eve-rngd
Digest: sha256:4c880395a2ab261cc4abe2b866db6764527c19c61a187e68470e1e3f94f99388
Status: Image is up to date for lfedge/eve-rngd:6e16dad8553a6c2939854abfa9f34a5f2604bce7
Building and pushing "lfedge/eve-rsyslog:ccaf76aa6dd4fdef532207e9199befee289a2723"
ccaf76aa6dd4fdef532207e9199befee289a2723: Pulling from lfedge/eve-rsyslog
Digest: sha256:470d4c3436c254a39b501ac4b2e00b5dd47c0c3cfd22a3fefb85072ef5dbc615
Status: Image is up to date for lfedge/eve-rsyslog:ccaf76aa6dd4fdef532207e9199befee289a2723
Building and pushing "lfedge/eve-storage-init:3524db08db611b060d8c2ac0ca2b5b4826e0c960"
3524db08db611b060d8c2ac0ca2b5b4826e0c960: Pulling from lfedge/eve-storage-init
Digest: sha256:dcaff7fde1f425e2302a561b098ca27909dcda6c9251e5f80c229743ea3a25db
Status: Downloaded newer image for lfedge/eve-storage-init:3524db08db611b060d8c2ac0ca2b5b4826e0c960
Building and pushing "lfedge/eve-vtpm:c4ceaa46fd7f32418df6896af10ee7450ce6fcce"
c4ceaa46fd7f32418df6896af10ee7450ce6fcce: Pulling from lfedge/eve-vtpm
Digest: sha256:b60aa5e40dacfcab19e5868a8c0d1934753029ea012ab80a12b25429a4c2a147
Status: Downloaded newer image for lfedge/eve-vtpm:c4ceaa46fd7f32418df6896af10ee7450ce6fcce
Building and pushing "lfedge/eve-wlan:d1ac240f7ce90e255869ffc3ecda46dd313f45e9"
d1ac240f7ce90e255869ffc3ecda46dd313f45e9: Pulling from lfedge/eve-wlan
Digest: sha256:f8159f761b6330143e512261c2f35b5778eecd95a5927ba15460f9cab93530c5
Status: Image is up to date for lfedge/eve-wlan:d1ac240f7ce90e255869ffc3ecda46dd313f45e9
Building and pushing "lfedge/eve-wwan:2b98bc7569f167b1850dd9025a4b8c8489fee754"
2b98bc7569f167b1850dd9025a4b8c8489fee754: Pulling from lfedge/eve-wwan
Digest: sha256:8a6634708d39e4cc1a9d2223601bcc8c138511a586b3ff2579bac84800082780
Status: Image is up to date for lfedge/eve-wwan:2b98bc7569f167b1850dd9025a4b8c8489fee754
Building and pushing "lfedge/eve-xen:41cb99af9e3abbe5359596dc53f42d1f725ed799"
41cb99af9e3abbe5359596dc53f42d1f725ed799: Pulling from lfedge/eve-xen
Digest: sha256:c46369d61afd0765c7fa9553bfc79345c4f86e17951d46cb293e3fe898aabe44
Status: Image is up to date for lfedge/eve-xen:41cb99af9e3abbe5359596dc53f42d1f725ed799
Done building packages
rm pkg/qrexec-dom0/Dockerfile pkg/qrexec-lib/Dockerfile pkg/pillar/Dockerfile
Creating go builder image for user zededa-ci
eve-build-zededa-ci docker container is ready to use
mkdir -p /home/zededa-ci/src/eve/dist/arm64
cd /home/zededa-ci/src/eve/dist/arm64 ; _() { C=`docker create $1 fake` ; shift ; docker export $C | tar -xf - "$@" ; docker rm $C ; } ; _ lfedge/eve-uefi:fdf6300a5eeb9257e9aea002dbe40d01a70ea5fa-arm64 OVMF.fd
a6f3724b43f23a93526d772869c4ac96c94429e055cc3568b461786eb5368463
mkdir -p /home/zededa-ci/src/eve/dist/arm64/installer
./tools/makeconfig.sh conf /home/zededa-ci/src/eve/dist/arm64/installer/config.img
/conf/eve.dtb: Warning (unit_address_vs_reg): Node /regulator@1 has a unit name, but no reg property
/conf/eve.dtb: Warning (unit_address_vs_reg): Node /soc/i2c@f7102000/adv7533@39/ports/port@0 has a unit name, but no reg property
/conf/eve.dtb: Warning (unit_address_vs_reg): Node /soc/thermal-zones/cls0/trips/trip-point@0 has a unit name, but no reg property
/conf/eve.dtb: Warning (unit_address_vs_reg): Node /soc/thermal-zones/cls0/trips/trip-point@1 has a unit name, but no reg property
/conf/eve.dtb: Warning (unit_address_vs_reg): Node /soc/dsi@f4107800/ports/port@1/endpoint@0 has a unit name, but no reg property
/conf/eve.dtb: Warning (unit_address_vs_reg): Node /soc/i2s@f7118000/ports/port@0 has a unit name, but no reg property
/conf/eve.dtb: Warning (unit_address_vs_reg): Node /regulator@2 has a unit name, but no reg property
/conf/eve.dtb: Warning (unit_address_vs_reg): Node /regulator@0 has a unit name, but no reg property
1024+0 records in
1024+0 records out
mkfs.fat 4.1 (2017-01-24)
/config.img has 64 heads and 32 sectors per track,
hidden sectors 0x0000;
logical sector size is 512,
using 0xf8 media descriptor, with 2048 sectors;
drive number 0x80;
filesystem has 2 12-bit FATs and 4 sectors per cluster.
FAT size is 2 sectors, and provides 502 clusters.
There is 1 reserved sector.
Root directory contains 512 slots and uses 32 sectors.
Volume ID is ee99ded9, volume label EVE        .
cd /home/zededa-ci/src/eve/dist/arm64/installer ; _() { C=`docker create $1 fake` ; shift ; docker export $C | tar -xf - "$@" ; docker rm $C ; } ; _ lfedge/eve-grub:c299723f031fccc8cb9bfa3bf8e6f1269a1b861f-arm64 EFI
fe2e826df91bb2903f1da542e4535055ae542867a3ca5b02b65e5f00805b3aed
Done building /home/zededa-ci/src/eve/build-tools/bin/linuxkit
./tools/makerootfs.sh images/rootfs-xen.yml squash /home/zededa-ci/src/eve/dist/arm64/installer/rootfs.img
Extract kernel image: lfedge/eve-kernel:1a0c05ad4fc8c3964e22466006b8610b7ff79da5-dirty-arm64
Pull image: lfedge/eve-kernel:1a0c05ad4fc8c3964e22466006b8610b7ff79da5-dirty-arm64
time="2019-12-18T08:02:06+01:00" level=fatal msg="Failed to extract kernel image and tarball: Could not pull image lfedge/eve-kernel:1a0c05ad4fc8c3964e22466006b8610b7ff79da5-dirty-arm64: Error response from daemon: manifest for lfedge/eve-kernel:1a0c05ad4fc8c3964e22466006b8610b7ff79da5-dirty-arm64 not found"
cat: boot/cmdline: No such file or directory
Makefile:218: recipe for target '/home/zededa-ci/src/eve/dist/arm64/installer/rootfs.img' failed
make: *** [/home/zededa-ci/src/eve/dist/arm64/installer/rootfs.img] Error 1
FINISHED
