Cloning into '/tmp/zenbuild'...
make: Entering directory '/tmp/zenbuild'
snapshot-arm64: Pulling from zededa/ztools
Digest: sha256:d855dcb284da47b0a2ede491cfb8d180b9e5c087736002c22e57a18d79d6327a
Status: Image is up to date for zededa/ztools:snapshot-arm64
snapshot-arm64: Pulling from zededa/lisp
Digest: sha256:2039376c4e305ed85d75870f511756c1ba62668b26e61f00b7809166021e90fb
Status: Image is up to date for zededa/lisp:snapshot-arm64
snapshot-arm64: Pulling from zededa/ztools
Digest: sha256:d855dcb284da47b0a2ede491cfb8d180b9e5c087736002c22e57a18d79d6327a
Status: Image is up to date for zededa/ztools:snapshot-arm64
snapshot-arm64: Pulling from zededa/lisp
Digest: sha256:2039376c4e305ed85d75870f511756c1ba62668b26e61f00b7809166021e90fb
Status: Image is up to date for zededa/lisp:snapshot-arm64
make -C build-tools all
make[1]: Entering directory '/tmp/zenbuild/build-tools'
cd src/linuxkit/vendor/github.com/linuxkit/linuxkit/src/cmd/linuxkit ;\
/usr/bin/go  build -ldflags "-X github.com/linuxkit/linuxkit/src/cmd/linuxkit/version.GitCommit=a7a6e5cf760c3c9c599d0e6046a4cab610fde07c" -o /tmp/zenbuild/build-tools/bin/linuxkit .
cd src/manifest-tool/vendor/github.com/estesp/manifest-tool ;\
/usr/bin/go  build -ldflags "-X main.gitCommit=a7a6e5cf760c3c9c599d0e6046a4cab610fde07c" -o /tmp/zenbuild/build-tools/bin/manifest-tool .
make[1]: Leaving directory '/tmp/zenbuild/build-tools'
make: Leaving directory '/tmp/zenbuild'
From github.com:zededa/lisp
   b36b36d..3aa3395  master     -> origin/master
 * [new tag]         0.10.0     -> 0.10.0
 * [new tag]         0.11.0     -> 0.11.0
 * [new tag]         0.11.1     -> 0.11.1
 * [new tag]         0.12.0     -> 0.12.0
 * [new tag]         0.13.0     -> 0.13.0
 * [new tag]         0.14.0     -> 0.14.0
 * [new tag]         0.15.0     -> 0.15.0
 * [new tag]         0.16.0     -> 0.16.0
 * [new tag]         0.17.0     -> 0.17.0
 * [new tag]         0.18.0     -> 0.18.0
 * [new tag]         0.4.0      -> 0.4.0
 * [new tag]         0.5.0      -> 0.5.0
 * [new tag]         0.6.0      -> 0.6.0
 * [new tag]         0.7.0      -> 0.7.0
 * [new tag]         0.8.0      -> 0.8.0
 * [new tag]         0.9.0      -> 0.9.0
 * [new tag]         1.0.0      -> 1.0.0
 * [new tag]         1.1.0      -> 1.1.0
 * [new tag]         1.2.0      -> 1.2.0
 * [new tag]         1.2.2      -> 1.2.2
 * [new tag]         1.3.0      -> 1.3.0
 * [new tag]         1.3.3      -> 1.3.3
 * [new tag]         1.4.0      -> 1.4.0
 * [new tag]         1.4.1      -> 1.4.1
 * [new tag]         1.5.0      -> 1.5.0
--- /dev/fd/63	2019-03-09 08:01:51.247164167 +0100
+++ /dev/fd/62	2019-03-09 08:01:51.247164167 +0100
@@ -1,81 +1,27 @@
-0.1.0
-0.1.0-amd64
 0.1.0-arm64
-0.3.0
-0.3.0-amd64
 0.3.0-arm64
-0.4.0
-0.4.0-amd64
 0.4.0-arm64
-0.5.0
-0.5.0-amd64
 0.5.0-arm64
-0.6.0
-0.6.0-amd64
 0.6.0-arm64
-0.7.0
-0.7.0-amd64
 0.7.0-arm64
-0.8.0
-0.8.0-amd64
 0.8.0-arm64
-0.9.0
-0.9.0-amd64
 0.9.0-arm64
-0.10.0
-0.10.0-amd64
 0.10.0-arm64
-0.11.0
-0.11.0-amd64
 0.11.0-arm64
-0.11.1
-0.11.1-amd64
 0.11.1-arm64
-0.12.0
-0.12.0-amd64
 0.12.0-arm64
-0.13.0
-0.13.0-amd64
 0.13.0-arm64
-0.14.0
-0.14.0-amd64
 0.14.0-arm64
-0.15.0
-0.15.0-amd64
 0.15.0-arm64
-0.16.0
-0.16.0-amd64
 0.16.0-arm64
-0.17.0
-0.17.0-amd64
 0.17.0-arm64
-0.18.0
-0.18.0-amd64
 0.18.0-arm64
-1.0.0
-1.0.0-amd64
 1.0.0-arm64
-1.1.0
-1.1.0-amd64
 1.1.0-arm64
-1.2.0
-1.2.0-amd64
 1.2.0-arm64
-1.2.2
-1.2.2-amd64
 1.2.2-arm64
-1.3.0
-1.3.0-amd64
 1.3.0-arm64
-1.3.3
-1.3.3-amd64
 1.3.3-arm64
-1.4.0
-1.4.0-amd64
 1.4.0-arm64
-1.4.1
-1.4.1-amd64
 1.4.1-arm64
-1.5.0
-1.5.0-amd64
 1.5.0-arm64
Building the following tags:  origin/master (latest tag is 1.5.0)
HEAD is now at 3aa3395 Merge pull request #33 from gkodali-zededa/master
Building and pushing "zededa/lisp:8490c3bfbf870bad45d25c54b6fd2e4f146c83e6"
8490c3bfbf870bad45d25c54b6fd2e4f146c83e6: Pulling from zededa/lisp
no matching manifest for linux/arm64 in the manifest list entries
No image pulled, continuing with build
Sending build context to Docker daemon  13.53MB
Step 1/25 : FROM golang:1.9.1-alpine AS go-build
 ---> cc52d0ad4cce
Step 2/25 : RUN apk update
 ---> Using cache
 ---> a112fe57102d
Step 3/25 : RUN apk add --no-cache git gcc linux-headers libc-dev libpcap-dev
 ---> Using cache
 ---> 759e59e8548e
Step 4/25 : ADD . /go/src/github.com/zededa/lisp
 ---> 88b7c0a4b527
Step 5/25 : RUN go install github.com/zededa/lisp/cmd/...
 ---> Running in a3d59e741c1b
 ---> ff0970689e48
Removing intermediate container a3d59e741c1b
Step 6/25 : FROM alpine:3.8 AS lisp-build
 ---> 0db038343fbd
Step 7/25 : ENV LISP_VERSION release-0.488
 ---> Using cache
 ---> 58db16f04271
Step 8/25 : RUN apk add --no-cache py2-pyflakes py2-setuptools && ln -s pyflakes-2 /usr/bin/pyflakes
 ---> Using cache
 ---> 1a92ebca5cb1
Step 9/25 : ADD https://github.com/farinacci/lispers.net/archive/${LISP_VERSION}.tar.gz /tmp/

 ---> Using cache
 ---> ea71a03c755a
Step 10/25 : ADD *patch /tmp
 ---> Using cache
 ---> 0a700a44ff0a
Step 11/25 : RUN tar -C /tmp -xzvf /tmp/${LISP_VERSION}.tar.gz
 ---> Using cache
 ---> e5cd5c1b2252
Step 12/25 : RUN cd /tmp/lispers.net-${LISP_VERSION} &&     for p in /tmp/*patch ; do patch -p1 < $p ; done &&     cd build ; python make-release.py dev &&     mkdir /lisp ; tar -C /lisp -xzvf latest/lispers.net.tgz
 ---> Using cache
 ---> a0d8d38dadd8
Step 13/25 : FROM alpine:3.8
 ---> 0db038343fbd
Step 14/25 : RUN apk add --no-cache curl gcc linux-headers libc-dev python python-dev libffi-dev openssl-dev libpcap-dev iproute2 tcpdump ethtool ip6tables
 ---> Using cache
 ---> 9c4748066f17
Step 15/25 : COPY --from=lisp-build /lisp /lisp
 ---> Using cache
 ---> 9894e3e161a0
Step 16/25 : ADD scripts/sudo /usr/bin/sudo
 ---> Using cache
 ---> 77a93617ab8b
Step 17/25 : ADD conf scripts/RESTART-LISP scripts/RUN-LISP.rtr1 scripts/RUN-LISP scripts/STOP-LISP scripts/CONFIG-SVC scripts/RL scripts/pslisp scripts/log-packets scripts/ping-mesh.py /lisp/
 ---> Using cache
 ---> 288a7df7609a
Step 18/25 : RUN python /lisp/get-pip.py
 ---> Using cache
 ---> b3c30bf234e4
Step 19/25 : RUN pip install -r /lisp/pip-requirements.txt
 ---> Using cache
 ---> 13a5ff1cab53
Step 20/25 : RUN echo 'PS1="`hostname | cut -d . -f 0` > "' >> /root/.profile
 ---> Using cache
 ---> 150cf3193bb3
Step 21/25 : COPY --from=go-build /go/bin/dataplane /lisp/lisp-ztr
 ---> 6eeb135abeb5
Step 22/25 : EXPOSE 8080
 ---> Running in 8992b1f1f951
 ---> 423e10234497
Removing intermediate container 8992b1f1f951
Step 23/25 : WORKDIR /lisp
 ---> 7cd347838984
Removing intermediate container 1b4bc825737e
Step 24/25 : CMD ./CONFIG-SVC ; ./RL ; sleep 5 ; tail -f ./logs/*
 ---> Running in e31ec2059fbb
 ---> a795d3dbc617
Removing intermediate container e31ec2059fbb
Step 25/25 : LABEL org.mobyproject.linuxkit.revision 'unknown' org.mobyproject.linuxkit.version 'unknown' org.opencontainers.image.revision '3aa33955b613df846568693784417ca269f7bde4' org.opencontainers.image.source 'https://github.com/linuxkit/linuxkit'
 ---> Running in 89f1fe035061
 ---> 1c5716d322e6
Removing intermediate container 89f1fe035061
Successfully built 1c5716d322e6
Successfully tagged zededa/lisp:8490c3bfbf870bad45d25c54b6fd2e4f146c83e6-arm64
Pushing zededa/lisp:8490c3bfbf870bad45d25c54b6fd2e4f146c83e6-arm64
The push refers to a repository [docker.io/zededa/lisp]
48e2495a7c12: Preparing
e0e14a5a518f: Preparing
067e33bda4b0: Preparing
acecc24d167e: Preparing
99630a16fe16: Preparing
fde1005cc8af: Preparing
dfd926a99b15: Preparing
7940f3c63268: Preparing
82fe62b38ba2: Preparing
92d7b4d0b33c: Preparing
dfd926a99b15: Waiting
7940f3c63268: Waiting
82fe62b38ba2: Waiting
92d7b4d0b33c: Waiting
fde1005cc8af: Waiting
99630a16fe16: Layer already exists
e0e14a5a518f: Layer already exists
acecc24d167e: Layer already exists
067e33bda4b0: Layer already exists
fde1005cc8af: Layer already exists
dfd926a99b15: Layer already exists
82fe62b38ba2: Layer already exists
7940f3c63268: Layer already exists
92d7b4d0b33c: Layer already exists
48e2495a7c12: Pushed
8490c3bfbf870bad45d25c54b6fd2e4f146c83e6-arm64: digest: sha256:fd659f2d57f6b46cf6c58ecfebabcdc883f8296affe94724bb04965d6930abcb size: 2415
Pushing zededa/lisp:8490c3bfbf870bad45d25c54b6fd2e4f146c83e6-arm64 to manifest zededa/lisp:8490c3bfbf870bad45d25c54b6fd2e4f146c83e6
time="2019-03-09T08:02:53+01:00" level=warning msg="Couldn't find or access image reference \"zededa/lisp:8490c3bfbf870bad45d25c54b6fd2e4f146c83e6-s390x\". Skipping image."
Digest: sha256:2478b77de9341a5283dbaa80c52208cd52bd67c75084e7c1cb09fd1fce42c6bf 743
Not signing zededa/lisp:8490c3bfbf870bad45d25c54b6fd2e4f146c83e6
Tagging zededa/lisp:8490c3bfbf870bad45d25c54b6fd2e4f146c83e6-arm64 as zededa/lisp:snapshot-arm64
Pushing zededa/lisp:snapshot-arm64
The push refers to a repository [docker.io/zededa/lisp]
48e2495a7c12: Preparing
e0e14a5a518f: Preparing
067e33bda4b0: Preparing
acecc24d167e: Preparing
99630a16fe16: Preparing
fde1005cc8af: Preparing
dfd926a99b15: Preparing
7940f3c63268: Preparing
82fe62b38ba2: Preparing
92d7b4d0b33c: Preparing
dfd926a99b15: Waiting
7940f3c63268: Waiting
82fe62b38ba2: Waiting
92d7b4d0b33c: Waiting
fde1005cc8af: Waiting
acecc24d167e: Layer already exists
067e33bda4b0: Layer already exists
e0e14a5a518f: Layer already exists
48e2495a7c12: Layer already exists
99630a16fe16: Layer already exists
fde1005cc8af: Layer already exists
dfd926a99b15: Layer already exists
7940f3c63268: Layer already exists
82fe62b38ba2: Layer already exists
92d7b4d0b33c: Layer already exists
snapshot-arm64: digest: sha256:fd659f2d57f6b46cf6c58ecfebabcdc883f8296affe94724bb04965d6930abcb size: 2415
Pushing zededa/lisp:snapshot-arm64 to manifest zededa/lisp:snapshot
time="2019-03-09T08:03:03+01:00" level=warning msg="Couldn't find or access image reference \"zededa/lisp:snapshot-s390x\". Skipping image."
Digest: sha256:2478b77de9341a5283dbaa80c52208cd52bd67c75084e7c1cb09fd1fce42c6bf 743
Not signing zededa/lisp:snapshot
Build, push and release of "snapshot" complete, all done.
From github.com:zededa/go-provision
 * [new tag]           0.1.0      -> 0.1.0
 * [new tag]           0.10.0     -> 0.10.0
 * [new tag]           0.10.1     -> 0.10.1
 * [new tag]           0.11.0     -> 0.11.0
 * [new tag]           0.11.1     -> 0.11.1
 * [new tag]           0.12.0     -> 0.12.0
 * [new tag]           0.13.0     -> 0.13.0
 * [new tag]           0.14.0     -> 0.14.0
 * [new tag]           0.14.1     -> 0.14.1
 * [new tag]           0.15.0     -> 0.15.0
 * [new tag]           0.16.0     -> 0.16.0
 * [new tag]           0.16.1     -> 0.16.1
 * [new tag]           0.17.0     -> 0.17.0
 * [new tag]           0.18.0     -> 0.18.0
 * [new tag]           0.3.0      -> 0.3.0
 * [new tag]           0.3.1      -> 0.3.1
 * [new tag]           0.4.0      -> 0.4.0
 * [new tag]           0.5.0      -> 0.5.0
 * [new tag]           0.6.0      -> 0.6.0
 * [new tag]           0.7.0      -> 0.7.0
 * [new tag]           0.8.0      -> 0.8.0
 * [new tag]           0.8.1      -> 0.8.1
 * [new tag]           0.9.0      -> 0.9.0
 * [new tag]           0.9.1      -> 0.9.1
 * [new tag]           0.9.2      -> 0.9.2
 * [new tag]           1.0.0      -> 1.0.0
 * [new tag]           1.1.0      -> 1.1.0
 * [new tag]           1.2.0      -> 1.2.0
 * [new tag]           1.3.0      -> 1.3.0
 * [new tag]           1.3.1      -> 1.3.1
 * [new tag]           1.3.2      -> 1.3.2
 * [new tag]           1.3.3      -> 1.3.3
 * [new tag]           1.4.0      -> 1.4.0
 * [new tag]           1.4.1      -> 1.4.1
 * [new tag]           1.4.2      -> 1.4.2
 * [new tag]           1.5.0      -> 1.5.0
 * [new tag]           1.5.1      -> 1.5.1
--- /dev/fd/63	2019-03-09 08:03:08.637578372 +0100
+++ /dev/fd/62	2019-03-09 08:03:08.637578372 +0100
@@ -1,114 +1,37 @@
-0.1.0
-0.1.0-amd64
 0.1.0-arm64
-0.1.1
-0.1.1-amd64
-0.1.1-arm64
-0.3.0
-0.3.0-amd64
 0.3.0-arm64
-0.3.1
-0.3.1-amd64
 0.3.1-arm64
-0.4.0
-0.4.0-amd64
 0.4.0-arm64
-0.5.0
-0.5.0-amd64
 0.5.0-arm64
-0.6.0
-0.6.0-amd64
 0.6.0-arm64
-0.7.0
-0.7.0-amd64
 0.7.0-arm64
-0.8.0
-0.8.0-amd64
 0.8.0-arm64
-0.8.1
-0.8.1-amd64
 0.8.1-arm64
-0.9.0
-0.9.0-amd64
 0.9.0-arm64
-0.9.1
-0.9.1-amd64
 0.9.1-arm64
-0.9.2
-0.9.2-amd64
 0.9.2-arm64
-0.10.0
-0.10.0-amd64
 0.10.0-arm64
-0.10.1
-0.10.1-amd64
 0.10.1-arm64
-0.11.0
-0.11.0-amd64
 0.11.0-arm64
-0.11.1
-0.11.1-amd64
 0.11.1-arm64
-0.12.0
-0.12.0-amd64
 0.12.0-arm64
-0.13.0
-0.13.0-amd64
 0.13.0-arm64
-0.14.0
-0.14.0-amd64
 0.14.0-arm64
-0.14.1
-0.14.1-amd64
 0.14.1-arm64
-0.15.0
-0.15.0-amd64
 0.15.0-arm64
-0.16.0
-0.16.0-amd64
 0.16.0-arm64
-0.16.1
-0.16.1-amd64
 0.16.1-arm64
-0.17.0
-0.17.0-amd64
 0.17.0-arm64
-0.18.0
-0.18.0-amd64
 0.18.0-arm64
-1.0.0
-1.0.0-amd64
 1.0.0-arm64
-1.1.0
-1.1.0-amd64
 1.1.0-arm64
-1.2.0
-1.2.0-amd64
 1.2.0-arm64
-1.3.0
-1.3.0-amd64
 1.3.0-arm64
-1.3.1
-1.3.1-amd64
 1.3.1-arm64
-1.3.2
-1.3.2-amd64
 1.3.2-arm64
-1.3.3
-1.3.3-amd64
 1.3.3-arm64
-1.4.0
-1.4.0-amd64
 1.4.0-arm64
-1.4.1
-1.4.1-amd64
 1.4.1-arm64
-1.4.2
-1.4.2-amd64
 1.4.2-arm64
-1.5.0
-1.5.0-amd64
 1.5.0-arm64
-1.5.1
-1.5.1-amd64
 1.5.1-arm64
Building the following tags:  origin/master (latest tag is 1.5.1)
HEAD is now at a82a7f47 Merge pull request #321 from zededa/fixes
Building and pushing "zededa/ztools:7264fc1bf232f5dcfbd60e97637321664ae760a9"
7264fc1bf232f5dcfbd60e97637321664ae760a9: Pulling from zededa/ztools
Digest: sha256:beb954f124eb087f838d664e8186521b919b79e660a83fcae3c8aa8eb160316f
Status: Downloaded newer image for zededa/ztools:7264fc1bf232f5dcfbd60e97637321664ae760a9
From https://github.com/zededa/zenbuild
 * [new tag]         0.1.0      -> 0.1.0
 * [new tag]         0.1.1      -> 0.1.1
 * [new tag]         0.10.0     -> 0.10.0
 * [new tag]         0.10.1     -> 0.10.1
 * [new tag]         0.11.0     -> 0.11.0
 * [new tag]         0.11.1     -> 0.11.1
 * [new tag]         0.12.0     -> 0.12.0
 * [new tag]         0.13.0     -> 0.13.0
 * [new tag]         0.14.0     -> 0.14.0
 * [new tag]         0.14.1     -> 0.14.1
 * [new tag]         0.15.0     -> 0.15.0
 * [new tag]         0.16.0     -> 0.16.0
 * [new tag]         0.16.1     -> 0.16.1
 * [new tag]         0.17.0     -> 0.17.0
 * [new tag]         0.18.0     -> 0.18.0
 * [new tag]         0.3.0      -> 0.3.0
 * [new tag]         0.3.1      -> 0.3.1
 * [new tag]         0.4.0      -> 0.4.0
 * [new tag]         0.5.0      -> 0.5.0
 * [new tag]         0.6.0      -> 0.6.0
 * [new tag]         0.7.0      -> 0.7.0
 * [new tag]         0.8.0      -> 0.8.0
 * [new tag]         0.8.1      -> 0.8.1
 * [new tag]         0.9.0      -> 0.9.0
 * [new tag]         0.9.1      -> 0.9.1
 * [new tag]         0.9.2      -> 0.9.2
 * [new tag]         1.0.0      -> 1.0.0
 * [new tag]         1.1.0      -> 1.1.0
 * [new tag]         1.2.0      -> 1.2.0
 * [new tag]         1.3.0      -> 1.3.0
 * [new tag]         1.3.1      -> 1.3.1
 * [new tag]         1.3.2      -> 1.3.2
 * [new tag]         1.3.3      -> 1.3.3
 * [new tag]         1.4.0      -> 1.4.0
 * [new tag]         1.4.1      -> 1.4.1
 * [new tag]         1.4.2      -> 1.4.2
 * [new tag]         1.5.0      -> 1.5.0
 * [new tag]         1.5.1      -> 1.5.1
--- /dev/fd/63	2019-03-09 08:03:13.487604328 +0100
+++ /dev/fd/62	2019-03-09 08:03:13.487604328 +0100
@@ -1,114 +1,38 @@
-0.1.0
-0.1.0-amd64
 0.1.0-arm64
-0.1.1
-0.1.1-amd64
 0.1.1-arm64
-0.3.0
-0.3.0-amd64
 0.3.0-arm64
-0.3.1
-0.3.1-amd64
 0.3.1-arm64
-0.4.0
-0.4.0-amd64
 0.4.0-arm64
-0.5.0
-0.5.0-amd64
 0.5.0-arm64
-0.6.0
-0.6.0-amd64
 0.6.0-arm64
-0.7.0
-0.7.0-amd64
 0.7.0-arm64
-0.8.0
-0.8.0-amd64
 0.8.0-arm64
-0.8.1
-0.8.1-amd64
 0.8.1-arm64
-0.9.0
-0.9.0-amd64
 0.9.0-arm64
-0.9.1
-0.9.1-amd64
 0.9.1-arm64
-0.9.2
-0.9.2-amd64
 0.9.2-arm64
-0.10.0
-0.10.0-amd64
 0.10.0-arm64
-0.10.1
-0.10.1-amd64
 0.10.1-arm64
-0.11.0
-0.11.0-amd64
 0.11.0-arm64
-0.11.1
-0.11.1-amd64
 0.11.1-arm64
-0.12.0
-0.12.0-amd64
 0.12.0-arm64
-0.13.0
-0.13.0-amd64
 0.13.0-arm64
-0.14.0
-0.14.0-amd64
 0.14.0-arm64
-0.14.1
-0.14.1-amd64
 0.14.1-arm64
-0.15.0
-0.15.0-amd64
 0.15.0-arm64
-0.16.0
-0.16.0-amd64
 0.16.0-arm64
-0.16.1
-0.16.1-amd64
 0.16.1-arm64
-0.17.0
-0.17.0-amd64
 0.17.0-arm64
-0.18.0
-0.18.0-amd64
 0.18.0-arm64
-1.0.0
-1.0.0-amd64
 1.0.0-arm64
-1.1.0
-1.1.0-amd64
 1.1.0-arm64
-1.2.0
-1.2.0-amd64
 1.2.0-arm64
-1.3.0
-1.3.0-amd64
 1.3.0-arm64
-1.3.1
-1.3.1-amd64
 1.3.1-arm64
-1.3.2
-1.3.2-amd64
 1.3.2-arm64
-1.3.3
-1.3.3-amd64
 1.3.3-arm64
-1.4.0
-1.4.0-amd64
 1.4.0-arm64
-1.4.1
-1.4.1-amd64
 1.4.1-arm64
-1.4.2
-1.4.2-amd64
 1.4.2-arm64
-1.5.0
-1.5.0-amd64
 1.5.0-arm64
-1.5.1
-1.5.1-amd64
 1.5.1-arm64
Building the following tags:  origin/master (latest tag is 1.5.1)
Removing bios/
Removing build-pkgs/zenix/Makefile
Removing build-pkgs/zenix/OVMF.fd
Removing build-pkgs/zenix/config.img
Removing build-pkgs/zenix/fallback_aarch64.img
Removing build-pkgs/zenix/installer.yml
Removing build-pkgs/zenix/installer_aarch64.iso
Removing build-pkgs/zenix/installer_aarch64.raw
Removing build-pkgs/zenix/rootfs.yml
Removing build-pkgs/zenix/rootfs_aarch64.img
Removing build-tools/bin/linuxkit
Removing build-tools/bin/manifest-tool
Removing config.img
Removing fallback_aarch64.img
Removing fallback_aarch64.qcow2
Removing images/installer.yml
Removing images/installer.yml.orig
Removing images/rootfs.yml
Removing images/rootfs.yml.orig
Removing installer_aarch64.iso
Removing installer_aarch64.raw
Removing pkg/mkconf/Dockerfile
Removing pkg/qrexec-dom0/Dockerfile
Removing pkg/qrexec-lib/Dockerfile
Removing pkg/zedctr/Dockerfile
Removing rootfs_aarch64.img
HEAD is now at a7a6e5c Tweaking build order
snapshot-arm64: Pulling from zededa/ztools
Digest: sha256:d855dcb284da47b0a2ede491cfb8d180b9e5c087736002c22e57a18d79d6327a
Status: Image is up to date for zededa/ztools:snapshot-arm64
snapshot-arm64: Pulling from zededa/lisp
Digest: sha256:fd659f2d57f6b46cf6c58ecfebabcdc883f8296affe94724bb04965d6930abcb
Status: Image is up to date for zededa/lisp:snapshot-arm64
snapshot-arm64: Pulling from zededa/ztools
Digest: sha256:d855dcb284da47b0a2ede491cfb8d180b9e5c087736002c22e57a18d79d6327a
Status: Image is up to date for zededa/ztools:snapshot-arm64
snapshot-arm64: Pulling from zededa/lisp
Digest: sha256:fd659f2d57f6b46cf6c58ecfebabcdc883f8296affe94724bb04965d6930abcb
Status: Image is up to date for zededa/lisp:snapshot-arm64
make -C build-tools all
make[1]: Entering directory '/home/zededa-ci/src/zenbuild/build-tools'
cd src/linuxkit/vendor/github.com/linuxkit/linuxkit/src/cmd/linuxkit ;\
/usr/bin/go  build -ldflags "-X github.com/linuxkit/linuxkit/src/cmd/linuxkit/version.GitCommit=a7a6e5cf760c3c9c599d0e6046a4cab610fde07c" -o /home/zededa-ci/src/zenbuild/build-tools/bin/linuxkit .
cd src/manifest-tool/vendor/github.com/estesp/manifest-tool ;\
/usr/bin/go  build -ldflags "-X main.gitCommit=a7a6e5cf760c3c9c599d0e6046a4cab610fde07c" -o /home/zededa-ci/src/zenbuild/build-tools/bin/manifest-tool .
make[1]: Leaving directory '/home/zededa-ci/src/zenbuild/build-tools'
make -C build-pkgs LINUXKIT_HASH="  --release snapshot" push
make[1]: Entering directory '/home/zededa-ci/src/zenbuild/build-pkgs'
Building and pushing "zededa/build-pkgs_abuild:7ae4d9f9fa290963de466d5ed96d6c9318354824"
7ae4d9f9fa290963de466d5ed96d6c9318354824: Pulling from zededa/build-pkgs_abuild
Digest: sha256:1a11eee631ec5ff068f207ae6bcd87d5d4a48a062308b46988cda10abdd15c86
Status: Image is up to date for zededa/build-pkgs_abuild:7ae4d9f9fa290963de466d5ed96d6c9318354824
Building and pushing "zededa/build-pkgs_uefi:a3362428c518fb4db1a136a961bd17e8a66fb693"
a3362428c518fb4db1a136a961bd17e8a66fb693: Pulling from zededa/build-pkgs_uefi
Digest: sha256:40b3cfec230b69210428c2b9db0d96985b2f107d18b0a62b28736e3e04b15f44
Status: Image is up to date for zededa/build-pkgs_uefi:a3362428c518fb4db1a136a961bd17e8a66fb693
make[1]: Leaving directory '/home/zededa-ci/src/zenbuild/build-pkgs'
make -C pkg LINUXKIT_HASH="  --release snapshot" push
make[1]: Entering directory '/home/zededa-ci/src/zenbuild/pkg'
(cd ..; ./parse-pkgs.sh pkg/qrexec-lib/Dockerfile.in > pkg/qrexec-lib/Dockerfile)
snapshot-arm64: Pulling from zededa/ztools
Digest: sha256:d855dcb284da47b0a2ede491cfb8d180b9e5c087736002c22e57a18d79d6327a
Status: Image is up to date for zededa/ztools:snapshot-arm64
snapshot-arm64: Pulling from zededa/lisp
Digest: sha256:fd659f2d57f6b46cf6c58ecfebabcdc883f8296affe94724bb04965d6930abcb
Status: Image is up to date for zededa/lisp:snapshot-arm64
(cd ..; ./parse-pkgs.sh pkg/qrexec-dom0/Dockerfile.in > pkg/qrexec-dom0/Dockerfile)
snapshot-arm64: Pulling from zededa/ztools
Digest: sha256:d855dcb284da47b0a2ede491cfb8d180b9e5c087736002c22e57a18d79d6327a
Status: Image is up to date for zededa/ztools:snapshot-arm64
snapshot-arm64: Pulling from zededa/lisp
Digest: sha256:fd659f2d57f6b46cf6c58ecfebabcdc883f8296affe94724bb04965d6930abcb
Status: Image is up to date for zededa/lisp:snapshot-arm64
(cd ..; ./parse-pkgs.sh pkg/mkconf/Dockerfile.in > pkg/mkconf/Dockerfile)
snapshot-arm64: Pulling from zededa/ztools
Digest: sha256:d855dcb284da47b0a2ede491cfb8d180b9e5c087736002c22e57a18d79d6327a
Status: Image is up to date for zededa/ztools:snapshot-arm64
snapshot-arm64: Pulling from zededa/lisp
Digest: sha256:fd659f2d57f6b46cf6c58ecfebabcdc883f8296affe94724bb04965d6930abcb
Status: Image is up to date for zededa/lisp:snapshot-arm64
Building and pushing "zededa/grub:97e7b1404e7c9d141eddb58294fcff019f61571b"
97e7b1404e7c9d141eddb58294fcff019f61571b: Pulling from zededa/grub
Digest: sha256:5e43a4e7bb105de4dafe6ca1b86e978544597f44e95be1faa8d97c0a25aa89b1
Status: Image is up to date for zededa/grub:97e7b1404e7c9d141eddb58294fcff019f61571b
Building and pushing "zededa/xen:f51bf3d17fad15b71242befbddec96e177132a99"
f51bf3d17fad15b71242befbddec96e177132a99: Pulling from zededa/xen
Digest: sha256:72ff3c98dafff206e4b77c51f05eb768ae4e42032c31f5755c6ebec33aa571ab
Status: Image is up to date for zededa/xen:f51bf3d17fad15b71242befbddec96e177132a99
Building and pushing "zededa/kernel:7cfa13614bb99a84030db209b6c9a0696c7d3315"
7cfa13614bb99a84030db209b6c9a0696c7d3315: Pulling from zededa/kernel
Digest: sha256:0e681b1a20b981282191d707ae01019ef41dd7b01697271e34885b572239894b
Status: Image is up to date for zededa/kernel:7cfa13614bb99a84030db209b6c9a0696c7d3315
Building and pushing "zededa/fw:1d8c22ae31c42d767ba648b186db4ea967a9c569"
1d8c22ae31c42d767ba648b186db4ea967a9c569: Pulling from zededa/fw
Digest: sha256:c95ae74a720a42dc91dce6b5d225bf1758bef24b327e21f18c9dd184713d43e3
Status: Image is up to date for zededa/fw:1d8c22ae31c42d767ba648b186db4ea967a9c569
Building and pushing "zededa/xen-tools:9c96b441d083d7ef7bcb602bf009fa91bd7ebbf2"
9c96b441d083d7ef7bcb602bf009fa91bd7ebbf2: Pulling from zededa/xen-tools
Digest: sha256:897606c52b7cb91fa393ca30dae8f7c4cd8ce9fc26e5251e784a0af2fe9685c2
Status: Image is up to date for zededa/xen-tools:9c96b441d083d7ef7bcb602bf009fa91bd7ebbf2
Building and pushing "zededa/dnsmasq:c5985cdd83998d06255fe115d230a280c6928f1b"
c5985cdd83998d06255fe115d230a280c6928f1b: Pulling from zededa/dnsmasq
Digest: sha256:12240a65c524eaf5def9bd3598e771336e9350c249abc1ff6a06cb8e57f56832
Status: Image is up to date for zededa/dnsmasq:c5985cdd83998d06255fe115d230a280c6928f1b
Building and pushing "zededa/strongswan:8f5ee3b98aa3ea49a9a4231baac9be933d6155ec"
8f5ee3b98aa3ea49a9a4231baac9be933d6155ec: Pulling from zededa/strongswan
Digest: sha256:369e5f5de5fe189d5c1942f797b217fdc48b6e4161a70df5efce2d252135c978
Status: Image is up to date for zededa/strongswan:8f5ee3b98aa3ea49a9a4231baac9be933d6155ec
Building and pushing "zededa/gpt-tools:fe878611e4e032ea10946cbc9a1c3d5b22349dc4"
fe878611e4e032ea10946cbc9a1c3d5b22349dc4: Pulling from zededa/gpt-tools
Digest: sha256:4c3e178a2b6881c98c7398fbdb003caf5b5db0ef6e6904c1d6204e336eeed5cc
Status: Image is up to date for zededa/gpt-tools:fe878611e4e032ea10946cbc9a1c3d5b22349dc4
Building and pushing "zededa/dom0-ztools:b53cd1b5785c128371a5997e3a6e16007718c12d"
b53cd1b5785c128371a5997e3a6e16007718c12d: Pulling from zededa/dom0-ztools
Digest: sha256:65037565a2b30850b6368825b9d1e7af47a89c812eb1a910b8c93da828736473
Status: Image is up to date for zededa/dom0-ztools:b53cd1b5785c128371a5997e3a6e16007718c12d
Building and pushing "zededa/qrexec-lib:2e0df0df95f86df6953d7d2e7729213b77fd7206"
2e0df0df95f86df6953d7d2e7729213b77fd7206: Pulling from zededa/qrexec-lib
Digest: sha256:15aa3ca4fef43b0918e92eed910279f368e8c3fd52faabb50fc688f555b35700
Status: Image is up to date for zededa/qrexec-lib:2e0df0df95f86df6953d7d2e7729213b77fd7206
Building and pushing "zededa/qrexec-dom0:2c3cf9b135409690eaa86092c41f7c800d398468"
2c3cf9b135409690eaa86092c41f7c800d398468: Pulling from zededa/qrexec-dom0
Digest: sha256:8595ea8ced1b220d3afb52b7804c31e7a0a26779638d9f7e737dfb924569e479
Status: Image is up to date for zededa/qrexec-dom0:2c3cf9b135409690eaa86092c41f7c800d398468
Building and pushing "zededa/wwan:5f68442251df0f2625fde14e947f11de2374b72d"
5f68442251df0f2625fde14e947f11de2374b72d: Pulling from zededa/wwan
Digest: sha256:ebbc2d2c96bb6046dedb1999c40a962298269abc2a8f75b54c137d9974ce4c3b
Status: Image is up to date for zededa/wwan:5f68442251df0f2625fde14e947f11de2374b72d
Building and pushing "zededa/wlan:8aa66e76c276b97d1141801d3f461e2b3f8f8f97"
8aa66e76c276b97d1141801d3f461e2b3f8f8f97: Pulling from zededa/wlan
Digest: sha256:eb614df60aa8c847ea9f7a89848b0199f4852dbda8a9c07841607fdd7cb16d6c
Status: Image is up to date for zededa/wlan:8aa66e76c276b97d1141801d3f461e2b3f8f8f97
Building and pushing "zededa/rngd:5adb10a552c07513159777bd022ac58e23d59272"
5adb10a552c07513159777bd022ac58e23d59272: Pulling from zededa/rngd
Digest: sha256:936bf272bcf06dc1f25cbb81a7cb8b439bb356df86a399456b61a65cc92ef254
Status: Image is up to date for zededa/rngd:5adb10a552c07513159777bd022ac58e23d59272
Building and pushing "zededa/watchdog:2aea3af274e4928d2eab2b738d0e100ee5362173"
2aea3af274e4928d2eab2b738d0e100ee5362173: Pulling from zededa/watchdog
Digest: sha256:3beef59348def169640889b43bfebf7fa22b7b095dc4168abee3a5a88b5dc559
Status: Image is up to date for zededa/watchdog:2aea3af274e4928d2eab2b738d0e100ee5362173
Building and pushing "zededa/guacd:85a2add30bae37777d3d4f3f17a528fe8db88e96"
85a2add30bae37777d3d4f3f17a528fe8db88e96: Pulling from zededa/guacd
Digest: sha256:058a4cec7727ec31705bed030d4013c0069c87f79e17bcad5e100d694b925c60
Status: Image is up to date for zededa/guacd:85a2add30bae37777d3d4f3f17a528fe8db88e96
Building and pushing "zededa/device-trees:18377dd0bc3c33a1602e94a4c43aa0b3c51badb9"
18377dd0bc3c33a1602e94a4c43aa0b3c51badb9: Pulling from zededa/device-trees
Digest: sha256:61bb1d6398633d24618b7f788432b81137e619b29eb1c6e2f762c53357f10d66
Status: Image is up to date for zededa/device-trees:18377dd0bc3c33a1602e94a4c43aa0b3c51badb9
Building and pushing "zededa/debug:3aeeaf4e04f450283d49220eb7e82262b4531687"
3aeeaf4e04f450283d49220eb7e82262b4531687: Pulling from zededa/debug
Digest: sha256:81015d30d78e63cd2f1084198c92ebca85cb3214fb1eb90444fd59d3936b74a9
Status: Image is up to date for zededa/debug:3aeeaf4e04f450283d49220eb7e82262b4531687
Building and pushing "zededa/conf:e22275bd5d97d32d523595bbb41b2a21cbe509a7"
e22275bd5d97d32d523595bbb41b2a21cbe509a7: Pulling from zededa/conf
Digest: sha256:bdea79263dde5375b38ea0616330d8c422f11c6a13b4b725dfe497482e788544
Status: Image is up to date for zededa/conf:e22275bd5d97d32d523595bbb41b2a21cbe509a7
Building and pushing "zededa/mkrootfs-ext4:5f77cd6a2b87a3a9927593763da1941dbed1ce80"
5f77cd6a2b87a3a9927593763da1941dbed1ce80: Pulling from zededa/mkrootfs-ext4
Digest: sha256:dedb371f7dc9af3f9472d9f4c0c4dd75771a34bb940085b75c3e1d42a7108467
Status: Image is up to date for zededa/mkrootfs-ext4:5f77cd6a2b87a3a9927593763da1941dbed1ce80
Building and pushing "zededa/mkrootfs-squash:b47d705603f5f0d3765b03cf583e1a7fd287f212"
b47d705603f5f0d3765b03cf583e1a7fd287f212: Pulling from zededa/mkrootfs-squash
Digest: sha256:69fe871728593b96cd07c9803cfafd083e0adc34e62236669052d16a955f8c8b
Status: Image is up to date for zededa/mkrootfs-squash:b47d705603f5f0d3765b03cf583e1a7fd287f212
Building and pushing "zededa/mkimage-raw-efi:9902ef2da5f2290c01c570d2c2e3a3e084e0ce57"
9902ef2da5f2290c01c570d2c2e3a3e084e0ce57: Pulling from zededa/mkimage-raw-efi
Digest: sha256:391f27d14dcc43f618c9c9fada3b9518cc30ecf9a6112b599d55bc647a1eaca6
Status: Image is up to date for zededa/mkimage-raw-efi:9902ef2da5f2290c01c570d2c2e3a3e084e0ce57
Building and pushing "zededa/mkimage-iso-efi:49a6ff8320ce088460c8acb6f36bc15b15d800e9"
49a6ff8320ce088460c8acb6f36bc15b15d800e9: Pulling from zededa/mkimage-iso-efi
Digest: sha256:6693333f49b1f7c8e7931c6580e56d05078484b0b099136b7b2aff1b3055e65e
Status: Image is up to date for zededa/mkimage-iso-efi:49a6ff8320ce088460c8acb6f36bc15b15d800e9
make[1]: Leaving directory '/home/zededa-ci/src/zenbuild/pkg'
mkdir bios
cd bios ; _() { C=`docker create $1 fake` ; docker export $C | tar -xf - $2 ; docker rm $C ; } ; _ zededa/build-pkgs_uefi:a3362428c518fb4db1a136a961bd17e8a66fb693-arm64 OVMF.fd
e0644045bdb66f01760218f8ef721b6fa23dbc10c50375a539cdd1be7d780144
./maketestconfig.sh conf config.img
+ CONFIG_FILE=/config.img
+ CONFIG_SIZE_KB=1024
+ cd /conf
+ tar xf -
+ echo mtools_skip_check=1
+ dd if=/dev/zero of=/config.img bs=1024 count=1024
1024+0 records in
1024+0 records out
+ mkfs.vfat -n ZEDEDA -v /config.img 1024
mkfs.fat 4.1 (2017-01-24)
/config.img has 64 heads and 32 sectors per track,
hidden sectors 0x0000;
logical sector size is 512,
using 0xf8 media descriptor, with 2048 sectors;
drive number 0x80;
filesystem has 2 12-bit FATs and 4 sectors per cluster.
FAT size is 2 sectors, and provides 502 clusters.
There is 1 reserved sector.
Root directory contains 512 slots and uses 32 sectors.
Volume ID is 5d699384, volume label ZEDEDA     .
+ mcopy -i /config.img -s /conf/onboard.cert.pem /conf/onboard.key.pem /conf/root-certificate.pem /conf/server /conf/server.production /conf/wpa_supplicant.conf ::/
docker pull zededa/zedctr:05d45b0b36da2151b78b792974d4556c69c331a9-arm64 >/dev/null 2>&1 || : ;\
if ! docker inspect zededa/zedctr:05d45b0b36da2151b78b792974d4556c69c331a9-arm64 >/dev/null 2>&1 ; then \
  if [ aarch64 != $(uname -m) ] ; then \
    ZENIX_HASH= DOCKER_ARCH_TAG=arm64 ./parse-pkgs.sh < pkg/zedctr/Dockerfile.cross.in > pkg/zedctr/Dockerfile ;\
    PKG_HASH=`mktemp -u XXXXXXXXXX` ;\
    make -C pkg PKGS=zedctr RESCAN_DEPS="" LINUXKIT_OPTS="--disable-content-trust --force --disable-cache --hash $PKG_HASH" push ;\
    PKG_HASH=zededa/zedctr:$PKG_HASH ;\
    docker tag $PKG_HASH zededa/zedctr:05d45b0b36da2151b78b792974d4556c69c331a9-arm64 ;\
    docker rmi $PKG_HASH $PKG_HASH-arm64 ;\
  else \
    make -C pkg PKGS=zedctr LINUXKIT_OPTS="--disable-content-trust --force --disable-cache --hash 05d45b0b36da2151b78b792974d4556c69c331a9" push ;\
  fi ;\
fi
make[1]: Entering directory '/home/zededa-ci/src/zenbuild/pkg'
(cd ..; ./parse-pkgs.sh pkg/zedctr//Dockerfile.in > pkg/zedctr//Dockerfile)
snapshot-arm64: Pulling from zededa/ztools
Digest: sha256:d855dcb284da47b0a2ede491cfb8d180b9e5c087736002c22e57a18d79d6327a
Status: Image is up to date for zededa/ztools:snapshot-arm64
snapshot-arm64: Pulling from zededa/lisp
Digest: sha256:fd659f2d57f6b46cf6c58ecfebabcdc883f8296affe94724bb04965d6930abcb
Status: Image is up to date for zededa/lisp:snapshot-arm64
Building and pushing "zededa/zedctr:05d45b0b36da2151b78b792974d4556c69c331a9"
Sending build context to Docker daemon  22.53kB
Step 1/27 : FROM zededa/ztools@sha256:beb954f124eb087f838d664e8186521b919b79e660a83fcae3c8aa8eb160316f as ztools
 ---> 98d574ac6462
Step 2/27 : FROM zededa/lisp@sha256:fd659f2d57f6b46cf6c58ecfebabcdc883f8296affe94724bb04965d6930abcb as lisp
 ---> 1c5716d322e6
Step 3/27 : FROM zededa/xen-tools:9c96b441d083d7ef7bcb602bf009fa91bd7ebbf2-arm64 as xen-tools
 ---> 194a0d29c96f
Step 4/27 : FROM zededa/dnsmasq:c5985cdd83998d06255fe115d230a280c6928f1b-arm64 as dnsmasq
 ---> 85ce87902c8e
Step 5/27 : FROM zededa/strongswan:8f5ee3b98aa3ea49a9a4231baac9be933d6155ec-arm64 as strongswan
 ---> 2e11606a1b07
Step 6/27 : FROM zededa/gpt-tools:fe878611e4e032ea10946cbc9a1c3d5b22349dc4-arm64 as gpttools
 ---> 245b06fc67fd
Step 7/27 : FROM zededa/watchdog:2aea3af274e4928d2eab2b738d0e100ee5362173-arm64 as watchdog
 ---> 2682e16114b6
Step 8/27 : FROM alpine:3.8
 ---> 0db038343fbd
Step 9/27 : RUN apk add --no-cache     yajl xz bash openssl iptables ip6tables iproute2 dhcpcd     apk-cron coreutils dmidecode sudo libbz2 libuuid ipset     libpcap libaio logrotate pixman glib curl radvd perl ethtool     openssh-server util-linux e2fsprogs libcrypto1.0 xorriso
 ---> Running in 2f5c502b91cf
fetch http://dl-cdn.alpinelinux.org/alpine/v3.8/main/aarch64/APKINDEX.tar.gz
fetch http://dl-cdn.alpinelinux.org/alpine/v3.8/community/aarch64/APKINDEX.tar.gz
(1/62) Installing apk-cron (1.0-r1)
(2/62) Installing ncurses-terminfo-base (6.1_p20180818-r1)
(3/62) Installing ncurses-terminfo (6.1_p20180818-r1)
(4/62) Installing ncurses-libs (6.1_p20180818-r1)
(5/62) Installing readline (7.0.003-r0)
(6/62) Installing bash (4.4.19-r1)
Executing bash-4.4.19-r1.post-install
(7/62) Installing libattr (2.4.47-r7)
(8/62) Installing libacl (2.2.52-r5)
(9/62) Installing coreutils (8.29-r2)
(10/62) Installing ca-certificates (20171114-r3)
(11/62) Installing nghttp2-libs (1.32.0-r0)
(12/62) Installing libssh2 (1.8.0-r3)
(13/62) Installing libcurl (7.61.1-r2)
(14/62) Installing curl (7.61.1-r2)
(15/62) Installing dhcpcd (7.0.7-r0)
(16/62) Installing dmidecode (3.1-r0)
(17/62) Installing libuuid (2.32-r0)
(18/62) Installing libblkid (2.32-r0)
(19/62) Installing libcom_err (1.44.2-r0)
(20/62) Installing e2fsprogs-libs (1.44.2-r0)
(21/62) Installing e2fsprogs (1.44.2-r0)
(22/62) Installing ethtool (4.16-r0)
(23/62) Installing libffi (3.2.1-r4)
(24/62) Installing libintl (0.19.8.1-r2)
(25/62) Installing libmount (2.32-r0)
(26/62) Installing pcre (8.42-r0)
(27/62) Installing glib (2.56.1-r0)
(28/62) Installing libmnl (1.0.4-r0)
(29/62) Installing jansson (2.11-r0)
(30/62) Installing libnftnl-libs (1.1.1-r0)
(31/62) Installing iptables (1.6.2-r0)
(32/62) Installing ip6tables (1.6.2-r0)
(33/62) Installing libelf (0.8.13-r3)
(34/62) Installing iproute2 (4.13.0-r0)
Executing iproute2-4.13.0-r0.post-install
(35/62) Installing ipset (6.38-r1)
(36/62) Installing libaio (0.3.111-r0)
(37/62) Installing libbz2 (1.0.6-r6)
(38/62) Installing libcrypto1.0 (1.0.2r-r0)
(39/62) Installing libpcap (1.8.1-r1)
(40/62) Installing popt (1.16-r7)
(41/62) Installing logrotate (3.14.0-r0)
(42/62) Installing openssh-keygen (7.7_p1-r4)
(43/62) Installing openssh-server-common (7.7_p1-r4)
(44/62) Installing openssh-server (7.7_p1-r4)
(45/62) Installing libssl1.0 (1.0.2r-r0)
(46/62) Installing openssl (1.0.2r-r0)
(47/62) Installing perl (5.26.3-r0)
(48/62) Installing pixman (0.34.0-r5)
(49/62) Installing radvd (2.17-r2)
Executing radvd-2.17-r2.pre-install
(50/62) Installing sudo (1.8.23-r2)
(51/62) Installing libsmartcols (2.32-r0)
(52/62) Installing findmnt (2.32-r0)
(53/62) Installing libfdisk (2.32-r0)
(54/62) Installing util-linux (2.32-r0)
(55/62) Installing libburn (1.4.8-r0)
(56/62) Installing libedit (20170329.3.1-r3)
(57/62) Installing libisofs (1.4.8-r0)
(58/62) Installing libisoburn (1.4.8-r0)
(59/62) Installing xorriso (1.4.8-r0)
(60/62) Installing xz-libs (5.2.4-r0)
(61/62) Installing xz (5.2.4-r0)
(62/62) Installing yajl (2.1.0-r0)
Executing busybox-1.28.4-r2.trigger
Executing ca-certificates-20171114-r3.trigger
Executing glib-2.56.1-r0.trigger
OK: 72 MiB in 75 packages
 ---> 2027a7a71d55
Removing intermediate container 2f5c502b91cf
Step 10/27 : RUN [ `uname -m` = "aarch64" ] && apk add --no-cache libfdt || :
 ---> Running in dcdeb578f53e
fetch http://dl-cdn.alpinelinux.org/alpine/v3.8/main/aarch64/APKINDEX.tar.gz
fetch http://dl-cdn.alpinelinux.org/alpine/v3.8/community/aarch64/APKINDEX.tar.gz
(1/1) Installing libfdt (1.4.4-r0)
OK: 72 MiB in 76 packages
 ---> f1e863f395ce
Removing intermediate container dcdeb578f53e
Step 11/27 : RUN ln -s libpcap.so.1 /usr/lib/libpcap.so
 ---> Running in 8b7d287072c5
 ---> dfb3b42077a4
Removing intermediate container 8b7d287072c5
Step 12/27 : RUN ssh-keygen -A ; echo PermitRootLogin yes >> /etc/ssh/sshd_config ; sed -ie '/^root/s#^.*$#root:$6$Ndt1G5AYZFQ8rz7m$7vGZMKKotSYxwxk/.jMfuOCzxw0I3DNedygaQaLF7kYSYsLqiBHhmc8RJSXp8/VxSYPpgYSz/8fkv0hO6I4js.:17477:0:::::#' /etc/shadow
 ---> Running in 0aa2b0c28a40
ssh-keygen: generating new host keys: RSA DSA ECDSA ED25519 
 ---> 35515a5ba3ab
Removing intermediate container 0aa2b0c28a40
Step 13/27 : COPY --from=xen-tools / /
 ---> 6ca71242f99a
Step 14/27 : COPY --from=ztools / /
 ---> 49c1c8bb6339
Step 15/27 : COPY --from=lisp /lisp/lisp-ztr /opt/zededa/bin/
 ---> 000a874359a6
Step 16/27 : COPY --from=lisp /lisp /opt/zededa/lisp/
 ---> 6840cb8dc1b6
Step 17/27 : COPY --from=lisp /usr/bin/pydoc /usr/bin/smtpd.py /usr/bin/python* /usr/bin/
 ---> 968704c6bf03
Step 18/27 : COPY --from=lisp /usr/lib/libpython* /usr/lib/libffi.so* /usr/lib/
 ---> 086d696c0280
Step 19/27 : COPY --from=lisp /usr/lib/python2.7 /usr/lib/python2.7/
 ---> 9a466c42ed3d
Step 20/27 : COPY --from=gpttools / /
 ---> a25132d3396f
Step 21/27 : COPY --from=dnsmasq /usr/sbin/dnsmasq /opt/zededa/bin/dnsmasq
 ---> 80b09e519593
Step 22/27 : COPY --from=strongswan / /
 ---> 1775e015e821
Step 23/27 : COPY --from=watchdog /usr/sbin /usr/sbin
 ---> c97a513d11f5
Step 24/27 : COPY rootfs/ /
 ---> 616f920609d6
Step 25/27 : RUN chmod 644 /etc/logrotate.d/zededa
 ---> Running in defdb287cb97
 ---> 122a3ac53211
Removing intermediate container defdb287cb97
Step 26/27 : CMD /init.sh
 ---> Running in 879d7f0fcbf7
 ---> 74ccd74eaf51
Removing intermediate container 879d7f0fcbf7
Step 27/27 : LABEL org.mobyproject.config '{"capabilities":["all"],"binds":["/lib/modules:/lib/modules","/dev:/dev","/etc/resolv.conf:/etc/resolv.conf","/run:/run","/var/config:/config","/var/log:/var/log/dom0","/:/hostfs"],"net":"host","pid":"host"}' org.mobyproject.linuxkit.revision 'unknown' org.mobyproject.linuxkit.version 'unknown' org.opencontainers.image.revision 'a7a6e5cf760c3c9c599d0e6046a4cab610fde07c' org.opencontainers.image.source 'https://github.com/linuxkit/linuxkit'
 ---> Running in ff72efa74cda
 ---> 00346cf66725
Removing intermediate container ff72efa74cda
Successfully built 00346cf66725
Successfully tagged zededa/zedctr:05d45b0b36da2151b78b792974d4556c69c331a9-arm64
Pushing zededa/zedctr:05d45b0b36da2151b78b792974d4556c69c331a9-arm64
The push refers to a repository [docker.io/zededa/zedctr]
c6b93c3f96dc: Preparing
e8d7c306ccd0: Preparing
c2c99f72275e: Preparing
8a49529e9244: Preparing
543b981cbc5d: Preparing
abde31f38c02: Preparing
b885ad3b2dbe: Preparing
0f69609c4632: Preparing
2e44d1244b0e: Preparing
f02a4f58c895: Preparing
9663eef5d8f3: Preparing
400d5a602195: Preparing
33de1301e929: Preparing
7facdef5f547: Preparing
40b7415d07b1: Preparing
b19934da3a82: Preparing
82fe62b38ba2: Preparing
92d7b4d0b33c: Preparing
abde31f38c02: Waiting
b885ad3b2dbe: Waiting
0f69609c4632: Waiting
2e44d1244b0e: Waiting
f02a4f58c895: Waiting
9663eef5d8f3: Waiting
400d5a602195: Waiting
82fe62b38ba2: Waiting
33de1301e929: Waiting
92d7b4d0b33c: Waiting
7facdef5f547: Waiting
b19934da3a82: Waiting
40b7415d07b1: Waiting
c2c99f72275e: Layer already exists
c6b93c3f96dc: Layer already exists
543b981cbc5d: Layer already exists
e8d7c306ccd0: Pushed
8a49529e9244: Pushed
0f69609c4632: Pushed
b885ad3b2dbe: Pushed
9663eef5d8f3: Layer already exists
400d5a602195: Layer already exists
33de1301e929: Pushed
7facdef5f547: Pushed
f02a4f58c895: Pushed
2e44d1244b0e: Pushed
82fe62b38ba2: Layer already exists
92d7b4d0b33c: Layer already exists
40b7415d07b1: Pushed
abde31f38c02: Pushed
b19934da3a82: Pushed
05d45b0b36da2151b78b792974d4556c69c331a9-arm64: digest: sha256:727c204773eeee28a358b8d0ad11e9cba1cf459a03dec4de204ed94e65fe100b size: 4099
Pushing zededa/zedctr:05d45b0b36da2151b78b792974d4556c69c331a9-arm64 to manifest zededa/zedctr:05d45b0b36da2151b78b792974d4556c69c331a9
time="2019-03-09T08:07:50+01:00" level=warning msg="Couldn't find or access image reference \"zededa/zedctr:05d45b0b36da2151b78b792974d4556c69c331a9-amd64\". Skipping image."
time="2019-03-09T08:07:53+01:00" level=warning msg="Couldn't find or access image reference \"zededa/zedctr:05d45b0b36da2151b78b792974d4556c69c331a9-s390x\". Skipping image."
Digest: sha256:e57d1f5c494cdd3a79ae361dd1f7813305f38bda570df020a59569d3d45271da 434
Not signing zededa/zedctr:05d45b0b36da2151b78b792974d4556c69c331a9
Build and push complete, not releasing, all done.
make[1]: Leaving directory '/home/zededa-ci/src/zenbuild/pkg'
ZENIX_HASH= DOCKER_ARCH_TAG=arm64 ./parse-pkgs.sh images/installer.yml.in > images/installer.yml
snapshot-arm64: Pulling from zededa/ztools
Digest: sha256:d855dcb284da47b0a2ede491cfb8d180b9e5c087736002c22e57a18d79d6327a
Status: Image is up to date for zededa/ztools:snapshot-arm64
snapshot-arm64: Pulling from zededa/lisp
Digest: sha256:fd659f2d57f6b46cf6c58ecfebabcdc883f8296affe94724bb04965d6930abcb
Status: Image is up to date for zededa/lisp:snapshot-arm64
ZENIX_HASH= DOCKER_ARCH_TAG=arm64 ./parse-pkgs.sh images/rootfs.yml.in > images/rootfs.yml
snapshot-arm64: Pulling from zededa/ztools
Digest: sha256:d855dcb284da47b0a2ede491cfb8d180b9e5c087736002c22e57a18d79d6327a
Status: Image is up to date for zededa/ztools:snapshot-arm64
snapshot-arm64: Pulling from zededa/lisp
Digest: sha256:fd659f2d57f6b46cf6c58ecfebabcdc883f8296affe94724bb04965d6930abcb
Status: Image is up to date for zededa/lisp:snapshot-arm64
./makerootfs.sh images/rootfs.yml squash rootfs_aarch64.img
Extract kernel image: zededa/kernel:7cfa13614bb99a84030db209b6c9a0696c7d3315-arm64
Add init containers:
Process init image: zededa/grub:97e7b1404e7c9d141eddb58294fcff019f61571b-arm64
Process init image: zededa/device-trees:18377dd0bc3c33a1602e94a4c43aa0b3c51badb9-arm64
Process init image: zededa/fw:1d8c22ae31c42d767ba648b186db4ea967a9c569-arm64
Process init image: zededa/xen:f51bf3d17fad15b71242befbddec96e177132a99-arm64
Process init image: zededa/gpt-tools:fe878611e4e032ea10946cbc9a1c3d5b22349dc4-arm64
Process init image: zededa/dom0-ztools:b53cd1b5785c128371a5997e3a6e16007718c12d-arm64
Process init image: linuxkit/init:v0.5-arm64
Process init image: linuxkit/runc:v0.5-arm64
Process init image: linuxkit/containerd:v0.5-arm64
Process init image: linuxkit/getty:v0.5-arm64
Add onboot containers:
  Create OCI config for linuxkit/sysctl:v0.5-arm64
  Create OCI config for linuxkit/modprobe:v0.5-arm64
  Create OCI config for linuxkit/mount:v0.5-arm64
  Create OCI config for zededa/rngd:5adb10a552c07513159777bd022ac58e23d59272-arm64
Add service containers:
  Create OCI config for linuxkit/openntpd:v0.5-arm64
  Create OCI config for zededa/wwan:5f68442251df0f2625fde14e947f11de2374b72d-arm64
  Create OCI config for zededa/wlan:8aa66e76c276b97d1141801d3f461e2b3f8f8f97-arm64
  Create OCI config for zededa/guacd:85a2add30bae37777d3d4f3f17a528fe8db88e96-arm64
  Create OCI config for zededa/zedctr:05d45b0b36da2151b78b792974d4556c69c331a9-arm64
Add files:
  /containers/services/zededa-tools/lower/opt/zededa/bin/versioninfo
Parallel mksquashfs: Using 4 processors
Creating 4.0 filesystem on /rootfs.img, block size 131072.
[/                                                           ]     0/18165   0%[===========\                                                ]  3600/18165  19%[==============/                                             ]  4600/18165  25%[===========================================================/] 18165/18165 100%

Exportable Squashfs 4.0 filesystem, gzip compressed, data block size 131072
	compressed data, compressed metadata, compressed fragments, compressed xattrs
	duplicates are removed
Filesystem size 210163.67 Kbytes (205.24 Mbytes)
	31.64% of uncompressed filesystem size (664321.41 Kbytes)
Inode table size 190043 bytes (185.59 Kbytes)
	26.20% of uncompressed inode table size (725471 bytes)
Directory table size 195311 bytes (190.73 Kbytes)
	45.07% of uncompressed directory table size (433386 bytes)
Number of duplicate files found 4492
Number of inodes 19177
Number of files 14077
Number of fragments 751
Number of symbolic links  3454
Number of device nodes 8
Number of fifo nodes 0
Number of socket nodes 0
Number of directories 1638
Number of ids (unique uids + gids) 3
Number of uids 1
	root (0)
Number of gids 3
	root (0)
	shadow (42)
	tty (5)
./makeiso.sh images/installer.yml installer_aarch64.iso
Extract kernel image: zededa/kernel:7cfa13614bb99a84030db209b6c9a0696c7d3315-arm64
Add init containers:
Process init image: zededa/grub:97e7b1404e7c9d141eddb58294fcff019f61571b-arm64
Process init image: zededa/device-trees:18377dd0bc3c33a1602e94a4c43aa0b3c51badb9-arm64
Process init image: zededa/xen:f51bf3d17fad15b71242befbddec96e177132a99-arm64
Process init image: zededa/dom0-ztools:b53cd1b5785c128371a5997e3a6e16007718c12d-arm64
Process init image: linuxkit/init:v0.5-arm64
Process init image: linuxkit/runc:v0.5-arm64
Process init image: linuxkit/getty:v0.5-arm64
Add onboot containers:
  Create OCI config for zededa/rngd:5adb10a552c07513159777bd022ac58e23d59272-arm64
  Create OCI config for zededa/mkimage-raw-efi:9902ef2da5f2290c01c570d2c2e3a3e084e0ce57-arm64
Add files:
  /bits/config.img
  /bits/rootfs.img
xorriso 1.4.6 : RockRidge filesystem manipulator, libburnia project.

Drive current: -outdev 'stdio:linuxkit-efi.iso'
Media current: stdio file, overwriteable
Media status : is blank
Media summary: 0 sessions, 0 data blocks, 0 data,  840g free
Added to ISO image: directory '/'='/tmp/efi'
xorriso : UPDATE : 7732 files added in 1 seconds
xorriso : UPDATE : 7732 files added in 1 seconds
libisofs: NOTE : Cannot arrange content of data files in surely reproducible way
xorriso : UPDATE :  4.04% done
xorriso : UPDATE :  64.64% done
ISO image produced: 246788 sectors
Written to medium : 246788 sectors at LBA 0
Writing to 'stdio:linuxkit-efi.iso' completed successfully.

./makerootfs.sh images/installer.yml squash rootfs_aarch64.img_installer.img
Extract kernel image: zededa/kernel:7cfa13614bb99a84030db209b6c9a0696c7d3315-arm64
Add init containers:
Process init image: zededa/grub:97e7b1404e7c9d141eddb58294fcff019f61571b-arm64
Process init image: zededa/device-trees:18377dd0bc3c33a1602e94a4c43aa0b3c51badb9-arm64
Process init image: zededa/xen:f51bf3d17fad15b71242befbddec96e177132a99-arm64
Process init image: zededa/dom0-ztools:b53cd1b5785c128371a5997e3a6e16007718c12d-arm64
Process init image: linuxkit/init:v0.5-arm64
Process init image: linuxkit/runc:v0.5-arm64
Process init image: linuxkit/getty:v0.5-arm64
Add onboot containers:
  Create OCI config for zededa/rngd:5adb10a552c07513159777bd022ac58e23d59272-arm64
  Create OCI config for zededa/mkimage-raw-efi:9902ef2da5f2290c01c570d2c2e3a3e084e0ce57-arm64
Add files:
  /bits/config.img
  /bits/rootfs.img
Parallel mksquashfs: Using 4 processors
Creating 4.0 filesystem on /rootfs.img, block size 131072.
[==============================-                               ] 4000/7878  50%[================================\                             ] 4200/7878  53%[======================================\                       ] 5000/7878  63%[=========================================\                    ] 5400/7878  68%[============================================/                 ] 5700/7878  72%[=============================================================-] 7878/7878 100%

Exportable Squashfs 4.0 filesystem, gzip compressed, data block size 131072
	compressed data, compressed metadata, compressed fragments, compressed xattrs
	duplicates are removed
Filesystem size 302815.56 Kbytes (295.72 Mbytes)
	62.27% of uncompressed filesystem size (486265.11 Kbytes)
Inode table size 66616 bytes (65.05 Kbytes)
	26.94% of uncompressed inode table size (247282 bytes)
Directory table size 66219 bytes (64.67 Kbytes)
	45.33% of uncompressed directory table size (146094 bytes)
Number of duplicate files found 1440
Number of inodes 5690
Number of files 4389
Number of fragments 152
Number of symbolic links  914
Number of device nodes 2
Number of fifo nodes 0
Number of socket nodes 0
Number of directories 385
Number of ids (unique uids + gids) 3
Number of uids 1
	root (0)
Number of gids 3
	root (0)
	shadow (42)
	tty (5)
tar c rootfs_aarch64.img_installer.img config.img | ./makeflash.sh -C 350 installer_aarch64.raw "efi imga conf_win"
1+0 records in
1+0 records out
1 byte copied, 0.000154433 s, 6.5 kB/s
Unknown (or unrecongnizable) GTP partition table on /output.img
Creating new GPT entries.
Warning: The kernel is still using the old partition table.
The new table will be used at the next reboot or after you
run partprobe(8) or kpartx(8)
The operation has completed successfully.
Setting name!
partNum is 0
Warning: The kernel is still using the old partition table.
The new table will be used at the next reboot or after you
run partprobe(8) or kpartx(8)
The operation has completed successfully.
Setting name!
partNum is 1
Warning: The kernel is still using the old partition table.
The new table will be used at the next reboot or after you
run partprobe(8) or kpartx(8)
The operation has completed successfully.
Setting name!
partNum is 3
Warning: The kernel is still using the old partition table.
The new table will be used at the next reboot or after you
run partprobe(8) or kpartx(8)
The operation has completed successfully.

No problems found. 96189 free sectors (47.0 MiB) available in 2
segments, the largest of which is 94175 (46.0 MiB) in size.
rm rootfs_aarch64.img_installer.img
tar c rootfs_aarch64.img config.img | ./makeflash.sh -C 8192 fallback_aarch64.raw
1+0 records in
1+0 records out
1 byte copied, 0.000154017 s, 6.5 kB/s
Unknown (or unrecongnizable) GTP partition table on /output.img
Creating new GPT entries.
Warning: The kernel is still using the old partition table.
The new table will be used at the next reboot or after you
run partprobe(8) or kpartx(8)
The operation has completed successfully.
Setting name!
partNum is 0
Warning: The kernel is still using the old partition table.
The new table will be used at the next reboot or after you
run partprobe(8) or kpartx(8)
The operation has completed successfully.
Setting name!
partNum is 1
Warning: The kernel is still using the old partition table.
The new table will be used at the next reboot or after you
run partprobe(8) or kpartx(8)
The operation has completed successfully.
Setting name!
partNum is 2
Warning: The kernel is still using the old partition table.
The new table will be used at the next reboot or after you
run partprobe(8) or kpartx(8)
The operation has completed successfully.
Setting name!
partNum is 3
Warning: The kernel is still using the old partition table.
The new table will be used at the next reboot or after you
run partprobe(8) or kpartx(8)
The operation has completed successfully.
Setting name!
partNum is 8
Warning: The kernel is still using the old partition table.
The new table will be used at the next reboot or after you
run partprobe(8) or kpartx(8)
The operation has completed successfully.

No problems found. 2014 free sectors (1007.0 KiB) available in 1
segments, the largest of which is 2014 (1007.0 KiB) in size.
qemu-img convert -c -f raw -O qcow2 fallback_aarch64.raw fallback_aarch64.qcow2
rm fallback_aarch64.raw
ln -s fallback_aarch64.qcow2 fallback_aarch64.img
cp Makefile bios/OVMF.fd config.img installer_aarch64.iso installer_aarch64.raw rootfs_aarch64.img fallback_aarch64.img images/rootfs.yml images/installer.yml build-pkgs/zenix
make -C build-pkgs BUILD-PKGS=zenix LINUXKIT_HASH="--hash 05d45b0b36da2151b78b792974d4556c69c331a9 --release snapshot" push
make[1]: Entering directory '/home/zededa-ci/src/zenbuild/build-pkgs'
Building and pushing "zededa/zenix:05d45b0b36da2151b78b792974d4556c69c331a9"
Error response from daemon: manifest for zededa/zenix:05d45b0b36da2151b78b792974d4556c69c331a9 not found
No image pulled, continuing with build
Sending build context to Docker daemon  1.307GB
Step 1/9 : FROM alpine:edge
 ---> a7881f1d3b63
Step 2/9 : RUN apk add --no-cache qemu-system-x86_64 qemu-system-aarch64 bash make git
 ---> Using cache
 ---> c7dd2e65d8d0
Step 3/9 : COPY . /bits/
 ---> 16d205402e74
Step 4/9 : COPY OVMF.fd /bits/bios/OVMF.fd
 ---> d1b0f8666fb2
Step 5/9 : COPY runme.sh /
 ---> 74854004dd2b
Step 6/9 : RUN touch /bits/bios/OVMF.fd
 ---> Running in 9da067db690b
 ---> be07996f1c59
Removing intermediate container 9da067db690b
Step 7/9 : WORKDIR /bits
 ---> de8e646040fa
Removing intermediate container b7f0a4294930
Step 8/9 : ENTRYPOINT /runme.sh
 ---> Running in 3f43124833f6
 ---> af8253d5bc14
Removing intermediate container 3f43124833f6
Step 9/9 : LABEL org.mobyproject.linuxkit.revision 'unknown' org.mobyproject.linuxkit.version 'unknown' org.opencontainers.image.revision 'a7a6e5cf760c3c9c599d0e6046a4cab610fde07c' org.opencontainers.image.source 'https://github.com/linuxkit/linuxkit'
 ---> Running in 09e82b8e3262
 ---> a0340c8e8a01
Removing intermediate container 09e82b8e3262
Successfully built a0340c8e8a01
Successfully tagged zededa/zenix:05d45b0b36da2151b78b792974d4556c69c331a9-arm64
Pushing zededa/zenix:05d45b0b36da2151b78b792974d4556c69c331a9-arm64
The push refers to a repository [docker.io/zededa/zenix]
22cb06d819ee: Preparing
c96588d795bb: Preparing
8976fb2331a5: Preparing
8ae0c0b126a2: Preparing
7ec4b1dbd042: Preparing
d4d04a8204b5: Preparing
2a2e682c36db: Preparing
d4d04a8204b5: Waiting
2a2e682c36db: Waiting
7ec4b1dbd042: Layer already exists
c96588d795bb: Layer already exists
d4d04a8204b5: Layer already exists
2a2e682c36db: Layer already exists
8976fb2331a5: Pushed
22cb06d819ee: Pushed
8ae0c0b126a2: Pushed
05d45b0b36da2151b78b792974d4556c69c331a9-arm64: digest: sha256:1b814c59975b05209c5700c68bda3346cd8571230e4db8db13be0aa68663b272 size: 1788
Pushing zededa/zenix:05d45b0b36da2151b78b792974d4556c69c331a9-arm64 to manifest zededa/zenix:05d45b0b36da2151b78b792974d4556c69c331a9
time="2019-03-09T08:23:37+01:00" level=warning msg="Couldn't find or access image reference \"zededa/zenix:05d45b0b36da2151b78b792974d4556c69c331a9-amd64\". Skipping image."
time="2019-03-09T08:23:40+01:00" level=warning msg="Couldn't find or access image reference \"zededa/zenix:05d45b0b36da2151b78b792974d4556c69c331a9-s390x\". Skipping image."
Digest: sha256:81bb462b7a0dac6f74b6024e961e0dd0d96d5ad0a8b15f38f434ef0b639ea751 434
Not signing zededa/zenix:05d45b0b36da2151b78b792974d4556c69c331a9
Tagging zededa/zenix:05d45b0b36da2151b78b792974d4556c69c331a9-arm64 as zededa/zenix:snapshot-arm64
Pushing zededa/zenix:snapshot-arm64
The push refers to a repository [docker.io/zededa/zenix]
22cb06d819ee: Preparing
c96588d795bb: Preparing
8976fb2331a5: Preparing
8ae0c0b126a2: Preparing
7ec4b1dbd042: Preparing
d4d04a8204b5: Preparing
2a2e682c36db: Preparing
d4d04a8204b5: Waiting
2a2e682c36db: Waiting
7ec4b1dbd042: Layer already exists
8976fb2331a5: Layer already exists
22cb06d819ee: Layer already exists
c96588d795bb: Layer already exists
d4d04a8204b5: Layer already exists
2a2e682c36db: Layer already exists
8ae0c0b126a2: Layer already exists
snapshot-arm64: digest: sha256:1b814c59975b05209c5700c68bda3346cd8571230e4db8db13be0aa68663b272 size: 1788
Pushing zededa/zenix:snapshot-arm64 to manifest zededa/zenix:snapshot
time="2019-03-09T08:24:24+01:00" level=warning msg="Couldn't find or access image reference \"zededa/zenix:snapshot-s390x\". Skipping image."
Digest: sha256:571fd6bb6f523445c98f391e9b8ee2527b8db646ea1b6b7947ba14dcec0033aa 743
Not signing zededa/zenix:snapshot
Build, push and release of "snapshot" complete, all done.
make[1]: Leaving directory '/home/zededa-ci/src/zenbuild/build-pkgs'
FINISHED
