From https://github.com/zededa/zenbuild
 * [new branch]      1.3        -> origin/1.3
 * [new tag]         1.2.0      -> 1.2.0
 * [new tag]         1.3.0      -> 1.3.0
Already up-to-date.
make -C build-tools all
make[1]: Entering directory '/home/zededa-ci/src/zenbuild/build-tools'
make[1]: Nothing to be done for 'all'.
make[1]: Leaving directory '/home/zededa-ci/src/zenbuild/build-tools'
From github.com:zededa/go-provision
   ffd39c93..fe531639  master        -> origin/master
 * [new branch]        1.3           -> origin/1.3
   132682e6..001ce848  fixes         -> origin/fixes
   bcb0a988..7e7d6110  kalyan-go-vet -> origin/kalyan-go-vet
 * [new tag]           1.3.0         -> 1.3.0
Updating ffd39c93..fe531639
Fast-forward
 Dockerfile                            | 20 +--------
 agentlog/agentlog.go                  |  7 +--
 cmd/client/client.go                  | 19 ++++----
 cmd/client/parseuuid.go               |  9 ++--
 cmd/domainmgr/domainmgr.go            |  6 +--
 cmd/downloader/downloader.go          | 15 ++++---
 cmd/zedagent/handlenetworkinstance.go | 35 +++++++++++++++
 cmd/zedrouter/networkinstance.go      | 35 +++++++++++++++
 cmd/zedrouter/pbr_linux.go            |  4 +-
 cmd/zedrouter/zedrouter.go            |  1 +
 types/zedroutertypes.go               | 82 +++++++++++++++++++++++++++++++++++
 11 files changed, 187 insertions(+), 46 deletions(-)
From github.com:zededa/lisp
   47cc28f..38b1002  master     -> origin/master
 * [new branch]      1.3        -> origin/1.3
 * [new tag]         1.2.2      -> 1.2.2
 * [new tag]         1.3.0      -> 1.3.0
Updating 47cc28f..38b1002
Fast-forward
 Gopkg.lock                                         |  18 +-
 dataplane/etr/etr.go                               |   2 +-
 .../go-windows-terminal-sequences/LICENSE          |   9 +
 .../go-windows-terminal-sequences/README.md        |  40 ++
 .../konsorten/go-windows-terminal-sequences/go.mod |   1 +
 .../go-windows-terminal-sequences/sequences.go     |  36 +
 vendor/github.com/sirupsen/logrus/.gitignore       |   1 +
 vendor/github.com/sirupsen/logrus/.travis.yml      |  59 +-
 vendor/github.com/sirupsen/logrus/CHANGELOG.md     |  54 ++
 vendor/github.com/sirupsen/logrus/README.md        |  37 +-
 vendor/github.com/sirupsen/logrus/alt_exit.go      |  18 +-
 vendor/github.com/sirupsen/logrus/entry.go         | 233 +++++--
 vendor/github.com/sirupsen/logrus/exported.go      |  40 +-
 vendor/github.com/sirupsen/logrus/formatter.go     |  33 +-
 vendor/github.com/sirupsen/logrus/go.mod           |  11 +
 vendor/github.com/sirupsen/logrus/go.sum           |  15 +
 .../github.com/sirupsen/logrus/json_formatter.go   |  44 +-
 vendor/github.com/sirupsen/logrus/logger.go        | 224 +++---
 vendor/github.com/sirupsen/logrus/logrus.go        |  75 +-
 vendor/github.com/sirupsen/logrus/terminal_bsd.go  |  10 -
 .../sirupsen/logrus/terminal_check_aix.go          |   9 +
 .../sirupsen/logrus/terminal_check_appengine.go    |   2 +-
 .../sirupsen/logrus/terminal_check_js.go           |  11 +
 .../sirupsen/logrus/terminal_check_notappengine.go |   2 +-
 .../sirupsen/logrus/terminal_check_windows.go      |  20 +
 .../github.com/sirupsen/logrus/terminal_linux.go   |  14 -
 .../sirupsen/logrus/terminal_notwindows.go         |   8 +
 .../github.com/sirupsen/logrus/terminal_windows.go |  18 +
 .../github.com/sirupsen/logrus/text_formatter.go   | 145 +++-
 vendor/github.com/sirupsen/logrus/writer.go        |   2 +
 .../zededa/go-provision/agentlog/agentlog.go       |  48 +-
 .../zededa/go-provision/agentlog/loglevel.go       |   1 +
 vendor/github.com/zededa/go-provision/cast/cast.go |  83 ++-
 .../zededa/go-provision/flextimer/flextimer.go     |  13 +-
 .../zededa/go-provision/pubsub/pubsub.go           |  67 +-
 .../go-provision/types/assignableadapters.go       |  62 +-
 .../zededa/go-provision/types/domainmgrtypes.go    |   2 +
 .../zededa/go-provision/types/downloadertypes.go   |  62 +-
 .../github.com/zededa/go-provision/types/global.go | 113 ++-
 .../zededa/go-provision/types/ifnametopci.go       |   2 +-
 .../zededa/go-provision/types/ledmanagertypes.go   |  15 +-
 .../zededa/go-provision/types/zboottypes.go        |  17 +
 .../zededa/go-provision/types/zedagenttypes.go     |   4 +
 .../zededa/go-provision/types/zedmanagertypes.go   |  10 +-
 .../zededa/go-provision/types/zedroutertypes.go    | 763 ++++++++++++++++-----
 .../go-provision/types/zedroutertypes_linux.go     |  12 +
 .../go-provision/types/zedroutertypes_macos.go     |   8 +
 .../go-provision/watch/handleconfigstatus.go       |   9 +-
 .../github.com/zededa/go-provision/zboot/zboot.go  |  23 +-
 .../zededa/go-provision/zboot/zboot_linux.go       |  21 +
 .../zededa/go-provision/zboot/zboot_macos.go       |  14 +
 51 files changed, 1993 insertions(+), 547 deletions(-)
 create mode 100644 vendor/github.com/konsorten/go-windows-terminal-sequences/LICENSE
 create mode 100644 vendor/github.com/konsorten/go-windows-terminal-sequences/README.md
 create mode 100644 vendor/github.com/konsorten/go-windows-terminal-sequences/go.mod
 create mode 100644 vendor/github.com/konsorten/go-windows-terminal-sequences/sequences.go
 create mode 100644 vendor/github.com/sirupsen/logrus/go.mod
 create mode 100644 vendor/github.com/sirupsen/logrus/go.sum
 delete mode 100644 vendor/github.com/sirupsen/logrus/terminal_bsd.go
 create mode 100644 vendor/github.com/sirupsen/logrus/terminal_check_aix.go
 create mode 100644 vendor/github.com/sirupsen/logrus/terminal_check_js.go
 create mode 100644 vendor/github.com/sirupsen/logrus/terminal_check_windows.go
 delete mode 100644 vendor/github.com/sirupsen/logrus/terminal_linux.go
 create mode 100644 vendor/github.com/sirupsen/logrus/terminal_notwindows.go
 create mode 100644 vendor/github.com/sirupsen/logrus/terminal_windows.go
 create mode 100644 vendor/github.com/zededa/go-provision/types/zboottypes.go
 create mode 100644 vendor/github.com/zededa/go-provision/types/zedroutertypes_linux.go
 create mode 100644 vendor/github.com/zededa/go-provision/types/zedroutertypes_macos.go
 create mode 100644 vendor/github.com/zededa/go-provision/zboot/zboot_linux.go
 create mode 100644 vendor/github.com/zededa/go-provision/zboot/zboot_macos.go
Building and pushing "zededa/lisp:eed781e41c27df9812f9f4aabc6e9b9653338f05"
eed781e41c27df9812f9f4aabc6e9b9653338f05: Pulling from zededa/lisp
no matching manifest for linux/arm64 in the manifest list entries
No image pulled, continuing with build
Sending build context to Docker daemon  13.42MB
Step 1/24 : FROM golang:1.9.1-alpine AS go-build
 ---> cc52d0ad4cce
Step 2/24 : RUN apk update
 ---> Using cache
 ---> d0d319b88ab5
Step 3/24 : RUN apk add --no-cache git gcc linux-headers libc-dev libpcap-dev
 ---> Using cache
 ---> b0f64166d21e
Step 4/24 : ADD . /go/src/github.com/zededa/lisp
 ---> f1fa3ab74944
Step 5/24 : RUN go install github.com/zededa/lisp/cmd/...
 ---> Running in 0c2f0df975c1
 ---> f6ecad1d33ff
Removing intermediate container 0c2f0df975c1
Step 6/24 : FROM alpine:3.8 AS lisp-build
 ---> 0db038343fbd
Step 7/24 : ENV LISP_VERSION release-0.488
 ---> Using cache
 ---> dd9572270e46
Step 8/24 : RUN apk add --no-cache py2-pyflakes py2-setuptools && ln -s pyflakes-2 /usr/bin/pyflakes
 ---> Using cache
 ---> de9975fa460e
Step 9/24 : ADD https://github.com/farinacci/lispers.net/archive/${LISP_VERSION}.tar.gz /tmp/

 ---> Using cache
 ---> b9f4d5360e43
Step 10/24 : RUN tar -C /tmp -xzvf /tmp/${LISP_VERSION}.tar.gz
 ---> Using cache
 ---> d074b6566c00
Step 11/24 : RUN cd /tmp/lispers.net-${LISP_VERSION}/build &&     sed -ie '/obfuscate_on = True/s/True/False/' make-release.py &&     python make-release.py dev &&     mkdir /lisp ; tar -C /lisp -xzvf latest/lispers.net.tgz
 ---> Running in 87502e6cfd03
Build does not support cpu type aarch64
[91mtar: can't change directory to '/lisp': No such file or directory
[0mThe command '/bin/sh -c cd /tmp/lispers.net-${LISP_VERSION}/build &&     sed -ie '/obfuscate_on = True/s/True/False/' make-release.py &&     python make-release.py dev &&     mkdir /lisp ; tar -C /lisp -xzvf latest/lispers.net.tgz' returned a non-zero code: 1
exit status 1
Building and pushing "zededa/lisp:latest"
Sending build context to Docker daemon  13.42MB
Step 1/24 : FROM golang:1.9.1-alpine AS go-build
 ---> cc52d0ad4cce
Step 2/24 : RUN apk update
 ---> Using cache
 ---> d0d319b88ab5
Step 3/24 : RUN apk add --no-cache git gcc linux-headers libc-dev libpcap-dev
 ---> Using cache
 ---> b0f64166d21e
Step 4/24 : ADD . /go/src/github.com/zededa/lisp
 ---> Using cache
 ---> f1fa3ab74944
Step 5/24 : RUN go install github.com/zededa/lisp/cmd/...
 ---> Using cache
 ---> f6ecad1d33ff
Step 6/24 : FROM alpine:3.8 AS lisp-build
 ---> 0db038343fbd
Step 7/24 : ENV LISP_VERSION release-0.488
 ---> Using cache
 ---> dd9572270e46
Step 8/24 : RUN apk add --no-cache py2-pyflakes py2-setuptools && ln -s pyflakes-2 /usr/bin/pyflakes
 ---> Using cache
 ---> de9975fa460e
Step 9/24 : ADD https://github.com/farinacci/lispers.net/archive/${LISP_VERSION}.tar.gz /tmp/

 ---> Using cache
 ---> b9f4d5360e43
Step 10/24 : RUN tar -C /tmp -xzvf /tmp/${LISP_VERSION}.tar.gz
 ---> Using cache
 ---> d074b6566c00
Step 11/24 : RUN cd /tmp/lispers.net-${LISP_VERSION}/build &&     sed -ie '/obfuscate_on = True/s/True/False/' make-release.py &&     python make-release.py dev &&     mkdir /lisp ; tar -C /lisp -xzvf latest/lispers.net.tgz
 ---> Running in 8bc608a73bfd
Build does not support cpu type aarch64
[91mtar: can't change directory to '/lisp': No such file or directory
[0mThe command '/bin/sh -c cd /tmp/lispers.net-${LISP_VERSION}/build &&     sed -ie '/obfuscate_on = True/s/True/False/' make-release.py &&     python make-release.py dev &&     mkdir /lisp ; tar -C /lisp -xzvf latest/lispers.net.tgz' returned a non-zero code: 1
exit status 1
Building and pushing "zededa/ztools:f07b11be9b7961f0b28c71282335a3ce01928cb5"
f07b11be9b7961f0b28c71282335a3ce01928cb5: Pulling from zededa/ztools
no matching manifest for linux/arm64 in the manifest list entries
No image pulled, continuing with build
Sending build context to Docker daemon  69.98MB
Step 1/30 : FROM golang:1.9.1-alpine AS build
 ---> cc52d0ad4cce
Step 2/30 : RUN apk update
 ---> Using cache
 ---> d0d319b88ab5
Step 3/30 : RUN apk add --no-cache git gcc linux-headers libc-dev util-linux
 ---> Using cache
 ---> d1eee840b78f
Step 4/30 : ENV CGO_ENABLED 1
 ---> Using cache
 ---> 43f5b37f3ea0
Step 5/30 : ARG GOARCH=
 ---> Using cache
 ---> 2f6ef9c7a071
Step 6/30 : ARG CROSS_GCC=https://musl.cc/aarch64-linux-musleabi-cross.tgz
 ---> Using cache
 ---> a88acb4b4a36
Step 7/30 : RUN [ -z "$GOARCH" ] || (cd / ; apk add --no-cache wget && wget -O - $CROSS_GCC | tar xzvf -)
 ---> Using cache
 ---> 088a47cef319
Step 8/30 : ADD ./ /go/src/github.com/zededa/go-provision/
 ---> cfbd482fe3b1
Step 9/30 : ADD etc /config
 ---> 75c64cbf0314
Step 10/30 : ADD scripts/device-steps.sh scripts/find-uplink.sh scripts/generate-device.sh scripts/generate-self-signed.sh scripts/handlezedserverconfig.sh /opt/zededa/bin/
 ---> e4056934c805
Step 11/30 : ADD examples /opt/zededa/examples
 ---> a4b983ce2873
Step 12/30 : ADD AssignableAdapters /var/tmp/zededa/AssignableAdapters
 ---> 367d4cb0586b
Step 13/30 : ADD DeviceNetworkConfig /var/tmp/zededa/DeviceNetworkConfig
 ---> 26e88ab12448
Step 14/30 : ADD lisp.config.base /var/tmp/zededa/lisp.config.base
 ---> 1a6081f66074
Step 15/30 : RUN (cd ./src/github.com/zededa/go-provision/; scripts/getversion.sh >/opt/zededa/bin/versioninfo)
 ---> Running in cbf6b4dc4bce
 ---> 46063d86e9e5
Removing intermediate container cbf6b4dc4bce
Step 16/30 : RUN cp /opt/zededa/bin/versioninfo /opt/zededa/bin/versioninfo.1
 ---> Running in f770eb73afb8
 ---> 09eca56a1d65
Removing intermediate container f770eb73afb8
Step 17/30 : RUN echo Building: `cat /opt/zededa/bin/versioninfo`
 ---> Running in 705400c4d5c7
Building: 20180314-test-fe531639-2019-02-08.07.01
 ---> e188679b7472
Removing intermediate container 705400c4d5c7
Step 18/30 : RUN [ -z "$GOARCH" ] || export CC=$(echo /*-cross/bin/*-gcc)           ;    go install github.com/zededa/go-provision/zedbox/... &&     echo "Running go vet" && go vet ./... &&     if [ -f /go/bin/*/zedbox ] ; then mv /go/bin/*/zedbox /go/bin ; fi
 ---> Running in d06be42b6c19
Running go vet
 ---> d27b12749c2c
Removing intermediate container d06be42b6c19
Step 19/30 : RUN ln -s /go/bin/zedbox /opt/zededa/bin/zedbox ;    for app in         client domainmgr downloader hardwaremodel identitymgr ledmanager       logmanager verifier zedagent zedmanager zedrouter ipcmonitor nim       waitforaddr diag baseosmgr wstunnelclient conntrack;    do ln -s zedbox /opt/zededa/bin/$app ; done
 ---> Running in e25c8a69154e
 ---> 30bb0cb26801
Removing intermediate container e25c8a69154e
Step 20/30 : FROM scratch
 ---> 
Step 21/30 : COPY --from=build /opt/zededa/bin /opt/zededa/bin
 ---> cb582a21fad4
Step 22/30 : COPY --from=build /opt/zededa/examples /opt/zededa/examples
 ---> 51e89ed478cd
Step 23/30 : COPY --from=build /var/tmp/zededa/AssignableAdapters /var/tmp/zededa/AssignableAdapters
 ---> 74645a884ba8
Step 24/30 : COPY --from=build /var/tmp/zededa/DeviceNetworkConfig /var/tmp/zededa/DeviceNetworkConfig
 ---> 730bcc25d4c6
Step 25/30 : COPY --from=build /var/tmp/zededa/lisp.config.base /var/tmp/zededa/lisp.config.base
 ---> 3871f46026a2
Step 26/30 : COPY --from=build /config /opt/zededa/examples/config
 ---> eec5505f61a9
Step 27/30 : COPY --from=build /go/bin/* /opt/zededa/bin/
 ---> 935fafff509f
Step 28/30 : WORKDIR /opt/zededa/bin
 ---> a168fce8dcc1
Removing intermediate container 210d0c234271
Step 29/30 : CMD /bin/ash
 ---> Running in f311b313cc7c
 ---> 807d22cf5491
Removing intermediate container f311b313cc7c
Step 30/30 : LABEL org.mobyproject.linuxkit.revision 'unknown' org.mobyproject.linuxkit.version 'unknown' org.opencontainers.image.revision 'fe5316391b1cf42f62cb64dd5cdb6161ec00085e' org.opencontainers.image.source 'https://github.com/linuxkit/linuxkit'
 ---> Running in 05eeb0a2f380
 ---> 8b93b3509c51
Removing intermediate container 05eeb0a2f380
Successfully built 8b93b3509c51
Successfully tagged zededa/ztools:f07b11be9b7961f0b28c71282335a3ce01928cb5-arm64
Pushing zededa/ztools:f07b11be9b7961f0b28c71282335a3ce01928cb5-arm64
The push refers to a repository [docker.io/zededa/ztools]
383e6f5e4ea3: Preparing
426e8d5cd24c: Preparing
3fb6c2c4ed2f: Preparing
0320b9ec1f97: Preparing
0b54d1135195: Preparing
05fc04b9f075: Preparing
bfe40fd2c886: Preparing
05fc04b9f075: Waiting
bfe40fd2c886: Waiting
426e8d5cd24c: Pushed
0b54d1135195: Pushed
0320b9ec1f97: Pushed
3fb6c2c4ed2f: Pushed
05fc04b9f075: Pushed
bfe40fd2c886: Pushed
383e6f5e4ea3: Pushed
f07b11be9b7961f0b28c71282335a3ce01928cb5-arm64: digest: sha256:54c7577f3915fc0c36652f911a60458850364bb15db404232d2589c45cc7d529 size: 1775
Pushing zededa/ztools:f07b11be9b7961f0b28c71282335a3ce01928cb5-arm64 to manifest zededa/ztools:f07b11be9b7961f0b28c71282335a3ce01928cb5
time="2019-02-08T08:03:42+01:00" level=warning msg="Couldn't find or access image reference \"zededa/ztools:f07b11be9b7961f0b28c71282335a3ce01928cb5-s390x\". Skipping image."
Digest: sha256:95fe94af30ac457582fbd192626ed51b8e539eab351c60f7e7b9831512487aa3 743
Not signing zededa/ztools:f07b11be9b7961f0b28c71282335a3ce01928cb5
Build and push complete, not releasing, all done.
Building and pushing "zededa/ztools:latest"
Sending build context to Docker daemon  69.98MB
Step 1/30 : FROM golang:1.9.1-alpine AS build
 ---> cc52d0ad4cce
Step 2/30 : RUN apk update
 ---> Using cache
 ---> d0d319b88ab5
Step 3/30 : RUN apk add --no-cache git gcc linux-headers libc-dev util-linux
 ---> Using cache
 ---> d1eee840b78f
Step 4/30 : ENV CGO_ENABLED 1
 ---> Using cache
 ---> 43f5b37f3ea0
Step 5/30 : ARG GOARCH=
 ---> Using cache
 ---> 2f6ef9c7a071
Step 6/30 : ARG CROSS_GCC=https://musl.cc/aarch64-linux-musleabi-cross.tgz
 ---> Using cache
 ---> a88acb4b4a36
Step 7/30 : RUN [ -z "$GOARCH" ] || (cd / ; apk add --no-cache wget && wget -O - $CROSS_GCC | tar xzvf -)
 ---> Using cache
 ---> 088a47cef319
Step 8/30 : ADD ./ /go/src/github.com/zededa/go-provision/
 ---> Using cache
 ---> cfbd482fe3b1
Step 9/30 : ADD etc /config
 ---> Using cache
 ---> 75c64cbf0314
Step 10/30 : ADD scripts/device-steps.sh scripts/find-uplink.sh scripts/generate-device.sh scripts/generate-self-signed.sh scripts/handlezedserverconfig.sh /opt/zededa/bin/
 ---> Using cache
 ---> e4056934c805
Step 11/30 : ADD examples /opt/zededa/examples
 ---> Using cache
 ---> a4b983ce2873
Step 12/30 : ADD AssignableAdapters /var/tmp/zededa/AssignableAdapters
 ---> Using cache
 ---> 367d4cb0586b
Step 13/30 : ADD DeviceNetworkConfig /var/tmp/zededa/DeviceNetworkConfig
 ---> Using cache
 ---> 26e88ab12448
Step 14/30 : ADD lisp.config.base /var/tmp/zededa/lisp.config.base
 ---> Using cache
 ---> 1a6081f66074
Step 15/30 : RUN (cd ./src/github.com/zededa/go-provision/; scripts/getversion.sh >/opt/zededa/bin/versioninfo)
 ---> Using cache
 ---> 46063d86e9e5
Step 16/30 : RUN cp /opt/zededa/bin/versioninfo /opt/zededa/bin/versioninfo.1
 ---> Using cache
 ---> 09eca56a1d65
Step 17/30 : RUN echo Building: `cat /opt/zededa/bin/versioninfo`
 ---> Using cache
 ---> e188679b7472
Step 18/30 : RUN [ -z "$GOARCH" ] || export CC=$(echo /*-cross/bin/*-gcc)           ;    go install github.com/zededa/go-provision/zedbox/... &&     echo "Running go vet" && go vet ./... &&     if [ -f /go/bin/*/zedbox ] ; then mv /go/bin/*/zedbox /go/bin ; fi
 ---> Using cache
 ---> d27b12749c2c
Step 19/30 : RUN ln -s /go/bin/zedbox /opt/zededa/bin/zedbox ;    for app in         client domainmgr downloader hardwaremodel identitymgr ledmanager       logmanager verifier zedagent zedmanager zedrouter ipcmonitor nim       waitforaddr diag baseosmgr wstunnelclient conntrack;    do ln -s zedbox /opt/zededa/bin/$app ; done
 ---> Using cache
 ---> 30bb0cb26801
Step 20/30 : FROM scratch
 ---> 
Step 21/30 : COPY --from=build /opt/zededa/bin /opt/zededa/bin
 ---> Using cache
 ---> cb582a21fad4
Step 22/30 : COPY --from=build /opt/zededa/examples /opt/zededa/examples
 ---> Using cache
 ---> 51e89ed478cd
Step 23/30 : COPY --from=build /var/tmp/zededa/AssignableAdapters /var/tmp/zededa/AssignableAdapters
 ---> Using cache
 ---> 74645a884ba8
Step 24/30 : COPY --from=build /var/tmp/zededa/DeviceNetworkConfig /var/tmp/zededa/DeviceNetworkConfig
 ---> Using cache
 ---> 730bcc25d4c6
Step 25/30 : COPY --from=build /var/tmp/zededa/lisp.config.base /var/tmp/zededa/lisp.config.base
 ---> Using cache
 ---> 3871f46026a2
Step 26/30 : COPY --from=build /config /opt/zededa/examples/config
 ---> Using cache
 ---> eec5505f61a9
Step 27/30 : COPY --from=build /go/bin/* /opt/zededa/bin/
 ---> Using cache
 ---> 935fafff509f
Step 28/30 : WORKDIR /opt/zededa/bin
 ---> Using cache
 ---> a168fce8dcc1
Step 29/30 : CMD /bin/ash
 ---> Using cache
 ---> 807d22cf5491
Step 30/30 : LABEL org.mobyproject.linuxkit.revision 'unknown' org.mobyproject.linuxkit.version 'unknown' org.opencontainers.image.revision 'fe5316391b1cf42f62cb64dd5cdb6161ec00085e' org.opencontainers.image.source 'https://github.com/linuxkit/linuxkit'
 ---> Using cache
 ---> 8b93b3509c51
Successfully built 8b93b3509c51
Successfully tagged zededa/ztools:latest-arm64
Pushing zededa/ztools:latest-arm64
The push refers to a repository [docker.io/zededa/ztools]
383e6f5e4ea3: Preparing
426e8d5cd24c: Preparing
3fb6c2c4ed2f: Preparing
0320b9ec1f97: Preparing
0b54d1135195: Preparing
05fc04b9f075: Preparing
bfe40fd2c886: Preparing
05fc04b9f075: Waiting
bfe40fd2c886: Waiting
3fb6c2c4ed2f: Layer already exists
0320b9ec1f97: Layer already exists
0b54d1135195: Layer already exists
383e6f5e4ea3: Layer already exists
426e8d5cd24c: Layer already exists
05fc04b9f075: Layer already exists
bfe40fd2c886: Layer already exists
latest-arm64: digest: sha256:54c7577f3915fc0c36652f911a60458850364bb15db404232d2589c45cc7d529 size: 1775
Pushing zededa/ztools:latest-arm64 to manifest zededa/ztools:latest
time="2019-02-08T08:04:03+01:00" level=warning msg="Couldn't find or access image reference \"zededa/ztools:latest-s390x\". Skipping image."
Digest: sha256:753c93a63c83a81d088f3eccdd0addc41a50aab2417a0dc7edfcf8b4725c1923 743
Not signing zededa/ztools:latest
Build and push complete, not releasing, all done.
make: Entering directory '/home/zededa-ci/src/zenbuild/pkg'
(cd ..; ./parse-pkgs.sh pkg/qrexec-lib/Dockerfile.in > pkg/qrexec-lib/Dockerfile)
WARNING: couldn't fetch zededa/ztools:1.3.0 plugin - using zededa/debug:3aeeaf4e04f450283d49220eb7e82262b4531687 instead
WARNING: couldn't fetch zededa/lisp:1.3.0 plugin - using  instead
(cd ..; ./parse-pkgs.sh pkg/qrexec-dom0/Dockerfile.in > pkg/qrexec-dom0/Dockerfile)
WARNING: couldn't fetch zededa/ztools:1.3.0 plugin - using zededa/debug:3aeeaf4e04f450283d49220eb7e82262b4531687 instead
WARNING: couldn't fetch zededa/lisp:1.3.0 plugin - using  instead
(cd ..; ./parse-pkgs.sh pkg/zedctr/Dockerfile.in > pkg/zedctr/Dockerfile)
WARNING: couldn't fetch zededa/ztools:1.3.0 plugin - using zededa/debug:3aeeaf4e04f450283d49220eb7e82262b4531687 instead
WARNING: couldn't fetch zededa/lisp:1.3.0 plugin - using  instead
(cd ..; ./parse-pkgs.sh pkg/mkconf/Dockerfile.in > pkg/mkconf/Dockerfile)
WARNING: couldn't fetch zededa/ztools:1.3.0 plugin - using zededa/debug:3aeeaf4e04f450283d49220eb7e82262b4531687 instead
WARNING: couldn't fetch zededa/lisp:1.3.0 plugin - using  instead
Building and pushing "zededa/grub:97e7b1404e7c9d141eddb58294fcff019f61571b"
97e7b1404e7c9d141eddb58294fcff019f61571b: Pulling from zededa/grub
Digest: sha256:5e43a4e7bb105de4dafe6ca1b86e978544597f44e95be1faa8d97c0a25aa89b1
Status: Image is up to date for zededa/grub:97e7b1404e7c9d141eddb58294fcff019f61571b
Building and pushing "zededa/xen:f51bf3d17fad15b71242befbddec96e177132a99"
f51bf3d17fad15b71242befbddec96e177132a99: Pulling from zededa/xen
Digest: sha256:72ff3c98dafff206e4b77c51f05eb768ae4e42032c31f5755c6ebec33aa571ab
Status: Image is up to date for zededa/xen:f51bf3d17fad15b71242befbddec96e177132a99
Building and pushing "zededa/kernel:7cfa13614bb99a84030db209b6c9a0696c7d3315"
7cfa13614bb99a84030db209b6c9a0696c7d3315: Pulling from zededa/kernel
Digest: sha256:0e681b1a20b981282191d707ae01019ef41dd7b01697271e34885b572239894b
Status: Image is up to date for zededa/kernel:7cfa13614bb99a84030db209b6c9a0696c7d3315
Building and pushing "zededa/fw:1d8c22ae31c42d767ba648b186db4ea967a9c569"
1d8c22ae31c42d767ba648b186db4ea967a9c569: Pulling from zededa/fw
Digest: sha256:c95ae74a720a42dc91dce6b5d225bf1758bef24b327e21f18c9dd184713d43e3
Status: Image is up to date for zededa/fw:1d8c22ae31c42d767ba648b186db4ea967a9c569
Building and pushing "zededa/xen-tools:9c96b441d083d7ef7bcb602bf009fa91bd7ebbf2"
9c96b441d083d7ef7bcb602bf009fa91bd7ebbf2: Pulling from zededa/xen-tools
Digest: sha256:4cc969eadbccafaa21f8ebed4f2c948c371faa243a2bee8853aa739299035753
Status: Image is up to date for zededa/xen-tools:9c96b441d083d7ef7bcb602bf009fa91bd7ebbf2
Building and pushing "zededa/dnsmasq:c5985cdd83998d06255fe115d230a280c6928f1b"
c5985cdd83998d06255fe115d230a280c6928f1b: Pulling from zededa/dnsmasq
Digest: sha256:12240a65c524eaf5def9bd3598e771336e9350c249abc1ff6a06cb8e57f56832
Status: Image is up to date for zededa/dnsmasq:c5985cdd83998d06255fe115d230a280c6928f1b
Building and pushing "zededa/strongswan:8f5ee3b98aa3ea49a9a4231baac9be933d6155ec"
8f5ee3b98aa3ea49a9a4231baac9be933d6155ec: Pulling from zededa/strongswan
Digest: sha256:369e5f5de5fe189d5c1942f797b217fdc48b6e4161a70df5efce2d252135c978
Status: Image is up to date for zededa/strongswan:8f5ee3b98aa3ea49a9a4231baac9be933d6155ec
Building and pushing "zededa/gpt-tools:fe878611e4e032ea10946cbc9a1c3d5b22349dc4"
fe878611e4e032ea10946cbc9a1c3d5b22349dc4: Pulling from zededa/gpt-tools
Digest: sha256:4c3e178a2b6881c98c7398fbdb003caf5b5db0ef6e6904c1d6204e336eeed5cc
Status: Image is up to date for zededa/gpt-tools:fe878611e4e032ea10946cbc9a1c3d5b22349dc4
Building and pushing "zededa/dom0-ztools:b53cd1b5785c128371a5997e3a6e16007718c12d"
b53cd1b5785c128371a5997e3a6e16007718c12d: Pulling from zededa/dom0-ztools
Digest: sha256:65037565a2b30850b6368825b9d1e7af47a89c812eb1a910b8c93da828736473
Status: Image is up to date for zededa/dom0-ztools:b53cd1b5785c128371a5997e3a6e16007718c12d
Building and pushing "zededa/qrexec-lib:2e0df0df95f86df6953d7d2e7729213b77fd7206"
2e0df0df95f86df6953d7d2e7729213b77fd7206: Pulling from zededa/qrexec-lib
Digest: sha256:15aa3ca4fef43b0918e92eed910279f368e8c3fd52faabb50fc688f555b35700
Status: Image is up to date for zededa/qrexec-lib:2e0df0df95f86df6953d7d2e7729213b77fd7206
Building and pushing "zededa/qrexec-dom0:2c3cf9b135409690eaa86092c41f7c800d398468"
2c3cf9b135409690eaa86092c41f7c800d398468: Pulling from zededa/qrexec-dom0
Digest: sha256:8595ea8ced1b220d3afb52b7804c31e7a0a26779638d9f7e737dfb924569e479
Status: Image is up to date for zededa/qrexec-dom0:2c3cf9b135409690eaa86092c41f7c800d398468
Building and pushing "zededa/wwan:5f68442251df0f2625fde14e947f11de2374b72d"
5f68442251df0f2625fde14e947f11de2374b72d: Pulling from zededa/wwan
Digest: sha256:ebbc2d2c96bb6046dedb1999c40a962298269abc2a8f75b54c137d9974ce4c3b
Status: Image is up to date for zededa/wwan:5f68442251df0f2625fde14e947f11de2374b72d
Building and pushing "zededa/wlan:8aa66e76c276b97d1141801d3f461e2b3f8f8f97"
8aa66e76c276b97d1141801d3f461e2b3f8f8f97: Pulling from zededa/wlan
Digest: sha256:eb614df60aa8c847ea9f7a89848b0199f4852dbda8a9c07841607fdd7cb16d6c
Status: Image is up to date for zededa/wlan:8aa66e76c276b97d1141801d3f461e2b3f8f8f97
Building and pushing "zededa/rngd:5adb10a552c07513159777bd022ac58e23d59272"
5adb10a552c07513159777bd022ac58e23d59272: Pulling from zededa/rngd
Digest: sha256:936bf272bcf06dc1f25cbb81a7cb8b439bb356df86a399456b61a65cc92ef254
Status: Image is up to date for zededa/rngd:5adb10a552c07513159777bd022ac58e23d59272
Building and pushing "zededa/watchdog:2aea3af274e4928d2eab2b738d0e100ee5362173"
2aea3af274e4928d2eab2b738d0e100ee5362173: Pulling from zededa/watchdog
Digest: sha256:b7a7278c3ccea64f75eb2ebb6bfb9216a19a81b70facfe6ae7f8763465134fa0
Status: Image is up to date for zededa/watchdog:2aea3af274e4928d2eab2b738d0e100ee5362173
Building and pushing "zededa/guacd:85a2add30bae37777d3d4f3f17a528fe8db88e96"
85a2add30bae37777d3d4f3f17a528fe8db88e96: Pulling from zededa/guacd
Digest: sha256:058a4cec7727ec31705bed030d4013c0069c87f79e17bcad5e100d694b925c60
Status: Image is up to date for zededa/guacd:85a2add30bae37777d3d4f3f17a528fe8db88e96
Building and pushing "zededa/device-trees:18377dd0bc3c33a1602e94a4c43aa0b3c51badb9"
18377dd0bc3c33a1602e94a4c43aa0b3c51badb9: Pulling from zededa/device-trees
Digest: sha256:61bb1d6398633d24618b7f788432b81137e619b29eb1c6e2f762c53357f10d66
Status: Image is up to date for zededa/device-trees:18377dd0bc3c33a1602e94a4c43aa0b3c51badb9
Building and pushing "zededa/debug:3aeeaf4e04f450283d49220eb7e82262b4531687"
3aeeaf4e04f450283d49220eb7e82262b4531687: Pulling from zededa/debug
Digest: sha256:81015d30d78e63cd2f1084198c92ebca85cb3214fb1eb90444fd59d3936b74a9
Status: Image is up to date for zededa/debug:3aeeaf4e04f450283d49220eb7e82262b4531687
Building and pushing "zededa/zedctr:d509dfbe651aeb392ac6bb3f8e6e110362694e26"
d509dfbe651aeb392ac6bb3f8e6e110362694e26: Pulling from zededa/zedctr
no matching manifest for linux/arm64 in the manifest list entries
No image pulled, continuing with build
Sending build context to Docker daemon  20.99kB
Step 1/27 : FROM zededa/debug:3aeeaf4e04f450283d49220eb7e82262b4531687-arm64 as ztools
 ---> 256db766104a
Step 2/27 : FROM -arm64 as lisp
invalid reference format
exit status 1
Makefile:20: recipe for target 'push' failed
make: *** [push] Error 1
make: Leaving directory '/home/zededa-ci/src/zenbuild/pkg'
make: Entering directory '/home/zededa-ci/src/zenbuild/pkg'
(cd ..; ./parse-pkgs.sh pkg/zedctr//Dockerfile.in > pkg/zedctr//Dockerfile)
WARNING: couldn't fetch zededa/ztools:1.3.0 plugin - using zededa/debug:3aeeaf4e04f450283d49220eb7e82262b4531687 instead
WARNING: couldn't fetch zededa/lisp:1.3.0 plugin - using  instead
Building and pushing "zededa/zedctr:d509dfbe651aeb392ac6bb3f8e6e110362694e26"
Sending build context to Docker daemon  20.99kB
Step 1/27 : FROM zededa/debug:3aeeaf4e04f450283d49220eb7e82262b4531687-arm64 as ztools
 ---> 256db766104a
Step 2/27 : FROM -arm64 as lisp
invalid reference format
exit status 1
Makefile:20: recipe for target 'push' failed
make: *** [push] Error 1
make: Leaving directory '/home/zededa-ci/src/zenbuild/pkg'
make: Entering directory '/home/zededa-ci/src/zenbuild/build-pkgs'
Building and pushing "zededa/build-pkgs_abuild:7ae4d9f9fa290963de466d5ed96d6c9318354824"
7ae4d9f9fa290963de466d5ed96d6c9318354824: Pulling from zededa/build-pkgs_abuild
Digest: sha256:1a11eee631ec5ff068f207ae6bcd87d5d4a48a062308b46988cda10abdd15c86
Status: Image is up to date for zededa/build-pkgs_abuild:7ae4d9f9fa290963de466d5ed96d6c9318354824
Building and pushing "zededa/build-pkgs_uefi:a3362428c518fb4db1a136a961bd17e8a66fb693"
a3362428c518fb4db1a136a961bd17e8a66fb693: Pulling from zededa/build-pkgs_uefi
Digest: sha256:40b3cfec230b69210428c2b9db0d96985b2f107d18b0a62b28736e3e04b15f44
Status: Image is up to date for zededa/build-pkgs_uefi:a3362428c518fb4db1a136a961bd17e8a66fb693
make: Leaving directory '/home/zededa-ci/src/zenbuild/build-pkgs'
make: *** No rule to make target 'publish'.  Stop.
make: Entering directory '/home/zededa-ci/src/zenbuild/build-pkgs'
Building and pushing "zededa/zenix:latest"
Sending build context to Docker daemon  1.314GB
Step 1/9 : FROM alpine:edge
 ---> a7881f1d3b63
Step 2/9 : RUN apk add --no-cache qemu-system-x86_64 qemu-system-aarch64 bash make git
 ---> Using cache
 ---> 28213d73834a
Step 3/9 : COPY . /bits/
 ---> Using cache
 ---> 16fbcdcf987f
Step 4/9 : COPY OVMF.fd /bits/bios/OVMF.fd
 ---> Using cache
 ---> 02794b6bc49a
Step 5/9 : COPY runme.sh /
 ---> Using cache
 ---> 95d2d28f5bc6
Step 6/9 : RUN touch /bits/bios/OVMF.fd
 ---> Using cache
 ---> cd4aecb7bdf7
Step 7/9 : WORKDIR /bits
 ---> Using cache
 ---> 693f53d72839
Step 8/9 : ENTRYPOINT /runme.sh
 ---> Using cache
 ---> d5b966e18ad4
Step 9/9 : LABEL org.mobyproject.linuxkit.revision 'unknown' org.mobyproject.linuxkit.version 'unknown' org.opencontainers.image.revision '14e79e85e57a240b50d18f5dcad73e8bca6a27dd' org.opencontainers.image.source 'https://github.com/linuxkit/linuxkit'
 ---> Using cache
 ---> 0e160a1454d1
Successfully built 0e160a1454d1
Successfully tagged zededa/zenix:latest-arm64
Pushing zededa/zenix:latest-arm64
The push refers to a repository [docker.io/zededa/zenix]
98a596036f57: Preparing
c96588d795bb: Preparing
7989889f26ec: Preparing
7eb3ea1d6185: Preparing
97b4fe4534d2: Preparing
d4d04a8204b5: Preparing
2a2e682c36db: Preparing
d4d04a8204b5: Waiting
2a2e682c36db: Waiting
7eb3ea1d6185: Layer already exists
97b4fe4534d2: Layer already exists
7989889f26ec: Layer already exists
98a596036f57: Layer already exists
c96588d795bb: Layer already exists
d4d04a8204b5: Layer already exists
2a2e682c36db: Layer already exists
latest-arm64: digest: sha256:50ead1e1c5e7687575633c9772628550a5713b11ad16de417c2cdb7cda20efa7 size: 1788
Pushing zededa/zenix:latest-arm64 to manifest zededa/zenix:latest
time="2019-02-08T08:06:32+01:00" level=warning msg="Couldn't find or access image reference \"zededa/zenix:latest-s390x\". Skipping image."
Digest: sha256:9eee2bd76657fbcb547b57c53d47e71069c9e312d8efa9df0b425458f3477657 743
Not signing zededa/zenix:latest
Tagging zededa/zenix:latest-arm64 as zededa/zenix:1.3.0-arm64
Pushing zededa/zenix:1.3.0-arm64
The push refers to a repository [docker.io/zededa/zenix]
98a596036f57: Preparing
c96588d795bb: Preparing
7989889f26ec: Preparing
7eb3ea1d6185: Preparing
97b4fe4534d2: Preparing
d4d04a8204b5: Preparing
2a2e682c36db: Preparing
d4d04a8204b5: Waiting
2a2e682c36db: Waiting
97b4fe4534d2: Layer already exists
98a596036f57: Layer already exists
c96588d795bb: Layer already exists
7eb3ea1d6185: Layer already exists
7989889f26ec: Layer already exists
d4d04a8204b5: Layer already exists
2a2e682c36db: Layer already exists
1.3.0-arm64: digest: sha256:50ead1e1c5e7687575633c9772628550a5713b11ad16de417c2cdb7cda20efa7 size: 1788
Pushing zededa/zenix:1.3.0-arm64 to manifest zededa/zenix:1.3.0
time="2019-02-08T08:06:43+01:00" level=warning msg="Couldn't find or access image reference \"zededa/zenix:1.3.0-s390x\". Skipping image."
Digest: sha256:f56d60cff013299d62f581d16fd039a87bf6bdcddf9b03af7f7a97ec837c1d8f 743
Not signing zededa/zenix:1.3.0
Build, push and release of "1.3.0" complete, all done.
make: Leaving directory '/home/zededa-ci/src/zenbuild/build-pkgs'
FINISHED
