From https://github.com/lf-edge/eve
   d0e88e2c..fb93042c  master     -> origin/master
 * [new tag]           4.10.0     -> 4.10.0
 * [new tag]           5.0.0      -> 5.0.0
 * [new tag]           5.0.1      -> 5.0.1
 * [new tag]           5.1.0      -> 5.1.0
 * [new tag]           5.1.1      -> 5.1.1
 * [new tag]           5.1.10     -> 5.1.10
 * [new tag]           5.1.11     -> 5.1.11
 * [new tag]           5.2.0      -> 5.2.0
 * [new tag]           5.2.1      -> 5.2.1
 * [new tag]           5.2.2      -> 5.2.2
 * [new tag]           5.2.3      -> 5.2.3
 * [new tag]           5.2.4      -> 5.2.4
 * [new tag]           5.3.0      -> 5.3.0
 * [new tag]           5.4.0      -> 5.4.0
 * [new tag]           5.4.1      -> 5.4.1
 * [new tag]           5.5.0      -> 5.5.0
 * [new tag]           5.6.0      -> 5.6.0
 * [new tag]           5.6.1      -> 5.6.1
 * [new tag]           5.6.2      -> 5.6.2
 * [new tag]           5.7.0      -> 5.7.0
 * [new tag]           5.7.1      -> 5.7.1
Building the following tags: 5.7.1 origin/master (latest tag is 5.6.2)
Skipping repository .go/pkg/dep/sources/https---github.com-linuxkit-linuxkit
Skipping repository .go/pkg/dep/sources/https---github.com-moby-hyperkit
Skipping repository .go/pkg/dep/sources/https---github.com-gorilla-context
Skipping repository .go/pkg/dep/sources/https---github.com-theupdateframework-notary
Skipping repository .go/pkg/dep/sources/https---github.com-mitchellh-go--ps
Skipping repository .go/pkg/dep/sources/https---github.com-golang-appengine
Skipping repository .go/pkg/dep/sources/https---github.com-xeipuuv-gojsonschema
Skipping repository .go/pkg/dep/sources/https---go.googlesource.com-net
Skipping repository .go/pkg/dep/sources/https---github.com-xeipuuv-gojsonpointer
Skipping repository .go/pkg/dep/sources/https---github.com-Azure-azure--sdk--for--go
Skipping repository .go/pkg/dep/sources/https---github.com-moby-tool
Skipping repository .go/pkg/dep/sources/https---github.com-Azure-go--ansiterm
Skipping repository .go/pkg/dep/sources/https---github.com-moby-vpnkit
Skipping repository .go/pkg/dep/sources/https---github.com-moul-anonuuid
Skipping repository .go/pkg/dep/sources/https---github.com-Azure-go--autorest
Skipping repository .go/pkg/dep/sources/https---github.com-moul-gotty--client
Skipping repository .go/pkg/dep/sources/https---github.com-Microsoft-go--winio
Skipping repository .go/pkg/dep/sources/https---github.com-agl-ed25519
Skipping repository .go/pkg/dep/sources/https---github.com-aws-aws--sdk--go
Skipping repository .go/pkg/dep/sources/https---github.com-containerd-containerd
Skipping repository .go/pkg/dep/sources/https---github.com-opencontainers-go--digest
Skipping repository .go/pkg/dep/sources/https---github.com-opencontainers-image--spec
Skipping repository .go/pkg/dep/sources/https---github.com-opencontainers-runtime--spec
Skipping repository .go/pkg/dep/sources/https---github.com-packethost-packngo
Skipping repository .go/pkg/dep/sources/https---github.com-pkg-errors
Skipping repository .go/pkg/dep/sources/https---github.com-radu--matei-azure--sdk--for--go
Skipping repository .go/pkg/dep/sources/https---github.com-radu--matei-azure--vhd--utils
Skipping repository .go/pkg/dep/sources/https---github.com-renstrom-fuzzysearch
Skipping repository .go/pkg/dep/sources/https---github.com-rn-iso9660wrap
Skipping repository .go/pkg/dep/sources/https---github.com-creack-goselect
Skipping repository .go/pkg/dep/sources/https---github.com-dgrijalva-jwt--go
Skipping repository .go/pkg/dep/sources/https---github.com-docker-distribution
Skipping repository .go/pkg/dep/sources/https---github.com-docker-docker
Skipping repository .go/pkg/dep/sources/https---github.com-docker-go
Skipping repository .go/pkg/dep/sources/https---github.com-docker-go--connections
Skipping repository .go/pkg/dep/sources/https---github.com-docker-go--units
Skipping repository .go/pkg/dep/sources/https---github.com-jmespath-go--jmespath
Skipping repository .go/pkg/dep/sources/https---github.com-scaleway-go--scaleway
Skipping repository .go/pkg/dep/sources/https---github.com-go--ini-ini
Skipping repository .go/pkg/dep/sources/https---github.com-gorilla-mux
Skipping repository .go/pkg/dep/sources/https---github.com-gogo-protobuf
Skipping repository .go/pkg/dep/sources/https---github.com-gorilla-websocket
Skipping repository .go/pkg/dep/sources/https---github.com-vmware-govmomi
Skipping repository .go/pkg/dep/sources/https---github.com-sirupsen-logrus
Skipping repository .go/pkg/dep/sources/https---gopkg.in-yaml.v2
Skipping repository .go/pkg/dep/sources/https---github.com-golang-protobuf
Skipping repository .go/pkg/dep/sources/https---github.com-docker-go--p9p
Skipping repository .go/pkg/dep/sources/https---github.com-google-uuid
Skipping repository .go/pkg/dep/sources/https---github.com-gophercloud-gophercloud
Skipping repository .go/pkg/dep/sources/https---github.com-xeipuuv-gojsonreference
Skipping repository .go/pkg/dep/sources/https---github.com-moby-datakit
Skipping repository .go/pkg/dep/sources/https---github.com-surma-gocpio
Skipping repository .go/pkg/dep/sources/https---github.com-miekg-pkcs11
Skipping repository .go/pkg/dep/sources/https---go.googlesource.com-sync
Skipping repository .go/pkg/dep/sources/https---go.googlesource.com-oauth2
Skipping repository .go/pkg/dep/sources/https---code.googlesource.com-gocloud
Skipping repository .go/pkg/dep/sources/https---go.googlesource.com-sys
Skipping repository .go/pkg/dep/sources/https---go.googlesource.com-crypto
Skipping repository .go/pkg/dep/sources/https---code.googlesource.com-google--api--go--client
Skipping repository .go/pkg/dep/sources/https---github.com-census--instrumentation-opencensus--go
Skipping repository .go/pkg/dep/sources/https---github.com-googleapis-gax--go
Skipping repository .go/pkg/dep/sources/https---github.com-grpc-grpc--go
Skipping repository .go/pkg/dep/sources/https---github.com-konsorten-go--windows--terminal--sequences
Skipping repository .go/pkg/dep/sources/https---github.com-golang-groupcache
Skipping repository .go/pkg/dep/sources/https---github.com-google-go--genproto
Skipping repository .go/pkg/dep/sources/https---go.googlesource.com-text
Removing .go/src
Removing .go/bin
Removing build-tools/bin/linuxkit
Removing build-tools/bin/manifest-tool
Removing dist/
HEAD is now at 83b38f65 Merge remote-tracking branch 'origin/master' into 5.7
Creating go builder image for user zededa-ci
eve-build-zededa-ci docker container is ready to use
Done building /home/zededa-ci/src/eve/build-tools/bin/linuxkit
Building and pushing "lfedge/eve-acrn:5.7.1"
5.7.1: Pulling from lfedge/eve-acrn
Digest: sha256:ea341e939da323010cdf61e7173fe6e8a575ac4c6e0818b7835da018c34a8df3
Status: Image is up to date for lfedge/eve-acrn:5.7.1
Building and pushing "lfedge/eve-acrn-kernel:5.7.1"
5.7.1: Pulling from lfedge/eve-acrn-kernel
Digest: sha256:4a3768db89265c6ad8a63a3199ed16facfe0c2c2df9361cd9d91dd7bffff2399
Status: Image is up to date for lfedge/eve-acrn-kernel:5.7.1
Building and pushing "lfedge/eve-alpine:5.7.1"
5.7.1: Pulling from lfedge/eve-alpine
Digest: sha256:2cf39e27a639351ecc4e03a03d6899d6ea281d54a4ae69e6ce78b749dc6987f7
Status: Image is up to date for lfedge/eve-alpine:5.7.1
Building and pushing "lfedge/eve-debug:5.7.1"
5.7.1: Pulling from lfedge/eve-debug
Digest: sha256:83028dbcfd707d6d9724fa36e70627ee39b2815971554df8a59096f7825178a3
Status: Image is up to date for lfedge/eve-debug:5.7.1
Building and pushing "lfedge/eve-dnsmasq:5.7.1"
5.7.1: Pulling from lfedge/eve-dnsmasq
Digest: sha256:77f9ea5cc13710cc3ddff7825b18c9f13d74a13b30fc26612e06fa7c53324d63
Status: Image is up to date for lfedge/eve-dnsmasq:5.7.1
Building and pushing "lfedge/eve-dom0-ztools:5.7.1"
5.7.1: Pulling from lfedge/eve-dom0-ztools
Digest: sha256:f994f0c276bd8afd87963305f6d562180f83473abf4f992acf57ea01a5878a25
Status: Image is up to date for lfedge/eve-dom0-ztools:5.7.1
Building and pushing "lfedge/eve-fw:5.7.1"
5.7.1: Pulling from lfedge/eve-fw
Digest: sha256:475b66d111e30506ad4dc36540af80aae02d75ac7c9a7e439a2be6889b32234b
Status: Image is up to date for lfedge/eve-fw:5.7.1
Building and pushing "lfedge/eve-gpt-tools:5.7.1"
5.7.1: Pulling from lfedge/eve-gpt-tools
Digest: sha256:955741b582529e8694e5971a41dd652af5937c4083563efc9b9cd98c1e1e2be2
Status: Image is up to date for lfedge/eve-gpt-tools:5.7.1
Building and pushing "lfedge/eve-grub:5.7.1"
5.7.1: Pulling from lfedge/eve-grub
Digest: sha256:a4bdac6f6ab7cba6df72a357cd180887cf70e548f590bd3895c67a224cd7b2d1
Status: Image is up to date for lfedge/eve-grub:5.7.1
Building and pushing "lfedge/eve-guacd:5.7.1"
5.7.1: Pulling from lfedge/eve-guacd
Digest: sha256:aec79cc3ab5ee865110990a771eef02d4c4844a26d37d3051b2339a3d3db49c1
Status: Image is up to date for lfedge/eve-guacd:5.7.1
Building and pushing "lfedge/eve-kernel:5.7.1"
5.7.1: Pulling from lfedge/eve-kernel
Digest: sha256:8d75ba88864963bcb464ddde1d1cb4750cf453ae4f31b54609ed6f78cacb9734
Status: Image is up to date for lfedge/eve-kernel:5.7.1
Building and pushing "lfedge/eve-lisp:5.7.1"
5.7.1: Pulling from lfedge/eve-lisp
Digest: sha256:2640e7c758cf81b86fb0e774c0508156ef7326870553909cba6148bdcdb18dea
Status: Image is up to date for lfedge/eve-lisp:5.7.1
Building and pushing "lfedge/eve-mkconf:5.7.1"
5.7.1: Pulling from lfedge/eve-mkconf
Digest: sha256:72ce3ef064b068194087fc3415d92d7fe7286f295e055613c6347dabb720fea9
Status: Image is up to date for lfedge/eve-mkconf:5.7.1
Building and pushing "lfedge/eve-mkimage-iso-efi:5.7.1"
5.7.1: Pulling from lfedge/eve-mkimage-iso-efi
Digest: sha256:f76c0f3cb605d7823176a4e2dc427389641dd2433fb79671dcf29c8a108d7013
Status: Image is up to date for lfedge/eve-mkimage-iso-efi:5.7.1
Building and pushing "lfedge/eve-mkimage-raw-efi:5.7.1"
5.7.1: Pulling from lfedge/eve-mkimage-raw-efi
Digest: sha256:8f0b93a176b346950595119ace9118aa92319ea058941139a39916d7211388c7
Status: Image is up to date for lfedge/eve-mkimage-raw-efi:5.7.1
Building and pushing "lfedge/eve-mkrootfs-ext4:5.7.1"
5.7.1: Pulling from lfedge/eve-mkrootfs-ext4
Digest: sha256:a3c76ee6146fe146cadf266f0b66b1d6e4002ad0c25f4b2665c70202f4b34f01
Status: Image is up to date for lfedge/eve-mkrootfs-ext4:5.7.1
Building and pushing "lfedge/eve-mkrootfs-squash:5.7.1"
5.7.1: Pulling from lfedge/eve-mkrootfs-squash
Digest: sha256:7fb9e05797880811843d53b801525a4ceade354deb3d6064404157e6f7bfc09b
Status: Image is up to date for lfedge/eve-mkrootfs-squash:5.7.1
Building and pushing "lfedge/eve-new-kernel:5.7.1"
5.7.1: Pulling from lfedge/eve-new-kernel
Digest: sha256:0171ebdcd943ff5459e57b6c864fda9cdc272c0a80d81f96b447afe5f750d9df
Status: Image is up to date for lfedge/eve-new-kernel:5.7.1
Building and pushing "lfedge/eve-strongswan:5.7.1"
5.7.1: Pulling from lfedge/eve-strongswan
Digest: sha256:055b896d57c1c0f2534500af3adbc7dc82c5d90da9cd9e0fd15a393c2275958f
Status: Image is up to date for lfedge/eve-strongswan:5.7.1
Building and pushing "lfedge/eve-pillar:5.7.1"
5.7.1: Pulling from lfedge/eve-pillar
Digest: sha256:e3c9beed87ab7070e7bb12ccdd05b988975e4ecc8dcb2cebae04739202019384
Status: Image is up to date for lfedge/eve-pillar:5.7.1
Building and pushing "lfedge/eve-uefi:5.7.1"
5.7.1: Pulling from lfedge/eve-uefi
Digest: sha256:3e93d8008512ab2014e2facbf421c530236c8539af1831cceca6b1321a5c6ff1
Status: Image is up to date for lfedge/eve-uefi:5.7.1
Building and pushing "lfedge/eve-xen-tools:5.7.1"
5.7.1: Pulling from lfedge/eve-xen-tools
Digest: sha256:b930efeaa00c3d5e1ce38ca7ee4805f65f1a99a6186165602a639930abe52c1b
Status: Image is up to date for lfedge/eve-xen-tools:5.7.1
Building and pushing "lfedge/eve-qrexec-lib:5.7.1"
5.7.1: Pulling from lfedge/eve-qrexec-lib
Digest: sha256:f59f42541c9cc2d5e288af654e0bfee8d000e353c13a3220307478fd46592f20
Status: Image is up to date for lfedge/eve-qrexec-lib:5.7.1
Building and pushing "lfedge/eve-qrexec-dom0:5.7.1"
5.7.1: Pulling from lfedge/eve-qrexec-dom0
Digest: sha256:a55d3bfd3ff8bba516766d837fe142393677f89938523f5424dc1e87983de984
Status: Image is up to date for lfedge/eve-qrexec-dom0:5.7.1
Building and pushing "lfedge/eve-rngd:5.7.1"
5.7.1: Pulling from lfedge/eve-rngd
Digest: sha256:e37a9d8f790d8e0049fe622e07b57c52a54828d481d8f1106d65ee4c77f8bbdc
Status: Image is up to date for lfedge/eve-rngd:5.7.1
Building and pushing "lfedge/eve-rsyslog:5.7.1"
5.7.1: Pulling from lfedge/eve-rsyslog
Digest: sha256:9135cc0152bb3c656f4c6c538a44970b5eaf3d025a75a46c4c022aca019aaf1a
Status: Image is up to date for lfedge/eve-rsyslog:5.7.1
Building and pushing "lfedge/eve-storage-init:5.7.1"
5.7.1: Pulling from lfedge/eve-storage-init
Digest: sha256:3c6634a3e2ec0b516e382719726a429559ef876fefac985e8ee2b49a769b4c7f
Status: Image is up to date for lfedge/eve-storage-init:5.7.1
Building and pushing "lfedge/eve-u-boot:5.7.1"
5.7.1: Pulling from lfedge/eve-u-boot
Digest: sha256:570938a66c8e379fabd1c0abeb6615f9e2b6938b786806d1c023770faec2d6ab
Status: Image is up to date for lfedge/eve-u-boot:5.7.1
Building and pushing "lfedge/eve-vtpm:5.7.1"
5.7.1: Pulling from lfedge/eve-vtpm
Digest: sha256:2cc2c3bc14ce86af04bcc4e333a89b6d3cfa2a5cc71af56ae37cc944c60688e0
Status: Image is up to date for lfedge/eve-vtpm:5.7.1
Building and pushing "lfedge/eve-watchdog:5.7.1"
5.7.1: Pulling from lfedge/eve-watchdog
Digest: sha256:d9cf55b89bcf41194ffbaa4f29aacee3b21fe826561b0048eee563cc638ad449
Status: Image is up to date for lfedge/eve-watchdog:5.7.1
Building and pushing "lfedge/eve-wlan:5.7.1"
5.7.1: Pulling from lfedge/eve-wlan
Digest: sha256:3559aa3c0ecf1b66d07961d4ede85771018b6d9f1610d118e1585110e06a5f79
Status: Image is up to date for lfedge/eve-wlan:5.7.1
Building and pushing "lfedge/eve-wwan:5.7.1"
5.7.1: Pulling from lfedge/eve-wwan
Digest: sha256:1062dd642318449cd02610762c39cd0bb532889454df49e3d5030e0bd412c67a
Status: Image is up to date for lfedge/eve-wwan:5.7.1
Building and pushing "lfedge/eve-xen:5.7.1"
5.7.1: Pulling from lfedge/eve-xen
Digest: sha256:b4ec9a28bffadf4dea9e37fc41ead071b033bda556ac8ef86ed1c4f26cf8896a
Status: Image is up to date for lfedge/eve-xen:5.7.1
Done building packages
rm pkg/qrexec-dom0/Dockerfile pkg/xen-tools/Dockerfile pkg/qrexec-lib/Dockerfile pkg/pillar/Dockerfile
Creating go builder image for user zededa-ci
eve-build-zededa-ci docker container is ready to use
mkdir -p /home/zededa-ci/src/eve/dist/arm64
cd /home/zededa-ci/src/eve/dist/arm64 ; _() { C=`docker create $1 fake` ; shift ; docker export $C | tar -xf - "$@" ; docker rm $C ; } ; _ lfedge/eve-uefi:5c00deeac0b200565fee599905f5346ffaafc10b-arm64 OVMF.fd
7fa7c7f405c61fd9047218fea3d2e88d72e1acebc0bef601b074610a07148c50
cd /home/zededa-ci/src/eve/dist/arm64 ; _() { C=`docker create $1 fake` ; shift ; docker export $C | tar -xf - "$@" ; docker rm $C ; } ; _ lfedge/eve-uefi:5c00deeac0b200565fee599905f5346ffaafc10b-arm64 OVMF_CODE.fd
tar: OVMF_CODE.fd: Not found in archive
tar: Exiting with failure status due to previous errors
8ea818979ab507c54fa143f2629397c4e4f233748cd72e69c393ea1349dcba28
cd /home/zededa-ci/src/eve/dist/arm64 ; _() { C=`docker create $1 fake` ; shift ; docker export $C | tar -xf - "$@" ; docker rm $C ; } ; _ lfedge/eve-uefi:5c00deeac0b200565fee599905f5346ffaafc10b-arm64 OVMF_VARS.fd
cd81220ae8d241ffa464ad86fca21d852017100603d036f2982b6be70695a59f
mkdir -p /home/zededa-ci/src/eve/dist/arm64/installer
cd /home/zededa-ci/src/eve/dist/arm64/installer ; _() { C=`docker create $1 fake` ; shift ; docker export $C | tar -xf - "$@" ; docker rm $C ; } ; _ lfedge/eve-grub:a6d7b3d9046fc31dc4834476d2008c64abae24d6-arm64 EFI
1449a8fdfdb315d6817ea2d60e1935c9308149cb14281870449a93f3e42b0606
./tools/makeconfig.sh /home/zededa-ci/src/eve/dist/arm64/installer/config.img conf/authorized_keys conf/DevicePortConfig conf/grub.cfg conf/onboard.cert.pem conf/onboard.key.pem conf/root-certificate.pem conf/server conf/v2tlsbaseroot-certificates.pem
1024+0 records in
1024+0 records out
mkfs.fat 4.1 (2017-01-24)
/config.img has 64 heads and 32 sectors per track,
hidden sectors 0x0000;
logical sector size is 512,
using 0xf8 media descriptor, with 2048 sectors;
drive number 0x80;
filesystem has 2 12-bit FATs and 4 sectors per cluster.
FAT size is 2 sectors, and provides 502 clusters.
There is 1 reserved sector.
Root directory contains 512 slots and uses 32 sectors.
Volume ID is 8fdf0e94, volume label EVE        .
cd /home/zededa-ci/src/eve/dist/arm64/installer ; _() { C=`docker create $1 fake` ; shift ; docker export $C | tar -xf - "$@" ; docker rm $C ; } ; _ lfedge/eve-mkimage-raw-efi:73d534381d5d3df4fb08cacb03022ce4754efda8-arm64 initrd.img EFI
1aa2fc3e6742213848174003b9155ecee65f6d4821d166dfbc6137a42416d8b7
Done building /home/zededa-ci/src/eve/build-tools/bin/linuxkit
patching file images/rootfs-rpi-xen.yml.in.sed (read from images/rootfs.yml.in)
./tools/makerootfs.sh images/rootfs-rpi-xen.yml /home/zededa-ci/src/eve/dist/arm64/installer/rootfs-5.7.1-rpi-xen-arm64.squash squash
Extract kernel image: lfedge/eve-new-kernel:5.7.1-arm64
Add init containers:
Process init image: linuxkit/init:v0.5-arm64
time="2020-07-27T04:16:43+02:00" level=warning msg="targets/justin metadata is nearing expiry, you should re-sign the role metadata"
time="2020-07-27T04:16:43+02:00" level=warning msg="targets metadata is nearing expiry, you should re-sign the role metadata"
Process init image: linuxkit/runc:f79954950022fea76b8b6f10de58cb48e4fb3878-arm64
time="2020-07-27T04:16:48+02:00" level=error msg="Metadata for targets/riyaz expired"
time="2020-07-27T04:16:48+02:00" level=error msg="Metadata for targets/riyaz expired"
time="2020-07-27T04:16:48+02:00" level=warning msg="Error getting targets/riyaz: targets/riyaz expired at Mon May 25 15:32:34 -0700 2020"
time="2020-07-27T04:16:48+02:00" level=warning msg="targets metadata is nearing expiry, you should re-sign the role metadata"
time="2020-07-27T04:16:48+02:00" level=warning msg="targets/justin metadata is nearing expiry, you should re-sign the role metadata"
Process init image: linuxkit/containerd:6ef473a228db6f6ee163f9b9a051102a1552a4ef-arm64
time="2020-07-27T04:16:52+02:00" level=error msg="Metadata for targets/riyaz expired"
time="2020-07-27T04:16:52+02:00" level=error msg="Metadata for targets/riyaz expired"
time="2020-07-27T04:16:52+02:00" level=warning msg="Error getting targets/riyaz: targets/riyaz expired at Sat Jun 6 08:35:43 -0700 2020"
time="2020-07-27T04:16:52+02:00" level=warning msg="targets metadata is nearing expiry, you should re-sign the role metadata"
time="2020-07-27T04:16:52+02:00" level=warning msg="targets/justin metadata is nearing expiry, you should re-sign the role metadata"
Process init image: linuxkit/getty:v0.5-arm64
time="2020-07-27T04:16:56+02:00" level=warning msg="targets/riyaz metadata is nearing expiry, you should re-sign the role metadata"
time="2020-07-27T04:16:56+02:00" level=warning msg="targets metadata is nearing expiry, you should re-sign the role metadata"
time="2020-07-27T04:16:56+02:00" level=warning msg="targets/justin metadata is nearing expiry, you should re-sign the role metadata"
Process init image: linuxkit/memlogd:v0.5-arm64
Process init image: lfedge/eve-grub:5.7.1-arm64
Process init image: lfedge/eve-fw:5.7.1-arm64
Process init image: lfedge/eve-xen:5.7.1-arm64
Process init image: lfedge/eve-gpt-tools:5.7.1-arm64
Process init image: lfedge/eve-dom0-ztools:5.7.1-arm64
Add onboot containers:
  Create OCI config for lfedge/eve-storage-init:5.7.1-arm64
  Create OCI config for linuxkit/sysctl:v0.5-arm64
time="2020-07-27T04:17:22+02:00" level=warning msg="targets metadata is nearing expiry, you should re-sign the role metadata"
time="2020-07-27T04:17:22+02:00" level=warning msg="targets/justin metadata is nearing expiry, you should re-sign the role metadata"
time="2020-07-27T04:17:22+02:00" level=warning msg="targets/ian metadata is nearing expiry, you should re-sign the role metadata"
  Create OCI config for lfedge/eve-rngd:5.7.1-arm64
  Create OCI config for linuxkit/modprobe:v0.5-arm64
time="2020-07-27T04:17:27+02:00" level=warning msg="targets metadata is nearing expiry, you should re-sign the role metadata"
time="2020-07-27T04:17:27+02:00" level=warning msg="targets/ian metadata is nearing expiry, you should re-sign the role metadata"
Add service containers:
  Create OCI config for lfedge/eve-rsyslog:5.7.1-arm64
  Create OCI config for linuxkit/openntpd:v0.5-arm64
time="2020-07-27T04:17:33+02:00" level=error msg="Metadata for targets/justin expired"
time="2020-07-27T04:17:33+02:00" level=error msg="Metadata for targets/justin expired"
time="2020-07-27T04:17:33+02:00" level=warning msg="Error getting targets/justin: targets/justin expired at Fri Jul 24 16:25:30 +0100 2020"
time="2020-07-27T04:17:33+02:00" level=error msg="Metadata for targets/riyaz expired"
time="2020-07-27T04:17:33+02:00" level=error msg="Metadata for targets/riyaz expired"
time="2020-07-27T04:17:33+02:00" level=warning msg="Error getting targets/riyaz: targets/riyaz expired at Mon May 25 15:06:33 -0700 2020"
time="2020-07-27T04:17:33+02:00" level=warning msg="targets metadata is nearing expiry, you should re-sign the role metadata"
time="2020-07-27T04:17:33+02:00" level=warning msg="targets/ian metadata is nearing expiry, you should re-sign the role metadata"
  Create OCI config for linuxkit/sshd:v0.5-arm64
time="2020-07-27T04:17:37+02:00" level=error msg="Metadata for targets/justin expired"
time="2020-07-27T04:17:37+02:00" level=error msg="Metadata for targets/justin expired"
time="2020-07-27T04:17:37+02:00" level=warning msg="Error getting targets/justin: targets/justin expired at Fri May 29 15:28:54 +0100 2020"
time="2020-07-27T04:17:37+02:00" level=error msg="Metadata for targets/riyaz expired"
time="2020-07-27T04:17:37+02:00" level=error msg="Metadata for targets/riyaz expired"
time="2020-07-27T04:17:37+02:00" level=warning msg="Error getting targets/riyaz: targets/riyaz expired at Sun Jul 19 14:46:17 -0700 2020"
time="2020-07-27T04:17:37+02:00" level=warning msg="targets metadata is nearing expiry, you should re-sign the role metadata"
  Create OCI config for lfedge/eve-wwan:5.7.1-arm64
  Create OCI config for lfedge/eve-wlan:5.7.1-arm64
  Create OCI config for lfedge/eve-lisp:5.7.1-arm64
  Create OCI config for lfedge/eve-guacd:5.7.1-arm64
  Create OCI config for lfedge/eve-pillar:5.7.1-arm64
  Create OCI config for lfedge/eve-vtpm:5.7.1-arm64
  Create OCI config for lfedge/eve-watchdog:5.7.1-arm64
  Create OCI config for lfedge/eve-xen-tools:5.7.1-arm64
Add files:
  /etc/eve-release
Parallel mksquashfs: Using 4 processors
Creating 4.0 filesystem on /rootfs.img, block size 131072.
[=============/                                              ]  4900/22119  22%[======================\                                     ]  8500/22119  38%[===========================================================\] 22119/22119 100%

Exportable Squashfs 4.0 filesystem, gzip compressed, data block size 131072
	compressed data, compressed metadata, compressed fragments, compressed xattrs
	duplicates are removed
Filesystem size 255817.95 Kbytes (249.82 Mbytes)
	33.08% of uncompressed filesystem size (773424.94 Kbytes)
Inode table size 247996 bytes (242.18 Kbytes)
	25.14% of uncompressed inode table size (986376 bytes)
Directory table size 268488 bytes (262.20 Kbytes)
	45.49% of uncompressed directory table size (590209 bytes)
Number of duplicate files found 8719
Number of inodes 25336
Number of files 17273
Number of fragments 772
Number of symbolic links  5972
Number of device nodes 4
Number of fifo nodes 0
Number of socket nodes 0
Number of directories 2087
Number of ids (unique uids + gids) 4
Number of uids 2
	root (0)
	unknown (1000)
Number of gids 4
	root (0)
	shadow (42)
	tty (5)
	unknown (1000)
cd /home/zededa-ci/src/eve/dist/arm64/installer ; _() { C=`docker create $1 fake` ; shift ; docker export $C | tar -xf - "$@" ; docker rm $C ; } ; _ lfedge/eve-u-boot:478e1045beb5159538f0bef9a38ca2b5824e7f85-arm64 boot
d38cee95a347432c93f966c8677702d16169453faf8ef8067592d6311e09341d
cp pkg/eve/build.yml pkg/eve/runme.sh images/*.yml /home/zededa-ci/src/eve/dist/arm64
EVE_HASH=5.7.1 DOCKER_ARCH_TAG=arm64 ./tools/parse-pkgs.sh pkg/eve/Dockerfile.in > /home/zededa-ci/src/eve/dist/arm64/Dockerfile
/home/zededa-ci/src/eve/build-tools/bin/linuxkit pkg push --disable-content-trust --hash-path /home/zededa-ci/src/eve --hash 5.7.1-rpi-xen --release latest --force --disable-cache /home/zededa-ci/src/eve/dist/arm64
Building and pushing "lfedge/eve:5.7.1-rpi-xen"
Sending build context to Docker daemon    278MB
Step 1/17 : FROM alpine:3.9.4 as tools
 ---> ce544de9ee2c
Step 2/17 : RUN mkdir -p /out/etc/apk /out/boot && cp -r /etc/apk/* /out/etc/apk/
 ---> Running in 61d1a459bb43
 ---> 1800be2685cb
Removing intermediate container 61d1a459bb43
Step 3/17 : RUN apk add --no-cache --initdb -p /out qemu-img=3.1.0-r3 tar=1.32-r0
 ---> Running in b7d9955efd1f
fetch http://dl-cdn.alpinelinux.org/alpine/v3.9/main/aarch64/APKINDEX.tar.gz
fetch http://dl-cdn.alpinelinux.org/alpine/v3.9/community/aarch64/APKINDEX.tar.gz
(1/19) Installing libaio (0.3.111-r0)
(2/19) Installing musl (1.1.20-r5)
(3/19) Installing busybox (1.29.3-r10)
Executing busybox-1.29.3-r10.post-install
(4/19) Installing libffi (3.2.1-r6)
(5/19) Installing libintl (0.19.8.1-r4)
(6/19) Installing libuuid (2.33-r0)
(7/19) Installing libblkid (2.33-r0)
(8/19) Installing libmount (2.33-r0)
(9/19) Installing pcre (8.42-r1)
(10/19) Installing zlib (1.2.11-r1)
(11/19) Installing glib (2.58.1-r3)
(12/19) Installing gmp (6.1.2-r1)
(13/19) Installing nettle (3.4.1-r0)
(14/19) Installing p11-kit (0.23.14-r0)
(15/19) Installing libtasn1 (4.14-r0)
(16/19) Installing libunistring (0.9.10-r0)
(17/19) Installing gnutls (3.6.14-r0)
(18/19) Installing qemu-img (3.1.0-r3)
(19/19) Installing tar (1.32-r0)
Executing busybox-1.29.3-r10.trigger
Executing glib-2.58.1-r3.trigger
OK: 16 MiB in 19 packages
 ---> a93f3e122bab
Removing intermediate container b7d9955efd1f
Step 4/17 : FROM lfedge/eve-mkimage-iso-efi:5.7.1-arm64 as iso
 ---> 638ce3c9ebdb
Step 5/17 : FROM lfedge/eve-mkimage-raw-efi:5.7.1-arm64 as raw
 ---> b35f376f6d5e
Step 6/17 : RUN rm /initrd.img
 ---> Running in 1154d768ad6c
 ---> 4e9d2f005e5d
Removing intermediate container 1154d768ad6c
Step 7/17 : FROM lfedge/eve-mkconf:5.7.1-arm64 as conf
 ---> c612a1c69a0a
Step 8/17 : COPY --from=iso / /
 ---> c7d942d8f709
Step 9/17 : COPY --from=raw / /
 ---> 8c19f3c24c62
Step 10/17 : COPY --from=tools /out/ /
 ---> 3a94cbe5199e
Step 11/17 : COPY installer /bits
 ---> 9238ce9d4dd5
Step 12/17 : COPY OVMF* /firmware/
 ---> e55654dc8dda
Step 13/17 : COPY runme.sh /
 ---> eefe63d1a3f4
Step 14/17 : RUN mkdir /in /out
 ---> Running in 2fdb2f038181
 ---> f7c2749a8134
Removing intermediate container 2fdb2f038181
Step 15/17 : WORKDIR /bits
 ---> 479be0f8a2a3
Removing intermediate container 3ae1aaf1f1d3
Step 16/17 : ENTRYPOINT /runme.sh
 ---> Running in 352a6bac7d7a
 ---> 5450a1bcc01a
Removing intermediate container 352a6bac7d7a
Step 17/17 : LABEL org.mobyproject.linuxkit.revision 'unknown' org.mobyproject.linuxkit.version 'unknown' org.opencontainers.image.revision '83b38f65d2e43744ed8f154edb00c78983d7e905' org.opencontainers.image.source 'https://github.com/linuxkit/linuxkit'
 ---> Running in ec9d6d638d2a
 ---> 0c2633055540
Removing intermediate container ec9d6d638d2a
Successfully built 0c2633055540
Successfully tagged lfedge/eve:5.7.1-rpi-xen-arm64
Pushing lfedge/eve:5.7.1-rpi-xen-arm64
The push refers to a repository [docker.io/lfedge/eve]
75d7476d6694: Preparing
40bde054860d: Preparing
6bae2576a0e9: Preparing
e65d3bee244b: Preparing
ceb3ea0944de: Preparing
c248dc06b61f: Preparing
451188a9d51b: Preparing
2511ad8a1d48: Preparing
451188a9d51b: Waiting
c248dc06b61f: Waiting
2511ad8a1d48: Waiting
40bde054860d: Pushed
75d7476d6694: Pushed
6bae2576a0e9: Pushed
451188a9d51b: Layer already exists
c248dc06b61f: Layer already exists
2511ad8a1d48: Layer already exists
ceb3ea0944de: Pushed
e65d3bee244b: Pushed
5.7.1-rpi-xen-arm64: digest: sha256:db7222f682f5f18a70c653852e4f02ce6388e6dd85979214bef465c2d7a99c8d size: 1999
Pushing lfedge/eve:5.7.1-rpi-xen-arm64 to manifest lfedge/eve:5.7.1-rpi-xen
time="2020-07-27T04:21:44+02:00" level=warning msg="Couldn't find or access image reference \"lfedge/eve:5.7.1-rpi-xen-amd64\". Skipping image."
time="2020-07-27T04:21:47+02:00" level=warning msg="Couldn't find or access image reference \"lfedge/eve:5.7.1-rpi-xen-s390x\". Skipping image."
Digest: sha256:a24e62c7b97f6ae38a306146c8bac5bb1f570ca5f906034c21f50aae1fee5e7d 434
Not signing lfedge/eve:5.7.1-rpi-xen
Tagging lfedge/eve:5.7.1-rpi-xen-arm64 as lfedge/eve:latest-arm64
Pushing lfedge/eve:latest-arm64
The push refers to a repository [docker.io/lfedge/eve]
75d7476d6694: Preparing
40bde054860d: Preparing
6bae2576a0e9: Preparing
e65d3bee244b: Preparing
ceb3ea0944de: Preparing
c248dc06b61f: Preparing
451188a9d51b: Preparing
2511ad8a1d48: Preparing
c248dc06b61f: Waiting
451188a9d51b: Waiting
2511ad8a1d48: Waiting
75d7476d6694: Layer already exists
6bae2576a0e9: Layer already exists
ceb3ea0944de: Layer already exists
40bde054860d: Layer already exists
e65d3bee244b: Layer already exists
c248dc06b61f: Layer already exists
451188a9d51b: Layer already exists
2511ad8a1d48: Layer already exists
latest-arm64: digest: sha256:db7222f682f5f18a70c653852e4f02ce6388e6dd85979214bef465c2d7a99c8d size: 1999
Pushing lfedge/eve:latest-arm64 to manifest lfedge/eve:latest
time="2020-07-27T04:21:58+02:00" level=warning msg="Couldn't find or access image reference \"lfedge/eve:latest-s390x\". Skipping image."
Digest: sha256:9c78f3a17f7e162c478c95566b20f80c8d687b1e163cbd25f3c9dbba002a41dd 743
Not signing lfedge/eve:latest
Build, push and release of "latest" complete, all done.
rm images/rootfs-rpi-xen.yml.in images/rootfs-rpi-xen.yml
Creating go builder image for user zededa-ci
eve-build-zededa-ci docker container is ready to use
mkdir -p /home/zededa-ci/src/eve/dist/arm64
cd /home/zededa-ci/src/eve/dist/arm64 ; _() { C=`docker create $1 fake` ; shift ; docker export $C | tar -xf - "$@" ; docker rm $C ; } ; _ lfedge/eve-uefi:5c00deeac0b200565fee599905f5346ffaafc10b-arm64 OVMF.fd
d2271a81184088c12c46bae90337ab653d2b9e65c52b74ae106f38ebf9319b13
cd /home/zededa-ci/src/eve/dist/arm64 ; _() { C=`docker create $1 fake` ; shift ; docker export $C | tar -xf - "$@" ; docker rm $C ; } ; _ lfedge/eve-uefi:5c00deeac0b200565fee599905f5346ffaafc10b-arm64 OVMF_CODE.fd
tar: OVMF_CODE.fd: Not found in archive
tar: Exiting with failure status due to previous errors
c9d396803623ced6f1c1beb0337786f9e9beb913b1a085468588de863dea49cc
cd /home/zededa-ci/src/eve/dist/arm64 ; _() { C=`docker create $1 fake` ; shift ; docker export $C | tar -xf - "$@" ; docker rm $C ; } ; _ lfedge/eve-uefi:5c00deeac0b200565fee599905f5346ffaafc10b-arm64 OVMF_VARS.fd
b190ab6be012d5816e0734855022f5086303b184383f7e69d3d931d2a193eefe
mkdir -p /home/zededa-ci/src/eve/dist/arm64/installer
cd /home/zededa-ci/src/eve/dist/arm64/installer ; _() { C=`docker create $1 fake` ; shift ; docker export $C | tar -xf - "$@" ; docker rm $C ; } ; _ lfedge/eve-grub:a6d7b3d9046fc31dc4834476d2008c64abae24d6-arm64 EFI
f155a07e32c3d0978dc418ec31f04b40f52b2c28c05aa2a6e700f9fab7acf4af
./tools/makeconfig.sh /home/zededa-ci/src/eve/dist/arm64/installer/config.img conf/authorized_keys conf/DevicePortConfig conf/grub.cfg conf/onboard.cert.pem conf/onboard.key.pem conf/root-certificate.pem conf/server conf/v2tlsbaseroot-certificates.pem
1024+0 records in
1024+0 records out
mkfs.fat 4.1 (2017-01-24)
/config.img has 64 heads and 32 sectors per track,
hidden sectors 0x0000;
logical sector size is 512,
using 0xf8 media descriptor, with 2048 sectors;
drive number 0x80;
filesystem has 2 12-bit FATs and 4 sectors per cluster.
FAT size is 2 sectors, and provides 502 clusters.
There is 1 reserved sector.
Root directory contains 512 slots and uses 32 sectors.
Volume ID is a4e8136c, volume label EVE        .
cd /home/zededa-ci/src/eve/dist/arm64/installer ; _() { C=`docker create $1 fake` ; shift ; docker export $C | tar -xf - "$@" ; docker rm $C ; } ; _ lfedge/eve-mkimage-raw-efi:73d534381d5d3df4fb08cacb03022ce4754efda8-arm64 initrd.img EFI
d3437ec0a123ced0089a34492f0ef558dc4120d084b181841a5840935ca150f1
Done building /home/zededa-ci/src/eve/build-tools/bin/linuxkit
patching file images/rootfs-rpi-kvm.yml.in.sed (read from images/rootfs.yml.in)
./tools/makerootfs.sh images/rootfs-rpi-kvm.yml /home/zededa-ci/src/eve/dist/arm64/installer/rootfs-5.7.1-rpi-kvm-arm64.squash squash
Extract kernel image: lfedge/eve-new-kernel:5.7.1-arm64
Add init containers:
Process init image: linuxkit/init:v0.5-arm64
time="2020-07-27T04:22:19+02:00" level=warning msg="targets metadata is nearing expiry, you should re-sign the role metadata"
time="2020-07-27T04:22:19+02:00" level=warning msg="targets/justin metadata is nearing expiry, you should re-sign the role metadata"
Process init image: linuxkit/runc:f79954950022fea76b8b6f10de58cb48e4fb3878-arm64
time="2020-07-27T04:22:22+02:00" level=error msg="Metadata for targets/riyaz expired"
time="2020-07-27T04:22:22+02:00" level=error msg="Metadata for targets/riyaz expired"
time="2020-07-27T04:22:22+02:00" level=warning msg="Error getting targets/riyaz: targets/riyaz expired at Mon May 25 15:32:34 -0700 2020"
time="2020-07-27T04:22:22+02:00" level=warning msg="targets metadata is nearing expiry, you should re-sign the role metadata"
time="2020-07-27T04:22:22+02:00" level=warning msg="targets/justin metadata is nearing expiry, you should re-sign the role metadata"
Process init image: linuxkit/containerd:6ef473a228db6f6ee163f9b9a051102a1552a4ef-arm64
time="2020-07-27T04:22:26+02:00" level=error msg="Metadata for targets/riyaz expired"
time="2020-07-27T04:22:26+02:00" level=error msg="Metadata for targets/riyaz expired"
time="2020-07-27T04:22:26+02:00" level=warning msg="Error getting targets/riyaz: targets/riyaz expired at Sat Jun 6 08:35:43 -0700 2020"
time="2020-07-27T04:22:26+02:00" level=warning msg="targets metadata is nearing expiry, you should re-sign the role metadata"
time="2020-07-27T04:22:26+02:00" level=warning msg="targets/justin metadata is nearing expiry, you should re-sign the role metadata"
Process init image: linuxkit/getty:v0.5-arm64
time="2020-07-27T04:22:30+02:00" level=warning msg="targets/justin metadata is nearing expiry, you should re-sign the role metadata"
time="2020-07-27T04:22:30+02:00" level=warning msg="targets/riyaz metadata is nearing expiry, you should re-sign the role metadata"
time="2020-07-27T04:22:30+02:00" level=warning msg="targets metadata is nearing expiry, you should re-sign the role metadata"
Process init image: linuxkit/memlogd:v0.5-arm64
Process init image: lfedge/eve-grub:5.7.1-arm64
Process init image: lfedge/eve-fw:5.7.1-arm64
Process init image: lfedge/eve-xen:5.7.1-arm64
Process init image: lfedge/eve-gpt-tools:5.7.1-arm64
Process init image: lfedge/eve-dom0-ztools:5.7.1-arm64
Add onboot containers:
  Create OCI config for lfedge/eve-storage-init:5.7.1-arm64
  Create OCI config for linuxkit/sysctl:v0.5-arm64
time="2020-07-27T04:22:48+02:00" level=warning msg="targets metadata is nearing expiry, you should re-sign the role metadata"
time="2020-07-27T04:22:48+02:00" level=warning msg="targets/justin metadata is nearing expiry, you should re-sign the role metadata"
time="2020-07-27T04:22:48+02:00" level=warning msg="targets/ian metadata is nearing expiry, you should re-sign the role metadata"
  Create OCI config for lfedge/eve-rngd:5.7.1-arm64
  Create OCI config for linuxkit/modprobe:v0.5-arm64
time="2020-07-27T04:22:55+02:00" level=warning msg="targets metadata is nearing expiry, you should re-sign the role metadata"
time="2020-07-27T04:22:55+02:00" level=warning msg="targets/ian metadata is nearing expiry, you should re-sign the role metadata"
Add service containers:
  Create OCI config for lfedge/eve-rsyslog:5.7.1-arm64
  Create OCI config for linuxkit/openntpd:v0.5-arm64
time="2020-07-27T04:23:00+02:00" level=error msg="Metadata for targets/justin expired"
time="2020-07-27T04:23:00+02:00" level=error msg="Metadata for targets/justin expired"
time="2020-07-27T04:23:00+02:00" level=warning msg="Error getting targets/justin: targets/justin expired at Fri Jul 24 16:25:30 +0100 2020"
time="2020-07-27T04:23:00+02:00" level=error msg="Metadata for targets/riyaz expired"
time="2020-07-27T04:23:00+02:00" level=error msg="Metadata for targets/riyaz expired"
time="2020-07-27T04:23:00+02:00" level=warning msg="Error getting targets/riyaz: targets/riyaz expired at Mon May 25 15:06:33 -0700 2020"
time="2020-07-27T04:23:00+02:00" level=warning msg="targets/ian metadata is nearing expiry, you should re-sign the role metadata"
time="2020-07-27T04:23:00+02:00" level=warning msg="targets metadata is nearing expiry, you should re-sign the role metadata"
  Create OCI config for linuxkit/sshd:v0.5-arm64
time="2020-07-27T04:23:04+02:00" level=error msg="Metadata for targets/justin expired"
time="2020-07-27T04:23:04+02:00" level=error msg="Metadata for targets/justin expired"
time="2020-07-27T04:23:04+02:00" level=warning msg="Error getting targets/justin: targets/justin expired at Fri May 29 15:28:54 +0100 2020"
time="2020-07-27T04:23:04+02:00" level=error msg="Metadata for targets/riyaz expired"
time="2020-07-27T04:23:04+02:00" level=error msg="Metadata for targets/riyaz expired"
time="2020-07-27T04:23:04+02:00" level=warning msg="Error getting targets/riyaz: targets/riyaz expired at Sun Jul 19 14:46:17 -0700 2020"
time="2020-07-27T04:23:04+02:00" level=warning msg="targets metadata is nearing expiry, you should re-sign the role metadata"
  Create OCI config for lfedge/eve-wwan:5.7.1-arm64
  Create OCI config for lfedge/eve-wlan:5.7.1-arm64
  Create OCI config for lfedge/eve-lisp:5.7.1-arm64
  Create OCI config for lfedge/eve-guacd:5.7.1-arm64
  Create OCI config for lfedge/eve-pillar:5.7.1-arm64
  Create OCI config for lfedge/eve-vtpm:5.7.1-arm64
  Create OCI config for lfedge/eve-watchdog:5.7.1-arm64
  Create OCI config for lfedge/eve-xen-tools:5.7.1-arm64
Add files:
  /etc/eve-release
Parallel mksquashfs: Using 4 processors
Creating 4.0 filesystem on /rootfs.img, block size 131072.
[======================\                                     ]  8500/22119  38%[=================================================|          ] 18500/22119  83%[===========================================================\] 22119/22119 100%

Exportable Squashfs 4.0 filesystem, gzip compressed, data block size 131072
	compressed data, compressed metadata, compressed fragments, compressed xattrs
	duplicates are removed
Filesystem size 255817.96 Kbytes (249.82 Mbytes)
	33.08% of uncompressed filesystem size (773424.94 Kbytes)
Inode table size 248011 bytes (242.20 Kbytes)
	25.14% of uncompressed inode table size (986376 bytes)
Directory table size 268502 bytes (262.21 Kbytes)
	45.49% of uncompressed directory table size (590209 bytes)
Number of duplicate files found 8719
Number of inodes 25336
Number of files 17273
Number of fragments 772
Number of symbolic links  5972
Number of device nodes 4
Number of fifo nodes 0
Number of socket nodes 0
Number of directories 2087
Number of ids (unique uids + gids) 4
Number of uids 2
	root (0)
	unknown (1000)
Number of gids 4
	root (0)
	shadow (42)
	tty (5)
	unknown (1000)
cd /home/zededa-ci/src/eve/dist/arm64/installer ; _() { C=`docker create $1 fake` ; shift ; docker export $C | tar -xf - "$@" ; docker rm $C ; } ; _ lfedge/eve-u-boot:478e1045beb5159538f0bef9a38ca2b5824e7f85-arm64 boot
ecdb87753797137c593e779792d707cc4e251ae01fe90a230c889d1b6cf088ff
cp pkg/eve/build.yml pkg/eve/runme.sh images/*.yml /home/zededa-ci/src/eve/dist/arm64
EVE_HASH=5.7.1 DOCKER_ARCH_TAG=arm64 ./tools/parse-pkgs.sh pkg/eve/Dockerfile.in > /home/zededa-ci/src/eve/dist/arm64/Dockerfile
/home/zededa-ci/src/eve/build-tools/bin/linuxkit pkg push --disable-content-trust --hash-path /home/zededa-ci/src/eve --hash 5.7.1-rpi-kvm --release latest --force --disable-cache /home/zededa-ci/src/eve/dist/arm64
Building and pushing "lfedge/eve:5.7.1-rpi-kvm"
Sending build context to Docker daemon    278MB
Step 1/17 : FROM alpine:3.9.4 as tools
 ---> ce544de9ee2c
Step 2/17 : RUN mkdir -p /out/etc/apk /out/boot && cp -r /etc/apk/* /out/etc/apk/
 ---> Running in 48d5a06db41c
 ---> 6a6d2a1d6183
Removing intermediate container 48d5a06db41c
Step 3/17 : RUN apk add --no-cache --initdb -p /out qemu-img=3.1.0-r3 tar=1.32-r0
 ---> Running in 635934f6572c
fetch http://dl-cdn.alpinelinux.org/alpine/v3.9/main/aarch64/APKINDEX.tar.gz
fetch http://dl-cdn.alpinelinux.org/alpine/v3.9/community/aarch64/APKINDEX.tar.gz
(1/19) Installing libaio (0.3.111-r0)
(2/19) Installing musl (1.1.20-r5)
(3/19) Installing busybox (1.29.3-r10)
Executing busybox-1.29.3-r10.post-install
(4/19) Installing libffi (3.2.1-r6)
(5/19) Installing libintl (0.19.8.1-r4)
(6/19) Installing libuuid (2.33-r0)
(7/19) Installing libblkid (2.33-r0)
(8/19) Installing libmount (2.33-r0)
(9/19) Installing pcre (8.42-r1)
(10/19) Installing zlib (1.2.11-r1)
(11/19) Installing glib (2.58.1-r3)
(12/19) Installing gmp (6.1.2-r1)
(13/19) Installing nettle (3.4.1-r0)
(14/19) Installing p11-kit (0.23.14-r0)
(15/19) Installing libtasn1 (4.14-r0)
(16/19) Installing libunistring (0.9.10-r0)
(17/19) Installing gnutls (3.6.14-r0)
(18/19) Installing qemu-img (3.1.0-r3)
(19/19) Installing tar (1.32-r0)
Executing busybox-1.29.3-r10.trigger
Executing glib-2.58.1-r3.trigger
OK: 16 MiB in 19 packages
 ---> 1865ffc2c307
Removing intermediate container 635934f6572c
Step 4/17 : FROM lfedge/eve-mkimage-iso-efi:5.7.1-arm64 as iso
 ---> 638ce3c9ebdb
Step 5/17 : FROM lfedge/eve-mkimage-raw-efi:5.7.1-arm64 as raw
 ---> b35f376f6d5e
Step 6/17 : RUN rm /initrd.img
 ---> Running in 7230c3bc927d
 ---> 9717fb121531
Removing intermediate container 7230c3bc927d
Step 7/17 : FROM lfedge/eve-mkconf:5.7.1-arm64 as conf
 ---> c612a1c69a0a
Step 8/17 : COPY --from=iso / /
 ---> 8970c446c15a
Step 9/17 : COPY --from=raw / /
 ---> 6000347f5d66
Step 10/17 : COPY --from=tools /out/ /
 ---> 1603181e4da3
Step 11/17 : COPY installer /bits
failed to copy files: failed to copy directory: Error processing tar file(exit status 1): write /rootfs-5.7.1-rpi-kvm-arm64.squash: no space left on device
exit status 1
Makefile:337: recipe for target 'eve' failed
make: *** [eve] Error 1
rm images/rootfs-rpi-kvm.yml images/rootfs-rpi-kvm.yml.in
Creating go builder image for user zededa-ci
eve-build-zededa-ci docker container is ready to use
mkdir -p /home/zededa-ci/src/eve/dist/arm64
cd /home/zededa-ci/src/eve/dist/arm64 ; _() { C=`docker create $1 fake` ; shift ; docker export $C | tar -xf - "$@" ; docker rm $C ; } ; _ lfedge/eve-uefi:5c00deeac0b200565fee599905f5346ffaafc10b-arm64 OVMF.fd
998577c04ae78e7fa7385bc9399a4eff9f10389952dbb964085254962ffd9f93
cd /home/zededa-ci/src/eve/dist/arm64 ; _() { C=`docker create $1 fake` ; shift ; docker export $C | tar -xf - "$@" ; docker rm $C ; } ; _ lfedge/eve-uefi:5c00deeac0b200565fee599905f5346ffaafc10b-arm64 OVMF_CODE.fd
tar: OVMF_CODE.fd: Not found in archive
tar: Exiting with failure status due to previous errors
aa1cf891cbf4b84774975736f6a1fca52b18c1c228057040da79db5c82622891
cd /home/zededa-ci/src/eve/dist/arm64 ; _() { C=`docker create $1 fake` ; shift ; docker export $C | tar -xf - "$@" ; docker rm $C ; } ; _ lfedge/eve-uefi:5c00deeac0b200565fee599905f5346ffaafc10b-arm64 OVMF_VARS.fd
8ccc1f50237697ad94acd1e666cd593536333b158b8d62222ffc50ffb63f37c8
mkdir -p /home/zededa-ci/src/eve/dist/arm64/installer
cd /home/zededa-ci/src/eve/dist/arm64/installer ; _() { C=`docker create $1 fake` ; shift ; docker export $C | tar -xf - "$@" ; docker rm $C ; } ; _ lfedge/eve-grub:a6d7b3d9046fc31dc4834476d2008c64abae24d6-arm64 EFI
981882a41ef1e7d722d7ec5aedad30b3a4868f5b1f0e1cd8b6a40cdc8e3b752f
./tools/makeconfig.sh /home/zededa-ci/src/eve/dist/arm64/installer/config.img conf/authorized_keys conf/DevicePortConfig conf/grub.cfg conf/onboard.cert.pem conf/onboard.key.pem conf/root-certificate.pem conf/server conf/v2tlsbaseroot-certificates.pem
1024+0 records in
1024+0 records out
mkfs.fat 4.1 (2017-01-24)
/config.img has 64 heads and 32 sectors per track,
hidden sectors 0x0000;
logical sector size is 512,
using 0xf8 media descriptor, with 2048 sectors;
drive number 0x80;
filesystem has 2 12-bit FATs and 4 sectors per cluster.
FAT size is 2 sectors, and provides 502 clusters.
There is 1 reserved sector.
Root directory contains 512 slots and uses 32 sectors.
Volume ID is b3e55881, volume label EVE        .
cd /home/zededa-ci/src/eve/dist/arm64/installer ; _() { C=`docker create $1 fake` ; shift ; docker export $C | tar -xf - "$@" ; docker rm $C ; } ; _ lfedge/eve-mkimage-raw-efi:73d534381d5d3df4fb08cacb03022ce4754efda8-arm64 initrd.img EFI
27eb9e41dcaf5b0fb3a2597cbf914d69bccef9aa74bc2f495a3969dcead46b40
Done building /home/zededa-ci/src/eve/build-tools/bin/linuxkit
./tools/makerootfs.sh images/rootfs-kvm.yml /home/zededa-ci/src/eve/dist/arm64/installer/rootfs-5.7.1-kvm-arm64.squash squash
Extract kernel image: lfedge/eve-kernel:5.7.1-arm64
Add init containers:
Process init image: linuxkit/init:v0.5-arm64
time="2020-07-27T04:26:22+02:00" level=warning msg="targets metadata is nearing expiry, you should re-sign the role metadata"
time="2020-07-27T04:26:22+02:00" level=warning msg="targets/justin metadata is nearing expiry, you should re-sign the role metadata"
Process init image: linuxkit/runc:f79954950022fea76b8b6f10de58cb48e4fb3878-arm64
time="2020-07-27T04:26:27+02:00" level=error msg="Metadata for targets/riyaz expired"
time="2020-07-27T04:26:27+02:00" level=error msg="Metadata for targets/riyaz expired"
time="2020-07-27T04:26:27+02:00" level=warning msg="Error getting targets/riyaz: targets/riyaz expired at Mon May 25 15:32:34 -0700 2020"
time="2020-07-27T04:26:27+02:00" level=warning msg="targets/justin metadata is nearing expiry, you should re-sign the role metadata"
time="2020-07-27T04:26:27+02:00" level=warning msg="targets metadata is nearing expiry, you should re-sign the role metadata"
Process init image: linuxkit/containerd:6ef473a228db6f6ee163f9b9a051102a1552a4ef-arm64
time="2020-07-27T04:26:30+02:00" level=error msg="Metadata for targets/riyaz expired"
time="2020-07-27T04:26:31+02:00" level=error msg="Metadata for targets/riyaz expired"
time="2020-07-27T04:26:31+02:00" level=warning msg="Error getting targets/riyaz: targets/riyaz expired at Sat Jun 6 08:35:43 -0700 2020"
time="2020-07-27T04:26:31+02:00" level=warning msg="targets metadata is nearing expiry, you should re-sign the role metadata"
time="2020-07-27T04:26:31+02:00" level=warning msg="targets/justin metadata is nearing expiry, you should re-sign the role metadata"
Process init image: linuxkit/getty:v0.5-arm64
time="2020-07-27T04:26:35+02:00" level=warning msg="targets metadata is nearing expiry, you should re-sign the role metadata"
time="2020-07-27T04:26:35+02:00" level=warning msg="targets/justin metadata is nearing expiry, you should re-sign the role metadata"
time="2020-07-27T04:26:35+02:00" level=warning msg="targets/riyaz metadata is nearing expiry, you should re-sign the role metadata"
Process init image: linuxkit/memlogd:v0.5-arm64
Process init image: lfedge/eve-grub:5.7.1-arm64
Process init image: lfedge/eve-fw:5.7.1-arm64
Process init image: lfedge/eve-xen:5.7.1-arm64
Process init image: lfedge/eve-gpt-tools:5.7.1-arm64
Process init image: lfedge/eve-dom0-ztools:5.7.1-arm64
Add onboot containers:
  Create OCI config for lfedge/eve-storage-init:5.7.1-arm64
  Create OCI config for linuxkit/sysctl:v0.5-arm64
time="2020-07-27T04:26:57+02:00" level=warning msg="targets metadata is nearing expiry, you should re-sign the role metadata"
time="2020-07-27T04:26:57+02:00" level=warning msg="targets/justin metadata is nearing expiry, you should re-sign the role metadata"
time="2020-07-27T04:26:57+02:00" level=warning msg="targets/ian metadata is nearing expiry, you should re-sign the role metadata"
  Create OCI config for lfedge/eve-rngd:5.7.1-arm64
  Create OCI config for linuxkit/modprobe:v0.5-arm64
time="2020-07-27T04:27:03+02:00" level=warning msg="targets/ian metadata is nearing expiry, you should re-sign the role metadata"
time="2020-07-27T04:27:03+02:00" level=warning msg="targets metadata is nearing expiry, you should re-sign the role metadata"
Add service containers:
  Create OCI config for lfedge/eve-rsyslog:5.7.1-arm64
  Create OCI config for linuxkit/openntpd:v0.5-arm64
time="2020-07-27T04:27:09+02:00" level=error msg="Metadata for targets/justin expired"
time="2020-07-27T04:27:09+02:00" level=error msg="Metadata for targets/justin expired"
time="2020-07-27T04:27:09+02:00" level=warning msg="Error getting targets/justin: targets/justin expired at Fri Jul 24 16:25:30 +0100 2020"
time="2020-07-27T04:27:09+02:00" level=error msg="Metadata for targets/riyaz expired"
time="2020-07-27T04:27:09+02:00" level=error msg="Metadata for targets/riyaz expired"
time="2020-07-27T04:27:09+02:00" level=warning msg="Error getting targets/riyaz: targets/riyaz expired at Mon May 25 15:06:33 -0700 2020"
time="2020-07-27T04:27:09+02:00" level=warning msg="targets/ian metadata is nearing expiry, you should re-sign the role metadata"
time="2020-07-27T04:27:09+02:00" level=warning msg="targets metadata is nearing expiry, you should re-sign the role metadata"
  Create OCI config for linuxkit/sshd:v0.5-arm64
time="2020-07-27T04:27:13+02:00" level=error msg="Metadata for targets/justin expired"
time="2020-07-27T04:27:13+02:00" level=error msg="Metadata for targets/justin expired"
time="2020-07-27T04:27:13+02:00" level=warning msg="Error getting targets/justin: targets/justin expired at Fri May 29 15:28:54 +0100 2020"
time="2020-07-27T04:27:13+02:00" level=error msg="Metadata for targets/riyaz expired"
time="2020-07-27T04:27:14+02:00" level=error msg="Metadata for targets/riyaz expired"
time="2020-07-27T04:27:14+02:00" level=warning msg="Error getting targets/riyaz: targets/riyaz expired at Sun Jul 19 14:46:17 -0700 2020"
time="2020-07-27T04:27:14+02:00" level=warning msg="targets metadata is nearing expiry, you should re-sign the role metadata"
  Create OCI config for lfedge/eve-wwan:5.7.1-arm64
  Create OCI config for lfedge/eve-wlan:5.7.1-arm64
  Create OCI config for lfedge/eve-lisp:5.7.1-arm64
  Create OCI config for lfedge/eve-guacd:5.7.1-arm64
  Create OCI config for lfedge/eve-pillar:5.7.1-arm64
  Create OCI config for lfedge/eve-vtpm:5.7.1-arm64
  Create OCI config for lfedge/eve-watchdog:5.7.1-arm64
  Create OCI config for lfedge/eve-xen-tools:5.7.1-arm64
Add files:
  /etc/eve-release
Parallel mksquashfs: Using 4 processors
Creating 4.0 filesystem on /rootfs.img, block size 131072.
[========================|                                   ]  8800/21548  40%[===============================================/            ] 17200/21548  79%[=================================================|          ] 18000/21548  83%
Write failed because No space left on device

FATAL ERROR:Failed to write to output filesystem
Makefile:433: recipe for target '/home/zededa-ci/src/eve/dist/arm64/installer/rootfs-5.7.1-kvm-arm64.squash' failed
make: *** [/home/zededa-ci/src/eve/dist/arm64/installer/rootfs-5.7.1-kvm-arm64.squash] Error 1
rm images/rootfs-kvm.yml images/rootfs-kvm.yml.in
Creating go builder image for user zededa-ci
eve-build-zededa-ci docker container is ready to use
mkdir -p /home/zededa-ci/src/eve/dist/arm64
cd /home/zededa-ci/src/eve/dist/arm64 ; _() { C=`docker create $1 fake` ; shift ; docker export $C | tar -xf - "$@" ; docker rm $C ; } ; _ lfedge/eve-uefi:5c00deeac0b200565fee599905f5346ffaafc10b-arm64 OVMF.fd
eaf13c319173061759fe973f804c58abd413130fca12f43c862eea66cc0a3563
cd /home/zededa-ci/src/eve/dist/arm64 ; _() { C=`docker create $1 fake` ; shift ; docker export $C | tar -xf - "$@" ; docker rm $C ; } ; _ lfedge/eve-uefi:5c00deeac0b200565fee599905f5346ffaafc10b-arm64 OVMF_CODE.fd
tar: OVMF_CODE.fd: Not found in archive
tar: Exiting with failure status due to previous errors
04593feb09f2a4438d9de7860083f6967d72303b922b2b9d7faea43bbbf95988
cd /home/zededa-ci/src/eve/dist/arm64 ; _() { C=`docker create $1 fake` ; shift ; docker export $C | tar -xf - "$@" ; docker rm $C ; } ; _ lfedge/eve-uefi:5c00deeac0b200565fee599905f5346ffaafc10b-arm64 OVMF_VARS.fd
b7af29ac08f9c2fae334838ba501ff5612593953a6a5b6c7a20fa9bcaf95ade9
mkdir -p /home/zededa-ci/src/eve/dist/arm64/installer
cd /home/zededa-ci/src/eve/dist/arm64/installer ; _() { C=`docker create $1 fake` ; shift ; docker export $C | tar -xf - "$@" ; docker rm $C ; } ; _ lfedge/eve-grub:a6d7b3d9046fc31dc4834476d2008c64abae24d6-arm64 EFI
e4712fcdc57c4f2a075f9f560e119152e2465c4ce36f1d0ae8701b7868f39784
./tools/makeconfig.sh /home/zededa-ci/src/eve/dist/arm64/installer/config.img conf/authorized_keys conf/DevicePortConfig conf/grub.cfg conf/onboard.cert.pem conf/onboard.key.pem conf/root-certificate.pem conf/server conf/v2tlsbaseroot-certificates.pem
1024+0 records in
1024+0 records out
mkfs.fat 4.1 (2017-01-24)
/config.img has 64 heads and 32 sectors per track,
hidden sectors 0x0000;
logical sector size is 512,
using 0xf8 media descriptor, with 2048 sectors;
drive number 0x80;
filesystem has 2 12-bit FATs and 4 sectors per cluster.
FAT size is 2 sectors, and provides 502 clusters.
There is 1 reserved sector.
Root directory contains 512 slots and uses 32 sectors.
Volume ID is c01e4814, volume label EVE        .
cd /home/zededa-ci/src/eve/dist/arm64/installer ; _() { C=`docker create $1 fake` ; shift ; docker export $C | tar -xf - "$@" ; docker rm $C ; } ; _ lfedge/eve-mkimage-raw-efi:73d534381d5d3df4fb08cacb03022ce4754efda8-arm64 initrd.img EFI
4b7f0913d92f781377a59c0fb293ee27585bf00a5befce7e021da87e658870b1
Done building /home/zededa-ci/src/eve/build-tools/bin/linuxkit
./tools/makerootfs.sh images/rootfs-xen.yml /home/zededa-ci/src/eve/dist/arm64/installer/rootfs-5.7.1-xen-arm64.squash squash
Extract kernel image: lfedge/eve-kernel:5.7.1-arm64
Add init containers:
Process init image: linuxkit/init:v0.5-arm64
time="2020-07-27T04:29:40+02:00" level=warning msg="targets metadata is nearing expiry, you should re-sign the role metadata"
time="2020-07-27T04:29:40+02:00" level=warning msg="targets/justin metadata is nearing expiry, you should re-sign the role metadata"
Process init image: linuxkit/runc:f79954950022fea76b8b6f10de58cb48e4fb3878-arm64
time="2020-07-27T04:29:45+02:00" level=error msg="Metadata for targets/riyaz expired"
time="2020-07-27T04:29:46+02:00" level=error msg="Metadata for targets/riyaz expired"
time="2020-07-27T04:29:46+02:00" level=warning msg="Error getting targets/riyaz: targets/riyaz expired at Mon May 25 15:32:34 -0700 2020"
time="2020-07-27T04:29:46+02:00" level=warning msg="targets metadata is nearing expiry, you should re-sign the role metadata"
time="2020-07-27T04:29:46+02:00" level=warning msg="targets/justin metadata is nearing expiry, you should re-sign the role metadata"
Process init image: linuxkit/containerd:6ef473a228db6f6ee163f9b9a051102a1552a4ef-arm64
time="2020-07-27T04:29:51+02:00" level=error msg="Metadata for targets/riyaz expired"
time="2020-07-27T04:29:51+02:00" level=error msg="Metadata for targets/riyaz expired"
time="2020-07-27T04:29:51+02:00" level=warning msg="Error getting targets/riyaz: targets/riyaz expired at Sat Jun 6 08:35:43 -0700 2020"
time="2020-07-27T04:29:51+02:00" level=warning msg="targets metadata is nearing expiry, you should re-sign the role metadata"
time="2020-07-27T04:29:51+02:00" level=warning msg="targets/justin metadata is nearing expiry, you should re-sign the role metadata"
Process init image: linuxkit/getty:v0.5-arm64
time="2020-07-27T04:30:00+02:00" level=warning msg="targets/justin metadata is nearing expiry, you should re-sign the role metadata"
time="2020-07-27T04:30:00+02:00" level=warning msg="targets/riyaz metadata is nearing expiry, you should re-sign the role metadata"
time="2020-07-27T04:30:00+02:00" level=warning msg="targets metadata is nearing expiry, you should re-sign the role metadata"
Process init image: linuxkit/memlogd:v0.5-arm64
Process init image: lfedge/eve-grub:5.7.1-arm64
Process init image: lfedge/eve-fw:5.7.1-arm64
lib/firmware/brcm/brcmfmac43570-pcie.bin: Write failed
lib/firmware/brcm/brcmfmac4358-pcie.bin: Write failed
lib/firmware/brcm/brcmfmac43602-pcie.ap.bin: Write failed
lib/firmware/brcm/brcmfmac43602-pcie.bin: Write failed
write /dev/stderr: no space left on device
Makefile:433: recipe for target '/home/zededa-ci/src/eve/dist/arm64/installer/rootfs-5.7.1-xen-arm64.squash' failed
make: *** [/home/zededa-ci/src/eve/dist/arm64/installer/rootfs-5.7.1-xen-arm64.squash] Error 1
rm images/rootfs-xen.yml images/rootfs-xen.yml.in
Skipping repository .go/pkg/dep/sources/https---github.com-linuxkit-linuxkit
Skipping repository .go/pkg/dep/sources/https---github.com-moby-hyperkit
Skipping repository .go/pkg/dep/sources/https---github.com-gorilla-context
Skipping repository .go/pkg/dep/sources/https---github.com-theupdateframework-notary
Skipping repository .go/pkg/dep/sources/https---github.com-mitchellh-go--ps
Skipping repository .go/pkg/dep/sources/https---github.com-golang-appengine
Skipping repository .go/pkg/dep/sources/https---github.com-xeipuuv-gojsonschema
Skipping repository .go/pkg/dep/sources/https---go.googlesource.com-net
Skipping repository .go/pkg/dep/sources/https---github.com-xeipuuv-gojsonpointer
Skipping repository .go/pkg/dep/sources/https---github.com-Azure-azure--sdk--for--go
Skipping repository .go/pkg/dep/sources/https---github.com-moby-tool
Skipping repository .go/pkg/dep/sources/https---github.com-Azure-go--ansiterm
Skipping repository .go/pkg/dep/sources/https---github.com-moby-vpnkit
Skipping repository .go/pkg/dep/sources/https---github.com-moul-anonuuid
Skipping repository .go/pkg/dep/sources/https---github.com-Azure-go--autorest
Skipping repository .go/pkg/dep/sources/https---github.com-moul-gotty--client
Skipping repository .go/pkg/dep/sources/https---github.com-Microsoft-go--winio
Skipping repository .go/pkg/dep/sources/https---github.com-agl-ed25519
Skipping repository .go/pkg/dep/sources/https---github.com-aws-aws--sdk--go
Skipping repository .go/pkg/dep/sources/https---github.com-containerd-containerd
Skipping repository .go/pkg/dep/sources/https---github.com-opencontainers-go--digest
Skipping repository .go/pkg/dep/sources/https---github.com-opencontainers-image--spec
Skipping repository .go/pkg/dep/sources/https---github.com-opencontainers-runtime--spec
Skipping repository .go/pkg/dep/sources/https---github.com-packethost-packngo
Skipping repository .go/pkg/dep/sources/https---github.com-pkg-errors
Skipping repository .go/pkg/dep/sources/https---github.com-radu--matei-azure--sdk--for--go
Skipping repository .go/pkg/dep/sources/https---github.com-radu--matei-azure--vhd--utils
Skipping repository .go/pkg/dep/sources/https---github.com-renstrom-fuzzysearch
Skipping repository .go/pkg/dep/sources/https---github.com-rn-iso9660wrap
Skipping repository .go/pkg/dep/sources/https---github.com-creack-goselect
Skipping repository .go/pkg/dep/sources/https---github.com-dgrijalva-jwt--go
Skipping repository .go/pkg/dep/sources/https---github.com-docker-distribution
Skipping repository .go/pkg/dep/sources/https---github.com-docker-docker
Skipping repository .go/pkg/dep/sources/https---github.com-docker-go
Skipping repository .go/pkg/dep/sources/https---github.com-docker-go--connections
Skipping repository .go/pkg/dep/sources/https---github.com-docker-go--units
Skipping repository .go/pkg/dep/sources/https---github.com-jmespath-go--jmespath
Skipping repository .go/pkg/dep/sources/https---github.com-scaleway-go--scaleway
Skipping repository .go/pkg/dep/sources/https---github.com-go--ini-ini
Skipping repository .go/pkg/dep/sources/https---github.com-gorilla-mux
Skipping repository .go/pkg/dep/sources/https---github.com-gogo-protobuf
Skipping repository .go/pkg/dep/sources/https---github.com-gorilla-websocket
Skipping repository .go/pkg/dep/sources/https---github.com-vmware-govmomi
Skipping repository .go/pkg/dep/sources/https---github.com-sirupsen-logrus
Skipping repository .go/pkg/dep/sources/https---gopkg.in-yaml.v2
Skipping repository .go/pkg/dep/sources/https---github.com-golang-protobuf
Skipping repository .go/pkg/dep/sources/https---github.com-docker-go--p9p
Skipping repository .go/pkg/dep/sources/https---github.com-google-uuid
Skipping repository .go/pkg/dep/sources/https---github.com-gophercloud-gophercloud
Skipping repository .go/pkg/dep/sources/https---github.com-xeipuuv-gojsonreference
Skipping repository .go/pkg/dep/sources/https---github.com-moby-datakit
Skipping repository .go/pkg/dep/sources/https---github.com-surma-gocpio
Skipping repository .go/pkg/dep/sources/https---github.com-miekg-pkcs11
Skipping repository .go/pkg/dep/sources/https---go.googlesource.com-sync
Skipping repository .go/pkg/dep/sources/https---go.googlesource.com-oauth2
Skipping repository .go/pkg/dep/sources/https---code.googlesource.com-gocloud
Skipping repository .go/pkg/dep/sources/https---go.googlesource.com-sys
Skipping repository .go/pkg/dep/sources/https---go.googlesource.com-crypto
Skipping repository .go/pkg/dep/sources/https---code.googlesource.com-google--api--go--client
Skipping repository .go/pkg/dep/sources/https---github.com-census--instrumentation-opencensus--go
Skipping repository .go/pkg/dep/sources/https---github.com-googleapis-gax--go
Skipping repository .go/pkg/dep/sources/https---github.com-grpc-grpc--go
Skipping repository .go/pkg/dep/sources/https---github.com-konsorten-go--windows--terminal--sequences
Skipping repository .go/pkg/dep/sources/https---github.com-golang-groupcache
Skipping repository .go/pkg/dep/sources/https---github.com-google-go--genproto
Skipping repository .go/pkg/dep/sources/https---go.googlesource.com-text
Removing .go/src
Removing .go/bin
Removing build-tools/bin/linuxkit
Removing build-tools/bin/manifest-tool
Removing dist/
Checking out files:  26% (48/180)   Checking out files:  27% (49/180)   Checking out files:  28% (51/180)   Checking out files:  29% (53/180)   Checking out files:  30% (54/180)   Checking out files:  31% (56/180)   Checking out files:  32% (58/180)   Checking out files:  33% (60/180)   Checking out files:  34% (62/180)   Checking out files:  35% (63/180)   Checking out files:  36% (65/180)   Checking out files:  37% (67/180)   Checking out files:  38% (69/180)   Checking out files:  39% (71/180)   Checking out files:  40% (72/180)   Checking out files:  41% (74/180)   Checking out files:  42% (76/180)   Checking out files:  43% (78/180)   Checking out files:  44% (80/180)   Checking out files:  45% (81/180)   Checking out files:  46% (83/180)   Checking out files:  47% (85/180)   Checking out files:  48% (87/180)   Checking out files:  49% (89/180)   Checking out files:  50% (90/180)   Checking out files:  51% (92/180)   Checking out files:  52% (94/180)   Checking out files:  53% (96/180)   Checking out files:  54% (98/180)   Checking out files:  55% (99/180)   Checking out files:  56% (101/180)   Checking out files:  57% (103/180)   Checking out files:  58% (105/180)   Checking out files:  59% (107/180)   Checking out files:  60% (108/180)   Checking out files:  61% (110/180)   Checking out files:  62% (112/180)   Checking out files:  63% (114/180)   Checking out files:  64% (116/180)   Checking out files:  65% (117/180)   Checking out files:  66% (119/180)   Checking out files:  67% (121/180)   Checking out files:  68% (123/180)   Checking out files:  69% (125/180)   Checking out files:  70% (126/180)   Checking out files:  71% (128/180)   Checking out files:  72% (130/180)   Checking out files:  73% (132/180)   Checking out files:  74% (134/180)   Checking out files:  75% (135/180)   Checking out files:  76% (137/180)   Checking out files:  77% (139/180)   Checking out files:  78% (141/180)   Checking out files:  79% (143/180)   Checking out files:  80% (144/180)   Checking out files:  81% (146/180)   Checking out files:  82% (148/180)   Checking out files:  83% (150/180)   Checking out files:  84% (152/180)   Checking out files:  85% (153/180)   Checking out files:  86% (155/180)   Checking out files:  87% (157/180)   Checking out files:  88% (159/180)   Checking out files:  89% (161/180)   Checking out files:  90% (162/180)   Checking out files:  91% (164/180)   Checking out files:  92% (166/180)   Checking out files:  93% (168/180)   Checking out files:  94% (170/180)   Checking out files:  95% (171/180)   Checking out files:  96% (173/180)   Checking out files:  97% (175/180)   Checking out files:  98% (177/180)   Checking out files:  99% (179/180)   Checking out files: 100% (180/180)   Checking out files: 100% (180/180), done.
HEAD is now at fb93042c Pulling zfs tools into host filesystem
Creating go builder image for user zededa-ci
eve-build-zededa-ci docker container is ready to use
go build vendor/github.com/linuxkit/linuxkit/src/cmd/linuxkit: copying /tmp/go-build623360811/b001/exe/a.out to /go/bin/linuxkit: write /go/bin/linuxkit: no space left on device
Makefile:385: recipe for target '/home/zededa-ci/src/eve/build-tools/bin/linuxkit' failed
make: *** [/home/zededa-ci/src/eve/build-tools/bin/linuxkit] Error 1
Creating go builder image for user zededa-ci
eve-build-zededa-ci docker container is ready to use
go build vendor/github.com/linuxkit/linuxkit/src/cmd/linuxkit: copying /tmp/go-build275124378/b001/exe/a.out to /go/bin/linuxkit: write /go/bin/linuxkit: no space left on device
Makefile:385: recipe for target '/home/zededa-ci/src/eve/build-tools/bin/linuxkit' failed
make: *** [/home/zededa-ci/src/eve/build-tools/bin/linuxkit] Error 1
Creating go builder image for user zededa-ci
eve-build-zededa-ci docker container is ready to use
go build vendor/github.com/linuxkit/linuxkit/src/cmd/linuxkit: copying /tmp/go-build938488435/b001/exe/a.out to /go/bin/linuxkit: write /go/bin/linuxkit: no space left on device
Makefile:385: recipe for target '/home/zededa-ci/src/eve/build-tools/bin/linuxkit' failed
make: *** [/home/zededa-ci/src/eve/build-tools/bin/linuxkit] Error 1
Creating go builder image for user zededa-ci
eve-build-zededa-ci docker container is ready to use
go build vendor/github.com/linuxkit/linuxkit/src/cmd/linuxkit: copying /tmp/go-build816886516/b001/exe/a.out to /go/bin/linuxkit: write /go/bin/linuxkit: no space left on device
Makefile:385: recipe for target '/home/zededa-ci/src/eve/build-tools/bin/linuxkit' failed
make: *** [/home/zededa-ci/src/eve/build-tools/bin/linuxkit] Error 1
Creating go builder image for user zededa-ci
eve-build-zededa-ci docker container is ready to use
go build vendor/github.com/linuxkit/linuxkit/src/cmd/linuxkit: copying /tmp/go-build106291568/b001/exe/a.out to /go/bin/linuxkit: write /go/bin/linuxkit: no space left on device
Makefile:385: recipe for target '/home/zededa-ci/src/eve/build-tools/bin/linuxkit' failed
make: *** [/home/zededa-ci/src/eve/build-tools/bin/linuxkit] Error 1
FINISHED
