From https://github.com/lf-edge/eve
 * [new tag]           4.10.0     -> 4.10.0
 * [new tag]           5.0.0      -> 5.0.0
 * [new tag]           5.0.1      -> 5.0.1
 * [new tag]           5.1.0      -> 5.1.0
 * [new tag]           5.1.1      -> 5.1.1
 * [new tag]           5.1.10     -> 5.1.10
 * [new tag]           5.1.11     -> 5.1.11
 * [new tag]           5.2.0      -> 5.2.0
 * [new tag]           5.2.1      -> 5.2.1
 * [new tag]           5.2.2      -> 5.2.2
 * [new tag]           5.2.3      -> 5.2.3
 * [new tag]           5.2.4      -> 5.2.4
 * [new tag]           5.3.0      -> 5.3.0
 * [new tag]           5.4.0      -> 5.4.0
 * [new tag]           5.4.1      -> 5.4.1
 * [new tag]           5.5.0      -> 5.5.0
Building the following tags:  origin/master (latest tag is 5.5.0)
Skipping repository .go/pkg/dep/sources/https---github.com-linuxkit-linuxkit
Skipping repository .go/pkg/dep/sources/https---github.com-moby-hyperkit
Skipping repository .go/pkg/dep/sources/https---github.com-gorilla-context
Skipping repository .go/pkg/dep/sources/https---github.com-theupdateframework-notary
Skipping repository .go/pkg/dep/sources/https---github.com-mitchellh-go--ps
Skipping repository .go/pkg/dep/sources/https---github.com-golang-appengine
Skipping repository .go/pkg/dep/sources/https---github.com-xeipuuv-gojsonschema
Skipping repository .go/pkg/dep/sources/https---go.googlesource.com-net
Skipping repository .go/pkg/dep/sources/https---github.com-xeipuuv-gojsonpointer
Skipping repository .go/pkg/dep/sources/https---github.com-Azure-azure--sdk--for--go
Skipping repository .go/pkg/dep/sources/https---github.com-moby-tool
Skipping repository .go/pkg/dep/sources/https---github.com-Azure-go--ansiterm
Skipping repository .go/pkg/dep/sources/https---github.com-moby-vpnkit
Skipping repository .go/pkg/dep/sources/https---github.com-moul-anonuuid
Skipping repository .go/pkg/dep/sources/https---github.com-Azure-go--autorest
Skipping repository .go/pkg/dep/sources/https---github.com-moul-gotty--client
Skipping repository .go/pkg/dep/sources/https---github.com-Microsoft-go--winio
Skipping repository .go/pkg/dep/sources/https---github.com-agl-ed25519
Skipping repository .go/pkg/dep/sources/https---github.com-aws-aws--sdk--go
Skipping repository .go/pkg/dep/sources/https---github.com-containerd-containerd
Skipping repository .go/pkg/dep/sources/https---github.com-opencontainers-go--digest
Skipping repository .go/pkg/dep/sources/https---github.com-opencontainers-image--spec
Skipping repository .go/pkg/dep/sources/https---github.com-opencontainers-runtime--spec
Skipping repository .go/pkg/dep/sources/https---github.com-packethost-packngo
Skipping repository .go/pkg/dep/sources/https---github.com-pkg-errors
Skipping repository .go/pkg/dep/sources/https---github.com-radu--matei-azure--sdk--for--go
Skipping repository .go/pkg/dep/sources/https---github.com-radu--matei-azure--vhd--utils
Skipping repository .go/pkg/dep/sources/https---github.com-renstrom-fuzzysearch
Skipping repository .go/pkg/dep/sources/https---github.com-rn-iso9660wrap
Skipping repository .go/pkg/dep/sources/https---github.com-creack-goselect
Skipping repository .go/pkg/dep/sources/https---github.com-dgrijalva-jwt--go
Skipping repository .go/pkg/dep/sources/https---github.com-docker-distribution
Skipping repository .go/pkg/dep/sources/https---github.com-docker-docker
Skipping repository .go/pkg/dep/sources/https---github.com-docker-go
Skipping repository .go/pkg/dep/sources/https---github.com-docker-go--connections
Skipping repository .go/pkg/dep/sources/https---github.com-docker-go--units
Skipping repository .go/pkg/dep/sources/https---github.com-jmespath-go--jmespath
Skipping repository .go/pkg/dep/sources/https---github.com-scaleway-go--scaleway
Skipping repository .go/pkg/dep/sources/https---github.com-go--ini-ini
Skipping repository .go/pkg/dep/sources/https---github.com-gorilla-mux
Skipping repository .go/pkg/dep/sources/https---github.com-gogo-protobuf
Skipping repository .go/pkg/dep/sources/https---github.com-gorilla-websocket
Skipping repository .go/pkg/dep/sources/https---github.com-vmware-govmomi
Skipping repository .go/pkg/dep/sources/https---github.com-sirupsen-logrus
Skipping repository .go/pkg/dep/sources/https---gopkg.in-yaml.v2
Skipping repository .go/pkg/dep/sources/https---github.com-golang-protobuf
Skipping repository .go/pkg/dep/sources/https---github.com-docker-go--p9p
Skipping repository .go/pkg/dep/sources/https---github.com-google-uuid
Skipping repository .go/pkg/dep/sources/https---github.com-gophercloud-gophercloud
Skipping repository .go/pkg/dep/sources/https---github.com-xeipuuv-gojsonreference
Skipping repository .go/pkg/dep/sources/https---github.com-moby-datakit
Skipping repository .go/pkg/dep/sources/https---github.com-surma-gocpio
Skipping repository .go/pkg/dep/sources/https---github.com-miekg-pkcs11
Skipping repository .go/pkg/dep/sources/https---go.googlesource.com-sync
Skipping repository .go/pkg/dep/sources/https---go.googlesource.com-oauth2
Skipping repository .go/pkg/dep/sources/https---code.googlesource.com-gocloud
Skipping repository .go/pkg/dep/sources/https---go.googlesource.com-sys
Skipping repository .go/pkg/dep/sources/https---go.googlesource.com-crypto
Skipping repository .go/pkg/dep/sources/https---code.googlesource.com-google--api--go--client
Skipping repository .go/pkg/dep/sources/https---github.com-census--instrumentation-opencensus--go
Skipping repository .go/pkg/dep/sources/https---github.com-googleapis-gax--go
Skipping repository .go/pkg/dep/sources/https---github.com-grpc-grpc--go
Skipping repository .go/pkg/dep/sources/https---github.com-konsorten-go--windows--terminal--sequences
Skipping repository .go/pkg/dep/sources/https---github.com-golang-groupcache
Skipping repository .go/pkg/dep/sources/https---github.com-google-go--genproto
Skipping repository .go/pkg/dep/sources/https---go.googlesource.com-text
Removing .go/src
Removing .go/bin
Removing build-tools/bin/linuxkit
Removing build-tools/bin/manifest-tool
Removing dist/
HEAD is now at 56e3228a Fix bug in PCIRelease() implementation in KVM hypervisor
Creating go builder image for user zededa-ci
eve-build-zededa-ci docker container is ready to use
Done building /home/zededa-ci/src/eve/build-tools/bin/linuxkit
Building and pushing "lfedge/eve-acrn:4671ddb5582e8c788d6953ce113ca1f53af81fe8"
4671ddb5582e8c788d6953ce113ca1f53af81fe8: Pulling from lfedge/eve-acrn
Digest: sha256:7d8badd1ec2a820dd5c442f6e9ee0a369d786609f4c029e300efb9065a88e944
Status: Image is up to date for lfedge/eve-acrn:4671ddb5582e8c788d6953ce113ca1f53af81fe8
Building and pushing "lfedge/eve-acrn-kernel:1dcbb693d67ce409e081bf5fdaa3b3c6cd1cf7c9"
1dcbb693d67ce409e081bf5fdaa3b3c6cd1cf7c9: Pulling from lfedge/eve-acrn-kernel
Digest: sha256:4e919dabba56fe57cea76b45a0e81a6c0b964b5f4d622e8f38f9e989d78cd6a2
Status: Image is up to date for lfedge/eve-acrn-kernel:1dcbb693d67ce409e081bf5fdaa3b3c6cd1cf7c9
Building and pushing "lfedge/eve-alpine:ac1dc159510afa61334222cedf085c7730e4583c"
ac1dc159510afa61334222cedf085c7730e4583c: Pulling from lfedge/eve-alpine
Digest: sha256:11acfecd7d2baf8c6b9b369db7c57f805db63901eaba796f59d755daa0212ed6
Status: Image is up to date for lfedge/eve-alpine:ac1dc159510afa61334222cedf085c7730e4583c
Building and pushing "lfedge/eve-debug:2ff5b19ea565a13fa93a634abdef20e04276b73b"
2ff5b19ea565a13fa93a634abdef20e04276b73b: Pulling from lfedge/eve-debug
Digest: sha256:5635f14ff52bd253d475322d9082e33364662ab71b14717dd67a9bf7e3eb84ea
Status: Image is up to date for lfedge/eve-debug:2ff5b19ea565a13fa93a634abdef20e04276b73b
Building and pushing "lfedge/eve-dnsmasq:daf64b1cfa970979aa461faf7024beea9b5d6ded"
daf64b1cfa970979aa461faf7024beea9b5d6ded: Pulling from lfedge/eve-dnsmasq
Digest: sha256:154f733a60bc10438f9e6125442bb0f4424995d099b830385371c3430e1813f7
Status: Image is up to date for lfedge/eve-dnsmasq:daf64b1cfa970979aa461faf7024beea9b5d6ded
Building and pushing "lfedge/eve-dom0-ztools:5450ed24dca591ec67c2a7465df5b203e7e92479"
5450ed24dca591ec67c2a7465df5b203e7e92479: Pulling from lfedge/eve-dom0-ztools
Digest: sha256:948f14182f26680b7428d2cea334a30c57f595faf640c78078a6fb75e2d451ee
Status: Image is up to date for lfedge/eve-dom0-ztools:5450ed24dca591ec67c2a7465df5b203e7e92479
Building and pushing "lfedge/eve-fw:60af30b13b43cdc50b6cbb6e30a5e4d1feb154e0"
60af30b13b43cdc50b6cbb6e30a5e4d1feb154e0: Pulling from lfedge/eve-fw
Digest: sha256:66ab18a572b7e443201cfc837ac02d97b4006ade3c8e2791ccee30576556327e
Status: Image is up to date for lfedge/eve-fw:60af30b13b43cdc50b6cbb6e30a5e4d1feb154e0
Building and pushing "lfedge/eve-gpt-tools:e378abea66b77fb7e9587b798a8caf5c78f440c1"
e378abea66b77fb7e9587b798a8caf5c78f440c1: Pulling from lfedge/eve-gpt-tools
Digest: sha256:5ab0097ee02c29d030203bd8abd8bcff401b987d5d009db75c8ac051e147210b
Status: Image is up to date for lfedge/eve-gpt-tools:e378abea66b77fb7e9587b798a8caf5c78f440c1
Building and pushing "lfedge/eve-grub:aa6b2e431670cf3859b1a3d683b9e0e238e30655"
aa6b2e431670cf3859b1a3d683b9e0e238e30655: Pulling from lfedge/eve-grub
Digest: sha256:7c1df25cdc9e40faa207f38b6fbeb34014badea188cc928b185d1c614c60bacb
Status: Image is up to date for lfedge/eve-grub:aa6b2e431670cf3859b1a3d683b9e0e238e30655
Building and pushing "lfedge/eve-guacd:f1f08a0fcadd35320f5d03fe0f0a1a318e8449be"
f1f08a0fcadd35320f5d03fe0f0a1a318e8449be: Pulling from lfedge/eve-guacd
Digest: sha256:c63eaa48b06670e26a257eff3264a87bf0117effb2bb63ba5609b89ec4dcdc1c
Status: Image is up to date for lfedge/eve-guacd:f1f08a0fcadd35320f5d03fe0f0a1a318e8449be
Building and pushing "lfedge/eve-kernel:70e2491f33de2fb09b61287b8a5b4570249750fe"
70e2491f33de2fb09b61287b8a5b4570249750fe: Pulling from lfedge/eve-kernel
Digest: sha256:ce7f94289e9654769a097d6339ef2fe063b64789570cbf7fd4544785d18d0026
Status: Image is up to date for lfedge/eve-kernel:70e2491f33de2fb09b61287b8a5b4570249750fe
Building and pushing "lfedge/eve-lisp:6fe9cf905fb0fc657f646a82b42aa95e4f68f5e5"
6fe9cf905fb0fc657f646a82b42aa95e4f68f5e5: Pulling from lfedge/eve-lisp
Digest: sha256:ffd1e627f758962b57ccab772aa0bfb1e60704574a4b7795008da1fce6315dd0
Status: Image is up to date for lfedge/eve-lisp:6fe9cf905fb0fc657f646a82b42aa95e4f68f5e5
Building and pushing "lfedge/eve-mkconf:b9a89148618d45bd26a93a68701f5d0588e501a9"
b9a89148618d45bd26a93a68701f5d0588e501a9: Pulling from lfedge/eve-mkconf
Digest: sha256:62bd4b02798c2ee42a4bb295dcb67c8a25dfe731466327ac11b163a4928d716d
Status: Image is up to date for lfedge/eve-mkconf:b9a89148618d45bd26a93a68701f5d0588e501a9
Building and pushing "lfedge/eve-mkimage-iso-efi:e0cc637b8d693c6718d31dc1cbab1f7557823c0b"
e0cc637b8d693c6718d31dc1cbab1f7557823c0b: Pulling from lfedge/eve-mkimage-iso-efi
Digest: sha256:c36b9380912751ad210224f1b46b633b6c21371261f03d29dfdbc007b91c4673
Status: Image is up to date for lfedge/eve-mkimage-iso-efi:e0cc637b8d693c6718d31dc1cbab1f7557823c0b
Building and pushing "lfedge/eve-mkimage-raw-efi:5b9c8a3bc15353352a7462b508c9f379e9fcea32"
5b9c8a3bc15353352a7462b508c9f379e9fcea32: Pulling from lfedge/eve-mkimage-raw-efi
Digest: sha256:b950b096c66ef17283e886ed9d7653883968310d610501e00f8fdc3cf78c72d0
Status: Image is up to date for lfedge/eve-mkimage-raw-efi:5b9c8a3bc15353352a7462b508c9f379e9fcea32
Building and pushing "lfedge/eve-mkrootfs-ext4:17ec5bda58c7f6d3717b88d3da55df4516cdb6f3"
17ec5bda58c7f6d3717b88d3da55df4516cdb6f3: Pulling from lfedge/eve-mkrootfs-ext4
Digest: sha256:b867059462b3864d19c8f185331bc5ea7c351a90f69b4f7b97d925ec294d03eb
Status: Image is up to date for lfedge/eve-mkrootfs-ext4:17ec5bda58c7f6d3717b88d3da55df4516cdb6f3
Building and pushing "lfedge/eve-mkrootfs-squash:70b1faff4c3b512c91a1b7157fbddabbd41992f0"
70b1faff4c3b512c91a1b7157fbddabbd41992f0: Pulling from lfedge/eve-mkrootfs-squash
Digest: sha256:bd251f51068e34d09a6b0aad4162484fe8dc09a2a3ca14b57134e49a4838e9b8
Status: Image is up to date for lfedge/eve-mkrootfs-squash:70b1faff4c3b512c91a1b7157fbddabbd41992f0
Building and pushing "lfedge/eve-new-kernel:4b153538089b315f3a37125fa686b34ec17836a6"
4b153538089b315f3a37125fa686b34ec17836a6: Pulling from lfedge/eve-new-kernel
Digest: sha256:a1cf2e704e4f0923bf5f3fe17abe952740e637d59c3fa630b11469d7f5f21324
Status: Image is up to date for lfedge/eve-new-kernel:4b153538089b315f3a37125fa686b34ec17836a6
Building and pushing "lfedge/eve-strongswan:6dda5ee56b295a0115e7c09a0ca23aa925426252"
6dda5ee56b295a0115e7c09a0ca23aa925426252: Pulling from lfedge/eve-strongswan
Digest: sha256:981b13f775e13852c196038eee1fb7163340e9281a5b8a017bf75e1ad10ba8c3
Status: Image is up to date for lfedge/eve-strongswan:6dda5ee56b295a0115e7c09a0ca23aa925426252
Building and pushing "lfedge/eve-pillar:376421ad3bfa9c01e9294828f8fc6ee9baf06a0d"
376421ad3bfa9c01e9294828f8fc6ee9baf06a0d: Pulling from lfedge/eve-pillar
no matching manifest for linux/arm64 in the manifest list entries
No image pulled, continuing with build
Sending build context to Docker daemon  32.09MB
Step 1/45 : ARG GOVER=1.12.4
 ---> 
Step 2/45 : FROM lfedge/eve-alpine:ac1dc159510afa61334222cedf085c7730e4583c as fscrypt-build
 ---> 71f89e1f36c5
Step 3/45 : RUN apk add --no-cache git=2.20.2-r0 gcc=8.3.0-r0 linux-headers=4.18.13-r1                        libc-dev=0.7.1-r0 make=4.2.1-r2 linux-pam-dev=1.3.0-r0                        m4=1.4.18-r1 findutils=4.6.0-r1 go=1.11.5-r0
 ---> Running in ad00286192d6
(1/36) Installing findutils (4.6.0-r1)
(2/36) Installing binutils (2.31.1-r2)
(3/36) Installing gmp (6.1.2-r1)
(4/36) Installing isl (0.18-r0)
(5/36) Installing libgomp (8.3.0-r0)
(6/36) Installing libatomic (8.3.0-r0)
(7/36) Installing libgcc (8.3.0-r0)
(8/36) Installing mpfr3 (3.1.5-r1)
(9/36) Installing mpc1 (1.0.3-r1)
(10/36) Installing libstdc++ (8.3.0-r0)
(11/36) Installing gcc (8.3.0-r0)
(12/36) Installing ca-certificates (20190108-r0)
(13/36) Installing nghttp2-libs (1.35.1-r1)
(14/36) Installing libssh2 (1.9.0-r1)
(15/36) Installing libcurl (7.64.0-r3)
(16/36) Installing expat (2.2.8-r0)
(17/36) Installing pcre2 (10.32-r1)
(18/36) Installing git (2.20.2-r0)
(19/36) Installing go (1.11.5-r0)
(20/36) Installing musl-dev (1.1.20-r5)
(21/36) Installing libc-dev (0.7.1-r0)
(22/36) Installing linux-headers (4.18.13-r1)
(23/36) Installing gettext-asprintf (0.19.8.1-r4)
(24/36) Installing libintl (0.19.8.1-r4)
(25/36) Installing libunistring (0.9.10-r0)
(26/36) Installing gettext-libs (0.19.8.1-r4)
(27/36) Installing ncurses-terminfo-base (6.1_p20190105-r0)
(28/36) Installing ncurses-terminfo (6.1_p20190105-r0)
(29/36) Installing ncurses-libs (6.1_p20190105-r0)
(30/36) Installing libxml2 (2.9.9-r2)
(31/36) Installing gettext (0.19.8.1-r4)
(32/36) Installing gettext-dev (0.19.8.1-r4)
(33/36) Installing linux-pam (1.3.0-r0)
(34/36) Installing linux-pam-dev (1.3.0-r0)
(35/36) Installing m4 (1.4.18-r1)
(36/36) Installing make (4.2.1-r2)
Executing busybox-1.29.3-r10.trigger
Executing ca-certificates-20190108-r0.trigger
OK: 375 MiB in 50 packages
 ---> edc76cede80c
Removing intermediate container ad00286192d6
Step 4/45 : RUN mkdir -p /go/src/github.com/google
 ---> Running in e8dd58e940de
 ---> 98684ecdc99e
Removing intermediate container e8dd58e940de
Step 5/45 : WORKDIR /go/src/github.com/google
 ---> fa1c335955d5
Removing intermediate container fce03646ec9e
Step 6/45 : RUN git clone https://github.com/google/fscrypt
 ---> Running in 8eb4eb50fd3a
[91mCloning into 'fscrypt'...
[0m ---> 294adc2fea57
Removing intermediate container 8eb4eb50fd3a
Step 7/45 : WORKDIR /go/src/github.com/google/fscrypt
 ---> f3c9e872f6f4
Removing intermediate container 7f665695fdac
Step 8/45 : RUN git reset --hard b41569d397d3e66099cde07d8eef36b2f42dd0ec
 ---> Running in 982d26cc45de
HEAD is now at b41569d README.md: improve documentation for moving files into encrypted dirs (#138)
 ---> 6212a58d5994
Removing intermediate container 982d26cc45de
Step 9/45 : COPY fscrypt/* ./
 ---> 5728b2532725
Step 10/45 : RUN patch -p1 < patch01-no-pam.diff &&     patch -p1 < patch02-rotate-raw-key.diff &&     make && make install
 ---> Running in c588da401abe
patching file actions/callback.go
patching file cmd/fscrypt/keys.go
patching file cmd/fscrypt/commands.go
patching file cmd/fscrypt/flags.go
patching file cmd/fscrypt/keys.go
patching file cmd/fscrypt/prompt.go
go build --ldflags '-s -w -X "main.version=v0.2.4-29-gb41569d" -X "main.buildTime=Fri Jun 12 21:37:00 UTC 2020" -extldflags ""' -o bin/fscrypt ./cmd/fscrypt
[91mgo: finding github.com/urfave/cli v1.20.0
[0m[91mgo: finding github.com/pkg/errors v0.8.0
[0m[91mgo: finding github.com/golang/protobuf v1.2.0
[0m[91mgo: finding golang.org/x/crypto v0.0.0-20180820150726-614d502a4dac
[0m[91mgo: finding golang.org/x/net v0.0.0-20180826012351-8a410e7b638d
[0m[91mgo: finding golang.org/x/sync v0.0.0-20180314180146-1d60e4601c6f
go: finding golang.org/x/sys v0.0.0-20180828065106-d99a578cf41b
[0m[91mgo: downloading golang.org/x/crypto v0.0.0-20180820150726-614d502a4dac
[0m[91mgo: downloading github.com/pkg/errors v0.8.0
[0m[91mgo: downloading golang.org/x/sys v0.0.0-20180828065106-d99a578cf41b
[0m[91mgo: downloading github.com/urfave/cli v1.20.0
[0m[91mgo: downloading github.com/golang/protobuf v1.2.0
[0mgo build -buildmode=c-shared --ldflags '-s -w -X "main.version=v0.2.4-29-gb41569d" -X "main.buildTime=Fri Jun 12 21:37:00 UTC 2020" -extldflags ""' -o bin/pam_fscrypt.so ./pam_fscrypt
rm -f bin/pam_fscrypt.h
install -d /usr/local/bin
install bin/fscrypt /usr/local/bin
install -d /usr/local/lib/security
install bin/pam_fscrypt.so /usr/local/lib/security
m4 --define=PAM_INSTALL_PATH=/usr/local/lib/security/pam_fscrypt.so < pam_fscrypt/config > bin/config
install -d /usr/local/share/pam-configs
install bin/config /usr/local/share/pam-configs/fscrypt
 ---> d724a1e9d692
Removing intermediate container c588da401abe
Step 11/45 : ARG GOVER=1.12.4
 ---> Running in 7b5ce72604f5
 ---> 7858e3cad858
Removing intermediate container 7b5ce72604f5
Step 12/45 : FROM golang:${GOVER}-alpine as build
 ---> 7701ec5e84de
Step 13/45 : RUN apk update
 ---> Running in 8eb1fa4d2e76
fetch http://dl-cdn.alpinelinux.org/alpine/v3.9/main/aarch64/APKINDEX.tar.gz
fetch http://dl-cdn.alpinelinux.org/alpine/v3.9/community/aarch64/APKINDEX.tar.gz
v3.9.6-36-g8bb1a68c68 [http://dl-cdn.alpinelinux.org/alpine/v3.9/main]
v3.9.6-13-gfbfc29c6a0 [http://dl-cdn.alpinelinux.org/alpine/v3.9/community]
OK: 9567 distinct packages available
 ---> f35f7b4bc909
Removing intermediate container 8eb1fa4d2e76
Step 14/45 : RUN apk add --no-cache git gcc linux-headers libc-dev util-linux make
 ---> Running in f4049181ed02
fetch http://dl-cdn.alpinelinux.org/alpine/v3.9/main/aarch64/APKINDEX.tar.gz
fetch http://dl-cdn.alpinelinux.org/alpine/v3.9/community/aarch64/APKINDEX.tar.gz
(1/32) Upgrading musl (1.1.20-r4 -> 1.1.20-r5)
(2/32) Installing binutils (2.31.1-r2)
(3/32) Installing gmp (6.1.2-r1)
(4/32) Installing isl (0.18-r0)
(5/32) Installing libgomp (8.3.0-r0)
(6/32) Installing libatomic (8.3.0-r0)
(7/32) Installing libgcc (8.3.0-r0)
(8/32) Installing mpfr3 (3.1.5-r1)
(9/32) Installing mpc1 (1.0.3-r1)
(10/32) Installing libstdc++ (8.3.0-r0)
(11/32) Installing gcc (8.3.0-r0)
(12/32) Installing nghttp2-libs (1.35.1-r2)
(13/32) Installing libssh2 (1.9.0-r1)
(14/32) Installing libcurl (7.64.0-r3)
(15/32) Installing expat (2.2.8-r0)
(16/32) Installing pcre2 (10.32-r1)
(17/32) Installing git (2.20.4-r0)
(18/32) Installing musl-dev (1.1.20-r5)
(19/32) Installing libc-dev (0.7.1-r0)
(20/32) Upgrading musl-utils (1.1.20-r4 -> 1.1.20-r5)
(21/32) Installing linux-headers (4.18.13-r1)
(22/32) Installing make (4.2.1-r2)
(23/32) Installing libuuid (2.33-r0)
(24/32) Installing libblkid (2.33-r0)
(25/32) Installing libmount (2.33-r0)
(26/32) Installing libsmartcols (2.33-r0)
(27/32) Installing findmnt (2.33-r0)
(28/32) Installing libfdisk (2.33-r0)
(29/32) Installing ncurses-terminfo-base (6.1_p20190105-r0)
(30/32) Installing ncurses-terminfo (6.1_p20190105-r0)
(31/32) Installing ncurses-libs (6.1_p20190105-r0)
(32/32) Installing util-linux (2.33-r0)
Executing busybox-1.29.3-r10.trigger
OK: 124 MiB in 45 packages
 ---> f592e8ecff21
Removing intermediate container f4049181ed02
Step 15/45 : ENV GOFLAGS -mod=vendor
 ---> Running in 24ed21bc9a08
 ---> 43d802d3c354
Removing intermediate container 24ed21bc9a08
Step 16/45 : ENV GO111MODULE on
 ---> Running in 7a072ed7efb1
 ---> 423a10fe19f0
Removing intermediate container 7a072ed7efb1
Step 17/45 : ENV CGO_ENABLED 1
 ---> Running in bccca642efa6
 ---> 08e3fc3887cf
Removing intermediate container bccca642efa6
Step 18/45 : ARG GOARCH=
 ---> Running in 8aea78516b12
 ---> 4a3f0d83a825
Removing intermediate container 8aea78516b12
Step 19/45 : ARG CROSS_GCC=https://musl.cc/aarch64-linux-musleabi-cross.tgz
 ---> Running in eb64d44dc10b
 ---> 908bf561b3dc
Removing intermediate container eb64d44dc10b
Step 20/45 : RUN [ -z "$GOARCH" ] || (cd / ; apk add --no-cache wget && wget -O - $CROSS_GCC | tar xzvf -)
 ---> Running in 443db04c7099
 ---> 1e7edeb2d45a
Removing intermediate container 443db04c7099
Step 21/45 : ADD ./ /pillar/
 ---> f04ba43242db
Step 22/45 : WORKDIR /pillar
 ---> 3d4b5a85a550
Removing intermediate container 88b14f723181
Step 23/45 : RUN [ -z "$GOARCH" ] || export CC=$(echo /*-cross/bin/*-gcc) ;    echo "Running go vet" && go vet ./... &&     echo "Running go fmt" && ERR=$(gofmt -e -l -s $(find . -name \*.go | grep -v /vendor/)) &&        if [ -n "$ERR" ] ; then echo "go fmt Failed - ERR: "$ERR ; exit 1 ; fi &&     make DISTDIR=/dist build
 ---> Running in 70b441db45c5
Running go vet
Running go fmt
mkdir -p /dist
Building /dist/zedbox
GO111MODULE=on GOOS=linux CGO_ENABLED=0 go build -mod=vendor -ldflags -X=main.Version=---2020-06-12.21.42 -o /dist/zedbox ./zedbox
hardwaremodel
executor
conntrack
downloader
zedagent
volumemgr
identitymgr
logmanager
command
tpmmgr
ipcmonitor
zedmanager
baseosmgr
diag
verifier
zedrouter
vaultmgr
domainmgr
ledmanager
nim
nodeagent
waitforaddr
client
upgradeconverter
wstunnelclient
 ---> 2777408a590e
Removing intermediate container 70b441db45c5
Step 24/45 : FROM lfedge/eve-dnsmasq:daf64b1cfa970979aa461faf7024beea9b5d6ded-arm64 as dnsmasq
 ---> 124a58947cdf
Step 25/45 : FROM lfedge/eve-strongswan:6dda5ee56b295a0115e7c09a0ca23aa925426252-arm64 as strongswan
 ---> 3af01b66dac2
Step 26/45 : FROM lfedge/eve-gpt-tools:e378abea66b77fb7e9587b798a8caf5c78f440c1-arm64 as gpttools
 ---> 0fe0518a147a
Step 27/45 : FROM alpine:3.8
 ---> b22edbe95d11
Step 28/45 : SHELL /bin/ash -eo pipefail -c
 ---> Running in 1fceeafefac1
 ---> 857ec8238250
Removing intermediate container 1fceeafefac1
Step 29/45 : RUN apk add --no-cache     yajl xz bash openssl iptables ip6tables iproute2 dhcpcd          coreutils dmidecode libbz2 libuuid ipset           curl radvd ethtool     util-linux e2fsprogs libcrypto1.0 xorriso qemu-img     jq e2fsprogs-extra keyutils ca-certificates
 ---> Running in b62cc1b0ad3f
fetch http://dl-cdn.alpinelinux.org/alpine/v3.8/main/aarch64/APKINDEX.tar.gz
fetch http://dl-cdn.alpinelinux.org/alpine/v3.8/community/aarch64/APKINDEX.tar.gz
(1/65) Installing ncurses-terminfo-base (6.1_p20180818-r1)
(2/65) Installing ncurses-terminfo (6.1_p20180818-r1)
(3/65) Installing ncurses-libs (6.1_p20180818-r1)
(4/65) Installing readline (7.0.003-r0)
(5/65) Installing bash (4.4.19-r1)
Executing bash-4.4.19-r1.post-install
(6/65) Installing ca-certificates (20191127-r0)
(7/65) Installing libattr (2.4.47-r7)
(8/65) Installing libacl (2.2.52-r5)
(9/65) Installing coreutils (8.29-r2)
(10/65) Installing nghttp2-libs (1.39.2-r0)
(11/65) Installing libssh2 (1.9.0-r1)
(12/65) Installing libcurl (7.61.1-r3)
(13/65) Installing curl (7.61.1-r3)
(14/65) Installing dhcpcd (7.0.7-r0)
(15/65) Installing dmidecode (3.1-r0)
(16/65) Installing libuuid (2.32-r0)
(17/65) Installing libblkid (2.32-r0)
(18/65) Installing libcom_err (1.44.2-r2)
(19/65) Installing e2fsprogs-libs (1.44.2-r2)
(20/65) Installing e2fsprogs (1.44.2-r2)
(21/65) Installing e2fsprogs-extra (1.44.2-r2)
(22/65) Installing ethtool (4.16-r0)
(23/65) Installing libmnl (1.0.4-r0)
(24/65) Installing jansson (2.11-r0)
(25/65) Installing libnftnl-libs (1.1.1-r0)
(26/65) Installing iptables (1.6.2-r0)
(27/65) Installing ip6tables (1.6.2-r0)
(28/65) Installing libelf (0.8.13-r3)
(29/65) Installing iproute2 (4.13.0-r0)
Executing iproute2-4.13.0-r0.post-install
(30/65) Installing ipset (6.38-r1)
(31/65) Installing oniguruma (6.9.4-r0)
(32/65) Installing jq (1.6_rc1-r1)
(33/65) Installing keyutils-libs (1.5.10-r0)
(34/65) Installing keyutils (1.5.10-r0)
(35/65) Installing libbz2 (1.0.6-r7)
(36/65) Installing libcrypto1.0 (1.0.2u-r0)
(37/65) Installing libssl1.0 (1.0.2u-r0)
(38/65) Installing openssl (1.0.2u-r0)
(39/65) Installing libaio (0.3.111-r0)
(40/65) Installing libgcc (6.4.0-r9)
(41/65) Installing libffi (3.2.1-r4)
(42/65) Installing libintl (0.19.8.1-r2)
(43/65) Installing libmount (2.32-r0)
(44/65) Installing pcre (8.42-r0)
(45/65) Installing glib (2.56.1-r1)
(46/65) Installing gmp (6.1.2-r1)
(47/65) Installing nettle (3.4.1-r0)
(48/65) Installing p11-kit (0.23.10-r0)
(49/65) Installing libtasn1 (4.14-r0)
(50/65) Installing libunistring (0.9.7-r0)
(51/65) Installing gnutls (3.6.7-r1)
(52/65) Installing qemu-img (2.12.0-r3)
(53/65) Installing radvd (2.17-r2)
Executing radvd-2.17-r2.pre-install
(54/65) Installing libsmartcols (2.32-r0)
(55/65) Installing findmnt (2.32-r0)
(56/65) Installing libfdisk (2.32-r0)
(57/65) Installing util-linux (2.32-r0)
(58/65) Installing libburn (1.4.8-r0)
(59/65) Installing libedit (20170329.3.1-r3)
(60/65) Installing libisofs (1.4.8-r0)
(61/65) Installing libisoburn (1.4.8-r0)
(62/65) Installing xorriso (1.4.8-r0)
(63/65) Installing xz-libs (5.2.4-r0)
(64/65) Installing xz (5.2.4-r0)
(65/65) Installing yajl (2.1.0-r0)
Executing busybox-1.28.4-r3.trigger
Executing ca-certificates-20191127-r0.trigger
Executing glib-2.56.1-r1.trigger
OK: 44 MiB in 78 packages
 ---> 887ba3f524eb
Removing intermediate container b62cc1b0ad3f
Step 30/45 : ADD conf/root-certificate.pem conf/server conf/server.production /opt/zededa/examples/config/
 ---> 315f4d7d77fa
Step 31/45 : ADD scripts/device-steps.sh scripts/generate-device.sh scripts/generate-self-signed.sh scripts/handlezedserverconfig.sh scripts/veth.sh /opt/zededa/bin/
 ---> b202a2dcb2d2
Step 32/45 : ADD conf/lisp.config.base /var/tmp/zededa/lisp.config.base
 ---> 802275515023
Step 33/45 : COPY patches/* /patches/
 ---> 24eb8c2f94cb
Step 34/45 : RUN set -e && for patch in ../patches/*.patch; do         echo "Applying $patch";         patch -p1 < "$patch";     done
 ---> Running in b2aeee37cac4
Applying ../patches/001-dhcpcd-no-resolv-conf.patch
patching file usr/lib/dhcpcd/dhcpcd-hooks/20-resolv.conf
 ---> 798f596c925e
Removing intermediate container b2aeee37cac4
Step 35/45 : COPY --from=build /dist /opt/zededa/bin
 ---> 5e640e4bb9ec
Step 36/45 : COPY --from=gpttools / /
 ---> db1f283bbf27
Step 37/45 : COPY --from=dnsmasq /usr/sbin/dnsmasq /opt/zededa/bin/dnsmasq
 ---> e95598899922
Step 38/45 : COPY --from=strongswan / /
 ---> 2776f5eb1e88
Step 39/45 : COPY --from=fscrypt-build /usr/local/bin/fscrypt /opt/zededa/bin/fscrypt
 ---> 3ff9c8bad534
Step 40/45 : COPY rootfs/ /
 ---> e1c7776b62ac
Step 41/45 : RUN if [ "$(uname -m)" = "aarch64" ] ; then                                                    apk add --no-cache findutils=4.6.0-r1 binutils=2.30-r6 file=5.32-r2             ;       find / -type f -executable -exec file {} \; | grep 'not stripped' | cut -f1 -d: |       xargs strip                                                                     ;       apk del findutils binutils file                                                 ;    fi
 ---> Running in 6ba3816585de
fetch http://dl-cdn.alpinelinux.org/alpine/v3.8/main/aarch64/APKINDEX.tar.gz
fetch http://dl-cdn.alpinelinux.org/alpine/v3.8/community/aarch64/APKINDEX.tar.gz
(1/4) Installing binutils (2.30-r6)
(2/4) Installing libmagic (5.32-r2)
(3/4) Installing file (5.32-r2)
(4/4) Installing findutils (4.6.0-r1)
Executing busybox-1.28.4-r3.trigger
OK: 60 MiB in 82 packages
[91mWARNING: [0m[91mIgnoring APKINDEX.adfa7ceb.tar.gz: No such file or directory
WARNING: Ignoring APKINDEX.efaa1f73.tar.gz: No such file or directory
[0m(1/4) Purging binutils (2.30-r6)
(2/4) Purging file (5.32-r2)
(3/4) Purging findutils (4.6.0-r1)
(4/4) Purging libmagic (5.32-r2)
Executing busybox-1.28.4-r3.trigger
OK: 44 MiB in 78 packages
 ---> b12027d9e092
Removing intermediate container 6ba3816585de
Step 42/45 : SHELL /bin/sh -c
 ---> Running in 7f0b1acaccd4
 ---> da1c7ed0aac4
Removing intermediate container 7f0b1acaccd4
Step 43/45 : WORKDIR /
 ---> 5523b720508f
Removing intermediate container 17863567105f
Step 44/45 : CMD /init.sh
 ---> Running in 372ecd2fdedc
 ---> 88389ce5e686
Removing intermediate container 372ecd2fdedc
Step 45/45 : LABEL org.mobyproject.config '{"capabilities":["all"],"binds":["/lib/modules:/lib/modules","/dev:/dev","/etc/resolv.conf:/etc/resolv.conf","/run:/run","/var/config:/config","/:/hostfs","/var/persist:/persist:rshared,rbind"],"net":"host","pid":"host","rootfsPropagation":"shared"}' org.mobyproject.linuxkit.revision 'unknown' org.mobyproject.linuxkit.version 'unknown' org.opencontainers.image.revision '56e3228a70fa3fca6328876d2b5b70db6ea939c7' org.opencontainers.image.source 'https://github.com/linuxkit/linuxkit'
 ---> Running in 9e952e51d784
 ---> e30f1fa76049
Removing intermediate container 9e952e51d784
Successfully built e30f1fa76049
Successfully tagged lfedge/eve-pillar:376421ad3bfa9c01e9294828f8fc6ee9baf06a0d-arm64
Pushing lfedge/eve-pillar:376421ad3bfa9c01e9294828f8fc6ee9baf06a0d-arm64
The push refers to a repository [docker.io/lfedge/eve-pillar]
af99dd7513e2: Preparing
5e658113c918: Preparing
39f987161051: Preparing
38aedf6f6dd7: Preparing
476bbd30ab4e: Preparing
e5f2ddad2c4e: Preparing
90e1df6f6204: Preparing
d1b3f5301414: Preparing
4634369d49c1: Preparing
b7c11c26fb23: Preparing
62f8041d0418: Preparing
bb0063984aaf: Preparing
7f336b2bb4ec: Preparing
7207ab4ea143: Preparing
90e1df6f6204: Waiting
b7c11c26fb23: Waiting
e5f2ddad2c4e: Waiting
7f336b2bb4ec: Waiting
62f8041d0418: Waiting
bb0063984aaf: Waiting
d1b3f5301414: Waiting
7207ab4ea143: Waiting
38aedf6f6dd7: Layer already exists
e5f2ddad2c4e: Layer already exists
5e658113c918: Pushed
476bbd30ab4e: Pushed
39f987161051: Pushed
d1b3f5301414: Pushed
4634369d49c1: Pushed
b7c11c26fb23: Pushed
62f8041d0418: Pushed
bb0063984aaf: Pushed
7207ab4ea143: Layer already exists
af99dd7513e2: Pushed
90e1df6f6204: Pushed
7f336b2bb4ec: Pushed
376421ad3bfa9c01e9294828f8fc6ee9baf06a0d-arm64: digest: sha256:5754fb129f65a55c282d03299f53843b3586ab24b7dda6f6a56981536ef35e59 size: 3255
Pushing lfedge/eve-pillar:376421ad3bfa9c01e9294828f8fc6ee9baf06a0d-arm64 to manifest lfedge/eve-pillar:376421ad3bfa9c01e9294828f8fc6ee9baf06a0d
time="2020-06-12T23:47:54+02:00" level=warning msg="Couldn't find or access image reference \"lfedge/eve-pillar:376421ad3bfa9c01e9294828f8fc6ee9baf06a0d-s390x\". Skipping image."
Digest: sha256:1f697df2d736ed2716f938f085fa1d36e59079c58a81495edd481d2cad15ab21 743
Not signing lfedge/eve-pillar:376421ad3bfa9c01e9294828f8fc6ee9baf06a0d
Tagging lfedge/eve-pillar:376421ad3bfa9c01e9294828f8fc6ee9baf06a0d-arm64 as lfedge/eve-pillar:snapshot-arm64
Pushing lfedge/eve-pillar:snapshot-arm64
The push refers to a repository [docker.io/lfedge/eve-pillar]
af99dd7513e2: Preparing
5e658113c918: Preparing
39f987161051: Preparing
38aedf6f6dd7: Preparing
476bbd30ab4e: Preparing
e5f2ddad2c4e: Preparing
90e1df6f6204: Preparing
d1b3f5301414: Preparing
4634369d49c1: Preparing
b7c11c26fb23: Preparing
62f8041d0418: Preparing
bb0063984aaf: Preparing
7f336b2bb4ec: Preparing
7207ab4ea143: Preparing
4634369d49c1: Waiting
e5f2ddad2c4e: Waiting
90e1df6f6204: Waiting
b7c11c26fb23: Waiting
d1b3f5301414: Waiting
62f8041d0418: Waiting
bb0063984aaf: Waiting
7f336b2bb4ec: Waiting
7207ab4ea143: Waiting
476bbd30ab4e: Layer already exists
38aedf6f6dd7: Layer already exists
39f987161051: Layer already exists
5e658113c918: Layer already exists
af99dd7513e2: Layer already exists
e5f2ddad2c4e: Layer already exists
90e1df6f6204: Layer already exists
d1b3f5301414: Layer already exists
4634369d49c1: Layer already exists
b7c11c26fb23: Layer already exists
62f8041d0418: Layer already exists
bb0063984aaf: Layer already exists
7207ab4ea143: Layer already exists
7f336b2bb4ec: Layer already exists
snapshot-arm64: digest: sha256:5754fb129f65a55c282d03299f53843b3586ab24b7dda6f6a56981536ef35e59 size: 3255
Pushing lfedge/eve-pillar:snapshot-arm64 to manifest lfedge/eve-pillar:snapshot
time="2020-06-12T23:48:16+02:00" level=warning msg="Couldn't find or access image reference \"lfedge/eve-pillar:snapshot-s390x\". Skipping image."
Digest: sha256:1f697df2d736ed2716f938f085fa1d36e59079c58a81495edd481d2cad15ab21 743
Not signing lfedge/eve-pillar:snapshot
Build, push and release of "snapshot" complete, all done.
Building and pushing "lfedge/eve-uefi:5c00deeac0b200565fee599905f5346ffaafc10b"
5c00deeac0b200565fee599905f5346ffaafc10b: Pulling from lfedge/eve-uefi
Digest: sha256:ab6885d4cf29e33b9097cd2d51844591c46204c49f053297d2653fa6be2ec576
Status: Image is up to date for lfedge/eve-uefi:5c00deeac0b200565fee599905f5346ffaafc10b
Building and pushing "lfedge/eve-xen-tools:955c1a053b125fc78467091618d8d1e6cfa80c08"
955c1a053b125fc78467091618d8d1e6cfa80c08: Pulling from lfedge/eve-xen-tools
Digest: sha256:aa0ebe1c87164aa1620092960210305c4071fb03c838bf0740709703d3ec780f
Status: Image is up to date for lfedge/eve-xen-tools:955c1a053b125fc78467091618d8d1e6cfa80c08
Building and pushing "lfedge/eve-qrexec-lib:b0fb86eb752be7884d4d83c1dbbb025e75c5c466"
b0fb86eb752be7884d4d83c1dbbb025e75c5c466: Pulling from lfedge/eve-qrexec-lib
Digest: sha256:abd39f4a76686a94b422d935bc9a3f194250bc5bdfe1ca0a2d129490060011d4
Status: Image is up to date for lfedge/eve-qrexec-lib:b0fb86eb752be7884d4d83c1dbbb025e75c5c466
Building and pushing "lfedge/eve-qrexec-dom0:29024a9e04a96b4baede4f474dcf85c1cef98607"
29024a9e04a96b4baede4f474dcf85c1cef98607: Pulling from lfedge/eve-qrexec-dom0
Digest: sha256:c9c1e1021d32a2ceae4c0c3ac06fea559a447165f9a1400456d8fd05d7cfd2d6
Status: Image is up to date for lfedge/eve-qrexec-dom0:29024a9e04a96b4baede4f474dcf85c1cef98607
Building and pushing "lfedge/eve-rngd:6e16dad8553a6c2939854abfa9f34a5f2604bce7"
6e16dad8553a6c2939854abfa9f34a5f2604bce7: Pulling from lfedge/eve-rngd
Digest: sha256:d18f87ec9e50c7a996e1a9c78589b5dba52e53d59c81998503e782d65875a6dc
Status: Image is up to date for lfedge/eve-rngd:6e16dad8553a6c2939854abfa9f34a5f2604bce7
Building and pushing "lfedge/eve-rsyslog:49556e27198614b57d70e76f8bfcca3068056cfc"
49556e27198614b57d70e76f8bfcca3068056cfc: Pulling from lfedge/eve-rsyslog
Digest: sha256:88ab77ddfd593bb7b59c2fd1cdc03ad4f133f7e1bb20aecfeb0102a7bfe59f95
Status: Image is up to date for lfedge/eve-rsyslog:49556e27198614b57d70e76f8bfcca3068056cfc
Building and pushing "lfedge/eve-storage-init:31ed12195e31e7f4b118cbcc2cecfce815e5c4ed"
31ed12195e31e7f4b118cbcc2cecfce815e5c4ed: Pulling from lfedge/eve-storage-init
Digest: sha256:9a9d0ee33bd1f163f68926cfca523480d7a4501147112709796e86f62829ae1e
Status: Image is up to date for lfedge/eve-storage-init:31ed12195e31e7f4b118cbcc2cecfce815e5c4ed
Building and pushing "lfedge/eve-u-boot:e9cd5b3c4f7e457b100430c8c1c60d1404faf8c6"
e9cd5b3c4f7e457b100430c8c1c60d1404faf8c6: Pulling from lfedge/eve-u-boot
Digest: sha256:46f68ed23394fbd3b4e2da34de6f7d3aa413a654b92147258c9756b7172aaf54
Status: Image is up to date for lfedge/eve-u-boot:e9cd5b3c4f7e457b100430c8c1c60d1404faf8c6
Building and pushing "lfedge/eve-vtpm:11365a20a21fa000e9d48614e9303c8f0e81477f"
11365a20a21fa000e9d48614e9303c8f0e81477f: Pulling from lfedge/eve-vtpm
Digest: sha256:04a0292c68d3e35c25320befcb19735faa248b4ecd7211d84eb03f6ce3659bef
Status: Image is up to date for lfedge/eve-vtpm:11365a20a21fa000e9d48614e9303c8f0e81477f
Building and pushing "lfedge/eve-watchdog:288a4129631e73aad6a9e5c01f229205f5dbc9be"
288a4129631e73aad6a9e5c01f229205f5dbc9be: Pulling from lfedge/eve-watchdog
Digest: sha256:bac09ff8ba45c195bde56ace1a04c084ee074eff30eef7e7cd6e5e6b69c8edf7
Status: Image is up to date for lfedge/eve-watchdog:288a4129631e73aad6a9e5c01f229205f5dbc9be
Building and pushing "lfedge/eve-wlan:ac31bb78810451ef1333b3970f29bebc0a6c9c44"
ac31bb78810451ef1333b3970f29bebc0a6c9c44: Pulling from lfedge/eve-wlan
Digest: sha256:c3d7e2a6b381a6bdd4c1a1d1e44b46bb348990777cc828cb575f79a515d35830
Status: Image is up to date for lfedge/eve-wlan:ac31bb78810451ef1333b3970f29bebc0a6c9c44
Building and pushing "lfedge/eve-wwan:31a3911c7aa7e5c44e19406d6277173b494c6f35"
31a3911c7aa7e5c44e19406d6277173b494c6f35: Pulling from lfedge/eve-wwan
Digest: sha256:e0dfd4fb011f186f726453825cac33899766425c382a747dcd46c5d83f6946f6
Status: Image is up to date for lfedge/eve-wwan:31a3911c7aa7e5c44e19406d6277173b494c6f35
Building and pushing "lfedge/eve-xen:92959f50dff5b1a5b6ab8fbc9014369f3e3a493c"
92959f50dff5b1a5b6ab8fbc9014369f3e3a493c: Pulling from lfedge/eve-xen
Digest: sha256:2fa872b1b6c982821db90f74ca4772a3c1ad293205558bfef9a229be0f783bdc
Status: Image is up to date for lfedge/eve-xen:92959f50dff5b1a5b6ab8fbc9014369f3e3a493c
Done building packages
rm pkg/qrexec-dom0/Dockerfile pkg/xen-tools/Dockerfile pkg/qrexec-lib/Dockerfile pkg/pillar/Dockerfile
Creating go builder image for user zededa-ci
eve-build-zededa-ci docker container is ready to use
mkdir -p /home/zededa-ci/src/eve/dist/arm64
cd /home/zededa-ci/src/eve/dist/arm64 ; _() { C=`docker create $1 fake` ; shift ; docker export $C | tar -xf - "$@" ; docker rm $C ; } ; _ lfedge/eve-uefi:5c00deeac0b200565fee599905f5346ffaafc10b-arm64 OVMF.fd
eba98df48daa55f6bc7732e697dceb8751653ee2d824e9e15d7e96359a4a889c
cd /home/zededa-ci/src/eve/dist/arm64 ; _() { C=`docker create $1 fake` ; shift ; docker export $C | tar -xf - "$@" ; docker rm $C ; } ; _ lfedge/eve-uefi:5c00deeac0b200565fee599905f5346ffaafc10b-arm64 OVMF_CODE.fd
tar: OVMF_CODE.fd: Not found in archive
tar: Exiting with failure status due to previous errors
d9c315b8824661e9e9f8b35fa6679f165ee162977408da115db9cd6e4995d26e
cd /home/zededa-ci/src/eve/dist/arm64 ; _() { C=`docker create $1 fake` ; shift ; docker export $C | tar -xf - "$@" ; docker rm $C ; } ; _ lfedge/eve-uefi:5c00deeac0b200565fee599905f5346ffaafc10b-arm64 OVMF_VARS.fd
5cfc1bc09c5331dbfc9e19abff101f790b3e6dffb181dccc214645dfc25b8130
mkdir -p /home/zededa-ci/src/eve/dist/arm64/installer
cd /home/zededa-ci/src/eve/dist/arm64/installer ; _() { C=`docker create $1 fake` ; shift ; docker export $C | tar -xf - "$@" ; docker rm $C ; } ; _ lfedge/eve-grub:aa6b2e431670cf3859b1a3d683b9e0e238e30655-arm64 EFI
3934f642cc792d4978a69ef33d8e0106ce4deb688bc4526c8ff27a119e6dd15f
./tools/makeconfig.sh /home/zededa-ci/src/eve/dist/arm64/installer/config.img conf/authorized_keys conf/DevicePortConfig conf/grub.cfg conf/onboard.cert.pem conf/onboard.key.pem conf/root-certificate.pem conf/server conf/v2tlsbaseroot-certificates.pem
1024+0 records in
1024+0 records out
mkfs.fat 4.1 (2017-01-24)
/config.img has 64 heads and 32 sectors per track,
hidden sectors 0x0000;
logical sector size is 512,
using 0xf8 media descriptor, with 2048 sectors;
drive number 0x80;
filesystem has 2 12-bit FATs and 4 sectors per cluster.
FAT size is 2 sectors, and provides 502 clusters.
There is 1 reserved sector.
Root directory contains 512 slots and uses 32 sectors.
Volume ID is 8ea1e73b, volume label EVE        .
cd /home/zededa-ci/src/eve/dist/arm64/installer ; _() { C=`docker create $1 fake` ; shift ; docker export $C | tar -xf - "$@" ; docker rm $C ; } ; _ lfedge/eve-mkimage-raw-efi:5b9c8a3bc15353352a7462b508c9f379e9fcea32-arm64 initrd.img EFI
3a5917316db5b0b95da566dfa82e1fd842cf429611d3b4e21ff87e6357296e30
Done building /home/zededa-ci/src/eve/build-tools/bin/linuxkit
./tools/makerootfs.sh images/rootfs-kvm.yml /home/zededa-ci/src/eve/dist/arm64/installer/rootfs-0.0.0-master-56e3228a-2020-06-12.21.51-kvm-arm64.squash squash
Extract kernel image: lfedge/eve-kernel:70e2491f33de2fb09b61287b8a5b4570249750fe-arm64
Add init containers:
Process init image: linuxkit/init:v0.5-arm64
time="2020-06-12T23:51:53+02:00" level=warning msg="targets metadata is nearing expiry, you should re-sign the role metadata"
Process init image: linuxkit/runc:f79954950022fea76b8b6f10de58cb48e4fb3878-arm64
time="2020-06-12T23:54:00+02:00" level=error msg="Metadata for targets/riyaz expired"
time="2020-06-12T23:54:00+02:00" level=error msg="Metadata for targets/riyaz expired"
time="2020-06-12T23:54:00+02:00" level=warning msg="Error getting targets/riyaz: targets/riyaz expired at Mon May 25 15:32:34 -0700 2020"
time="2020-06-12T23:54:00+02:00" level=warning msg="targets/justin metadata is nearing expiry, you should re-sign the role metadata"
time="2020-06-12T23:54:00+02:00" level=warning msg="targets metadata is nearing expiry, you should re-sign the role metadata"
Process init image: linuxkit/containerd:6ef473a228db6f6ee163f9b9a051102a1552a4ef-arm64
time="2020-06-12T23:54:16+02:00" level=error msg="Metadata for targets/riyaz expired"
time="2020-06-12T23:54:16+02:00" level=error msg="Metadata for targets/riyaz expired"
time="2020-06-12T23:54:16+02:00" level=warning msg="Error getting targets/riyaz: targets/riyaz expired at Sat Jun 6 08:35:43 -0700 2020"
time="2020-06-12T23:54:16+02:00" level=warning msg="targets metadata is nearing expiry, you should re-sign the role metadata"
time="2020-06-12T23:54:16+02:00" level=warning msg="targets/justin metadata is nearing expiry, you should re-sign the role metadata"
Process init image: linuxkit/getty:v0.5-arm64
time="2020-06-12T23:54:33+02:00" level=warning msg="targets metadata is nearing expiry, you should re-sign the role metadata"
time="2020-06-12T23:54:33+02:00" level=warning msg="targets/justin metadata is nearing expiry, you should re-sign the role metadata"
time="2020-06-12T23:54:33+02:00" level=warning msg="targets/riyaz metadata is nearing expiry, you should re-sign the role metadata"
Process init image: linuxkit/memlogd:v0.5-arm64
Process init image: lfedge/eve-grub:aa6b2e431670cf3859b1a3d683b9e0e238e30655-arm64
Process init image: lfedge/eve-fw:60af30b13b43cdc50b6cbb6e30a5e4d1feb154e0-arm64
Process init image: lfedge/eve-xen:92959f50dff5b1a5b6ab8fbc9014369f3e3a493c-arm64
Process init image: lfedge/eve-gpt-tools:e378abea66b77fb7e9587b798a8caf5c78f440c1-arm64
Process init image: lfedge/eve-dom0-ztools:5450ed24dca591ec67c2a7465df5b203e7e92479-arm64
Add onboot containers:
  Create OCI config for lfedge/eve-storage-init:31ed12195e31e7f4b118cbcc2cecfce815e5c4ed-arm64
  Create OCI config for linuxkit/sysctl:v0.5-arm64
time="2020-06-12T23:55:18+02:00" level=warning msg="targets metadata is nearing expiry, you should re-sign the role metadata"
time="2020-06-12T23:55:18+02:00" level=warning msg="targets/ian metadata is nearing expiry, you should re-sign the role metadata"
  Create OCI config for lfedge/eve-rngd:6e16dad8553a6c2939854abfa9f34a5f2604bce7-arm64
  Create OCI config for linuxkit/modprobe:v0.5-arm64
time="2020-06-12T23:56:42+02:00" level=warning msg="targets metadata is nearing expiry, you should re-sign the role metadata"
time="2020-06-12T23:56:42+02:00" level=warning msg="targets/ian metadata is nearing expiry, you should re-sign the role metadata"
Add service containers:
  Create OCI config for lfedge/eve-rsyslog:49556e27198614b57d70e76f8bfcca3068056cfc-arm64
  Create OCI config for linuxkit/openntpd:v0.5-arm64
time="2020-06-12T23:56:59+02:00" level=error msg="Metadata for targets/riyaz expired"
time="2020-06-12T23:56:59+02:00" level=error msg="Metadata for targets/riyaz expired"
time="2020-06-12T23:56:59+02:00" level=warning msg="Error getting targets/riyaz: targets/riyaz expired at Mon May 25 15:06:33 -0700 2020"
time="2020-06-12T23:56:59+02:00" level=warning msg="targets/justin metadata is nearing expiry, you should re-sign the role metadata"
time="2020-06-12T23:56:59+02:00" level=warning msg="targets/ian metadata is nearing expiry, you should re-sign the role metadata"
time="2020-06-12T23:56:59+02:00" level=warning msg="targets metadata is nearing expiry, you should re-sign the role metadata"
  Create OCI config for linuxkit/sshd:v0.5-arm64
time="2020-06-12T23:57:15+02:00" level=error msg="Metadata for targets/justin expired"
time="2020-06-12T23:57:15+02:00" level=error msg="Metadata for targets/justin expired"
time="2020-06-12T23:57:15+02:00" level=warning msg="Error getting targets/justin: targets/justin expired at Fri May 29 15:28:54 +0100 2020"
time="2020-06-12T23:57:15+02:00" level=warning msg="targets metadata is nearing expiry, you should re-sign the role metadata"
time="2020-06-12T23:57:15+02:00" level=warning msg="targets/riyaz metadata is nearing expiry, you should re-sign the role metadata"
  Create OCI config for lfedge/eve-wwan:31a3911c7aa7e5c44e19406d6277173b494c6f35-arm64
  Create OCI config for lfedge/eve-wlan:ac31bb78810451ef1333b3970f29bebc0a6c9c44-arm64
  Create OCI config for lfedge/eve-lisp:6fe9cf905fb0fc657f646a82b42aa95e4f68f5e5-arm64
  Create OCI config for lfedge/eve-guacd:f1f08a0fcadd35320f5d03fe0f0a1a318e8449be-arm64
  Create OCI config for lfedge/eve-pillar:376421ad3bfa9c01e9294828f8fc6ee9baf06a0d-arm64
  Create OCI config for lfedge/eve-vtpm:11365a20a21fa000e9d48614e9303c8f0e81477f-arm64
  Create OCI config for lfedge/eve-watchdog:288a4129631e73aad6a9e5c01f229205f5dbc9be-arm64
  Create OCI config for lfedge/eve-xen-tools:955c1a053b125fc78467091618d8d1e6cfa80c08-arm64
Add files:
  /etc/eve-release
Parallel mksquashfs: Using 4 processors
Creating 4.0 filesystem on /rootfs.img, block size 131072.
[=========-                                                  ]  3600/21363  16%[============-                                               ]  4500/21363  21%[===========================================================/] 21363/21363 100%

Exportable Squashfs 4.0 filesystem, gzip compressed, data block size 131072
	compressed data, compressed metadata, compressed fragments, compressed xattrs
	duplicates are removed
Filesystem size 248270.06 Kbytes (242.45 Mbytes)
	33.30% of uncompressed filesystem size (745451.79 Kbytes)
Inode table size 241314 bytes (235.66 Kbytes)
	25.10% of uncompressed inode table size (961591 bytes)
Directory table size 260929 bytes (254.81 Kbytes)
	45.60% of uncompressed directory table size (572273 bytes)
Number of duplicate files found 8682
Number of inodes 24623
Number of files 16684
Number of fragments 677
Number of symbolic links  5903
Number of device nodes 4
Number of fifo nodes 0
Number of socket nodes 0
Number of directories 2032
Number of ids (unique uids + gids) 4
Number of uids 2
	root (0)
	unknown (1000)
Number of gids 4
	root (0)
	shadow (42)
	tty (5)
	unknown (1000)
cp pkg/eve/build.yml pkg/eve/runme.sh images/*.yml /home/zededa-ci/src/eve/dist/arm64
DOCKER_ARCH_TAG=arm64 ./tools/parse-pkgs.sh pkg/eve/Dockerfile.in > /home/zededa-ci/src/eve/dist/arm64/Dockerfile
/home/zededa-ci/src/eve/build-tools/bin/linuxkit pkg push --disable-content-trust --hash-path /home/zededa-ci/src/eve --hash 0.0.0-master-56e3228a-2020-06-12.21.51-kvm --release snapshot --force --disable-cache /home/zededa-ci/src/eve/dist/arm64
Building and pushing "lfedge/eve:0.0.0-master-56e3228a-2020-06-12.21.51-kvm"
Sending build context to Docker daemon  266.9MB
Step 1/17 : FROM alpine:3.9.4 as tools
 ---> ce544de9ee2c
Step 2/17 : RUN mkdir -p /out/etc/apk /out/boot && cp -r /etc/apk/* /out/etc/apk/
 ---> Running in 299831a4439c
 ---> 26256a0a1d61
Removing intermediate container 299831a4439c
Step 3/17 : RUN apk add --no-cache --initdb -p /out qemu-img=3.1.0-r3 tar=1.32-r0
 ---> Running in 912d04b9b18a
fetch http://dl-cdn.alpinelinux.org/alpine/v3.9/main/aarch64/APKINDEX.tar.gz
fetch http://dl-cdn.alpinelinux.org/alpine/v3.9/community/aarch64/APKINDEX.tar.gz
(1/19) Installing libaio (0.3.111-r0)
(2/19) Installing musl (1.1.20-r5)
(3/19) Installing busybox (1.29.3-r10)
Executing busybox-1.29.3-r10.post-install
(4/19) Installing libffi (3.2.1-r6)
(5/19) Installing libintl (0.19.8.1-r4)
(6/19) Installing libuuid (2.33-r0)
(7/19) Installing libblkid (2.33-r0)
(8/19) Installing libmount (2.33-r0)
(9/19) Installing pcre (8.42-r1)
(10/19) Installing zlib (1.2.11-r1)
(11/19) Installing glib (2.58.1-r3)
(12/19) Installing gmp (6.1.2-r1)
(13/19) Installing nettle (3.4.1-r0)
(14/19) Installing p11-kit (0.23.14-r0)
(15/19) Installing libtasn1 (4.14-r0)
(16/19) Installing libunistring (0.9.10-r0)
(17/19) Installing gnutls (3.6.14-r0)
(18/19) Installing qemu-img (3.1.0-r3)
(19/19) Installing tar (1.32-r0)
Executing busybox-1.29.3-r10.trigger
Executing glib-2.58.1-r3.trigger
OK: 16 MiB in 19 packages
 ---> bc995dacfaea
Removing intermediate container 912d04b9b18a
Step 4/17 : FROM lfedge/eve-mkimage-iso-efi:e0cc637b8d693c6718d31dc1cbab1f7557823c0b-arm64 as iso
 ---> 74679271e526
Step 5/17 : FROM lfedge/eve-mkimage-raw-efi:5b9c8a3bc15353352a7462b508c9f379e9fcea32-arm64 as raw
 ---> c3f4b6a57b32
Step 6/17 : RUN rm /initrd.img
 ---> Running in f9d15f4ecd64
 ---> 52be798950b8
Removing intermediate container f9d15f4ecd64
Step 7/17 : FROM lfedge/eve-mkconf:b9a89148618d45bd26a93a68701f5d0588e501a9-arm64 as conf
 ---> ac9fa4d52a61
Step 8/17 : COPY --from=iso / /
 ---> 3cbdab87eeff
Step 9/17 : COPY --from=raw / /
 ---> 64038eac638c
Step 10/17 : COPY --from=tools /out/ /
 ---> f996d3dd248d
Step 11/17 : COPY installer /bits
 ---> eaca5e5339ae
Step 12/17 : COPY OVMF* /firmware/
 ---> 71e9901d4eef
Step 13/17 : COPY runme.sh /
 ---> 6cdb26953f03
Step 14/17 : RUN mkdir /in /out
 ---> Running in 320a22eef198
 ---> eecf87fead3b
Removing intermediate container 320a22eef198
Step 15/17 : WORKDIR /bits
 ---> 26e2493b99ac
Removing intermediate container ae0b36679c69
Step 16/17 : ENTRYPOINT /runme.sh
 ---> Running in c4f3cf2742c2
 ---> 14c5679a552d
Removing intermediate container c4f3cf2742c2
Step 17/17 : LABEL org.mobyproject.linuxkit.revision 'unknown' org.mobyproject.linuxkit.version 'unknown' org.opencontainers.image.revision '56e3228a70fa3fca6328876d2b5b70db6ea939c7' org.opencontainers.image.source 'https://github.com/linuxkit/linuxkit'
 ---> Running in e51253ed4e6d
 ---> 48b81294f518
Removing intermediate container e51253ed4e6d
Successfully built 48b81294f518
Successfully tagged lfedge/eve:0.0.0-master-56e3228a-2020-06-12.21.51-kvm-arm64
Pushing lfedge/eve:0.0.0-master-56e3228a-2020-06-12.21.51-kvm-arm64
The push refers to a repository [docker.io/lfedge/eve]
a549b15425ab: Preparing
acc62ba9e2e0: Preparing
b003b82c5b46: Preparing
c71b4ce221fb: Preparing
9e1fdb50162c: Preparing
1c1d76e314ab: Preparing
9a50430de2c7: Preparing
41396e0b608d: Preparing
1c1d76e314ab: Waiting
9a50430de2c7: Waiting
41396e0b608d: Waiting
acc62ba9e2e0: Pushed
a549b15425ab: Pushed
1c1d76e314ab: Layer already exists
9a50430de2c7: Layer already exists
b003b82c5b46: Pushed
41396e0b608d: Layer already exists
9e1fdb50162c: Pushed
c71b4ce221fb: Pushed
0.0.0-master-56e3228a-2020-06-12.21.51-kvm-arm64: digest: sha256:43d45c45fb7e0c889eab138292dd3eded69b6239cba85aba0c019130c166de3d size: 1999
Pushing lfedge/eve:0.0.0-master-56e3228a-2020-06-12.21.51-kvm-arm64 to manifest lfedge/eve:0.0.0-master-56e3228a-2020-06-12.21.51-kvm
time="2020-06-13T00:04:15+02:00" level=warning msg="Couldn't find or access image reference \"lfedge/eve:0.0.0-master-56e3228a-2020-06-12.21.51-kvm-amd64\". Skipping image."
time="2020-06-13T00:04:18+02:00" level=warning msg="Couldn't find or access image reference \"lfedge/eve:0.0.0-master-56e3228a-2020-06-12.21.51-kvm-s390x\". Skipping image."
Digest: sha256:e64ccd47ae3596b95914abb3eb45d17f6458c0c754a163c1adb49c51cd46bb2a 434
Not signing lfedge/eve:0.0.0-master-56e3228a-2020-06-12.21.51-kvm
Tagging lfedge/eve:0.0.0-master-56e3228a-2020-06-12.21.51-kvm-arm64 as lfedge/eve:snapshot-arm64
Pushing lfedge/eve:snapshot-arm64
The push refers to a repository [docker.io/lfedge/eve]
a549b15425ab: Preparing
acc62ba9e2e0: Preparing
b003b82c5b46: Preparing
c71b4ce221fb: Preparing
9e1fdb50162c: Preparing
1c1d76e314ab: Preparing
9a50430de2c7: Preparing
41396e0b608d: Preparing
9a50430de2c7: Waiting
1c1d76e314ab: Waiting
41396e0b608d: Waiting
a549b15425ab: Layer already exists
b003b82c5b46: Layer already exists
acc62ba9e2e0: Layer already exists
9e1fdb50162c: Layer already exists
c71b4ce221fb: Layer already exists
1c1d76e314ab: Layer already exists
41396e0b608d: Layer already exists
9a50430de2c7: Layer already exists
snapshot-arm64: digest: sha256:43d45c45fb7e0c889eab138292dd3eded69b6239cba85aba0c019130c166de3d size: 1999
Pushing lfedge/eve:snapshot-arm64 to manifest lfedge/eve:snapshot
time="2020-06-13T00:04:40+02:00" level=warning msg="Couldn't find or access image reference \"lfedge/eve:snapshot-s390x\". Skipping image."
Digest: sha256:4d2340533d5b67951ec446dbb81dc1617156e3c00a1d984be6cb1a9bcd8be8ad 743
Not signing lfedge/eve:snapshot
Build, push and release of "snapshot" complete, all done.
rm images/rootfs-kvm.yml images/rootfs-kvm.yml.in
Creating go builder image for user zededa-ci
eve-build-zededa-ci docker container is ready to use
mkdir -p /home/zededa-ci/src/eve/dist/arm64
cd /home/zededa-ci/src/eve/dist/arm64 ; _() { C=`docker create $1 fake` ; shift ; docker export $C | tar -xf - "$@" ; docker rm $C ; } ; _ lfedge/eve-uefi:5c00deeac0b200565fee599905f5346ffaafc10b-arm64 OVMF.fd
b6002ef13a579a3b54d395eca5a3d5bd7fc211a9b4ce7a33c071d3c72c670cd6
cd /home/zededa-ci/src/eve/dist/arm64 ; _() { C=`docker create $1 fake` ; shift ; docker export $C | tar -xf - "$@" ; docker rm $C ; } ; _ lfedge/eve-uefi:5c00deeac0b200565fee599905f5346ffaafc10b-arm64 OVMF_CODE.fd
tar: OVMF_CODE.fd: Not found in archive
tar: Exiting with failure status due to previous errors
a8e9480f6d177517aefbddd0f58a7d32b0a2c27d57cfc32758c910081ace9e3f
cd /home/zededa-ci/src/eve/dist/arm64 ; _() { C=`docker create $1 fake` ; shift ; docker export $C | tar -xf - "$@" ; docker rm $C ; } ; _ lfedge/eve-uefi:5c00deeac0b200565fee599905f5346ffaafc10b-arm64 OVMF_VARS.fd
e789cc610f4b5bc303902f5fc82b2f115c28ef0a9e638d5f5a11439d39f035a5
mkdir -p /home/zededa-ci/src/eve/dist/arm64/installer
cd /home/zededa-ci/src/eve/dist/arm64/installer ; _() { C=`docker create $1 fake` ; shift ; docker export $C | tar -xf - "$@" ; docker rm $C ; } ; _ lfedge/eve-grub:aa6b2e431670cf3859b1a3d683b9e0e238e30655-arm64 EFI
483a4485dea72056efea11203bfb0cecad3220bc566fcb27488bcfb4503895b1
./tools/makeconfig.sh /home/zededa-ci/src/eve/dist/arm64/installer/config.img conf/authorized_keys conf/DevicePortConfig conf/grub.cfg conf/onboard.cert.pem conf/onboard.key.pem conf/root-certificate.pem conf/server conf/v2tlsbaseroot-certificates.pem
1024+0 records in
1024+0 records out
mkfs.fat 4.1 (2017-01-24)
/config.img has 64 heads and 32 sectors per track,
hidden sectors 0x0000;
logical sector size is 512,
using 0xf8 media descriptor, with 2048 sectors;
drive number 0x80;
filesystem has 2 12-bit FATs and 4 sectors per cluster.
FAT size is 2 sectors, and provides 502 clusters.
There is 1 reserved sector.
Root directory contains 512 slots and uses 32 sectors.
Volume ID is c052e240, volume label EVE        .
cd /home/zededa-ci/src/eve/dist/arm64/installer ; _() { C=`docker create $1 fake` ; shift ; docker export $C | tar -xf - "$@" ; docker rm $C ; } ; _ lfedge/eve-mkimage-raw-efi:5b9c8a3bc15353352a7462b508c9f379e9fcea32-arm64 initrd.img EFI
718065e42a262dd248c06858323325bf03ddd32dce3dda671c98272460a479d1
Done building /home/zededa-ci/src/eve/build-tools/bin/linuxkit
./tools/makerootfs.sh images/rootfs-xen.yml /home/zededa-ci/src/eve/dist/arm64/installer/rootfs-0.0.0-master-56e3228a-2020-06-12.22.04-xen-arm64.squash squash
Extract kernel image: lfedge/eve-kernel:70e2491f33de2fb09b61287b8a5b4570249750fe-arm64
Add init containers:
Process init image: linuxkit/init:v0.5-arm64
time="2020-06-13T00:05:08+02:00" level=warning msg="targets metadata is nearing expiry, you should re-sign the role metadata"
Process init image: linuxkit/runc:f79954950022fea76b8b6f10de58cb48e4fb3878-arm64
time="2020-06-13T00:08:04+02:00" level=error msg="Metadata for targets/riyaz expired"
time="2020-06-13T00:08:04+02:00" level=error msg="Metadata for targets/riyaz expired"
time="2020-06-13T00:08:04+02:00" level=warning msg="Error getting targets/riyaz: targets/riyaz expired at Mon May 25 15:32:34 -0700 2020"
time="2020-06-13T00:08:04+02:00" level=warning msg="targets/justin metadata is nearing expiry, you should re-sign the role metadata"
time="2020-06-13T00:08:04+02:00" level=warning msg="targets metadata is nearing expiry, you should re-sign the role metadata"
Process init image: linuxkit/containerd:6ef473a228db6f6ee163f9b9a051102a1552a4ef-arm64
time="2020-06-13T00:08:19+02:00" level=error msg="Metadata for targets/riyaz expired"
time="2020-06-13T00:08:20+02:00" level=error msg="Metadata for targets/riyaz expired"
time="2020-06-13T00:08:20+02:00" level=warning msg="Error getting targets/riyaz: targets/riyaz expired at Sat Jun 6 08:35:43 -0700 2020"
time="2020-06-13T00:08:20+02:00" level=warning msg="targets metadata is nearing expiry, you should re-sign the role metadata"
time="2020-06-13T00:08:20+02:00" level=warning msg="targets/justin metadata is nearing expiry, you should re-sign the role metadata"
Process init image: linuxkit/getty:v0.5-arm64
time="2020-06-13T00:08:36+02:00" level=warning msg="targets/riyaz metadata is nearing expiry, you should re-sign the role metadata"
time="2020-06-13T00:08:36+02:00" level=warning msg="targets metadata is nearing expiry, you should re-sign the role metadata"
time="2020-06-13T00:08:36+02:00" level=warning msg="targets/justin metadata is nearing expiry, you should re-sign the role metadata"
Process init image: linuxkit/memlogd:v0.5-arm64
Process init image: lfedge/eve-grub:aa6b2e431670cf3859b1a3d683b9e0e238e30655-arm64
Process init image: lfedge/eve-fw:60af30b13b43cdc50b6cbb6e30a5e4d1feb154e0-arm64
Process init image: lfedge/eve-xen:92959f50dff5b1a5b6ab8fbc9014369f3e3a493c-arm64
Process init image: lfedge/eve-gpt-tools:e378abea66b77fb7e9587b798a8caf5c78f440c1-arm64
Process init image: lfedge/eve-dom0-ztools:5450ed24dca591ec67c2a7465df5b203e7e92479-arm64
Add onboot containers:
  Create OCI config for lfedge/eve-storage-init:31ed12195e31e7f4b118cbcc2cecfce815e5c4ed-arm64
  Create OCI config for linuxkit/sysctl:v0.5-arm64
time="2020-06-13T00:09:27+02:00" level=warning msg="targets/ian metadata is nearing expiry, you should re-sign the role metadata"
time="2020-06-13T00:09:27+02:00" level=warning msg="targets metadata is nearing expiry, you should re-sign the role metadata"
  Create OCI config for lfedge/eve-rngd:6e16dad8553a6c2939854abfa9f34a5f2604bce7-arm64
  Create OCI config for linuxkit/modprobe:v0.5-arm64
time="2020-06-13T00:09:45+02:00" level=warning msg="targets/ian metadata is nearing expiry, you should re-sign the role metadata"
time="2020-06-13T00:09:45+02:00" level=warning msg="targets metadata is nearing expiry, you should re-sign the role metadata"
Add service containers:
  Create OCI config for lfedge/eve-rsyslog:49556e27198614b57d70e76f8bfcca3068056cfc-arm64
  Create OCI config for linuxkit/openntpd:v0.5-arm64
time="2020-06-13T00:10:02+02:00" level=error msg="Metadata for targets/riyaz expired"
time="2020-06-13T00:10:02+02:00" level=error msg="Metadata for targets/riyaz expired"
time="2020-06-13T00:10:02+02:00" level=warning msg="Error getting targets/riyaz: targets/riyaz expired at Mon May 25 15:06:33 -0700 2020"
time="2020-06-13T00:10:02+02:00" level=warning msg="targets metadata is nearing expiry, you should re-sign the role metadata"
time="2020-06-13T00:10:02+02:00" level=warning msg="targets/justin metadata is nearing expiry, you should re-sign the role metadata"
time="2020-06-13T00:10:02+02:00" level=warning msg="targets/ian metadata is nearing expiry, you should re-sign the role metadata"
  Create OCI config for linuxkit/sshd:v0.5-arm64
time="2020-06-13T00:10:18+02:00" level=error msg="Metadata for targets/justin expired"
time="2020-06-13T00:10:18+02:00" level=error msg="Metadata for targets/justin expired"
time="2020-06-13T00:10:18+02:00" level=warning msg="Error getting targets/justin: targets/justin expired at Fri May 29 15:28:54 +0100 2020"
time="2020-06-13T00:10:18+02:00" level=warning msg="targets metadata is nearing expiry, you should re-sign the role metadata"
time="2020-06-13T00:10:18+02:00" level=warning msg="targets/riyaz metadata is nearing expiry, you should re-sign the role metadata"
  Create OCI config for lfedge/eve-wwan:31a3911c7aa7e5c44e19406d6277173b494c6f35-arm64
  Create OCI config for lfedge/eve-wlan:ac31bb78810451ef1333b3970f29bebc0a6c9c44-arm64
  Create OCI config for lfedge/eve-lisp:6fe9cf905fb0fc657f646a82b42aa95e4f68f5e5-arm64
  Create OCI config for lfedge/eve-guacd:f1f08a0fcadd35320f5d03fe0f0a1a318e8449be-arm64
  Create OCI config for lfedge/eve-pillar:376421ad3bfa9c01e9294828f8fc6ee9baf06a0d-arm64
  Create OCI config for lfedge/eve-vtpm:11365a20a21fa000e9d48614e9303c8f0e81477f-arm64
  Create OCI config for lfedge/eve-watchdog:288a4129631e73aad6a9e5c01f229205f5dbc9be-arm64
  Create OCI config for lfedge/eve-xen-tools:955c1a053b125fc78467091618d8d1e6cfa80c08-arm64
Add files:
  /etc/eve-release
Parallel mksquashfs: Using 4 processors
Creating 4.0 filesystem on /rootfs.img, block size 131072.
[===========================================================-] 21363/21363 100%

Exportable Squashfs 4.0 filesystem, gzip compressed, data block size 131072
	compressed data, compressed metadata, compressed fragments, compressed xattrs
	duplicates are removed
Filesystem size 248270.00 Kbytes (242.45 Mbytes)
	33.30% of uncompressed filesystem size (745451.79 Kbytes)
Inode table size 241294 bytes (235.64 Kbytes)
	25.09% of uncompressed inode table size (961591 bytes)
Directory table size 260923 bytes (254.81 Kbytes)
	45.59% of uncompressed directory table size (572273 bytes)
Number of duplicate files found 8682
Number of inodes 24623
Number of files 16684
Number of fragments 677
Number of symbolic links  5903
Number of device nodes 4
Number of fifo nodes 0
Number of socket nodes 0
Number of directories 2032
Number of ids (unique uids + gids) 4
Number of uids 2
	root (0)
	unknown (1000)
Number of gids 4
	root (0)
	shadow (42)
	tty (5)
	unknown (1000)
cp pkg/eve/build.yml pkg/eve/runme.sh images/*.yml /home/zededa-ci/src/eve/dist/arm64
DOCKER_ARCH_TAG=arm64 ./tools/parse-pkgs.sh pkg/eve/Dockerfile.in > /home/zededa-ci/src/eve/dist/arm64/Dockerfile
/home/zededa-ci/src/eve/build-tools/bin/linuxkit pkg push --disable-content-trust --hash-path /home/zededa-ci/src/eve --hash 0.0.0-master-56e3228a-2020-06-12.22.04-xen --release snapshot --force --disable-cache /home/zededa-ci/src/eve/dist/arm64
Building and pushing "lfedge/eve:0.0.0-master-56e3228a-2020-06-12.22.04-xen"
Sending build context to Docker daemon  266.9MB
Step 1/17 : FROM alpine:3.9.4 as tools
 ---> ce544de9ee2c
Step 2/17 : RUN mkdir -p /out/etc/apk /out/boot && cp -r /etc/apk/* /out/etc/apk/
 ---> Running in 8d26fc1a3371
 ---> 91a7f883c04f
Removing intermediate container 8d26fc1a3371
Step 3/17 : RUN apk add --no-cache --initdb -p /out qemu-img=3.1.0-r3 tar=1.32-r0
 ---> Running in 951a31eaf652
fetch http://dl-cdn.alpinelinux.org/alpine/v3.9/main/aarch64/APKINDEX.tar.gz
fetch http://dl-cdn.alpinelinux.org/alpine/v3.9/community/aarch64/APKINDEX.tar.gz
(1/19) Installing libaio (0.3.111-r0)
(2/19) Installing musl (1.1.20-r5)
(3/19) Installing busybox (1.29.3-r10)
Executing busybox-1.29.3-r10.post-install
(4/19) Installing libffi (3.2.1-r6)
(5/19) Installing libintl (0.19.8.1-r4)
(6/19) Installing libuuid (2.33-r0)
(7/19) Installing libblkid (2.33-r0)
(8/19) Installing libmount (2.33-r0)
(9/19) Installing pcre (8.42-r1)
(10/19) Installing zlib (1.2.11-r1)
(11/19) Installing glib (2.58.1-r3)
(12/19) Installing gmp (6.1.2-r1)
(13/19) Installing nettle (3.4.1-r0)
(14/19) Installing p11-kit (0.23.14-r0)
(15/19) Installing libtasn1 (4.14-r0)
(16/19) Installing libunistring (0.9.10-r0)
(17/19) Installing gnutls (3.6.14-r0)
(18/19) Installing qemu-img (3.1.0-r3)
(19/19) Installing tar (1.32-r0)
Executing busybox-1.29.3-r10.trigger
Executing glib-2.58.1-r3.trigger
OK: 16 MiB in 19 packages
 ---> e53e61cdb54e
Removing intermediate container 951a31eaf652
Step 4/17 : FROM lfedge/eve-mkimage-iso-efi:e0cc637b8d693c6718d31dc1cbab1f7557823c0b-arm64 as iso
 ---> 74679271e526
Step 5/17 : FROM lfedge/eve-mkimage-raw-efi:5b9c8a3bc15353352a7462b508c9f379e9fcea32-arm64 as raw
 ---> c3f4b6a57b32
Step 6/17 : RUN rm /initrd.img
 ---> Running in 2727adc13c30
 ---> d7418d88bc9d
Removing intermediate container 2727adc13c30
Step 7/17 : FROM lfedge/eve-mkconf:b9a89148618d45bd26a93a68701f5d0588e501a9-arm64 as conf
 ---> ac9fa4d52a61
Step 8/17 : COPY --from=iso / /
 ---> 5bfc09eb6874
Step 9/17 : COPY --from=raw / /
 ---> b7160aad7811
Step 10/17 : COPY --from=tools /out/ /
 ---> b340558ce8ab
Step 11/17 : COPY installer /bits
 ---> a493d270c278
Step 12/17 : COPY OVMF* /firmware/
 ---> f8455a7b8d18
Step 13/17 : COPY runme.sh /
 ---> d49471a5ae84
Step 14/17 : RUN mkdir /in /out
 ---> Running in 2417b36cb2a2
 ---> 90966205413b
Removing intermediate container 2417b36cb2a2
Step 15/17 : WORKDIR /bits
 ---> 29e9912335dc
Removing intermediate container 3ecefa44028a
Step 16/17 : ENTRYPOINT /runme.sh
 ---> Running in 1ab47254d282
 ---> b9093df5aa8f
Removing intermediate container 1ab47254d282
Step 17/17 : LABEL org.mobyproject.linuxkit.revision 'unknown' org.mobyproject.linuxkit.version 'unknown' org.opencontainers.image.revision '56e3228a70fa3fca6328876d2b5b70db6ea939c7' org.opencontainers.image.source 'https://github.com/linuxkit/linuxkit'
 ---> Running in 181d590b1cd7
 ---> 531784287803
Removing intermediate container 181d590b1cd7
Successfully built 531784287803
Successfully tagged lfedge/eve:0.0.0-master-56e3228a-2020-06-12.22.04-xen-arm64
Pushing lfedge/eve:0.0.0-master-56e3228a-2020-06-12.22.04-xen-arm64
The push refers to a repository [docker.io/lfedge/eve]
ede43bc820fa: Preparing
f48a90d5a05b: Preparing
acc72f0301bc: Preparing
a0a9916ba960: Preparing
adf911b88864: Preparing
1c1d76e314ab: Preparing
9a50430de2c7: Preparing
41396e0b608d: Preparing
1c1d76e314ab: Waiting
9a50430de2c7: Waiting
41396e0b608d: Waiting
f48a90d5a05b: Pushed
ede43bc820fa: Pushed
1c1d76e314ab: Layer already exists
9a50430de2c7: Layer already exists
acc72f0301bc: Pushed
41396e0b608d: Layer already exists
adf911b88864: Pushed
a0a9916ba960: Pushed
0.0.0-master-56e3228a-2020-06-12.22.04-xen-arm64: digest: sha256:28c30bec494991353aee0ff3f20dc1cfdd5c7235cec6db19ffdcbf2f4cefe59b size: 1999
Pushing lfedge/eve:0.0.0-master-56e3228a-2020-06-12.22.04-xen-arm64 to manifest lfedge/eve:0.0.0-master-56e3228a-2020-06-12.22.04-xen
time="2020-06-13T00:14:57+02:00" level=warning msg="Couldn't find or access image reference \"lfedge/eve:0.0.0-master-56e3228a-2020-06-12.22.04-xen-amd64\". Skipping image."
time="2020-06-13T00:15:00+02:00" level=warning msg="Couldn't find or access image reference \"lfedge/eve:0.0.0-master-56e3228a-2020-06-12.22.04-xen-s390x\". Skipping image."
Digest: sha256:9953f0cbf4f0c6a2c8241e43cd5b9a7d149d5c3979525ab4d69a39710074baa3 434
Not signing lfedge/eve:0.0.0-master-56e3228a-2020-06-12.22.04-xen
Tagging lfedge/eve:0.0.0-master-56e3228a-2020-06-12.22.04-xen-arm64 as lfedge/eve:snapshot-arm64
Pushing lfedge/eve:snapshot-arm64
The push refers to a repository [docker.io/lfedge/eve]
ede43bc820fa: Preparing
f48a90d5a05b: Preparing
acc72f0301bc: Preparing
a0a9916ba960: Preparing
adf911b88864: Preparing
1c1d76e314ab: Preparing
9a50430de2c7: Preparing
41396e0b608d: Preparing
9a50430de2c7: Waiting
1c1d76e314ab: Waiting
41396e0b608d: Waiting
acc72f0301bc: Layer already exists
f48a90d5a05b: Layer already exists
adf911b88864: Layer already exists
a0a9916ba960: Layer already exists
ede43bc820fa: Layer already exists
1c1d76e314ab: Layer already exists
9a50430de2c7: Layer already exists
41396e0b608d: Layer already exists
snapshot-arm64: digest: sha256:28c30bec494991353aee0ff3f20dc1cfdd5c7235cec6db19ffdcbf2f4cefe59b size: 1999
Pushing lfedge/eve:snapshot-arm64 to manifest lfedge/eve:snapshot
time="2020-06-13T00:15:22+02:00" level=warning msg="Couldn't find or access image reference \"lfedge/eve:snapshot-s390x\". Skipping image."
Digest: sha256:068e70ed885ff5674f177b6372a529df3e9d568abf3b52b20279cfa24e623641 743
Not signing lfedge/eve:snapshot
Build, push and release of "snapshot" complete, all done.
rm images/rootfs-xen.yml images/rootfs-xen.yml.in
FINISHED
