From https://github.com/lf-edge/eve
   8508c371..24fdc63f  master     -> origin/master
 * [new tag]           4.10.0     -> 4.10.0
 * [new tag]           5.0.0      -> 5.0.0
 * [new tag]           5.0.1      -> 5.0.1
 * [new tag]           5.1.0      -> 5.1.0
 * [new tag]           5.1.1      -> 5.1.1
 * [new tag]           5.1.10     -> 5.1.10
 * [new tag]           5.1.11     -> 5.1.11
 * [new tag]           5.2.0      -> 5.2.0
 * [new tag]           5.2.1      -> 5.2.1
 * [new tag]           5.2.2      -> 5.2.2
 * [new tag]           5.2.3      -> 5.2.3
 * [new tag]           5.2.4      -> 5.2.4
 * [new tag]           5.3.0      -> 5.3.0
 * [new tag]           5.4.0      -> 5.4.0
 * [new tag]           5.4.1      -> 5.4.1
 * [new tag]           5.5.0      -> 5.5.0
Building the following tags:  origin/master (latest tag is 5.5.0)
Skipping repository .go/pkg/dep/sources/https---github.com-linuxkit-linuxkit
Skipping repository .go/pkg/dep/sources/https---github.com-moby-hyperkit
Skipping repository .go/pkg/dep/sources/https---github.com-gorilla-context
Skipping repository .go/pkg/dep/sources/https---github.com-theupdateframework-notary
Skipping repository .go/pkg/dep/sources/https---github.com-mitchellh-go--ps
Skipping repository .go/pkg/dep/sources/https---github.com-golang-appengine
Skipping repository .go/pkg/dep/sources/https---github.com-xeipuuv-gojsonschema
Skipping repository .go/pkg/dep/sources/https---go.googlesource.com-net
Skipping repository .go/pkg/dep/sources/https---github.com-xeipuuv-gojsonpointer
Skipping repository .go/pkg/dep/sources/https---github.com-Azure-azure--sdk--for--go
Skipping repository .go/pkg/dep/sources/https---github.com-moby-tool
Skipping repository .go/pkg/dep/sources/https---github.com-Azure-go--ansiterm
Skipping repository .go/pkg/dep/sources/https---github.com-moby-vpnkit
Skipping repository .go/pkg/dep/sources/https---github.com-moul-anonuuid
Skipping repository .go/pkg/dep/sources/https---github.com-Azure-go--autorest
Skipping repository .go/pkg/dep/sources/https---github.com-moul-gotty--client
Skipping repository .go/pkg/dep/sources/https---github.com-Microsoft-go--winio
Skipping repository .go/pkg/dep/sources/https---github.com-agl-ed25519
Skipping repository .go/pkg/dep/sources/https---github.com-aws-aws--sdk--go
Skipping repository .go/pkg/dep/sources/https---github.com-containerd-containerd
Skipping repository .go/pkg/dep/sources/https---github.com-opencontainers-go--digest
Skipping repository .go/pkg/dep/sources/https---github.com-opencontainers-image--spec
Skipping repository .go/pkg/dep/sources/https---github.com-opencontainers-runtime--spec
Skipping repository .go/pkg/dep/sources/https---github.com-packethost-packngo
Skipping repository .go/pkg/dep/sources/https---github.com-pkg-errors
Skipping repository .go/pkg/dep/sources/https---github.com-radu--matei-azure--sdk--for--go
Skipping repository .go/pkg/dep/sources/https---github.com-radu--matei-azure--vhd--utils
Skipping repository .go/pkg/dep/sources/https---github.com-renstrom-fuzzysearch
Skipping repository .go/pkg/dep/sources/https---github.com-rn-iso9660wrap
Skipping repository .go/pkg/dep/sources/https---github.com-creack-goselect
Skipping repository .go/pkg/dep/sources/https---github.com-dgrijalva-jwt--go
Skipping repository .go/pkg/dep/sources/https---github.com-docker-distribution
Skipping repository .go/pkg/dep/sources/https---github.com-docker-docker
Skipping repository .go/pkg/dep/sources/https---github.com-docker-go
Skipping repository .go/pkg/dep/sources/https---github.com-docker-go--connections
Skipping repository .go/pkg/dep/sources/https---github.com-docker-go--units
Skipping repository .go/pkg/dep/sources/https---github.com-jmespath-go--jmespath
Skipping repository .go/pkg/dep/sources/https---github.com-scaleway-go--scaleway
Skipping repository .go/pkg/dep/sources/https---github.com-go--ini-ini
Skipping repository .go/pkg/dep/sources/https---github.com-gorilla-mux
Skipping repository .go/pkg/dep/sources/https---github.com-gogo-protobuf
Skipping repository .go/pkg/dep/sources/https---github.com-gorilla-websocket
Skipping repository .go/pkg/dep/sources/https---github.com-vmware-govmomi
Skipping repository .go/pkg/dep/sources/https---github.com-sirupsen-logrus
Skipping repository .go/pkg/dep/sources/https---gopkg.in-yaml.v2
Skipping repository .go/pkg/dep/sources/https---github.com-golang-protobuf
Skipping repository .go/pkg/dep/sources/https---github.com-docker-go--p9p
Skipping repository .go/pkg/dep/sources/https---github.com-google-uuid
Skipping repository .go/pkg/dep/sources/https---github.com-gophercloud-gophercloud
Skipping repository .go/pkg/dep/sources/https---github.com-xeipuuv-gojsonreference
Skipping repository .go/pkg/dep/sources/https---github.com-moby-datakit
Skipping repository .go/pkg/dep/sources/https---github.com-surma-gocpio
Skipping repository .go/pkg/dep/sources/https---github.com-miekg-pkcs11
Skipping repository .go/pkg/dep/sources/https---go.googlesource.com-sync
Skipping repository .go/pkg/dep/sources/https---go.googlesource.com-oauth2
Skipping repository .go/pkg/dep/sources/https---code.googlesource.com-gocloud
Skipping repository .go/pkg/dep/sources/https---go.googlesource.com-sys
Skipping repository .go/pkg/dep/sources/https---go.googlesource.com-crypto
Skipping repository .go/pkg/dep/sources/https---code.googlesource.com-google--api--go--client
Skipping repository .go/pkg/dep/sources/https---github.com-census--instrumentation-opencensus--go
Skipping repository .go/pkg/dep/sources/https---github.com-googleapis-gax--go
Skipping repository .go/pkg/dep/sources/https---github.com-grpc-grpc--go
Skipping repository .go/pkg/dep/sources/https---github.com-konsorten-go--windows--terminal--sequences
Skipping repository .go/pkg/dep/sources/https---github.com-golang-groupcache
Skipping repository .go/pkg/dep/sources/https---github.com-google-go--genproto
Skipping repository .go/pkg/dep/sources/https---go.googlesource.com-text
Removing .go/src
Removing .go/bin
Removing build-tools/bin/linuxkit
Removing build-tools/bin/manifest-tool
Removing dist/
HEAD is now at 24fdc63f A few build tweaks
Creating go builder image for user zededa-ci
eve-build-zededa-ci docker container is ready to use
Done building /home/zededa-ci/src/eve/build-tools/bin/linuxkit
Building and pushing "lfedge/eve-acrn:4671ddb5582e8c788d6953ce113ca1f53af81fe8"
4671ddb5582e8c788d6953ce113ca1f53af81fe8: Pulling from lfedge/eve-acrn
Digest: sha256:7d8badd1ec2a820dd5c442f6e9ee0a369d786609f4c029e300efb9065a88e944
Status: Image is up to date for lfedge/eve-acrn:4671ddb5582e8c788d6953ce113ca1f53af81fe8
Building and pushing "lfedge/eve-acrn-kernel:1dcbb693d67ce409e081bf5fdaa3b3c6cd1cf7c9"
1dcbb693d67ce409e081bf5fdaa3b3c6cd1cf7c9: Pulling from lfedge/eve-acrn-kernel
Digest: sha256:4e919dabba56fe57cea76b45a0e81a6c0b964b5f4d622e8f38f9e989d78cd6a2
Status: Image is up to date for lfedge/eve-acrn-kernel:1dcbb693d67ce409e081bf5fdaa3b3c6cd1cf7c9
Building and pushing "lfedge/eve-alpine:ac1dc159510afa61334222cedf085c7730e4583c"
ac1dc159510afa61334222cedf085c7730e4583c: Pulling from lfedge/eve-alpine
Digest: sha256:11acfecd7d2baf8c6b9b369db7c57f805db63901eaba796f59d755daa0212ed6
Status: Image is up to date for lfedge/eve-alpine:ac1dc159510afa61334222cedf085c7730e4583c
Building and pushing "lfedge/eve-debug:2ff5b19ea565a13fa93a634abdef20e04276b73b"
2ff5b19ea565a13fa93a634abdef20e04276b73b: Pulling from lfedge/eve-debug
Digest: sha256:5635f14ff52bd253d475322d9082e33364662ab71b14717dd67a9bf7e3eb84ea
Status: Image is up to date for lfedge/eve-debug:2ff5b19ea565a13fa93a634abdef20e04276b73b
Building and pushing "lfedge/eve-dnsmasq:daf64b1cfa970979aa461faf7024beea9b5d6ded"
daf64b1cfa970979aa461faf7024beea9b5d6ded: Pulling from lfedge/eve-dnsmasq
Digest: sha256:154f733a60bc10438f9e6125442bb0f4424995d099b830385371c3430e1813f7
Status: Image is up to date for lfedge/eve-dnsmasq:daf64b1cfa970979aa461faf7024beea9b5d6ded
Building and pushing "lfedge/eve-dom0-ztools:5450ed24dca591ec67c2a7465df5b203e7e92479"
5450ed24dca591ec67c2a7465df5b203e7e92479: Pulling from lfedge/eve-dom0-ztools
Digest: sha256:948f14182f26680b7428d2cea334a30c57f595faf640c78078a6fb75e2d451ee
Status: Image is up to date for lfedge/eve-dom0-ztools:5450ed24dca591ec67c2a7465df5b203e7e92479
Building and pushing "lfedge/eve-fw:60af30b13b43cdc50b6cbb6e30a5e4d1feb154e0"
60af30b13b43cdc50b6cbb6e30a5e4d1feb154e0: Pulling from lfedge/eve-fw
Digest: sha256:66ab18a572b7e443201cfc837ac02d97b4006ade3c8e2791ccee30576556327e
Status: Image is up to date for lfedge/eve-fw:60af30b13b43cdc50b6cbb6e30a5e4d1feb154e0
Building and pushing "lfedge/eve-gpt-tools:e378abea66b77fb7e9587b798a8caf5c78f440c1"
e378abea66b77fb7e9587b798a8caf5c78f440c1: Pulling from lfedge/eve-gpt-tools
Digest: sha256:5ab0097ee02c29d030203bd8abd8bcff401b987d5d009db75c8ac051e147210b
Status: Image is up to date for lfedge/eve-gpt-tools:e378abea66b77fb7e9587b798a8caf5c78f440c1
Building and pushing "lfedge/eve-grub:3ea7b9ddda60231ee7234e3517c4bb357687afa5"
3ea7b9ddda60231ee7234e3517c4bb357687afa5: Pulling from lfedge/eve-grub
Digest: sha256:7f402740c60afa6bd5cd8c90eb19ecc8de5f78a188ab6a39681e9b5ac756c267
Status: Image is up to date for lfedge/eve-grub:3ea7b9ddda60231ee7234e3517c4bb357687afa5
Building and pushing "lfedge/eve-guacd:f1f08a0fcadd35320f5d03fe0f0a1a318e8449be"
f1f08a0fcadd35320f5d03fe0f0a1a318e8449be: Pulling from lfedge/eve-guacd
Digest: sha256:c63eaa48b06670e26a257eff3264a87bf0117effb2bb63ba5609b89ec4dcdc1c
Status: Image is up to date for lfedge/eve-guacd:f1f08a0fcadd35320f5d03fe0f0a1a318e8449be
Building and pushing "lfedge/eve-kernel:a85ec06dcf5b1706d96dfa5286714ee649584ec0"
a85ec06dcf5b1706d96dfa5286714ee649584ec0: Pulling from lfedge/eve-kernel
Digest: sha256:5c9100819c4e19ec7ac6c298b6f2615fee05ce76b6d425b5b335adeb10242892
Status: Image is up to date for lfedge/eve-kernel:a85ec06dcf5b1706d96dfa5286714ee649584ec0
Building and pushing "lfedge/eve-lisp:6fe9cf905fb0fc657f646a82b42aa95e4f68f5e5"
6fe9cf905fb0fc657f646a82b42aa95e4f68f5e5: Pulling from lfedge/eve-lisp
Digest: sha256:ffd1e627f758962b57ccab772aa0bfb1e60704574a4b7795008da1fce6315dd0
Status: Image is up to date for lfedge/eve-lisp:6fe9cf905fb0fc657f646a82b42aa95e4f68f5e5
Building and pushing "lfedge/eve-mkconf:b9a89148618d45bd26a93a68701f5d0588e501a9"
b9a89148618d45bd26a93a68701f5d0588e501a9: Pulling from lfedge/eve-mkconf
Digest: sha256:62bd4b02798c2ee42a4bb295dcb67c8a25dfe731466327ac11b163a4928d716d
Status: Image is up to date for lfedge/eve-mkconf:b9a89148618d45bd26a93a68701f5d0588e501a9
Building and pushing "lfedge/eve-mkimage-iso-efi:e0cc637b8d693c6718d31dc1cbab1f7557823c0b"
e0cc637b8d693c6718d31dc1cbab1f7557823c0b: Pulling from lfedge/eve-mkimage-iso-efi
Digest: sha256:c36b9380912751ad210224f1b46b633b6c21371261f03d29dfdbc007b91c4673
Status: Image is up to date for lfedge/eve-mkimage-iso-efi:e0cc637b8d693c6718d31dc1cbab1f7557823c0b
Building and pushing "lfedge/eve-mkimage-raw-efi:bc6baa26d790de03d91628e9c3dab24d372befac"
bc6baa26d790de03d91628e9c3dab24d372befac: Pulling from lfedge/eve-mkimage-raw-efi
no matching manifest for linux/arm64 in the manifest list entries
No image pulled, continuing with build
Sending build context to Docker daemon  91.14kB
Step 1/23 : ARG BUILDER=lfedge/eve-alpine:3e3111a703366e9ac607d9c33d5fded006fa1df3
 ---> 
Step 2/23 : FROM ${BUILDER} as initrd
 ---> 2cf03ee73ee0
Step 3/23 : SHELL /bin/ash -eo pipefail -c
 ---> Running in 49af8db54162
 ---> 50f769073f06
Removing intermediate container 49af8db54162
Step 4/23 : COPY nlplug-findfs.c initramfs-init /tmp/
 ---> d5b1ed259078
Step 5/23 : RUN apk add --no-cache               mkinitfs=3.4.1-r1              gcc=8.3.0-r0                   musl-dev=1.1.20-r5             linux-headers=4.18.13-r1       kmod-dev=24-r1                 util-linux-dev=2.33-r0         cryptsetup1-dev=1.7.5-r4
 ---> Running in 1940c387adf0
(1/19) Installing device-mapper-libs (2.02.182-r0)
(2/19) Installing libuuid (2.33-r0)
(3/19) Installing cryptsetup1-libs (1.7.5-r4)
(4/19) Installing cryptsetup1-dev (1.7.5-r4)
(5/19) Installing xz-libs (5.2.4-r0)
(6/19) Installing kmod (24-r1)
(7/19) Installing kmod-dev (24-r1)
(8/19) Installing linux-headers (4.18.13-r1)
(9/19) Installing lddtree (1.26-r1)
(10/19) Installing libblkid (2.33-r0)
(11/19) Installing argon2-libs (20171227-r2)
(12/19) Installing json-c (0.13.1-r0)
(13/19) Installing cryptsetup-libs (2.0.6-r0)
(14/19) Installing mkinitfs (3.4.1-r1)
Executing mkinitfs-3.4.1-r1.post-install
(15/19) Installing musl-dev (1.1.20-r5)
(16/19) Installing libfdisk (2.33-r0)
(17/19) Installing libmount (2.33-r0)
(18/19) Installing libsmartcols (2.33-r0)
(19/19) Installing util-linux-dev (2.33-r0)
Executing busybox-1.29.3-r10.trigger
OK: 107 MiB in 60 packages
 ---> 09925639e7c9
Removing intermediate container 1940c387adf0
Step 6/23 : RUN cc -Wall -Werror -g -D_GNU_SOURCE -DDEBUG -I/usr/include/blkid -I/usr/include/uuid /tmp/nlplug-findfs.c -lblkid  -lkmod  -L/lib -lcryptsetup -o /sbin/nlplug-findfs
 ---> Running in 9c4586d2824b
 ---> de62fe888b3b
Removing intermediate container 9c4586d2824b
Step 7/23 : RUN mkinitfs -n -i /tmp/initramfs-init -o /initrd.gz
 ---> Running in eb8d699106f0
==> initramfs: creating /initrd.gz
 ---> 6a1239f7bf70
Removing intermediate container eb8d699106f0
Step 8/23 : FROM ${BUILDER} as build
 ---> 2cf03ee73ee0
Step 9/23 : SHELL /bin/ash -eo pipefail -c
 ---> Running in 249335344a02
 ---> 444a099ec674
Removing intermediate container 249335344a02
Step 10/23 : WORKDIR /out
 ---> 76f5f44be7a5
Removing intermediate container ca7d5b96e265
Step 11/23 : RUN mkdir -p /out/etc/apk /out/boot && cp -r /etc/apk/* /out/etc/apk/
 ---> Running in 92f53ee93bd2
 ---> dbd2f5f551e3
Removing intermediate container 92f53ee93bd2
Step 12/23 : RUN apk add --no-cache --initdb -p /out   busybox=1.29.3-r10          mtools=4.0.23-r0            dosfstools=4.1-r1           libarchive-tools=3.3.3-r1   sgdisk=1.0.4-r0             e2fsprogs=1.44.5-r1         util-linux=2.33-r0          squashfs-tools=4.3-r5       coreutils=8.30-r0
 ---> Running in 491f82c9c916
(1/33) Installing musl (1.1.20-r5)
(2/33) Installing busybox (1.29.3-r10)
Executing busybox-1.29.3-r10.post-install
(3/33) Installing libattr (2.4.47-r7)
(4/33) Installing libacl (2.2.52-r5)
(5/33) Installing coreutils (8.30-r0)
(6/33) Installing dosfstools (4.1-r1)
(7/33) Installing libuuid (2.33-r0)
(8/33) Installing libblkid (2.33-r0)
(9/33) Installing libcom_err (1.44.5-r2)
(10/33) Installing e2fsprogs-libs (1.44.5-r1)
(11/33) Installing e2fsprogs (1.44.5-r1)
(12/33) Installing libbz2 (1.0.6-r7)
(13/33) Installing libcrypto1.1 (1.1.1d-r2)
(14/33) Installing expat (2.2.8-r0)
(15/33) Installing lz4-libs (1.8.3-r2)
(16/33) Installing xz-libs (5.2.4-r0)
(17/33) Installing zlib (1.2.11-r1)
(18/33) Installing libarchive-tools (3.3.3-r1)
(19/33) Installing mtools (4.0.23-r0)
(20/33) Installing libgcc (8.3.0-r0)
(21/33) Installing popt (1.16-r7)
(22/33) Installing libstdc++ (8.3.0-r0)
(23/33) Installing sgdisk (1.0.4-r0)
(24/33) Installing lzo (2.10-r2)
(25/33) Installing squashfs-tools (4.3-r5)
(26/33) Installing libmount (2.33-r0)
(27/33) Installing libsmartcols (2.33-r0)
(28/33) Installing findmnt (2.33-r0)
(29/33) Installing libfdisk (2.33-r0)
(30/33) Installing ncurses-terminfo-base (6.1_p20190105-r0)
(31/33) Installing ncurses-terminfo (6.1_p20190105-r0)
(32/33) Installing ncurses-libs (6.1_p20190105-r0)
(33/33) Installing util-linux (2.33-r0)
Executing busybox-1.29.3-r10.trigger
OK: 22 MiB in 33 packages
 ---> a54bdcc4eac7
Removing intermediate container 491f82c9c916
Step 13/23 : COPY make-raw install trampoline.grub.cfg grub.cfg.in UsbInvocationScript.txt /out/
 ---> 0b6298b29fe3
Step 14/23 : RUN echo "mtools_skip_check=1" >> etc/mtools.conf
 ---> Running in 35921ab37ab9
 ---> 513c82732345
Removing intermediate container 35921ab37ab9
Step 15/23 : FROM scratch
 ---> 
Step 16/23 : SHELL /bin/ash -eo pipefail -c
 ---> Running in 45fd3a39e42e
 ---> 238daa63a736
Removing intermediate container 45fd3a39e42e
Step 17/23 : COPY --from=build /out/ /
 ---> f0f7719cf7c0
Step 18/23 : COPY --from=initrd /initrd.gz /
 ---> 3b67888a42e4
Step 19/23 : COPY grub.stage1 /usr/lib/grub/i386-pc/boot.img
 ---> 80bbfccc2b6a
Step 20/23 : RUN gzip -d < /initrd.gz | cpio -id &&     find . -xdev | grep -v initrd.gz | sort | cpio --quiet -o -H newc | gzip > /initrd.gz &&     mv /initrd.gz /initrd.img
 ---> Running in d73c0c799d93
[91mcpio: bin/busybox not created: newer or same age file exists
[0m[91mcpio: bin/sh not created: newer or same age file exists
[0m[91mcpio: etc/apk/keys/-5e20eb89.rsa.pub not created: newer or same age file exists
cpio: etc/apk/keys/-5e211662.rsa.pub not created: newer or same age file exists
cpio: etc/apk/keys/alpine-devel@lists.alpinelinux.org-524d27bb.rsa.pub not created: newer or same age file exists
[0m[91mcpio: etc/apk/keys/alpine-devel@lists.alpinelinux.org-58199dcc.rsa.pub not created: newer or same age file exists
[0m[91mcpio: lib/ld-musl-aarch64.so.1 not created: newer or same age file exists
[0m[91mcpio: lib/libblkid.so.1 not created: newer or same age file exists
cpio: lib/libblkid.so.1.1.0 not created: newer or same age file exists
[0m[91mcpio: lib/libc.musl-aarch64.so.1 not created: newer or same age file exists
[0m[91mcpio: lib/libcrypto.so.1.1 not created: newer or same age file exists
[0m[91mcpio: lib/libuuid.so.1 not created: newer or same age file exists
cpio: lib/libuuid.so.1.3.0 not created: newer or same age file exists
[0m[91mcpio: lib/libz.so.1 not created: newer or same age file exists
cpio: lib/libz.so.1.2.11 not created: newer or same age file exists
[0m[91mcpio: usr/lib/liblzma.so.5 not created: newer or same age file exists
[0m[91mcpio: usr/lib/liblzma.so.5.2.4 not created: newer or same age file exists
[0m[91m11192 blocks
[0m ---> db290153c98e
Removing intermediate container d73c0c799d93
Step 21/23 : COPY grub.cfg /EFI/BOOT/
 ---> 35f155889bc0
Step 22/23 : ENTRYPOINT /make-raw
 ---> Running in 8e684021f767
 ---> ac7920020fdb
Removing intermediate container 8e684021f767
Step 23/23 : LABEL org.mobyproject.linuxkit.revision 'unknown' org.mobyproject.linuxkit.version 'unknown' org.opencontainers.image.revision '24fdc63f10fe78ea51993a61131f89e1db2c200f' org.opencontainers.image.source 'https://github.com/linuxkit/linuxkit'
 ---> Running in c2c72bb30a18
 ---> 895754df4cfb
Removing intermediate container c2c72bb30a18
Successfully built 895754df4cfb
Successfully tagged lfedge/eve-mkimage-raw-efi:bc6baa26d790de03d91628e9c3dab24d372befac-arm64
Pushing lfedge/eve-mkimage-raw-efi:bc6baa26d790de03d91628e9c3dab24d372befac-arm64
The push refers to a repository [docker.io/lfedge/eve-mkimage-raw-efi]
ad388bfc7d53: Preparing
0568ecac93fd: Preparing
e5aa5c9187f7: Preparing
7ae8bf6c8e55: Preparing
16f57e55fc3a: Preparing
ad388bfc7d53: Pushed
e5aa5c9187f7: Pushed
7ae8bf6c8e55: Pushed
0568ecac93fd: Pushed
16f57e55fc3a: Pushed
bc6baa26d790de03d91628e9c3dab24d372befac-arm64: digest: sha256:7716f8c6376e656360822803d8fffdfa91b086a4e1f0639612b20cbd227c071f size: 1364
Pushing lfedge/eve-mkimage-raw-efi:bc6baa26d790de03d91628e9c3dab24d372befac-arm64 to manifest lfedge/eve-mkimage-raw-efi:bc6baa26d790de03d91628e9c3dab24d372befac
time="2020-06-15T04:43:46+02:00" level=warning msg="Couldn't find or access image reference \"lfedge/eve-mkimage-raw-efi:bc6baa26d790de03d91628e9c3dab24d372befac-s390x\". Skipping image."
Digest: sha256:87aa2e1432bf3bf8256ec9db6a2a08c97646e578f0121b139e3517b1ae837642 743
Not signing lfedge/eve-mkimage-raw-efi:bc6baa26d790de03d91628e9c3dab24d372befac
Tagging lfedge/eve-mkimage-raw-efi:bc6baa26d790de03d91628e9c3dab24d372befac-arm64 as lfedge/eve-mkimage-raw-efi:snapshot-arm64
Pushing lfedge/eve-mkimage-raw-efi:snapshot-arm64
The push refers to a repository [docker.io/lfedge/eve-mkimage-raw-efi]
ad388bfc7d53: Preparing
0568ecac93fd: Preparing
e5aa5c9187f7: Preparing
7ae8bf6c8e55: Preparing
16f57e55fc3a: Preparing
e5aa5c9187f7: Layer already exists
16f57e55fc3a: Layer already exists
ad388bfc7d53: Layer already exists
0568ecac93fd: Layer already exists
7ae8bf6c8e55: Layer already exists
snapshot-arm64: digest: sha256:7716f8c6376e656360822803d8fffdfa91b086a4e1f0639612b20cbd227c071f size: 1364
Pushing lfedge/eve-mkimage-raw-efi:snapshot-arm64 to manifest lfedge/eve-mkimage-raw-efi:snapshot
time="2020-06-15T04:44:08+02:00" level=warning msg="Couldn't find or access image reference \"lfedge/eve-mkimage-raw-efi:snapshot-s390x\". Skipping image."
Digest: sha256:87aa2e1432bf3bf8256ec9db6a2a08c97646e578f0121b139e3517b1ae837642 743
Not signing lfedge/eve-mkimage-raw-efi:snapshot
Build, push and release of "snapshot" complete, all done.
Building and pushing "lfedge/eve-mkrootfs-ext4:17ec5bda58c7f6d3717b88d3da55df4516cdb6f3"
17ec5bda58c7f6d3717b88d3da55df4516cdb6f3: Pulling from lfedge/eve-mkrootfs-ext4
Digest: sha256:b867059462b3864d19c8f185331bc5ea7c351a90f69b4f7b97d925ec294d03eb
Status: Image is up to date for lfedge/eve-mkrootfs-ext4:17ec5bda58c7f6d3717b88d3da55df4516cdb6f3
Building and pushing "lfedge/eve-mkrootfs-squash:70b1faff4c3b512c91a1b7157fbddabbd41992f0"
70b1faff4c3b512c91a1b7157fbddabbd41992f0: Pulling from lfedge/eve-mkrootfs-squash
Digest: sha256:bd251f51068e34d09a6b0aad4162484fe8dc09a2a3ca14b57134e49a4838e9b8
Status: Image is up to date for lfedge/eve-mkrootfs-squash:70b1faff4c3b512c91a1b7157fbddabbd41992f0
Building and pushing "lfedge/eve-new-kernel:ecf5e212c528be15b7aadf589c4d6d09b16d9fb5"
ecf5e212c528be15b7aadf589c4d6d09b16d9fb5: Pulling from lfedge/eve-new-kernel
Digest: sha256:005f1fbff574cd6f03c93ee33f14b99536b184d20137e3f3fc0cb568fbae0df4
Status: Image is up to date for lfedge/eve-new-kernel:ecf5e212c528be15b7aadf589c4d6d09b16d9fb5
Building and pushing "lfedge/eve-strongswan:6dda5ee56b295a0115e7c09a0ca23aa925426252"
6dda5ee56b295a0115e7c09a0ca23aa925426252: Pulling from lfedge/eve-strongswan
Digest: sha256:981b13f775e13852c196038eee1fb7163340e9281a5b8a017bf75e1ad10ba8c3
Status: Image is up to date for lfedge/eve-strongswan:6dda5ee56b295a0115e7c09a0ca23aa925426252
Building and pushing "lfedge/eve-pillar:765658e2ab51cd46cc7aaa65e5506dd20639d744"
765658e2ab51cd46cc7aaa65e5506dd20639d744: Pulling from lfedge/eve-pillar
Digest: sha256:76eb60f0476dcd4f0497720178f553903b3ae62f5b436ceaf2dbf68b72193e54
Status: Image is up to date for lfedge/eve-pillar:765658e2ab51cd46cc7aaa65e5506dd20639d744
Building and pushing "lfedge/eve-uefi:5c00deeac0b200565fee599905f5346ffaafc10b"
5c00deeac0b200565fee599905f5346ffaafc10b: Pulling from lfedge/eve-uefi
Digest: sha256:ab6885d4cf29e33b9097cd2d51844591c46204c49f053297d2653fa6be2ec576
Status: Image is up to date for lfedge/eve-uefi:5c00deeac0b200565fee599905f5346ffaafc10b
Building and pushing "lfedge/eve-xen-tools:955c1a053b125fc78467091618d8d1e6cfa80c08"
955c1a053b125fc78467091618d8d1e6cfa80c08: Pulling from lfedge/eve-xen-tools
Digest: sha256:aa0ebe1c87164aa1620092960210305c4071fb03c838bf0740709703d3ec780f
Status: Image is up to date for lfedge/eve-xen-tools:955c1a053b125fc78467091618d8d1e6cfa80c08
Building and pushing "lfedge/eve-qrexec-lib:b0fb86eb752be7884d4d83c1dbbb025e75c5c466"
b0fb86eb752be7884d4d83c1dbbb025e75c5c466: Pulling from lfedge/eve-qrexec-lib
Digest: sha256:abd39f4a76686a94b422d935bc9a3f194250bc5bdfe1ca0a2d129490060011d4
Status: Image is up to date for lfedge/eve-qrexec-lib:b0fb86eb752be7884d4d83c1dbbb025e75c5c466
Building and pushing "lfedge/eve-qrexec-dom0:29024a9e04a96b4baede4f474dcf85c1cef98607"
29024a9e04a96b4baede4f474dcf85c1cef98607: Pulling from lfedge/eve-qrexec-dom0
Digest: sha256:c9c1e1021d32a2ceae4c0c3ac06fea559a447165f9a1400456d8fd05d7cfd2d6
Status: Image is up to date for lfedge/eve-qrexec-dom0:29024a9e04a96b4baede4f474dcf85c1cef98607
Building and pushing "lfedge/eve-rngd:6e16dad8553a6c2939854abfa9f34a5f2604bce7"
6e16dad8553a6c2939854abfa9f34a5f2604bce7: Pulling from lfedge/eve-rngd
Digest: sha256:d18f87ec9e50c7a996e1a9c78589b5dba52e53d59c81998503e782d65875a6dc
Status: Image is up to date for lfedge/eve-rngd:6e16dad8553a6c2939854abfa9f34a5f2604bce7
Building and pushing "lfedge/eve-rsyslog:49556e27198614b57d70e76f8bfcca3068056cfc"
49556e27198614b57d70e76f8bfcca3068056cfc: Pulling from lfedge/eve-rsyslog
Digest: sha256:88ab77ddfd593bb7b59c2fd1cdc03ad4f133f7e1bb20aecfeb0102a7bfe59f95
Status: Image is up to date for lfedge/eve-rsyslog:49556e27198614b57d70e76f8bfcca3068056cfc
Building and pushing "lfedge/eve-storage-init:31ed12195e31e7f4b118cbcc2cecfce815e5c4ed"
31ed12195e31e7f4b118cbcc2cecfce815e5c4ed: Pulling from lfedge/eve-storage-init
Digest: sha256:9a9d0ee33bd1f163f68926cfca523480d7a4501147112709796e86f62829ae1e
Status: Image is up to date for lfedge/eve-storage-init:31ed12195e31e7f4b118cbcc2cecfce815e5c4ed
Building and pushing "lfedge/eve-u-boot:478e1045beb5159538f0bef9a38ca2b5824e7f85"
478e1045beb5159538f0bef9a38ca2b5824e7f85: Pulling from lfedge/eve-u-boot
Digest: sha256:fce61e42979c2dc5bbd038dc1be8942bf57ba0fed506dc00954666a9db15cf0a
Status: Image is up to date for lfedge/eve-u-boot:478e1045beb5159538f0bef9a38ca2b5824e7f85
Building and pushing "lfedge/eve-vtpm:11365a20a21fa000e9d48614e9303c8f0e81477f"
11365a20a21fa000e9d48614e9303c8f0e81477f: Pulling from lfedge/eve-vtpm
Digest: sha256:04a0292c68d3e35c25320befcb19735faa248b4ecd7211d84eb03f6ce3659bef
Status: Image is up to date for lfedge/eve-vtpm:11365a20a21fa000e9d48614e9303c8f0e81477f
Building and pushing "lfedge/eve-watchdog:288a4129631e73aad6a9e5c01f229205f5dbc9be"
288a4129631e73aad6a9e5c01f229205f5dbc9be: Pulling from lfedge/eve-watchdog
Digest: sha256:bac09ff8ba45c195bde56ace1a04c084ee074eff30eef7e7cd6e5e6b69c8edf7
Status: Image is up to date for lfedge/eve-watchdog:288a4129631e73aad6a9e5c01f229205f5dbc9be
Building and pushing "lfedge/eve-wlan:ac31bb78810451ef1333b3970f29bebc0a6c9c44"
ac31bb78810451ef1333b3970f29bebc0a6c9c44: Pulling from lfedge/eve-wlan
Digest: sha256:c3d7e2a6b381a6bdd4c1a1d1e44b46bb348990777cc828cb575f79a515d35830
Status: Image is up to date for lfedge/eve-wlan:ac31bb78810451ef1333b3970f29bebc0a6c9c44
Building and pushing "lfedge/eve-wwan:31a3911c7aa7e5c44e19406d6277173b494c6f35"
31a3911c7aa7e5c44e19406d6277173b494c6f35: Pulling from lfedge/eve-wwan
Digest: sha256:e0dfd4fb011f186f726453825cac33899766425c382a747dcd46c5d83f6946f6
Status: Image is up to date for lfedge/eve-wwan:31a3911c7aa7e5c44e19406d6277173b494c6f35
Building and pushing "lfedge/eve-xen:92959f50dff5b1a5b6ab8fbc9014369f3e3a493c"
92959f50dff5b1a5b6ab8fbc9014369f3e3a493c: Pulling from lfedge/eve-xen
Digest: sha256:2fa872b1b6c982821db90f74ca4772a3c1ad293205558bfef9a229be0f783bdc
Status: Image is up to date for lfedge/eve-xen:92959f50dff5b1a5b6ab8fbc9014369f3e3a493c
Done building packages
rm pkg/qrexec-dom0/Dockerfile pkg/xen-tools/Dockerfile pkg/qrexec-lib/Dockerfile pkg/pillar/Dockerfile
Creating go builder image for user zededa-ci
eve-build-zededa-ci docker container is ready to use
mkdir -p /home/zededa-ci/src/eve/dist/arm64
cd /home/zededa-ci/src/eve/dist/arm64 ; _() { C=`docker create $1 fake` ; shift ; docker export $C | tar -xf - "$@" ; docker rm $C ; } ; _ lfedge/eve-uefi:5c00deeac0b200565fee599905f5346ffaafc10b-arm64 OVMF.fd
4faed7e6a7f301181a513f9bf5436bc8181a42c73b1bd7f9fcc5bb0ca8056cbe
cd /home/zededa-ci/src/eve/dist/arm64 ; _() { C=`docker create $1 fake` ; shift ; docker export $C | tar -xf - "$@" ; docker rm $C ; } ; _ lfedge/eve-uefi:5c00deeac0b200565fee599905f5346ffaafc10b-arm64 OVMF_CODE.fd
tar: OVMF_CODE.fd: Not found in archive
tar: Exiting with failure status due to previous errors
f4614e7b4e4be30b9009ecc4a7a6d9479af2710a30a61f60b93485d9ece76e2b
cd /home/zededa-ci/src/eve/dist/arm64 ; _() { C=`docker create $1 fake` ; shift ; docker export $C | tar -xf - "$@" ; docker rm $C ; } ; _ lfedge/eve-uefi:5c00deeac0b200565fee599905f5346ffaafc10b-arm64 OVMF_VARS.fd
df2d5c986d534e29467b6e5ac7597b8f30d9cc857abd76ff3ad01e93d587c88f
mkdir -p /home/zededa-ci/src/eve/dist/arm64/installer
cd /home/zededa-ci/src/eve/dist/arm64/installer ; _() { C=`docker create $1 fake` ; shift ; docker export $C | tar -xf - "$@" ; docker rm $C ; } ; _ lfedge/eve-grub:3ea7b9ddda60231ee7234e3517c4bb357687afa5-arm64 EFI
6f93b62082aa270f6d977c0d62c1a3f2781881cef766b980f14d844041ae5e10
./tools/makeconfig.sh /home/zededa-ci/src/eve/dist/arm64/installer/config.img conf/authorized_keys conf/DevicePortConfig conf/grub.cfg conf/onboard.cert.pem conf/onboard.key.pem conf/root-certificate.pem conf/server conf/v2tlsbaseroot-certificates.pem
1024+0 records in
1024+0 records out
mkfs.fat 4.1 (2017-01-24)
/config.img has 64 heads and 32 sectors per track,
hidden sectors 0x0000;
logical sector size is 512,
using 0xf8 media descriptor, with 2048 sectors;
drive number 0x80;
filesystem has 2 12-bit FATs and 4 sectors per cluster.
FAT size is 2 sectors, and provides 502 clusters.
There is 1 reserved sector.
Root directory contains 512 slots and uses 32 sectors.
Volume ID is 194507f8, volume label EVE        .
cd /home/zededa-ci/src/eve/dist/arm64/installer ; _() { C=`docker create $1 fake` ; shift ; docker export $C | tar -xf - "$@" ; docker rm $C ; } ; _ lfedge/eve-mkimage-raw-efi:bc6baa26d790de03d91628e9c3dab24d372befac-arm64 initrd.img EFI
0d3f24236ad9838d15c6ad7d3b04f57cb57efefd63deb5c9c3b05f071b471b02
Done building /home/zededa-ci/src/eve/build-tools/bin/linuxkit
patching file images/rootfs-rpi.yml.in.sed (read from images/rootfs.yml.in)
./tools/makerootfs.sh images/rootfs-rpi.yml /home/zededa-ci/src/eve/dist/arm64/installer/rootfs-0.0.0-snapshot-master-24fdc63f-rpi-arm64.squash squash
Extract kernel image: lfedge/eve-new-kernel:ecf5e212c528be15b7aadf589c4d6d09b16d9fb5-arm64
Add init containers:
Process init image: linuxkit/init:v0.5-arm64
time="2020-06-15T04:49:11+02:00" level=warning msg="targets metadata is nearing expiry, you should re-sign the role metadata"
Process init image: linuxkit/runc:f79954950022fea76b8b6f10de58cb48e4fb3878-arm64
time="2020-06-15T04:49:31+02:00" level=error msg="Metadata for targets/riyaz expired"
time="2020-06-15T04:49:31+02:00" level=error msg="Metadata for targets/riyaz expired"
time="2020-06-15T04:49:31+02:00" level=warning msg="Error getting targets/riyaz: targets/riyaz expired at Mon May 25 15:32:34 -0700 2020"
time="2020-06-15T04:49:31+02:00" level=warning msg="targets metadata is nearing expiry, you should re-sign the role metadata"
time="2020-06-15T04:49:31+02:00" level=warning msg="targets/justin metadata is nearing expiry, you should re-sign the role metadata"
Process init image: linuxkit/containerd:6ef473a228db6f6ee163f9b9a051102a1552a4ef-arm64
time="2020-06-15T04:49:50+02:00" level=error msg="Metadata for targets/riyaz expired"
time="2020-06-15T04:49:50+02:00" level=error msg="Metadata for targets/riyaz expired"
time="2020-06-15T04:49:50+02:00" level=warning msg="Error getting targets/riyaz: targets/riyaz expired at Sat Jun 6 08:35:43 -0700 2020"
time="2020-06-15T04:49:50+02:00" level=warning msg="targets metadata is nearing expiry, you should re-sign the role metadata"
time="2020-06-15T04:49:50+02:00" level=warning msg="targets/justin metadata is nearing expiry, you should re-sign the role metadata"
Process init image: linuxkit/getty:v0.5-arm64
time="2020-06-15T04:50:09+02:00" level=warning msg="targets/riyaz metadata is nearing expiry, you should re-sign the role metadata"
time="2020-06-15T04:50:09+02:00" level=warning msg="targets metadata is nearing expiry, you should re-sign the role metadata"
time="2020-06-15T04:50:09+02:00" level=warning msg="targets/justin metadata is nearing expiry, you should re-sign the role metadata"
Process init image: linuxkit/memlogd:v0.5-arm64
Process init image: lfedge/eve-grub:3ea7b9ddda60231ee7234e3517c4bb357687afa5-arm64
Process init image: lfedge/eve-fw:60af30b13b43cdc50b6cbb6e30a5e4d1feb154e0-arm64
Process init image: lfedge/eve-xen:92959f50dff5b1a5b6ab8fbc9014369f3e3a493c-arm64
Process init image: lfedge/eve-gpt-tools:e378abea66b77fb7e9587b798a8caf5c78f440c1-arm64
Process init image: lfedge/eve-dom0-ztools:5450ed24dca591ec67c2a7465df5b203e7e92479-arm64
Add onboot containers:
  Create OCI config for lfedge/eve-storage-init:31ed12195e31e7f4b118cbcc2cecfce815e5c4ed-arm64
  Create OCI config for linuxkit/sysctl:v0.5-arm64
time="2020-06-15T04:51:08+02:00" level=warning msg="targets metadata is nearing expiry, you should re-sign the role metadata"
time="2020-06-15T04:51:08+02:00" level=warning msg="targets/ian metadata is nearing expiry, you should re-sign the role metadata"
  Create OCI config for lfedge/eve-rngd:6e16dad8553a6c2939854abfa9f34a5f2604bce7-arm64
  Create OCI config for linuxkit/modprobe:v0.5-arm64
time="2020-06-15T04:51:27+02:00" level=warning msg="targets metadata is nearing expiry, you should re-sign the role metadata"
time="2020-06-15T04:51:27+02:00" level=warning msg="targets/ian metadata is nearing expiry, you should re-sign the role metadata"
Add service containers:
  Create OCI config for lfedge/eve-rsyslog:49556e27198614b57d70e76f8bfcca3068056cfc-arm64
  Create OCI config for linuxkit/openntpd:v0.5-arm64
time="2020-06-15T04:51:48+02:00" level=error msg="Metadata for targets/riyaz expired"
time="2020-06-15T04:51:48+02:00" level=error msg="Metadata for targets/riyaz expired"
time="2020-06-15T04:51:48+02:00" level=warning msg="Error getting targets/riyaz: targets/riyaz expired at Mon May 25 15:06:33 -0700 2020"
time="2020-06-15T04:51:48+02:00" level=warning msg="targets metadata is nearing expiry, you should re-sign the role metadata"
time="2020-06-15T04:51:48+02:00" level=warning msg="targets/justin metadata is nearing expiry, you should re-sign the role metadata"
time="2020-06-15T04:51:48+02:00" level=warning msg="targets/ian metadata is nearing expiry, you should re-sign the role metadata"
  Create OCI config for linuxkit/sshd:v0.5-arm64
time="2020-06-15T04:52:05+02:00" level=error msg="Metadata for targets/justin expired"
time="2020-06-15T04:52:05+02:00" level=error msg="Metadata for targets/justin expired"
time="2020-06-15T04:52:05+02:00" level=warning msg="Error getting targets/justin: targets/justin expired at Fri May 29 15:28:54 +0100 2020"
time="2020-06-15T04:52:05+02:00" level=warning msg="targets metadata is nearing expiry, you should re-sign the role metadata"
time="2020-06-15T04:52:05+02:00" level=warning msg="targets/riyaz metadata is nearing expiry, you should re-sign the role metadata"
  Create OCI config for lfedge/eve-wwan:31a3911c7aa7e5c44e19406d6277173b494c6f35-arm64
  Create OCI config for lfedge/eve-wlan:ac31bb78810451ef1333b3970f29bebc0a6c9c44-arm64
  Create OCI config for lfedge/eve-lisp:6fe9cf905fb0fc657f646a82b42aa95e4f68f5e5-arm64
  Create OCI config for lfedge/eve-guacd:f1f08a0fcadd35320f5d03fe0f0a1a318e8449be-arm64
  Create OCI config for lfedge/eve-pillar:765658e2ab51cd46cc7aaa65e5506dd20639d744-arm64
  Create OCI config for lfedge/eve-vtpm:11365a20a21fa000e9d48614e9303c8f0e81477f-arm64
  Create OCI config for lfedge/eve-watchdog:288a4129631e73aad6a9e5c01f229205f5dbc9be-arm64
  Create OCI config for lfedge/eve-xen-tools:955c1a053b125fc78467091618d8d1e6cfa80c08-arm64
Add files:
  /etc/eve-release
Parallel mksquashfs: Using 4 processors
Creating 4.0 filesystem on /rootfs.img, block size 131072.
[==============================\                             ] 11500/21930  52%[===============================================|            ] 17800/21930  81%[===================================================\        ] 19200/21930  87%[====================================================/       ] 19500/21930  88%[===========================================================|] 21930/21930 100%

Exportable Squashfs 4.0 filesystem, gzip compressed, data block size 131072
	compressed data, compressed metadata, compressed fragments, compressed xattrs
	duplicates are removed
Filesystem size 253452.38 Kbytes (247.51 Mbytes)
	32.99% of uncompressed filesystem size (768155.47 Kbytes)
Inode table size 245051 bytes (239.31 Kbytes)
	25.11% of uncompressed inode table size (976015 bytes)
Directory table size 265876 bytes (259.64 Kbytes)
	45.48% of uncompressed directory table size (584650 bytes)
Number of duplicate files found 8682
Number of inodes 25063
Number of files 17095
Number of fragments 749
Number of symbolic links  5903
Number of device nodes 4
Number of fifo nodes 0
Number of socket nodes 0
Number of directories 2061
Number of ids (unique uids + gids) 4
Number of uids 2
	root (0)
	unknown (1000)
Number of gids 4
	root (0)
	shadow (42)
	tty (5)
	unknown (1000)
cd /home/zededa-ci/src/eve/dist/arm64/installer ; _() { C=`docker create $1 fake` ; shift ; docker export $C | tar -xf - "$@" ; docker rm $C ; } ; _ lfedge/eve-u-boot:478e1045beb5159538f0bef9a38ca2b5824e7f85-arm64 boot
52489834eb86802faa9dafc2785c990ee2cd3468a3b9c4fb1271a57e1231c814
cp pkg/eve/build.yml pkg/eve/runme.sh images/*.yml /home/zededa-ci/src/eve/dist/arm64
DOCKER_ARCH_TAG=arm64 ./tools/parse-pkgs.sh pkg/eve/Dockerfile.in > /home/zededa-ci/src/eve/dist/arm64/Dockerfile
/home/zededa-ci/src/eve/build-tools/bin/linuxkit pkg push --disable-content-trust --hash-path /home/zededa-ci/src/eve --hash 0.0.0-snapshot-master-24fdc63f-rpi --release snapshot --force --disable-cache /home/zededa-ci/src/eve/dist/arm64
Building and pushing "lfedge/eve:0.0.0-snapshot-master-24fdc63f-rpi"
Sending build context to Docker daemon  275.6MB
Step 1/17 : FROM alpine:3.9.4 as tools
 ---> ce544de9ee2c
Step 2/17 : RUN mkdir -p /out/etc/apk /out/boot && cp -r /etc/apk/* /out/etc/apk/
 ---> Running in b76a16e46a46
 ---> 73a604352d8b
Removing intermediate container b76a16e46a46
Step 3/17 : RUN apk add --no-cache --initdb -p /out qemu-img=3.1.0-r3 tar=1.32-r0
 ---> Running in a31c4dd80c6e
fetch http://dl-cdn.alpinelinux.org/alpine/v3.9/main/aarch64/APKINDEX.tar.gz
fetch http://dl-cdn.alpinelinux.org/alpine/v3.9/community/aarch64/APKINDEX.tar.gz
(1/19) Installing libaio (0.3.111-r0)
(2/19) Installing musl (1.1.20-r5)
(3/19) Installing busybox (1.29.3-r10)
Executing busybox-1.29.3-r10.post-install
(4/19) Installing libffi (3.2.1-r6)
(5/19) Installing libintl (0.19.8.1-r4)
(6/19) Installing libuuid (2.33-r0)
(7/19) Installing libblkid (2.33-r0)
(8/19) Installing libmount (2.33-r0)
(9/19) Installing pcre (8.42-r1)
(10/19) Installing zlib (1.2.11-r1)
(11/19) Installing glib (2.58.1-r3)
(12/19) Installing gmp (6.1.2-r1)
(13/19) Installing nettle (3.4.1-r0)
(14/19) Installing p11-kit (0.23.14-r0)
(15/19) Installing libtasn1 (4.14-r0)
(16/19) Installing libunistring (0.9.10-r0)
(17/19) Installing gnutls (3.6.14-r0)
(18/19) Installing qemu-img (3.1.0-r3)
(19/19) Installing tar (1.32-r0)
Executing busybox-1.29.3-r10.trigger
Executing glib-2.58.1-r3.trigger
OK: 16 MiB in 19 packages
 ---> a92911730a3e
Removing intermediate container a31c4dd80c6e
Step 4/17 : FROM lfedge/eve-mkimage-iso-efi:e0cc637b8d693c6718d31dc1cbab1f7557823c0b-arm64 as iso
 ---> 74679271e526
Step 5/17 : FROM lfedge/eve-mkimage-raw-efi:bc6baa26d790de03d91628e9c3dab24d372befac-arm64 as raw
 ---> 895754df4cfb
Step 6/17 : RUN rm /initrd.img
 ---> Running in 3581c60e008d
 ---> 0d8dc07861a9
Removing intermediate container 3581c60e008d
Step 7/17 : FROM lfedge/eve-mkconf:b9a89148618d45bd26a93a68701f5d0588e501a9-arm64 as conf
 ---> ac9fa4d52a61
Step 8/17 : COPY --from=iso / /
 ---> 3aafb80505b9
Step 9/17 : COPY --from=raw / /
 ---> 7b7d502869de
Step 10/17 : COPY --from=tools /out/ /
 ---> 4d134e18ed9f
Step 11/17 : COPY installer /bits
 ---> 1983c92943cc
Step 12/17 : COPY OVMF* /firmware/
 ---> 1ad3c9a36206
Step 13/17 : COPY runme.sh /
 ---> 6261f606a201
Step 14/17 : RUN mkdir /in /out
 ---> Running in 5935aec41bd6
 ---> c8761b2e8cba
Removing intermediate container 5935aec41bd6
Step 15/17 : WORKDIR /bits
 ---> 0f586f78c41b
Removing intermediate container f856029304e0
Step 16/17 : ENTRYPOINT /runme.sh
 ---> Running in b2c386a261fb
 ---> 38c4072d7004
Removing intermediate container b2c386a261fb
Step 17/17 : LABEL org.mobyproject.linuxkit.revision 'unknown' org.mobyproject.linuxkit.version 'unknown' org.opencontainers.image.revision '24fdc63f10fe78ea51993a61131f89e1db2c200f' org.opencontainers.image.source 'https://github.com/linuxkit/linuxkit'
 ---> Running in f9247fe8538e
 ---> c52555d21d06
Removing intermediate container f9247fe8538e
Successfully built c52555d21d06
Successfully tagged lfedge/eve:0.0.0-snapshot-master-24fdc63f-rpi-arm64
Pushing lfedge/eve:0.0.0-snapshot-master-24fdc63f-rpi-arm64
The push refers to a repository [docker.io/lfedge/eve]
e30c591d5e37: Preparing
dd064997c7f0: Preparing
b565be8b995b: Preparing
a9869bb59bf9: Preparing
8db951dcafe3: Preparing
be2a2f916154: Preparing
9a50430de2c7: Preparing
41396e0b608d: Preparing
be2a2f916154: Waiting
9a50430de2c7: Waiting
41396e0b608d: Waiting
dd064997c7f0: Pushed
b565be8b995b: Pushed
e30c591d5e37: Pushed
9a50430de2c7: Layer already exists
41396e0b608d: Layer already exists
8db951dcafe3: Pushed
be2a2f916154: Pushed
a9869bb59bf9: Pushed
0.0.0-snapshot-master-24fdc63f-rpi-arm64: digest: sha256:73190018299bcf2373135ef2bfb5d567af738ce4179149c1eba367b13b68ecd6 size: 1999
Pushing lfedge/eve:0.0.0-snapshot-master-24fdc63f-rpi-arm64 to manifest lfedge/eve:0.0.0-snapshot-master-24fdc63f-rpi
time="2020-06-15T04:57:39+02:00" level=warning msg="Couldn't find or access image reference \"lfedge/eve:0.0.0-snapshot-master-24fdc63f-rpi-amd64\". Skipping image."
time="2020-06-15T04:57:42+02:00" level=warning msg="Couldn't find or access image reference \"lfedge/eve:0.0.0-snapshot-master-24fdc63f-rpi-s390x\". Skipping image."
Digest: sha256:55ae395a327363fae890eb68339d1e53b66d70452fc620d4b9e9d5fce4db6930 434
Not signing lfedge/eve:0.0.0-snapshot-master-24fdc63f-rpi
Tagging lfedge/eve:0.0.0-snapshot-master-24fdc63f-rpi-arm64 as lfedge/eve:snapshot-arm64
Pushing lfedge/eve:snapshot-arm64
The push refers to a repository [docker.io/lfedge/eve]
e30c591d5e37: Preparing
dd064997c7f0: Preparing
b565be8b995b: Preparing
a9869bb59bf9: Preparing
8db951dcafe3: Preparing
be2a2f916154: Preparing
9a50430de2c7: Preparing
41396e0b608d: Preparing
9a50430de2c7: Waiting
41396e0b608d: Waiting
be2a2f916154: Waiting
e30c591d5e37: Layer already exists
dd064997c7f0: Layer already exists
8db951dcafe3: Layer already exists
a9869bb59bf9: Layer already exists
b565be8b995b: Layer already exists
be2a2f916154: Layer already exists
41396e0b608d: Layer already exists
9a50430de2c7: Layer already exists
snapshot-arm64: digest: sha256:73190018299bcf2373135ef2bfb5d567af738ce4179149c1eba367b13b68ecd6 size: 1999
Pushing lfedge/eve:snapshot-arm64 to manifest lfedge/eve:snapshot
time="2020-06-15T04:58:04+02:00" level=warning msg="Couldn't find or access image reference \"lfedge/eve:snapshot-s390x\". Skipping image."
Digest: sha256:4bcb92c13289a651f4a568aa27bcf2cf0d201eede323f6f0aeb9a0e1d823818d 743
Not signing lfedge/eve:snapshot
Build, push and release of "snapshot" complete, all done.
rm images/rootfs-rpi.yml.in images/rootfs-rpi.yml
Creating go builder image for user zededa-ci
eve-build-zededa-ci docker container is ready to use
mkdir -p /home/zededa-ci/src/eve/dist/arm64
cd /home/zededa-ci/src/eve/dist/arm64 ; _() { C=`docker create $1 fake` ; shift ; docker export $C | tar -xf - "$@" ; docker rm $C ; } ; _ lfedge/eve-uefi:5c00deeac0b200565fee599905f5346ffaafc10b-arm64 OVMF.fd
ff7ab0552f3f62d8f45aeaff05a6ff3d8e69955ff89826b9c4de9c56353a2381
cd /home/zededa-ci/src/eve/dist/arm64 ; _() { C=`docker create $1 fake` ; shift ; docker export $C | tar -xf - "$@" ; docker rm $C ; } ; _ lfedge/eve-uefi:5c00deeac0b200565fee599905f5346ffaafc10b-arm64 OVMF_CODE.fd
tar: OVMF_CODE.fd: Not found in archive
tar: Exiting with failure status due to previous errors
3a1c4a5c25f1068d16977bb550c4935b3da71046cd5909211e62e0b682c96f46
cd /home/zededa-ci/src/eve/dist/arm64 ; _() { C=`docker create $1 fake` ; shift ; docker export $C | tar -xf - "$@" ; docker rm $C ; } ; _ lfedge/eve-uefi:5c00deeac0b200565fee599905f5346ffaafc10b-arm64 OVMF_VARS.fd
dfdb1f61e9cfc70e7b0357ba30de578ea29eb1b4abd6cb453ddab20b10943239
mkdir -p /home/zededa-ci/src/eve/dist/arm64/installer
cd /home/zededa-ci/src/eve/dist/arm64/installer ; _() { C=`docker create $1 fake` ; shift ; docker export $C | tar -xf - "$@" ; docker rm $C ; } ; _ lfedge/eve-grub:3ea7b9ddda60231ee7234e3517c4bb357687afa5-arm64 EFI
9d4c1daa5abb1caf4a046669d23e820cc1065727e23731d0f11e2e7923b63181
./tools/makeconfig.sh /home/zededa-ci/src/eve/dist/arm64/installer/config.img conf/authorized_keys conf/DevicePortConfig conf/grub.cfg conf/onboard.cert.pem conf/onboard.key.pem conf/root-certificate.pem conf/server conf/v2tlsbaseroot-certificates.pem
1024+0 records in
1024+0 records out
mkfs.fat 4.1 (2017-01-24)
/config.img has 64 heads and 32 sectors per track,
hidden sectors 0x0000;
logical sector size is 512,
using 0xf8 media descriptor, with 2048 sectors;
drive number 0x80;
filesystem has 2 12-bit FATs and 4 sectors per cluster.
FAT size is 2 sectors, and provides 502 clusters.
There is 1 reserved sector.
Root directory contains 512 slots and uses 32 sectors.
Volume ID is 3caf0e96, volume label EVE        .
cd /home/zededa-ci/src/eve/dist/arm64/installer ; _() { C=`docker create $1 fake` ; shift ; docker export $C | tar -xf - "$@" ; docker rm $C ; } ; _ lfedge/eve-mkimage-raw-efi:bc6baa26d790de03d91628e9c3dab24d372befac-arm64 initrd.img EFI
bcfc240da023706dc5d89c91ceace71da072a4ce449f448a5b4e3d912fdd74c5
Done building /home/zededa-ci/src/eve/build-tools/bin/linuxkit
patching file images/rootfs-rpi-kvm.yml.in.sed (read from images/rootfs.yml.in)
./tools/makerootfs.sh images/rootfs-rpi-kvm.yml /home/zededa-ci/src/eve/dist/arm64/installer/rootfs-0.0.0-snapshot-master-24fdc63f-rpi-kvm-arm64.squash squash
Extract kernel image: lfedge/eve-new-kernel:ecf5e212c528be15b7aadf589c4d6d09b16d9fb5-arm64
Add init containers:
Process init image: linuxkit/init:v0.5-arm64
time="2020-06-15T04:58:36+02:00" level=warning msg="targets metadata is nearing expiry, you should re-sign the role metadata"
Process init image: linuxkit/runc:f79954950022fea76b8b6f10de58cb48e4fb3878-arm64
time="2020-06-15T04:58:54+02:00" level=error msg="Metadata for targets/riyaz expired"
time="2020-06-15T04:58:54+02:00" level=error msg="Metadata for targets/riyaz expired"
time="2020-06-15T04:58:54+02:00" level=warning msg="Error getting targets/riyaz: targets/riyaz expired at Mon May 25 15:32:34 -0700 2020"
time="2020-06-15T04:58:54+02:00" level=warning msg="targets metadata is nearing expiry, you should re-sign the role metadata"
time="2020-06-15T04:58:54+02:00" level=warning msg="targets/justin metadata is nearing expiry, you should re-sign the role metadata"
Process init image: linuxkit/containerd:6ef473a228db6f6ee163f9b9a051102a1552a4ef-arm64
time="2020-06-15T04:59:11+02:00" level=error msg="Metadata for targets/riyaz expired"
time="2020-06-15T04:59:11+02:00" level=error msg="Metadata for targets/riyaz expired"
time="2020-06-15T04:59:11+02:00" level=warning msg="Error getting targets/riyaz: targets/riyaz expired at Sat Jun 6 08:35:43 -0700 2020"
time="2020-06-15T04:59:11+02:00" level=warning msg="targets metadata is nearing expiry, you should re-sign the role metadata"
time="2020-06-15T04:59:11+02:00" level=warning msg="targets/justin metadata is nearing expiry, you should re-sign the role metadata"
Process init image: linuxkit/getty:v0.5-arm64
time="2020-06-15T04:59:29+02:00" level=warning msg="targets metadata is nearing expiry, you should re-sign the role metadata"
time="2020-06-15T04:59:29+02:00" level=warning msg="targets/justin metadata is nearing expiry, you should re-sign the role metadata"
time="2020-06-15T04:59:29+02:00" level=warning msg="targets/riyaz metadata is nearing expiry, you should re-sign the role metadata"
Process init image: linuxkit/memlogd:v0.5-arm64
Process init image: lfedge/eve-grub:3ea7b9ddda60231ee7234e3517c4bb357687afa5-arm64
Process init image: lfedge/eve-fw:60af30b13b43cdc50b6cbb6e30a5e4d1feb154e0-arm64
Process init image: lfedge/eve-xen:92959f50dff5b1a5b6ab8fbc9014369f3e3a493c-arm64
Process init image: lfedge/eve-gpt-tools:e378abea66b77fb7e9587b798a8caf5c78f440c1-arm64
Process init image: lfedge/eve-dom0-ztools:5450ed24dca591ec67c2a7465df5b203e7e92479-arm64
Add onboot containers:
  Create OCI config for lfedge/eve-storage-init:31ed12195e31e7f4b118cbcc2cecfce815e5c4ed-arm64
  Create OCI config for linuxkit/sysctl:v0.5-arm64
time="2020-06-15T05:00:24+02:00" level=warning msg="targets metadata is nearing expiry, you should re-sign the role metadata"
time="2020-06-15T05:00:24+02:00" level=warning msg="targets/ian metadata is nearing expiry, you should re-sign the role metadata"
  Create OCI config for lfedge/eve-rngd:6e16dad8553a6c2939854abfa9f34a5f2604bce7-arm64
  Create OCI config for linuxkit/modprobe:v0.5-arm64
time="2020-06-15T05:00:43+02:00" level=warning msg="targets metadata is nearing expiry, you should re-sign the role metadata"
time="2020-06-15T05:00:43+02:00" level=warning msg="targets/ian metadata is nearing expiry, you should re-sign the role metadata"
Add service containers:
  Create OCI config for lfedge/eve-rsyslog:49556e27198614b57d70e76f8bfcca3068056cfc-arm64
  Create OCI config for linuxkit/openntpd:v0.5-arm64
time="2020-06-15T05:01:02+02:00" level=error msg="Metadata for targets/riyaz expired"
time="2020-06-15T05:01:02+02:00" level=error msg="Metadata for targets/riyaz expired"
time="2020-06-15T05:01:02+02:00" level=warning msg="Error getting targets/riyaz: targets/riyaz expired at Mon May 25 15:06:33 -0700 2020"
time="2020-06-15T05:01:02+02:00" level=warning msg="targets/justin metadata is nearing expiry, you should re-sign the role metadata"
time="2020-06-15T05:01:02+02:00" level=warning msg="targets/ian metadata is nearing expiry, you should re-sign the role metadata"
time="2020-06-15T05:01:02+02:00" level=warning msg="targets metadata is nearing expiry, you should re-sign the role metadata"
  Create OCI config for linuxkit/sshd:v0.5-arm64
time="2020-06-15T05:01:19+02:00" level=error msg="Metadata for targets/justin expired"
time="2020-06-15T05:01:19+02:00" level=error msg="Metadata for targets/justin expired"
time="2020-06-15T05:01:19+02:00" level=warning msg="Error getting targets/justin: targets/justin expired at Fri May 29 15:28:54 +0100 2020"
time="2020-06-15T05:01:19+02:00" level=warning msg="targets metadata is nearing expiry, you should re-sign the role metadata"
time="2020-06-15T05:01:19+02:00" level=warning msg="targets/riyaz metadata is nearing expiry, you should re-sign the role metadata"
  Create OCI config for lfedge/eve-wwan:31a3911c7aa7e5c44e19406d6277173b494c6f35-arm64
  Create OCI config for lfedge/eve-wlan:ac31bb78810451ef1333b3970f29bebc0a6c9c44-arm64
  Create OCI config for lfedge/eve-lisp:6fe9cf905fb0fc657f646a82b42aa95e4f68f5e5-arm64
  Create OCI config for lfedge/eve-guacd:f1f08a0fcadd35320f5d03fe0f0a1a318e8449be-arm64
  Create OCI config for lfedge/eve-pillar:765658e2ab51cd46cc7aaa65e5506dd20639d744-arm64
  Create OCI config for lfedge/eve-vtpm:11365a20a21fa000e9d48614e9303c8f0e81477f-arm64
  Create OCI config for lfedge/eve-watchdog:288a4129631e73aad6a9e5c01f229205f5dbc9be-arm64
  Create OCI config for lfedge/eve-xen-tools:955c1a053b125fc78467091618d8d1e6cfa80c08-arm64
Add files:
  /etc/eve-release
Parallel mksquashfs: Using 4 processors
Creating 4.0 filesystem on /rootfs.img, block size 131072.
[=======================|                                    ]  8700/21930  39%[=====================================-                      ] 14100/21930  64%[======================================|                     ] 14400/21930  65%[=============================================\              ] 17000/21930  77%[===============================================/            ] 17600/21930  80%[=================================================/          ] 18400/21930  83%[==================================================-         ] 18600/21930  84%[====================================================-       ] 19500/21930  88%[===========================================================/] 21930/21930 100%

Exportable Squashfs 4.0 filesystem, gzip compressed, data block size 131072
	compressed data, compressed metadata, compressed fragments, compressed xattrs
	duplicates are removed
Filesystem size 253452.45 Kbytes (247.51 Mbytes)
	32.99% of uncompressed filesystem size (768155.48 Kbytes)
Inode table size 245065 bytes (239.32 Kbytes)
	25.11% of uncompressed inode table size (976015 bytes)
Directory table size 265902 bytes (259.67 Kbytes)
	45.48% of uncompressed directory table size (584650 bytes)
Number of duplicate files found 8682
Number of inodes 25063
Number of files 17095
Number of fragments 749
Number of symbolic links  5903
Number of device nodes 4
Number of fifo nodes 0
Number of socket nodes 0
Number of directories 2061
Number of ids (unique uids + gids) 4
Number of uids 2
	root (0)
	unknown (1000)
Number of gids 4
	root (0)
	shadow (42)
	tty (5)
	unknown (1000)
cd /home/zededa-ci/src/eve/dist/arm64/installer ; _() { C=`docker create $1 fake` ; shift ; docker export $C | tar -xf - "$@" ; docker rm $C ; } ; _ lfedge/eve-u-boot:478e1045beb5159538f0bef9a38ca2b5824e7f85-arm64 boot
be1c473790d353108e2e0be92bd827fd300df56187683ced1d4669447b62040d
cp pkg/eve/build.yml pkg/eve/runme.sh images/*.yml /home/zededa-ci/src/eve/dist/arm64
DOCKER_ARCH_TAG=arm64 ./tools/parse-pkgs.sh pkg/eve/Dockerfile.in > /home/zededa-ci/src/eve/dist/arm64/Dockerfile
/home/zededa-ci/src/eve/build-tools/bin/linuxkit pkg push --disable-content-trust --hash-path /home/zededa-ci/src/eve --hash 0.0.0-snapshot-master-24fdc63f-rpi-kvm --release snapshot --force --disable-cache /home/zededa-ci/src/eve/dist/arm64
Building and pushing "lfedge/eve:0.0.0-snapshot-master-24fdc63f-rpi-kvm"
Sending build context to Docker daemon  275.6MB
Step 1/17 : FROM alpine:3.9.4 as tools
 ---> ce544de9ee2c
Step 2/17 : RUN mkdir -p /out/etc/apk /out/boot && cp -r /etc/apk/* /out/etc/apk/
 ---> Running in fa0c39bc61d9
 ---> 067df3cee050
Removing intermediate container fa0c39bc61d9
Step 3/17 : RUN apk add --no-cache --initdb -p /out qemu-img=3.1.0-r3 tar=1.32-r0
 ---> Running in 90d759888e8f
fetch http://dl-cdn.alpinelinux.org/alpine/v3.9/main/aarch64/APKINDEX.tar.gz
fetch http://dl-cdn.alpinelinux.org/alpine/v3.9/community/aarch64/APKINDEX.tar.gz
(1/19) Installing libaio (0.3.111-r0)
(2/19) Installing musl (1.1.20-r5)
(3/19) Installing busybox (1.29.3-r10)
Executing busybox-1.29.3-r10.post-install
(4/19) Installing libffi (3.2.1-r6)
(5/19) Installing libintl (0.19.8.1-r4)
(6/19) Installing libuuid (2.33-r0)
(7/19) Installing libblkid (2.33-r0)
(8/19) Installing libmount (2.33-r0)
(9/19) Installing pcre (8.42-r1)
(10/19) Installing zlib (1.2.11-r1)
(11/19) Installing glib (2.58.1-r3)
(12/19) Installing gmp (6.1.2-r1)
(13/19) Installing nettle (3.4.1-r0)
(14/19) Installing p11-kit (0.23.14-r0)
(15/19) Installing libtasn1 (4.14-r0)
(16/19) Installing libunistring (0.9.10-r0)
(17/19) Installing gnutls (3.6.14-r0)
(18/19) Installing qemu-img (3.1.0-r3)
(19/19) Installing tar (1.32-r0)
Executing busybox-1.29.3-r10.trigger
Executing glib-2.58.1-r3.trigger
OK: 16 MiB in 19 packages
 ---> 6cd6e016f8ee
Removing intermediate container 90d759888e8f
Step 4/17 : FROM lfedge/eve-mkimage-iso-efi:e0cc637b8d693c6718d31dc1cbab1f7557823c0b-arm64 as iso
 ---> 74679271e526
Step 5/17 : FROM lfedge/eve-mkimage-raw-efi:bc6baa26d790de03d91628e9c3dab24d372befac-arm64 as raw
 ---> 895754df4cfb
Step 6/17 : RUN rm /initrd.img
 ---> Running in a7680fd3e558
 ---> efe70b4374ce
Removing intermediate container a7680fd3e558
Step 7/17 : FROM lfedge/eve-mkconf:b9a89148618d45bd26a93a68701f5d0588e501a9-arm64 as conf
 ---> ac9fa4d52a61
Step 8/17 : COPY --from=iso / /
 ---> 274a62445392
Step 9/17 : COPY --from=raw / /
 ---> 1251095c5dc8
Step 10/17 : COPY --from=tools /out/ /
 ---> 4f2af0158ace
Step 11/17 : COPY installer /bits
 ---> 40f4a883e3be
Step 12/17 : COPY OVMF* /firmware/
 ---> 695090e987e6
Step 13/17 : COPY runme.sh /
 ---> 32d18779d754
Step 14/17 : RUN mkdir /in /out
 ---> Running in 33702a99ea9a
 ---> 7aac854ba8a7
Removing intermediate container 33702a99ea9a
Step 15/17 : WORKDIR /bits
 ---> 66fea8887637
Removing intermediate container a9759f31dbe4
Step 16/17 : ENTRYPOINT /runme.sh
 ---> Running in bf39a9741aef
 ---> 3764784494ea
Removing intermediate container bf39a9741aef
Step 17/17 : LABEL org.mobyproject.linuxkit.revision 'unknown' org.mobyproject.linuxkit.version 'unknown' org.opencontainers.image.revision '24fdc63f10fe78ea51993a61131f89e1db2c200f' org.opencontainers.image.source 'https://github.com/linuxkit/linuxkit'
 ---> Running in b586c18dfd89
 ---> d9d1aa16f95f
Removing intermediate container b586c18dfd89
Successfully built d9d1aa16f95f
Successfully tagged lfedge/eve:0.0.0-snapshot-master-24fdc63f-rpi-kvm-arm64
Pushing lfedge/eve:0.0.0-snapshot-master-24fdc63f-rpi-kvm-arm64
The push refers to a repository [docker.io/lfedge/eve]
23e0bbdffa8e: Preparing
6e5775851769: Preparing
374bfd284898: Preparing
d3b3255d7f82: Preparing
87699bd825ab: Preparing
be2a2f916154: Preparing
9a50430de2c7: Preparing
41396e0b608d: Preparing
9a50430de2c7: Waiting
41396e0b608d: Waiting
be2a2f916154: Waiting
6e5775851769: Pushed
23e0bbdffa8e: Pushed
be2a2f916154: Layer already exists
374bfd284898: Pushed
41396e0b608d: Layer already exists
9a50430de2c7: Layer already exists
87699bd825ab: Pushed
d3b3255d7f82: Pushed
0.0.0-snapshot-master-24fdc63f-rpi-kvm-arm64: digest: sha256:4c852ac5183b50e099cf2c943bd4bd21ec22849cd17e157cc234638871767020 size: 1999
Pushing lfedge/eve:0.0.0-snapshot-master-24fdc63f-rpi-kvm-arm64 to manifest lfedge/eve:0.0.0-snapshot-master-24fdc63f-rpi-kvm
time="2020-06-15T05:06:06+02:00" level=warning msg="Couldn't find or access image reference \"lfedge/eve:0.0.0-snapshot-master-24fdc63f-rpi-kvm-amd64\". Skipping image."
time="2020-06-15T05:06:10+02:00" level=warning msg="Couldn't find or access image reference \"lfedge/eve:0.0.0-snapshot-master-24fdc63f-rpi-kvm-s390x\". Skipping image."
Digest: sha256:7575496c1402cfed11fc81a496bfa3149d3c172d88db6d8e0dd99f4cc62e163b 434
Not signing lfedge/eve:0.0.0-snapshot-master-24fdc63f-rpi-kvm
Tagging lfedge/eve:0.0.0-snapshot-master-24fdc63f-rpi-kvm-arm64 as lfedge/eve:snapshot-arm64
Pushing lfedge/eve:snapshot-arm64
The push refers to a repository [docker.io/lfedge/eve]
23e0bbdffa8e: Preparing
6e5775851769: Preparing
374bfd284898: Preparing
d3b3255d7f82: Preparing
87699bd825ab: Preparing
be2a2f916154: Preparing
9a50430de2c7: Preparing
41396e0b608d: Preparing
be2a2f916154: Waiting
41396e0b608d: Waiting
d3b3255d7f82: Layer already exists
87699bd825ab: Layer already exists
6e5775851769: Layer already exists
23e0bbdffa8e: Layer already exists
374bfd284898: Layer already exists
9a50430de2c7: Layer already exists
be2a2f916154: Layer already exists
41396e0b608d: Layer already exists
snapshot-arm64: digest: sha256:4c852ac5183b50e099cf2c943bd4bd21ec22849cd17e157cc234638871767020 size: 1999
Pushing lfedge/eve:snapshot-arm64 to manifest lfedge/eve:snapshot
time="2020-06-15T05:06:32+02:00" level=warning msg="Couldn't find or access image reference \"lfedge/eve:snapshot-s390x\". Skipping image."
Digest: sha256:352341b291d81a2a94c5e56ee57c9c3e3da98f270038fd7a7669d0b2b125f8be 743
Not signing lfedge/eve:snapshot
Build, push and release of "snapshot" complete, all done.
rm images/rootfs-rpi-kvm.yml images/rootfs-rpi-kvm.yml.in
Creating go builder image for user zededa-ci
eve-build-zededa-ci docker container is ready to use
mkdir -p /home/zededa-ci/src/eve/dist/arm64
cd /home/zededa-ci/src/eve/dist/arm64 ; _() { C=`docker create $1 fake` ; shift ; docker export $C | tar -xf - "$@" ; docker rm $C ; } ; _ lfedge/eve-uefi:5c00deeac0b200565fee599905f5346ffaafc10b-arm64 OVMF.fd
0468758a98cf75202ad3e5e606f15ca5917200009081450e7ee719eeccbc7e70
cd /home/zededa-ci/src/eve/dist/arm64 ; _() { C=`docker create $1 fake` ; shift ; docker export $C | tar -xf - "$@" ; docker rm $C ; } ; _ lfedge/eve-uefi:5c00deeac0b200565fee599905f5346ffaafc10b-arm64 OVMF_CODE.fd
tar: OVMF_CODE.fd: Not found in archive
tar: Exiting with failure status due to previous errors
0f7c9eaab5556b3b0ebe87f4b13600e429c675d184b32e0dff0407b8ad89ed5f
cd /home/zededa-ci/src/eve/dist/arm64 ; _() { C=`docker create $1 fake` ; shift ; docker export $C | tar -xf - "$@" ; docker rm $C ; } ; _ lfedge/eve-uefi:5c00deeac0b200565fee599905f5346ffaafc10b-arm64 OVMF_VARS.fd
7c618e4c0b4c84090b3324f47fffa30bd0c7a224a6a0fdb20126a39db37f5f81
mkdir -p /home/zededa-ci/src/eve/dist/arm64/installer
cd /home/zededa-ci/src/eve/dist/arm64/installer ; _() { C=`docker create $1 fake` ; shift ; docker export $C | tar -xf - "$@" ; docker rm $C ; } ; _ lfedge/eve-grub:3ea7b9ddda60231ee7234e3517c4bb357687afa5-arm64 EFI
8722056a28e0bacbc5503bfbc588bb1bf79ded7e2b127f1d6d430294df25f514
./tools/makeconfig.sh /home/zededa-ci/src/eve/dist/arm64/installer/config.img conf/authorized_keys conf/DevicePortConfig conf/grub.cfg conf/onboard.cert.pem conf/onboard.key.pem conf/root-certificate.pem conf/server conf/v2tlsbaseroot-certificates.pem
1024+0 records in
1024+0 records out
mkfs.fat 4.1 (2017-01-24)
/config.img has 64 heads and 32 sectors per track,
hidden sectors 0x0000;
logical sector size is 512,
using 0xf8 media descriptor, with 2048 sectors;
drive number 0x80;
filesystem has 2 12-bit FATs and 4 sectors per cluster.
FAT size is 2 sectors, and provides 502 clusters.
There is 1 reserved sector.
Root directory contains 512 slots and uses 32 sectors.
Volume ID is 5c4f0d5e, volume label EVE        .
cd /home/zededa-ci/src/eve/dist/arm64/installer ; _() { C=`docker create $1 fake` ; shift ; docker export $C | tar -xf - "$@" ; docker rm $C ; } ; _ lfedge/eve-mkimage-raw-efi:bc6baa26d790de03d91628e9c3dab24d372befac-arm64 initrd.img EFI
b5822b91c567770e0281b4b8f2398cc95e5401fef169888a550d968e55d6418f
Done building /home/zededa-ci/src/eve/build-tools/bin/linuxkit
./tools/makerootfs.sh images/rootfs-kvm.yml /home/zededa-ci/src/eve/dist/arm64/installer/rootfs-0.0.0-snapshot-master-24fdc63f-kvm-arm64.squash squash
Extract kernel image: lfedge/eve-kernel:a85ec06dcf5b1706d96dfa5286714ee649584ec0-arm64
Add init containers:
Process init image: linuxkit/init:v0.5-arm64
time="2020-06-15T05:07:04+02:00" level=warning msg="targets metadata is nearing expiry, you should re-sign the role metadata"
Process init image: linuxkit/runc:f79954950022fea76b8b6f10de58cb48e4fb3878-arm64
time="2020-06-15T05:07:21+02:00" level=error msg="Metadata for targets/riyaz expired"
time="2020-06-15T05:07:22+02:00" level=error msg="Metadata for targets/riyaz expired"
time="2020-06-15T05:07:22+02:00" level=warning msg="Error getting targets/riyaz: targets/riyaz expired at Mon May 25 15:32:34 -0700 2020"
time="2020-06-15T05:07:22+02:00" level=warning msg="targets/justin metadata is nearing expiry, you should re-sign the role metadata"
time="2020-06-15T05:07:22+02:00" level=warning msg="targets metadata is nearing expiry, you should re-sign the role metadata"
Process init image: linuxkit/containerd:6ef473a228db6f6ee163f9b9a051102a1552a4ef-arm64
time="2020-06-15T05:07:40+02:00" level=error msg="Metadata for targets/riyaz expired"
time="2020-06-15T05:07:40+02:00" level=error msg="Metadata for targets/riyaz expired"
time="2020-06-15T05:07:40+02:00" level=warning msg="Error getting targets/riyaz: targets/riyaz expired at Sat Jun 6 08:35:43 -0700 2020"
time="2020-06-15T05:07:40+02:00" level=warning msg="targets metadata is nearing expiry, you should re-sign the role metadata"
time="2020-06-15T05:07:40+02:00" level=warning msg="targets/justin metadata is nearing expiry, you should re-sign the role metadata"
Process init image: linuxkit/getty:v0.5-arm64
time="2020-06-15T05:07:58+02:00" level=warning msg="targets metadata is nearing expiry, you should re-sign the role metadata"
time="2020-06-15T05:07:58+02:00" level=warning msg="targets/justin metadata is nearing expiry, you should re-sign the role metadata"
time="2020-06-15T05:07:58+02:00" level=warning msg="targets/riyaz metadata is nearing expiry, you should re-sign the role metadata"
Process init image: linuxkit/memlogd:v0.5-arm64
Process init image: lfedge/eve-grub:3ea7b9ddda60231ee7234e3517c4bb357687afa5-arm64
Process init image: lfedge/eve-fw:60af30b13b43cdc50b6cbb6e30a5e4d1feb154e0-arm64
Process init image: lfedge/eve-xen:92959f50dff5b1a5b6ab8fbc9014369f3e3a493c-arm64
Process init image: lfedge/eve-gpt-tools:e378abea66b77fb7e9587b798a8caf5c78f440c1-arm64
Process init image: lfedge/eve-dom0-ztools:5450ed24dca591ec67c2a7465df5b203e7e92479-arm64
Add onboot containers:
  Create OCI config for lfedge/eve-storage-init:31ed12195e31e7f4b118cbcc2cecfce815e5c4ed-arm64
  Create OCI config for linuxkit/sysctl:v0.5-arm64
time="2020-06-15T05:08:45+02:00" level=warning msg="targets metadata is nearing expiry, you should re-sign the role metadata"
time="2020-06-15T05:08:45+02:00" level=warning msg="targets/ian metadata is nearing expiry, you should re-sign the role metadata"
  Create OCI config for lfedge/eve-rngd:6e16dad8553a6c2939854abfa9f34a5f2604bce7-arm64
  Create OCI config for linuxkit/modprobe:v0.5-arm64
time="2020-06-15T05:09:03+02:00" level=warning msg="targets metadata is nearing expiry, you should re-sign the role metadata"
time="2020-06-15T05:09:03+02:00" level=warning msg="targets/ian metadata is nearing expiry, you should re-sign the role metadata"
Add service containers:
  Create OCI config for lfedge/eve-rsyslog:49556e27198614b57d70e76f8bfcca3068056cfc-arm64
  Create OCI config for linuxkit/openntpd:v0.5-arm64
time="2020-06-15T05:09:23+02:00" level=error msg="Metadata for targets/riyaz expired"
time="2020-06-15T05:09:23+02:00" level=error msg="Metadata for targets/riyaz expired"
time="2020-06-15T05:09:23+02:00" level=warning msg="Error getting targets/riyaz: targets/riyaz expired at Mon May 25 15:06:33 -0700 2020"
time="2020-06-15T05:09:23+02:00" level=warning msg="targets metadata is nearing expiry, you should re-sign the role metadata"
time="2020-06-15T05:09:23+02:00" level=warning msg="targets/justin metadata is nearing expiry, you should re-sign the role metadata"
time="2020-06-15T05:09:23+02:00" level=warning msg="targets/ian metadata is nearing expiry, you should re-sign the role metadata"
  Create OCI config for linuxkit/sshd:v0.5-arm64
time="2020-06-15T05:09:41+02:00" level=error msg="Metadata for targets/justin expired"
time="2020-06-15T05:09:41+02:00" level=error msg="Metadata for targets/justin expired"
time="2020-06-15T05:09:41+02:00" level=warning msg="Error getting targets/justin: targets/justin expired at Fri May 29 15:28:54 +0100 2020"
time="2020-06-15T05:09:41+02:00" level=warning msg="targets/riyaz metadata is nearing expiry, you should re-sign the role metadata"
time="2020-06-15T05:09:41+02:00" level=warning msg="targets metadata is nearing expiry, you should re-sign the role metadata"
  Create OCI config for lfedge/eve-wwan:31a3911c7aa7e5c44e19406d6277173b494c6f35-arm64
  Create OCI config for lfedge/eve-wlan:ac31bb78810451ef1333b3970f29bebc0a6c9c44-arm64
  Create OCI config for lfedge/eve-lisp:6fe9cf905fb0fc657f646a82b42aa95e4f68f5e5-arm64
  Create OCI config for lfedge/eve-guacd:f1f08a0fcadd35320f5d03fe0f0a1a318e8449be-arm64
  Create OCI config for lfedge/eve-pillar:765658e2ab51cd46cc7aaa65e5506dd20639d744-arm64
  Create OCI config for lfedge/eve-vtpm:11365a20a21fa000e9d48614e9303c8f0e81477f-arm64
  Create OCI config for lfedge/eve-watchdog:288a4129631e73aad6a9e5c01f229205f5dbc9be-arm64
  Create OCI config for lfedge/eve-xen-tools:955c1a053b125fc78467091618d8d1e6cfa80c08-arm64
Add files:
  /etc/eve-release
Parallel mksquashfs: Using 4 processors
Creating 4.0 filesystem on /rootfs.img, block size 131072.
[=======================================-                    ] 14200/21363  66%[=======================================|                    ] 14400/21363  67%[==================================================-         ] 18300/21363  85%[===========================================================\] 21363/21363 100%

Exportable Squashfs 4.0 filesystem, gzip compressed, data block size 131072
	compressed data, compressed metadata, compressed fragments, compressed xattrs
	duplicates are removed
Filesystem size 248269.36 Kbytes (242.45 Mbytes)
	33.30% of uncompressed filesystem size (745451.99 Kbytes)
Inode table size 241348 bytes (235.69 Kbytes)
	25.10% of uncompressed inode table size (961591 bytes)
Directory table size 260915 bytes (254.80 Kbytes)
	45.59% of uncompressed directory table size (572273 bytes)
Number of duplicate files found 8682
Number of inodes 24623
Number of files 16684
Number of fragments 677
Number of symbolic links  5903
Number of device nodes 4
Number of fifo nodes 0
Number of socket nodes 0
Number of directories 2032
Number of ids (unique uids + gids) 4
Number of uids 2
	root (0)
	unknown (1000)
Number of gids 4
	root (0)
	shadow (42)
	tty (5)
	unknown (1000)
cp pkg/eve/build.yml pkg/eve/runme.sh images/*.yml /home/zededa-ci/src/eve/dist/arm64
DOCKER_ARCH_TAG=arm64 ./tools/parse-pkgs.sh pkg/eve/Dockerfile.in > /home/zededa-ci/src/eve/dist/arm64/Dockerfile
/home/zededa-ci/src/eve/build-tools/bin/linuxkit pkg push --disable-content-trust --hash-path /home/zededa-ci/src/eve --hash 0.0.0-snapshot-master-24fdc63f-kvm --release snapshot --force --disable-cache /home/zededa-ci/src/eve/dist/arm64
Building and pushing "lfedge/eve:0.0.0-snapshot-master-24fdc63f-kvm"
Sending build context to Docker daemon  266.9MB
Step 1/17 : FROM alpine:3.9.4 as tools
 ---> ce544de9ee2c
Step 2/17 : RUN mkdir -p /out/etc/apk /out/boot && cp -r /etc/apk/* /out/etc/apk/
 ---> Running in 93a064a808cc
 ---> 1a7cdb4eea7a
Removing intermediate container 93a064a808cc
Step 3/17 : RUN apk add --no-cache --initdb -p /out qemu-img=3.1.0-r3 tar=1.32-r0
 ---> Running in 2ad5b56037d5
fetch http://dl-cdn.alpinelinux.org/alpine/v3.9/main/aarch64/APKINDEX.tar.gz
fetch http://dl-cdn.alpinelinux.org/alpine/v3.9/community/aarch64/APKINDEX.tar.gz
(1/19) Installing libaio (0.3.111-r0)
(2/19) Installing musl (1.1.20-r5)
(3/19) Installing busybox (1.29.3-r10)
Executing busybox-1.29.3-r10.post-install
(4/19) Installing libffi (3.2.1-r6)
(5/19) Installing libintl (0.19.8.1-r4)
(6/19) Installing libuuid (2.33-r0)
(7/19) Installing libblkid (2.33-r0)
(8/19) Installing libmount (2.33-r0)
(9/19) Installing pcre (8.42-r1)
(10/19) Installing zlib (1.2.11-r1)
(11/19) Installing glib (2.58.1-r3)
(12/19) Installing gmp (6.1.2-r1)
(13/19) Installing nettle (3.4.1-r0)
(14/19) Installing p11-kit (0.23.14-r0)
(15/19) Installing libtasn1 (4.14-r0)
(16/19) Installing libunistring (0.9.10-r0)
(17/19) Installing gnutls (3.6.14-r0)
(18/19) Installing qemu-img (3.1.0-r3)
(19/19) Installing tar (1.32-r0)
Executing busybox-1.29.3-r10.trigger
Executing glib-2.58.1-r3.trigger
OK: 16 MiB in 19 packages
 ---> e3d042ad51c5
Removing intermediate container 2ad5b56037d5
Step 4/17 : FROM lfedge/eve-mkimage-iso-efi:e0cc637b8d693c6718d31dc1cbab1f7557823c0b-arm64 as iso
 ---> 74679271e526
Step 5/17 : FROM lfedge/eve-mkimage-raw-efi:bc6baa26d790de03d91628e9c3dab24d372befac-arm64 as raw
 ---> 895754df4cfb
Step 6/17 : RUN rm /initrd.img
 ---> Running in 45566d33a4cf
 ---> f5e882efda94
Removing intermediate container 45566d33a4cf
Step 7/17 : FROM lfedge/eve-mkconf:b9a89148618d45bd26a93a68701f5d0588e501a9-arm64 as conf
 ---> ac9fa4d52a61
Step 8/17 : COPY --from=iso / /
 ---> 1892849d4e7e
Step 9/17 : COPY --from=raw / /
 ---> 39c34f52a77d
Step 10/17 : COPY --from=tools /out/ /
 ---> 8722498cc1c1
Step 11/17 : COPY installer /bits
 ---> 5e1719f7919d
Step 12/17 : COPY OVMF* /firmware/
 ---> 0e761acceca8
Step 13/17 : COPY runme.sh /
 ---> 2fda6fd1440a
Step 14/17 : RUN mkdir /in /out
 ---> Running in f8c84e2fe408
 ---> 9b5a60bdcc26
Removing intermediate container f8c84e2fe408
Step 15/17 : WORKDIR /bits
 ---> 61292e36b8f4
Removing intermediate container ec8797e51c78
Step 16/17 : ENTRYPOINT /runme.sh
 ---> Running in 4c50d9301592
 ---> d994b8c3ca3b
Removing intermediate container 4c50d9301592
Step 17/17 : LABEL org.mobyproject.linuxkit.revision 'unknown' org.mobyproject.linuxkit.version 'unknown' org.opencontainers.image.revision '24fdc63f10fe78ea51993a61131f89e1db2c200f' org.opencontainers.image.source 'https://github.com/linuxkit/linuxkit'
 ---> Running in 8a3db3a18de0
 ---> 98d92033d380
Removing intermediate container 8a3db3a18de0
Successfully built 98d92033d380
Successfully tagged lfedge/eve:0.0.0-snapshot-master-24fdc63f-kvm-arm64
Pushing lfedge/eve:0.0.0-snapshot-master-24fdc63f-kvm-arm64
The push refers to a repository [docker.io/lfedge/eve]
68895f1ff8c3: Preparing
40e38f72e067: Preparing
eb25102f9af9: Preparing
de9b62f4229b: Preparing
7622cb58377e: Preparing
be2a2f916154: Preparing
9a50430de2c7: Preparing
41396e0b608d: Preparing
9a50430de2c7: Waiting
be2a2f916154: Waiting
41396e0b608d: Waiting
40e38f72e067: Pushed
68895f1ff8c3: Pushed
eb25102f9af9: Pushed
be2a2f916154: Layer already exists
9a50430de2c7: Layer already exists
41396e0b608d: Layer already exists
7622cb58377e: Pushed
de9b62f4229b: Pushed
0.0.0-snapshot-master-24fdc63f-kvm-arm64: digest: sha256:0f99779be3dd870fd5d6e1e0fade8d9101efc18e869c819b78a4069b529263c2 size: 1999
Pushing lfedge/eve:0.0.0-snapshot-master-24fdc63f-kvm-arm64 to manifest lfedge/eve:0.0.0-snapshot-master-24fdc63f-kvm
time="2020-06-15T05:14:15+02:00" level=warning msg="Couldn't find or access image reference \"lfedge/eve:0.0.0-snapshot-master-24fdc63f-kvm-s390x\". Skipping image."
Digest: sha256:58cfb9b97cc8b0c33b8d714039b66c06a0b17a6c25937d7177f4c9a35a9027bd 743
Not signing lfedge/eve:0.0.0-snapshot-master-24fdc63f-kvm
Tagging lfedge/eve:0.0.0-snapshot-master-24fdc63f-kvm-arm64 as lfedge/eve:snapshot-arm64
Pushing lfedge/eve:snapshot-arm64
The push refers to a repository [docker.io/lfedge/eve]
68895f1ff8c3: Preparing
40e38f72e067: Preparing
eb25102f9af9: Preparing
de9b62f4229b: Preparing
7622cb58377e: Preparing
be2a2f916154: Preparing
9a50430de2c7: Preparing
41396e0b608d: Preparing
be2a2f916154: Waiting
9a50430de2c7: Waiting
41396e0b608d: Waiting
40e38f72e067: Layer already exists
68895f1ff8c3: Layer already exists
7622cb58377e: Layer already exists
eb25102f9af9: Layer already exists
de9b62f4229b: Layer already exists
be2a2f916154: Layer already exists
9a50430de2c7: Layer already exists
41396e0b608d: Layer already exists
snapshot-arm64: digest: sha256:0f99779be3dd870fd5d6e1e0fade8d9101efc18e869c819b78a4069b529263c2 size: 1999
Pushing lfedge/eve:snapshot-arm64 to manifest lfedge/eve:snapshot
time="2020-06-15T05:14:37+02:00" level=warning msg="Couldn't find or access image reference \"lfedge/eve:snapshot-s390x\". Skipping image."
Digest: sha256:cde9c61b23409b6e9a44d22765c28cb09a9c0943ce9d222d6e0317c795b0a206 743
Not signing lfedge/eve:snapshot
Build, push and release of "snapshot" complete, all done.
rm images/rootfs-kvm.yml images/rootfs-kvm.yml.in
Creating go builder image for user zededa-ci
eve-build-zededa-ci docker container is ready to use
mkdir -p /home/zededa-ci/src/eve/dist/arm64
cd /home/zededa-ci/src/eve/dist/arm64 ; _() { C=`docker create $1 fake` ; shift ; docker export $C | tar -xf - "$@" ; docker rm $C ; } ; _ lfedge/eve-uefi:5c00deeac0b200565fee599905f5346ffaafc10b-arm64 OVMF.fd
a7057cd58a414f8a8cd5f55464d3f72f92ab4ec0e39e54bbfbf58551a3503c3f
cd /home/zededa-ci/src/eve/dist/arm64 ; _() { C=`docker create $1 fake` ; shift ; docker export $C | tar -xf - "$@" ; docker rm $C ; } ; _ lfedge/eve-uefi:5c00deeac0b200565fee599905f5346ffaafc10b-arm64 OVMF_CODE.fd
tar: OVMF_CODE.fd: Not found in archive
tar: Exiting with failure status due to previous errors
153af535f7a6eec7584cf90b6e69010ba1d97d9188f7b6552d8b53159b4571eb
cd /home/zededa-ci/src/eve/dist/arm64 ; _() { C=`docker create $1 fake` ; shift ; docker export $C | tar -xf - "$@" ; docker rm $C ; } ; _ lfedge/eve-uefi:5c00deeac0b200565fee599905f5346ffaafc10b-arm64 OVMF_VARS.fd
b7da01966e30646c1578c0bf953f80758e8085e2ac3d94447dd2cbd9afa53388
mkdir -p /home/zededa-ci/src/eve/dist/arm64/installer
cd /home/zededa-ci/src/eve/dist/arm64/installer ; _() { C=`docker create $1 fake` ; shift ; docker export $C | tar -xf - "$@" ; docker rm $C ; } ; _ lfedge/eve-grub:3ea7b9ddda60231ee7234e3517c4bb357687afa5-arm64 EFI
e9302c88fd2b8b1fd7ac035494c3b66e8cd52e300143581e73b82e7fe6867fbd
./tools/makeconfig.sh /home/zededa-ci/src/eve/dist/arm64/installer/config.img conf/authorized_keys conf/DevicePortConfig conf/grub.cfg conf/onboard.cert.pem conf/onboard.key.pem conf/root-certificate.pem conf/server conf/v2tlsbaseroot-certificates.pem
1024+0 records in
1024+0 records out
mkfs.fat 4.1 (2017-01-24)
/config.img has 64 heads and 32 sectors per track,
hidden sectors 0x0000;
logical sector size is 512,
using 0xf8 media descriptor, with 2048 sectors;
drive number 0x80;
filesystem has 2 12-bit FATs and 4 sectors per cluster.
FAT size is 2 sectors, and provides 502 clusters.
There is 1 reserved sector.
Root directory contains 512 slots and uses 32 sectors.
Volume ID is 7a8ab796, volume label EVE        .
cd /home/zededa-ci/src/eve/dist/arm64/installer ; _() { C=`docker create $1 fake` ; shift ; docker export $C | tar -xf - "$@" ; docker rm $C ; } ; _ lfedge/eve-mkimage-raw-efi:bc6baa26d790de03d91628e9c3dab24d372befac-arm64 initrd.img EFI
88845d2f0e7fb1429fbe350a7d9a39e04cf5675a5a7740623c54991d7a1ac7d8
Done building /home/zededa-ci/src/eve/build-tools/bin/linuxkit
./tools/makerootfs.sh images/rootfs-xen.yml /home/zededa-ci/src/eve/dist/arm64/installer/rootfs-0.0.0-snapshot-master-24fdc63f-xen-arm64.squash squash
Extract kernel image: lfedge/eve-kernel:a85ec06dcf5b1706d96dfa5286714ee649584ec0-arm64
Add init containers:
Process init image: linuxkit/init:v0.5-arm64
time="2020-06-15T05:15:04+02:00" level=warning msg="targets metadata is nearing expiry, you should re-sign the role metadata"
Process init image: linuxkit/runc:f79954950022fea76b8b6f10de58cb48e4fb3878-arm64
time="2020-06-15T05:15:22+02:00" level=error msg="Metadata for targets/riyaz expired"
time="2020-06-15T05:15:22+02:00" level=error msg="Metadata for targets/riyaz expired"
time="2020-06-15T05:15:22+02:00" level=warning msg="Error getting targets/riyaz: targets/riyaz expired at Mon May 25 15:32:34 -0700 2020"
time="2020-06-15T05:15:22+02:00" level=warning msg="targets metadata is nearing expiry, you should re-sign the role metadata"
time="2020-06-15T05:15:22+02:00" level=warning msg="targets/justin metadata is nearing expiry, you should re-sign the role metadata"
Process init image: linuxkit/containerd:6ef473a228db6f6ee163f9b9a051102a1552a4ef-arm64
time="2020-06-15T05:15:40+02:00" level=error msg="Metadata for targets/riyaz expired"
time="2020-06-15T05:15:40+02:00" level=error msg="Metadata for targets/riyaz expired"
time="2020-06-15T05:15:40+02:00" level=warning msg="Error getting targets/riyaz: targets/riyaz expired at Sat Jun 6 08:35:43 -0700 2020"
time="2020-06-15T05:15:40+02:00" level=warning msg="targets metadata is nearing expiry, you should re-sign the role metadata"
time="2020-06-15T05:15:40+02:00" level=warning msg="targets/justin metadata is nearing expiry, you should re-sign the role metadata"
Process init image: linuxkit/getty:v0.5-arm64
time="2020-06-15T05:15:58+02:00" level=warning msg="targets metadata is nearing expiry, you should re-sign the role metadata"
time="2020-06-15T05:15:58+02:00" level=warning msg="targets/justin metadata is nearing expiry, you should re-sign the role metadata"
time="2020-06-15T05:15:58+02:00" level=warning msg="targets/riyaz metadata is nearing expiry, you should re-sign the role metadata"
Process init image: linuxkit/memlogd:v0.5-arm64
Process init image: lfedge/eve-grub:3ea7b9ddda60231ee7234e3517c4bb357687afa5-arm64
Process init image: lfedge/eve-fw:60af30b13b43cdc50b6cbb6e30a5e4d1feb154e0-arm64
Process init image: lfedge/eve-xen:92959f50dff5b1a5b6ab8fbc9014369f3e3a493c-arm64
Process init image: lfedge/eve-gpt-tools:e378abea66b77fb7e9587b798a8caf5c78f440c1-arm64
Process init image: lfedge/eve-dom0-ztools:5450ed24dca591ec67c2a7465df5b203e7e92479-arm64
Add onboot containers:
  Create OCI config for lfedge/eve-storage-init:31ed12195e31e7f4b118cbcc2cecfce815e5c4ed-arm64
  Create OCI config for linuxkit/sysctl:v0.5-arm64
time="2020-06-15T05:16:43+02:00" level=warning msg="targets metadata is nearing expiry, you should re-sign the role metadata"
time="2020-06-15T05:16:43+02:00" level=warning msg="targets/ian metadata is nearing expiry, you should re-sign the role metadata"
  Create OCI config for lfedge/eve-rngd:6e16dad8553a6c2939854abfa9f34a5f2604bce7-arm64
  Create OCI config for linuxkit/modprobe:v0.5-arm64
time="2020-06-15T05:17:01+02:00" level=warning msg="targets metadata is nearing expiry, you should re-sign the role metadata"
time="2020-06-15T05:17:01+02:00" level=warning msg="targets/ian metadata is nearing expiry, you should re-sign the role metadata"
Add service containers:
  Create OCI config for lfedge/eve-rsyslog:49556e27198614b57d70e76f8bfcca3068056cfc-arm64
  Create OCI config for linuxkit/openntpd:v0.5-arm64
time="2020-06-15T05:17:19+02:00" level=error msg="Metadata for targets/riyaz expired"
time="2020-06-15T05:17:19+02:00" level=error msg="Metadata for targets/riyaz expired"
time="2020-06-15T05:17:19+02:00" level=warning msg="Error getting targets/riyaz: targets/riyaz expired at Mon May 25 15:06:33 -0700 2020"
time="2020-06-15T05:17:19+02:00" level=warning msg="targets metadata is nearing expiry, you should re-sign the role metadata"
time="2020-06-15T05:17:19+02:00" level=warning msg="targets/justin metadata is nearing expiry, you should re-sign the role metadata"
time="2020-06-15T05:17:19+02:00" level=warning msg="targets/ian metadata is nearing expiry, you should re-sign the role metadata"
  Create OCI config for linuxkit/sshd:v0.5-arm64
time="2020-06-15T05:17:35+02:00" level=error msg="Metadata for targets/justin expired"
time="2020-06-15T05:17:36+02:00" level=error msg="Metadata for targets/justin expired"
time="2020-06-15T05:17:36+02:00" level=warning msg="Error getting targets/justin: targets/justin expired at Fri May 29 15:28:54 +0100 2020"
time="2020-06-15T05:17:36+02:00" level=warning msg="targets metadata is nearing expiry, you should re-sign the role metadata"
time="2020-06-15T05:17:36+02:00" level=warning msg="targets/riyaz metadata is nearing expiry, you should re-sign the role metadata"
  Create OCI config for lfedge/eve-wwan:31a3911c7aa7e5c44e19406d6277173b494c6f35-arm64
  Create OCI config for lfedge/eve-wlan:ac31bb78810451ef1333b3970f29bebc0a6c9c44-arm64
  Create OCI config for lfedge/eve-lisp:6fe9cf905fb0fc657f646a82b42aa95e4f68f5e5-arm64
  Create OCI config for lfedge/eve-guacd:f1f08a0fcadd35320f5d03fe0f0a1a318e8449be-arm64
  Create OCI config for lfedge/eve-pillar:765658e2ab51cd46cc7aaa65e5506dd20639d744-arm64
  Create OCI config for lfedge/eve-vtpm:11365a20a21fa000e9d48614e9303c8f0e81477f-arm64
  Create OCI config for lfedge/eve-watchdog:288a4129631e73aad6a9e5c01f229205f5dbc9be-arm64
  Create OCI config for lfedge/eve-xen-tools:955c1a053b125fc78467091618d8d1e6cfa80c08-arm64
Add files:
  /etc/eve-release
Parallel mksquashfs: Using 4 processors
Creating 4.0 filesystem on /rootfs.img, block size 131072.
[======================================/                     ] 13900/21363  65%[===========================================================\] 21363/21363 100%

Exportable Squashfs 4.0 filesystem, gzip compressed, data block size 131072
	compressed data, compressed metadata, compressed fragments, compressed xattrs
	duplicates are removed
Filesystem size 248269.36 Kbytes (242.45 Mbytes)
	33.30% of uncompressed filesystem size (745451.99 Kbytes)
Inode table size 241325 bytes (235.67 Kbytes)
	25.10% of uncompressed inode table size (961591 bytes)
Directory table size 260935 bytes (254.82 Kbytes)
	45.60% of uncompressed directory table size (572273 bytes)
Number of duplicate files found 8682
Number of inodes 24623
Number of files 16684
Number of fragments 677
Number of symbolic links  5903
Number of device nodes 4
Number of fifo nodes 0
Number of socket nodes 0
Number of directories 2032
Number of ids (unique uids + gids) 4
Number of uids 2
	root (0)
	unknown (1000)
Number of gids 4
	root (0)
	shadow (42)
	tty (5)
	unknown (1000)
cp pkg/eve/build.yml pkg/eve/runme.sh images/*.yml /home/zededa-ci/src/eve/dist/arm64
DOCKER_ARCH_TAG=arm64 ./tools/parse-pkgs.sh pkg/eve/Dockerfile.in > /home/zededa-ci/src/eve/dist/arm64/Dockerfile
/home/zededa-ci/src/eve/build-tools/bin/linuxkit pkg push --disable-content-trust --hash-path /home/zededa-ci/src/eve --hash 0.0.0-snapshot-master-24fdc63f-xen --release snapshot --force --disable-cache /home/zededa-ci/src/eve/dist/arm64
Building and pushing "lfedge/eve:0.0.0-snapshot-master-24fdc63f-xen"
Sending build context to Docker daemon  266.9MB
Step 1/17 : FROM alpine:3.9.4 as tools
 ---> ce544de9ee2c
Step 2/17 : RUN mkdir -p /out/etc/apk /out/boot && cp -r /etc/apk/* /out/etc/apk/
 ---> Running in f7543a37e865
 ---> ee56a5b966ed
Removing intermediate container f7543a37e865
Step 3/17 : RUN apk add --no-cache --initdb -p /out qemu-img=3.1.0-r3 tar=1.32-r0
 ---> Running in a6159bea8881
fetch http://dl-cdn.alpinelinux.org/alpine/v3.9/main/aarch64/APKINDEX.tar.gz
fetch http://dl-cdn.alpinelinux.org/alpine/v3.9/community/aarch64/APKINDEX.tar.gz
(1/19) Installing libaio (0.3.111-r0)
(2/19) Installing musl (1.1.20-r5)
(3/19) Installing busybox (1.29.3-r10)
Executing busybox-1.29.3-r10.post-install
(4/19) Installing libffi (3.2.1-r6)
(5/19) Installing libintl (0.19.8.1-r4)
(6/19) Installing libuuid (2.33-r0)
(7/19) Installing libblkid (2.33-r0)
(8/19) Installing libmount (2.33-r0)
(9/19) Installing pcre (8.42-r1)
(10/19) Installing zlib (1.2.11-r1)
(11/19) Installing glib (2.58.1-r3)
(12/19) Installing gmp (6.1.2-r1)
(13/19) Installing nettle (3.4.1-r0)
(14/19) Installing p11-kit (0.23.14-r0)
(15/19) Installing libtasn1 (4.14-r0)
(16/19) Installing libunistring (0.9.10-r0)
(17/19) Installing gnutls (3.6.14-r0)
(18/19) Installing qemu-img (3.1.0-r3)
(19/19) Installing tar (1.32-r0)
Executing busybox-1.29.3-r10.trigger
Executing glib-2.58.1-r3.trigger
OK: 16 MiB in 19 packages
 ---> 7ab830dfd3eb
Removing intermediate container a6159bea8881
Step 4/17 : FROM lfedge/eve-mkimage-iso-efi:e0cc637b8d693c6718d31dc1cbab1f7557823c0b-arm64 as iso
 ---> 74679271e526
Step 5/17 : FROM lfedge/eve-mkimage-raw-efi:bc6baa26d790de03d91628e9c3dab24d372befac-arm64 as raw
 ---> 895754df4cfb
Step 6/17 : RUN rm /initrd.img
 ---> Running in 6477ac5648b2
 ---> 21758b43873a
Removing intermediate container 6477ac5648b2
Step 7/17 : FROM lfedge/eve-mkconf:b9a89148618d45bd26a93a68701f5d0588e501a9-arm64 as conf
 ---> ac9fa4d52a61
Step 8/17 : COPY --from=iso / /
 ---> a6fd5cccfdad
Step 9/17 : COPY --from=raw / /
 ---> 00daedf110b3
Step 10/17 : COPY --from=tools /out/ /
 ---> bd1b3b9bd359
Step 11/17 : COPY installer /bits
 ---> a830e4190f11
Step 12/17 : COPY OVMF* /firmware/
 ---> a9188a36fba6
Step 13/17 : COPY runme.sh /
 ---> ac8bcb2d1ee9
Step 14/17 : RUN mkdir /in /out
 ---> Running in 1223fe5a1b79
 ---> e93e254f2a5b
Removing intermediate container 1223fe5a1b79
Step 15/17 : WORKDIR /bits
 ---> c99bd8f6f988
Removing intermediate container 664f68988914
Step 16/17 : ENTRYPOINT /runme.sh
 ---> Running in ff795efb1834
 ---> f0534c598186
Removing intermediate container ff795efb1834
Step 17/17 : LABEL org.mobyproject.linuxkit.revision 'unknown' org.mobyproject.linuxkit.version 'unknown' org.opencontainers.image.revision '24fdc63f10fe78ea51993a61131f89e1db2c200f' org.opencontainers.image.source 'https://github.com/linuxkit/linuxkit'
 ---> Running in 3a5e688b15e0
 ---> 97c4e2862405
Removing intermediate container 3a5e688b15e0
Successfully built 97c4e2862405
Successfully tagged lfedge/eve:0.0.0-snapshot-master-24fdc63f-xen-arm64
Pushing lfedge/eve:0.0.0-snapshot-master-24fdc63f-xen-arm64
The push refers to a repository [docker.io/lfedge/eve]
e158917d4e8b: Preparing
eaf84f8e0570: Preparing
1dfe2430c0f2: Preparing
e2b034bff320: Preparing
f5f7b8efdcdf: Preparing
be2a2f916154: Preparing
9a50430de2c7: Preparing
41396e0b608d: Preparing
be2a2f916154: Waiting
9a50430de2c7: Waiting
41396e0b608d: Waiting
eaf84f8e0570: Pushed
e158917d4e8b: Pushed
1dfe2430c0f2: Pushed
be2a2f916154: Layer already exists
9a50430de2c7: Layer already exists
41396e0b608d: Layer already exists
f5f7b8efdcdf: Pushed
e2b034bff320: Pushed
0.0.0-snapshot-master-24fdc63f-xen-arm64: digest: sha256:b504625cfbdf5fb3fe1f8e950ae48b47f4359ec5e0ddac312cb5f405d83a4c3e size: 1999
Pushing lfedge/eve:0.0.0-snapshot-master-24fdc63f-xen-arm64 to manifest lfedge/eve:0.0.0-snapshot-master-24fdc63f-xen
time="2020-06-15T05:22:12+02:00" level=warning msg="Couldn't find or access image reference \"lfedge/eve:0.0.0-snapshot-master-24fdc63f-xen-s390x\". Skipping image."
Digest: sha256:67f5525a46b04661d0e2486050c4e5c87a97812cd5767358284778b87d3fa74f 743
Not signing lfedge/eve:0.0.0-snapshot-master-24fdc63f-xen
Tagging lfedge/eve:0.0.0-snapshot-master-24fdc63f-xen-arm64 as lfedge/eve:snapshot-arm64
Pushing lfedge/eve:snapshot-arm64
The push refers to a repository [docker.io/lfedge/eve]
e158917d4e8b: Preparing
eaf84f8e0570: Preparing
1dfe2430c0f2: Preparing
e2b034bff320: Preparing
f5f7b8efdcdf: Preparing
be2a2f916154: Preparing
9a50430de2c7: Preparing
41396e0b608d: Preparing
be2a2f916154: Waiting
41396e0b608d: Waiting
9a50430de2c7: Waiting
eaf84f8e0570: Layer already exists
e158917d4e8b: Layer already exists
e2b034bff320: Layer already exists
1dfe2430c0f2: Layer already exists
f5f7b8efdcdf: Layer already exists
be2a2f916154: Layer already exists
9a50430de2c7: Layer already exists
41396e0b608d: Layer already exists
snapshot-arm64: digest: sha256:b504625cfbdf5fb3fe1f8e950ae48b47f4359ec5e0ddac312cb5f405d83a4c3e size: 1999
Pushing lfedge/eve:snapshot-arm64 to manifest lfedge/eve:snapshot
time="2020-06-15T05:22:34+02:00" level=warning msg="Couldn't find or access image reference \"lfedge/eve:snapshot-s390x\". Skipping image."
Digest: sha256:67f5525a46b04661d0e2486050c4e5c87a97812cd5767358284778b87d3fa74f 743
Not signing lfedge/eve:snapshot
Build, push and release of "snapshot" complete, all done.
rm images/rootfs-xen.yml images/rootfs-xen.yml.in
FINISHED
