From https://github.com/lf-edge/eve
   a19e8316..a47dff61  master     -> origin/master
 * [new tag]           4.10.0     -> 4.10.0
 * [new tag]           5.0.0      -> 5.0.0
 * [new tag]           5.0.1      -> 5.0.1
 * [new tag]           5.1.0      -> 5.1.0
 * [new tag]           5.1.1      -> 5.1.1
 * [new tag]           5.1.10     -> 5.1.10
 * [new tag]           5.1.11     -> 5.1.11
 * [new tag]           5.2.0      -> 5.2.0
 * [new tag]           5.2.1      -> 5.2.1
 * [new tag]           5.2.2      -> 5.2.2
 * [new tag]           5.2.3      -> 5.2.3
 * [new tag]           5.2.4      -> 5.2.4
 * [new tag]           5.3.0      -> 5.3.0
 * [new tag]           5.4.0      -> 5.4.0
 * [new tag]           5.4.1      -> 5.4.1
 * [new tag]           5.5.0      -> 5.5.0
Building the following tags:  origin/master (latest tag is 5.5.0)
Skipping repository .go/pkg/dep/sources/https---github.com-linuxkit-linuxkit
Skipping repository .go/pkg/dep/sources/https---github.com-moby-hyperkit
Skipping repository .go/pkg/dep/sources/https---github.com-gorilla-context
Skipping repository .go/pkg/dep/sources/https---github.com-theupdateframework-notary
Skipping repository .go/pkg/dep/sources/https---github.com-mitchellh-go--ps
Skipping repository .go/pkg/dep/sources/https---github.com-golang-appengine
Skipping repository .go/pkg/dep/sources/https---github.com-xeipuuv-gojsonschema
Skipping repository .go/pkg/dep/sources/https---go.googlesource.com-net
Skipping repository .go/pkg/dep/sources/https---github.com-xeipuuv-gojsonpointer
Skipping repository .go/pkg/dep/sources/https---github.com-Azure-azure--sdk--for--go
Skipping repository .go/pkg/dep/sources/https---github.com-moby-tool
Skipping repository .go/pkg/dep/sources/https---github.com-Azure-go--ansiterm
Skipping repository .go/pkg/dep/sources/https---github.com-moby-vpnkit
Skipping repository .go/pkg/dep/sources/https---github.com-moul-anonuuid
Skipping repository .go/pkg/dep/sources/https---github.com-Azure-go--autorest
Skipping repository .go/pkg/dep/sources/https---github.com-moul-gotty--client
Skipping repository .go/pkg/dep/sources/https---github.com-Microsoft-go--winio
Skipping repository .go/pkg/dep/sources/https---github.com-agl-ed25519
Skipping repository .go/pkg/dep/sources/https---github.com-aws-aws--sdk--go
Skipping repository .go/pkg/dep/sources/https---github.com-containerd-containerd
Skipping repository .go/pkg/dep/sources/https---github.com-opencontainers-go--digest
Skipping repository .go/pkg/dep/sources/https---github.com-opencontainers-image--spec
Skipping repository .go/pkg/dep/sources/https---github.com-opencontainers-runtime--spec
Skipping repository .go/pkg/dep/sources/https---github.com-packethost-packngo
Skipping repository .go/pkg/dep/sources/https---github.com-pkg-errors
Skipping repository .go/pkg/dep/sources/https---github.com-radu--matei-azure--sdk--for--go
Skipping repository .go/pkg/dep/sources/https---github.com-radu--matei-azure--vhd--utils
Skipping repository .go/pkg/dep/sources/https---github.com-renstrom-fuzzysearch
Skipping repository .go/pkg/dep/sources/https---github.com-rn-iso9660wrap
Skipping repository .go/pkg/dep/sources/https---github.com-creack-goselect
Skipping repository .go/pkg/dep/sources/https---github.com-dgrijalva-jwt--go
Skipping repository .go/pkg/dep/sources/https---github.com-docker-distribution
Skipping repository .go/pkg/dep/sources/https---github.com-docker-docker
Skipping repository .go/pkg/dep/sources/https---github.com-docker-go
Skipping repository .go/pkg/dep/sources/https---github.com-docker-go--connections
Skipping repository .go/pkg/dep/sources/https---github.com-docker-go--units
Skipping repository .go/pkg/dep/sources/https---github.com-jmespath-go--jmespath
Skipping repository .go/pkg/dep/sources/https---github.com-scaleway-go--scaleway
Skipping repository .go/pkg/dep/sources/https---github.com-go--ini-ini
Skipping repository .go/pkg/dep/sources/https---github.com-gorilla-mux
Skipping repository .go/pkg/dep/sources/https---github.com-gogo-protobuf
Skipping repository .go/pkg/dep/sources/https---github.com-gorilla-websocket
Skipping repository .go/pkg/dep/sources/https---github.com-vmware-govmomi
Skipping repository .go/pkg/dep/sources/https---github.com-sirupsen-logrus
Skipping repository .go/pkg/dep/sources/https---gopkg.in-yaml.v2
Skipping repository .go/pkg/dep/sources/https---github.com-golang-protobuf
Skipping repository .go/pkg/dep/sources/https---github.com-docker-go--p9p
Skipping repository .go/pkg/dep/sources/https---github.com-google-uuid
Skipping repository .go/pkg/dep/sources/https---github.com-gophercloud-gophercloud
Skipping repository .go/pkg/dep/sources/https---github.com-xeipuuv-gojsonreference
Skipping repository .go/pkg/dep/sources/https---github.com-moby-datakit
Skipping repository .go/pkg/dep/sources/https---github.com-surma-gocpio
Skipping repository .go/pkg/dep/sources/https---github.com-miekg-pkcs11
Skipping repository warning: failed to remove pkg/new-kernel/files/arch/arm/xen/mm.c: Permission denied
warning: failed to remove pkg/new-kernel/files/drivers/xen/swiotlb-xen.c: Permission denied
warning: failed to remove pkg/new-kernel/files/include/xen/swiotlb-xen.h: Permission denied
.go/pkg/dep/sources/https---go.googlesource.com-sync
Skipping repository .go/pkg/dep/sources/https---go.googlesource.com-oauth2
Skipping repository .go/pkg/dep/sources/https---code.googlesource.com-gocloud
Skipping repository .go/pkg/dep/sources/https---go.googlesource.com-sys
Skipping repository .go/pkg/dep/sources/https---go.googlesource.com-crypto
Skipping repository .go/pkg/dep/sources/https---code.googlesource.com-google--api--go--client
Skipping repository .go/pkg/dep/sources/https---github.com-census--instrumentation-opencensus--go
Skipping repository .go/pkg/dep/sources/https---github.com-googleapis-gax--go
Skipping repository .go/pkg/dep/sources/https---github.com-grpc-grpc--go
Skipping repository .go/pkg/dep/sources/https---github.com-konsorten-go--windows--terminal--sequences
Skipping repository .go/pkg/dep/sources/https---github.com-golang-groupcache
Skipping repository .go/pkg/dep/sources/https---github.com-google-go--genproto
Skipping repository .go/pkg/dep/sources/https---go.googlesource.com-text
Removing .go/src
Removing .go/bin
Removing build-tools/bin/linuxkit
Removing build-tools/bin/manifest-tool
Removing dist/
HEAD is now at a47dff61 added support for chunked download
Creating go builder image for user zededa-ci
eve-build-zededa-ci docker container is ready to use
Done building /home/zededa-ci/src/eve/build-tools/bin/linuxkit
Building and pushing "lfedge/eve-acrn:4671ddb5582e8c788d6953ce113ca1f53af81fe8"
4671ddb5582e8c788d6953ce113ca1f53af81fe8: Pulling from lfedge/eve-acrn
Digest: sha256:7d8badd1ec2a820dd5c442f6e9ee0a369d786609f4c029e300efb9065a88e944
Status: Image is up to date for lfedge/eve-acrn:4671ddb5582e8c788d6953ce113ca1f53af81fe8
Building and pushing "lfedge/eve-acrn-kernel:1dcbb693d67ce409e081bf5fdaa3b3c6cd1cf7c9"
1dcbb693d67ce409e081bf5fdaa3b3c6cd1cf7c9: Pulling from lfedge/eve-acrn-kernel
Digest: sha256:4e919dabba56fe57cea76b45a0e81a6c0b964b5f4d622e8f38f9e989d78cd6a2
Status: Image is up to date for lfedge/eve-acrn-kernel:1dcbb693d67ce409e081bf5fdaa3b3c6cd1cf7c9
Building and pushing "lfedge/eve-alpine:ac1dc159510afa61334222cedf085c7730e4583c"
ac1dc159510afa61334222cedf085c7730e4583c: Pulling from lfedge/eve-alpine
Digest: sha256:11acfecd7d2baf8c6b9b369db7c57f805db63901eaba796f59d755daa0212ed6
Status: Image is up to date for lfedge/eve-alpine:ac1dc159510afa61334222cedf085c7730e4583c
Building and pushing "lfedge/eve-debug:2ff5b19ea565a13fa93a634abdef20e04276b73b"
2ff5b19ea565a13fa93a634abdef20e04276b73b: Pulling from lfedge/eve-debug
Digest: sha256:5635f14ff52bd253d475322d9082e33364662ab71b14717dd67a9bf7e3eb84ea
Status: Image is up to date for lfedge/eve-debug:2ff5b19ea565a13fa93a634abdef20e04276b73b
Building and pushing "lfedge/eve-dnsmasq:daf64b1cfa970979aa461faf7024beea9b5d6ded"
daf64b1cfa970979aa461faf7024beea9b5d6ded: Pulling from lfedge/eve-dnsmasq
Digest: sha256:154f733a60bc10438f9e6125442bb0f4424995d099b830385371c3430e1813f7
Status: Image is up to date for lfedge/eve-dnsmasq:daf64b1cfa970979aa461faf7024beea9b5d6ded
Building and pushing "lfedge/eve-dom0-ztools:5450ed24dca591ec67c2a7465df5b203e7e92479"
5450ed24dca591ec67c2a7465df5b203e7e92479: Pulling from lfedge/eve-dom0-ztools
Digest: sha256:948f14182f26680b7428d2cea334a30c57f595faf640c78078a6fb75e2d451ee
Status: Image is up to date for lfedge/eve-dom0-ztools:5450ed24dca591ec67c2a7465df5b203e7e92479
Building and pushing "lfedge/eve-fw:60af30b13b43cdc50b6cbb6e30a5e4d1feb154e0"
60af30b13b43cdc50b6cbb6e30a5e4d1feb154e0: Pulling from lfedge/eve-fw
Digest: sha256:66ab18a572b7e443201cfc837ac02d97b4006ade3c8e2791ccee30576556327e
Status: Image is up to date for lfedge/eve-fw:60af30b13b43cdc50b6cbb6e30a5e4d1feb154e0
Building and pushing "lfedge/eve-gpt-tools:e378abea66b77fb7e9587b798a8caf5c78f440c1"
e378abea66b77fb7e9587b798a8caf5c78f440c1: Pulling from lfedge/eve-gpt-tools
Digest: sha256:5ab0097ee02c29d030203bd8abd8bcff401b987d5d009db75c8ac051e147210b
Status: Image is up to date for lfedge/eve-gpt-tools:e378abea66b77fb7e9587b798a8caf5c78f440c1
Building and pushing "lfedge/eve-grub:aa6b2e431670cf3859b1a3d683b9e0e238e30655"
aa6b2e431670cf3859b1a3d683b9e0e238e30655: Pulling from lfedge/eve-grub
Digest: sha256:7c1df25cdc9e40faa207f38b6fbeb34014badea188cc928b185d1c614c60bacb
Status: Image is up to date for lfedge/eve-grub:aa6b2e431670cf3859b1a3d683b9e0e238e30655
Building and pushing "lfedge/eve-guacd:f1f08a0fcadd35320f5d03fe0f0a1a318e8449be"
f1f08a0fcadd35320f5d03fe0f0a1a318e8449be: Pulling from lfedge/eve-guacd
Digest: sha256:c63eaa48b06670e26a257eff3264a87bf0117effb2bb63ba5609b89ec4dcdc1c
Status: Image is up to date for lfedge/eve-guacd:f1f08a0fcadd35320f5d03fe0f0a1a318e8449be
Building and pushing "lfedge/eve-kernel:b7ef5cdd9425eb67cd8f95761d95249045c82e9c"
b7ef5cdd9425eb67cd8f95761d95249045c82e9c: Pulling from lfedge/eve-kernel
Digest: sha256:fdaca61a686287d6e1c786effc6559a507416e70d59382f31696c81ed1261564
Status: Image is up to date for lfedge/eve-kernel:b7ef5cdd9425eb67cd8f95761d95249045c82e9c
Building and pushing "lfedge/eve-lisp:6fe9cf905fb0fc657f646a82b42aa95e4f68f5e5"
6fe9cf905fb0fc657f646a82b42aa95e4f68f5e5: Pulling from lfedge/eve-lisp
Digest: sha256:ffd1e627f758962b57ccab772aa0bfb1e60704574a4b7795008da1fce6315dd0
Status: Image is up to date for lfedge/eve-lisp:6fe9cf905fb0fc657f646a82b42aa95e4f68f5e5
Building and pushing "lfedge/eve-mkconf:c634f15aed9821e397870987c9fa41d802d2223c"
c634f15aed9821e397870987c9fa41d802d2223c: Pulling from lfedge/eve-mkconf
Digest: sha256:5c67d36defefdb6ce4acf1b6394344438cda78ff6f52d1dc12300b13eac17d76
Status: Image is up to date for lfedge/eve-mkconf:c634f15aed9821e397870987c9fa41d802d2223c
Building and pushing "lfedge/eve-mkimage-iso-efi:8ce5372435b573edc59f0bd5e03bf460defccb0b"
8ce5372435b573edc59f0bd5e03bf460defccb0b: Pulling from lfedge/eve-mkimage-iso-efi
Digest: sha256:a566a800432cef6d0e9546d1fc97e9b54286f9143c5b42751ed8af124dc3020b
Status: Image is up to date for lfedge/eve-mkimage-iso-efi:8ce5372435b573edc59f0bd5e03bf460defccb0b
Building and pushing "lfedge/eve-mkimage-raw-efi:5b9c8a3bc15353352a7462b508c9f379e9fcea32"
5b9c8a3bc15353352a7462b508c9f379e9fcea32: Pulling from lfedge/eve-mkimage-raw-efi
Digest: sha256:b950b096c66ef17283e886ed9d7653883968310d610501e00f8fdc3cf78c72d0
Status: Image is up to date for lfedge/eve-mkimage-raw-efi:5b9c8a3bc15353352a7462b508c9f379e9fcea32
Building and pushing "lfedge/eve-mkrootfs-ext4:17ec5bda58c7f6d3717b88d3da55df4516cdb6f3"
17ec5bda58c7f6d3717b88d3da55df4516cdb6f3: Pulling from lfedge/eve-mkrootfs-ext4
Digest: sha256:b867059462b3864d19c8f185331bc5ea7c351a90f69b4f7b97d925ec294d03eb
Status: Image is up to date for lfedge/eve-mkrootfs-ext4:17ec5bda58c7f6d3717b88d3da55df4516cdb6f3
Building and pushing "lfedge/eve-mkrootfs-squash:70b1faff4c3b512c91a1b7157fbddabbd41992f0"
70b1faff4c3b512c91a1b7157fbddabbd41992f0: Pulling from lfedge/eve-mkrootfs-squash
Digest: sha256:bd251f51068e34d09a6b0aad4162484fe8dc09a2a3ca14b57134e49a4838e9b8
Status: Image is up to date for lfedge/eve-mkrootfs-squash:70b1faff4c3b512c91a1b7157fbddabbd41992f0
Building and pushing "lfedge/eve-new-kernel:aba0344b8639b9d105d9c144009f6c15fa87c312"
aba0344b8639b9d105d9c144009f6c15fa87c312: Pulling from lfedge/eve-new-kernel
Digest: sha256:766c09ab29affb76976eb8a25df4c744c8ef3f2f97aa8438f2e1cda78d260ede
Status: Image is up to date for lfedge/eve-new-kernel:aba0344b8639b9d105d9c144009f6c15fa87c312
Building and pushing "lfedge/eve-strongswan:6dda5ee56b295a0115e7c09a0ca23aa925426252"
6dda5ee56b295a0115e7c09a0ca23aa925426252: Pulling from lfedge/eve-strongswan
Digest: sha256:981b13f775e13852c196038eee1fb7163340e9281a5b8a017bf75e1ad10ba8c3
Status: Image is up to date for lfedge/eve-strongswan:6dda5ee56b295a0115e7c09a0ca23aa925426252
Building and pushing "lfedge/eve-pillar:adb2e3a4e119a2758ff46720d5ece87c8fd9a64e"
adb2e3a4e119a2758ff46720d5ece87c8fd9a64e: Pulling from lfedge/eve-pillar
no matching manifest for linux/arm64 in the manifest list entries
No image pulled, continuing with build
Sending build context to Docker daemon  31.96MB
Step 1/45 : ARG GOVER=1.12.4
 ---> 
Step 2/45 : FROM lfedge/eve-alpine:ac1dc159510afa61334222cedf085c7730e4583c as fscrypt-build
 ---> 71f89e1f36c5
Step 3/45 : RUN apk add --no-cache git=2.20.2-r0 gcc=8.3.0-r0 linux-headers=4.18.13-r1                        libc-dev=0.7.1-r0 make=4.2.1-r2 linux-pam-dev=1.3.0-r0                        m4=1.4.18-r1 findutils=4.6.0-r1 go=1.11.5-r0
 ---> Running in 482bf83840e0
(1/36) Installing findutils (4.6.0-r1)
(2/36) Installing binutils (2.31.1-r2)
(3/36) Installing gmp (6.1.2-r1)
(4/36) Installing isl (0.18-r0)
(5/36) Installing libgomp (8.3.0-r0)
(6/36) Installing libatomic (8.3.0-r0)
(7/36) Installing libgcc (8.3.0-r0)
(8/36) Installing mpfr3 (3.1.5-r1)
(9/36) Installing mpc1 (1.0.3-r1)
(10/36) Installing libstdc++ (8.3.0-r0)
(11/36) Installing gcc (8.3.0-r0)
(12/36) Installing ca-certificates (20190108-r0)
(13/36) Installing nghttp2-libs (1.35.1-r1)
(14/36) Installing libssh2 (1.9.0-r1)
(15/36) Installing libcurl (7.64.0-r3)
(16/36) Installing expat (2.2.8-r0)
(17/36) Installing pcre2 (10.32-r1)
(18/36) Installing git (2.20.2-r0)
(19/36) Installing go (1.11.5-r0)
(20/36) Installing musl-dev (1.1.20-r5)
(21/36) Installing libc-dev (0.7.1-r0)
(22/36) Installing linux-headers (4.18.13-r1)
(23/36) Installing gettext-asprintf (0.19.8.1-r4)
(24/36) Installing libintl (0.19.8.1-r4)
(25/36) Installing libunistring (0.9.10-r0)
(26/36) Installing gettext-libs (0.19.8.1-r4)
(27/36) Installing ncurses-terminfo-base (6.1_p20190105-r0)
(28/36) Installing ncurses-terminfo (6.1_p20190105-r0)
(29/36) Installing ncurses-libs (6.1_p20190105-r0)
(30/36) Installing libxml2 (2.9.9-r2)
(31/36) Installing gettext (0.19.8.1-r4)
(32/36) Installing gettext-dev (0.19.8.1-r4)
(33/36) Installing linux-pam (1.3.0-r0)
(34/36) Installing linux-pam-dev (1.3.0-r0)
(35/36) Installing m4 (1.4.18-r1)
(36/36) Installing make (4.2.1-r2)
Executing busybox-1.29.3-r10.trigger
Executing ca-certificates-20190108-r0.trigger
OK: 375 MiB in 50 packages
 ---> f28f67c18626
Removing intermediate container 482bf83840e0
Step 4/45 : RUN mkdir -p /go/src/github.com/google
 ---> Running in df80026bbc9a
 ---> 4ccf4d287089
Removing intermediate container df80026bbc9a
Step 5/45 : WORKDIR /go/src/github.com/google
 ---> e8a4ace455da
Removing intermediate container b13da5ccd7a5
Step 6/45 : RUN git clone https://github.com/google/fscrypt
 ---> Running in 1dee76ae4a01
[91mCloning into 'fscrypt'...
[0m ---> bdaa0dcb9eb2
Removing intermediate container 1dee76ae4a01
Step 7/45 : WORKDIR /go/src/github.com/google/fscrypt
 ---> d9258c5bcbb9
Removing intermediate container f42a0ae071dc
Step 8/45 : RUN git reset --hard b41569d397d3e66099cde07d8eef36b2f42dd0ec
 ---> Running in 913b3e93d5d1
HEAD is now at b41569d README.md: improve documentation for moving files into encrypted dirs (#138)
 ---> 3640cdece11f
Removing intermediate container 913b3e93d5d1
Step 9/45 : COPY fscrypt/* ./
 ---> 1853d90d00a5
Step 10/45 : RUN patch -p1 < patch01-no-pam.diff &&     patch -p1 < patch02-rotate-raw-key.diff &&     make && make install
 ---> Running in 64b9dc81435f
patching file actions/callback.go
patching file cmd/fscrypt/keys.go
patching file cmd/fscrypt/commands.go
patching file cmd/fscrypt/flags.go
patching file cmd/fscrypt/keys.go
patching file cmd/fscrypt/prompt.go
go build --ldflags '-s -w -X "main.version=v0.2.4-29-gb41569d" -X "main.buildTime=Fri Jun  5 20:37:31 UTC 2020" -extldflags ""' -o bin/fscrypt ./cmd/fscrypt
[91mgo: finding github.com/golang/protobuf v1.2.0
go: finding github.com/urfave/cli v1.20.0
[0m[91mgo: finding github.com/pkg/errors v0.8.0
[0m[91mgo: finding golang.org/x/sys v0.0.0-20180828065106-d99a578cf41b
[0m[91mgo: finding golang.org/x/sync v0.0.0-20180314180146-1d60e4601c6f
[0m[91mgo: finding golang.org/x/crypto v0.0.0-20180820150726-614d502a4dac
[0m[91mgo: finding golang.org/x/net v0.0.0-20180826012351-8a410e7b638d
[0m[91mgo: downloading golang.org/x/crypto v0.0.0-20180820150726-614d502a4dac
[0m[91mgo: downloading github.com/urfave/cli v1.20.0
[0m[91mgo: downloading github.com/pkg/errors v0.8.0
[0m[91mgo: downloading github.com/golang/protobuf v1.2.0
[0m[91mgo: downloading golang.org/x/sys v0.0.0-20180828065106-d99a578cf41b
[0mgo build -buildmode=c-shared --ldflags '-s -w -X "main.version=v0.2.4-29-gb41569d" -X "main.buildTime=Fri Jun  5 20:37:31 UTC 2020" -extldflags ""' -o bin/pam_fscrypt.so ./pam_fscrypt
rm -f bin/pam_fscrypt.h
install -d /usr/local/bin
install bin/fscrypt /usr/local/bin
install -d /usr/local/lib/security
install bin/pam_fscrypt.so /usr/local/lib/security
m4 --define=PAM_INSTALL_PATH=/usr/local/lib/security/pam_fscrypt.so < pam_fscrypt/config > bin/config
install -d /usr/local/share/pam-configs
install bin/config /usr/local/share/pam-configs/fscrypt
 ---> fdd9d8a45c9b
Removing intermediate container 64b9dc81435f
Step 11/45 : ARG GOVER=1.12.4
 ---> Running in 3e58e17c141d
 ---> fcf145b4d780
Removing intermediate container 3e58e17c141d
Step 12/45 : FROM golang:${GOVER}-alpine as build
 ---> 7701ec5e84de
Step 13/45 : RUN apk update
 ---> Running in c0d2f561a1e0
fetch http://dl-cdn.alpinelinux.org/alpine/v3.9/main/aarch64/APKINDEX.tar.gz
fetch http://dl-cdn.alpinelinux.org/alpine/v3.9/community/aarch64/APKINDEX.tar.gz
v3.9.6-18-gf1c627ea77 [http://dl-cdn.alpinelinux.org/alpine/v3.9/main]
v3.9.6-13-gfbfc29c6a0 [http://dl-cdn.alpinelinux.org/alpine/v3.9/community]
OK: 9567 distinct packages available
 ---> e5eb71fb6a93
Removing intermediate container c0d2f561a1e0
Step 14/45 : RUN apk add --no-cache git gcc linux-headers libc-dev util-linux make
 ---> Running in e01375dc00e4
fetch http://dl-cdn.alpinelinux.org/alpine/v3.9/main/aarch64/APKINDEX.tar.gz
fetch http://dl-cdn.alpinelinux.org/alpine/v3.9/community/aarch64/APKINDEX.tar.gz
(1/32) Upgrading musl (1.1.20-r4 -> 1.1.20-r5)
(2/32) Installing binutils (2.31.1-r2)
(3/32) Installing gmp (6.1.2-r1)
(4/32) Installing isl (0.18-r0)
(5/32) Installing libgomp (8.3.0-r0)
(6/32) Installing libatomic (8.3.0-r0)
(7/32) Installing libgcc (8.3.0-r0)
(8/32) Installing mpfr3 (3.1.5-r1)
(9/32) Installing mpc1 (1.0.3-r1)
(10/32) Installing libstdc++ (8.3.0-r0)
(11/32) Installing gcc (8.3.0-r0)
(12/32) Installing nghttp2-libs (1.35.1-r1)
(13/32) Installing libssh2 (1.9.0-r1)
(14/32) Installing libcurl (7.64.0-r3)
(15/32) Installing expat (2.2.8-r0)
(16/32) Installing pcre2 (10.32-r1)
(17/32) Installing git (2.20.4-r0)
(18/32) Installing musl-dev (1.1.20-r5)
(19/32) Installing libc-dev (0.7.1-r0)
(20/32) Upgrading musl-utils (1.1.20-r4 -> 1.1.20-r5)
(21/32) Installing linux-headers (4.18.13-r1)
(22/32) Installing make (4.2.1-r2)
(23/32) Installing libuuid (2.33-r0)
(24/32) Installing libblkid (2.33-r0)
(25/32) Installing libmount (2.33-r0)
(26/32) Installing libsmartcols (2.33-r0)
(27/32) Installing findmnt (2.33-r0)
(28/32) Installing libfdisk (2.33-r0)
(29/32) Installing ncurses-terminfo-base (6.1_p20190105-r0)
(30/32) Installing ncurses-terminfo (6.1_p20190105-r0)
(31/32) Installing ncurses-libs (6.1_p20190105-r0)
(32/32) Installing util-linux (2.33-r0)
Executing busybox-1.29.3-r10.trigger
OK: 124 MiB in 45 packages
 ---> 020e63e9a05a
Removing intermediate container e01375dc00e4
Step 15/45 : ENV GOFLAGS -mod=vendor
 ---> Running in 5bdc0b60bcb0
 ---> 92677b012da3
Removing intermediate container 5bdc0b60bcb0
Step 16/45 : ENV GO111MODULE on
 ---> Running in 3c0e8d48e8ee
 ---> 155f1fb956fc
Removing intermediate container 3c0e8d48e8ee
Step 17/45 : ENV CGO_ENABLED 1
 ---> Running in 5367befd77da
 ---> dc8ab06842e9
Removing intermediate container 5367befd77da
Step 18/45 : ARG GOARCH=
 ---> Running in 4942d5944bdc
 ---> bb056a3d417b
Removing intermediate container 4942d5944bdc
Step 19/45 : ARG CROSS_GCC=https://musl.cc/aarch64-linux-musleabi-cross.tgz
 ---> Running in 7f7482f76529
 ---> a1cc3bcb1804
Removing intermediate container 7f7482f76529
Step 20/45 : RUN [ -z "$GOARCH" ] || (cd / ; apk add --no-cache wget && wget -O - $CROSS_GCC | tar xzvf -)
 ---> Running in 8a5aa939db3c
 ---> cafe2fa21f05
Removing intermediate container 8a5aa939db3c
Step 21/45 : ADD ./ /pillar/
 ---> 7b6a6eabefa8
Step 22/45 : WORKDIR /pillar
 ---> 988898ea9aeb
Removing intermediate container ba66aa36be81
Step 23/45 : RUN [ -z "$GOARCH" ] || export CC=$(echo /*-cross/bin/*-gcc) ;    echo "Running go vet" && go vet ./... &&     echo "Running go fmt" && ERR=$(gofmt -e -l -s $(find . -name \*.go | grep -v /vendor/)) &&        if [ -n "$ERR" ] ; then echo "go fmt Failed - ERR: "$ERR ; exit 1 ; fi &&     make DISTDIR=/dist build
 ---> Running in 8132261cfc7a
Running go vet
Running go fmt
mkdir -p /dist
Building /dist/zedbox
GO111MODULE=on GOOS=linux CGO_ENABLED=0 go build -mod=vendor -ldflags -X=main.Version=---2020-06-05.20.41 -o /dist/zedbox ./zedbox
hardwaremodel
executor
conntrack
downloader
zedagent
volumemgr
identitymgr
logmanager
command
tpmmgr
ipcmonitor
zedmanager
baseosmgr
diag
verifier
zedrouter
vaultmgr
domainmgr
ledmanager
nim
nodeagent
waitforaddr
client
upgradeconverter
wstunnelclient
 ---> e6f175488b80
Removing intermediate container 8132261cfc7a
Step 24/45 : FROM lfedge/eve-dnsmasq:daf64b1cfa970979aa461faf7024beea9b5d6ded-arm64 as dnsmasq
 ---> 124a58947cdf
Step 25/45 : FROM lfedge/eve-strongswan:6dda5ee56b295a0115e7c09a0ca23aa925426252-arm64 as strongswan
 ---> 3af01b66dac2
Step 26/45 : FROM lfedge/eve-gpt-tools:e378abea66b77fb7e9587b798a8caf5c78f440c1-arm64 as gpttools
 ---> 0fe0518a147a
Step 27/45 : FROM alpine:3.8
 ---> b22edbe95d11
Step 28/45 : SHELL /bin/ash -eo pipefail -c
 ---> Running in e817e0e48f6c
 ---> 11521be66f00
Removing intermediate container e817e0e48f6c
Step 29/45 : RUN apk add --no-cache     yajl xz bash openssl iptables ip6tables iproute2 dhcpcd          coreutils dmidecode libbz2 libuuid ipset           curl radvd ethtool     util-linux e2fsprogs libcrypto1.0 xorriso qemu-img     jq e2fsprogs-extra keyutils ca-certificates
 ---> Running in ca503f1ff663
fetch http://dl-cdn.alpinelinux.org/alpine/v3.8/main/aarch64/APKINDEX.tar.gz
fetch http://dl-cdn.alpinelinux.org/alpine/v3.8/community/aarch64/APKINDEX.tar.gz
(1/65) Installing ncurses-terminfo-base (6.1_p20180818-r1)
(2/65) Installing ncurses-terminfo (6.1_p20180818-r1)
(3/65) Installing ncurses-libs (6.1_p20180818-r1)
(4/65) Installing readline (7.0.003-r0)
(5/65) Installing bash (4.4.19-r1)
Executing bash-4.4.19-r1.post-install
(6/65) Installing ca-certificates (20191127-r0)
(7/65) Installing libattr (2.4.47-r7)
(8/65) Installing libacl (2.2.52-r5)
(9/65) Installing coreutils (8.29-r2)
(10/65) Installing nghttp2-libs (1.39.2-r0)
(11/65) Installing libssh2 (1.9.0-r1)
(12/65) Installing libcurl (7.61.1-r3)
(13/65) Installing curl (7.61.1-r3)
(14/65) Installing dhcpcd (7.0.7-r0)
(15/65) Installing dmidecode (3.1-r0)
(16/65) Installing libuuid (2.32-r0)
(17/65) Installing libblkid (2.32-r0)
(18/65) Installing libcom_err (1.44.2-r2)
(19/65) Installing e2fsprogs-libs (1.44.2-r2)
(20/65) Installing e2fsprogs (1.44.2-r2)
(21/65) Installing e2fsprogs-extra (1.44.2-r2)
(22/65) Installing ethtool (4.16-r0)
(23/65) Installing libmnl (1.0.4-r0)
(24/65) Installing jansson (2.11-r0)
(25/65) Installing libnftnl-libs (1.1.1-r0)
(26/65) Installing iptables (1.6.2-r0)
(27/65) Installing ip6tables (1.6.2-r0)
(28/65) Installing libelf (0.8.13-r3)
(29/65) Installing iproute2 (4.13.0-r0)
Executing iproute2-4.13.0-r0.post-install
(30/65) Installing ipset (6.38-r1)
(31/65) Installing oniguruma (6.9.4-r0)
(32/65) Installing jq (1.6_rc1-r1)
(33/65) Installing keyutils-libs (1.5.10-r0)
(34/65) Installing keyutils (1.5.10-r0)
(35/65) Installing libbz2 (1.0.6-r7)
(36/65) Installing libcrypto1.0 (1.0.2u-r0)
(37/65) Installing libssl1.0 (1.0.2u-r0)
(38/65) Installing openssl (1.0.2u-r0)
(39/65) Installing libaio (0.3.111-r0)
(40/65) Installing libgcc (6.4.0-r9)
(41/65) Installing libffi (3.2.1-r4)
(42/65) Installing libintl (0.19.8.1-r2)
(43/65) Installing libmount (2.32-r0)
(44/65) Installing pcre (8.42-r0)
(45/65) Installing glib (2.56.1-r1)
(46/65) Installing gmp (6.1.2-r1)
(47/65) Installing nettle (3.4.1-r0)
(48/65) Installing p11-kit (0.23.10-r0)
(49/65) Installing libtasn1 (4.14-r0)
(50/65) Installing libunistring (0.9.7-r0)
(51/65) Installing gnutls (3.6.7-r1)
(52/65) Installing qemu-img (2.12.0-r3)
(53/65) Installing radvd (2.17-r2)
Executing radvd-2.17-r2.pre-install
(54/65) Installing libsmartcols (2.32-r0)
(55/65) Installing findmnt (2.32-r0)
(56/65) Installing libfdisk (2.32-r0)
(57/65) Installing util-linux (2.32-r0)
(58/65) Installing libburn (1.4.8-r0)
(59/65) Installing libedit (20170329.3.1-r3)
(60/65) Installing libisofs (1.4.8-r0)
(61/65) Installing libisoburn (1.4.8-r0)
(62/65) Installing xorriso (1.4.8-r0)
(63/65) Installing xz-libs (5.2.4-r0)
(64/65) Installing xz (5.2.4-r0)
(65/65) Installing yajl (2.1.0-r0)
Executing busybox-1.28.4-r3.trigger
Executing ca-certificates-20191127-r0.trigger
Executing glib-2.56.1-r1.trigger
OK: 44 MiB in 78 packages
 ---> 6ee2ba668ca7
Removing intermediate container ca503f1ff663
Step 30/45 : ADD conf/root-certificate.pem conf/server conf/server.production /opt/zededa/examples/config/
 ---> de2ad8ab1438
Step 31/45 : ADD scripts/device-steps.sh scripts/generate-device.sh scripts/generate-self-signed.sh scripts/handlezedserverconfig.sh scripts/veth.sh /opt/zededa/bin/
 ---> d94b1b1727ca
Step 32/45 : ADD conf/lisp.config.base /var/tmp/zededa/lisp.config.base
 ---> cee8e36c9fa4
Step 33/45 : COPY patches/* /patches/
 ---> dd273e946677
Step 34/45 : RUN set -e && for patch in ../patches/*.patch; do         echo "Applying $patch";         patch -p1 < "$patch";     done
 ---> Running in 720cbd8392ab
Applying ../patches/001-dhcpcd-no-resolv-conf.patch
patching file usr/lib/dhcpcd/dhcpcd-hooks/20-resolv.conf
 ---> a507886eced4
Removing intermediate container 720cbd8392ab
Step 35/45 : COPY --from=build /dist /opt/zededa/bin
 ---> dd4fa75c03e6
Step 36/45 : COPY --from=gpttools / /
 ---> 636dda62f565
Step 37/45 : COPY --from=dnsmasq /usr/sbin/dnsmasq /opt/zededa/bin/dnsmasq
 ---> 921a1e64c59e
Step 38/45 : COPY --from=strongswan / /
 ---> c4fd1d9088f3
Step 39/45 : COPY --from=fscrypt-build /usr/local/bin/fscrypt /opt/zededa/bin/fscrypt
 ---> 45388faa4b4b
Step 40/45 : COPY rootfs/ /
 ---> df8f5ac6efc4
Step 41/45 : RUN if [ "$(uname -m)" = "aarch64" ] ; then                                                    apk add --no-cache findutils=4.6.0-r1 binutils=2.30-r6 file=5.32-r2             ;       find / -type f -executable -exec file {} \; | grep 'not stripped' | cut -f1 -d: |       xargs strip                                                                     ;       apk del findutils binutils file                                                 ;    fi
 ---> Running in 601d7d8f2263
fetch http://dl-cdn.alpinelinux.org/alpine/v3.8/main/aarch64/APKINDEX.tar.gz
fetch http://dl-cdn.alpinelinux.org/alpine/v3.8/community/aarch64/APKINDEX.tar.gz
(1/4) Installing binutils (2.30-r6)
(2/4) Installing libmagic (5.32-r2)
(3/4) Installing file (5.32-r2)
(4/4) Installing findutils (4.6.0-r1)
Executing busybox-1.28.4-r3.trigger
OK: 60 MiB in 82 packages
[91mWARNING: Ignoring APKINDEX.adfa7ceb.tar.gz: No such file or directory
WARNING: Ignoring APKINDEX.efaa1f73.tar.gz: No such file or directory
[0m(1/4) Purging binutils (2.30-r6)
(2/4) Purging file (5.32-r2)
(3/4) Purging findutils (4.6.0-r1)
(4/4) Purging libmagic (5.32-r2)
Executing busybox-1.28.4-r3.trigger
OK: 44 MiB in 78 packages
 ---> 1b7699d74c87
Removing intermediate container 601d7d8f2263
Step 42/45 : SHELL /bin/sh -c
 ---> Running in 88416e94fc9c
 ---> 0b2488e7d1cd
Removing intermediate container 88416e94fc9c
Step 43/45 : WORKDIR /
 ---> 5bffa267a2e5
Removing intermediate container 9334658fe7ca
Step 44/45 : CMD /init.sh
 ---> Running in 508f3031a6ce
 ---> 9e247d0932e4
Removing intermediate container 508f3031a6ce
Step 45/45 : LABEL org.mobyproject.config '{"capabilities":["all"],"binds":["/lib/modules:/lib/modules","/dev:/dev","/etc/resolv.conf:/etc/resolv.conf","/run:/run","/var/config:/config","/:/hostfs","/var/persist:/persist:rshared,rbind"],"net":"host","pid":"host","rootfsPropagation":"shared"}' org.mobyproject.linuxkit.revision 'unknown' org.mobyproject.linuxkit.version 'unknown' org.opencontainers.image.revision 'a47dff6140097c4a502ee8571e8121ee7048a660' org.opencontainers.image.source 'https://github.com/linuxkit/linuxkit'
 ---> Running in 6acdcd184704
 ---> af29877df233
Removing intermediate container 6acdcd184704
Successfully built af29877df233
Successfully tagged lfedge/eve-pillar:adb2e3a4e119a2758ff46720d5ece87c8fd9a64e-arm64
Pushing lfedge/eve-pillar:adb2e3a4e119a2758ff46720d5ece87c8fd9a64e-arm64
The push refers to a repository [docker.io/lfedge/eve-pillar]
a5f31afd6ca1: Preparing
428d7ddc5b68: Preparing
a1c14bfa8158: Preparing
38aedf6f6dd7: Preparing
b28c06770c35: Preparing
e5f2ddad2c4e: Preparing
cfcbcf69061d: Preparing
f91e7918b0af: Preparing
a1c72cfcae4e: Preparing
e5d5eef6167a: Preparing
9eff829caa50: Preparing
6c5589d7e71b: Preparing
646393bb7af7: Preparing
7207ab4ea143: Preparing
a1c72cfcae4e: Waiting
9eff829caa50: Waiting
e5d5eef6167a: Waiting
6c5589d7e71b: Waiting
646393bb7af7: Waiting
e5f2ddad2c4e: Waiting
cfcbcf69061d: Waiting
f91e7918b0af: Waiting
7207ab4ea143: Waiting
38aedf6f6dd7: Layer already exists
428d7ddc5b68: Layer already exists
e5f2ddad2c4e: Layer already exists
a1c14bfa8158: Pushed
b28c06770c35: Pushed
f91e7918b0af: Pushed
a1c72cfcae4e: Pushed
e5d5eef6167a: Pushed
9eff829caa50: Pushed
7207ab4ea143: Layer already exists
6c5589d7e71b: Pushed
cfcbcf69061d: Pushed
a5f31afd6ca1: Pushed
646393bb7af7: Pushed
adb2e3a4e119a2758ff46720d5ece87c8fd9a64e-arm64: digest: sha256:4244b25eac2576d5cd929cc50327ec17964d67b9b9aaa5077415314f3ba93258 size: 3255
Pushing lfedge/eve-pillar:adb2e3a4e119a2758ff46720d5ece87c8fd9a64e-arm64 to manifest lfedge/eve-pillar:adb2e3a4e119a2758ff46720d5ece87c8fd9a64e
time="2020-06-05T22:44:16+02:00" level=warning msg="Couldn't find or access image reference \"lfedge/eve-pillar:adb2e3a4e119a2758ff46720d5ece87c8fd9a64e-s390x\". Skipping image."
Digest: sha256:476345b7ad22f133103faa9020de7e07f3c6091ee38eece780df5fc9c97b6007 743
Not signing lfedge/eve-pillar:adb2e3a4e119a2758ff46720d5ece87c8fd9a64e
Tagging lfedge/eve-pillar:adb2e3a4e119a2758ff46720d5ece87c8fd9a64e-arm64 as lfedge/eve-pillar:snapshot-arm64
Pushing lfedge/eve-pillar:snapshot-arm64
The push refers to a repository [docker.io/lfedge/eve-pillar]
a5f31afd6ca1: Preparing
428d7ddc5b68: Preparing
a1c14bfa8158: Preparing
38aedf6f6dd7: Preparing
b28c06770c35: Preparing
e5f2ddad2c4e: Preparing
cfcbcf69061d: Preparing
f91e7918b0af: Preparing
a1c72cfcae4e: Preparing
e5d5eef6167a: Preparing
9eff829caa50: Preparing
6c5589d7e71b: Preparing
646393bb7af7: Preparing
7207ab4ea143: Preparing
f91e7918b0af: Waiting
a1c72cfcae4e: Waiting
e5d5eef6167a: Waiting
9eff829caa50: Waiting
e5f2ddad2c4e: Waiting
6c5589d7e71b: Waiting
646393bb7af7: Waiting
7207ab4ea143: Waiting
cfcbcf69061d: Waiting
428d7ddc5b68: Layer already exists
38aedf6f6dd7: Layer already exists
a1c14bfa8158: Layer already exists
b28c06770c35: Layer already exists
a5f31afd6ca1: Layer already exists
e5f2ddad2c4e: Layer already exists
f91e7918b0af: Layer already exists
cfcbcf69061d: Layer already exists
a1c72cfcae4e: Layer already exists
e5d5eef6167a: Layer already exists
9eff829caa50: Layer already exists
6c5589d7e71b: Layer already exists
646393bb7af7: Layer already exists
7207ab4ea143: Layer already exists
snapshot-arm64: digest: sha256:4244b25eac2576d5cd929cc50327ec17964d67b9b9aaa5077415314f3ba93258 size: 3255
Pushing lfedge/eve-pillar:snapshot-arm64 to manifest lfedge/eve-pillar:snapshot
time="2020-06-05T22:44:38+02:00" level=warning msg="Couldn't find or access image reference \"lfedge/eve-pillar:snapshot-s390x\". Skipping image."
Digest: sha256:476345b7ad22f133103faa9020de7e07f3c6091ee38eece780df5fc9c97b6007 743
Not signing lfedge/eve-pillar:snapshot
Build, push and release of "snapshot" complete, all done.
Building and pushing "lfedge/eve-uefi:5c00deeac0b200565fee599905f5346ffaafc10b"
5c00deeac0b200565fee599905f5346ffaafc10b: Pulling from lfedge/eve-uefi
Digest: sha256:ab6885d4cf29e33b9097cd2d51844591c46204c49f053297d2653fa6be2ec576
Status: Image is up to date for lfedge/eve-uefi:5c00deeac0b200565fee599905f5346ffaafc10b
Building and pushing "lfedge/eve-xen-tools:955c1a053b125fc78467091618d8d1e6cfa80c08"
955c1a053b125fc78467091618d8d1e6cfa80c08: Pulling from lfedge/eve-xen-tools
Digest: sha256:aa0ebe1c87164aa1620092960210305c4071fb03c838bf0740709703d3ec780f
Status: Image is up to date for lfedge/eve-xen-tools:955c1a053b125fc78467091618d8d1e6cfa80c08
Building and pushing "lfedge/eve-qrexec-lib:b0fb86eb752be7884d4d83c1dbbb025e75c5c466"
b0fb86eb752be7884d4d83c1dbbb025e75c5c466: Pulling from lfedge/eve-qrexec-lib
Digest: sha256:abd39f4a76686a94b422d935bc9a3f194250bc5bdfe1ca0a2d129490060011d4
Status: Image is up to date for lfedge/eve-qrexec-lib:b0fb86eb752be7884d4d83c1dbbb025e75c5c466
Building and pushing "lfedge/eve-qrexec-dom0:29024a9e04a96b4baede4f474dcf85c1cef98607"
29024a9e04a96b4baede4f474dcf85c1cef98607: Pulling from lfedge/eve-qrexec-dom0
Digest: sha256:c9c1e1021d32a2ceae4c0c3ac06fea559a447165f9a1400456d8fd05d7cfd2d6
Status: Image is up to date for lfedge/eve-qrexec-dom0:29024a9e04a96b4baede4f474dcf85c1cef98607
Building and pushing "lfedge/eve-rngd:6e16dad8553a6c2939854abfa9f34a5f2604bce7"
6e16dad8553a6c2939854abfa9f34a5f2604bce7: Pulling from lfedge/eve-rngd
Digest: sha256:d18f87ec9e50c7a996e1a9c78589b5dba52e53d59c81998503e782d65875a6dc
Status: Image is up to date for lfedge/eve-rngd:6e16dad8553a6c2939854abfa9f34a5f2604bce7
Building and pushing "lfedge/eve-rsyslog:49556e27198614b57d70e76f8bfcca3068056cfc"
49556e27198614b57d70e76f8bfcca3068056cfc: Pulling from lfedge/eve-rsyslog
Digest: sha256:88ab77ddfd593bb7b59c2fd1cdc03ad4f133f7e1bb20aecfeb0102a7bfe59f95
Status: Image is up to date for lfedge/eve-rsyslog:49556e27198614b57d70e76f8bfcca3068056cfc
Building and pushing "lfedge/eve-storage-init:31ed12195e31e7f4b118cbcc2cecfce815e5c4ed"
31ed12195e31e7f4b118cbcc2cecfce815e5c4ed: Pulling from lfedge/eve-storage-init
Digest: sha256:9a9d0ee33bd1f163f68926cfca523480d7a4501147112709796e86f62829ae1e
Status: Image is up to date for lfedge/eve-storage-init:31ed12195e31e7f4b118cbcc2cecfce815e5c4ed
Building and pushing "lfedge/eve-u-boot:e9cd5b3c4f7e457b100430c8c1c60d1404faf8c6"
e9cd5b3c4f7e457b100430c8c1c60d1404faf8c6: Pulling from lfedge/eve-u-boot
Digest: sha256:46f68ed23394fbd3b4e2da34de6f7d3aa413a654b92147258c9756b7172aaf54
Status: Image is up to date for lfedge/eve-u-boot:e9cd5b3c4f7e457b100430c8c1c60d1404faf8c6
Building and pushing "lfedge/eve-vtpm:11365a20a21fa000e9d48614e9303c8f0e81477f"
11365a20a21fa000e9d48614e9303c8f0e81477f: Pulling from lfedge/eve-vtpm
Digest: sha256:04a0292c68d3e35c25320befcb19735faa248b4ecd7211d84eb03f6ce3659bef
Status: Image is up to date for lfedge/eve-vtpm:11365a20a21fa000e9d48614e9303c8f0e81477f
Building and pushing "lfedge/eve-watchdog:288a4129631e73aad6a9e5c01f229205f5dbc9be"
288a4129631e73aad6a9e5c01f229205f5dbc9be: Pulling from lfedge/eve-watchdog
Digest: sha256:bac09ff8ba45c195bde56ace1a04c084ee074eff30eef7e7cd6e5e6b69c8edf7
Status: Image is up to date for lfedge/eve-watchdog:288a4129631e73aad6a9e5c01f229205f5dbc9be
Building and pushing "lfedge/eve-wlan:ac31bb78810451ef1333b3970f29bebc0a6c9c44"
ac31bb78810451ef1333b3970f29bebc0a6c9c44: Pulling from lfedge/eve-wlan
Digest: sha256:c3d7e2a6b381a6bdd4c1a1d1e44b46bb348990777cc828cb575f79a515d35830
Status: Image is up to date for lfedge/eve-wlan:ac31bb78810451ef1333b3970f29bebc0a6c9c44
Building and pushing "lfedge/eve-wwan:31a3911c7aa7e5c44e19406d6277173b494c6f35"
31a3911c7aa7e5c44e19406d6277173b494c6f35: Pulling from lfedge/eve-wwan
Digest: sha256:e0dfd4fb011f186f726453825cac33899766425c382a747dcd46c5d83f6946f6
Status: Image is up to date for lfedge/eve-wwan:31a3911c7aa7e5c44e19406d6277173b494c6f35
Building and pushing "lfedge/eve-xen:52809cf2b070b5c5976ce9173c9d6b27382341bd"
52809cf2b070b5c5976ce9173c9d6b27382341bd: Pulling from lfedge/eve-xen
Digest: sha256:932bec03ade04b2ded6a1236c71f39d598ea0a37d89b8ff469f55a548a96aa49
Status: Image is up to date for lfedge/eve-xen:52809cf2b070b5c5976ce9173c9d6b27382341bd
Done building packages
rm pkg/qrexec-dom0/Dockerfile pkg/xen-tools/Dockerfile pkg/qrexec-lib/Dockerfile pkg/pillar/Dockerfile
Creating go builder image for user zededa-ci
eve-build-zededa-ci docker container is ready to use
mkdir -p /home/zededa-ci/src/eve/dist/arm64
cd /home/zededa-ci/src/eve/dist/arm64 ; _() { C=`docker create $1 fake` ; shift ; docker export $C | tar -xf - "$@" ; docker rm $C ; } ; _ lfedge/eve-uefi:5c00deeac0b200565fee599905f5346ffaafc10b-arm64 OVMF.fd
83d9800ba9b7d29c0b5f2f175430f0ac2b3584b18e33b08f6e18b8851fb5e600
mkdir -p /home/zededa-ci/src/eve/dist/arm64/installer
./tools/makeconfig.sh /home/zededa-ci/src/eve/dist/arm64/installer/config.img conf/authorized_keys conf/DevicePortConfig conf/eve.dts conf/grub.cfg conf/onboard.cert.pem conf/onboard.key.pem conf/root-certificate.pem conf/server conf/v2tlsbaseroot-certificates.pem
/conf/eve.dtb: Warning (unit_address_vs_reg): Node /regulator@1 has a unit name, but no reg property
/conf/eve.dtb: Warning (unit_address_vs_reg): Node /soc/i2c@f7102000/adv7533@39/ports/port@0 has a unit name, but no reg property
/conf/eve.dtb: Warning (unit_address_vs_reg): Node /soc/thermal-zones/cls0/trips/trip-point@0 has a unit name, but no reg property
/conf/eve.dtb: Warning (unit_address_vs_reg): Node /soc/thermal-zones/cls0/trips/trip-point@1 has a unit name, but no reg property
/conf/eve.dtb: Warning (unit_address_vs_reg): Node /soc/dsi@f4107800/ports/port@1/endpoint@0 has a unit name, but no reg property
/conf/eve.dtb: Warning (unit_address_vs_reg): Node /soc/i2s@f7118000/ports/port@0 has a unit name, but no reg property
/conf/eve.dtb: Warning (unit_address_vs_reg): Node /regulator@2 has a unit name, but no reg property
/conf/eve.dtb: Warning (unit_address_vs_reg): Node /regulator@0 has a unit name, but no reg property
1024+0 records in
1024+0 records out
mkfs.fat 4.1 (2017-01-24)
/config.img has 64 heads and 32 sectors per track,
hidden sectors 0x0000;
logical sector size is 512,
using 0xf8 media descriptor, with 2048 sectors;
drive number 0x80;
filesystem has 2 12-bit FATs and 4 sectors per cluster.
FAT size is 2 sectors, and provides 502 clusters.
There is 1 reserved sector.
Root directory contains 512 slots and uses 32 sectors.
Volume ID is f7781919, volume label EVE        .
cd /home/zededa-ci/src/eve/dist/arm64/installer ; _() { C=`docker create $1 fake` ; shift ; docker export $C | tar -xf - "$@" ; docker rm $C ; } ; _ lfedge/eve-grub:aa6b2e431670cf3859b1a3d683b9e0e238e30655-arm64 EFI
2d1c8d952b66e72b3e3c18feb31e2e1a723f1244cc75006c3dc620c7ce92fd78
Done building /home/zededa-ci/src/eve/build-tools/bin/linuxkit
./tools/makerootfs.sh images/rootfs-xen.yml /home/zededa-ci/src/eve/dist/arm64/installer/rootfs-0.0.0-HEAD-a47dff61-2020-06-05.20.47-xen-arm64.squash squash
Extract kernel image: lfedge/eve-kernel:b7ef5cdd9425eb67cd8f95761d95249045c82e9c-arm64
Add init containers:
Process init image: linuxkit/init:v0.5-arm64
time="2020-06-05T22:48:03+02:00" level=warning msg="targets metadata is nearing expiry, you should re-sign the role metadata"
Process init image: linuxkit/runc:f79954950022fea76b8b6f10de58cb48e4fb3878-arm64
time="2020-06-05T22:48:20+02:00" level=error msg="Metadata for targets/riyaz expired"
time="2020-06-05T22:48:20+02:00" level=error msg="Metadata for targets/riyaz expired"
time="2020-06-05T22:48:20+02:00" level=warning msg="Error getting targets/riyaz: targets/riyaz expired at Mon May 25 15:32:34 -0700 2020"
time="2020-06-05T22:48:20+02:00" level=warning msg="targets metadata is nearing expiry, you should re-sign the role metadata"
time="2020-06-05T22:48:20+02:00" level=warning msg="targets/justin metadata is nearing expiry, you should re-sign the role metadata"
Process init image: linuxkit/containerd:6ef473a228db6f6ee163f9b9a051102a1552a4ef-arm64
time="2020-06-05T22:48:38+02:00" level=warning msg="targets metadata is nearing expiry, you should re-sign the role metadata"
time="2020-06-05T22:48:38+02:00" level=warning msg="targets/justin metadata is nearing expiry, you should re-sign the role metadata"
time="2020-06-05T22:48:38+02:00" level=warning msg="targets/riyaz metadata is nearing expiry, you should re-sign the role metadata"
Process init image: linuxkit/getty:v0.5-arm64
time="2020-06-05T22:48:55+02:00" level=warning msg="targets metadata is nearing expiry, you should re-sign the role metadata"
time="2020-06-05T22:48:55+02:00" level=warning msg="targets/justin metadata is nearing expiry, you should re-sign the role metadata"
time="2020-06-05T22:48:55+02:00" level=warning msg="targets/riyaz metadata is nearing expiry, you should re-sign the role metadata"
Process init image: linuxkit/memlogd:v0.5-arm64
Process init image: lfedge/eve-grub:aa6b2e431670cf3859b1a3d683b9e0e238e30655-arm64
Process init image: lfedge/eve-fw:60af30b13b43cdc50b6cbb6e30a5e4d1feb154e0-arm64
Process init image: lfedge/eve-xen:52809cf2b070b5c5976ce9173c9d6b27382341bd-arm64
Process init image: lfedge/eve-gpt-tools:e378abea66b77fb7e9587b798a8caf5c78f440c1-arm64
Process init image: lfedge/eve-dom0-ztools:5450ed24dca591ec67c2a7465df5b203e7e92479-arm64
Add onboot containers:
  Create OCI config for lfedge/eve-storage-init:31ed12195e31e7f4b118cbcc2cecfce815e5c4ed-arm64
  Create OCI config for linuxkit/sysctl:v0.5-arm64
time="2020-06-05T22:49:41+02:00" level=warning msg="targets metadata is nearing expiry, you should re-sign the role metadata"
time="2020-06-05T22:49:41+02:00" level=warning msg="targets/ian metadata is nearing expiry, you should re-sign the role metadata"
  Create OCI config for lfedge/eve-rngd:6e16dad8553a6c2939854abfa9f34a5f2604bce7-arm64
  Create OCI config for linuxkit/modprobe:v0.5-arm64
time="2020-06-05T22:49:57+02:00" level=warning msg="targets metadata is nearing expiry, you should re-sign the role metadata"
time="2020-06-05T22:49:57+02:00" level=warning msg="targets/ian metadata is nearing expiry, you should re-sign the role metadata"
Add service containers:
  Create OCI config for lfedge/eve-rsyslog:49556e27198614b57d70e76f8bfcca3068056cfc-arm64
  Create OCI config for linuxkit/openntpd:v0.5-arm64
time="2020-06-05T22:50:15+02:00" level=error msg="Metadata for targets/riyaz expired"
time="2020-06-05T22:50:15+02:00" level=error msg="Metadata for targets/riyaz expired"
time="2020-06-05T22:50:15+02:00" level=warning msg="Error getting targets/riyaz: targets/riyaz expired at Mon May 25 15:06:33 -0700 2020"
time="2020-06-05T22:50:15+02:00" level=warning msg="targets metadata is nearing expiry, you should re-sign the role metadata"
time="2020-06-05T22:50:15+02:00" level=warning msg="targets/justin metadata is nearing expiry, you should re-sign the role metadata"
time="2020-06-05T22:50:15+02:00" level=warning msg="targets/ian metadata is nearing expiry, you should re-sign the role metadata"
  Create OCI config for linuxkit/sshd:v0.5-arm64
time="2020-06-05T22:50:31+02:00" level=error msg="Metadata for targets/justin expired"
time="2020-06-05T22:50:31+02:00" level=error msg="Metadata for targets/justin expired"
time="2020-06-05T22:50:31+02:00" level=warning msg="Error getting targets/justin: targets/justin expired at Fri May 29 15:28:54 +0100 2020"
time="2020-06-05T22:50:31+02:00" level=warning msg="targets metadata is nearing expiry, you should re-sign the role metadata"
time="2020-06-05T22:50:31+02:00" level=warning msg="targets/riyaz metadata is nearing expiry, you should re-sign the role metadata"
  Create OCI config for lfedge/eve-wwan:31a3911c7aa7e5c44e19406d6277173b494c6f35-arm64
  Create OCI config for lfedge/eve-wlan:ac31bb78810451ef1333b3970f29bebc0a6c9c44-arm64
  Create OCI config for lfedge/eve-lisp:6fe9cf905fb0fc657f646a82b42aa95e4f68f5e5-arm64
  Create OCI config for lfedge/eve-guacd:f1f08a0fcadd35320f5d03fe0f0a1a318e8449be-arm64
  Create OCI config for lfedge/eve-pillar:adb2e3a4e119a2758ff46720d5ece87c8fd9a64e-arm64
  Create OCI config for lfedge/eve-vtpm:11365a20a21fa000e9d48614e9303c8f0e81477f-arm64
  Create OCI config for lfedge/eve-watchdog:288a4129631e73aad6a9e5c01f229205f5dbc9be-arm64
  Create OCI config for lfedge/eve-xen-tools:955c1a053b125fc78467091618d8d1e6cfa80c08-arm64
Add files:
  /etc/eve-release
Parallel mksquashfs: Using 4 processors
Creating 4.0 filesystem on /rootfs.img, block size 131072.
[=====================-                                      ]  7800/21361  36%[======================|                                     ]  8000/21361  37%[======================================/                     ] 14100/21361  66%[================================================|           ] 17700/21361  82%[=================================================-          ] 17900/21361  83%[====================================================\       ] 18900/21361  88%[===========================================================\] 21361/21361 100%

Exportable Squashfs 4.0 filesystem, gzip compressed, data block size 131072
	compressed data, compressed metadata, compressed fragments, compressed xattrs
	duplicates are removed
Filesystem size 248198.27 Kbytes (242.38 Mbytes)
	33.31% of uncompressed filesystem size (745220.48 Kbytes)
Inode table size 241209 bytes (235.56 Kbytes)
	25.09% of uncompressed inode table size (961493 bytes)
Directory table size 260770 bytes (254.66 Kbytes)
	45.60% of uncompressed directory table size (571900 bytes)
Number of duplicate files found 8682
Number of inodes 24620
Number of files 16683
Number of fragments 676
Number of symbolic links  5903
Number of device nodes 4
Number of fifo nodes 0
Number of socket nodes 0
Number of directories 2030
Number of ids (unique uids + gids) 4
Number of uids 2
	root (0)
	unknown (1000)
Number of gids 4
	root (0)
	shadow (42)
	tty (5)
	unknown (1000)
cd /home/zededa-ci/src/eve/dist/arm64/installer ; _() { C=`docker create $1 fake` ; shift ; docker export $C | tar -xf - "$@" ; docker rm $C ; } ; _ lfedge/eve-mkimage-raw-efi:5b9c8a3bc15353352a7462b508c9f379e9fcea32-arm64 initrd.img EFI
691a510b72cca8c3d5cc45f1b6cdaa700da32fe343a16b4b8c435dc55e2d65d3
./tools/makeiso.sh /home/zededa-ci/src/eve/dist/arm64/installer /home/zededa-ci/src/eve/dist/arm64/installer.iso
xorriso 1.4.6 : RockRidge filesystem manipulator, libburnia project.

Drive current: -outdev 'stdio:/tmp/disk.iso'
Media current: stdio file, overwriteable
Media status : is blank
Media summary: 0 sessions, 0 data blocks, 0 data, 3378m free
Added to ISO image: directory '/'='/parts'
xorriso : UPDATE : 8 files added in 1 seconds
xorriso : UPDATE : 8 files added in 1 seconds
libisofs: NOTE : Cannot arrange content of data files in surely reproducible way
xorriso : UPDATE :  6.09% done
ISO image produced: 129850 sectors
Written to medium : 129850 sectors at LBA 0
Writing to 'stdio:/tmp/disk.iso' completed successfully.

./tools/makeflash.sh -C 350 /home/zededa-ci/src/eve/dist/arm64/installer /home/zededa-ci/src/eve/dist/arm64/installer.raw "conf_win installer inventory_win"
1+0 records in
1+0 records out
1 byte copied, 0.000156257 s, 6.4 kB/s
Unknown (or unrecongnizable) GTP partition table on /output.img
1+0 records in
1+0 records out
512 bytes copied, 5.4385e-05 s, 9.4 MB/s
Creating new GPT entries in memory.
GPT data structures destroyed! You may now partition the disk using fdisk or
other utilities.
Setting name!
partNum is 3
Setting name!
partNum is 0
Setting name!
partNum is 4
64+0 records in
64+0 records out
64 bytes copied, 0.000968469 s, 66.1 kB/s
No problems found. 79805 free sectors (39.0 MiB) available in 2
segments, the largest of which is 77791 (38.0 MiB) in size.
cd /home/zededa-ci/src/eve/dist/arm64/installer ; _() { C=`docker create $1 fake` ; shift ; docker export $C | tar -xf - "$@" ; docker rm $C ; } ; _ lfedge/eve-u-boot:e9cd5b3c4f7e457b100430c8c1c60d1404faf8c6-arm64 boot
6b589a80ac27ba659f3787a27ed04578c138ff66388c74abff5eb043f36480ec
./tools/makeflash.sh -C 350 /home/zededa-ci/src/eve/dist/arm64/installer /home/zededa-ci/src/eve/dist/arm64/live.raw efi conf imga
1+0 records in
1+0 records out
1 byte copied, 0.000152361 s, 6.6 kB/s
Unknown (or unrecongnizable) GTP partition table on /output.img
1+0 records in
1+0 records out
512 bytes copied, 5.0488e-05 s, 10.1 MB/s
Creating new GPT entries in memory.
GPT data structures destroyed! You may now partition the disk using fdisk or
other utilities.
Setting name!
partNum is 0
Setting name!
partNum is 3
Setting name!
partNum is 1
64+0 records in
64+0 records out
64 bytes copied, 0.00063806 s, 100 kB/s
No problems found. 96189 free sectors (47.0 MiB) available in 2
segments, the largest of which is 94175 (46.0 MiB) in size.
qemu-img convert -c -f raw -O qcow2 /home/zededa-ci/src/eve/dist/arm64/live.raw /home/zededa-ci/src/eve/dist/arm64/live.qcow2
qemu-img resize /home/zededa-ci/src/eve/dist/arm64/live.qcow2 8192M
Image resized.
./tools/makerootfs.sh images/rootfs-kvm.yml /home/zededa-ci/src/eve/dist/arm64/installer/rootfs-0.0.0-HEAD-a47dff61-2020-06-05.20.47-kvm-arm64.squash squash
Extract kernel image: lfedge/eve-kernel:b7ef5cdd9425eb67cd8f95761d95249045c82e9c-arm64
Add init containers:
Process init image: linuxkit/init:v0.5-arm64
time="2020-06-05T22:54:49+02:00" level=warning msg="targets metadata is nearing expiry, you should re-sign the role metadata"
Process init image: linuxkit/runc:f79954950022fea76b8b6f10de58cb48e4fb3878-arm64
time="2020-06-05T22:55:12+02:00" level=error msg="Metadata for targets/riyaz expired"
time="2020-06-05T22:55:12+02:00" level=error msg="Metadata for targets/riyaz expired"
time="2020-06-05T22:55:12+02:00" level=warning msg="Error getting targets/riyaz: targets/riyaz expired at Mon May 25 15:32:34 -0700 2020"
time="2020-06-05T22:55:12+02:00" level=warning msg="targets metadata is nearing expiry, you should re-sign the role metadata"
time="2020-06-05T22:55:12+02:00" level=warning msg="targets/justin metadata is nearing expiry, you should re-sign the role metadata"
Process init image: linuxkit/containerd:6ef473a228db6f6ee163f9b9a051102a1552a4ef-arm64
time="2020-06-05T22:55:30+02:00" level=warning msg="targets/justin metadata is nearing expiry, you should re-sign the role metadata"
time="2020-06-05T22:55:30+02:00" level=warning msg="targets/riyaz metadata is nearing expiry, you should re-sign the role metadata"
time="2020-06-05T22:55:30+02:00" level=warning msg="targets metadata is nearing expiry, you should re-sign the role metadata"
Process init image: linuxkit/getty:v0.5-arm64
time="2020-06-05T22:55:49+02:00" level=warning msg="targets metadata is nearing expiry, you should re-sign the role metadata"
time="2020-06-05T22:55:49+02:00" level=warning msg="targets/justin metadata is nearing expiry, you should re-sign the role metadata"
time="2020-06-05T22:55:49+02:00" level=warning msg="targets/riyaz metadata is nearing expiry, you should re-sign the role metadata"
Process init image: linuxkit/memlogd:v0.5-arm64
Process init image: lfedge/eve-grub:aa6b2e431670cf3859b1a3d683b9e0e238e30655-arm64
Process init image: lfedge/eve-fw:60af30b13b43cdc50b6cbb6e30a5e4d1feb154e0-arm64
Process init image: lfedge/eve-xen:52809cf2b070b5c5976ce9173c9d6b27382341bd-arm64
Process init image: lfedge/eve-gpt-tools:e378abea66b77fb7e9587b798a8caf5c78f440c1-arm64
Process init image: lfedge/eve-dom0-ztools:5450ed24dca591ec67c2a7465df5b203e7e92479-arm64
Add onboot containers:
  Create OCI config for lfedge/eve-storage-init:31ed12195e31e7f4b118cbcc2cecfce815e5c4ed-arm64
  Create OCI config for linuxkit/sysctl:v0.5-arm64
time="2020-06-05T22:56:47+02:00" level=warning msg="targets/ian metadata is nearing expiry, you should re-sign the role metadata"
time="2020-06-05T22:56:47+02:00" level=warning msg="targets metadata is nearing expiry, you should re-sign the role metadata"
  Create OCI config for lfedge/eve-rngd:6e16dad8553a6c2939854abfa9f34a5f2604bce7-arm64
  Create OCI config for linuxkit/modprobe:v0.5-arm64
time="2020-06-05T22:57:08+02:00" level=warning msg="targets/ian metadata is nearing expiry, you should re-sign the role metadata"
time="2020-06-05T22:57:08+02:00" level=warning msg="targets metadata is nearing expiry, you should re-sign the role metadata"
Add service containers:
  Create OCI config for lfedge/eve-rsyslog:49556e27198614b57d70e76f8bfcca3068056cfc-arm64
  Create OCI config for linuxkit/openntpd:v0.5-arm64
time="2020-06-05T22:57:29+02:00" level=error msg="Metadata for targets/riyaz expired"
time="2020-06-05T22:57:29+02:00" level=error msg="Metadata for targets/riyaz expired"
time="2020-06-05T22:57:29+02:00" level=warning msg="Error getting targets/riyaz: targets/riyaz expired at Mon May 25 15:06:33 -0700 2020"
time="2020-06-05T22:57:29+02:00" level=warning msg="targets/ian metadata is nearing expiry, you should re-sign the role metadata"
time="2020-06-05T22:57:29+02:00" level=warning msg="targets metadata is nearing expiry, you should re-sign the role metadata"
time="2020-06-05T22:57:29+02:00" level=warning msg="targets/justin metadata is nearing expiry, you should re-sign the role metadata"
  Create OCI config for linuxkit/sshd:v0.5-arm64
time="2020-06-05T22:57:46+02:00" level=error msg="Metadata for targets/justin expired"
time="2020-06-05T22:57:46+02:00" level=error msg="Metadata for targets/justin expired"
time="2020-06-05T22:57:46+02:00" level=warning msg="Error getting targets/justin: targets/justin expired at Fri May 29 15:28:54 +0100 2020"
time="2020-06-05T22:57:46+02:00" level=warning msg="targets metadata is nearing expiry, you should re-sign the role metadata"
time="2020-06-05T22:57:46+02:00" level=warning msg="targets/riyaz metadata is nearing expiry, you should re-sign the role metadata"
  Create OCI config for lfedge/eve-wwan:31a3911c7aa7e5c44e19406d6277173b494c6f35-arm64
  Create OCI config for lfedge/eve-wlan:ac31bb78810451ef1333b3970f29bebc0a6c9c44-arm64
  Create OCI config for lfedge/eve-lisp:6fe9cf905fb0fc657f646a82b42aa95e4f68f5e5-arm64
  Create OCI config for lfedge/eve-guacd:f1f08a0fcadd35320f5d03fe0f0a1a318e8449be-arm64
  Create OCI config for lfedge/eve-pillar:adb2e3a4e119a2758ff46720d5ece87c8fd9a64e-arm64
  Create OCI config for lfedge/eve-vtpm:11365a20a21fa000e9d48614e9303c8f0e81477f-arm64
  Create OCI config for lfedge/eve-watchdog:288a4129631e73aad6a9e5c01f229205f5dbc9be-arm64
  Create OCI config for lfedge/eve-xen-tools:955c1a053b125fc78467091618d8d1e6cfa80c08-arm64
Add files:
  /etc/eve-release
Parallel mksquashfs: Using 4 processors
Creating 4.0 filesystem on /rootfs.img, block size 131072.
[==/                                                         ]   800/21361   3%[======================\                                     ]  8000/21361  37%[==============================\                             ] 11100/21361  51%[=======================================\                    ] 14300/21361  66%[===============================================/            ] 17300/21361  80%[================================================|           ] 17700/21361  82%[=================================================-          ] 17900/21361  83%[=================================================\          ] 18100/21361  84%[===========================================================|] 21361/21361 100%

Exportable Squashfs 4.0 filesystem, gzip compressed, data block size 131072
	compressed data, compressed metadata, compressed fragments, compressed xattrs
	duplicates are removed
Filesystem size 248198.25 Kbytes (242.38 Mbytes)
	33.31% of uncompressed filesystem size (745220.48 Kbytes)
Inode table size 241220 bytes (235.57 Kbytes)
	25.09% of uncompressed inode table size (961493 bytes)
Directory table size 260755 bytes (254.64 Kbytes)
	45.59% of uncompressed directory table size (571900 bytes)
Number of duplicate files found 8682
Number of inodes 24620
Number of files 16683
Number of fragments 676
Number of symbolic links  5903
Number of device nodes 4
Number of fifo nodes 0
Number of socket nodes 0
Number of directories 2030
Number of ids (unique uids + gids) 4
Number of uids 2
	root (0)
	unknown (1000)
Number of gids 4
	root (0)
	shadow (42)
	tty (5)
	unknown (1000)
cp pkg/eve/* Makefile images/*.yml /home/zededa-ci/src/eve/dist/arm64
/home/zededa-ci/src/eve/build-tools/bin/linuxkit pkg push --hash-path /home/zededa-ci/src/eve --disable-content-trust   --release snapshot --force --disable-cache /home/zededa-ci/src/eve/dist/arm64
Building and pushing "lfedge/eve:98f2919ea503e8ba34475aab4e899156cca0112f"
Sending build context to Docker daemon  1.778GB
Error response from daemon: Error processing tar file(exit status 1): write /live.qcow2: no space left on device
exit status 1
Makefile:331: recipe for target 'eve' failed
make: *** [eve] Error 1
rm images/rootfs-kvm.yml images/rootfs-xen.yml images/rootfs-xen.yml.in images/rootfs-kvm.yml.in
FINISHED
