From https://github.com/lf-edge/eve
 * [new tag]           4.10.0     -> 4.10.0
 * [new tag]           5.0.0      -> 5.0.0
 * [new tag]           5.0.1      -> 5.0.1
 * [new tag]           5.1.0      -> 5.1.0
 * [new tag]           5.1.1      -> 5.1.1
 * [new tag]           5.1.10     -> 5.1.10
 * [new tag]           5.1.11     -> 5.1.11
 * [new tag]           5.2.0      -> 5.2.0
 * [new tag]           5.2.1      -> 5.2.1
 * [new tag]           5.2.2      -> 5.2.2
 * [new tag]           5.2.3      -> 5.2.3
 * [new tag]           5.2.4      -> 5.2.4
 * [new tag]           5.3.0      -> 5.3.0
 * [new tag]           5.4.0      -> 5.4.0
 * [new tag]           5.4.1      -> 5.4.1
 * [new tag]           5.5.0      -> 5.5.0
Building the following tags:  origin/master (latest tag is 5.5.0)
Skipping repository .go/pkg/dep/sources/https---github.com-linuxkit-linuxkit
Skipping repository .go/pkg/dep/sources/https---github.com-moby-hyperkit
Skipping repository .go/pkg/dep/sources/https---github.com-gorilla-context
Skipping repository .go/pkg/dep/sources/https---github.com-theupdateframework-notary
Skipping repository .go/pkg/dep/sources/https---github.com-mitchellh-go--ps
Skipping repository .go/pkg/dep/sources/https---github.com-golang-appengine
Skipping repository .go/pkg/dep/sources/https---github.com-xeipuuv-gojsonschema
Skipping repository .go/pkg/dep/sources/https---go.googlesource.com-net
Skipping repository .go/pkg/dep/sources/https---github.com-xeipuuv-gojsonpointer
Skipping repository .go/pkg/dep/sources/https---github.com-Azure-azure--sdk--for--go
Skipping repository .go/pkg/dep/sources/https---github.com-moby-tool
Skipping repository .go/pkg/dep/sources/https---github.com-Azure-go--ansiterm
Skipping repository .go/pkg/dep/sources/https---github.com-moby-vpnkit
Skipping repository .go/pkg/dep/sources/https---github.com-moul-anonuuid
Skipping repository .go/pkg/dep/sources/https---github.com-Azure-go--autorest
Skipping repository .go/pkg/dep/sources/https---github.com-moul-gotty--client
Skipping repository .go/pkg/dep/sources/https---github.com-Microsoft-go--winio
Skipping repository .go/pkg/dep/sources/https---github.com-agl-ed25519
Skipping repository .go/pkg/dep/sources/https---github.com-aws-aws--sdk--go
Skipping repository .go/pkg/dep/sources/https---github.com-containerd-containerd
Skipping repository .go/pkg/dep/sources/https---github.com-opencontainers-go--digest
Skipping repository .go/pkg/dep/sources/https---github.com-opencontainers-image--spec
Skipping repository .go/pkg/dep/sources/https---github.com-opencontainers-runtime--spec
Skipping repository .go/pkg/dep/sources/https---github.com-packethost-packngo
Skipping repository .go/pkg/dep/sources/https---github.com-pkg-errors
Skipping repository .go/pkg/dep/sources/https---github.com-radu--matei-azure--sdk--for--go
Skipping repository .go/pkg/dep/sources/https---github.com-radu--matei-azure--vhd--utils
Skipping repository .go/pkg/dep/sources/https---github.com-renstrom-fuzzysearch
Skipping repository .go/pkg/dep/sources/https---github.com-rn-iso9660wrap
Skipping repository .go/pkg/dep/sources/https---github.com-creack-goselect
Skipping repository .go/pkg/dep/sources/https---github.com-dgrijalva-jwt--go
Skipping repository .go/pkg/dep/sources/https---github.com-docker-distribution
Skipping repository .go/pkg/dep/sources/https---github.com-docker-docker
Skipping repository .go/pkg/dep/sources/https---github.com-docker-go
Skipping repository .go/pkg/dep/sources/https---github.com-docker-go--connections
Skipping repository .go/pkg/dep/sources/https---github.com-docker-go--units
Skipping repository .go/pkg/dep/sources/https---github.com-jmespath-go--jmespath
Skipping repository .go/pkg/dep/sources/https---github.com-scaleway-go--scaleway
Skipping repository .go/pkg/dep/sources/https---github.com-go--ini-ini
Skipping repository .go/pkg/dep/sources/https---github.com-gorilla-mux
Skipping repository .go/pkg/dep/sources/https---github.com-gogo-protobuf
Skipping repository .go/pkg/dep/sources/https---github.com-gorilla-websocket
Skipping repository .go/pkg/dep/sources/https---github.com-vmware-govmomi
Skipping repository .go/pkg/dep/sources/https---github.com-sirupsen-logrus
Skipping repository .go/pkg/dep/sources/https---gopkg.in-yaml.v2
Skipping repository .go/pkg/dep/sources/https---github.com-golang-protobuf
Skipping repository .go/pkg/dep/sources/https---github.com-docker-go--p9p
Skipping repository .go/pkg/dep/sources/https---github.com-google-uuid
Skipping repository .go/pkg/dep/sources/https---github.com-gophercloud-gophercloud
Skipping repository .go/pkg/dep/sources/https---github.com-xeipuuv-gojsonreference
Skipping repository .go/pkg/dep/sources/https---github.com-moby-datakit
Skipping repository .go/pkg/dep/sources/https---github.com-surma-gocpio
Skipping repository .go/pkg/dep/sources/https---github.com-miekg-pkcs11
Skipping repository .go/pkg/dep/sources/https---go.googlesource.com-sync
Skipping repository .go/pkg/dep/sources/https---go.googlesource.com-oauth2
Skipping repository .go/pkg/dep/sources/https---code.googlesource.com-gocloud
Skipping repository .go/pkg/dep/sources/https---go.googlesource.com-sys
Skipping repository .go/pkg/dep/sources/https---go.googlesource.com-crypto
Skipping repository .go/pkg/dep/sources/https---code.googlesource.com-google--api--go--client
Skipping repository .go/pkg/dep/sources/https---github.com-census--instrumentation-opencensus--go
Skipping repository .go/pkg/dep/sources/https---github.com-googleapis-gax--go
Skipping repository .go/pkg/dep/sources/https---github.com-grpc-grpc--go
Skipping repository .go/pkg/dep/sources/https---github.com-konsorten-go--windows--terminal--sequences
Skipping repository .go/pkg/dep/sources/https---github.com-golang-groupcache
Skipping repository .go/pkg/dep/sources/https---github.com-google-go--genproto
Skipping repository .go/pkg/dep/sources/https---go.googlesource.com-text
Removing .go/src
Removing .go/bin
Removing build-tools/bin/linuxkit
Removing build-tools/bin/manifest-tool
Removing dist/
HEAD is now at 56e3228a Fix bug in PCIRelease() implementation in KVM hypervisor
Creating go builder image for user zededa-ci
eve-build-zededa-ci docker container is ready to use
Done building /home/zededa-ci/src/eve/build-tools/bin/linuxkit
Building and pushing "lfedge/eve-acrn:4671ddb5582e8c788d6953ce113ca1f53af81fe8"
4671ddb5582e8c788d6953ce113ca1f53af81fe8: Pulling from lfedge/eve-acrn
Digest: sha256:7d8badd1ec2a820dd5c442f6e9ee0a369d786609f4c029e300efb9065a88e944
Status: Image is up to date for lfedge/eve-acrn:4671ddb5582e8c788d6953ce113ca1f53af81fe8
Building and pushing "lfedge/eve-acrn-kernel:1dcbb693d67ce409e081bf5fdaa3b3c6cd1cf7c9"
1dcbb693d67ce409e081bf5fdaa3b3c6cd1cf7c9: Pulling from lfedge/eve-acrn-kernel
Digest: sha256:4e919dabba56fe57cea76b45a0e81a6c0b964b5f4d622e8f38f9e989d78cd6a2
Status: Image is up to date for lfedge/eve-acrn-kernel:1dcbb693d67ce409e081bf5fdaa3b3c6cd1cf7c9
Building and pushing "lfedge/eve-alpine:ac1dc159510afa61334222cedf085c7730e4583c"
ac1dc159510afa61334222cedf085c7730e4583c: Pulling from lfedge/eve-alpine
Digest: sha256:11acfecd7d2baf8c6b9b369db7c57f805db63901eaba796f59d755daa0212ed6
Status: Image is up to date for lfedge/eve-alpine:ac1dc159510afa61334222cedf085c7730e4583c
Building and pushing "lfedge/eve-debug:2ff5b19ea565a13fa93a634abdef20e04276b73b"
2ff5b19ea565a13fa93a634abdef20e04276b73b: Pulling from lfedge/eve-debug
Digest: sha256:5635f14ff52bd253d475322d9082e33364662ab71b14717dd67a9bf7e3eb84ea
Status: Image is up to date for lfedge/eve-debug:2ff5b19ea565a13fa93a634abdef20e04276b73b
Building and pushing "lfedge/eve-dnsmasq:daf64b1cfa970979aa461faf7024beea9b5d6ded"
daf64b1cfa970979aa461faf7024beea9b5d6ded: Pulling from lfedge/eve-dnsmasq
Digest: sha256:154f733a60bc10438f9e6125442bb0f4424995d099b830385371c3430e1813f7
Status: Image is up to date for lfedge/eve-dnsmasq:daf64b1cfa970979aa461faf7024beea9b5d6ded
Building and pushing "lfedge/eve-dom0-ztools:5450ed24dca591ec67c2a7465df5b203e7e92479"
5450ed24dca591ec67c2a7465df5b203e7e92479: Pulling from lfedge/eve-dom0-ztools
Digest: sha256:948f14182f26680b7428d2cea334a30c57f595faf640c78078a6fb75e2d451ee
Status: Image is up to date for lfedge/eve-dom0-ztools:5450ed24dca591ec67c2a7465df5b203e7e92479
Building and pushing "lfedge/eve-fw:60af30b13b43cdc50b6cbb6e30a5e4d1feb154e0"
60af30b13b43cdc50b6cbb6e30a5e4d1feb154e0: Pulling from lfedge/eve-fw
Digest: sha256:66ab18a572b7e443201cfc837ac02d97b4006ade3c8e2791ccee30576556327e
Status: Image is up to date for lfedge/eve-fw:60af30b13b43cdc50b6cbb6e30a5e4d1feb154e0
Building and pushing "lfedge/eve-gpt-tools:e378abea66b77fb7e9587b798a8caf5c78f440c1"
e378abea66b77fb7e9587b798a8caf5c78f440c1: Pulling from lfedge/eve-gpt-tools
Digest: sha256:5ab0097ee02c29d030203bd8abd8bcff401b987d5d009db75c8ac051e147210b
Status: Image is up to date for lfedge/eve-gpt-tools:e378abea66b77fb7e9587b798a8caf5c78f440c1
Building and pushing "lfedge/eve-grub:aa6b2e431670cf3859b1a3d683b9e0e238e30655"
aa6b2e431670cf3859b1a3d683b9e0e238e30655: Pulling from lfedge/eve-grub
Digest: sha256:7c1df25cdc9e40faa207f38b6fbeb34014badea188cc928b185d1c614c60bacb
Status: Image is up to date for lfedge/eve-grub:aa6b2e431670cf3859b1a3d683b9e0e238e30655
Building and pushing "lfedge/eve-guacd:f1f08a0fcadd35320f5d03fe0f0a1a318e8449be"
f1f08a0fcadd35320f5d03fe0f0a1a318e8449be: Pulling from lfedge/eve-guacd
Digest: sha256:c63eaa48b06670e26a257eff3264a87bf0117effb2bb63ba5609b89ec4dcdc1c
Status: Image is up to date for lfedge/eve-guacd:f1f08a0fcadd35320f5d03fe0f0a1a318e8449be
Building and pushing "lfedge/eve-kernel:70e2491f33de2fb09b61287b8a5b4570249750fe"
70e2491f33de2fb09b61287b8a5b4570249750fe: Pulling from lfedge/eve-kernel
Digest: sha256:ce7f94289e9654769a097d6339ef2fe063b64789570cbf7fd4544785d18d0026
Status: Image is up to date for lfedge/eve-kernel:70e2491f33de2fb09b61287b8a5b4570249750fe
Building and pushing "lfedge/eve-lisp:6fe9cf905fb0fc657f646a82b42aa95e4f68f5e5"
6fe9cf905fb0fc657f646a82b42aa95e4f68f5e5: Pulling from lfedge/eve-lisp
Digest: sha256:ffd1e627f758962b57ccab772aa0bfb1e60704574a4b7795008da1fce6315dd0
Status: Image is up to date for lfedge/eve-lisp:6fe9cf905fb0fc657f646a82b42aa95e4f68f5e5
Building and pushing "lfedge/eve-mkconf:b9a89148618d45bd26a93a68701f5d0588e501a9"
b9a89148618d45bd26a93a68701f5d0588e501a9: Pulling from lfedge/eve-mkconf
Digest: sha256:62bd4b02798c2ee42a4bb295dcb67c8a25dfe731466327ac11b163a4928d716d
Status: Image is up to date for lfedge/eve-mkconf:b9a89148618d45bd26a93a68701f5d0588e501a9
Building and pushing "lfedge/eve-mkimage-iso-efi:e0cc637b8d693c6718d31dc1cbab1f7557823c0b"
e0cc637b8d693c6718d31dc1cbab1f7557823c0b: Pulling from lfedge/eve-mkimage-iso-efi
Digest: sha256:c36b9380912751ad210224f1b46b633b6c21371261f03d29dfdbc007b91c4673
Status: Image is up to date for lfedge/eve-mkimage-iso-efi:e0cc637b8d693c6718d31dc1cbab1f7557823c0b
Building and pushing "lfedge/eve-mkimage-raw-efi:5b9c8a3bc15353352a7462b508c9f379e9fcea32"
5b9c8a3bc15353352a7462b508c9f379e9fcea32: Pulling from lfedge/eve-mkimage-raw-efi
Digest: sha256:b950b096c66ef17283e886ed9d7653883968310d610501e00f8fdc3cf78c72d0
Status: Image is up to date for lfedge/eve-mkimage-raw-efi:5b9c8a3bc15353352a7462b508c9f379e9fcea32
Building and pushing "lfedge/eve-mkrootfs-ext4:17ec5bda58c7f6d3717b88d3da55df4516cdb6f3"
17ec5bda58c7f6d3717b88d3da55df4516cdb6f3: Pulling from lfedge/eve-mkrootfs-ext4
Digest: sha256:b867059462b3864d19c8f185331bc5ea7c351a90f69b4f7b97d925ec294d03eb
Status: Image is up to date for lfedge/eve-mkrootfs-ext4:17ec5bda58c7f6d3717b88d3da55df4516cdb6f3
Building and pushing "lfedge/eve-mkrootfs-squash:70b1faff4c3b512c91a1b7157fbddabbd41992f0"
70b1faff4c3b512c91a1b7157fbddabbd41992f0: Pulling from lfedge/eve-mkrootfs-squash
Digest: sha256:bd251f51068e34d09a6b0aad4162484fe8dc09a2a3ca14b57134e49a4838e9b8
Status: Image is up to date for lfedge/eve-mkrootfs-squash:70b1faff4c3b512c91a1b7157fbddabbd41992f0
Building and pushing "lfedge/eve-new-kernel:4b153538089b315f3a37125fa686b34ec17836a6"
4b153538089b315f3a37125fa686b34ec17836a6: Pulling from lfedge/eve-new-kernel
Digest: sha256:a1cf2e704e4f0923bf5f3fe17abe952740e637d59c3fa630b11469d7f5f21324
Status: Image is up to date for lfedge/eve-new-kernel:4b153538089b315f3a37125fa686b34ec17836a6
Building and pushing "lfedge/eve-strongswan:6dda5ee56b295a0115e7c09a0ca23aa925426252"
6dda5ee56b295a0115e7c09a0ca23aa925426252: Pulling from lfedge/eve-strongswan
Digest: sha256:981b13f775e13852c196038eee1fb7163340e9281a5b8a017bf75e1ad10ba8c3
Status: Image is up to date for lfedge/eve-strongswan:6dda5ee56b295a0115e7c09a0ca23aa925426252
Building and pushing "lfedge/eve-pillar:376421ad3bfa9c01e9294828f8fc6ee9baf06a0d"
376421ad3bfa9c01e9294828f8fc6ee9baf06a0d: Pulling from lfedge/eve-pillar
Digest: sha256:1f697df2d736ed2716f938f085fa1d36e59079c58a81495edd481d2cad15ab21
Status: Downloaded newer image for lfedge/eve-pillar:376421ad3bfa9c01e9294828f8fc6ee9baf06a0d
Building and pushing "lfedge/eve-uefi:5c00deeac0b200565fee599905f5346ffaafc10b"
5c00deeac0b200565fee599905f5346ffaafc10b: Pulling from lfedge/eve-uefi
Digest: sha256:ab6885d4cf29e33b9097cd2d51844591c46204c49f053297d2653fa6be2ec576
Status: Image is up to date for lfedge/eve-uefi:5c00deeac0b200565fee599905f5346ffaafc10b
Building and pushing "lfedge/eve-xen-tools:955c1a053b125fc78467091618d8d1e6cfa80c08"
955c1a053b125fc78467091618d8d1e6cfa80c08: Pulling from lfedge/eve-xen-tools
Digest: sha256:aa0ebe1c87164aa1620092960210305c4071fb03c838bf0740709703d3ec780f
Status: Image is up to date for lfedge/eve-xen-tools:955c1a053b125fc78467091618d8d1e6cfa80c08
Building and pushing "lfedge/eve-qrexec-lib:b0fb86eb752be7884d4d83c1dbbb025e75c5c466"
b0fb86eb752be7884d4d83c1dbbb025e75c5c466: Pulling from lfedge/eve-qrexec-lib
Digest: sha256:abd39f4a76686a94b422d935bc9a3f194250bc5bdfe1ca0a2d129490060011d4
Status: Image is up to date for lfedge/eve-qrexec-lib:b0fb86eb752be7884d4d83c1dbbb025e75c5c466
Building and pushing "lfedge/eve-qrexec-dom0:29024a9e04a96b4baede4f474dcf85c1cef98607"
29024a9e04a96b4baede4f474dcf85c1cef98607: Pulling from lfedge/eve-qrexec-dom0
Digest: sha256:c9c1e1021d32a2ceae4c0c3ac06fea559a447165f9a1400456d8fd05d7cfd2d6
Status: Image is up to date for lfedge/eve-qrexec-dom0:29024a9e04a96b4baede4f474dcf85c1cef98607
Building and pushing "lfedge/eve-rngd:6e16dad8553a6c2939854abfa9f34a5f2604bce7"
6e16dad8553a6c2939854abfa9f34a5f2604bce7: Pulling from lfedge/eve-rngd
Digest: sha256:d18f87ec9e50c7a996e1a9c78589b5dba52e53d59c81998503e782d65875a6dc
Status: Image is up to date for lfedge/eve-rngd:6e16dad8553a6c2939854abfa9f34a5f2604bce7
Building and pushing "lfedge/eve-rsyslog:49556e27198614b57d70e76f8bfcca3068056cfc"
49556e27198614b57d70e76f8bfcca3068056cfc: Pulling from lfedge/eve-rsyslog
Digest: sha256:88ab77ddfd593bb7b59c2fd1cdc03ad4f133f7e1bb20aecfeb0102a7bfe59f95
Status: Image is up to date for lfedge/eve-rsyslog:49556e27198614b57d70e76f8bfcca3068056cfc
Building and pushing "lfedge/eve-storage-init:31ed12195e31e7f4b118cbcc2cecfce815e5c4ed"
31ed12195e31e7f4b118cbcc2cecfce815e5c4ed: Pulling from lfedge/eve-storage-init
Digest: sha256:9a9d0ee33bd1f163f68926cfca523480d7a4501147112709796e86f62829ae1e
Status: Image is up to date for lfedge/eve-storage-init:31ed12195e31e7f4b118cbcc2cecfce815e5c4ed
Building and pushing "lfedge/eve-u-boot:e9cd5b3c4f7e457b100430c8c1c60d1404faf8c6"
e9cd5b3c4f7e457b100430c8c1c60d1404faf8c6: Pulling from lfedge/eve-u-boot
Digest: sha256:46f68ed23394fbd3b4e2da34de6f7d3aa413a654b92147258c9756b7172aaf54
Status: Image is up to date for lfedge/eve-u-boot:e9cd5b3c4f7e457b100430c8c1c60d1404faf8c6
Building and pushing "lfedge/eve-vtpm:11365a20a21fa000e9d48614e9303c8f0e81477f"
11365a20a21fa000e9d48614e9303c8f0e81477f: Pulling from lfedge/eve-vtpm
Digest: sha256:04a0292c68d3e35c25320befcb19735faa248b4ecd7211d84eb03f6ce3659bef
Status: Image is up to date for lfedge/eve-vtpm:11365a20a21fa000e9d48614e9303c8f0e81477f
Building and pushing "lfedge/eve-watchdog:288a4129631e73aad6a9e5c01f229205f5dbc9be"
288a4129631e73aad6a9e5c01f229205f5dbc9be: Pulling from lfedge/eve-watchdog
Digest: sha256:bac09ff8ba45c195bde56ace1a04c084ee074eff30eef7e7cd6e5e6b69c8edf7
Status: Image is up to date for lfedge/eve-watchdog:288a4129631e73aad6a9e5c01f229205f5dbc9be
Building and pushing "lfedge/eve-wlan:ac31bb78810451ef1333b3970f29bebc0a6c9c44"
ac31bb78810451ef1333b3970f29bebc0a6c9c44: Pulling from lfedge/eve-wlan
Digest: sha256:c3d7e2a6b381a6bdd4c1a1d1e44b46bb348990777cc828cb575f79a515d35830
Status: Image is up to date for lfedge/eve-wlan:ac31bb78810451ef1333b3970f29bebc0a6c9c44
Building and pushing "lfedge/eve-wwan:31a3911c7aa7e5c44e19406d6277173b494c6f35"
31a3911c7aa7e5c44e19406d6277173b494c6f35: Pulling from lfedge/eve-wwan
Digest: sha256:e0dfd4fb011f186f726453825cac33899766425c382a747dcd46c5d83f6946f6
Status: Image is up to date for lfedge/eve-wwan:31a3911c7aa7e5c44e19406d6277173b494c6f35
Building and pushing "lfedge/eve-xen:92959f50dff5b1a5b6ab8fbc9014369f3e3a493c"
92959f50dff5b1a5b6ab8fbc9014369f3e3a493c: Pulling from lfedge/eve-xen
Digest: sha256:2fa872b1b6c982821db90f74ca4772a3c1ad293205558bfef9a229be0f783bdc
Status: Image is up to date for lfedge/eve-xen:92959f50dff5b1a5b6ab8fbc9014369f3e3a493c
Done building packages
rm pkg/qrexec-dom0/Dockerfile pkg/xen-tools/Dockerfile pkg/qrexec-lib/Dockerfile pkg/pillar/Dockerfile
Creating go builder image for user zededa-ci
eve-build-zededa-ci docker container is ready to use
mkdir -p /home/zededa-ci/src/eve/dist/arm64
cd /home/zededa-ci/src/eve/dist/arm64 ; _() { C=`docker create $1 fake` ; shift ; docker export $C | tar -xf - "$@" ; docker rm $C ; } ; _ lfedge/eve-uefi:5c00deeac0b200565fee599905f5346ffaafc10b-arm64 OVMF.fd
cbdfce7333179a4624479a43b2dc9ace4cf8076ee972f2657413871f77e8dbff
cd /home/zededa-ci/src/eve/dist/arm64 ; _() { C=`docker create $1 fake` ; shift ; docker export $C | tar -xf - "$@" ; docker rm $C ; } ; _ lfedge/eve-uefi:5c00deeac0b200565fee599905f5346ffaafc10b-arm64 OVMF_CODE.fd
tar: OVMF_CODE.fd: Not found in archive
tar: Exiting with failure status due to previous errors
a5f90e81dc1ac4f92a2f2cbc465079d1d662e8750dbe57eeac41e7df3c9dda4d
cd /home/zededa-ci/src/eve/dist/arm64 ; _() { C=`docker create $1 fake` ; shift ; docker export $C | tar -xf - "$@" ; docker rm $C ; } ; _ lfedge/eve-uefi:5c00deeac0b200565fee599905f5346ffaafc10b-arm64 OVMF_VARS.fd
0ebd7ba4ee7cf0a5e6d443230cfbecb7dbd0a11b5ae9428d74003c457b96bb34
mkdir -p /home/zededa-ci/src/eve/dist/arm64/installer
cd /home/zededa-ci/src/eve/dist/arm64/installer ; _() { C=`docker create $1 fake` ; shift ; docker export $C | tar -xf - "$@" ; docker rm $C ; } ; _ lfedge/eve-grub:aa6b2e431670cf3859b1a3d683b9e0e238e30655-arm64 EFI
598e1225b623d82e86977159526af975e612791e7c66b947a5cd03f62d22bc31
./tools/makeconfig.sh /home/zededa-ci/src/eve/dist/arm64/installer/config.img conf/authorized_keys conf/DevicePortConfig conf/grub.cfg conf/onboard.cert.pem conf/onboard.key.pem conf/root-certificate.pem conf/server conf/v2tlsbaseroot-certificates.pem
1024+0 records in
1024+0 records out
mkfs.fat 4.1 (2017-01-24)
/config.img has 64 heads and 32 sectors per track,
hidden sectors 0x0000;
logical sector size is 512,
using 0xf8 media descriptor, with 2048 sectors;
drive number 0x80;
filesystem has 2 12-bit FATs and 4 sectors per cluster.
FAT size is 2 sectors, and provides 502 clusters.
There is 1 reserved sector.
Root directory contains 512 slots and uses 32 sectors.
Volume ID is 198a1800, volume label EVE        .
cd /home/zededa-ci/src/eve/dist/arm64/installer ; _() { C=`docker create $1 fake` ; shift ; docker export $C | tar -xf - "$@" ; docker rm $C ; } ; _ lfedge/eve-mkimage-raw-efi:5b9c8a3bc15353352a7462b508c9f379e9fcea32-arm64 initrd.img EFI
ab919120ae506f5716f193512f24c4d856072fb634ef6419978c11f65e8eb6e7
Done building /home/zededa-ci/src/eve/build-tools/bin/linuxkit
patching file images/rootfs-rpi.yml.in.sed (read from images/rootfs.yml.in)
./tools/makerootfs.sh images/rootfs-rpi.yml /home/zededa-ci/src/eve/dist/arm64/installer/rootfs-0.0.0-master-56e3228a-2020-06-12.22.28-rpi-arm64.squash squash
Extract kernel image: lfedge/eve-new-kernel:4b153538089b315f3a37125fa686b34ec17836a6-arm64
Add init containers:
Process init image: linuxkit/init:v0.5-arm64
time="2020-06-13T00:28:57+02:00" level=warning msg="targets metadata is nearing expiry, you should re-sign the role metadata"
Process init image: linuxkit/runc:f79954950022fea76b8b6f10de58cb48e4fb3878-arm64
time="2020-06-13T00:29:14+02:00" level=error msg="Metadata for targets/riyaz expired"
time="2020-06-13T00:29:14+02:00" level=error msg="Metadata for targets/riyaz expired"
time="2020-06-13T00:29:14+02:00" level=warning msg="Error getting targets/riyaz: targets/riyaz expired at Mon May 25 15:32:34 -0700 2020"
time="2020-06-13T00:29:14+02:00" level=warning msg="targets/justin metadata is nearing expiry, you should re-sign the role metadata"
time="2020-06-13T00:29:14+02:00" level=warning msg="targets metadata is nearing expiry, you should re-sign the role metadata"
Process init image: linuxkit/containerd:6ef473a228db6f6ee163f9b9a051102a1552a4ef-arm64
time="2020-06-13T00:29:32+02:00" level=error msg="Metadata for targets/riyaz expired"
time="2020-06-13T00:29:32+02:00" level=error msg="Metadata for targets/riyaz expired"
time="2020-06-13T00:29:32+02:00" level=warning msg="Error getting targets/riyaz: targets/riyaz expired at Sat Jun 6 08:35:43 -0700 2020"
time="2020-06-13T00:29:32+02:00" level=warning msg="targets metadata is nearing expiry, you should re-sign the role metadata"
time="2020-06-13T00:29:32+02:00" level=warning msg="targets/justin metadata is nearing expiry, you should re-sign the role metadata"
Process init image: linuxkit/getty:v0.5-arm64
time="2020-06-13T00:29:50+02:00" level=warning msg="targets/justin metadata is nearing expiry, you should re-sign the role metadata"
time="2020-06-13T00:29:50+02:00" level=warning msg="targets/riyaz metadata is nearing expiry, you should re-sign the role metadata"
time="2020-06-13T00:29:50+02:00" level=warning msg="targets metadata is nearing expiry, you should re-sign the role metadata"
Process init image: linuxkit/memlogd:v0.5-arm64
Process init image: lfedge/eve-grub:aa6b2e431670cf3859b1a3d683b9e0e238e30655-arm64
Process init image: lfedge/eve-fw:60af30b13b43cdc50b6cbb6e30a5e4d1feb154e0-arm64
Process init image: lfedge/eve-xen:92959f50dff5b1a5b6ab8fbc9014369f3e3a493c-arm64
Process init image: lfedge/eve-gpt-tools:e378abea66b77fb7e9587b798a8caf5c78f440c1-arm64
Process init image: lfedge/eve-dom0-ztools:5450ed24dca591ec67c2a7465df5b203e7e92479-arm64
Add onboot containers:
  Create OCI config for lfedge/eve-storage-init:31ed12195e31e7f4b118cbcc2cecfce815e5c4ed-arm64
  Create OCI config for linuxkit/sysctl:v0.5-arm64
time="2020-06-13T00:30:34+02:00" level=warning msg="targets metadata is nearing expiry, you should re-sign the role metadata"
time="2020-06-13T00:30:34+02:00" level=warning msg="targets/ian metadata is nearing expiry, you should re-sign the role metadata"
  Create OCI config for lfedge/eve-rngd:6e16dad8553a6c2939854abfa9f34a5f2604bce7-arm64
  Create OCI config for linuxkit/modprobe:v0.5-arm64
time="2020-06-13T00:30:50+02:00" level=warning msg="targets metadata is nearing expiry, you should re-sign the role metadata"
time="2020-06-13T00:30:50+02:00" level=warning msg="targets/ian metadata is nearing expiry, you should re-sign the role metadata"
Add service containers:
  Create OCI config for lfedge/eve-rsyslog:49556e27198614b57d70e76f8bfcca3068056cfc-arm64
  Create OCI config for linuxkit/openntpd:v0.5-arm64
time="2020-06-13T00:31:08+02:00" level=error msg="Metadata for targets/riyaz expired"
time="2020-06-13T00:31:09+02:00" level=error msg="Metadata for targets/riyaz expired"
time="2020-06-13T00:31:09+02:00" level=warning msg="Error getting targets/riyaz: targets/riyaz expired at Mon May 25 15:06:33 -0700 2020"
time="2020-06-13T00:31:09+02:00" level=warning msg="targets metadata is nearing expiry, you should re-sign the role metadata"
time="2020-06-13T00:31:09+02:00" level=warning msg="targets/justin metadata is nearing expiry, you should re-sign the role metadata"
time="2020-06-13T00:31:09+02:00" level=warning msg="targets/ian metadata is nearing expiry, you should re-sign the role metadata"
  Create OCI config for linuxkit/sshd:v0.5-arm64
time="2020-06-13T00:31:24+02:00" level=error msg="Metadata for targets/justin expired"
time="2020-06-13T00:31:24+02:00" level=error msg="Metadata for targets/justin expired"
time="2020-06-13T00:31:24+02:00" level=warning msg="Error getting targets/justin: targets/justin expired at Fri May 29 15:28:54 +0100 2020"
time="2020-06-13T00:31:24+02:00" level=warning msg="targets metadata is nearing expiry, you should re-sign the role metadata"
time="2020-06-13T00:31:24+02:00" level=warning msg="targets/riyaz metadata is nearing expiry, you should re-sign the role metadata"
  Create OCI config for lfedge/eve-wwan:31a3911c7aa7e5c44e19406d6277173b494c6f35-arm64
  Create OCI config for lfedge/eve-wlan:ac31bb78810451ef1333b3970f29bebc0a6c9c44-arm64
  Create OCI config for lfedge/eve-lisp:6fe9cf905fb0fc657f646a82b42aa95e4f68f5e5-arm64
  Create OCI config for lfedge/eve-guacd:f1f08a0fcadd35320f5d03fe0f0a1a318e8449be-arm64
  Create OCI config for lfedge/eve-pillar:376421ad3bfa9c01e9294828f8fc6ee9baf06a0d-arm64
  Create OCI config for lfedge/eve-vtpm:11365a20a21fa000e9d48614e9303c8f0e81477f-arm64
  Create OCI config for lfedge/eve-watchdog:288a4129631e73aad6a9e5c01f229205f5dbc9be-arm64
  Create OCI config for lfedge/eve-xen-tools:955c1a053b125fc78467091618d8d1e6cfa80c08-arm64
Add files:
  /etc/eve-release
Parallel mksquashfs: Using 4 processors
Creating 4.0 filesystem on /rootfs.img, block size 131072.
[======================\                                     ]  8500/21930  38%[=======================================|                    ] 14600/21930  66%[=================================================/          ] 18400/21930  83%[===========================================================/] 21930/21930 100%

Exportable Squashfs 4.0 filesystem, gzip compressed, data block size 131072
	compressed data, compressed metadata, compressed fragments, compressed xattrs
	duplicates are removed
Filesystem size 253452.87 Kbytes (247.51 Mbytes)
	33.00% of uncompressed filesystem size (768155.28 Kbytes)
Inode table size 245070 bytes (239.33 Kbytes)
	25.11% of uncompressed inode table size (976015 bytes)
Directory table size 265921 bytes (259.69 Kbytes)
	45.48% of uncompressed directory table size (584650 bytes)
Number of duplicate files found 8682
Number of inodes 25063
Number of files 17095
Number of fragments 749
Number of symbolic links  5903
Number of device nodes 4
Number of fifo nodes 0
Number of socket nodes 0
Number of directories 2061
Number of ids (unique uids + gids) 4
Number of uids 2
	root (0)
	unknown (1000)
Number of gids 4
	root (0)
	shadow (42)
	tty (5)
	unknown (1000)
cd /home/zededa-ci/src/eve/dist/arm64/installer ; _() { C=`docker create $1 fake` ; shift ; docker export $C | tar -xf - "$@" ; docker rm $C ; } ; _ lfedge/eve-u-boot:e9cd5b3c4f7e457b100430c8c1c60d1404faf8c6-arm64 boot
7a44a4da1500d87e2d3f5df414b8819493cfb9982d73c3ede76e81ae01ea64a1
cp pkg/eve/build.yml pkg/eve/runme.sh images/*.yml /home/zededa-ci/src/eve/dist/arm64
DOCKER_ARCH_TAG=arm64 ./tools/parse-pkgs.sh pkg/eve/Dockerfile.in > /home/zededa-ci/src/eve/dist/arm64/Dockerfile
/home/zededa-ci/src/eve/build-tools/bin/linuxkit pkg push --disable-content-trust --hash-path /home/zededa-ci/src/eve --hash 0.0.0-master-56e3228a-2020-06-12.22.28-rpi --release snapshot --force --disable-cache /home/zededa-ci/src/eve/dist/arm64
Building and pushing "lfedge/eve:0.0.0-master-56e3228a-2020-06-12.22.28-rpi"
Sending build context to Docker daemon  275.6MB
Step 1/17 : FROM alpine:3.9.4 as tools
 ---> ce544de9ee2c
Step 2/17 : RUN mkdir -p /out/etc/apk /out/boot && cp -r /etc/apk/* /out/etc/apk/
 ---> Running in fadf48a78b5d
 ---> 28ef3ce18a5a
Removing intermediate container fadf48a78b5d
Step 3/17 : RUN apk add --no-cache --initdb -p /out qemu-img=3.1.0-r3 tar=1.32-r0
 ---> Running in 6193bc0f75fd
fetch http://dl-cdn.alpinelinux.org/alpine/v3.9/main/aarch64/APKINDEX.tar.gz
fetch http://dl-cdn.alpinelinux.org/alpine/v3.9/community/aarch64/APKINDEX.tar.gz
(1/19) Installing libaio (0.3.111-r0)
(2/19) Installing musl (1.1.20-r5)
(3/19) Installing busybox (1.29.3-r10)
Executing busybox-1.29.3-r10.post-install
(4/19) Installing libffi (3.2.1-r6)
(5/19) Installing libintl (0.19.8.1-r4)
(6/19) Installing libuuid (2.33-r0)
(7/19) Installing libblkid (2.33-r0)
(8/19) Installing libmount (2.33-r0)
(9/19) Installing pcre (8.42-r1)
(10/19) Installing zlib (1.2.11-r1)
(11/19) Installing glib (2.58.1-r3)
(12/19) Installing gmp (6.1.2-r1)
(13/19) Installing nettle (3.4.1-r0)
(14/19) Installing p11-kit (0.23.14-r0)
(15/19) Installing libtasn1 (4.14-r0)
(16/19) Installing libunistring (0.9.10-r0)
(17/19) Installing gnutls (3.6.14-r0)
(18/19) Installing qemu-img (3.1.0-r3)
(19/19) Installing tar (1.32-r0)
Executing busybox-1.29.3-r10.trigger
Executing glib-2.58.1-r3.trigger
OK: 16 MiB in 19 packages
 ---> 1a5238350a91
Removing intermediate container 6193bc0f75fd
Step 4/17 : FROM lfedge/eve-mkimage-iso-efi:e0cc637b8d693c6718d31dc1cbab1f7557823c0b-arm64 as iso
 ---> 74679271e526
Step 5/17 : FROM lfedge/eve-mkimage-raw-efi:5b9c8a3bc15353352a7462b508c9f379e9fcea32-arm64 as raw
 ---> c3f4b6a57b32
Step 6/17 : RUN rm /initrd.img
 ---> Running in 57997d65a2e5
 ---> 5833ad2b8f18
Removing intermediate container 57997d65a2e5
Step 7/17 : FROM lfedge/eve-mkconf:b9a89148618d45bd26a93a68701f5d0588e501a9-arm64 as conf
 ---> ac9fa4d52a61
Step 8/17 : COPY --from=iso / /
 ---> 01514dfbcc4d
Step 9/17 : COPY --from=raw / /
 ---> 057e421a9c64
Step 10/17 : COPY --from=tools /out/ /
 ---> 87d0c85c7594
Step 11/17 : COPY installer /bits
 ---> e6ac2741a7e2
Step 12/17 : COPY OVMF* /firmware/
 ---> a211099eaea2
Step 13/17 : COPY runme.sh /
 ---> 9c68947f5487
Step 14/17 : RUN mkdir /in /out
 ---> Running in 87c6b81af2e2
 ---> 7a74ed7519ca
Removing intermediate container 87c6b81af2e2
Step 15/17 : WORKDIR /bits
 ---> a963ddc487e9
Removing intermediate container 98d386c05662
Step 16/17 : ENTRYPOINT /runme.sh
 ---> Running in b7a23dfa8e1e
 ---> b1230e584223
Removing intermediate container b7a23dfa8e1e
Step 17/17 : LABEL org.mobyproject.linuxkit.revision 'unknown' org.mobyproject.linuxkit.version 'unknown' org.opencontainers.image.revision '56e3228a70fa3fca6328876d2b5b70db6ea939c7' org.opencontainers.image.source 'https://github.com/linuxkit/linuxkit'
 ---> Running in 5684e3b5e9c5
 ---> c56b165bb3bf
Removing intermediate container 5684e3b5e9c5
Successfully built c56b165bb3bf
Successfully tagged lfedge/eve:0.0.0-master-56e3228a-2020-06-12.22.28-rpi-arm64
Pushing lfedge/eve:0.0.0-master-56e3228a-2020-06-12.22.28-rpi-arm64
The push refers to a repository [docker.io/lfedge/eve]
3891d5cd0d57: Preparing
08cc10db2759: Preparing
5ac4461f6723: Preparing
8729ae58b6fa: Preparing
788c69481a3c: Preparing
1c1d76e314ab: Preparing
9a50430de2c7: Preparing
41396e0b608d: Preparing
1c1d76e314ab: Waiting
9a50430de2c7: Waiting
41396e0b608d: Waiting
08cc10db2759: Pushed
5ac4461f6723: Pushed
3891d5cd0d57: Pushed
1c1d76e314ab: Layer already exists
9a50430de2c7: Layer already exists
41396e0b608d: Layer already exists
788c69481a3c: Pushed
8729ae58b6fa: Pushed
0.0.0-master-56e3228a-2020-06-12.22.28-rpi-arm64: digest: sha256:5ba2c19dc710b4623b2a46db0ad5b030d8884269a05d59342922199ecb93fa51 size: 1999
Pushing lfedge/eve:0.0.0-master-56e3228a-2020-06-12.22.28-rpi-arm64 to manifest lfedge/eve:0.0.0-master-56e3228a-2020-06-12.22.28-rpi
time="2020-06-13T00:36:27+02:00" level=warning msg="Couldn't find or access image reference \"lfedge/eve:0.0.0-master-56e3228a-2020-06-12.22.28-rpi-amd64\". Skipping image."
time="2020-06-13T00:36:30+02:00" level=warning msg="Couldn't find or access image reference \"lfedge/eve:0.0.0-master-56e3228a-2020-06-12.22.28-rpi-s390x\". Skipping image."
Digest: sha256:7f037c33f969c6704b7bd4445d67cb85aaa48a32d14bf171ba1b1729734962e7 434
Not signing lfedge/eve:0.0.0-master-56e3228a-2020-06-12.22.28-rpi
Tagging lfedge/eve:0.0.0-master-56e3228a-2020-06-12.22.28-rpi-arm64 as lfedge/eve:snapshot-arm64
Pushing lfedge/eve:snapshot-arm64
The push refers to a repository [docker.io/lfedge/eve]
3891d5cd0d57: Preparing
08cc10db2759: Preparing
5ac4461f6723: Preparing
8729ae58b6fa: Preparing
788c69481a3c: Preparing
1c1d76e314ab: Preparing
9a50430de2c7: Preparing
41396e0b608d: Preparing
41396e0b608d: Waiting
1c1d76e314ab: Waiting
9a50430de2c7: Waiting
788c69481a3c: Layer already exists
08cc10db2759: Layer already exists
8729ae58b6fa: Layer already exists
3891d5cd0d57: Layer already exists
5ac4461f6723: Layer already exists
41396e0b608d: Layer already exists
9a50430de2c7: Layer already exists
1c1d76e314ab: Layer already exists
snapshot-arm64: digest: sha256:5ba2c19dc710b4623b2a46db0ad5b030d8884269a05d59342922199ecb93fa51 size: 1999
Pushing lfedge/eve:snapshot-arm64 to manifest lfedge/eve:snapshot
time="2020-06-13T00:36:52+02:00" level=warning msg="Couldn't find or access image reference \"lfedge/eve:snapshot-s390x\". Skipping image."
Digest: sha256:6850a65e9a6d9b81b0a6f6bd3ab8eefb07503e12a8da2bd4a0519ca4ee4497c0 743
Not signing lfedge/eve:snapshot
Build, push and release of "snapshot" complete, all done.
rm images/rootfs-rpi.yml.in images/rootfs-rpi.yml
Creating go builder image for user zededa-ci
eve-build-zededa-ci docker container is ready to use
mkdir -p /home/zededa-ci/src/eve/dist/arm64
cd /home/zededa-ci/src/eve/dist/arm64 ; _() { C=`docker create $1 fake` ; shift ; docker export $C | tar -xf - "$@" ; docker rm $C ; } ; _ lfedge/eve-uefi:5c00deeac0b200565fee599905f5346ffaafc10b-arm64 OVMF.fd
6324f8959c4f00f20b88b1170aae97011f05e0b12a26055a4537ce857dcd9ed7
cd /home/zededa-ci/src/eve/dist/arm64 ; _() { C=`docker create $1 fake` ; shift ; docker export $C | tar -xf - "$@" ; docker rm $C ; } ; _ lfedge/eve-uefi:5c00deeac0b200565fee599905f5346ffaafc10b-arm64 OVMF_CODE.fd
tar: OVMF_CODE.fd: Not found in archive
tar: Exiting with failure status due to previous errors
9d6d22d30a6f6eb8da8348331e306e966a619bf658543d1b1d73f770b0adb703
cd /home/zededa-ci/src/eve/dist/arm64 ; _() { C=`docker create $1 fake` ; shift ; docker export $C | tar -xf - "$@" ; docker rm $C ; } ; _ lfedge/eve-uefi:5c00deeac0b200565fee599905f5346ffaafc10b-arm64 OVMF_VARS.fd
74f10e655b1a493a2a3e2ccf692f6180401672b9e3f45cca85c697669d835c50
mkdir -p /home/zededa-ci/src/eve/dist/arm64/installer
cd /home/zededa-ci/src/eve/dist/arm64/installer ; _() { C=`docker create $1 fake` ; shift ; docker export $C | tar -xf - "$@" ; docker rm $C ; } ; _ lfedge/eve-grub:aa6b2e431670cf3859b1a3d683b9e0e238e30655-arm64 EFI
364735e8574d417012f9440054eca3743b1e75b53b2bc063e45c77c6e37bc638
./tools/makeconfig.sh /home/zededa-ci/src/eve/dist/arm64/installer/config.img conf/authorized_keys conf/DevicePortConfig conf/grub.cfg conf/onboard.cert.pem conf/onboard.key.pem conf/root-certificate.pem conf/server conf/v2tlsbaseroot-certificates.pem
1024+0 records in
1024+0 records out
mkfs.fat 4.1 (2017-01-24)
/config.img has 64 heads and 32 sectors per track,
hidden sectors 0x0000;
logical sector size is 512,
using 0xf8 media descriptor, with 2048 sectors;
drive number 0x80;
filesystem has 2 12-bit FATs and 4 sectors per cluster.
FAT size is 2 sectors, and provides 502 clusters.
There is 1 reserved sector.
Root directory contains 512 slots and uses 32 sectors.
Volume ID is 38e4b9d1, volume label EVE        .
cd /home/zededa-ci/src/eve/dist/arm64/installer ; _() { C=`docker create $1 fake` ; shift ; docker export $C | tar -xf - "$@" ; docker rm $C ; } ; _ lfedge/eve-mkimage-raw-efi:5b9c8a3bc15353352a7462b508c9f379e9fcea32-arm64 initrd.img EFI
66d1a917c4fd940e8a7edba8d53f263a279a3d5c1d73fc6fffdfc0e00d775762
Done building /home/zededa-ci/src/eve/build-tools/bin/linuxkit
patching file images/rootfs-rpi-kvm.yml.in.sed (read from images/rootfs.yml.in)
./tools/makerootfs.sh images/rootfs-rpi-kvm.yml /home/zededa-ci/src/eve/dist/arm64/installer/rootfs-0.0.0-master-56e3228a-2020-06-12.22.36-rpi-kvm-arm64.squash squash
Extract kernel image: lfedge/eve-new-kernel:4b153538089b315f3a37125fa686b34ec17836a6-arm64
Add init containers:
Process init image: linuxkit/init:v0.5-arm64
time="2020-06-13T00:37:15+02:00" level=warning msg="targets metadata is nearing expiry, you should re-sign the role metadata"
Process init image: linuxkit/runc:f79954950022fea76b8b6f10de58cb48e4fb3878-arm64
time="2020-06-13T00:37:32+02:00" level=error msg="Metadata for targets/riyaz expired"
time="2020-06-13T00:37:32+02:00" level=error msg="Metadata for targets/riyaz expired"
time="2020-06-13T00:37:32+02:00" level=warning msg="Error getting targets/riyaz: targets/riyaz expired at Mon May 25 15:32:34 -0700 2020"
time="2020-06-13T00:37:32+02:00" level=warning msg="targets metadata is nearing expiry, you should re-sign the role metadata"
time="2020-06-13T00:37:32+02:00" level=warning msg="targets/justin metadata is nearing expiry, you should re-sign the role metadata"
Process init image: linuxkit/containerd:6ef473a228db6f6ee163f9b9a051102a1552a4ef-arm64
time="2020-06-13T00:37:48+02:00" level=error msg="Metadata for targets/riyaz expired"
time="2020-06-13T00:37:48+02:00" level=error msg="Metadata for targets/riyaz expired"
time="2020-06-13T00:37:48+02:00" level=warning msg="Error getting targets/riyaz: targets/riyaz expired at Sat Jun 6 08:35:43 -0700 2020"
time="2020-06-13T00:37:48+02:00" level=warning msg="targets/justin metadata is nearing expiry, you should re-sign the role metadata"
time="2020-06-13T00:37:48+02:00" level=warning msg="targets metadata is nearing expiry, you should re-sign the role metadata"
Process init image: linuxkit/getty:v0.5-arm64
time="2020-06-13T00:38:05+02:00" level=warning msg="targets/riyaz metadata is nearing expiry, you should re-sign the role metadata"
time="2020-06-13T00:38:05+02:00" level=warning msg="targets metadata is nearing expiry, you should re-sign the role metadata"
time="2020-06-13T00:38:05+02:00" level=warning msg="targets/justin metadata is nearing expiry, you should re-sign the role metadata"
Process init image: linuxkit/memlogd:v0.5-arm64
Process init image: lfedge/eve-grub:aa6b2e431670cf3859b1a3d683b9e0e238e30655-arm64
Process init image: lfedge/eve-fw:60af30b13b43cdc50b6cbb6e30a5e4d1feb154e0-arm64
Process init image: lfedge/eve-xen:92959f50dff5b1a5b6ab8fbc9014369f3e3a493c-arm64
Process init image: lfedge/eve-gpt-tools:e378abea66b77fb7e9587b798a8caf5c78f440c1-arm64
Process init image: lfedge/eve-dom0-ztools:5450ed24dca591ec67c2a7465df5b203e7e92479-arm64
Add onboot containers:
  Create OCI config for lfedge/eve-storage-init:31ed12195e31e7f4b118cbcc2cecfce815e5c4ed-arm64
  Create OCI config for linuxkit/sysctl:v0.5-arm64
time="2020-06-13T00:38:49+02:00" level=warning msg="targets metadata is nearing expiry, you should re-sign the role metadata"
time="2020-06-13T00:38:49+02:00" level=warning msg="targets/ian metadata is nearing expiry, you should re-sign the role metadata"
  Create OCI config for lfedge/eve-rngd:6e16dad8553a6c2939854abfa9f34a5f2604bce7-arm64
  Create OCI config for linuxkit/modprobe:v0.5-arm64
time="2020-06-13T00:39:05+02:00" level=warning msg="targets metadata is nearing expiry, you should re-sign the role metadata"
time="2020-06-13T00:39:05+02:00" level=warning msg="targets/ian metadata is nearing expiry, you should re-sign the role metadata"
Add service containers:
  Create OCI config for lfedge/eve-rsyslog:49556e27198614b57d70e76f8bfcca3068056cfc-arm64
  Create OCI config for linuxkit/openntpd:v0.5-arm64
time="2020-06-13T00:39:25+02:00" level=error msg="Metadata for targets/riyaz expired"
time="2020-06-13T00:39:25+02:00" level=error msg="Metadata for targets/riyaz expired"
time="2020-06-13T00:39:25+02:00" level=warning msg="Error getting targets/riyaz: targets/riyaz expired at Mon May 25 15:06:33 -0700 2020"
time="2020-06-13T00:39:25+02:00" level=warning msg="targets metadata is nearing expiry, you should re-sign the role metadata"
time="2020-06-13T00:39:25+02:00" level=warning msg="targets/justin metadata is nearing expiry, you should re-sign the role metadata"
time="2020-06-13T00:39:25+02:00" level=warning msg="targets/ian metadata is nearing expiry, you should re-sign the role metadata"
  Create OCI config for linuxkit/sshd:v0.5-arm64
time="2020-06-13T00:39:41+02:00" level=error msg="Metadata for targets/justin expired"
time="2020-06-13T00:39:41+02:00" level=error msg="Metadata for targets/justin expired"
time="2020-06-13T00:39:41+02:00" level=warning msg="Error getting targets/justin: targets/justin expired at Fri May 29 15:28:54 +0100 2020"
time="2020-06-13T00:39:41+02:00" level=warning msg="targets metadata is nearing expiry, you should re-sign the role metadata"
time="2020-06-13T00:39:41+02:00" level=warning msg="targets/riyaz metadata is nearing expiry, you should re-sign the role metadata"
  Create OCI config for lfedge/eve-wwan:31a3911c7aa7e5c44e19406d6277173b494c6f35-arm64
  Create OCI config for lfedge/eve-wlan:ac31bb78810451ef1333b3970f29bebc0a6c9c44-arm64
  Create OCI config for lfedge/eve-lisp:6fe9cf905fb0fc657f646a82b42aa95e4f68f5e5-arm64
  Create OCI config for lfedge/eve-guacd:f1f08a0fcadd35320f5d03fe0f0a1a318e8449be-arm64
  Create OCI config for lfedge/eve-pillar:376421ad3bfa9c01e9294828f8fc6ee9baf06a0d-arm64
  Create OCI config for lfedge/eve-vtpm:11365a20a21fa000e9d48614e9303c8f0e81477f-arm64
  Create OCI config for lfedge/eve-watchdog:288a4129631e73aad6a9e5c01f229205f5dbc9be-arm64
  Create OCI config for lfedge/eve-xen-tools:955c1a053b125fc78467091618d8d1e6cfa80c08-arm64
Add files:
  /etc/eve-release
Parallel mksquashfs: Using 4 processors
Creating 4.0 filesystem on /rootfs.img, block size 131072.
[=====================================-                      ] 14100/21930  64%[=============================================/              ] 17000/21930  77%[=================================================\          ] 18400/21930  83%[===================================================/        ] 19000/21930  86%[====================================================|       ] 19500/21930  88%[=====================================================-      ] 19700/21930  89%[===========================================================\] 21930/21930 100%

Exportable Squashfs 4.0 filesystem, gzip compressed, data block size 131072
	compressed data, compressed metadata, compressed fragments, compressed xattrs
	duplicates are removed
Filesystem size 253452.81 Kbytes (247.51 Mbytes)
	32.99% of uncompressed filesystem size (768155.29 Kbytes)
Inode table size 245067 bytes (239.32 Kbytes)
	25.11% of uncompressed inode table size (976015 bytes)
Directory table size 265863 bytes (259.63 Kbytes)
	45.47% of uncompressed directory table size (584650 bytes)
Number of duplicate files found 8682
Number of inodes 25063
Number of files 17095
Number of fragments 749
Number of symbolic links  5903
Number of device nodes 4
Number of fifo nodes 0
Number of socket nodes 0
Number of directories 2061
Number of ids (unique uids + gids) 4
Number of uids 2
	root (0)
	unknown (1000)
Number of gids 4
	root (0)
	shadow (42)
	tty (5)
	unknown (1000)
cd /home/zededa-ci/src/eve/dist/arm64/installer ; _() { C=`docker create $1 fake` ; shift ; docker export $C | tar -xf - "$@" ; docker rm $C ; } ; _ lfedge/eve-u-boot:e9cd5b3c4f7e457b100430c8c1c60d1404faf8c6-arm64 boot
60fe96bbc2d5248ad7a718ba6e1951be3d72d92f87ec5aa01b343164efdec860
cp pkg/eve/build.yml pkg/eve/runme.sh images/*.yml /home/zededa-ci/src/eve/dist/arm64
DOCKER_ARCH_TAG=arm64 ./tools/parse-pkgs.sh pkg/eve/Dockerfile.in > /home/zededa-ci/src/eve/dist/arm64/Dockerfile
/home/zededa-ci/src/eve/build-tools/bin/linuxkit pkg push --disable-content-trust --hash-path /home/zededa-ci/src/eve --hash 0.0.0-master-56e3228a-2020-06-12.22.36-rpi-kvm --release snapshot --force --disable-cache /home/zededa-ci/src/eve/dist/arm64
Building and pushing "lfedge/eve:0.0.0-master-56e3228a-2020-06-12.22.36-rpi-kvm"
Sending build context to Docker daemon  275.6MB
Step 1/17 : FROM alpine:3.9.4 as tools
 ---> ce544de9ee2c
Step 2/17 : RUN mkdir -p /out/etc/apk /out/boot && cp -r /etc/apk/* /out/etc/apk/
 ---> Running in b04490699216
 ---> c9a6c648068a
Removing intermediate container b04490699216
Step 3/17 : RUN apk add --no-cache --initdb -p /out qemu-img=3.1.0-r3 tar=1.32-r0
 ---> Running in 331f8ee8efce
fetch http://dl-cdn.alpinelinux.org/alpine/v3.9/main/aarch64/APKINDEX.tar.gz
fetch http://dl-cdn.alpinelinux.org/alpine/v3.9/community/aarch64/APKINDEX.tar.gz
(1/19) Installing libaio (0.3.111-r0)
(2/19) Installing musl (1.1.20-r5)
(3/19) Installing busybox (1.29.3-r10)
Executing busybox-1.29.3-r10.post-install
(4/19) Installing libffi (3.2.1-r6)
(5/19) Installing libintl (0.19.8.1-r4)
(6/19) Installing libuuid (2.33-r0)
(7/19) Installing libblkid (2.33-r0)
(8/19) Installing libmount (2.33-r0)
(9/19) Installing pcre (8.42-r1)
(10/19) Installing zlib (1.2.11-r1)
(11/19) Installing glib (2.58.1-r3)
(12/19) Installing gmp (6.1.2-r1)
(13/19) Installing nettle (3.4.1-r0)
(14/19) Installing p11-kit (0.23.14-r0)
(15/19) Installing libtasn1 (4.14-r0)
(16/19) Installing libunistring (0.9.10-r0)
(17/19) Installing gnutls (3.6.14-r0)
(18/19) Installing qemu-img (3.1.0-r3)
(19/19) Installing tar (1.32-r0)
Executing busybox-1.29.3-r10.trigger
Executing glib-2.58.1-r3.trigger
OK: 16 MiB in 19 packages
 ---> 62ca198674fe
Removing intermediate container 331f8ee8efce
Step 4/17 : FROM lfedge/eve-mkimage-iso-efi:e0cc637b8d693c6718d31dc1cbab1f7557823c0b-arm64 as iso
 ---> 74679271e526
Step 5/17 : FROM lfedge/eve-mkimage-raw-efi:5b9c8a3bc15353352a7462b508c9f379e9fcea32-arm64 as raw
 ---> c3f4b6a57b32
Step 6/17 : RUN rm /initrd.img
 ---> Running in debe7359373b
 ---> 99b8fbb3df08
Removing intermediate container debe7359373b
Step 7/17 : FROM lfedge/eve-mkconf:b9a89148618d45bd26a93a68701f5d0588e501a9-arm64 as conf
 ---> ac9fa4d52a61
Step 8/17 : COPY --from=iso / /
 ---> 5c79323e836e
Step 9/17 : COPY --from=raw / /
 ---> a51eb4411ffd
Step 10/17 : COPY --from=tools /out/ /
 ---> 581d34591709
Step 11/17 : COPY installer /bits
 ---> aaf9c5c43ebb
Step 12/17 : COPY OVMF* /firmware/
 ---> e7f4c4e42d2e
Step 13/17 : COPY runme.sh /
 ---> 6fef278db6a0
Step 14/17 : RUN mkdir /in /out
 ---> Running in c9c3e3531208
 ---> 47e2835e7eb2
Removing intermediate container c9c3e3531208
Step 15/17 : WORKDIR /bits
 ---> 9fcb858374df
Removing intermediate container f3d6f6fab051
Step 16/17 : ENTRYPOINT /runme.sh
 ---> Running in 39478a68af88
 ---> 422d224fc3ae
Removing intermediate container 39478a68af88
Step 17/17 : LABEL org.mobyproject.linuxkit.revision 'unknown' org.mobyproject.linuxkit.version 'unknown' org.opencontainers.image.revision '56e3228a70fa3fca6328876d2b5b70db6ea939c7' org.opencontainers.image.source 'https://github.com/linuxkit/linuxkit'
 ---> Running in bb1b9908617c
 ---> cf9d6b4d1901
Removing intermediate container bb1b9908617c
Successfully built cf9d6b4d1901
Successfully tagged lfedge/eve:0.0.0-master-56e3228a-2020-06-12.22.36-rpi-kvm-arm64
Pushing lfedge/eve:0.0.0-master-56e3228a-2020-06-12.22.36-rpi-kvm-arm64
The push refers to a repository [docker.io/lfedge/eve]
ddd84af28328: Preparing
062e10158d3e: Preparing
c02937f94c88: Preparing
66dcf6355f20: Preparing
b94b195b39d9: Preparing
1c1d76e314ab: Preparing
9a50430de2c7: Preparing
41396e0b608d: Preparing
1c1d76e314ab: Waiting
9a50430de2c7: Waiting
c02937f94c88: Pushed
062e10158d3e: Pushed
ddd84af28328: Pushed
1c1d76e314ab: Layer already exists
9a50430de2c7: Layer already exists
41396e0b608d: Layer already exists
b94b195b39d9: Pushed
66dcf6355f20: Pushed
0.0.0-master-56e3228a-2020-06-12.22.36-rpi-kvm-arm64: digest: sha256:c202a63b628717a7bbf05a7991970234cf3dbdff733e398709002702a0ece051 size: 1999
Pushing lfedge/eve:0.0.0-master-56e3228a-2020-06-12.22.36-rpi-kvm-arm64 to manifest lfedge/eve:0.0.0-master-56e3228a-2020-06-12.22.36-rpi-kvm
time="2020-06-13T00:44:25+02:00" level=warning msg="Couldn't find or access image reference \"lfedge/eve:0.0.0-master-56e3228a-2020-06-12.22.36-rpi-kvm-amd64\". Skipping image."
time="2020-06-13T00:44:28+02:00" level=warning msg="Couldn't find or access image reference \"lfedge/eve:0.0.0-master-56e3228a-2020-06-12.22.36-rpi-kvm-s390x\". Skipping image."
Digest: sha256:e44a436185d07cf0af783e0e2647db7c73b4c1cd8e52b6e9ebf6113e3cf92464 434
Not signing lfedge/eve:0.0.0-master-56e3228a-2020-06-12.22.36-rpi-kvm
Tagging lfedge/eve:0.0.0-master-56e3228a-2020-06-12.22.36-rpi-kvm-arm64 as lfedge/eve:snapshot-arm64
Pushing lfedge/eve:snapshot-arm64
The push refers to a repository [docker.io/lfedge/eve]
ddd84af28328: Preparing
062e10158d3e: Preparing
c02937f94c88: Preparing
66dcf6355f20: Preparing
b94b195b39d9: Preparing
1c1d76e314ab: Preparing
9a50430de2c7: Preparing
41396e0b608d: Preparing
1c1d76e314ab: Waiting
9a50430de2c7: Waiting
b94b195b39d9: Layer already exists
ddd84af28328: Layer already exists
66dcf6355f20: Layer already exists
062e10158d3e: Layer already exists
c02937f94c88: Layer already exists
1c1d76e314ab: Layer already exists
9a50430de2c7: Layer already exists
41396e0b608d: Layer already exists
snapshot-arm64: digest: sha256:c202a63b628717a7bbf05a7991970234cf3dbdff733e398709002702a0ece051 size: 1999
Pushing lfedge/eve:snapshot-arm64 to manifest lfedge/eve:snapshot
time="2020-06-13T00:44:49+02:00" level=warning msg="Couldn't find or access image reference \"lfedge/eve:snapshot-s390x\". Skipping image."
Digest: sha256:8596c1e45a6fb3137d5a8d75dcf44b3e809031b58451faef2f6aa9b383352fb4 743
Not signing lfedge/eve:snapshot
Build, push and release of "snapshot" complete, all done.
rm images/rootfs-rpi-kvm.yml images/rootfs-rpi-kvm.yml.in
Creating go builder image for user zededa-ci
eve-build-zededa-ci docker container is ready to use
mkdir -p /home/zededa-ci/src/eve/dist/arm64
cd /home/zededa-ci/src/eve/dist/arm64 ; _() { C=`docker create $1 fake` ; shift ; docker export $C | tar -xf - "$@" ; docker rm $C ; } ; _ lfedge/eve-uefi:5c00deeac0b200565fee599905f5346ffaafc10b-arm64 OVMF.fd
00abec625eac0ed29af3efa5d830fdcaaedf4936406e9973d346f6a5674ebdc4
cd /home/zededa-ci/src/eve/dist/arm64 ; _() { C=`docker create $1 fake` ; shift ; docker export $C | tar -xf - "$@" ; docker rm $C ; } ; _ lfedge/eve-uefi:5c00deeac0b200565fee599905f5346ffaafc10b-arm64 OVMF_CODE.fd
tar: OVMF_CODE.fd: Not found in archive
tar: Exiting with failure status due to previous errors
d712a06b1050c348ccf36ece5e8828a240a6e0ea15f7dceaf787901d6b9a050c
cd /home/zededa-ci/src/eve/dist/arm64 ; _() { C=`docker create $1 fake` ; shift ; docker export $C | tar -xf - "$@" ; docker rm $C ; } ; _ lfedge/eve-uefi:5c00deeac0b200565fee599905f5346ffaafc10b-arm64 OVMF_VARS.fd
7f709039ca5c5fba36a36b607090e7d9f9cf997165edfc2f61df6399d4eb1ebf
mkdir -p /home/zededa-ci/src/eve/dist/arm64/installer
cd /home/zededa-ci/src/eve/dist/arm64/installer ; _() { C=`docker create $1 fake` ; shift ; docker export $C | tar -xf - "$@" ; docker rm $C ; } ; _ lfedge/eve-grub:aa6b2e431670cf3859b1a3d683b9e0e238e30655-arm64 EFI
c9cca92d00174a2f2611ef17591510ca7bdf81b54f35af1b6fb6a7cf3a696803
./tools/makeconfig.sh /home/zededa-ci/src/eve/dist/arm64/installer/config.img conf/authorized_keys conf/DevicePortConfig conf/grub.cfg conf/onboard.cert.pem conf/onboard.key.pem conf/root-certificate.pem conf/server conf/v2tlsbaseroot-certificates.pem
1024+0 records in
1024+0 records out
mkfs.fat 4.1 (2017-01-24)
/config.img has 64 heads and 32 sectors per track,
hidden sectors 0x0000;
logical sector size is 512,
using 0xf8 media descriptor, with 2048 sectors;
drive number 0x80;
filesystem has 2 12-bit FATs and 4 sectors per cluster.
FAT size is 2 sectors, and provides 502 clusters.
There is 1 reserved sector.
Root directory contains 512 slots and uses 32 sectors.
Volume ID is 56a6530f, volume label EVE        .
cd /home/zededa-ci/src/eve/dist/arm64/installer ; _() { C=`docker create $1 fake` ; shift ; docker export $C | tar -xf - "$@" ; docker rm $C ; } ; _ lfedge/eve-mkimage-raw-efi:5b9c8a3bc15353352a7462b508c9f379e9fcea32-arm64 initrd.img EFI
14f3932dacf177ae419f580846b30581fa126facaf654a79ac0de3f3e80df767
Done building /home/zededa-ci/src/eve/build-tools/bin/linuxkit
./tools/makerootfs.sh images/rootfs-kvm.yml /home/zededa-ci/src/eve/dist/arm64/installer/rootfs-0.0.0-master-56e3228a-2020-06-12.22.44-kvm-arm64.squash squash
Extract kernel image: lfedge/eve-kernel:70e2491f33de2fb09b61287b8a5b4570249750fe-arm64
Add init containers:
Process init image: linuxkit/init:v0.5-arm64
time="2020-06-13T00:45:12+02:00" level=warning msg="targets metadata is nearing expiry, you should re-sign the role metadata"
Process init image: linuxkit/runc:f79954950022fea76b8b6f10de58cb48e4fb3878-arm64
time="2020-06-13T00:45:29+02:00" level=error msg="Metadata for targets/riyaz expired"
time="2020-06-13T00:45:29+02:00" level=error msg="Metadata for targets/riyaz expired"
time="2020-06-13T00:45:29+02:00" level=warning msg="Error getting targets/riyaz: targets/riyaz expired at Mon May 25 15:32:34 -0700 2020"
time="2020-06-13T00:45:29+02:00" level=warning msg="targets/justin metadata is nearing expiry, you should re-sign the role metadata"
time="2020-06-13T00:45:29+02:00" level=warning msg="targets metadata is nearing expiry, you should re-sign the role metadata"
Process init image: linuxkit/containerd:6ef473a228db6f6ee163f9b9a051102a1552a4ef-arm64
time="2020-06-13T00:45:45+02:00" level=error msg="Metadata for targets/riyaz expired"
time="2020-06-13T00:45:45+02:00" level=error msg="Metadata for targets/riyaz expired"
time="2020-06-13T00:45:45+02:00" level=warning msg="Error getting targets/riyaz: targets/riyaz expired at Sat Jun 6 08:35:43 -0700 2020"
time="2020-06-13T00:45:45+02:00" level=warning msg="targets metadata is nearing expiry, you should re-sign the role metadata"
time="2020-06-13T00:45:45+02:00" level=warning msg="targets/justin metadata is nearing expiry, you should re-sign the role metadata"
Process init image: linuxkit/getty:v0.5-arm64
time="2020-06-13T00:46:02+02:00" level=warning msg="targets metadata is nearing expiry, you should re-sign the role metadata"
time="2020-06-13T00:46:02+02:00" level=warning msg="targets/justin metadata is nearing expiry, you should re-sign the role metadata"
time="2020-06-13T00:46:02+02:00" level=warning msg="targets/riyaz metadata is nearing expiry, you should re-sign the role metadata"
Process init image: linuxkit/memlogd:v0.5-arm64
Process init image: lfedge/eve-grub:aa6b2e431670cf3859b1a3d683b9e0e238e30655-arm64
Process init image: lfedge/eve-fw:60af30b13b43cdc50b6cbb6e30a5e4d1feb154e0-arm64
Process init image: lfedge/eve-xen:92959f50dff5b1a5b6ab8fbc9014369f3e3a493c-arm64
Process init image: lfedge/eve-gpt-tools:e378abea66b77fb7e9587b798a8caf5c78f440c1-arm64
Process init image: lfedge/eve-dom0-ztools:5450ed24dca591ec67c2a7465df5b203e7e92479-arm64
Add onboot containers:
  Create OCI config for lfedge/eve-storage-init:31ed12195e31e7f4b118cbcc2cecfce815e5c4ed-arm64
  Create OCI config for linuxkit/sysctl:v0.5-arm64
time="2020-06-13T00:46:45+02:00" level=warning msg="targets/ian metadata is nearing expiry, you should re-sign the role metadata"
time="2020-06-13T00:46:45+02:00" level=warning msg="targets metadata is nearing expiry, you should re-sign the role metadata"
  Create OCI config for lfedge/eve-rngd:6e16dad8553a6c2939854abfa9f34a5f2604bce7-arm64
  Create OCI config for linuxkit/modprobe:v0.5-arm64
time="2020-06-13T00:47:03+02:00" level=warning msg="targets metadata is nearing expiry, you should re-sign the role metadata"
time="2020-06-13T00:47:03+02:00" level=warning msg="targets/ian metadata is nearing expiry, you should re-sign the role metadata"
Add service containers:
  Create OCI config for lfedge/eve-rsyslog:49556e27198614b57d70e76f8bfcca3068056cfc-arm64
  Create OCI config for linuxkit/openntpd:v0.5-arm64
time="2020-06-13T00:47:20+02:00" level=error msg="Metadata for targets/riyaz expired"
time="2020-06-13T00:47:20+02:00" level=error msg="Metadata for targets/riyaz expired"
time="2020-06-13T00:47:20+02:00" level=warning msg="Error getting targets/riyaz: targets/riyaz expired at Mon May 25 15:06:33 -0700 2020"
time="2020-06-13T00:47:20+02:00" level=warning msg="targets metadata is nearing expiry, you should re-sign the role metadata"
time="2020-06-13T00:47:20+02:00" level=warning msg="targets/justin metadata is nearing expiry, you should re-sign the role metadata"
time="2020-06-13T00:47:20+02:00" level=warning msg="targets/ian metadata is nearing expiry, you should re-sign the role metadata"
  Create OCI config for linuxkit/sshd:v0.5-arm64
time="2020-06-13T00:47:36+02:00" level=error msg="Metadata for targets/justin expired"
time="2020-06-13T00:47:36+02:00" level=error msg="Metadata for targets/justin expired"
time="2020-06-13T00:47:36+02:00" level=warning msg="Error getting targets/justin: targets/justin expired at Fri May 29 15:28:54 +0100 2020"
time="2020-06-13T00:47:36+02:00" level=warning msg="targets metadata is nearing expiry, you should re-sign the role metadata"
time="2020-06-13T00:47:36+02:00" level=warning msg="targets/riyaz metadata is nearing expiry, you should re-sign the role metadata"
  Create OCI config for lfedge/eve-wwan:31a3911c7aa7e5c44e19406d6277173b494c6f35-arm64
  Create OCI config for lfedge/eve-wlan:ac31bb78810451ef1333b3970f29bebc0a6c9c44-arm64
  Create OCI config for lfedge/eve-lisp:6fe9cf905fb0fc657f646a82b42aa95e4f68f5e5-arm64
  Create OCI config for lfedge/eve-guacd:f1f08a0fcadd35320f5d03fe0f0a1a318e8449be-arm64
  Create OCI config for lfedge/eve-pillar:376421ad3bfa9c01e9294828f8fc6ee9baf06a0d-arm64
  Create OCI config for lfedge/eve-vtpm:11365a20a21fa000e9d48614e9303c8f0e81477f-arm64
  Create OCI config for lfedge/eve-watchdog:288a4129631e73aad6a9e5c01f229205f5dbc9be-arm64
  Create OCI config for lfedge/eve-xen-tools:955c1a053b125fc78467091618d8d1e6cfa80c08-arm64
Add files:
  /etc/eve-release
Parallel mksquashfs: Using 4 processors
Creating 4.0 filesystem on /rootfs.img, block size 131072.
[===========================================================|] 21363/21363 100%

Exportable Squashfs 4.0 filesystem, gzip compressed, data block size 131072
	compressed data, compressed metadata, compressed fragments, compressed xattrs
	duplicates are removed
Filesystem size 248270.03 Kbytes (242.45 Mbytes)
	33.30% of uncompressed filesystem size (745451.79 Kbytes)
Inode table size 241307 bytes (235.65 Kbytes)
	25.09% of uncompressed inode table size (961591 bytes)
Directory table size 260922 bytes (254.81 Kbytes)
	45.59% of uncompressed directory table size (572273 bytes)
Number of duplicate files found 8682
Number of inodes 24623
Number of files 16684
Number of fragments 677
Number of symbolic links  5903
Number of device nodes 4
Number of fifo nodes 0
Number of socket nodes 0
Number of directories 2032
Number of ids (unique uids + gids) 4
Number of uids 2
	root (0)
	unknown (1000)
Number of gids 4
	root (0)
	shadow (42)
	tty (5)
	unknown (1000)
cp pkg/eve/build.yml pkg/eve/runme.sh images/*.yml /home/zededa-ci/src/eve/dist/arm64
DOCKER_ARCH_TAG=arm64 ./tools/parse-pkgs.sh pkg/eve/Dockerfile.in > /home/zededa-ci/src/eve/dist/arm64/Dockerfile
/home/zededa-ci/src/eve/build-tools/bin/linuxkit pkg push --disable-content-trust --hash-path /home/zededa-ci/src/eve --hash 0.0.0-master-56e3228a-2020-06-12.22.44-kvm --release snapshot --force --disable-cache /home/zededa-ci/src/eve/dist/arm64
Building and pushing "lfedge/eve:0.0.0-master-56e3228a-2020-06-12.22.44-kvm"
Sending build context to Docker daemon  266.9MB
Step 1/17 : FROM alpine:3.9.4 as tools
 ---> ce544de9ee2c
Step 2/17 : RUN mkdir -p /out/etc/apk /out/boot && cp -r /etc/apk/* /out/etc/apk/
 ---> Running in 4cf91ddc7d1b
 ---> 5189c16f8900
Removing intermediate container 4cf91ddc7d1b
Step 3/17 : RUN apk add --no-cache --initdb -p /out qemu-img=3.1.0-r3 tar=1.32-r0
 ---> Running in 238b755fbb14
fetch http://dl-cdn.alpinelinux.org/alpine/v3.9/main/aarch64/APKINDEX.tar.gz
fetch http://dl-cdn.alpinelinux.org/alpine/v3.9/community/aarch64/APKINDEX.tar.gz
(1/19) Installing libaio (0.3.111-r0)
(2/19) Installing musl (1.1.20-r5)
(3/19) Installing busybox (1.29.3-r10)
Executing busybox-1.29.3-r10.post-install
(4/19) Installing libffi (3.2.1-r6)
(5/19) Installing libintl (0.19.8.1-r4)
(6/19) Installing libuuid (2.33-r0)
(7/19) Installing libblkid (2.33-r0)
(8/19) Installing libmount (2.33-r0)
(9/19) Installing pcre (8.42-r1)
(10/19) Installing zlib (1.2.11-r1)
(11/19) Installing glib (2.58.1-r3)
(12/19) Installing gmp (6.1.2-r1)
(13/19) Installing nettle (3.4.1-r0)
(14/19) Installing p11-kit (0.23.14-r0)
(15/19) Installing libtasn1 (4.14-r0)
(16/19) Installing libunistring (0.9.10-r0)
(17/19) Installing gnutls (3.6.14-r0)
(18/19) Installing qemu-img (3.1.0-r3)
(19/19) Installing tar (1.32-r0)
Executing busybox-1.29.3-r10.trigger
Executing glib-2.58.1-r3.trigger
OK: 16 MiB in 19 packages
 ---> bed0246d2bb3
Removing intermediate container 238b755fbb14
Step 4/17 : FROM lfedge/eve-mkimage-iso-efi:e0cc637b8d693c6718d31dc1cbab1f7557823c0b-arm64 as iso
 ---> 74679271e526
Step 5/17 : FROM lfedge/eve-mkimage-raw-efi:5b9c8a3bc15353352a7462b508c9f379e9fcea32-arm64 as raw
 ---> c3f4b6a57b32
Step 6/17 : RUN rm /initrd.img
 ---> Running in 204ee03d2ab1
 ---> 9f605deaf6db
Removing intermediate container 204ee03d2ab1
Step 7/17 : FROM lfedge/eve-mkconf:b9a89148618d45bd26a93a68701f5d0588e501a9-arm64 as conf
 ---> ac9fa4d52a61
Step 8/17 : COPY --from=iso / /
 ---> 98a4c45b080f
Step 9/17 : COPY --from=raw / /
 ---> 7f063f6d12fe
Step 10/17 : COPY --from=tools /out/ /
 ---> c72d9e375f17
Step 11/17 : COPY installer /bits
 ---> c372e3529ef8
Step 12/17 : COPY OVMF* /firmware/
 ---> 7187eb0edc45
Step 13/17 : COPY runme.sh /
 ---> 24a81f53c01a
Step 14/17 : RUN mkdir /in /out
 ---> Running in eb872ae724fc
 ---> 6b8279011eec
Removing intermediate container eb872ae724fc
Step 15/17 : WORKDIR /bits
 ---> 2036eb7fc41a
Removing intermediate container 091264ed0940
Step 16/17 : ENTRYPOINT /runme.sh
 ---> Running in 05562fb6a1b9
 ---> 209f4e629c2e
Removing intermediate container 05562fb6a1b9
Step 17/17 : LABEL org.mobyproject.linuxkit.revision 'unknown' org.mobyproject.linuxkit.version 'unknown' org.opencontainers.image.revision '56e3228a70fa3fca6328876d2b5b70db6ea939c7' org.opencontainers.image.source 'https://github.com/linuxkit/linuxkit'
 ---> Running in e9081e55c86b
 ---> 86c80a842b6a
Removing intermediate container e9081e55c86b
Successfully built 86c80a842b6a
Successfully tagged lfedge/eve:0.0.0-master-56e3228a-2020-06-12.22.44-kvm-arm64
Pushing lfedge/eve:0.0.0-master-56e3228a-2020-06-12.22.44-kvm-arm64
The push refers to a repository [docker.io/lfedge/eve]
c4c9f6de17ed: Preparing
291f4c4786a1: Preparing
f58562e9d91c: Preparing
54f8ba9545aa: Preparing
2370ca6a9cb3: Preparing
1c1d76e314ab: Preparing
9a50430de2c7: Preparing
41396e0b608d: Preparing
41396e0b608d: Waiting
c4c9f6de17ed: Pushed
1c1d76e314ab: Layer already exists
291f4c4786a1: Pushed
9a50430de2c7: Layer already exists
f58562e9d91c: Pushed
41396e0b608d: Layer already exists
2370ca6a9cb3: Pushed
54f8ba9545aa: Pushed
0.0.0-master-56e3228a-2020-06-12.22.44-kvm-arm64: digest: sha256:7fc2938fd24b1d7efa80e7e962066721b22458877ad44de8f8de1d1bcb533125 size: 1999
Pushing lfedge/eve:0.0.0-master-56e3228a-2020-06-12.22.44-kvm-arm64 to manifest lfedge/eve:0.0.0-master-56e3228a-2020-06-12.22.44-kvm
time="2020-06-13T00:52:05+02:00" level=warning msg="Couldn't find or access image reference \"lfedge/eve:0.0.0-master-56e3228a-2020-06-12.22.44-kvm-amd64\". Skipping image."
time="2020-06-13T00:52:08+02:00" level=warning msg="Couldn't find or access image reference \"lfedge/eve:0.0.0-master-56e3228a-2020-06-12.22.44-kvm-s390x\". Skipping image."
Digest: sha256:c0149a9861833dbfa101c50ea5b26d5af6aa5bf430f6df0d7e8e3b6ee64b8d09 434
Not signing lfedge/eve:0.0.0-master-56e3228a-2020-06-12.22.44-kvm
Tagging lfedge/eve:0.0.0-master-56e3228a-2020-06-12.22.44-kvm-arm64 as lfedge/eve:snapshot-arm64
Pushing lfedge/eve:snapshot-arm64
The push refers to a repository [docker.io/lfedge/eve]
c4c9f6de17ed: Preparing
291f4c4786a1: Preparing
f58562e9d91c: Preparing
54f8ba9545aa: Preparing
2370ca6a9cb3: Preparing
1c1d76e314ab: Preparing
9a50430de2c7: Preparing
41396e0b608d: Preparing
1c1d76e314ab: Waiting
9a50430de2c7: Waiting
41396e0b608d: Waiting
c4c9f6de17ed: Layer already exists
f58562e9d91c: Layer already exists
291f4c4786a1: Layer already exists
2370ca6a9cb3: Layer already exists
54f8ba9545aa: Layer already exists
1c1d76e314ab: Layer already exists
9a50430de2c7: Layer already exists
41396e0b608d: Layer already exists
snapshot-arm64: digest: sha256:7fc2938fd24b1d7efa80e7e962066721b22458877ad44de8f8de1d1bcb533125 size: 1999
Pushing lfedge/eve:snapshot-arm64 to manifest lfedge/eve:snapshot
time="2020-06-13T00:52:30+02:00" level=warning msg="Couldn't find or access image reference \"lfedge/eve:snapshot-s390x\". Skipping image."
Digest: sha256:5acaa70c54a0a91855e5b3f92fe0ab53132972e0462cbb03b31ca8cd171e027f 743
Not signing lfedge/eve:snapshot
Build, push and release of "snapshot" complete, all done.
rm images/rootfs-kvm.yml images/rootfs-kvm.yml.in
Creating go builder image for user zededa-ci
eve-build-zededa-ci docker container is ready to use
mkdir -p /home/zededa-ci/src/eve/dist/arm64
cd /home/zededa-ci/src/eve/dist/arm64 ; _() { C=`docker create $1 fake` ; shift ; docker export $C | tar -xf - "$@" ; docker rm $C ; } ; _ lfedge/eve-uefi:5c00deeac0b200565fee599905f5346ffaafc10b-arm64 OVMF.fd
19c960d90132e5277deff4255469608feef8602c3c33920f7ab8b96069cf03da
cd /home/zededa-ci/src/eve/dist/arm64 ; _() { C=`docker create $1 fake` ; shift ; docker export $C | tar -xf - "$@" ; docker rm $C ; } ; _ lfedge/eve-uefi:5c00deeac0b200565fee599905f5346ffaafc10b-arm64 OVMF_CODE.fd
tar: OVMF_CODE.fd: Not found in archive
tar: Exiting with failure status due to previous errors
238223328f4d8178ffcd5638c0e13930aecc1bbc6ab940bc70d8950dea21f799
cd /home/zededa-ci/src/eve/dist/arm64 ; _() { C=`docker create $1 fake` ; shift ; docker export $C | tar -xf - "$@" ; docker rm $C ; } ; _ lfedge/eve-uefi:5c00deeac0b200565fee599905f5346ffaafc10b-arm64 OVMF_VARS.fd
f6f99518d7e59ddde35422f7845c91f9d23332caedf9afab6895d05d05d9068f
mkdir -p /home/zededa-ci/src/eve/dist/arm64/installer
cd /home/zededa-ci/src/eve/dist/arm64/installer ; _() { C=`docker create $1 fake` ; shift ; docker export $C | tar -xf - "$@" ; docker rm $C ; } ; _ lfedge/eve-grub:aa6b2e431670cf3859b1a3d683b9e0e238e30655-arm64 EFI
a14866eb3365cb174dbddfde8579c8dee15bbb6433753ba04d34156567d7930f
./tools/makeconfig.sh /home/zededa-ci/src/eve/dist/arm64/installer/config.img conf/authorized_keys conf/DevicePortConfig conf/grub.cfg conf/onboard.cert.pem conf/onboard.key.pem conf/root-certificate.pem conf/server conf/v2tlsbaseroot-certificates.pem
1024+0 records in
1024+0 records out
mkfs.fat 4.1 (2017-01-24)
/config.img has 64 heads and 32 sectors per track,
hidden sectors 0x0000;
logical sector size is 512,
using 0xf8 media descriptor, with 2048 sectors;
drive number 0x80;
filesystem has 2 12-bit FATs and 4 sectors per cluster.
FAT size is 2 sectors, and provides 502 clusters.
There is 1 reserved sector.
Root directory contains 512 slots and uses 32 sectors.
Volume ID is 738ccc04, volume label EVE        .
cd /home/zededa-ci/src/eve/dist/arm64/installer ; _() { C=`docker create $1 fake` ; shift ; docker export $C | tar -xf - "$@" ; docker rm $C ; } ; _ lfedge/eve-mkimage-raw-efi:5b9c8a3bc15353352a7462b508c9f379e9fcea32-arm64 initrd.img EFI
dd3715422f96d59b896f0557c5ac0e71b069830dfab79524ee352a34a4cddc84
Done building /home/zededa-ci/src/eve/build-tools/bin/linuxkit
./tools/makerootfs.sh images/rootfs-xen.yml /home/zededa-ci/src/eve/dist/arm64/installer/rootfs-0.0.0-master-56e3228a-2020-06-12.22.52-xen-arm64.squash squash
Extract kernel image: lfedge/eve-kernel:70e2491f33de2fb09b61287b8a5b4570249750fe-arm64
Add init containers:
Process init image: linuxkit/init:v0.5-arm64
time="2020-06-13T00:52:53+02:00" level=warning msg="targets metadata is nearing expiry, you should re-sign the role metadata"
Process init image: linuxkit/runc:f79954950022fea76b8b6f10de58cb48e4fb3878-arm64
time="2020-06-13T00:53:10+02:00" level=error msg="Metadata for targets/riyaz expired"
time="2020-06-13T00:53:10+02:00" level=error msg="Metadata for targets/riyaz expired"
time="2020-06-13T00:53:10+02:00" level=warning msg="Error getting targets/riyaz: targets/riyaz expired at Mon May 25 15:32:34 -0700 2020"
time="2020-06-13T00:53:10+02:00" level=warning msg="targets/justin metadata is nearing expiry, you should re-sign the role metadata"
time="2020-06-13T00:53:10+02:00" level=warning msg="targets metadata is nearing expiry, you should re-sign the role metadata"
Process init image: linuxkit/containerd:6ef473a228db6f6ee163f9b9a051102a1552a4ef-arm64
time="2020-06-13T00:53:27+02:00" level=error msg="Metadata for targets/riyaz expired"
time="2020-06-13T00:53:27+02:00" level=error msg="Metadata for targets/riyaz expired"
time="2020-06-13T00:53:27+02:00" level=warning msg="Error getting targets/riyaz: targets/riyaz expired at Sat Jun 6 08:35:43 -0700 2020"
time="2020-06-13T00:53:27+02:00" level=warning msg="targets metadata is nearing expiry, you should re-sign the role metadata"
time="2020-06-13T00:53:27+02:00" level=warning msg="targets/justin metadata is nearing expiry, you should re-sign the role metadata"
Process init image: linuxkit/getty:v0.5-arm64
time="2020-06-13T00:53:44+02:00" level=warning msg="targets metadata is nearing expiry, you should re-sign the role metadata"
time="2020-06-13T00:53:44+02:00" level=warning msg="targets/justin metadata is nearing expiry, you should re-sign the role metadata"
time="2020-06-13T00:53:44+02:00" level=warning msg="targets/riyaz metadata is nearing expiry, you should re-sign the role metadata"
Process init image: linuxkit/memlogd:v0.5-arm64
Process init image: lfedge/eve-grub:aa6b2e431670cf3859b1a3d683b9e0e238e30655-arm64
Process init image: lfedge/eve-fw:60af30b13b43cdc50b6cbb6e30a5e4d1feb154e0-arm64
Process init image: lfedge/eve-xen:92959f50dff5b1a5b6ab8fbc9014369f3e3a493c-arm64
Process init image: lfedge/eve-gpt-tools:e378abea66b77fb7e9587b798a8caf5c78f440c1-arm64
Process init image: lfedge/eve-dom0-ztools:5450ed24dca591ec67c2a7465df5b203e7e92479-arm64
Add onboot containers:
  Create OCI config for lfedge/eve-storage-init:31ed12195e31e7f4b118cbcc2cecfce815e5c4ed-arm64
  Create OCI config for linuxkit/sysctl:v0.5-arm64
time="2020-06-13T00:54:27+02:00" level=warning msg="targets/ian metadata is nearing expiry, you should re-sign the role metadata"
time="2020-06-13T00:54:27+02:00" level=warning msg="targets metadata is nearing expiry, you should re-sign the role metadata"
  Create OCI config for lfedge/eve-rngd:6e16dad8553a6c2939854abfa9f34a5f2604bce7-arm64
  Create OCI config for linuxkit/modprobe:v0.5-arm64
time="2020-06-13T00:54:44+02:00" level=warning msg="targets metadata is nearing expiry, you should re-sign the role metadata"
time="2020-06-13T00:54:44+02:00" level=warning msg="targets/ian metadata is nearing expiry, you should re-sign the role metadata"
Add service containers:
  Create OCI config for lfedge/eve-rsyslog:49556e27198614b57d70e76f8bfcca3068056cfc-arm64
  Create OCI config for linuxkit/openntpd:v0.5-arm64
time="2020-06-13T00:55:01+02:00" level=error msg="Metadata for targets/riyaz expired"
time="2020-06-13T00:55:02+02:00" level=error msg="Metadata for targets/riyaz expired"
time="2020-06-13T00:55:02+02:00" level=warning msg="Error getting targets/riyaz: targets/riyaz expired at Mon May 25 15:06:33 -0700 2020"
time="2020-06-13T00:55:02+02:00" level=warning msg="targets metadata is nearing expiry, you should re-sign the role metadata"
time="2020-06-13T00:55:02+02:00" level=warning msg="targets/justin metadata is nearing expiry, you should re-sign the role metadata"
time="2020-06-13T00:55:02+02:00" level=warning msg="targets/ian metadata is nearing expiry, you should re-sign the role metadata"
  Create OCI config for linuxkit/sshd:v0.5-arm64
time="2020-06-13T00:55:17+02:00" level=error msg="Metadata for targets/justin expired"
time="2020-06-13T00:55:18+02:00" level=error msg="Metadata for targets/justin expired"
time="2020-06-13T00:55:18+02:00" level=warning msg="Error getting targets/justin: targets/justin expired at Fri May 29 15:28:54 +0100 2020"
time="2020-06-13T00:55:18+02:00" level=warning msg="targets metadata is nearing expiry, you should re-sign the role metadata"
time="2020-06-13T00:55:18+02:00" level=warning msg="targets/riyaz metadata is nearing expiry, you should re-sign the role metadata"
  Create OCI config for lfedge/eve-wwan:31a3911c7aa7e5c44e19406d6277173b494c6f35-arm64
  Create OCI config for lfedge/eve-wlan:ac31bb78810451ef1333b3970f29bebc0a6c9c44-arm64
  Create OCI config for lfedge/eve-lisp:6fe9cf905fb0fc657f646a82b42aa95e4f68f5e5-arm64
  Create OCI config for lfedge/eve-guacd:f1f08a0fcadd35320f5d03fe0f0a1a318e8449be-arm64
  Create OCI config for lfedge/eve-pillar:376421ad3bfa9c01e9294828f8fc6ee9baf06a0d-arm64
  Create OCI config for lfedge/eve-vtpm:11365a20a21fa000e9d48614e9303c8f0e81477f-arm64
  Create OCI config for lfedge/eve-watchdog:288a4129631e73aad6a9e5c01f229205f5dbc9be-arm64
  Create OCI config for lfedge/eve-xen-tools:955c1a053b125fc78467091618d8d1e6cfa80c08-arm64
Add files:
  /etc/eve-release
Parallel mksquashfs: Using 4 processors
Creating 4.0 filesystem on /rootfs.img, block size 131072.
[==============================================/             ] 17000/21363  79%[===========================================================|] 21363/21363 100%

Exportable Squashfs 4.0 filesystem, gzip compressed, data block size 131072
	compressed data, compressed metadata, compressed fragments, compressed xattrs
	duplicates are removed
Filesystem size 248270.04 Kbytes (242.45 Mbytes)
	33.30% of uncompressed filesystem size (745451.79 Kbytes)
Inode table size 241289 bytes (235.63 Kbytes)
	25.09% of uncompressed inode table size (961591 bytes)
Directory table size 260939 bytes (254.82 Kbytes)
	45.60% of uncompressed directory table size (572273 bytes)
Number of duplicate files found 8682
Number of inodes 24623
Number of files 16684
Number of fragments 677
Number of symbolic links  5903
Number of device nodes 4
Number of fifo nodes 0
Number of socket nodes 0
Number of directories 2032
Number of ids (unique uids + gids) 4
Number of uids 2
	root (0)
	unknown (1000)
Number of gids 4
	root (0)
	shadow (42)
	tty (5)
	unknown (1000)
cp pkg/eve/build.yml pkg/eve/runme.sh images/*.yml /home/zededa-ci/src/eve/dist/arm64
DOCKER_ARCH_TAG=arm64 ./tools/parse-pkgs.sh pkg/eve/Dockerfile.in > /home/zededa-ci/src/eve/dist/arm64/Dockerfile
/home/zededa-ci/src/eve/build-tools/bin/linuxkit pkg push --disable-content-trust --hash-path /home/zededa-ci/src/eve --hash 0.0.0-master-56e3228a-2020-06-12.22.52-xen --release snapshot --force --disable-cache /home/zededa-ci/src/eve/dist/arm64
Building and pushing "lfedge/eve:0.0.0-master-56e3228a-2020-06-12.22.52-xen"
Sending build context to Docker daemon  266.9MB
Step 1/17 : FROM alpine:3.9.4 as tools
 ---> ce544de9ee2c
Step 2/17 : RUN mkdir -p /out/etc/apk /out/boot && cp -r /etc/apk/* /out/etc/apk/
 ---> Running in ff8795a00999
 ---> 1aa6cc367a10
Removing intermediate container ff8795a00999
Step 3/17 : RUN apk add --no-cache --initdb -p /out qemu-img=3.1.0-r3 tar=1.32-r0
 ---> Running in e6bfb4cf9f9f
fetch http://dl-cdn.alpinelinux.org/alpine/v3.9/main/aarch64/APKINDEX.tar.gz
fetch http://dl-cdn.alpinelinux.org/alpine/v3.9/community/aarch64/APKINDEX.tar.gz
(1/19) Installing libaio (0.3.111-r0)
(2/19) Installing musl (1.1.20-r5)
(3/19) Installing busybox (1.29.3-r10)
Executing busybox-1.29.3-r10.post-install
(4/19) Installing libffi (3.2.1-r6)
(5/19) Installing libintl (0.19.8.1-r4)
(6/19) Installing libuuid (2.33-r0)
(7/19) Installing libblkid (2.33-r0)
(8/19) Installing libmount (2.33-r0)
(9/19) Installing pcre (8.42-r1)
(10/19) Installing zlib (1.2.11-r1)
(11/19) Installing glib (2.58.1-r3)
(12/19) Installing gmp (6.1.2-r1)
(13/19) Installing nettle (3.4.1-r0)
(14/19) Installing p11-kit (0.23.14-r0)
(15/19) Installing libtasn1 (4.14-r0)
(16/19) Installing libunistring (0.9.10-r0)
(17/19) Installing gnutls (3.6.14-r0)
(18/19) Installing qemu-img (3.1.0-r3)
(19/19) Installing tar (1.32-r0)
Executing busybox-1.29.3-r10.trigger
Executing glib-2.58.1-r3.trigger
OK: 16 MiB in 19 packages
 ---> d2e0267c78d4
Removing intermediate container e6bfb4cf9f9f
Step 4/17 : FROM lfedge/eve-mkimage-iso-efi:e0cc637b8d693c6718d31dc1cbab1f7557823c0b-arm64 as iso
 ---> 74679271e526
Step 5/17 : FROM lfedge/eve-mkimage-raw-efi:5b9c8a3bc15353352a7462b508c9f379e9fcea32-arm64 as raw
 ---> c3f4b6a57b32
Step 6/17 : RUN rm /initrd.img
 ---> Running in ab7795e16cea
 ---> 3885e022a2c0
Removing intermediate container ab7795e16cea
Step 7/17 : FROM lfedge/eve-mkconf:b9a89148618d45bd26a93a68701f5d0588e501a9-arm64 as conf
 ---> ac9fa4d52a61
Step 8/17 : COPY --from=iso / /
 ---> 34e4a7e496ce
Step 9/17 : COPY --from=raw / /
 ---> 1e9f80b7d1d7
Step 10/17 : COPY --from=tools /out/ /
 ---> 17566d987ee2
Step 11/17 : COPY installer /bits
 ---> ac12b18e5eca
Step 12/17 : COPY OVMF* /firmware/
 ---> 1bbe2da8a3c5
Step 13/17 : COPY runme.sh /
 ---> f108b6c02772
Step 14/17 : RUN mkdir /in /out
 ---> Running in d301278e788a
 ---> 63f6ec79d6a0
Removing intermediate container d301278e788a
Step 15/17 : WORKDIR /bits
 ---> 9b194ed4d7dc
Removing intermediate container fafbaec8cc76
Step 16/17 : ENTRYPOINT /runme.sh
 ---> Running in b62faf9107a8
 ---> 35a5865dab6c
Removing intermediate container b62faf9107a8
Step 17/17 : LABEL org.mobyproject.linuxkit.revision 'unknown' org.mobyproject.linuxkit.version 'unknown' org.opencontainers.image.revision '56e3228a70fa3fca6328876d2b5b70db6ea939c7' org.opencontainers.image.source 'https://github.com/linuxkit/linuxkit'
 ---> Running in c2c4b3a9f7fa
 ---> 3463edcbf728
Removing intermediate container c2c4b3a9f7fa
Successfully built 3463edcbf728
Successfully tagged lfedge/eve:0.0.0-master-56e3228a-2020-06-12.22.52-xen-arm64
Pushing lfedge/eve:0.0.0-master-56e3228a-2020-06-12.22.52-xen-arm64
The push refers to a repository [docker.io/lfedge/eve]
68011d3ae933: Preparing
35a846e1e442: Preparing
4dab04d9197c: Preparing
47ab836b6fc1: Preparing
2c865856a661: Preparing
1c1d76e314ab: Preparing
9a50430de2c7: Preparing
41396e0b608d: Preparing
1c1d76e314ab: Waiting
9a50430de2c7: Waiting
41396e0b608d: Waiting
35a846e1e442: Pushed
68011d3ae933: Pushed
4dab04d9197c: Pushed
1c1d76e314ab: Layer already exists
9a50430de2c7: Layer already exists
41396e0b608d: Layer already exists
2c865856a661: Pushed
47ab836b6fc1: Pushed
0.0.0-master-56e3228a-2020-06-12.22.52-xen-arm64: digest: sha256:b29c5cfb01b94597ecd41ae89f07c871af2982a1acab479959fbd75b4d895e70 size: 1999
Pushing lfedge/eve:0.0.0-master-56e3228a-2020-06-12.22.52-xen-arm64 to manifest lfedge/eve:0.0.0-master-56e3228a-2020-06-12.22.52-xen
time="2020-06-13T01:00:18+02:00" level=warning msg="Couldn't find or access image reference \"lfedge/eve:0.0.0-master-56e3228a-2020-06-12.22.52-xen-amd64\". Skipping image."
time="2020-06-13T01:00:21+02:00" level=warning msg="Couldn't find or access image reference \"lfedge/eve:0.0.0-master-56e3228a-2020-06-12.22.52-xen-s390x\". Skipping image."
Digest: sha256:b9c55877346e76b83027981a896d64c7d5c44a2b7690f461b450d2084d4fff99 434
Not signing lfedge/eve:0.0.0-master-56e3228a-2020-06-12.22.52-xen
Tagging lfedge/eve:0.0.0-master-56e3228a-2020-06-12.22.52-xen-arm64 as lfedge/eve:snapshot-arm64
Pushing lfedge/eve:snapshot-arm64
The push refers to a repository [docker.io/lfedge/eve]
68011d3ae933: Preparing
35a846e1e442: Preparing
4dab04d9197c: Preparing
47ab836b6fc1: Preparing
2c865856a661: Preparing
1c1d76e314ab: Preparing
9a50430de2c7: Preparing
41396e0b608d: Preparing
1c1d76e314ab: Waiting
41396e0b608d: Waiting
9a50430de2c7: Waiting
68011d3ae933: Layer already exists
4dab04d9197c: Layer already exists
2c865856a661: Layer already exists
35a846e1e442: Layer already exists
47ab836b6fc1: Layer already exists
1c1d76e314ab: Layer already exists
9a50430de2c7: Layer already exists
41396e0b608d: Layer already exists
snapshot-arm64: digest: sha256:b29c5cfb01b94597ecd41ae89f07c871af2982a1acab479959fbd75b4d895e70 size: 1999
Pushing lfedge/eve:snapshot-arm64 to manifest lfedge/eve:snapshot
time="2020-06-13T01:00:42+02:00" level=warning msg="Couldn't find or access image reference \"lfedge/eve:snapshot-s390x\". Skipping image."
Digest: sha256:1f6a053b2de58cb7839dbafe3855cf10fad8581c4f374dd2dc54127c0c6feb8d 743
Not signing lfedge/eve:snapshot
Build, push and release of "snapshot" complete, all done.
rm images/rootfs-xen.yml images/rootfs-xen.yml.in
FINISHED
