From https://github.com/lf-edge/eve
   683db426..44b87ee4  master     -> origin/master
 * [new tag]           3.1.1      -> 3.1.1
 * [new tag]           3.10.0     -> 3.10.0
 * [new tag]           3.2.0      -> 3.2.0
 * [new tag]           3.3.0      -> 3.3.0
 * [new tag]           3.3.1      -> 3.3.1
 * [new tag]           3.3.2      -> 3.3.2
 * [new tag]           3.4.0      -> 3.4.0
 * [new tag]           3.4.1      -> 3.4.1
 * [new tag]           3.4.10     -> 3.4.10
 * [new tag]           3.4.2      -> 3.4.2
 * [new tag]           3.5.0      -> 3.5.0
 * [new tag]           3.6.0      -> 3.6.0
 * [new tag]           3.7.0      -> 3.7.0
 * [new tag]           3.8.0      -> 3.8.0
 * [new tag]           3.8.1      -> 3.8.1
 * [new tag]           3.8.2      -> 3.8.2
 * [new tag]           3.9.0      -> 3.9.0
 * [new tag]           3.9.1      -> 3.9.1
 * [new tag]           3.9.2      -> 3.9.2
 * [new tag]           3.9.3      -> 3.9.3
 * [new tag]           4.1.0      -> 4.1.0
 * [new tag]           4.1.1      -> 4.1.1
 * [new tag]           4.1.2      -> 4.1.2
 * [new tag]           4.2.0      -> 4.2.0
 * [new tag]           4.3.0      -> 4.3.0
 * [new tag]           4.3.1      -> 4.3.1
 * [new tag]           4.5.0      -> 4.5.0
 * [new tag]           4.5.1      -> 4.5.1
 * [new tag]           4.5.2      -> 4.5.2
 * [new tag]           4.6.0      -> 4.6.0
 * [new tag]           4.7.0      -> 4.7.0
 * [new tag]           4.7.1      -> 4.7.1
 * [new tag]           4.8.0      -> 4.8.0
 * [new tag]           4.8.1      -> 4.8.1
 * [new tag]           4.8.2      -> 4.8.2
 * [new tag]           4.8.3      -> 4.8.3
Building the following tags:  origin/master (latest tag is 4.8.3)
Skipping repository .go/pkg/dep/sources/https---github.com-linuxkit-linuxkit
Skipping repository .go/pkg/dep/sources/https---github.com-moby-hyperkit
Skipping repository .go/pkg/dep/sources/https---github.com-gorilla-context
Skipping repository .go/pkg/dep/sources/https---github.com-theupdateframework-notary
Skipping repository .go/pkg/dep/sources/https---github.com-mitchellh-go--ps
Skipping repository .go/pkg/dep/sources/https---github.com-golang-appengine
Skipping repository .go/pkg/dep/sources/https---github.com-xeipuuv-gojsonschema
Skipping repository .go/pkg/dep/sources/https---go.googlesource.com-net
Skipping repository .go/pkg/dep/sources/https---github.com-xeipuuv-gojsonpointer
Skipping repository .go/pkg/dep/sources/https---github.com-Azure-azure--sdk--for--go
Skipping repository .go/pkg/dep/sources/https---github.com-moby-tool
Skipping repository .go/pkg/dep/sources/https---github.com-Azure-go--ansiterm
Skipping repository .go/pkg/dep/sources/https---github.com-moby-vpnkit
Skipping repository .go/pkg/dep/sources/https---github.com-moul-anonuuid
Skipping repository .go/pkg/dep/sources/https---github.com-Azure-go--autorest
Skipping repository .go/pkg/dep/sources/https---github.com-moul-gotty--client
Skipping repository .go/pkg/dep/sources/https---github.com-Microsoft-go--winio
Skipping repository .go/pkg/dep/sources/https---github.com-agl-ed25519
Skipping repository .go/pkg/dep/sources/https---github.com-aws-aws--sdk--go
Skipping repository .go/pkg/dep/sources/https---github.com-containerd-containerd
Skipping repository .go/pkg/dep/sources/https---github.com-opencontainers-go--digest
Skipping repository .go/pkg/dep/sources/https---github.com-opencontainers-image--spec
Skipping repository .go/pkg/dep/sources/https---github.com-opencontainers-runtime--spec
Skipping repository .go/pkg/dep/sources/https---github.com-packethost-packngo
Skipping repository .go/pkg/dep/sources/https---github.com-pkg-errors
Skipping repository .go/pkg/dep/sources/https---github.com-radu--matei-azure--sdk--for--go
Skipping repository .go/pkg/dep/sources/https---github.com-radu--matei-azure--vhd--utils
Skipping repository .go/pkg/dep/sources/https---github.com-renstrom-fuzzysearch
Skipping repository .go/pkg/dep/sources/https---github.com-rn-iso9660wrap
Skipping repository .go/pkg/dep/sources/https---github.com-creack-goselect
Skipping repository .go/pkg/dep/sources/https---github.com-dgrijalva-jwt--go
Skipping repository .go/pkg/dep/sources/https---github.com-docker-distribution
Skipping repository .go/pkg/dep/sources/https---github.com-docker-docker
Skipping repository .go/pkg/dep/sources/https---github.com-docker-go
Skipping repository .go/pkg/dep/sources/https---github.com-docker-go--connections
Skipping repository .go/pkg/dep/sources/https---github.com-docker-go--units
Skipping repository .go/pkg/dep/sources/https---github.com-jmespath-go--jmespath
Skipping repository .go/pkg/dep/sources/https---github.com-scaleway-go--scaleway
Skipping repository .go/pkg/dep/sources/https---github.com-go--ini-ini
Skipping repository .go/pkg/dep/sources/https---github.com-gorilla-mux
Skipping repository .go/pkg/dep/sources/https---github.com-gogo-protobuf
Skipping repository .go/pkg/dep/sources/https---github.com-gorilla-websocket
Skipping repository .go/pkg/dep/sources/https---github.com-vmware-govmomi
Skipping repository .go/pkg/dep/sources/https---github.com-sirupsen-logrus
Skipping repository .go/pkg/dep/sources/https---gopkg.in-yaml.v2
Skipping repository .go/pkg/dep/sources/https---github.com-golang-protobuf
Skipping repository .go/pkg/dep/sources/https---github.com-docker-go--p9p
Skipping repository .go/pkg/dep/sources/https---github.com-google-uuid
Skipping repository .go/pkg/dep/sources/https---github.com-gophercloud-gophercloud
Skipping repository .go/pkg/dep/sources/https---github.com-xeipuuv-gojsonreference
Skipping repository .go/pkg/dep/sources/https---github.com-moby-datakit
Skipping repository .go/pkg/dep/sources/https---github.com-surma-gocpio
Skipping repository .go/pkg/dep/sources/https---github.com-miekg-pkcs11
Skipping repository .go/pkg/dep/sources/https---go.googlesource.com-sync
Skipping repository .go/pkg/dep/sources/https---go.googlesource.com-oauth2
Skipping repository .go/pkg/dep/sources/https---code.googlesource.com-gocloud
Skipping repository .go/pkg/dep/sources/https---go.googlesource.com-sys
Skipping repository .go/pkg/dep/sources/https---go.googlesource.com-crypto
Skipping repository .go/pkg/dep/sources/https---code.googlesource.com-google--api--go--client
Skipping repository .go/pkg/dep/sources/https---github.com-census--instrumentation-opencensus--go
Skipping repository .go/pkg/dep/sources/https---github.com-googleapis-gax--go
Skipping repository .go/pkg/dep/sources/https---github.com-grpc-grpc--go
Skipping repository .go/pkg/dep/sources/https---github.com-konsorten-go--windows--terminal--sequences
Skipping repository .go/pkg/dep/sources/https---github.com-golang-groupcache
Skipping repository .go/pkg/dep/sources/https---github.com-google-go--genproto
Skipping repository .go/pkg/dep/sources/https---go.googlesource.com-text
Removing .go/src
Removing .go/bin
Removing build-tools/bin/linuxkit
Removing build-tools/bin/manifest-tool
Removing dist/
Removing images/rootfs-xen.yml
HEAD is now at 44b87ee4 undo controller sorting by determining intfOrder based on min acl.Id
Creating go builder image for user zededa-ci
eve-build-zededa-ci docker container is ready to use
Done building /home/zededa-ci/src/eve/build-tools/bin/linuxkit
Building and pushing "lfedge/eve-acrn:4671ddb5582e8c788d6953ce113ca1f53af81fe8"
4671ddb5582e8c788d6953ce113ca1f53af81fe8: Pulling from lfedge/eve-acrn
Digest: sha256:7d8badd1ec2a820dd5c442f6e9ee0a369d786609f4c029e300efb9065a88e944
Status: Image is up to date for lfedge/eve-acrn:4671ddb5582e8c788d6953ce113ca1f53af81fe8
Building and pushing "lfedge/eve-acrn-kernel:1dcbb693d67ce409e081bf5fdaa3b3c6cd1cf7c9"
1dcbb693d67ce409e081bf5fdaa3b3c6cd1cf7c9: Pulling from lfedge/eve-acrn-kernel
Digest: sha256:4e919dabba56fe57cea76b45a0e81a6c0b964b5f4d622e8f38f9e989d78cd6a2
Status: Image is up to date for lfedge/eve-acrn-kernel:1dcbb693d67ce409e081bf5fdaa3b3c6cd1cf7c9
Building and pushing "lfedge/eve-alpine:ad1020939fb59dbdaa558a3da99649d81e341cac"
ad1020939fb59dbdaa558a3da99649d81e341cac: Pulling from lfedge/eve-alpine
no matching manifest for linux/arm64 in the manifest list entries
No image pulled, continuing with build
Sending build context to Docker daemon  8.704kB
Step 1/20 : ARG ALPINE_VERSION=3.9
 ---> 
Step 2/20 : FROM lfedge/eve-alpine:7f9eb149210025d124027b8c31d6e72fae726da9 AS cache
 ---> d44bece69770
Step 3/20 : FROM alpine:${ALPINE_VERSION} AS mirror
 ---> ce544de9ee2c
Step 4/20 : ARG ALPINE_VERSION=3.9
 ---> Running in e30759877682
 ---> e4d2a48573b6
Removing intermediate container e30759877682
Step 5/20 : COPY --from=cache /mirror /mirror
 ---> 1cdd800eb3b1
Step 6/20 : RUN apk update && apk upgrade -a
 ---> Running in 3a62bfd893ee
fetch http://dl-cdn.alpinelinux.org/alpine/v3.9/main/aarch64/APKINDEX.tar.gz
fetch http://dl-cdn.alpinelinux.org/alpine/v3.9/community/aarch64/APKINDEX.tar.gz
v3.9.5-9-gc2110f5a76 [http://dl-cdn.alpinelinux.org/alpine/v3.9/main]
v3.9.5-3-gfaabae9a55 [http://dl-cdn.alpinelinux.org/alpine/v3.9/community]
OK: 9565 distinct packages available
(1/4) Upgrading musl (1.1.20-r4 -> 1.1.20-r5)
(2/4) Upgrading libcrypto1.1 (1.1.1b-r1 -> 1.1.1d-r2)
(3/4) Upgrading libssl1.1 (1.1.1b-r1 -> 1.1.1d-r2)
(4/4) Upgrading musl-utils (1.1.20-r4 -> 1.1.20-r5)
Executing busybox-1.29.3-r10.trigger
OK: 5 MiB in 14 packages
 ---> 5e9a82fea594
Removing intermediate container 3a62bfd893ee
Step 7/20 : COPY Dockerfile /Dockerfile
 ---> 967bcf3af749
Step 8/20 : COPY mirrors /tmp/mirrors/
 ---> 00d6a6bd19cd
Step 9/20 : COPY build-cache.sh /bin/
 ---> c1a7979f976c
Step 10/20 : RUN apk add --no-cache abuild gcc
 ---> Running in 51c31d448045
fetch http://dl-cdn.alpinelinux.org/alpine/v3.9/main/aarch64/APKINDEX.tar.gz
fetch http://dl-cdn.alpinelinux.org/alpine/v3.9/community/aarch64/APKINDEX.tar.gz
(1/27) Installing fakeroot (1.23-r0)
(2/27) Installing sudo (1.8.25_p1-r3)
(3/27) Installing libcap (2.26-r0)
(4/27) Installing pax-utils (1.2.3-r0)
(5/27) Installing openssl (1.1.1d-r2)
(6/27) Installing libattr (2.4.47-r7)
(7/27) Installing attr (2.4.47-r7)
(8/27) Installing tar (1.32-r0)
(9/27) Installing pkgconf (1.6.0-r0)
(10/27) Installing patch (2.7.6-r6)
(11/27) Installing libgcc (8.3.0-r0)
(12/27) Installing libstdc++ (8.3.0-r0)
(13/27) Installing lzip (1.20-r0)
(14/27) Installing ca-certificates (20190108-r0)
(15/27) Installing nghttp2-libs (1.35.1-r1)
(16/27) Installing libssh2 (1.9.0-r1)
(17/27) Installing libcurl (7.64.0-r3)
(18/27) Installing curl (7.64.0-r3)
(19/27) Installing abuild (3.3.1-r0)
Executing abuild-3.3.1-r0.pre-install
(20/27) Installing binutils (2.31.1-r2)
(21/27) Installing gmp (6.1.2-r1)
(22/27) Installing isl (0.18-r0)
(23/27) Installing libgomp (8.3.0-r0)
(24/27) Installing libatomic (8.3.0-r0)
(25/27) Installing mpfr3 (3.1.5-r1)
(26/27) Installing mpc1 (1.0.3-r1)
(27/27) Installing gcc (8.3.0-r0)
Executing busybox-1.29.3-r10.trigger
Executing ca-certificates-20190108-r0.trigger
OK: 82 MiB in 41 packages
 ---> b76cc131da63
Removing intermediate container 51c31d448045
Step 11/20 : RUN abuild-keygen -a -i -n
 ---> Running in 0fbcecd47669
[91mGenerating RSA private key, 2048 bit long modulus (2 primes)
[0m[91m.[0m[91m.[0m[91m.[0m[91m.[0m[91m.[0m[91m.[0m[91m.[0m[91m.[0m[91m.[0m[91m.[0m[91m.[0m[91m.[0m[91m.[0m[91m.[0m[91m.[0m[91m.[0m[91m.[0m[91m.[0m[91m.[0m[91m.[0m[91m.[0m[91m.[0m[91m.[0m[91m.[0m[91m.[0m[91m.[0m[91m.[0m[91m.[0m[91m.[0m[91m.[0m[91m.[0m[91m.[0m[91m.[0m[91m.[0m[91m.[0m[91m.[0m[91m.[0m[91m.[0m[91m.[0m[91m.[0m[91m.[0m[91m.[0m[91m.[0m[91m.[0m[91m.[0m[91m.[0m[91m.[0m[91m.[0m[91m.[0m[91m.[0m[91m.[0m[91m.[0m[91m.[0m[91m.[0m[91m.[0m[91m.[0m[91m.[0m[91m.[0m[91m.[0m[91m.[0m[91m.[0m[91m.[0m[91m.[0m[91m.[0m[91m.[0m[91m.[0m[91m.[0m[91m.[0m[91m.[0m[91m.[0m[91m.[0m[91m.[0m[91m.[0m[91m.[0m[91m.[0m[91m.[0m[91m.[0m[91m.[0m[91m.[0m[91m.[0m[91m.[0m[91m.[0m[91m.[0m[91m.[0m[91m.[0m[91m.[0m[91m.[0m[91m.[0m[91m.[0m[91m.[0m[91m.[0m[91m.[0m[91m.[0m[91m.[0m[91m.[0m[91m.[0m[91m.[0m[91m.[0m[91m.[0m[91m.[0m[91m.[0m[91m.[0m[91m.[0m[91m.[0m[91m.[0m[91m.[0m[91m.[0m[91m.[0m[91m.[0m[91m.[0m[91m.[0m[91m.[0m[91m.[0m[91m.[0m[91m.[0m[91m.[0m[91m.[0m[91m.[0m[91m.[0m[91m.[0m[91m.[0m[91m.[0m[91m.[0m[91m.[0m[91m.[0m[91m.[0m[91m.[0m[91m.[0m[91m.[0m[91m.[0m[91m.[0m[91m.[0m[91m.[0m[91m.[0m[91m.[0m[91m.[0m[91m.[0m[91m.[0m[91m.[0m[91m.[0m[91m.[0m[91m.[0m[91m.[0m[91m.[0m[91m.[0m[91m+[0m[91m+[0m[91m+[0m[91m+[0m[91m+
[0m[91m.[0m[91m.[0m[91m.[0m[91m.[0m[91m.[0m[91m.[0m[91m.[0m[91m.[0m[91m.[0m[91m.[0m[91m.[0m[91m.[0m[91m.[0m[91m.[0m[91m.[0m[91m.[0m[91m.[0m[91m.[0m[91m.[0m[91m.[0m[91m.[0m[91m.[0m[91m.[0m[91m.[0m[91m.[0m[91m.[0m[91m.[0m[91m.[0m[91m.[0m[91m.[0m[91m.[0m[91m.[0m[91m.[0m[91m.[0m[91m.[0m[91m.[0m[91m.[0m[91m.[0m[91m.[0m[91m.[0m[91m.[0m[91m.[0m[91m.[0m[91m.[0m[91m.[0m[91m.[0m[91m.[0m[91m.[0m[91m.[0m[91m.[0m[91m.[0m[91m.[0m[91m.[0m[91m.[0m[91m.[0m[91m.[0m[91m.[0m[91m.[0m[91m.[0m[91m.[0m[91m.[0m[91m.[0m[91m.[0m[91m.[0m[91m.[0m[91m.[0m[91m.[0m[91m.[0m[91m.[0m[91m.[0m[91m.[0m[91m.[0m[91m.[0m[91m.[0m[91m.[0m[91m.[0m[91m.[0m[91m.[0m[91m.[0m[91m.[0m[91m.[0m[91m.[0m[91m.[0m[91m.[0m[91m.[0m[91m.[0m[91m.[0m[91m.[0m[91m.[0m[91m.[0m[91m.[0m[91m.[0m[91m.[0m[91m.[0m[91m.[0m[91m.[0m[91m.[0m[91m.[0m[91m.[0m[91m.[0m[91m.[0m[91m.[0m[91m.[0m[91m.[0m[91m.[0m[91m.[0m[91m.[0m[91m.[0m[91m+[0m[91m+[0m[91m+[0m[91m+[0m[91m+
[0m[91me is 65537 (0x010001)
[0m[91mwriting RSA key
[0m[91m>>> Installing /root/.abuild/-5e4e2ee4.rsa.pub to /etc/apk/keys...
[0m[91m>>> 
>>> Please remember to make a safe backup of your private key:
>>> /root/.abuild/-5e4e2ee4.rsa
[0m[91m>>> 
[0m ---> f7a9f42c9092
Removing intermediate container 0fbcecd47669
Step 12/20 : RUN for p in /tmp/mirrors/[0-9]*; do v="$(basename "$p")" ;      build-cache.sh "$v" "/mirror/$v" $(cat "$p")        ;    done
 ---> Running in 37384cd0648b
fetch http://dl-cdn.alpinelinux.org/alpine/v3.9/main/aarch64/APKINDEX.tar.gz
fetch http://dl-cdn.alpinelinux.org/alpine/v3.9/community/aarch64/APKINDEX.tar.gz
Downloading liblogging-1.0.6-r0
Downloading librelp-1.3.0-r0
Downloading libestr-0.1.10-r0
Downloading libfastjson-dev-0.99.8-r1
Downloading libestr-dev-0.1.10-r0
Downloading liblogging-dev-1.0.6-r0
Downloading libfastjson-0.99.8-r1
Downloading librelp-dev-1.3.0-r0
Index has 192 packages (of which 192 are new)
[91m>>> Signed /mirror/3.9/aarch64/APKINDEX.tar.gz
[0mOK: 1 MiB in 2 packages
 ---> 1b976c0c0f0c
Removing intermediate container 37384cd0648b
Step 13/20 : RUN mv /etc/apk/repositories /etc/apk/repositories.upstream && cp /mirror/${ALPINE_VERSION}/rootfs/etc/apk/repositories /etc/apk && apk update
 ---> Running in 8e2bff815678
OK: 198 distinct packages available
 ---> 4b4a01defdda
Removing intermediate container 8e2bff815678
Step 14/20 : FROM alpine:${ALPINE_VERSION}
 ---> ce544de9ee2c
Step 15/20 : COPY --from=mirror /etc/apk/repositories* /etc/apk/
 ---> c8e9f3bc7dec
Step 16/20 : COPY --from=mirror /etc/apk/keys /etc/apk/keys/
 ---> 8fc7369c2227
Step 17/20 : COPY --from=mirror /mirror /mirror/
 ---> 5b060c06dd77
Step 18/20 : COPY --from=mirror /Dockerfile /Dockerfile
 ---> 8f1a53bdf87b
Step 19/20 : RUN apk update && apk upgrade -a
 ---> Running in 9ef067a2c4ee
OK: 196 distinct packages available
(1/4) Upgrading musl (1.1.20-r4 -> 1.1.20-r5)
(2/4) Upgrading libcrypto1.1 (1.1.1b-r1 -> 1.1.1d-r2)
(3/4) Upgrading libssl1.1 (1.1.1b-r1 -> 1.1.1d-r2)
(4/4) Upgrading musl-utils (1.1.20-r4 -> 1.1.20-r5)
Executing busybox-1.29.3-r10.trigger
OK: 5 MiB in 14 packages
 ---> db071b0127e4
Removing intermediate container 9ef067a2c4ee
Step 20/20 : LABEL org.mobyproject.linuxkit.revision 'unknown' org.mobyproject.linuxkit.version 'unknown' org.opencontainers.image.revision '44b87ee44b953e0d7f73977b860637e2fb138162' org.opencontainers.image.source 'https://github.com/linuxkit/linuxkit'
 ---> Running in 104b69959e36
 ---> d9881f541d0a
Removing intermediate container 104b69959e36
Successfully built d9881f541d0a
Successfully tagged lfedge/eve-alpine:ad1020939fb59dbdaa558a3da99649d81e341cac-arm64
Pushing lfedge/eve-alpine:ad1020939fb59dbdaa558a3da99649d81e341cac-arm64
The push refers to a repository [docker.io/lfedge/eve-alpine]
fd3fc9934dd4: Preparing
2ea9158078d9: Preparing
acbe745fed8e: Preparing
d2fae338a9aa: Preparing
a29330815559: Preparing
6d626da635fc: Preparing
6d626da635fc: Waiting
a29330815559: Pushed
2ea9158078d9: Pushed
d2fae338a9aa: Pushed
6d626da635fc: Layer already exists
fd3fc9934dd4: Pushed
acbe745fed8e: Pushed
ad1020939fb59dbdaa558a3da99649d81e341cac-arm64: digest: sha256:2cd79b0cf5ff78e29aec397730a2550cebbb8983c8c50abf4d160a101ac9ccfe size: 1573
Pushing lfedge/eve-alpine:ad1020939fb59dbdaa558a3da99649d81e341cac-arm64 to manifest lfedge/eve-alpine:ad1020939fb59dbdaa558a3da99649d81e341cac
time="2020-02-20T08:03:13+01:00" level=warning msg="Couldn't find or access image reference \"lfedge/eve-alpine:ad1020939fb59dbdaa558a3da99649d81e341cac-s390x\". Skipping image."
Digest: sha256:925e30e5d89ac04913a0b9ac5b2205df2611414c9f018ac0568d406087749cc5 743
Not signing lfedge/eve-alpine:ad1020939fb59dbdaa558a3da99649d81e341cac
Tagging lfedge/eve-alpine:ad1020939fb59dbdaa558a3da99649d81e341cac-arm64 as lfedge/eve-alpine:snapshot-arm64
Pushing lfedge/eve-alpine:snapshot-arm64
The push refers to a repository [docker.io/lfedge/eve-alpine]
fd3fc9934dd4: Preparing
2ea9158078d9: Preparing
acbe745fed8e: Preparing
d2fae338a9aa: Preparing
a29330815559: Preparing
6d626da635fc: Preparing
6d626da635fc: Waiting
acbe745fed8e: Layer already exists
a29330815559: Layer already exists
d2fae338a9aa: Layer already exists
2ea9158078d9: Layer already exists
fd3fc9934dd4: Layer already exists
6d626da635fc: Layer already exists
snapshot-arm64: digest: sha256:2cd79b0cf5ff78e29aec397730a2550cebbb8983c8c50abf4d160a101ac9ccfe size: 1573
Pushing lfedge/eve-alpine:snapshot-arm64 to manifest lfedge/eve-alpine:snapshot
time="2020-02-20T08:03:27+01:00" level=warning msg="Couldn't find or access image reference \"lfedge/eve-alpine:snapshot-s390x\". Skipping image."
Digest: sha256:925e30e5d89ac04913a0b9ac5b2205df2611414c9f018ac0568d406087749cc5 743
Not signing lfedge/eve-alpine:snapshot
Build, push and release of "snapshot" complete, all done.
Building and pushing "lfedge/eve-debug:2ff5b19ea565a13fa93a634abdef20e04276b73b"
2ff5b19ea565a13fa93a634abdef20e04276b73b: Pulling from lfedge/eve-debug
Digest: sha256:5635f14ff52bd253d475322d9082e33364662ab71b14717dd67a9bf7e3eb84ea
Status: Image is up to date for lfedge/eve-debug:2ff5b19ea565a13fa93a634abdef20e04276b73b
Building and pushing "lfedge/eve-dnsmasq:cdb36dc56fb50bbd2b28123e435b3660adf34efb"
cdb36dc56fb50bbd2b28123e435b3660adf34efb: Pulling from lfedge/eve-dnsmasq
Digest: sha256:255b9958e32b08db84855c647cd95646b00ce23dac5493a3d6346af1102a1021
Status: Image is up to date for lfedge/eve-dnsmasq:cdb36dc56fb50bbd2b28123e435b3660adf34efb
Building and pushing "lfedge/eve-dom0-ztools:fdfeabd2c6e03482e9a1bf6b1c78c1a9d9263a80"
fdfeabd2c6e03482e9a1bf6b1c78c1a9d9263a80: Pulling from lfedge/eve-dom0-ztools
no matching manifest for linux/arm64 in the manifest list entries
No image pulled, continuing with build
Sending build context to Docker daemon  15.36kB
Step 1/3 : FROM scratch
 ---> 
Step 2/3 : ADD rootfs/ /
 ---> 30b8d1319dc3
Step 3/3 : LABEL org.mobyproject.linuxkit.revision 'unknown' org.mobyproject.linuxkit.version 'unknown' org.opencontainers.image.revision '44b87ee44b953e0d7f73977b860637e2fb138162' org.opencontainers.image.source 'https://github.com/linuxkit/linuxkit'
 ---> Running in 23ff2a541f2b
 ---> ff76f1101dc9
Removing intermediate container 23ff2a541f2b
Successfully built ff76f1101dc9
Successfully tagged lfedge/eve-dom0-ztools:fdfeabd2c6e03482e9a1bf6b1c78c1a9d9263a80-arm64
Pushing lfedge/eve-dom0-ztools:fdfeabd2c6e03482e9a1bf6b1c78c1a9d9263a80-arm64
The push refers to a repository [docker.io/lfedge/eve-dom0-ztools]
cbb37c09e3ce: Preparing
cbb37c09e3ce: Pushed
fdfeabd2c6e03482e9a1bf6b1c78c1a9d9263a80-arm64: digest: sha256:040f4732217ce4550924adf039d32962b653030d7cce72987c8c429c9eeb3b9a size: 525
Pushing lfedge/eve-dom0-ztools:fdfeabd2c6e03482e9a1bf6b1c78c1a9d9263a80-arm64 to manifest lfedge/eve-dom0-ztools:fdfeabd2c6e03482e9a1bf6b1c78c1a9d9263a80
time="2020-02-20T08:04:08+01:00" level=warning msg="Couldn't find or access image reference \"lfedge/eve-dom0-ztools:fdfeabd2c6e03482e9a1bf6b1c78c1a9d9263a80-s390x\". Skipping image."
Digest: sha256:b5445446cc275a51160a336d765e6dd5d5713fdbef9e9abcd4508e11b7ae1ac4 741
Not signing lfedge/eve-dom0-ztools:fdfeabd2c6e03482e9a1bf6b1c78c1a9d9263a80
Tagging lfedge/eve-dom0-ztools:fdfeabd2c6e03482e9a1bf6b1c78c1a9d9263a80-arm64 as lfedge/eve-dom0-ztools:snapshot-arm64
Pushing lfedge/eve-dom0-ztools:snapshot-arm64
The push refers to a repository [docker.io/lfedge/eve-dom0-ztools]
cbb37c09e3ce: Preparing
cbb37c09e3ce: Layer already exists
snapshot-arm64: digest: sha256:040f4732217ce4550924adf039d32962b653030d7cce72987c8c429c9eeb3b9a size: 525
Pushing lfedge/eve-dom0-ztools:snapshot-arm64 to manifest lfedge/eve-dom0-ztools:snapshot
time="2020-02-20T08:04:21+01:00" level=warning msg="Couldn't find or access image reference \"lfedge/eve-dom0-ztools:snapshot-s390x\". Skipping image."
Digest: sha256:b5445446cc275a51160a336d765e6dd5d5713fdbef9e9abcd4508e11b7ae1ac4 741
Not signing lfedge/eve-dom0-ztools:snapshot
Build, push and release of "snapshot" complete, all done.
Building and pushing "lfedge/eve-fscrypt:14e5bffae1e7744eacafa3d46d2cbff39027cd3c"
14e5bffae1e7744eacafa3d46d2cbff39027cd3c: Pulling from lfedge/eve-fscrypt
Digest: sha256:edab2411002df436daf2e8c515811b0486b77e6bdd582ce242290374279fb59b
Status: Image is up to date for lfedge/eve-fscrypt:14e5bffae1e7744eacafa3d46d2cbff39027cd3c
Building and pushing "lfedge/eve-fw:e07c45a98386767ec3926b813dc4b46a96a81541"
e07c45a98386767ec3926b813dc4b46a96a81541: Pulling from lfedge/eve-fw
Digest: sha256:d2e5b34ea83168a68fbe9a420efac40264b187ff3f0a22658e8916b3f5fe6385
Status: Image is up to date for lfedge/eve-fw:e07c45a98386767ec3926b813dc4b46a96a81541
Building and pushing "lfedge/eve-gpt-tools:e378abea66b77fb7e9587b798a8caf5c78f440c1"
e378abea66b77fb7e9587b798a8caf5c78f440c1: Pulling from lfedge/eve-gpt-tools
Digest: sha256:5ab0097ee02c29d030203bd8abd8bcff401b987d5d009db75c8ac051e147210b
Status: Image is up to date for lfedge/eve-gpt-tools:e378abea66b77fb7e9587b798a8caf5c78f440c1
Building and pushing "lfedge/eve-grub:6ba90a37e6f4d81a8a0c1d58f8eca99e72e19fdb"
6ba90a37e6f4d81a8a0c1d58f8eca99e72e19fdb: Pulling from lfedge/eve-grub
Digest: sha256:8287a26631a759ff89c0135e5afcb2af0f84fc31cb5c4927fa4a7e132cbd0fe1
Status: Image is up to date for lfedge/eve-grub:6ba90a37e6f4d81a8a0c1d58f8eca99e72e19fdb
Building and pushing "lfedge/eve-guacd:f1f08a0fcadd35320f5d03fe0f0a1a318e8449be"
f1f08a0fcadd35320f5d03fe0f0a1a318e8449be: Pulling from lfedge/eve-guacd
Digest: sha256:c63eaa48b06670e26a257eff3264a87bf0117effb2bb63ba5609b89ec4dcdc1c
Status: Image is up to date for lfedge/eve-guacd:f1f08a0fcadd35320f5d03fe0f0a1a318e8449be
Building and pushing "lfedge/eve-kernel:0b58e0f9261e72839110c9f7c611f099c1062d6e"
0b58e0f9261e72839110c9f7c611f099c1062d6e: Pulling from lfedge/eve-kernel
Digest: sha256:712eccf885bd4ece1ba61af6ffc5faa9405918385bbf3aff456c203b2dd99069
Status: Image is up to date for lfedge/eve-kernel:0b58e0f9261e72839110c9f7c611f099c1062d6e
Building and pushing "lfedge/eve-lisp:734a389f37b243ef0f851d04bd20d23a8e16e81e"
734a389f37b243ef0f851d04bd20d23a8e16e81e: Pulling from lfedge/eve-lisp
no matching manifest for linux/arm64 in the manifest list entries
No image pulled, continuing with build
Sending build context to Docker daemon  11.34MB
Step 1/32 : ARG GOVER=1.12.4
 ---> 
Step 2/32 : FROM golang:${GOVER}-alpine as build
 ---> 7701ec5e84de
Step 3/32 : RUN apk add --no-cache                   gcc=8.3.0-r0                     linux-headers=4.18.13-r1         libc-dev=0.7.1-r0                libpcap-dev=1.9.0-r1
 ---> Running in 3dcb88c197d7
fetch http://dl-cdn.alpinelinux.org/alpine/v3.9/main/aarch64/APKINDEX.tar.gz
fetch http://dl-cdn.alpinelinux.org/alpine/v3.9/community/aarch64/APKINDEX.tar.gz
(1/18) Upgrading musl (1.1.20-r4 -> 1.1.20-r5)
(2/18) Installing binutils (2.31.1-r2)
(3/18) Installing gmp (6.1.2-r1)
(4/18) Installing isl (0.18-r0)
(5/18) Installing libgomp (8.3.0-r0)
(6/18) Installing libatomic (8.3.0-r0)
(7/18) Installing libgcc (8.3.0-r0)
(8/18) Installing mpfr3 (3.1.5-r1)
(9/18) Installing mpc1 (1.0.3-r1)
(10/18) Installing libstdc++ (8.3.0-r0)
(11/18) Installing gcc (8.3.0-r0)
(12/18) Installing musl-dev (1.1.20-r5)
(13/18) Installing libc-dev (0.7.1-r0)
(14/18) Upgrading musl-utils (1.1.20-r4 -> 1.1.20-r5)
(15/18) Installing libpcap (1.9.0-r1)
(16/18) Installing pkgconf (1.6.0-r0)
(17/18) Installing libpcap-dev (1.9.0-r1)
(18/18) Installing linux-headers (4.18.13-r1)
Executing busybox-1.29.3-r10.trigger
OK: 98 MiB in 31 packages
 ---> d4830a6a04b9
Removing intermediate container 3dcb88c197d7
Step 4/32 : ENV GOFLAGS -mod=vendor
 ---> Running in 2cb3bfe38593
 ---> 4e361d5372c2
Removing intermediate container 2cb3bfe38593
Step 5/32 : ENV GO111MODULE on
 ---> Running in a2680585e53a
 ---> 64672afa00fd
Removing intermediate container a2680585e53a
Step 6/32 : ENV CGO_ENABLED 1
 ---> Running in e9e588c7f268
 ---> 25abb34664e9
Removing intermediate container e9e588c7f268
Step 7/32 : COPY ./ /lisp/
 ---> 35c32ec279a8
Step 8/32 : WORKDIR /lisp
 ---> 0d97ba197b14
Removing intermediate container 3cff1cb28e37
Step 9/32 : RUN go build -mod=vendor -o lisp-ztr ./cmd/lisp-ztr
 ---> Running in 84c246aa6388
 ---> 23c9d19a7fdf
Removing intermediate container 84c246aa6388
Step 10/32 : RUN strip lisp-ztr
 ---> Running in bf7b1ad32730
 ---> b6650df1f24f
Removing intermediate container bf7b1ad32730
Step 11/32 : FROM alpine:3.8 AS lisp
 ---> c2b4b73a5fef
Step 12/32 : ENV LISP_VERSION release-0.488
 ---> Running in 182ec2399ea5
 ---> f4fb1e3b709e
Removing intermediate container 182ec2399ea5
Step 13/32 : ADD https://github.com/farinacci/lispers.net/archive/${LISP_VERSION}.tar.gz /tmp/


 ---> 1c31c4c00bc9
Step 14/32 : ADD patches /tmp/patches
 ---> e758d878f15b
Step 15/32 : RUN apk add --no-cache py2-pyflakes py2-pip gcc linux-headers      libc-dev python python-dev libffi-dev openssl-dev libpcap-dev
 ---> Running in 13b5a477fb07
fetch http://dl-cdn.alpinelinux.org/alpine/v3.8/main/aarch64/APKINDEX.tar.gz
fetch http://dl-cdn.alpinelinux.org/alpine/v3.8/community/aarch64/APKINDEX.tar.gz
(1/37) Upgrading musl (1.1.19-r10 -> 1.1.19-r11)
(2/37) Installing binutils (2.30-r6)
(3/37) Installing gmp (6.1.2-r1)
(4/37) Installing isl (0.18-r0)
(5/37) Installing libgomp (6.4.0-r9)
(6/37) Installing libatomic (6.4.0-r9)
(7/37) Installing libgcc (6.4.0-r9)
(8/37) Installing pkgconf (1.5.3-r0)
(9/37) Installing mpfr3 (3.1.5-r1)
(10/37) Installing mpc1 (1.0.3-r1)
(11/37) Installing libstdc++ (6.4.0-r9)
(12/37) Installing gcc (6.4.0-r9)
(13/37) Installing musl-dev (1.1.19-r11)
(14/37) Installing libc-dev (0.7.1-r0)
(15/37) Upgrading musl-utils (1.1.19-r10 -> 1.1.19-r11)
(16/37) Installing libffi (3.2.1-r4)
(17/37) Installing libffi-dev (3.2.1-r4)
(18/37) Installing libpcap (1.8.1-r1)
(19/37) Installing libpcap-dev (1.8.1-r1)
(20/37) Installing linux-headers (4.4.6-r2)
(21/37) Installing zlib-dev (1.2.11-r1)
(22/37) Installing libcrypto1.0 (1.0.2u-r0)
(23/37) Installing libssl1.0 (1.0.2u-r0)
(24/37) Installing openssl-dev (1.0.2u-r0)
(25/37) Installing libbz2 (1.0.6-r7)
(26/37) Installing expat (2.2.8-r0)
(27/37) Installing gdbm (1.13-r1)
(28/37) Installing ncurses-terminfo-base (6.1_p20180818-r1)
(29/37) Installing ncurses-terminfo (6.1_p20180818-r1)
(30/37) Installing ncurses-libs (6.1_p20180818-r1)
(31/37) Installing readline (7.0.003-r0)
(32/37) Installing sqlite-libs (3.25.3-r3)
(33/37) Installing python2 (2.7.15-r3)
(34/37) Installing py-setuptools (39.1.0-r0)
(35/37) Installing py2-pip (10.0.1-r0)
(36/37) Installing py2-pyflakes (1.6.0-r3)
(37/37) Installing python2-dev (2.7.15-r3)
Executing busybox-1.28.4-r3.trigger
OK: 187 MiB in 48 packages
 ---> 8aaadcb7dba8
Removing intermediate container 13b5a477fb07
Step 16/32 : RUN ln -s pyflakes-2 /usr/bin/pyflakes
 ---> Running in 1d58dc380a24
 ---> 1801b9097eb2
Removing intermediate container 1d58dc380a24
Step 17/32 : RUN tar -C /tmp -xzvf /tmp/${LISP_VERSION}.tar.gz &&     cd /tmp/lispers.net-${LISP_VERSION} &&     for p in /tmp/patches/* ; do patch -p1 < $p ; done &&     cd build ; python make-release.py dev &&     mkdir /lisp ; tar -C /lisp -xzvf latest/lispers.net.tgz
 ---> Running in 37a20e044fd4
lispers.net-release-0.488/
lispers.net-release-0.488/.gitignore
lispers.net-release-0.488/CODEOWNERS
lispers.net-release-0.488/GOVERNANCE
lispers.net-release-0.488/LICENSE
lispers.net-release-0.488/NOTICE
lispers.net-release-0.488/README
lispers.net-release-0.488/apps/
lispers.net-release-0.488/apps/README
lispers.net-release-0.488/apps/lisp-add-mc.py
lispers.net-release-0.488/apps/lisp-join.py
lispers.net-release-0.488/apps/lisp-map-cache.py
lispers.net-release-0.488/apps/lisp-news-receiver.py
lispers.net-release-0.488/apps/lisp-news-sender.py
lispers.net-release-0.488/apps/lisp-onoff.py
lispers.net-release-0.488/apps/lisp-provision-site.py
lispers.net-release-0.488/apps/lisp-provision-vpn.py
lispers.net-release-0.488/apps/lisp-provision-xtr.py
lispers.net-release-0.488/apps/lisp-sys-info.py
lispers.net-release-0.488/apps/lisp-watch-pps.py
lispers.net-release-0.488/apps/loc8tr.py
lispers.net-release-0.488/apps/make-crypto-eid.py
lispers.net-release-0.488/apps/make-eid-hash.py
lispers.net-release-0.488/apps/ping-from-eeid.py
lispers.net-release-0.488/build/
lispers.net-release-0.488/build/Dockerfile
lispers.net-release-0.488/build/README
lispers.net-release-0.488/build/RL.docker
lispers.net-release-0.488/build/commit-release
lispers.net-release-0.488/build/latest
lispers.net-release-0.488/build/make-apps-release.py
lispers.net-release-0.488/build/make-release.py
lispers.net-release-0.488/build/py-depend/
lispers.net-release-0.488/build/py-depend/get-pip.py
lispers.net-release-0.488/build/py-depend/lispers.net-install-ubuntu.py
lispers.net-release-0.488/build/py-depend/lispers.net-test-install.py
lispers.net-release-0.488/build/py-depend/pip-requirements.txt
lispers.net-release-0.488/build/release-0.486/
lispers.net-release-0.488/build/release-0.486/RESTART-LISP
lispers.net-release-0.488/build/release-0.486/RL-template
lispers.net-release-0.488/build/release-0.486/RUN-LISP
lispers.net-release-0.488/build/release-0.486/STOP-LISP
lispers.net-release-0.488/build/release-0.486/bin/
lispers.net-release-0.488/build/release-0.486/bin/chacha.pyo
lispers.net-release-0.488/build/release-0.486/bin/is-lisp-running.pyo
lispers.net-release-0.488/build/release-0.486/bin/lisp-core.pyo
lispers.net-release-0.488/build/release-0.486/bin/lisp-ddt.pyo
lispers.net-release-0.488/build/release-0.486/bin/lisp-etr.pyo
lispers.net-release-0.488/build/release-0.486/bin/lisp-get-bits.pyo
lispers.net-release-0.488/build/release-0.486/bin/lisp-itr.pyo
lispers.net-release-0.488/build/release-0.486/bin/lisp-lig.pyo
lispers.net-release-0.488/build/release-0.486/bin/lisp-log-packets.pyo
lispers.net-release-0.488/build/release-0.486/bin/lisp-mr.pyo
lispers.net-release-0.488/build/release-0.486/bin/lisp-ms.pyo
lispers.net-release-0.488/build/release-0.486/bin/lisp-rig.pyo
lispers.net-release-0.488/build/release-0.486/bin/lisp-rtr.pyo
lispers.net-release-0.488/build/release-0.486/bin/lisp-save-logs.pyo
lispers.net-release-0.488/build/release-0.486/bin/lisp.pyo
lispers.net-release-0.488/build/release-0.486/bin/lispapi.pyo
lispers.net-release-0.488/build/release-0.486/bin/lispconfig.pyo
lispers.net-release-0.488/build/release-0.486/bin/lispers.net-install-ubuntu.pyo
lispers.net-release-0.488/build/release-0.486/bin/lispers.net-test-install.pyo
lispers.net-release-0.488/build/release-0.486/bin/poly1305.pyo
lispers.net-release-0.488/build/release-0.486/bin/remove-lisp-iptables.pyo
lispers.net-release-0.488/build/release-0.486/bin/remove-lisp-locks.pyo
lispers.net-release-0.488/build/release-0.486/get-pip.py
lispers.net-release-0.488/build/release-0.486/how-to-install.txt
lispers.net-release-0.488/build/release-0.486/lisp-build-date.txt
lispers.net-release-0.488/build/release-0.486/lisp-cert.pem.default
lispers.net-release-0.488/build/release-0.486/lisp-version.txt
lispers.net-release-0.488/build/release-0.486/lisp.config.example
lispers.net-release-0.488/build/release-0.486/lispapi.txt
lispers.net-release-0.488/build/release-0.486/lispers.net-geo.html
lispers.net-release-0.488/build/release-0.486/lispers.net-x86-release-0.486.tgz
lispers.net-release-0.488/build/release-0.486/lispers.net.tgz
lispers.net-release-0.488/build/release-0.486/log-packets
lispers.net-release-0.488/build/release-0.486/ob/
lispers.net-release-0.488/build/release-0.486/ob/chacha.py
lispers.net-release-0.488/build/release-0.486/ob/is-lisp-running.py
lispers.net-release-0.488/build/release-0.486/ob/lisp-core.py
lispers.net-release-0.488/build/release-0.486/ob/lisp-ddt.py
lispers.net-release-0.488/build/release-0.486/ob/lisp-etr.py
lispers.net-release-0.488/build/release-0.486/ob/lisp-get-bits.py
lispers.net-release-0.488/build/release-0.486/ob/lisp-itr.py
lispers.net-release-0.488/build/release-0.486/ob/lisp-lig.py
lispers.net-release-0.488/build/release-0.486/ob/lisp-log-packets.py
lispers.net-release-0.488/build/release-0.486/ob/lisp-mr.py
lispers.net-release-0.488/build/release-0.486/ob/lisp-ms.py
lispers.net-release-0.488/build/release-0.486/ob/lisp-rig.py
lispers.net-release-0.488/build/release-0.486/ob/lisp-rtr.py
lispers.net-release-0.488/build/release-0.486/ob/lisp-save-logs.py
lispers.net-release-0.488/build/release-0.486/ob/lisp.py
lispers.net-release-0.488/build/release-0.486/ob/lispapi.py
lispers.net-release-0.488/build/release-0.486/ob/lispconfig.py
lispers.net-release-0.488/build/release-0.486/ob/lispers.net-install-ubuntu.py
lispers.net-release-0.488/build/release-0.486/ob/lispers.net-test-install.py
lispers.net-release-0.488/build/release-0.486/ob/poly1305.py
lispers.net-release-0.488/build/release-0.486/ob/remove-lisp-iptables.py
lispers.net-release-0.488/build/release-0.486/ob/remove-lisp-locks.py
lispers.net-release-0.488/build/release-0.486/pip-requirements.txt
lispers.net-release-0.488/build/release-0.486/pslisp
lispers.net-release-0.488/build/release-0.486/release-notes.txt
lispers.net-release-0.488/build/release-0.486/src/
lispers.net-release-0.488/build/release-0.486/src/chacha.py
lispers.net-release-0.488/build/release-0.486/src/is-lisp-running.py
lispers.net-release-0.488/build/release-0.486/src/lisp-core.py
lispers.net-release-0.488/build/release-0.486/src/lisp-ddt.py
lispers.net-release-0.488/build/release-0.486/src/lisp-etr.py
lispers.net-release-0.488/build/release-0.486/src/lisp-get-bits.py
lispers.net-release-0.488/build/release-0.486/src/lisp-itr.py
lispers.net-release-0.488/build/release-0.486/src/lisp-lig.py
lispers.net-release-0.488/build/release-0.486/src/lisp-log-packets.py
lispers.net-release-0.488/build/release-0.486/src/lisp-mr.py
lispers.net-release-0.488/build/release-0.486/src/lisp-ms.py
lispers.net-release-0.488/build/release-0.486/src/lisp-rig.py
lispers.net-release-0.488/build/release-0.486/src/lisp-rtr.py
lispers.net-release-0.488/build/release-0.486/src/lisp-save-logs.py
lispers.net-release-0.488/build/release-0.486/src/lisp.py
lispers.net-release-0.488/build/release-0.486/src/lispapi.py
lispers.net-release-0.488/build/release-0.486/src/lispconfig.py
lispers.net-release-0.488/build/release-0.486/src/lispers.net-install-ubuntu.py
lispers.net-release-0.488/build/release-0.486/src/lispers.net-test-install.py
lispers.net-release-0.488/build/release-0.486/src/poly1305.py
lispers.net-release-0.488/build/release-0.486/src/remove-lisp-iptables.py
lispers.net-release-0.488/build/release-0.486/src/remove-lisp-locks.py
lispers.net-release-0.488/build/release-0.487/
lispers.net-release-0.488/build/release-0.487/RESTART-LISP
lispers.net-release-0.488/build/release-0.487/RL-template
lispers.net-release-0.488/build/release-0.487/RUN-LISP
lispers.net-release-0.488/build/release-0.487/STOP-LISP
lispers.net-release-0.488/build/release-0.487/bin/
lispers.net-release-0.488/build/release-0.487/bin/chacha.pyo
lispers.net-release-0.488/build/release-0.487/bin/is-lisp-running.pyo
lispers.net-release-0.488/build/release-0.487/bin/lisp-core.pyo
lispers.net-release-0.488/build/release-0.487/bin/lisp-ddt.pyo
lispers.net-release-0.488/build/release-0.487/bin/lisp-etr.pyo
lispers.net-release-0.488/build/release-0.487/bin/lisp-get-bits.pyo
lispers.net-release-0.488/build/release-0.487/bin/lisp-itr.pyo
lispers.net-release-0.488/build/release-0.487/bin/lisp-lig.pyo
lispers.net-release-0.488/build/release-0.487/bin/lisp-log-packets.pyo
lispers.net-release-0.488/build/release-0.487/bin/lisp-mr.pyo
lispers.net-release-0.488/build/release-0.487/bin/lisp-ms.pyo
lispers.net-release-0.488/build/release-0.487/bin/lisp-rig.pyo
lispers.net-release-0.488/build/release-0.487/bin/lisp-rtr.pyo
lispers.net-release-0.488/build/release-0.487/bin/lisp-save-logs.pyo
lispers.net-release-0.488/build/release-0.487/bin/lisp.pyo
lispers.net-release-0.488/build/release-0.487/bin/lispapi.pyo
lispers.net-release-0.488/build/release-0.487/bin/lispconfig.pyo
lispers.net-release-0.488/build/release-0.487/bin/lispers.net-install-ubuntu.pyo
lispers.net-release-0.488/build/release-0.487/bin/lispers.net-test-install.pyo
lispers.net-release-0.488/build/release-0.487/bin/poly1305.pyo
lispers.net-release-0.488/build/release-0.487/bin/remove-lisp-iptables.pyo
lispers.net-release-0.488/build/release-0.487/bin/remove-lisp-locks.pyo
lispers.net-release-0.488/build/release-0.487/get-pip.py
lispers.net-release-0.488/build/release-0.487/how-to-install.txt
lispers.net-release-0.488/build/release-0.487/lisp-build-date.txt
lispers.net-release-0.488/build/release-0.487/lisp-cert.pem.default
lispers.net-release-0.488/build/release-0.487/lisp-version.txt
lispers.net-release-0.488/build/release-0.487/lisp.config.example
lispers.net-release-0.488/build/release-0.487/lispapi.txt
lispers.net-release-0.488/build/release-0.487/lispers.net-geo.html
lispers.net-release-0.488/build/release-0.487/lispers.net-x86-release-0.487.tgz
lispers.net-release-0.488/build/release-0.487/lispers.net.tgz
lispers.net-release-0.488/build/release-0.487/log-packets
lispers.net-release-0.488/build/release-0.487/ob/
lispers.net-release-0.488/build/release-0.487/ob/chacha.py
lispers.net-release-0.488/build/release-0.487/ob/is-lisp-running.py
lispers.net-release-0.488/build/release-0.487/ob/lisp-core.py
lispers.net-release-0.488/build/release-0.487/ob/lisp-ddt.py
lispers.net-release-0.488/build/release-0.487/ob/lisp-etr.py
lispers.net-release-0.488/build/release-0.487/ob/lisp-get-bits.py
lispers.net-release-0.488/build/release-0.487/ob/lisp-itr.py
lispers.net-release-0.488/build/release-0.487/ob/lisp-lig.py
lispers.net-release-0.488/build/release-0.487/ob/lisp-log-packets.py
lispers.net-release-0.488/build/release-0.487/ob/lisp-mr.py
lispers.net-release-0.488/build/release-0.487/ob/lisp-ms.py
lispers.net-release-0.488/build/release-0.487/ob/lisp-rig.py
lispers.net-release-0.488/build/release-0.487/ob/lisp-rtr.py
lispers.net-release-0.488/build/release-0.487/ob/lisp-save-logs.py
lispers.net-release-0.488/build/release-0.487/ob/lisp.py
lispers.net-release-0.488/build/release-0.487/ob/lispapi.py
lispers.net-release-0.488/build/release-0.487/ob/lispconfig.py
lispers.net-release-0.488/build/release-0.487/ob/lispers.net-install-ubuntu.py
lispers.net-release-0.488/build/release-0.487/ob/lispers.net-test-install.py
lispers.net-release-0.488/build/release-0.487/ob/poly1305.py
lispers.net-release-0.488/build/release-0.487/ob/remove-lisp-iptables.py
lispers.net-release-0.488/build/release-0.487/ob/remove-lisp-locks.py
lispers.net-release-0.488/build/release-0.487/pip-requirements.txt
lispers.net-release-0.488/build/release-0.487/pslisp
lispers.net-release-0.488/build/release-0.487/release-notes.txt
lispers.net-release-0.488/build/release-0.487/src/
lispers.net-release-0.488/build/release-0.487/src/chacha.py
lispers.net-release-0.488/build/release-0.487/src/is-lisp-running.py
lispers.net-release-0.488/build/release-0.487/src/lisp-core.py
lispers.net-release-0.488/build/release-0.487/src/lisp-ddt.py
lispers.net-release-0.488/build/release-0.487/src/lisp-etr.py
lispers.net-release-0.488/build/release-0.487/src/lisp-get-bits.py
lispers.net-release-0.488/build/release-0.487/src/lisp-itr.py
lispers.net-release-0.488/build/release-0.487/src/lisp-lig.py
lispers.net-release-0.488/build/release-0.487/src/lisp-log-packets.py
lispers.net-release-0.488/build/release-0.487/src/lisp-mr.py
lispers.net-release-0.488/build/release-0.487/src/lisp-ms.py
lispers.net-release-0.488/build/release-0.487/src/lisp-rig.py
lispers.net-release-0.488/build/release-0.487/src/lisp-rtr.py
lispers.net-release-0.488/build/release-0.487/src/lisp-save-logs.py
lispers.net-release-0.488/build/release-0.487/src/lisp.py
lispers.net-release-0.488/build/release-0.487/src/lispapi.py
lispers.net-release-0.488/build/release-0.487/src/lispconfig.py
lispers.net-release-0.488/build/release-0.487/src/lispers.net-install-ubuntu.py
lispers.net-release-0.488/build/release-0.487/src/lispers.net-test-install.py
lispers.net-release-0.488/build/release-0.487/src/poly1305.py
lispers.net-release-0.488/build/release-0.487/src/remove-lisp-iptables.py
lispers.net-release-0.488/build/release-0.487/src/remove-lisp-locks.py
lispers.net-release-0.488/build/release-0.488/
lispers.net-release-0.488/build/release-0.488/RESTART-LISP
lispers.net-release-0.488/build/release-0.488/RL-template
lispers.net-release-0.488/build/release-0.488/RUN-LISP
lispers.net-release-0.488/build/release-0.488/STOP-LISP
lispers.net-release-0.488/build/release-0.488/bin/
lispers.net-release-0.488/build/release-0.488/bin/chacha.pyo
lispers.net-release-0.488/build/release-0.488/bin/is-lisp-running.pyo
lispers.net-release-0.488/build/release-0.488/bin/lisp-core.pyo
lispers.net-release-0.488/build/release-0.488/bin/lisp-ddt.pyo
lispers.net-release-0.488/build/release-0.488/bin/lisp-etr.pyo
lispers.net-release-0.488/build/release-0.488/bin/lisp-get-bits.pyo
lispers.net-release-0.488/build/release-0.488/bin/lisp-itr.pyo
lispers.net-release-0.488/build/release-0.488/bin/lisp-lig.pyo
lispers.net-release-0.488/build/release-0.488/bin/lisp-log-packets.pyo
lispers.net-release-0.488/build/release-0.488/bin/lisp-mr.pyo
lispers.net-release-0.488/build/release-0.488/bin/lisp-ms.pyo
lispers.net-release-0.488/build/release-0.488/bin/lisp-rig.pyo
lispers.net-release-0.488/build/release-0.488/bin/lisp-rtr.pyo
lispers.net-release-0.488/build/release-0.488/bin/lisp-save-logs.pyo
lispers.net-release-0.488/build/release-0.488/bin/lisp.pyo
lispers.net-release-0.488/build/release-0.488/bin/lispapi.pyo
lispers.net-release-0.488/build/release-0.488/bin/lispconfig.pyo
lispers.net-release-0.488/build/release-0.488/bin/lispers.net-install-ubuntu.pyo
lispers.net-release-0.488/build/release-0.488/bin/lispers.net-test-install.pyo
lispers.net-release-0.488/build/release-0.488/bin/poly1305.pyo
lispers.net-release-0.488/build/release-0.488/bin/remove-lisp-iptables.pyo
lispers.net-release-0.488/build/release-0.488/bin/remove-lisp-locks.pyo
lispers.net-release-0.488/build/release-0.488/get-pip.py
lispers.net-release-0.488/build/release-0.488/how-to-install.txt
lispers.net-release-0.488/build/release-0.488/lisp-build-date.txt
lispers.net-release-0.488/build/release-0.488/lisp-cert.pem.default
lispers.net-release-0.488/build/release-0.488/lisp-version.txt
lispers.net-release-0.488/build/release-0.488/lisp.config.example
lispers.net-release-0.488/build/release-0.488/lispapi.txt
lispers.net-release-0.488/build/release-0.488/lispers.net-geo.html
lispers.net-release-0.488/build/release-0.488/lispers.net-x86-release-0.488.tgz
lispers.net-release-0.488/build/release-0.488/lispers.net.tgz
lispers.net-release-0.488/build/release-0.488/log-packets
lispers.net-release-0.488/build/release-0.488/ob/
lispers.net-release-0.488/build/release-0.488/ob/chacha.py
lispers.net-release-0.488/build/release-0.488/ob/is-lisp-running.py
lispers.net-release-0.488/build/release-0.488/ob/lisp-core.py
lispers.net-release-0.488/build/release-0.488/ob/lisp-ddt.py
lispers.net-release-0.488/build/release-0.488/ob/lisp-etr.py
lispers.net-release-0.488/build/release-0.488/ob/lisp-get-bits.py
lispers.net-release-0.488/build/release-0.488/ob/lisp-itr.py
lispers.net-release-0.488/build/release-0.488/ob/lisp-lig.py
lispers.net-release-0.488/build/release-0.488/ob/lisp-log-packets.py
lispers.net-release-0.488/build/release-0.488/ob/lisp-mr.py
lispers.net-release-0.488/build/release-0.488/ob/lisp-ms.py
lispers.net-release-0.488/build/release-0.488/ob/lisp-rig.py
lispers.net-release-0.488/build/release-0.488/ob/lisp-rtr.py
lispers.net-release-0.488/build/release-0.488/ob/lisp-save-logs.py
lispers.net-release-0.488/build/release-0.488/ob/lisp.py
lispers.net-release-0.488/build/release-0.488/ob/lispapi.py
lispers.net-release-0.488/build/release-0.488/ob/lispconfig.py
lispers.net-release-0.488/build/release-0.488/ob/lispers.net-install-ubuntu.py
lispers.net-release-0.488/build/release-0.488/ob/lispers.net-test-install.py
lispers.net-release-0.488/build/release-0.488/ob/poly1305.py
lispers.net-release-0.488/build/release-0.488/ob/remove-lisp-iptables.py
lispers.net-release-0.488/build/release-0.488/ob/remove-lisp-locks.py
lispers.net-release-0.488/build/release-0.488/pip-requirements.txt
lispers.net-release-0.488/build/release-0.488/pslisp
lispers.net-release-0.488/build/release-0.488/release-notes.txt
lispers.net-release-0.488/build/release-0.488/src/
lispers.net-release-0.488/build/release-0.488/src/chacha.py
lispers.net-release-0.488/build/release-0.488/src/is-lisp-running.py
lispers.net-release-0.488/build/release-0.488/src/lisp-core.py
lispers.net-release-0.488/build/release-0.488/src/lisp-ddt.py
lispers.net-release-0.488/build/release-0.488/src/lisp-etr.py
lispers.net-release-0.488/build/release-0.488/src/lisp-get-bits.py
lispers.net-release-0.488/build/release-0.488/src/lisp-itr.py
lispers.net-release-0.488/build/release-0.488/src/lisp-lig.py
lispers.net-release-0.488/build/release-0.488/src/lisp-log-packets.py
lispers.net-release-0.488/build/release-0.488/src/lisp-mr.py
lispers.net-release-0.488/build/release-0.488/src/lisp-ms.py
lispers.net-release-0.488/build/release-0.488/src/lisp-rig.py
lispers.net-release-0.488/build/release-0.488/src/lisp-rtr.py
lispers.net-release-0.488/build/release-0.488/src/lisp-save-logs.py
lispers.net-release-0.488/build/release-0.488/src/lisp.py
lispers.net-release-0.488/build/release-0.488/src/lispapi.py
lispers.net-release-0.488/build/release-0.488/src/lispconfig.py
lispers.net-release-0.488/build/release-0.488/src/lispers.net-install-ubuntu.py
lispers.net-release-0.488/build/release-0.488/src/lispers.net-test-install.py
lispers.net-release-0.488/build/release-0.488/src/poly1305.py
lispers.net-release-0.488/build/release-0.488/src/remove-lisp-iptables.py
lispers.net-release-0.488/build/release-0.488/src/remove-lisp-locks.py
lispers.net-release-0.488/build/release-notes.txt
lispers.net-release-0.488/build/stable
lispers.net-release-0.488/docs/
lispers.net-release-0.488/docs/README
lispers.net-release-0.488/docs/feature-list.txt
lispers.net-release-0.488/docs/how-to-install.txt
lispers.net-release-0.488/docs/how-to-use-apps.txt
lispers.net-release-0.488/docs/lisp-ipc-data-plane.txt
lispers.net-release-0.488/docs/lisp-runs-on.pdf
lispers.net-release-0.488/docs/lisp.config.ddt
lispers.net-release-0.488/docs/lisp.config.decent-xtr-her
lispers.net-release-0.488/docs/lisp.config.decent-xtr-underlay
lispers.net-release-0.488/docs/lisp.config.example
lispers.net-release-0.488/docs/lisp.config.mrms
lispers.net-release-0.488/docs/lisp.config.ms-ddt
lispers.net-release-0.488/docs/lisp.config.petr
lispers.net-release-0.488/docs/lisp.config.pitr
lispers.net-release-0.488/docs/lisp.config.rtr
lispers.net-release-0.488/docs/lisp.config.xtr
lispers.net-release-0.488/docs/lisp.config.xtr-L2
lispers.net-release-0.488/docs/lisp.config.xtr-crypto
lispers.net-release-0.488/docs/lisp.config.xtr-mobility
lispers.net-release-0.488/docs/lisp.config.xtr-multi-tenant
lispers.net-release-0.488/docs/lisp.config.xtr-multicast
lispers.net-release-0.488/docs/lisp.config.xtr-nat
lispers.net-release-0.488/docs/loc8tr.pdf
lispers.net-release-0.488/docs/release-history.pdf
lispers.net-release-0.488/lisp/
lispers.net-release-0.488/lisp/README
lispers.net-release-0.488/lisp/RESTART-LISP
lispers.net-release-0.488/lisp/RL-template
lispers.net-release-0.488/lisp/RUN-LISP
lispers.net-release-0.488/lisp/STOP-LISP
lispers.net-release-0.488/lisp/build-xtr
lispers.net-release-0.488/lisp/chacha.py
lispers.net-release-0.488/lisp/ipc.go
lispers.net-release-0.488/lisp/is-lisp-running.py
lispers.net-release-0.488/lisp/lisp-cert.pem
lispers.net-release-0.488/lisp/lisp-cert.pem.default
lispers.net-release-0.488/lisp/lisp-core.py
lispers.net-release-0.488/lisp/lisp-ddt.py
lispers.net-release-0.488/lisp/lisp-etr.py
lispers.net-release-0.488/lisp/lisp-get-bits.py
lispers.net-release-0.488/lisp/lisp-itr.py
lispers.net-release-0.488/lisp/lisp-lig.py
lispers.net-release-0.488/lisp/lisp-log-packets.py
lispers.net-release-0.488/lisp/lisp-mr.py
lispers.net-release-0.488/lisp/lisp-ms.py
lispers.net-release-0.488/lisp/lisp-rig.py
lispers.net-release-0.488/lisp/lisp-rtr.py
lispers.net-release-0.488/lisp/lisp-save-logs.py
lispers.net-release-0.488/lisp/lisp.go
lispers.net-release-0.488/lisp/lisp.py
lispers.net-release-0.488/lisp/lispapi.py
lispers.net-release-0.488/lisp/lispapi.txt
lispers.net-release-0.488/lisp/lispconfig.py
lispers.net-release-0.488/lisp/lispers.net-geo.html
lispers.net-release-0.488/lisp/lml.go
lispers.net-release-0.488/lisp/log-packets
lispers.net-release-0.488/lisp/poly1305.py
lispers.net-release-0.488/lisp/pslisp
lispers.net-release-0.488/lisp/remove-lisp-iptables.py
lispers.net-release-0.488/lisp/remove-lisp-locks.py
lispers.net-release-0.488/lisp/xtr.go
patching file build/make-apps-release.py
patching file build/make-release.py
patching file lisp/lispconfig.py
patching file lisp/lisp.py
Checking for python errors with pyflakes ...  done
Compiling chacha.py ...
Compiling is-lisp-running.py ...
Compiling lisp-core.py ...
Compiling lisp-ddt.py ...
Compiling lisp-etr.py ...
Compiling lisp-get-bits.py ...
Compiling lisp-itr.py ...
Compiling lisp-lig.py ...
Compiling lisp-log-packets.py ...
Compiling lisp-mr.py ...
Compiling lisp-ms.py ...
Compiling lisp-rig.py ...
Compiling lisp-rtr.py ...
Compiling lisp-save-logs.py ...
Compiling lisp.py ...
Compiling lispapi.py ...
Compiling lispconfig.py ...
Compiling lispers.net-install-ubuntu.py ...
Compiling lispers.net-test-install.py ...
Compiling poly1305.py ...
Compiling remove-lisp-iptables.py ...
Compiling remove-lisp-locks.py ...
Checking for any lisp.debug() calls ...  done
Copying files from ../lisp to release-dev build directory ... done
Copying install scripts to release-dev build directory ... done
Compiling for machine 'aarch64'
Binary 'lisp-xtr' not found, not included in build
Build tgz file lispers.net-aarch64-release-dev.tgz ...  done
Copying version information to ../lisp directory ...  done
Script run time: 6.069 seconds
chacha.pyo
is-lisp-running.pyo
lisp-core.pyo
lisp-ddt.pyo
lisp-etr.pyo
lisp-get-bits.pyo
lisp-itr.pyo
lisp-lig.pyo
lisp-log-packets.pyo
lisp-mr.pyo
lisp-ms.pyo
lisp-rig.pyo
lisp-rtr.pyo
lisp-save-logs.pyo
lisp.pyo
lispapi.pyo
lispconfig.pyo
lispers.net-install-ubuntu.pyo
lispers.net-test-install.pyo
poly1305.pyo
remove-lisp-iptables.pyo
remove-lisp-locks.pyo
how-to-install.txt
lisp-build-date.txt
lisp-version.txt
lispapi.txt
pip-requirements.txt
release-notes.txt
lisp.config.example
lisp-cert.pem.default
RESTART-LISP
RUN-LISP
STOP-LISP
RL-template
get-pip.py
pslisp
log-packets
lispers.net-geo.html
 ---> 2276abc10690
Removing intermediate container 37a20e044fd4
Step 18/32 : RUN pip install --upgrade pip && pip install -r /lisp/pip-requirements.txt
 ---> Running in 7c875593c940
Collecting pip
  Downloading https://files.pythonhosted.org/packages/54/0c/d01aa759fdc501a58f431eb594a17495f15b88da142ce14b5845662c13f3/pip-20.0.2-py2.py3-none-any.whl (1.4MB)
Installing collected packages: pip
  Found existing installation: pip 10.0.1
    Uninstalling pip-10.0.1:
      Successfully uninstalled pip-10.0.1
Successfully installed pip-20.0.2
[91mDEPRECATION: Python 2.7 reached the end of its life on January 1st, 2020. Please upgrade your Python as Python 2.7 is no longer maintained. A future version of pip will drop support for Python 2.7. More details about Python 2 support in pip, can be found at https://pip.pypa.io/en/latest/development/release-process/#python-2-support
[0mCollecting CherryPy==8.2.0
  Downloading CherryPy-8.2.0.tar.gz (710 kB)
Collecting bottle==0.11.6
  Downloading bottle-0.11.6-py2.py3-none-any.whl (77 kB)
Collecting netifaces==0.10.0
  Downloading netifaces-0.10.0.tar.gz (22 kB)
Collecting pcappy==0.3
  Downloading pcappy-0.3.tar.gz (8.6 kB)
Collecting pyOpenSSL==16.2.0
  Downloading pyOpenSSL-16.2.0-py2.py3-none-any.whl (43 kB)
Collecting pycrypto==2.6.1
  Downloading pycrypto-2.6.1.tar.gz (446 kB)
Collecting requests==2.0.1
  Downloading requests-2.0.1-py2.py3-none-any.whl (439 kB)
Collecting curve25519-donna==1.3
  Downloading curve25519-donna-1.3.tar.gz (20 kB)
Collecting geopy==1.11.0
  Downloading geopy-1.11.0-py2.py3-none-any.whl (66 kB)
Collecting python-pytun==0.2
  Downloading python-pytun-0.2.tar.gz (6.7 kB)
Collecting ecdsa==0.13
  Downloading ecdsa-0.13-py2.py3-none-any.whl (86 kB)
Collecting pycryptodome==3.5.1
  Downloading pycryptodome-3.5.1.tar.gz (6.7 MB)
Collecting six
  Downloading six-1.14.0-py2.py3-none-any.whl (10 kB)
Collecting cryptography>=1.3.4
  Downloading cryptography-2.8.tar.gz (504 kB)
  Installing build dependencies: started
  Installing build dependencies: finished with status 'done'
  Getting requirements to build wheel: started
  Getting requirements to build wheel: finished with status 'done'
    Preparing wheel metadata: started
    Preparing wheel metadata: finished with status 'done'
Collecting cffi!=1.11.3,>=1.8
  Using cached cffi-1.14.0.tar.gz (463 kB)
Collecting enum34; python_version < "3"
  Downloading enum34-1.1.6-py2-none-any.whl (12 kB)
Collecting ipaddress; python_version < "3"
  Downloading ipaddress-1.0.23-py2.py3-none-any.whl (18 kB)
Collecting pycparser
  Using cached pycparser-2.19.tar.gz (158 kB)
Building wheels for collected packages: cryptography
  Building wheel for cryptography (PEP 517): started
  Building wheel for cryptography (PEP 517): finished with status 'done'
  Created wheel for cryptography: filename=cryptography-2.8-cp27-cp27mu-linux_aarch64.whl size=753723 sha256=f2317073e0177023faf681e892115d55aea65370ff24ae6b0bd288b8cc23a551
  Stored in directory: /root/.cache/pip/wheels/e3/02/77/c3a60a7154123cfce421af1454eb2c3ef444bbf56c4af0360a
Successfully built cryptography
Installing collected packages: six, CherryPy, bottle, netifaces, pcappy, pycparser, cffi, enum34, ipaddress, cryptography, pyOpenSSL, pycrypto, requests, curve25519-donna, geopy, python-pytun, ecdsa, pycryptodome
    Running setup.py install for CherryPy: started
    Running setup.py install for CherryPy: finished with status 'done'
    Running setup.py install for netifaces: started
    Running setup.py install for netifaces: finished with status 'done'
    Running setup.py install for pcappy: started
    Running setup.py install for pcappy: finished with status 'done'
    Running setup.py install for pycparser: started
    Running setup.py install for pycparser: finished with status 'done'
    Running setup.py install for cffi: started
    Running setup.py install for cffi: finished with status 'done'
    Running setup.py install for pycrypto: started
    Running setup.py install for pycrypto: finished with status 'done'
    Running setup.py install for curve25519-donna: started
    Running setup.py install for curve25519-donna: finished with status 'done'
    Running setup.py install for python-pytun: started
    Running setup.py install for python-pytun: finished with status 'done'
    Running setup.py install for pycryptodome: started
    Running setup.py install for pycryptodome: finished with status 'done'
Successfully installed CherryPy-8.2.0 bottle-0.11.6 cffi-1.14.0 cryptography-2.8 curve25519-donna-1.3 ecdsa-0.13 enum34-1.1.6 geopy-1.11.0 ipaddress-1.0.23 netifaces-0.10.0 pcappy-0.3 pyOpenSSL-16.2.0 pycparser-2.19 pycrypto-2.6.1 pycryptodome-3.5.1 python-pytun-0.2 requests-2.0.1 six-1.14.0
 ---> ad471319ef29
Removing intermediate container 7c875593c940
Step 19/32 : RUN apk del py2-pip py2-pyflakes
 ---> Running in b46656caec24
[91mWARNING: Ignoring APKINDEX.adfa7ceb.tar.gz: No such file or directory
WARNING: Ignoring APKINDEX.efaa1f73.tar.gz: No such file or directory
[0m(1/3) Purging py2-pip (10.0.1-r0)
(2/3) Purging py-setuptools (39.1.0-r0)
(3/3) Purging py2-pyflakes (1.6.0-r3)
Executing busybox-1.28.4-r3.trigger
OK: 174 MiB in 45 packages
 ---> cb79e9bdeb6b
Removing intermediate container b46656caec24
Step 20/32 : FROM alpine:3.8
 ---> c2b4b73a5fef
Step 21/32 : RUN echo da
 ---> Running in 2b860efbb86a
da
 ---> 424e7668d68d
Removing intermediate container 2b860efbb86a
Step 22/32 : RUN apk add --no-cache         libffi=3.2.1-r4            libpcap=1.8.1-r1           python=2.7.15-r3           openssl=1.0.2u-r0          iproute2=4.13.0-r0         keyutils=1.5.10-r0         tini=0.18.0-r0
 ---> Running in cb1209814d7b
fetch http://dl-cdn.alpinelinux.org/alpine/v3.8/main/aarch64/APKINDEX.tar.gz
fetch http://dl-cdn.alpinelinux.org/alpine/v3.8/community/aarch64/APKINDEX.tar.gz
(1/23) Installing libelf (0.8.13-r3)
(2/23) Installing libmnl (1.0.4-r0)
(3/23) Installing jansson (2.11-r0)
(4/23) Installing libnftnl-libs (1.1.1-r0)
(5/23) Installing iptables (1.6.2-r0)
(6/23) Installing iproute2 (4.13.0-r0)
Executing iproute2-4.13.0-r0.post-install
(7/23) Installing keyutils-libs (1.5.10-r0)
(8/23) Installing keyutils (1.5.10-r0)
(9/23) Installing libffi (3.2.1-r4)
(10/23) Installing libpcap (1.8.1-r1)
(11/23) Installing libcrypto1.0 (1.0.2u-r0)
(12/23) Installing libssl1.0 (1.0.2u-r0)
(13/23) Installing openssl (1.0.2u-r0)
(14/23) Installing libbz2 (1.0.6-r7)
(15/23) Installing expat (2.2.8-r0)
(16/23) Installing gdbm (1.13-r1)
(17/23) Installing ncurses-terminfo-base (6.1_p20180818-r1)
(18/23) Installing ncurses-terminfo (6.1_p20180818-r1)
(19/23) Installing ncurses-libs (6.1_p20180818-r1)
(20/23) Installing readline (7.0.003-r0)
(21/23) Installing sqlite-libs (3.25.3-r3)
(22/23) Installing python2 (2.7.15-r3)
(23/23) Installing tini (0.18.0-r0)
Executing busybox-1.28.4-r3.trigger
OK: 57 MiB in 36 packages
 ---> 3d440e9d362a
Removing intermediate container cb1209814d7b
Step 23/32 : COPY --from=lisp /lisp /lisp/
 ---> 2051a6f6f4d7
Step 24/32 : COPY --from=lisp /usr/bin/pydoc /usr/bin/smtpd.py /usr/bin/
 ---> 2adf22ae6d30
Step 25/32 : COPY --from=lisp /usr/lib/python2.7/site-packages /usr/lib/python2.7/site-packages
failed to export image: failed to create image: failed to get layer sha256:1f142f20ea91c5775fd982be8283ebf589db6fe49f38c4472c12df5227a8e9d7: layer does not exist
exit status 1
Makefile:332: recipe for target 'eve-lisp' failed
make: *** [eve-lisp] Error 1
Creating go builder image for user zededa-ci
eve-build-zededa-ci docker container is ready to use
mkdir -p /home/zededa-ci/src/eve/dist/arm64
cd /home/zededa-ci/src/eve/dist/arm64 ; _() { C=`docker create $1 fake` ; shift ; docker export $C | tar -xf - "$@" ; docker rm $C ; } ; _ lfedge/eve-uefi:df662ad0d7a0d581a36efed16e7e15d5c0f536cc-arm64 OVMF.fd
889ca3ff001e928a53bdabfa879664ed6dcb382fe852cb3a125cf87106804372
mkdir -p /home/zededa-ci/src/eve/dist/arm64/installer
./tools/makeconfig.sh conf /home/zededa-ci/src/eve/dist/arm64/installer/config.img
/conf/eve.dtb: Warning (unit_address_vs_reg): Node /regulator@1 has a unit name, but no reg property
/conf/eve.dtb: Warning (unit_address_vs_reg): Node /soc/i2c@f7102000/adv7533@39/ports/port@0 has a unit name, but no reg property
/conf/eve.dtb: Warning (unit_address_vs_reg): Node /soc/thermal-zones/cls0/trips/trip-point@0 has a unit name, but no reg property
/conf/eve.dtb: Warning (unit_address_vs_reg): Node /soc/thermal-zones/cls0/trips/trip-point@1 has a unit name, but no reg property
/conf/eve.dtb: Warning (unit_address_vs_reg): Node /soc/dsi@f4107800/ports/port@1/endpoint@0 has a unit name, but no reg property
/conf/eve.dtb: Warning (unit_address_vs_reg): Node /soc/i2s@f7118000/ports/port@0 has a unit name, but no reg property
/conf/eve.dtb: Warning (unit_address_vs_reg): Node /regulator@2 has a unit name, but no reg property
/conf/eve.dtb: Warning (unit_address_vs_reg): Node /regulator@0 has a unit name, but no reg property
1024+0 records in
1024+0 records out
mkfs.fat 4.1 (2017-01-24)
/config.img has 64 heads and 32 sectors per track,
hidden sectors 0x0000;
logical sector size is 512,
using 0xf8 media descriptor, with 2048 sectors;
drive number 0x80;
filesystem has 2 12-bit FATs and 4 sectors per cluster.
FAT size is 2 sectors, and provides 502 clusters.
There is 1 reserved sector.
Root directory contains 512 slots and uses 32 sectors.
Volume ID is 108a8ebf, volume label EVE        .
cd /home/zededa-ci/src/eve/dist/arm64/installer ; _() { C=`docker create $1 fake` ; shift ; docker export $C | tar -xf - "$@" ; docker rm $C ; } ; _ lfedge/eve-grub:6ba90a37e6f4d81a8a0c1d58f8eca99e72e19fdb-arm64 EFI
17b4fa4f3f3841aafe3f5b244e63e61b0962c5ba223b901dcebdfdef52013714
Done building /home/zededa-ci/src/eve/build-tools/bin/linuxkit
./tools/makerootfs.sh images/rootfs-xen.yml /home/zededa-ci/src/eve/dist/arm64/installer/rootfs.img squash
Extract kernel image: lfedge/eve-kernel:0b58e0f9261e72839110c9f7c611f099c1062d6e-arm64
Add init containers:
Process init image: linuxkit/init:v0.5-arm64
Process init image: linuxkit/runc:v0.5-arm64
time="2020-02-20T08:11:24+01:00" level=warning msg="targets/justin metadata is nearing expiry, you should re-sign the role metadata"
time="2020-02-20T08:11:24+01:00" level=warning msg="targets/riyaz metadata is nearing expiry, you should re-sign the role metadata"
Process init image: linuxkit/containerd:v0.5-arm64
time="2020-02-20T08:11:31+01:00" level=warning msg="targets/riyaz metadata is nearing expiry, you should re-sign the role metadata"
Process init image: linuxkit/getty:v0.5-arm64
time="2020-02-20T08:11:39+01:00" level=warning msg="targets/justin metadata is nearing expiry, you should re-sign the role metadata"
Process init image: linuxkit/memlogd:v0.5-arm64
Process init image: lfedge/eve-grub:6ba90a37e6f4d81a8a0c1d58f8eca99e72e19fdb-arm64
Process init image: lfedge/eve-fw:e07c45a98386767ec3926b813dc4b46a96a81541-arm64
Process init image: lfedge/eve-xen:93b863e105118a0be7cf7423daf6b8831f0009d9-arm64
Process init image: lfedge/eve-gpt-tools:e378abea66b77fb7e9587b798a8caf5c78f440c1-arm64
Process init image: lfedge/eve-dom0-ztools:fdfeabd2c6e03482e9a1bf6b1c78c1a9d9263a80-arm64
Add onboot containers:
  Create OCI config for lfedge/eve-storage-init:3524db08db611b060d8c2ac0ca2b5b4826e0c960-arm64
  Create OCI config for linuxkit/sysctl:v0.5-arm64
  Create OCI config for lfedge/eve-rngd:6e16dad8553a6c2939854abfa9f34a5f2604bce7-arm64
  Create OCI config for linuxkit/modprobe:v0.5-arm64
Add service containers:
  Create OCI config for lfedge/eve-rsyslog:c733767fba43c9f0c853a69eeb2f940c4b9d195d-arm64
Pull image: lfedge/eve-rsyslog:c733767fba43c9f0c853a69eeb2f940c4b9d195d-arm64
time="2020-02-20T08:12:19+01:00" level=fatal msg="Failed to create OCI spec for lfedge/eve-rsyslog:c733767fba43c9f0c853a69eeb2f940c4b9d195d-arm64: Error response from daemon: manifest for lfedge/eve-rsyslog:c733767fba43c9f0c853a69eeb2f940c4b9d195d-arm64 not found"
containers/onboot/003-modprobe/runtime.json: Truncated input file (needed 41 bytes, only 0 available)
bsdtar: Error exit delayed from previous errors.
Makefile:230: recipe for target '/home/zededa-ci/src/eve/dist/arm64/installer/rootfs.img' failed
make: *** [/home/zededa-ci/src/eve/dist/arm64/installer/rootfs.img] Error 1
FINISHED
