From https://github.com/lf-edge/eve
   fdb8ae6f..c52da076  master     -> origin/master
 * [new tag]           3.1.1      -> 3.1.1
 * [new tag]           3.10.0     -> 3.10.0
 * [new tag]           3.2.0      -> 3.2.0
 * [new tag]           3.3.0      -> 3.3.0
 * [new tag]           3.3.1      -> 3.3.1
 * [new tag]           3.3.2      -> 3.3.2
 * [new tag]           3.4.0      -> 3.4.0
 * [new tag]           3.4.1      -> 3.4.1
 * [new tag]           3.4.10     -> 3.4.10
 * [new tag]           3.4.2      -> 3.4.2
 * [new tag]           3.5.0      -> 3.5.0
 * [new tag]           3.6.0      -> 3.6.0
 * [new tag]           3.7.0      -> 3.7.0
 * [new tag]           3.8.0      -> 3.8.0
 * [new tag]           3.8.1      -> 3.8.1
 * [new tag]           3.8.2      -> 3.8.2
 * [new tag]           3.9.0      -> 3.9.0
 * [new tag]           3.9.1      -> 3.9.1
 * [new tag]           3.9.2      -> 3.9.2
 * [new tag]           3.9.3      -> 3.9.3
 * [new tag]           4.1.0      -> 4.1.0
 * [new tag]           4.1.1      -> 4.1.1
 * [new tag]           4.1.2      -> 4.1.2
 * [new tag]           4.2.0      -> 4.2.0
 * [new tag]           4.3.0      -> 4.3.0
 * [new tag]           4.3.1      -> 4.3.1
 * [new tag]           4.5.0      -> 4.5.0
 * [new tag]           4.5.1      -> 4.5.1
Building the following tags:  origin/master (latest tag is 4.5.1)
Skipping repository .go/pkg/dep/sources/https---github.com-linuxkit-linuxkit
Skipping repository .go/pkg/dep/sources/https---github.com-moby-hyperkit
Skipping repository .go/pkg/dep/sources/https---github.com-gorilla-context
Skipping repository .go/pkg/dep/sources/https---github.com-theupdateframework-notary
Skipping repository .go/pkg/dep/sources/https---github.com-mitchellh-go--ps
Skipping repository .go/pkg/dep/sources/https---github.com-golang-appengine
Skipping repository .go/pkg/dep/sources/https---github.com-xeipuuv-gojsonschema
Skipping repository .go/pkg/dep/sources/https---go.googlesource.com-net
Skipping repository .go/pkg/dep/sources/https---github.com-xeipuuv-gojsonpointer
Skipping repository .go/pkg/dep/sources/https---github.com-Azure-azure--sdk--for--go
Skipping repository .go/pkg/dep/sources/https---github.com-moby-tool
Skipping repository .go/pkg/dep/sources/https---github.com-Azure-go--ansiterm
Skipping repository .go/pkg/dep/sources/https---github.com-moby-vpnkit
Skipping repository .go/pkg/dep/sources/https---github.com-moul-anonuuid
Skipping repository .go/pkg/dep/sources/https---github.com-Azure-go--autorest
Skipping repository .go/pkg/dep/sources/https---github.com-moul-gotty--client
Skipping repository .go/pkg/dep/sources/https---github.com-Microsoft-go--winio
Skipping repository .go/pkg/dep/sources/https---github.com-agl-ed25519
Skipping repository .go/pkg/dep/sources/https---github.com-aws-aws--sdk--go
Skipping repository .go/pkg/dep/sources/https---github.com-containerd-containerd
Skipping repository .go/pkg/dep/sources/https---github.com-opencontainers-go--digest
Skipping repository .go/pkg/dep/sources/https---github.com-opencontainers-image--spec
Skipping repository .go/pkg/dep/sources/https---github.com-opencontainers-runtime--spec
Skipping repository .go/pkg/dep/sources/https---github.com-packethost-packngo
Skipping repository .go/pkg/dep/sources/https---github.com-pkg-errors
Skipping repository .go/pkg/dep/sources/https---github.com-radu--matei-azure--sdk--for--go
Skipping repository .go/pkg/dep/sources/https---github.com-radu--matei-azure--vhd--utils
Skipping repository .go/pkg/dep/sources/https---github.com-renstrom-fuzzysearch
Skipping repository .go/pkg/dep/sources/https---github.com-rn-iso9660wrap
Skipping repository .go/pkg/dep/sources/https---github.com-creack-goselect
Skipping repository .go/pkg/dep/sources/https---github.com-dgrijalva-jwt--go
Skipping repository .go/pkg/dep/sources/https---github.com-docker-distribution
Skipping repository .go/pkg/dep/sources/https---github.com-docker-docker
Skipping repository .go/pkg/dep/sources/https---github.com-docker-go
Skipping repository .go/pkg/dep/sources/https---github.com-docker-go--connections
Skipping repository .go/pkg/dep/sources/https---github.com-docker-go--units
Skipping repository .go/pkg/dep/sources/https---github.com-jmespath-go--jmespath
Skipping repository .go/pkg/dep/sources/https---github.com-scaleway-go--scaleway
Skipping repository .go/pkg/dep/sources/https---github.com-go--ini-ini
Skipping repository .go/pkg/dep/sources/https---github.com-gorilla-mux
Skipping repository .go/pkg/dep/sources/https---github.com-gogo-protobuf
Skipping repository .go/pkg/dep/sources/https---github.com-gorilla-websocket
Skipping repository .go/pkg/dep/sources/https---github.com-vmware-govmomi
Skipping repository .go/pkg/dep/sources/https---github.com-sirupsen-logrus
Skipping repository .go/pkg/dep/sources/https---gopkg.in-yaml.v2
Skipping repository .go/pkg/dep/sources/https---github.com-golang-protobuf
Skipping repository .go/pkg/dep/sources/https---github.com-docker-go--p9p
Skipping repository .go/pkg/dep/sources/https---github.com-google-uuid
Skipping repository .go/pkg/dep/sources/https---github.com-gophercloud-gophercloud
Skipping repository .go/pkg/dep/sources/https---github.com-xeipuuv-gojsonreference
Skipping repository .go/pkg/dep/sources/https---github.com-moby-datakit
Skipping repository .go/pkg/dep/sources/https---github.com-surma-gocpio
Skipping repository .go/pkg/dep/sources/https---github.com-miekg-pkcs11
Skipping repository .go/pkg/dep/sources/https---go.googlesource.com-sync
Skipping repository .go/pkg/dep/sources/https---go.googlesource.com-oauth2
Skipping repository .go/pkg/dep/sources/https---code.googlesource.com-gocloud
Skipping repository .go/pkg/dep/sources/https---go.googlesource.com-sys
Skipping repository .go/pkg/dep/sources/https---go.googlesource.com-crypto
Skipping repository .go/pkg/dep/sources/https---code.googlesource.com-google--api--go--client
Skipping repository .go/pkg/dep/sources/https---github.com-census--instrumentation-opencensus--go
Skipping repository .go/pkg/dep/sources/https---github.com-googleapis-gax--go
Skipping repository .go/pkg/dep/sources/https---github.com-grpc-grpc--go
Skipping repository .go/pkg/dep/sources/https---github.com-konsorten-go--windows--terminal--sequences
Skipping repository .go/pkg/dep/sources/https---github.com-golang-groupcache
Skipping repository .go/pkg/dep/sources/https---github.com-google-go--genproto
Skipping repository .go/pkg/dep/sources/https---go.googlesource.com-text
Removing .go/src
Removing .go/bin
Removing build-tools/bin/linuxkit
Removing build-tools/bin/manifest-tool
Removing dist/
Removing images/rootfs-xen.yml
HEAD is now at c52da076 Addressed Avi's comments reg. golang naming conventions:
Creating go builder image for user zededa-ci
eve-build-zededa-ci docker container is ready to use
Done building /home/zededa-ci/src/eve/build-tools/bin/linuxkit
Building and pushing "lfedge/eve-acrn:6b6d8cf62d5ec8464544f06970ef746e62cfec1f"
6b6d8cf62d5ec8464544f06970ef746e62cfec1f: Pulling from lfedge/eve-acrn
Digest: sha256:c016ea44f7444eba226e0e5ffe7c8e4a5e9149e9bc85f09840794016b98bc7a4
Status: Image is up to date for lfedge/eve-acrn:6b6d8cf62d5ec8464544f06970ef746e62cfec1f
Building and pushing "lfedge/eve-acrn-kernel:abff2f8ee568330ce7dc07578d22fdb4b4b168a7"
abff2f8ee568330ce7dc07578d22fdb4b4b168a7: Pulling from lfedge/eve-acrn-kernel
Digest: sha256:7ab88317ff90775aeb3fc059759ef45d6f3d9b7a268d6eceaae0bdf114252d3d
Status: Image is up to date for lfedge/eve-acrn-kernel:abff2f8ee568330ce7dc07578d22fdb4b4b168a7
Building and pushing "lfedge/eve-alpine:3e3111a703366e9ac607d9c33d5fded006fa1df3"
3e3111a703366e9ac607d9c33d5fded006fa1df3: Pulling from lfedge/eve-alpine
no matching manifest for linux/arm64 in the manifest list entries
No image pulled, continuing with build
Sending build context to Docker daemon  8.192kB
Step 1/20 : ARG ALPINE_VERSION=3.9
 ---> 
Step 2/20 : FROM lfedge/eve-alpine:d149ce0569b9466894112fc679800b39b1645377 AS cache
d149ce0569b9466894112fc679800b39b1645377: Pulling from lfedge/eve-alpine
no matching manifest for linux/arm64 in the manifest list entries
exit status 1
Makefile:330: recipe for target 'eve-alpine' failed
make: *** [eve-alpine] Error 1
Creating go builder image for user zededa-ci
eve-build-zededa-ci docker container is ready to use
mkdir -p /home/zededa-ci/src/eve/dist/arm64
cd /home/zededa-ci/src/eve/dist/arm64 ; _() { C=`docker create $1 fake` ; shift ; docker export $C | tar -xf - "$@" ; docker rm $C ; } ; _ lfedge/eve-uefi:fdf6300a5eeb9257e9aea002dbe40d01a70ea5fa-arm64 OVMF.fd
71d4565570c5ea28a27c684bd2a6696e5a8a6f729f5588eee5000894c4f8f506
mkdir -p /home/zededa-ci/src/eve/dist/arm64/installer
./tools/makeconfig.sh conf /home/zededa-ci/src/eve/dist/arm64/installer/config.img
/conf/eve.dtb: Warning (unit_address_vs_reg): Node /regulator@1 has a unit name, but no reg property
/conf/eve.dtb: Warning (unit_address_vs_reg): Node /soc/i2c@f7102000/adv7533@39/ports/port@0 has a unit name, but no reg property
/conf/eve.dtb: Warning (unit_address_vs_reg): Node /soc/thermal-zones/cls0/trips/trip-point@0 has a unit name, but no reg property
/conf/eve.dtb: Warning (unit_address_vs_reg): Node /soc/thermal-zones/cls0/trips/trip-point@1 has a unit name, but no reg property
/conf/eve.dtb: Warning (unit_address_vs_reg): Node /soc/dsi@f4107800/ports/port@1/endpoint@0 has a unit name, but no reg property
/conf/eve.dtb: Warning (unit_address_vs_reg): Node /soc/i2s@f7118000/ports/port@0 has a unit name, but no reg property
/conf/eve.dtb: Warning (unit_address_vs_reg): Node /regulator@2 has a unit name, but no reg property
/conf/eve.dtb: Warning (unit_address_vs_reg): Node /regulator@0 has a unit name, but no reg property
1024+0 records in
1024+0 records out
mkfs.fat 4.1 (2017-01-24)
/config.img has 64 heads and 32 sectors per track,
hidden sectors 0x0000;
logical sector size is 512,
using 0xf8 media descriptor, with 2048 sectors;
drive number 0x80;
filesystem has 2 12-bit FATs and 4 sectors per cluster.
FAT size is 2 sectors, and provides 502 clusters.
There is 1 reserved sector.
Root directory contains 512 slots and uses 32 sectors.
Volume ID is 8abd961b, volume label EVE        .
cd /home/zededa-ci/src/eve/dist/arm64/installer ; _() { C=`docker create $1 fake` ; shift ; docker export $C | tar -xf - "$@" ; docker rm $C ; } ; _ lfedge/eve-grub:aae3746c0ef3091b28a6ee02c4df2c2af570baf3-arm64 EFI
b84c7c3bb065e70b2dcf0aa3d2d41003be774ab3531a07b4a276592bcbba98a1
Done building /home/zededa-ci/src/eve/build-tools/bin/linuxkit
./tools/makerootfs.sh images/rootfs-xen.yml /home/zededa-ci/src/eve/dist/arm64/installer/rootfs.img squash
Extract kernel image: lfedge/eve-kernel:550de0e722c71ba416d19aa1e79873965760ec86-arm64
Add init containers:
Process init image: linuxkit/init:v0.5-arm64
Process init image: linuxkit/runc:v0.5-arm64
time="2020-01-15T08:01:15+01:00" level=warning msg="targets/riyaz metadata is nearing expiry, you should re-sign the role metadata"
Process init image: linuxkit/containerd:v0.5-arm64
time="2020-01-15T08:01:19+01:00" level=warning msg="targets/riyaz metadata is nearing expiry, you should re-sign the role metadata"
Process init image: linuxkit/getty:v0.5-arm64
Process init image: lfedge/eve-grub:aae3746c0ef3091b28a6ee02c4df2c2af570baf3-arm64
Process init image: lfedge/eve-fw:e07c45a98386767ec3926b813dc4b46a96a81541-arm64
Process init image: lfedge/eve-xen:9d0e9ab17eea63cf027879e8161fc6c8bf3fb05f-arm64
Process init image: lfedge/eve-gpt-tools:19ef56f5014fab1978a6e98b047d4498eabf8295-arm64
Process init image: lfedge/eve-dom0-ztools:f6e8d3bb095edb1065ee0262d1643dae7ce43c6e-arm64
Add onboot containers:
  Create OCI config for lfedge/eve-storage-init:3524db08db611b060d8c2ac0ca2b5b4826e0c960-arm64
  Create OCI config for linuxkit/sysctl:v0.5-arm64
  Create OCI config for lfedge/eve-rngd:6e16dad8553a6c2939854abfa9f34a5f2604bce7-arm64
  Create OCI config for linuxkit/modprobe:v0.5-arm64
  Create OCI config for lfedge/eve-rsyslog:ccaf76aa6dd4fdef532207e9199befee289a2723-arm64
Add service containers:
  Create OCI config for linuxkit/openntpd:v0.5-arm64
time="2020-01-15T08:01:45+01:00" level=warning msg="targets/riyaz metadata is nearing expiry, you should re-sign the role metadata"
  Create OCI config for linuxkit/sshd:v0.5-arm64
time="2020-01-15T08:01:49+01:00" level=warning msg="targets/justin metadata is nearing expiry, you should re-sign the role metadata"
  Create OCI config for lfedge/eve-wwan:2b98bc7569f167b1850dd9025a4b8c8489fee754-arm64
  Create OCI config for lfedge/eve-wlan:ac31bb78810451ef1333b3970f29bebc0a6c9c44-arm64
  Create OCI config for lfedge/eve-guacd:f1f08a0fcadd35320f5d03fe0f0a1a318e8449be-arm64
  Create OCI config for lfedge/eve-pillar:ccbfa54fc978f116a2efc496981982a83fe658c3-arm64
Pull image: lfedge/eve-pillar:ccbfa54fc978f116a2efc496981982a83fe658c3-arm64
time="2020-01-15T08:01:58+01:00" level=fatal msg="Failed to create OCI spec for lfedge/eve-pillar:ccbfa54fc978f116a2efc496981982a83fe658c3-arm64: Error response from daemon: manifest for lfedge/eve-pillar:ccbfa54fc978f116a2efc496981982a83fe658c3-arm64 not found"
containers/services/guacd/runtime.json: Truncated input file (needed 71 bytes, only 0 available)
bsdtar: Error exit delayed from previous errors.
Makefile:230: recipe for target '/home/zededa-ci/src/eve/dist/arm64/installer/rootfs.img' failed
make: *** [/home/zededa-ci/src/eve/dist/arm64/installer/rootfs.img] Error 1
FINISHED
