From https://github.com/lf-edge/eve
 * [new tag]           4.10.0     -> 4.10.0
 * [new tag]           5.0.0      -> 5.0.0
 * [new tag]           5.0.1      -> 5.0.1
 * [new tag]           5.1.0      -> 5.1.0
 * [new tag]           5.1.1      -> 5.1.1
 * [new tag]           5.1.10     -> 5.1.10
 * [new tag]           5.1.11     -> 5.1.11
 * [new tag]           5.2.0      -> 5.2.0
 * [new tag]           5.2.1      -> 5.2.1
 * [new tag]           5.2.2      -> 5.2.2
 * [new tag]           5.2.3      -> 5.2.3
 * [new tag]           5.2.4      -> 5.2.4
 * [new tag]           5.3.0      -> 5.3.0
 * [new tag]           5.4.0      -> 5.4.0
 * [new tag]           5.4.1      -> 5.4.1
 * [new tag]           5.5.0      -> 5.5.0
Building the following tags:  origin/master (latest tag is 5.5.0)
Skipping repository .go/pkg/dep/sources/https---github.com-linuxkit-linuxkit
Skipping repository .go/pkg/dep/sources/https---github.com-moby-hyperkit
Skipping repository .go/pkg/dep/sources/https---github.com-gorilla-context
Skipping repository .go/pkg/dep/sources/https---github.com-theupdateframework-notary
Skipping repository .go/pkg/dep/sources/https---github.com-mitchellh-go--ps
Skipping repository .go/pkg/dep/sources/https---github.com-golang-appengine
Skipping repository .go/pkg/dep/sources/https---github.com-xeipuuv-gojsonschema
Skipping repository .go/pkg/dep/sources/https---go.googlesource.com-net
Skipping repository .go/pkg/dep/sources/https---github.com-xeipuuv-gojsonpointer
Skipping repository .go/pkg/dep/sources/https---github.com-Azure-azure--sdk--for--go
Skipping repository .go/pkg/dep/sources/https---github.com-moby-tool
Skipping repository .go/pkg/dep/sources/https---github.com-Azure-go--ansiterm
Skipping repository .go/pkg/dep/sources/https---github.com-moby-vpnkit
Skipping repository .go/pkg/dep/sources/https---github.com-moul-anonuuid
Skipping repository .go/pkg/dep/sources/https---github.com-Azure-go--autorest
Skipping repository .go/pkg/dep/sources/https---github.com-moul-gotty--client
Skipping repository .go/pkg/dep/sources/https---github.com-Microsoft-go--winio
Skipping repository .go/pkg/dep/sources/https---github.com-agl-ed25519
Skipping repository .go/pkg/dep/sources/https---github.com-aws-aws--sdk--go
Skipping repository .go/pkg/dep/sources/https---github.com-containerd-containerd
Skipping repository .go/pkg/dep/sources/https---github.com-opencontainers-go--digest
Skipping repository .go/pkg/dep/sources/https---github.com-opencontainers-image--spec
Skipping repository .go/pkg/dep/sources/https---github.com-opencontainers-runtime--spec
Skipping repository .go/pkg/dep/sources/https---github.com-packethost-packngo
Skipping repository .go/pkg/dep/sources/https---github.com-pkg-errors
Skipping repository .go/pkg/dep/sources/https---github.com-radu--matei-azure--sdk--for--go
Skipping repository .go/pkg/dep/sources/https---github.com-radu--matei-azure--vhd--utils
Skipping repository .go/pkg/dep/sources/https---github.com-renstrom-fuzzysearch
Skipping repository .go/pkg/dep/sources/https---github.com-rn-iso9660wrap
Skipping repository .go/pkg/dep/sources/https---github.com-creack-goselect
Skipping repository .go/pkg/dep/sources/https---github.com-dgrijalva-jwt--go
Skipping repository .go/pkg/dep/sources/https---github.com-docker-distribution
Skipping repository .go/pkg/dep/sources/https---github.com-docker-docker
Skipping repository .go/pkg/dep/sources/https---github.com-docker-go
Skipping repository .go/pkg/dep/sources/https---github.com-docker-go--connections
Skipping repository .go/pkg/dep/sources/https---github.com-docker-go--units
Skipping repository .go/pkg/dep/sources/https---github.com-jmespath-go--jmespath
Skipping repository .go/pkg/dep/sources/https---github.com-scaleway-go--scaleway
Skipping repository .go/pkg/dep/sources/https---github.com-go--ini-ini
Skipping repository .go/pkg/dep/sources/https---github.com-gorilla-mux
Skipping repository .go/pkg/dep/sources/https---github.com-gogo-protobuf
Skipping repository .go/pkg/dep/sources/https---github.com-gorilla-websocket
Skipping repository .go/pkg/dep/sources/https---github.com-vmware-govmomi
Skipping repository .go/pkg/dep/sources/https---github.com-sirupsen-logrus
Skipping repository .go/pkg/dep/sources/https---gopkg.in-yaml.v2
Skipping repository .go/pkg/dep/sources/https---github.com-golang-protobuf
Skipping repository .go/pkg/dep/sources/https---github.com-docker-go--p9p
Skipping repository .go/pkg/dep/sources/https---github.com-google-uuid
Skipping repository .go/pkg/dep/sources/https---github.com-gophercloud-gophercloud
Skipping repository .go/pkg/dep/sources/https---github.com-xeipuuv-gojsonreference
Skipping repository .go/pkg/dep/sources/https---github.com-moby-datakit
Skipping repository .go/pkg/dep/sources/https---github.com-surma-gocpio
Skipping repository .go/pkg/dep/sources/https---github.com-miekg-pkcs11
Skipping repository warning: failed to remove pkg/new-kernel/files/arch/arm/xen/mm.c: Permission denied
warning: failed to remove pkg/new-kernel/files/drivers/xen/swiotlb-xen.c: Permission denied
warning: failed to remove pkg/new-kernel/files/include/xen/swiotlb-xen.h: Permission denied
.go/pkg/dep/sources/https---go.googlesource.com-sync
Skipping repository .go/pkg/dep/sources/https---go.googlesource.com-oauth2
Skipping repository .go/pkg/dep/sources/https---code.googlesource.com-gocloud
Skipping repository .go/pkg/dep/sources/https---go.googlesource.com-sys
Skipping repository .go/pkg/dep/sources/https---go.googlesource.com-crypto
Skipping repository .go/pkg/dep/sources/https---code.googlesource.com-google--api--go--client
Skipping repository .go/pkg/dep/sources/https---github.com-census--instrumentation-opencensus--go
Skipping repository .go/pkg/dep/sources/https---github.com-googleapis-gax--go
Skipping repository .go/pkg/dep/sources/https---github.com-grpc-grpc--go
Skipping repository .go/pkg/dep/sources/https---github.com-konsorten-go--windows--terminal--sequences
Skipping repository .go/pkg/dep/sources/https---github.com-golang-groupcache
Skipping repository .go/pkg/dep/sources/https---github.com-google-go--genproto
Skipping repository .go/pkg/dep/sources/https---go.googlesource.com-text
Removing .go/src
Removing .go/bin
Removing build-tools/bin/linuxkit
Removing build-tools/bin/manifest-tool
Removing build-tools/src/scripts/.build-all-tags.sh.swp
Removing dist/
HEAD is now at 914c9865 Minimizing the size of image making containers
Creating go builder image for user zededa-ci
eve-build-zededa-ci docker container is ready to use
Done building /home/zededa-ci/src/eve/build-tools/bin/linuxkit
Building and pushing "lfedge/eve-acrn:4671ddb5582e8c788d6953ce113ca1f53af81fe8"
4671ddb5582e8c788d6953ce113ca1f53af81fe8: Pulling from lfedge/eve-acrn
Digest: sha256:7d8badd1ec2a820dd5c442f6e9ee0a369d786609f4c029e300efb9065a88e944
Status: Image is up to date for lfedge/eve-acrn:4671ddb5582e8c788d6953ce113ca1f53af81fe8
Building and pushing "lfedge/eve-acrn-kernel:1dcbb693d67ce409e081bf5fdaa3b3c6cd1cf7c9"
1dcbb693d67ce409e081bf5fdaa3b3c6cd1cf7c9: Pulling from lfedge/eve-acrn-kernel
Digest: sha256:4e919dabba56fe57cea76b45a0e81a6c0b964b5f4d622e8f38f9e989d78cd6a2
Status: Image is up to date for lfedge/eve-acrn-kernel:1dcbb693d67ce409e081bf5fdaa3b3c6cd1cf7c9
Building and pushing "lfedge/eve-alpine:ac1dc159510afa61334222cedf085c7730e4583c"
ac1dc159510afa61334222cedf085c7730e4583c: Pulling from lfedge/eve-alpine
Digest: sha256:11acfecd7d2baf8c6b9b369db7c57f805db63901eaba796f59d755daa0212ed6
Status: Image is up to date for lfedge/eve-alpine:ac1dc159510afa61334222cedf085c7730e4583c
Building and pushing "lfedge/eve-debug:2ff5b19ea565a13fa93a634abdef20e04276b73b"
2ff5b19ea565a13fa93a634abdef20e04276b73b: Pulling from lfedge/eve-debug
Digest: sha256:5635f14ff52bd253d475322d9082e33364662ab71b14717dd67a9bf7e3eb84ea
Status: Image is up to date for lfedge/eve-debug:2ff5b19ea565a13fa93a634abdef20e04276b73b
Building and pushing "lfedge/eve-dnsmasq:daf64b1cfa970979aa461faf7024beea9b5d6ded"
daf64b1cfa970979aa461faf7024beea9b5d6ded: Pulling from lfedge/eve-dnsmasq
Digest: sha256:154f733a60bc10438f9e6125442bb0f4424995d099b830385371c3430e1813f7
Status: Image is up to date for lfedge/eve-dnsmasq:daf64b1cfa970979aa461faf7024beea9b5d6ded
Building and pushing "lfedge/eve-dom0-ztools:5450ed24dca591ec67c2a7465df5b203e7e92479"
5450ed24dca591ec67c2a7465df5b203e7e92479: Pulling from lfedge/eve-dom0-ztools
Digest: sha256:948f14182f26680b7428d2cea334a30c57f595faf640c78078a6fb75e2d451ee
Status: Image is up to date for lfedge/eve-dom0-ztools:5450ed24dca591ec67c2a7465df5b203e7e92479
Building and pushing "lfedge/eve-fw:60af30b13b43cdc50b6cbb6e30a5e4d1feb154e0"
60af30b13b43cdc50b6cbb6e30a5e4d1feb154e0: Pulling from lfedge/eve-fw
Digest: sha256:66ab18a572b7e443201cfc837ac02d97b4006ade3c8e2791ccee30576556327e
Status: Image is up to date for lfedge/eve-fw:60af30b13b43cdc50b6cbb6e30a5e4d1feb154e0
Building and pushing "lfedge/eve-gpt-tools:e378abea66b77fb7e9587b798a8caf5c78f440c1"
e378abea66b77fb7e9587b798a8caf5c78f440c1: Pulling from lfedge/eve-gpt-tools
Digest: sha256:5ab0097ee02c29d030203bd8abd8bcff401b987d5d009db75c8ac051e147210b
Status: Image is up to date for lfedge/eve-gpt-tools:e378abea66b77fb7e9587b798a8caf5c78f440c1
Building and pushing "lfedge/eve-grub:aa6b2e431670cf3859b1a3d683b9e0e238e30655"
aa6b2e431670cf3859b1a3d683b9e0e238e30655: Pulling from lfedge/eve-grub
Digest: sha256:7c1df25cdc9e40faa207f38b6fbeb34014badea188cc928b185d1c614c60bacb
Status: Image is up to date for lfedge/eve-grub:aa6b2e431670cf3859b1a3d683b9e0e238e30655
Building and pushing "lfedge/eve-guacd:f1f08a0fcadd35320f5d03fe0f0a1a318e8449be"
f1f08a0fcadd35320f5d03fe0f0a1a318e8449be: Pulling from lfedge/eve-guacd
Digest: sha256:c63eaa48b06670e26a257eff3264a87bf0117effb2bb63ba5609b89ec4dcdc1c
Status: Image is up to date for lfedge/eve-guacd:f1f08a0fcadd35320f5d03fe0f0a1a318e8449be
Building and pushing "lfedge/eve-kernel:70e2491f33de2fb09b61287b8a5b4570249750fe"
70e2491f33de2fb09b61287b8a5b4570249750fe: Pulling from lfedge/eve-kernel
Digest: sha256:ce7f94289e9654769a097d6339ef2fe063b64789570cbf7fd4544785d18d0026
Status: Image is up to date for lfedge/eve-kernel:70e2491f33de2fb09b61287b8a5b4570249750fe
Building and pushing "lfedge/eve-lisp:6fe9cf905fb0fc657f646a82b42aa95e4f68f5e5"
6fe9cf905fb0fc657f646a82b42aa95e4f68f5e5: Pulling from lfedge/eve-lisp
Digest: sha256:ffd1e627f758962b57ccab772aa0bfb1e60704574a4b7795008da1fce6315dd0
Status: Image is up to date for lfedge/eve-lisp:6fe9cf905fb0fc657f646a82b42aa95e4f68f5e5
Building and pushing "lfedge/eve-mkconf:b9a89148618d45bd26a93a68701f5d0588e501a9"
b9a89148618d45bd26a93a68701f5d0588e501a9: Pulling from lfedge/eve-mkconf
Digest: sha256:62bd4b02798c2ee42a4bb295dcb67c8a25dfe731466327ac11b163a4928d716d
Status: Image is up to date for lfedge/eve-mkconf:b9a89148618d45bd26a93a68701f5d0588e501a9
Building and pushing "lfedge/eve-mkimage-iso-efi:e0cc637b8d693c6718d31dc1cbab1f7557823c0b"
e0cc637b8d693c6718d31dc1cbab1f7557823c0b: Pulling from lfedge/eve-mkimage-iso-efi
Digest: sha256:c36b9380912751ad210224f1b46b633b6c21371261f03d29dfdbc007b91c4673
Status: Downloaded newer image for lfedge/eve-mkimage-iso-efi:e0cc637b8d693c6718d31dc1cbab1f7557823c0b
Building and pushing "lfedge/eve-mkimage-raw-efi:5b9c8a3bc15353352a7462b508c9f379e9fcea32"
5b9c8a3bc15353352a7462b508c9f379e9fcea32: Pulling from lfedge/eve-mkimage-raw-efi
Digest: sha256:b950b096c66ef17283e886ed9d7653883968310d610501e00f8fdc3cf78c72d0
Status: Image is up to date for lfedge/eve-mkimage-raw-efi:5b9c8a3bc15353352a7462b508c9f379e9fcea32
Building and pushing "lfedge/eve-mkrootfs-ext4:17ec5bda58c7f6d3717b88d3da55df4516cdb6f3"
17ec5bda58c7f6d3717b88d3da55df4516cdb6f3: Pulling from lfedge/eve-mkrootfs-ext4
Digest: sha256:b867059462b3864d19c8f185331bc5ea7c351a90f69b4f7b97d925ec294d03eb
Status: Image is up to date for lfedge/eve-mkrootfs-ext4:17ec5bda58c7f6d3717b88d3da55df4516cdb6f3
Building and pushing "lfedge/eve-mkrootfs-squash:70b1faff4c3b512c91a1b7157fbddabbd41992f0"
70b1faff4c3b512c91a1b7157fbddabbd41992f0: Pulling from lfedge/eve-mkrootfs-squash
Digest: sha256:bd251f51068e34d09a6b0aad4162484fe8dc09a2a3ca14b57134e49a4838e9b8
Status: Image is up to date for lfedge/eve-mkrootfs-squash:70b1faff4c3b512c91a1b7157fbddabbd41992f0
Building and pushing "lfedge/eve-new-kernel:df003774fb87cfb31484cb0fb4408f99bdb3f7aa"
df003774fb87cfb31484cb0fb4408f99bdb3f7aa: Pulling from lfedge/eve-new-kernel
Digest: sha256:21d86a3a4e0cec27d05c00f38845c9922ab7f69fa82aff529cd0bfb0a1e3e910
Status: Image is up to date for lfedge/eve-new-kernel:df003774fb87cfb31484cb0fb4408f99bdb3f7aa
Building and pushing "lfedge/eve-strongswan:6dda5ee56b295a0115e7c09a0ca23aa925426252"
6dda5ee56b295a0115e7c09a0ca23aa925426252: Pulling from lfedge/eve-strongswan
Digest: sha256:981b13f775e13852c196038eee1fb7163340e9281a5b8a017bf75e1ad10ba8c3
Status: Image is up to date for lfedge/eve-strongswan:6dda5ee56b295a0115e7c09a0ca23aa925426252
Building and pushing "lfedge/eve-pillar:c189e84bbc2d04c2a33f0f984e6a30742b341545"
c189e84bbc2d04c2a33f0f984e6a30742b341545: Pulling from lfedge/eve-pillar
Digest: sha256:9a28ead3f1aa9de3c13bb62deaac5f34f34c6243f9745423b01eb995b2281d14
Status: Image is up to date for lfedge/eve-pillar:c189e84bbc2d04c2a33f0f984e6a30742b341545
Building and pushing "lfedge/eve-uefi:5c00deeac0b200565fee599905f5346ffaafc10b"
5c00deeac0b200565fee599905f5346ffaafc10b: Pulling from lfedge/eve-uefi
Digest: sha256:ab6885d4cf29e33b9097cd2d51844591c46204c49f053297d2653fa6be2ec576
Status: Image is up to date for lfedge/eve-uefi:5c00deeac0b200565fee599905f5346ffaafc10b
Building and pushing "lfedge/eve-xen-tools:955c1a053b125fc78467091618d8d1e6cfa80c08"
955c1a053b125fc78467091618d8d1e6cfa80c08: Pulling from lfedge/eve-xen-tools
Digest: sha256:aa0ebe1c87164aa1620092960210305c4071fb03c838bf0740709703d3ec780f
Status: Image is up to date for lfedge/eve-xen-tools:955c1a053b125fc78467091618d8d1e6cfa80c08
Building and pushing "lfedge/eve-qrexec-lib:b0fb86eb752be7884d4d83c1dbbb025e75c5c466"
b0fb86eb752be7884d4d83c1dbbb025e75c5c466: Pulling from lfedge/eve-qrexec-lib
Digest: sha256:abd39f4a76686a94b422d935bc9a3f194250bc5bdfe1ca0a2d129490060011d4
Status: Image is up to date for lfedge/eve-qrexec-lib:b0fb86eb752be7884d4d83c1dbbb025e75c5c466
Building and pushing "lfedge/eve-qrexec-dom0:29024a9e04a96b4baede4f474dcf85c1cef98607"
29024a9e04a96b4baede4f474dcf85c1cef98607: Pulling from lfedge/eve-qrexec-dom0
Digest: sha256:c9c1e1021d32a2ceae4c0c3ac06fea559a447165f9a1400456d8fd05d7cfd2d6
Status: Image is up to date for lfedge/eve-qrexec-dom0:29024a9e04a96b4baede4f474dcf85c1cef98607
Building and pushing "lfedge/eve-rngd:6e16dad8553a6c2939854abfa9f34a5f2604bce7"
6e16dad8553a6c2939854abfa9f34a5f2604bce7: Pulling from lfedge/eve-rngd
Digest: sha256:d18f87ec9e50c7a996e1a9c78589b5dba52e53d59c81998503e782d65875a6dc
Status: Image is up to date for lfedge/eve-rngd:6e16dad8553a6c2939854abfa9f34a5f2604bce7
Building and pushing "lfedge/eve-rsyslog:49556e27198614b57d70e76f8bfcca3068056cfc"
49556e27198614b57d70e76f8bfcca3068056cfc: Pulling from lfedge/eve-rsyslog
Digest: sha256:88ab77ddfd593bb7b59c2fd1cdc03ad4f133f7e1bb20aecfeb0102a7bfe59f95
Status: Image is up to date for lfedge/eve-rsyslog:49556e27198614b57d70e76f8bfcca3068056cfc
Building and pushing "lfedge/eve-storage-init:31ed12195e31e7f4b118cbcc2cecfce815e5c4ed"
31ed12195e31e7f4b118cbcc2cecfce815e5c4ed: Pulling from lfedge/eve-storage-init
Digest: sha256:9a9d0ee33bd1f163f68926cfca523480d7a4501147112709796e86f62829ae1e
Status: Image is up to date for lfedge/eve-storage-init:31ed12195e31e7f4b118cbcc2cecfce815e5c4ed
Building and pushing "lfedge/eve-u-boot:e9cd5b3c4f7e457b100430c8c1c60d1404faf8c6"
e9cd5b3c4f7e457b100430c8c1c60d1404faf8c6: Pulling from lfedge/eve-u-boot
Digest: sha256:46f68ed23394fbd3b4e2da34de6f7d3aa413a654b92147258c9756b7172aaf54
Status: Image is up to date for lfedge/eve-u-boot:e9cd5b3c4f7e457b100430c8c1c60d1404faf8c6
Building and pushing "lfedge/eve-vtpm:11365a20a21fa000e9d48614e9303c8f0e81477f"
11365a20a21fa000e9d48614e9303c8f0e81477f: Pulling from lfedge/eve-vtpm
Digest: sha256:04a0292c68d3e35c25320befcb19735faa248b4ecd7211d84eb03f6ce3659bef
Status: Image is up to date for lfedge/eve-vtpm:11365a20a21fa000e9d48614e9303c8f0e81477f
Building and pushing "lfedge/eve-watchdog:288a4129631e73aad6a9e5c01f229205f5dbc9be"
288a4129631e73aad6a9e5c01f229205f5dbc9be: Pulling from lfedge/eve-watchdog
Digest: sha256:bac09ff8ba45c195bde56ace1a04c084ee074eff30eef7e7cd6e5e6b69c8edf7
Status: Image is up to date for lfedge/eve-watchdog:288a4129631e73aad6a9e5c01f229205f5dbc9be
Building and pushing "lfedge/eve-wlan:ac31bb78810451ef1333b3970f29bebc0a6c9c44"
ac31bb78810451ef1333b3970f29bebc0a6c9c44: Pulling from lfedge/eve-wlan
Digest: sha256:c3d7e2a6b381a6bdd4c1a1d1e44b46bb348990777cc828cb575f79a515d35830
Status: Image is up to date for lfedge/eve-wlan:ac31bb78810451ef1333b3970f29bebc0a6c9c44
Building and pushing "lfedge/eve-wwan:31a3911c7aa7e5c44e19406d6277173b494c6f35"
31a3911c7aa7e5c44e19406d6277173b494c6f35: Pulling from lfedge/eve-wwan
Digest: sha256:e0dfd4fb011f186f726453825cac33899766425c382a747dcd46c5d83f6946f6
Status: Image is up to date for lfedge/eve-wwan:31a3911c7aa7e5c44e19406d6277173b494c6f35
Building and pushing "lfedge/eve-xen:52809cf2b070b5c5976ce9173c9d6b27382341bd"
52809cf2b070b5c5976ce9173c9d6b27382341bd: Pulling from lfedge/eve-xen
Digest: sha256:932bec03ade04b2ded6a1236c71f39d598ea0a37d89b8ff469f55a548a96aa49
Status: Downloaded newer image for lfedge/eve-xen:52809cf2b070b5c5976ce9173c9d6b27382341bd
Done building packages
rm pkg/qrexec-dom0/Dockerfile pkg/xen-tools/Dockerfile pkg/qrexec-lib/Dockerfile pkg/pillar/Dockerfile
Creating go builder image for user zededa-ci
eve-build-zededa-ci docker container is ready to use
mkdir -p /home/zededa-ci/src/eve/dist/arm64
cd /home/zededa-ci/src/eve/dist/arm64 ; _() { C=`docker create $1 fake` ; shift ; docker export $C | tar -xf - "$@" ; docker rm $C ; } ; _ lfedge/eve-uefi:5c00deeac0b200565fee599905f5346ffaafc10b-arm64 OVMF.fd
f06864670391da58498e773dc6da0f369596fd5bc6d37da1648d378b7f25ba06
cd /home/zededa-ci/src/eve/dist/arm64 ; _() { C=`docker create $1 fake` ; shift ; docker export $C | tar -xf - "$@" ; docker rm $C ; } ; _ lfedge/eve-uefi:5c00deeac0b200565fee599905f5346ffaafc10b-arm64 OVMF_CODE.fd
tar: OVMF_CODE.fd: Not found in archive
tar: Exiting with failure status due to previous errors
e32fc714850a59e556784f25cfcf0d150fd09b3b86d8526aec35066f4520e662
cd /home/zededa-ci/src/eve/dist/arm64 ; _() { C=`docker create $1 fake` ; shift ; docker export $C | tar -xf - "$@" ; docker rm $C ; } ; _ lfedge/eve-uefi:5c00deeac0b200565fee599905f5346ffaafc10b-arm64 OVMF_VARS.fd
0da3428bc5b7bcd0615bf6b444834d554e4599bb2c283bd041fa6a4235102531
mkdir -p /home/zededa-ci/src/eve/dist/arm64/installer
cd /home/zededa-ci/src/eve/dist/arm64/installer ; _() { C=`docker create $1 fake` ; shift ; docker export $C | tar -xf - "$@" ; docker rm $C ; } ; _ lfedge/eve-grub:aa6b2e431670cf3859b1a3d683b9e0e238e30655-arm64 EFI
6a77cfcb1d8c3b3c81b280cf6183f475f2d52d762a57b821052b9f5ab37d7e92
./tools/makeconfig.sh /home/zededa-ci/src/eve/dist/arm64/installer/config.img conf/authorized_keys conf/DevicePortConfig conf/grub.cfg conf/onboard.cert.pem conf/onboard.key.pem conf/root-certificate.pem conf/server conf/v2tlsbaseroot-certificates.pem
1024+0 records in
1024+0 records out
mkfs.fat 4.1 (2017-01-24)
/config.img has 64 heads and 32 sectors per track,
hidden sectors 0x0000;
logical sector size is 512,
using 0xf8 media descriptor, with 2048 sectors;
drive number 0x80;
filesystem has 2 12-bit FATs and 4 sectors per cluster.
FAT size is 2 sectors, and provides 502 clusters.
There is 1 reserved sector.
Root directory contains 512 slots and uses 32 sectors.
Volume ID is b7b7c1f3, volume label EVE        .
cd /home/zededa-ci/src/eve/dist/arm64/installer ; _() { C=`docker create $1 fake` ; shift ; docker export $C | tar -xf - "$@" ; docker rm $C ; } ; _ lfedge/eve-mkimage-raw-efi:5b9c8a3bc15353352a7462b508c9f379e9fcea32-arm64 initrd.img EFI
d2bd0e68e28bb0e5d76d1586d22371c23dba34c933f663eecf41ce6925024095
Done building /home/zededa-ci/src/eve/build-tools/bin/linuxkit
./tools/makerootfs.sh images/rootfs-kvm.yml /home/zededa-ci/src/eve/dist/arm64/installer/rootfs-0.0.0-HEAD-914c9865-2020-06-11.06.13-kvm-arm64.squash squash
Extract kernel image: lfedge/eve-kernel:70e2491f33de2fb09b61287b8a5b4570249750fe-arm64
Add init containers:
Process init image: linuxkit/init:v0.5-arm64
time="2020-06-11T08:13:32+02:00" level=warning msg="targets metadata is nearing expiry, you should re-sign the role metadata"
Process init image: linuxkit/runc:f79954950022fea76b8b6f10de58cb48e4fb3878-arm64
time="2020-06-11T08:13:49+02:00" level=error msg="Metadata for targets/riyaz expired"
time="2020-06-11T08:13:49+02:00" level=error msg="Metadata for targets/riyaz expired"
time="2020-06-11T08:13:49+02:00" level=warning msg="Error getting targets/riyaz: targets/riyaz expired at Mon May 25 15:32:34 -0700 2020"
time="2020-06-11T08:13:49+02:00" level=warning msg="targets metadata is nearing expiry, you should re-sign the role metadata"
time="2020-06-11T08:13:49+02:00" level=warning msg="targets/justin metadata is nearing expiry, you should re-sign the role metadata"
Process init image: linuxkit/containerd:6ef473a228db6f6ee163f9b9a051102a1552a4ef-arm64
time="2020-06-11T08:14:07+02:00" level=error msg="Metadata for targets/riyaz expired"
time="2020-06-11T08:14:08+02:00" level=error msg="Metadata for targets/riyaz expired"
time="2020-06-11T08:14:08+02:00" level=warning msg="Error getting targets/riyaz: targets/riyaz expired at Sat Jun 6 08:35:43 -0700 2020"
time="2020-06-11T08:14:08+02:00" level=warning msg="targets metadata is nearing expiry, you should re-sign the role metadata"
time="2020-06-11T08:14:08+02:00" level=warning msg="targets/justin metadata is nearing expiry, you should re-sign the role metadata"
Process init image: linuxkit/getty:v0.5-arm64
time="2020-06-11T08:14:26+02:00" level=warning msg="targets/justin metadata is nearing expiry, you should re-sign the role metadata"
time="2020-06-11T08:14:26+02:00" level=warning msg="targets/riyaz metadata is nearing expiry, you should re-sign the role metadata"
time="2020-06-11T08:14:26+02:00" level=warning msg="targets metadata is nearing expiry, you should re-sign the role metadata"
Process init image: linuxkit/memlogd:v0.5-arm64
Process init image: lfedge/eve-grub:aa6b2e431670cf3859b1a3d683b9e0e238e30655-arm64
Process init image: lfedge/eve-fw:60af30b13b43cdc50b6cbb6e30a5e4d1feb154e0-arm64
Process init image: lfedge/eve-xen:52809cf2b070b5c5976ce9173c9d6b27382341bd-arm64
Process init image: lfedge/eve-gpt-tools:e378abea66b77fb7e9587b798a8caf5c78f440c1-arm64
Process init image: lfedge/eve-dom0-ztools:5450ed24dca591ec67c2a7465df5b203e7e92479-arm64
Add onboot containers:
  Create OCI config for lfedge/eve-storage-init:31ed12195e31e7f4b118cbcc2cecfce815e5c4ed-arm64
  Create OCI config for linuxkit/sysctl:v0.5-arm64
time="2020-06-11T08:15:12+02:00" level=warning msg="targets metadata is nearing expiry, you should re-sign the role metadata"
time="2020-06-11T08:15:12+02:00" level=warning msg="targets/ian metadata is nearing expiry, you should re-sign the role metadata"
  Create OCI config for lfedge/eve-rngd:6e16dad8553a6c2939854abfa9f34a5f2604bce7-arm64
  Create OCI config for linuxkit/modprobe:v0.5-arm64
time="2020-06-11T08:15:31+02:00" level=warning msg="targets metadata is nearing expiry, you should re-sign the role metadata"
time="2020-06-11T08:15:31+02:00" level=warning msg="targets/ian metadata is nearing expiry, you should re-sign the role metadata"
Add service containers:
  Create OCI config for lfedge/eve-rsyslog:49556e27198614b57d70e76f8bfcca3068056cfc-arm64
  Create OCI config for linuxkit/openntpd:v0.5-arm64
time="2020-06-11T08:15:49+02:00" level=error msg="Metadata for targets/riyaz expired"
time="2020-06-11T08:15:49+02:00" level=error msg="Metadata for targets/riyaz expired"
time="2020-06-11T08:15:49+02:00" level=warning msg="Error getting targets/riyaz: targets/riyaz expired at Mon May 25 15:06:33 -0700 2020"
time="2020-06-11T08:15:49+02:00" level=warning msg="targets metadata is nearing expiry, you should re-sign the role metadata"
time="2020-06-11T08:15:49+02:00" level=warning msg="targets/justin metadata is nearing expiry, you should re-sign the role metadata"
time="2020-06-11T08:15:49+02:00" level=warning msg="targets/ian metadata is nearing expiry, you should re-sign the role metadata"
  Create OCI config for linuxkit/sshd:v0.5-arm64
time="2020-06-11T08:16:06+02:00" level=error msg="Metadata for targets/justin expired"
time="2020-06-11T08:16:06+02:00" level=error msg="Metadata for targets/justin expired"
time="2020-06-11T08:16:06+02:00" level=warning msg="Error getting targets/justin: targets/justin expired at Fri May 29 15:28:54 +0100 2020"
time="2020-06-11T08:16:06+02:00" level=warning msg="targets metadata is nearing expiry, you should re-sign the role metadata"
time="2020-06-11T08:16:06+02:00" level=warning msg="targets/riyaz metadata is nearing expiry, you should re-sign the role metadata"
  Create OCI config for lfedge/eve-wwan:31a3911c7aa7e5c44e19406d6277173b494c6f35-arm64
  Create OCI config for lfedge/eve-wlan:ac31bb78810451ef1333b3970f29bebc0a6c9c44-arm64
  Create OCI config for lfedge/eve-lisp:6fe9cf905fb0fc657f646a82b42aa95e4f68f5e5-arm64
  Create OCI config for lfedge/eve-guacd:f1f08a0fcadd35320f5d03fe0f0a1a318e8449be-arm64
  Create OCI config for lfedge/eve-pillar:c189e84bbc2d04c2a33f0f984e6a30742b341545-arm64
  Create OCI config for lfedge/eve-vtpm:11365a20a21fa000e9d48614e9303c8f0e81477f-arm64
  Create OCI config for lfedge/eve-watchdog:288a4129631e73aad6a9e5c01f229205f5dbc9be-arm64
  Create OCI config for lfedge/eve-xen-tools:955c1a053b125fc78467091618d8d1e6cfa80c08-arm64
Add files:
  /etc/eve-release
Parallel mksquashfs: Using 4 processors
Creating 4.0 filesystem on /rootfs.img, block size 131072.
[=======================================\                    ] 14400/21363  67%[=================================================-          ] 18100/21363  84%[===========================================================-] 21363/21363 100%

Exportable Squashfs 4.0 filesystem, gzip compressed, data block size 131072
	compressed data, compressed metadata, compressed fragments, compressed xattrs
	duplicates are removed
Filesystem size 248255.84 Kbytes (242.44 Mbytes)
	33.30% of uncompressed filesystem size (745451.79 Kbytes)
Inode table size 241270 bytes (235.62 Kbytes)
	25.09% of uncompressed inode table size (961591 bytes)
Directory table size 260963 bytes (254.85 Kbytes)
	45.60% of uncompressed directory table size (572273 bytes)
Number of duplicate files found 8682
Number of inodes 24623
Number of files 16684
Number of fragments 677
Number of symbolic links  5903
Number of device nodes 4
Number of fifo nodes 0
Number of socket nodes 0
Number of directories 2032
Number of ids (unique uids + gids) 4
Number of uids 2
	root (0)
	unknown (1000)
Number of gids 4
	root (0)
	shadow (42)
	tty (5)
	unknown (1000)
cp pkg/eve/build.yml pkg/eve/runme.sh images/*.yml /home/zededa-ci/src/eve/dist/arm64
DOCKER_ARCH_TAG=arm64 ./tools/parse-pkgs.sh pkg/eve/Dockerfile.in > /home/zededa-ci/src/eve/dist/arm64/Dockerfile
/home/zededa-ci/src/eve/build-tools/bin/linuxkit pkg push --disable-content-trust --hash-path /home/zededa-ci/src/eve --hash 0.0.0-HEAD-914c9865-2020-06-11.06.13-kvm --release snapshot --force --disable-cache /home/zededa-ci/src/eve/dist/arm64
Building and pushing "lfedge/eve:0.0.0-HEAD-914c9865-2020-06-11.06.13-kvm"
Sending build context to Docker daemon  266.9MB
Step 1/17 : FROM alpine:3.9.4 as tools
 ---> ce544de9ee2c
Step 2/17 : RUN mkdir -p /out/etc/apk /out/boot && cp -r /etc/apk/* /out/etc/apk/
 ---> Running in 94a7e195392d
 ---> 621006720bbd
Removing intermediate container 94a7e195392d
Step 3/17 : RUN apk add --no-cache --initdb -p /out qemu-img=3.1.0-r3 tar=1.32-r0
 ---> Running in ddcb191b79c1
fetch http://dl-cdn.alpinelinux.org/alpine/v3.9/main/aarch64/APKINDEX.tar.gz
fetch http://dl-cdn.alpinelinux.org/alpine/v3.9/community/aarch64/APKINDEX.tar.gz
(1/19) Installing libaio (0.3.111-r0)
(2/19) Installing musl (1.1.20-r5)
(3/19) Installing busybox (1.29.3-r10)
Executing busybox-1.29.3-r10.post-install
(4/19) Installing libffi (3.2.1-r6)
(5/19) Installing libintl (0.19.8.1-r4)
(6/19) Installing libuuid (2.33-r0)
(7/19) Installing libblkid (2.33-r0)
(8/19) Installing libmount (2.33-r0)
(9/19) Installing pcre (8.42-r1)
(10/19) Installing zlib (1.2.11-r1)
(11/19) Installing glib (2.58.1-r3)
(12/19) Installing gmp (6.1.2-r1)
(13/19) Installing nettle (3.4.1-r0)
(14/19) Installing p11-kit (0.23.14-r0)
(15/19) Installing libtasn1 (4.14-r0)
(16/19) Installing libunistring (0.9.10-r0)
(17/19) Installing gnutls (3.6.14-r0)
(18/19) Installing qemu-img (3.1.0-r3)
(19/19) Installing tar (1.32-r0)
Executing busybox-1.29.3-r10.trigger
Executing glib-2.58.1-r3.trigger
OK: 16 MiB in 19 packages
 ---> 21fb8dc10a00
Removing intermediate container ddcb191b79c1
Step 4/17 : FROM lfedge/eve-mkimage-iso-efi:e0cc637b8d693c6718d31dc1cbab1f7557823c0b-arm64 as iso
 ---> 74679271e526
Step 5/17 : FROM lfedge/eve-mkimage-raw-efi:5b9c8a3bc15353352a7462b508c9f379e9fcea32-arm64 as raw
 ---> c3f4b6a57b32
Step 6/17 : RUN rm /initrd.img
 ---> Running in dc31bf3b02d8
 ---> 74f6dc523dbf
Removing intermediate container dc31bf3b02d8
Step 7/17 : FROM lfedge/eve-mkconf:b9a89148618d45bd26a93a68701f5d0588e501a9-arm64 as conf
 ---> ac9fa4d52a61
Step 8/17 : COPY --from=iso / /
 ---> 4e9e3959daf4
Step 9/17 : COPY --from=raw / /
 ---> e356dba41193
Step 10/17 : COPY --from=tools /out/ /
 ---> 73023f889114
Step 11/17 : COPY installer /bits
 ---> 029aa1851b04
Step 12/17 : COPY OVMF* /firmware/
 ---> 9382f64f2e41
Step 13/17 : COPY runme.sh /
 ---> ba41db6b0492
Step 14/17 : RUN mkdir /in /out
 ---> Running in abc4717f88fa
 ---> 7bd8a1935433
Removing intermediate container abc4717f88fa
Step 15/17 : WORKDIR /bits
 ---> 5800e2701a04
Removing intermediate container ad297e653dbb
Step 16/17 : ENTRYPOINT /runme.sh
 ---> Running in 0f1361353add
 ---> d57c1c4e27f7
Removing intermediate container 0f1361353add
Step 17/17 : LABEL org.mobyproject.linuxkit.revision 'unknown' org.mobyproject.linuxkit.version 'unknown' org.opencontainers.image.revision '914c9865d8029f402aa1a38ea0ce8fba1c934b27' org.opencontainers.image.source 'https://github.com/linuxkit/linuxkit'
 ---> Running in fc696bda372c
 ---> fb107ce18245
Removing intermediate container fc696bda372c
Successfully built fb107ce18245
Successfully tagged lfedge/eve:0.0.0-HEAD-914c9865-2020-06-11.06.13-kvm-arm64
Pushing lfedge/eve:0.0.0-HEAD-914c9865-2020-06-11.06.13-kvm-arm64
The push refers to a repository [docker.io/lfedge/eve]
61c5115bbe5c: Preparing
aab06cd4d714: Preparing
5f5077f28bf0: Preparing
e3b789e551db: Preparing
cd533d674cc6: Preparing
1c1d76e314ab: Preparing
9a50430de2c7: Preparing
41396e0b608d: Preparing
41396e0b608d: Waiting
1c1d76e314ab: Waiting
9a50430de2c7: Waiting
61c5115bbe5c: Pushed
aab06cd4d714: Pushed
1c1d76e314ab: Layer already exists
5f5077f28bf0: Pushed
41396e0b608d: Layer already exists
9a50430de2c7: Layer already exists
cd533d674cc6: Pushed
e3b789e551db: Pushed
0.0.0-HEAD-914c9865-2020-06-11.06.13-kvm-arm64: digest: sha256:0d0cf20e387d188f567c4eadd232ad5b5497e8635e6477aeba61ae55223c7b4e size: 1999
Pushing lfedge/eve:0.0.0-HEAD-914c9865-2020-06-11.06.13-kvm-arm64 to manifest lfedge/eve:0.0.0-HEAD-914c9865-2020-06-11.06.13-kvm
time="2020-06-11T08:21:09+02:00" level=warning msg="Couldn't find or access image reference \"lfedge/eve:0.0.0-HEAD-914c9865-2020-06-11.06.13-kvm-amd64\". Skipping image."
time="2020-06-11T08:21:12+02:00" level=warning msg="Couldn't find or access image reference \"lfedge/eve:0.0.0-HEAD-914c9865-2020-06-11.06.13-kvm-s390x\". Skipping image."
Digest: sha256:3c7aa1956c4c8a7ea4b8559910ba48baa333df9fc1821bb4076f5d1813f2d0a3 434
Not signing lfedge/eve:0.0.0-HEAD-914c9865-2020-06-11.06.13-kvm
Tagging lfedge/eve:0.0.0-HEAD-914c9865-2020-06-11.06.13-kvm-arm64 as lfedge/eve:snapshot-arm64
Pushing lfedge/eve:snapshot-arm64
The push refers to a repository [docker.io/lfedge/eve]
61c5115bbe5c: Preparing
aab06cd4d714: Preparing
5f5077f28bf0: Preparing
e3b789e551db: Preparing
cd533d674cc6: Preparing
1c1d76e314ab: Preparing
9a50430de2c7: Preparing
41396e0b608d: Preparing
9a50430de2c7: Waiting
41396e0b608d: Waiting
1c1d76e314ab: Waiting
cd533d674cc6: Layer already exists
aab06cd4d714: Layer already exists
5f5077f28bf0: Layer already exists
e3b789e551db: Layer already exists
61c5115bbe5c: Layer already exists
1c1d76e314ab: Layer already exists
9a50430de2c7: Layer already exists
41396e0b608d: Layer already exists
snapshot-arm64: digest: sha256:0d0cf20e387d188f567c4eadd232ad5b5497e8635e6477aeba61ae55223c7b4e size: 1999
Pushing lfedge/eve:snapshot-arm64 to manifest lfedge/eve:snapshot
time="2020-06-11T08:21:34+02:00" level=warning msg="Couldn't find or access image reference \"lfedge/eve:snapshot-s390x\". Skipping image."
Digest: sha256:2c2316510dac7670f62a25b93b664a4f98915c62aa012f86ffa318fe06db582c 743
Not signing lfedge/eve:snapshot
Build, push and release of "snapshot" complete, all done.
rm images/rootfs-kvm.yml images/rootfs-kvm.yml.in
Creating go builder image for user zededa-ci
eve-build-zededa-ci docker container is ready to use
mkdir -p /home/zededa-ci/src/eve/dist/arm64
cd /home/zededa-ci/src/eve/dist/arm64 ; _() { C=`docker create $1 fake` ; shift ; docker export $C | tar -xf - "$@" ; docker rm $C ; } ; _ lfedge/eve-uefi:5c00deeac0b200565fee599905f5346ffaafc10b-arm64 OVMF.fd
22a882082f8259cdf9f9d9bac3c845741043c88d0e99728a13199c782ae871e4
cd /home/zededa-ci/src/eve/dist/arm64 ; _() { C=`docker create $1 fake` ; shift ; docker export $C | tar -xf - "$@" ; docker rm $C ; } ; _ lfedge/eve-uefi:5c00deeac0b200565fee599905f5346ffaafc10b-arm64 OVMF_CODE.fd
tar: OVMF_CODE.fd: Not found in archive
tar: Exiting with failure status due to previous errors
15939dd9ff8870cec7737c5b6b8ebea0852feb3d10436f6987fc45ce45045679
cd /home/zededa-ci/src/eve/dist/arm64 ; _() { C=`docker create $1 fake` ; shift ; docker export $C | tar -xf - "$@" ; docker rm $C ; } ; _ lfedge/eve-uefi:5c00deeac0b200565fee599905f5346ffaafc10b-arm64 OVMF_VARS.fd
0a37bc5f48241d8e0ed18dd9f1d24193694762ae193b9fb6ddb2d2c02a906f77
mkdir -p /home/zededa-ci/src/eve/dist/arm64/installer
cd /home/zededa-ci/src/eve/dist/arm64/installer ; _() { C=`docker create $1 fake` ; shift ; docker export $C | tar -xf - "$@" ; docker rm $C ; } ; _ lfedge/eve-grub:aa6b2e431670cf3859b1a3d683b9e0e238e30655-arm64 EFI
4d495f489ca2342ea7aceeded484e5a00720b6136283da4fd945ab80f4cf000c
./tools/makeconfig.sh /home/zededa-ci/src/eve/dist/arm64/installer/config.img conf/authorized_keys conf/DevicePortConfig conf/grub.cfg conf/onboard.cert.pem conf/onboard.key.pem conf/root-certificate.pem conf/server conf/v2tlsbaseroot-certificates.pem
1024+0 records in
1024+0 records out
mkfs.fat 4.1 (2017-01-24)
/config.img has 64 heads and 32 sectors per track,
hidden sectors 0x0000;
logical sector size is 512,
using 0xf8 media descriptor, with 2048 sectors;
drive number 0x80;
filesystem has 2 12-bit FATs and 4 sectors per cluster.
FAT size is 2 sectors, and provides 502 clusters.
There is 1 reserved sector.
Root directory contains 512 slots and uses 32 sectors.
Volume ID is d79745ca, volume label EVE        .
cd /home/zededa-ci/src/eve/dist/arm64/installer ; _() { C=`docker create $1 fake` ; shift ; docker export $C | tar -xf - "$@" ; docker rm $C ; } ; _ lfedge/eve-mkimage-raw-efi:5b9c8a3bc15353352a7462b508c9f379e9fcea32-arm64 initrd.img EFI
2c47701bfcdebcb6d6e176fb686ed123de64c81a7a487170ce6fb441ec55c8c3
Done building /home/zededa-ci/src/eve/build-tools/bin/linuxkit
./tools/makerootfs.sh images/rootfs-xen.yml /home/zededa-ci/src/eve/dist/arm64/installer/rootfs-0.0.0-HEAD-914c9865-2020-06-11.06.21-xen-arm64.squash squash
Extract kernel image: lfedge/eve-kernel:70e2491f33de2fb09b61287b8a5b4570249750fe-arm64
Add init containers:
Process init image: linuxkit/init:v0.5-arm64
time="2020-06-11T08:21:59+02:00" level=warning msg="targets metadata is nearing expiry, you should re-sign the role metadata"
Process init image: linuxkit/runc:f79954950022fea76b8b6f10de58cb48e4fb3878-arm64
time="2020-06-11T08:22:18+02:00" level=error msg="Metadata for targets/riyaz expired"
time="2020-06-11T08:22:18+02:00" level=error msg="Metadata for targets/riyaz expired"
time="2020-06-11T08:22:18+02:00" level=warning msg="Error getting targets/riyaz: targets/riyaz expired at Mon May 25 15:32:34 -0700 2020"
time="2020-06-11T08:22:18+02:00" level=warning msg="targets metadata is nearing expiry, you should re-sign the role metadata"
time="2020-06-11T08:22:18+02:00" level=warning msg="targets/justin metadata is nearing expiry, you should re-sign the role metadata"
Process init image: linuxkit/containerd:6ef473a228db6f6ee163f9b9a051102a1552a4ef-arm64
time="2020-06-11T08:22:35+02:00" level=error msg="Metadata for targets/riyaz expired"
time="2020-06-11T08:22:36+02:00" level=error msg="Metadata for targets/riyaz expired"
time="2020-06-11T08:22:36+02:00" level=warning msg="Error getting targets/riyaz: targets/riyaz expired at Sat Jun 6 08:35:43 -0700 2020"
time="2020-06-11T08:22:36+02:00" level=warning msg="targets metadata is nearing expiry, you should re-sign the role metadata"
time="2020-06-11T08:22:36+02:00" level=warning msg="targets/justin metadata is nearing expiry, you should re-sign the role metadata"
Process init image: linuxkit/getty:v0.5-arm64
time="2020-06-11T08:22:53+02:00" level=warning msg="targets/justin metadata is nearing expiry, you should re-sign the role metadata"
time="2020-06-11T08:22:53+02:00" level=warning msg="targets/riyaz metadata is nearing expiry, you should re-sign the role metadata"
time="2020-06-11T08:22:53+02:00" level=warning msg="targets metadata is nearing expiry, you should re-sign the role metadata"
Process init image: linuxkit/memlogd:v0.5-arm64
Process init image: lfedge/eve-grub:aa6b2e431670cf3859b1a3d683b9e0e238e30655-arm64
Process init image: lfedge/eve-fw:60af30b13b43cdc50b6cbb6e30a5e4d1feb154e0-arm64
Process init image: lfedge/eve-xen:52809cf2b070b5c5976ce9173c9d6b27382341bd-arm64
Process init image: lfedge/eve-gpt-tools:e378abea66b77fb7e9587b798a8caf5c78f440c1-arm64
Process init image: lfedge/eve-dom0-ztools:5450ed24dca591ec67c2a7465df5b203e7e92479-arm64
Add onboot containers:
  Create OCI config for lfedge/eve-storage-init:31ed12195e31e7f4b118cbcc2cecfce815e5c4ed-arm64
  Create OCI config for linuxkit/sysctl:v0.5-arm64
time="2020-06-11T08:23:35+02:00" level=warning msg="targets/ian metadata is nearing expiry, you should re-sign the role metadata"
time="2020-06-11T08:23:35+02:00" level=warning msg="targets metadata is nearing expiry, you should re-sign the role metadata"
  Create OCI config for lfedge/eve-rngd:6e16dad8553a6c2939854abfa9f34a5f2604bce7-arm64
  Create OCI config for linuxkit/modprobe:v0.5-arm64
time="2020-06-11T08:23:55+02:00" level=warning msg="targets metadata is nearing expiry, you should re-sign the role metadata"
time="2020-06-11T08:23:55+02:00" level=warning msg="targets/ian metadata is nearing expiry, you should re-sign the role metadata"
Add service containers:
  Create OCI config for lfedge/eve-rsyslog:49556e27198614b57d70e76f8bfcca3068056cfc-arm64
  Create OCI config for linuxkit/openntpd:v0.5-arm64
time="2020-06-11T08:24:15+02:00" level=error msg="Metadata for targets/riyaz expired"
time="2020-06-11T08:24:15+02:00" level=error msg="Metadata for targets/riyaz expired"
time="2020-06-11T08:24:15+02:00" level=warning msg="Error getting targets/riyaz: targets/riyaz expired at Mon May 25 15:06:33 -0700 2020"
time="2020-06-11T08:24:15+02:00" level=warning msg="targets metadata is nearing expiry, you should re-sign the role metadata"
time="2020-06-11T08:24:15+02:00" level=warning msg="targets/justin metadata is nearing expiry, you should re-sign the role metadata"
time="2020-06-11T08:24:15+02:00" level=warning msg="targets/ian metadata is nearing expiry, you should re-sign the role metadata"
  Create OCI config for linuxkit/sshd:v0.5-arm64
time="2020-06-11T08:24:31+02:00" level=error msg="Metadata for targets/justin expired"
time="2020-06-11T08:24:31+02:00" level=error msg="Metadata for targets/justin expired"
time="2020-06-11T08:24:31+02:00" level=warning msg="Error getting targets/justin: targets/justin expired at Fri May 29 15:28:54 +0100 2020"
time="2020-06-11T08:24:31+02:00" level=warning msg="targets/riyaz metadata is nearing expiry, you should re-sign the role metadata"
time="2020-06-11T08:24:31+02:00" level=warning msg="targets metadata is nearing expiry, you should re-sign the role metadata"
  Create OCI config for lfedge/eve-wwan:31a3911c7aa7e5c44e19406d6277173b494c6f35-arm64
  Create OCI config for lfedge/eve-wlan:ac31bb78810451ef1333b3970f29bebc0a6c9c44-arm64
  Create OCI config for lfedge/eve-lisp:6fe9cf905fb0fc657f646a82b42aa95e4f68f5e5-arm64
  Create OCI config for lfedge/eve-guacd:f1f08a0fcadd35320f5d03fe0f0a1a318e8449be-arm64
  Create OCI config for lfedge/eve-pillar:c189e84bbc2d04c2a33f0f984e6a30742b341545-arm64
  Create OCI config for lfedge/eve-vtpm:11365a20a21fa000e9d48614e9303c8f0e81477f-arm64
  Create OCI config for lfedge/eve-watchdog:288a4129631e73aad6a9e5c01f229205f5dbc9be-arm64
  Create OCI config for lfedge/eve-xen-tools:955c1a053b125fc78467091618d8d1e6cfa80c08-arm64
Add files:
  /etc/eve-release
Parallel mksquashfs: Using 4 processors
Creating 4.0 filesystem on /rootfs.img, block size 131072.
[=======================================/                    ] 14400/21363  67%[=====================================================\      ] 19200/21363  89%[===========================================================|] 21363/21363 100%

Exportable Squashfs 4.0 filesystem, gzip compressed, data block size 131072
	compressed data, compressed metadata, compressed fragments, compressed xattrs
	duplicates are removed
Filesystem size 248255.79 Kbytes (242.44 Mbytes)
	33.30% of uncompressed filesystem size (745451.79 Kbytes)
Inode table size 241271 bytes (235.62 Kbytes)
	25.09% of uncompressed inode table size (961591 bytes)
Directory table size 260920 bytes (254.80 Kbytes)
	45.59% of uncompressed directory table size (572273 bytes)
Number of duplicate files found 8682
Number of inodes 24623
Number of files 16684
Number of fragments 677
Number of symbolic links  5903
Number of device nodes 4
Number of fifo nodes 0
Number of socket nodes 0
Number of directories 2032
Number of ids (unique uids + gids) 4
Number of uids 2
	root (0)
	unknown (1000)
Number of gids 4
	root (0)
	shadow (42)
	tty (5)
	unknown (1000)
cp pkg/eve/build.yml pkg/eve/runme.sh images/*.yml /home/zededa-ci/src/eve/dist/arm64
DOCKER_ARCH_TAG=arm64 ./tools/parse-pkgs.sh pkg/eve/Dockerfile.in > /home/zededa-ci/src/eve/dist/arm64/Dockerfile
/home/zededa-ci/src/eve/build-tools/bin/linuxkit pkg push --disable-content-trust --hash-path /home/zededa-ci/src/eve --hash 0.0.0-HEAD-914c9865-2020-06-11.06.21-xen --release snapshot --force --disable-cache /home/zededa-ci/src/eve/dist/arm64
Building and pushing "lfedge/eve:0.0.0-HEAD-914c9865-2020-06-11.06.21-xen"
Sending build context to Docker daemon  266.9MB
Step 1/17 : FROM alpine:3.9.4 as tools
 ---> ce544de9ee2c
Step 2/17 : RUN mkdir -p /out/etc/apk /out/boot && cp -r /etc/apk/* /out/etc/apk/
 ---> Running in 26fb5b210d8e
 ---> 73e85436b92c
Removing intermediate container 26fb5b210d8e
Step 3/17 : RUN apk add --no-cache --initdb -p /out qemu-img=3.1.0-r3 tar=1.32-r0
 ---> Running in 369eb6774d6e
fetch http://dl-cdn.alpinelinux.org/alpine/v3.9/main/aarch64/APKINDEX.tar.gz
fetch http://dl-cdn.alpinelinux.org/alpine/v3.9/community/aarch64/APKINDEX.tar.gz
(1/19) Installing libaio (0.3.111-r0)
(2/19) Installing musl (1.1.20-r5)
(3/19) Installing busybox (1.29.3-r10)
Executing busybox-1.29.3-r10.post-install
(4/19) Installing libffi (3.2.1-r6)
(5/19) Installing libintl (0.19.8.1-r4)
(6/19) Installing libuuid (2.33-r0)
(7/19) Installing libblkid (2.33-r0)
(8/19) Installing libmount (2.33-r0)
(9/19) Installing pcre (8.42-r1)
(10/19) Installing zlib (1.2.11-r1)
(11/19) Installing glib (2.58.1-r3)
(12/19) Installing gmp (6.1.2-r1)
(13/19) Installing nettle (3.4.1-r0)
(14/19) Installing p11-kit (0.23.14-r0)
(15/19) Installing libtasn1 (4.14-r0)
(16/19) Installing libunistring (0.9.10-r0)
(17/19) Installing gnutls (3.6.14-r0)
(18/19) Installing qemu-img (3.1.0-r3)
(19/19) Installing tar (1.32-r0)
Executing busybox-1.29.3-r10.trigger
Executing glib-2.58.1-r3.trigger
OK: 16 MiB in 19 packages
 ---> 33692e729fc3
Removing intermediate container 369eb6774d6e
Step 4/17 : FROM lfedge/eve-mkimage-iso-efi:e0cc637b8d693c6718d31dc1cbab1f7557823c0b-arm64 as iso
 ---> 74679271e526
Step 5/17 : FROM lfedge/eve-mkimage-raw-efi:5b9c8a3bc15353352a7462b508c9f379e9fcea32-arm64 as raw
 ---> c3f4b6a57b32
Step 6/17 : RUN rm /initrd.img
 ---> Running in 97c8986e4e17
 ---> 75c9c54fc8e2
Removing intermediate container 97c8986e4e17
Step 7/17 : FROM lfedge/eve-mkconf:b9a89148618d45bd26a93a68701f5d0588e501a9-arm64 as conf
 ---> ac9fa4d52a61
Step 8/17 : COPY --from=iso / /
 ---> 582d880bf497
Step 9/17 : COPY --from=raw / /
 ---> f31c48398811
Step 10/17 : COPY --from=tools /out/ /
 ---> aaa84872bd1a
Step 11/17 : COPY installer /bits
 ---> 8702cacc89a7
Step 12/17 : COPY OVMF* /firmware/
 ---> 1410e67ddc30
Step 13/17 : COPY runme.sh /
 ---> 382bbb09273e
Step 14/17 : RUN mkdir /in /out
 ---> Running in 85c31e166954
 ---> 9d8bad08aeb0
Removing intermediate container 85c31e166954
Step 15/17 : WORKDIR /bits
 ---> 16a5a2087f04
Removing intermediate container 49a5fa6f880e
Step 16/17 : ENTRYPOINT /runme.sh
 ---> Running in 146817f833bb
 ---> 35c514303a86
Removing intermediate container 146817f833bb
Step 17/17 : LABEL org.mobyproject.linuxkit.revision 'unknown' org.mobyproject.linuxkit.version 'unknown' org.opencontainers.image.revision '914c9865d8029f402aa1a38ea0ce8fba1c934b27' org.opencontainers.image.source 'https://github.com/linuxkit/linuxkit'
 ---> Running in 338cd6d18996
 ---> 45de16383d2c
Removing intermediate container 338cd6d18996
Successfully built 45de16383d2c
Successfully tagged lfedge/eve:0.0.0-HEAD-914c9865-2020-06-11.06.21-xen-arm64
Pushing lfedge/eve:0.0.0-HEAD-914c9865-2020-06-11.06.21-xen-arm64
The push refers to a repository [docker.io/lfedge/eve]
a7230706a001: Preparing
d440eb00f118: Preparing
6a70939df20f: Preparing
065817ff2082: Preparing
11ef99587d12: Preparing
1c1d76e314ab: Preparing
9a50430de2c7: Preparing
41396e0b608d: Preparing
9a50430de2c7: Waiting
41396e0b608d: Waiting
1c1d76e314ab: Waiting
a7230706a001: Pushed
6a70939df20f: Pushed
1c1d76e314ab: Layer already exists
9a50430de2c7: Layer already exists
41396e0b608d: Layer already exists
d440eb00f118: Pushed
11ef99587d12: Pushed
065817ff2082: Pushed
0.0.0-HEAD-914c9865-2020-06-11.06.21-xen-arm64: digest: sha256:39dccfd0e9a37619b1f63cc6444ce8e417b5a38ec2a1045b5c207eb85971b56d size: 1999
Pushing lfedge/eve:0.0.0-HEAD-914c9865-2020-06-11.06.21-xen-arm64 to manifest lfedge/eve:0.0.0-HEAD-914c9865-2020-06-11.06.21-xen
time="2020-06-11T08:29:11+02:00" level=warning msg="Couldn't find or access image reference \"lfedge/eve:0.0.0-HEAD-914c9865-2020-06-11.06.21-xen-amd64\". Skipping image."
time="2020-06-11T08:29:14+02:00" level=warning msg="Couldn't find or access image reference \"lfedge/eve:0.0.0-HEAD-914c9865-2020-06-11.06.21-xen-s390x\". Skipping image."
Digest: sha256:2af7695dc8dc55548b3376a182597192bbcb0573a841f900a1c02343b551e27e 434
Not signing lfedge/eve:0.0.0-HEAD-914c9865-2020-06-11.06.21-xen
Tagging lfedge/eve:0.0.0-HEAD-914c9865-2020-06-11.06.21-xen-arm64 as lfedge/eve:snapshot-arm64
Pushing lfedge/eve:snapshot-arm64
The push refers to a repository [docker.io/lfedge/eve]
a7230706a001: Preparing
d440eb00f118: Preparing
6a70939df20f: Preparing
065817ff2082: Preparing
11ef99587d12: Preparing
1c1d76e314ab: Preparing
9a50430de2c7: Preparing
1c1d76e314ab: Waiting
9a50430de2c7: Waiting
41396e0b608d: Preparing
41396e0b608d: Waiting
11ef99587d12: Layer already exists
6a70939df20f: Layer already exists
d440eb00f118: Layer already exists
065817ff2082: Layer already exists
a7230706a001: Layer already exists
1c1d76e314ab: Layer already exists
9a50430de2c7: Layer already exists
41396e0b608d: Layer already exists
snapshot-arm64: digest: sha256:39dccfd0e9a37619b1f63cc6444ce8e417b5a38ec2a1045b5c207eb85971b56d size: 1999
Pushing lfedge/eve:snapshot-arm64 to manifest lfedge/eve:snapshot
time="2020-06-11T08:29:35+02:00" level=warning msg="Couldn't find or access image reference \"lfedge/eve:snapshot-s390x\". Skipping image."
Digest: sha256:f5c43f2f893a72a03730756800ce5217bf1b5ad52ac615bed27958ea518c9144 743
Not signing lfedge/eve:snapshot
Build, push and release of "snapshot" complete, all done.
rm images/rootfs-xen.yml images/rootfs-xen.yml.in
FINISHED
