From https://github.com/lf-edge/eve
   c52da076..36f50ae7  master     -> origin/master
   58723ee6..ec39b20d  4.5        -> origin/4.5
 * [new tag]           3.1.1      -> 3.1.1
 * [new tag]           3.10.0     -> 3.10.0
 * [new tag]           3.2.0      -> 3.2.0
 * [new tag]           3.3.0      -> 3.3.0
 * [new tag]           3.3.1      -> 3.3.1
 * [new tag]           3.3.2      -> 3.3.2
 * [new tag]           3.4.0      -> 3.4.0
 * [new tag]           3.4.1      -> 3.4.1
 * [new tag]           3.4.10     -> 3.4.10
 * [new tag]           3.4.2      -> 3.4.2
 * [new tag]           3.5.0      -> 3.5.0
 * [new tag]           3.6.0      -> 3.6.0
 * [new tag]           3.7.0      -> 3.7.0
 * [new tag]           3.8.0      -> 3.8.0
 * [new tag]           3.8.1      -> 3.8.1
 * [new tag]           3.8.2      -> 3.8.2
 * [new tag]           3.9.0      -> 3.9.0
 * [new tag]           3.9.1      -> 3.9.1
 * [new tag]           3.9.2      -> 3.9.2
 * [new tag]           3.9.3      -> 3.9.3
 * [new tag]           4.1.0      -> 4.1.0
 * [new tag]           4.1.1      -> 4.1.1
 * [new tag]           4.1.2      -> 4.1.2
 * [new tag]           4.2.0      -> 4.2.0
 * [new tag]           4.3.0      -> 4.3.0
 * [new tag]           4.3.1      -> 4.3.1
 * [new tag]           4.5.0      -> 4.5.0
 * [new tag]           4.5.1      -> 4.5.1
 * [new tag]           4.5.2      -> 4.5.2
Building the following tags: 4.5.2 origin/master (latest tag is 4.5.2)
Skipping repository .go/pkg/dep/sources/https---github.com-linuxkit-linuxkit
Skipping repository .go/pkg/dep/sources/https---github.com-moby-hyperkit
Skipping repository .go/pkg/dep/sources/https---github.com-gorilla-context
Skipping repository .go/pkg/dep/sources/https---github.com-theupdateframework-notary
Skipping repository .go/pkg/dep/sources/https---github.com-mitchellh-go--ps
Skipping repository .go/pkg/dep/sources/https---github.com-golang-appengine
Skipping repository .go/pkg/dep/sources/https---github.com-xeipuuv-gojsonschema
Skipping repository .go/pkg/dep/sources/https---go.googlesource.com-net
Skipping repository .go/pkg/dep/sources/https---github.com-xeipuuv-gojsonpointer
Skipping repository .go/pkg/dep/sources/https---github.com-Azure-azure--sdk--for--go
Skipping repository .go/pkg/dep/sources/https---github.com-moby-tool
Skipping repository .go/pkg/dep/sources/https---github.com-Azure-go--ansiterm
Skipping repository .go/pkg/dep/sources/https---github.com-moby-vpnkit
Skipping repository .go/pkg/dep/sources/https---github.com-moul-anonuuid
Skipping repository .go/pkg/dep/sources/https---github.com-Azure-go--autorest
Skipping repository .go/pkg/dep/sources/https---github.com-moul-gotty--client
Skipping repository .go/pkg/dep/sources/https---github.com-Microsoft-go--winio
Skipping repository .go/pkg/dep/sources/https---github.com-agl-ed25519
Skipping repository .go/pkg/dep/sources/https---github.com-aws-aws--sdk--go
Skipping repository .go/pkg/dep/sources/https---github.com-containerd-containerd
Skipping repository .go/pkg/dep/sources/https---github.com-opencontainers-go--digest
Skipping repository .go/pkg/dep/sources/https---github.com-opencontainers-image--spec
Skipping repository .go/pkg/dep/sources/https---github.com-opencontainers-runtime--spec
Skipping repository .go/pkg/dep/sources/https---github.com-packethost-packngo
Skipping repository .go/pkg/dep/sources/https---github.com-pkg-errors
Skipping repository .go/pkg/dep/sources/https---github.com-radu--matei-azure--sdk--for--go
Skipping repository .go/pkg/dep/sources/https---github.com-radu--matei-azure--vhd--utils
Skipping repository .go/pkg/dep/sources/https---github.com-renstrom-fuzzysearch
Skipping repository .go/pkg/dep/sources/https---github.com-rn-iso9660wrap
Skipping repository .go/pkg/dep/sources/https---github.com-creack-goselect
Skipping repository .go/pkg/dep/sources/https---github.com-dgrijalva-jwt--go
Skipping repository .go/pkg/dep/sources/https---github.com-docker-distribution
Skipping repository .go/pkg/dep/sources/https---github.com-docker-docker
Skipping repository .go/pkg/dep/sources/https---github.com-docker-go
Skipping repository .go/pkg/dep/sources/https---github.com-docker-go--connections
Skipping repository .go/pkg/dep/sources/https---github.com-docker-go--units
Skipping repository .go/pkg/dep/sources/https---github.com-jmespath-go--jmespath
Skipping repository .go/pkg/dep/sources/https---github.com-scaleway-go--scaleway
Skipping repository .go/pkg/dep/sources/https---github.com-go--ini-ini
Skipping repository .go/pkg/dep/sources/https---github.com-gorilla-mux
Skipping repository .go/pkg/dep/sources/https---github.com-gogo-protobuf
Skipping repository .go/pkg/dep/sources/https---github.com-gorilla-websocket
Skipping repository .go/pkg/dep/sources/https---github.com-vmware-govmomi
Skipping repository .go/pkg/dep/sources/https---github.com-sirupsen-logrus
Skipping repository .go/pkg/dep/sources/https---gopkg.in-yaml.v2
Skipping repository .go/pkg/dep/sources/https---github.com-golang-protobuf
Skipping repository .go/pkg/dep/sources/https---github.com-docker-go--p9p
Skipping repository .go/pkg/dep/sources/https---github.com-google-uuid
Skipping repository .go/pkg/dep/sources/https---github.com-gophercloud-gophercloud
Skipping repository .go/pkg/dep/sources/https---github.com-xeipuuv-gojsonreference
Skipping repository .go/pkg/dep/sources/https---github.com-moby-datakit
Skipping repository .go/pkg/dep/sources/https---github.com-surma-gocpio
Skipping repository .go/pkg/dep/sources/https---github.com-miekg-pkcs11
Skipping repository .go/pkg/dep/sources/https---go.googlesource.com-sync
Skipping repository .go/pkg/dep/sources/https---go.googlesource.com-oauth2
Skipping repository .go/pkg/dep/sources/https---code.googlesource.com-gocloud
Skipping repository .go/pkg/dep/sources/https---go.googlesource.com-sys
Skipping repository .go/pkg/dep/sources/https---go.googlesource.com-crypto
Skipping repository .go/pkg/dep/sources/https---code.googlesource.com-google--api--go--client
Skipping repository .go/pkg/dep/sources/https---github.com-census--instrumentation-opencensus--go
Skipping repository .go/pkg/dep/sources/https---github.com-googleapis-gax--go
Skipping repository .go/pkg/dep/sources/https---github.com-grpc-grpc--go
Skipping repository .go/pkg/dep/sources/https---github.com-konsorten-go--windows--terminal--sequences
Skipping repository .go/pkg/dep/sources/https---github.com-golang-groupcache
Skipping repository .go/pkg/dep/sources/https---github.com-google-go--genproto
Skipping repository .go/pkg/dep/sources/https---go.googlesource.com-text
Removing .go/src
Removing .go/bin
Removing build-tools/bin/linuxkit
Removing build-tools/bin/manifest-tool
Removing dist/
Removing images/rootfs-xen.yml
HEAD is now at ec39b20d Merge branch '4.6' into 4.5
Creating go builder image for user zededa-ci
eve-build-zededa-ci docker container is ready to use
Done building /home/zededa-ci/src/eve/build-tools/bin/linuxkit
Building and pushing "lfedge/eve-acrn:4.5.2"
4.5.2: Pulling from lfedge/eve-acrn
no matching manifest for linux/arm64 in the manifest list entries
No image pulled, continuing with build
Sending build context to Docker daemon  28.16kB
Step 1/19 : FROM lfedge/eve-alpine:9cf408427ca05cd7795e92ca827cc678e3c295cc as kernel-build
9cf408427ca05cd7795e92ca827cc678e3c295cc: Pulling from lfedge/eve-alpine
no matching manifest for linux/arm64 in the manifest list entries
exit status 1
Makefile:330: recipe for target 'eve-acrn' failed
make: *** [eve-acrn] Error 1
Creating go builder image for user zededa-ci
eve-build-zededa-ci docker container is ready to use
mkdir -p /home/zededa-ci/src/eve/dist/arm64
cd /home/zededa-ci/src/eve/dist/arm64 ; _() { C=`docker create $1 fake` ; shift ; docker export $C | tar -xf - "$@" ; docker rm $C ; } ; _ lfedge/eve-uefi:fdf6300a5eeb9257e9aea002dbe40d01a70ea5fa-arm64 OVMF.fd
5d8e4b1ca8e80402b9adcd95ed480ea5baf5423d6927366571b2cfcb2c7202bd
mkdir -p /home/zededa-ci/src/eve/dist/arm64/installer
./tools/makeconfig.sh conf /home/zededa-ci/src/eve/dist/arm64/installer/config.img
/conf/eve.dtb: Warning (unit_address_vs_reg): Node /regulator@1 has a unit name, but no reg property
/conf/eve.dtb: Warning (unit_address_vs_reg): Node /soc/i2c@f7102000/adv7533@39/ports/port@0 has a unit name, but no reg property
/conf/eve.dtb: Warning (unit_address_vs_reg): Node /soc/thermal-zones/cls0/trips/trip-point@0 has a unit name, but no reg property
/conf/eve.dtb: Warning (unit_address_vs_reg): Node /soc/thermal-zones/cls0/trips/trip-point@1 has a unit name, but no reg property
/conf/eve.dtb: Warning (unit_address_vs_reg): Node /soc/dsi@f4107800/ports/port@1/endpoint@0 has a unit name, but no reg property
/conf/eve.dtb: Warning (unit_address_vs_reg): Node /soc/i2s@f7118000/ports/port@0 has a unit name, but no reg property
/conf/eve.dtb: Warning (unit_address_vs_reg): Node /regulator@2 has a unit name, but no reg property
/conf/eve.dtb: Warning (unit_address_vs_reg): Node /regulator@0 has a unit name, but no reg property
1024+0 records in
1024+0 records out
mkfs.fat 4.1 (2017-01-24)
/config.img has 64 heads and 32 sectors per track,
hidden sectors 0x0000;
logical sector size is 512,
using 0xf8 media descriptor, with 2048 sectors;
drive number 0x80;
filesystem has 2 12-bit FATs and 4 sectors per cluster.
FAT size is 2 sectors, and provides 502 clusters.
There is 1 reserved sector.
Root directory contains 512 slots and uses 32 sectors.
Volume ID is a2267dd7, volume label EVE        .
cd /home/zededa-ci/src/eve/dist/arm64/installer ; _() { C=`docker create $1 fake` ; shift ; docker export $C | tar -xf - "$@" ; docker rm $C ; } ; _ lfedge/eve-grub:6ba90a37e6f4d81a8a0c1d58f8eca99e72e19fdb-arm64 EFI
Unable to find image 'lfedge/eve-grub:6ba90a37e6f4d81a8a0c1d58f8eca99e72e19fdb-arm64' locally
Error response from daemon: manifest for lfedge/eve-grub:6ba90a37e6f4d81a8a0c1d58f8eca99e72e19fdb-arm64 not found
"docker export" requires exactly 1 argument.
See 'docker export --help'.

Usage:  docker export [OPTIONS] CONTAINER

Export a container's filesystem as a tar archive
tar: This does not look like a tar archive
tar: EFI: Not found in archive
tar: Exiting with failure status due to previous errors
"docker rm" requires at least 1 argument.
See 'docker rm --help'.

Usage:  docker rm [OPTIONS] CONTAINER [CONTAINER...]

Remove one or more containers
Makefile:181: recipe for target '/home/zededa-ci/src/eve/dist/arm64/installer/EFI' failed
make: *** [/home/zededa-ci/src/eve/dist/arm64/installer/EFI] Error 1
Skipping repository .go/pkg/dep/sources/https---github.com-linuxkit-linuxkit
Skipping repository .go/pkg/dep/sources/https---github.com-moby-hyperkit
Skipping repository .go/pkg/dep/sources/https---github.com-gorilla-context
Skipping repository .go/pkg/dep/sources/https---github.com-theupdateframework-notary
Skipping repository .go/pkg/dep/sources/https---github.com-mitchellh-go--ps
Skipping repository .go/pkg/dep/sources/https---github.com-golang-appengine
Skipping repository .go/pkg/dep/sources/https---github.com-xeipuuv-gojsonschema
Skipping repository .go/pkg/dep/sources/https---go.googlesource.com-net
Skipping repository .go/pkg/dep/sources/https---github.com-xeipuuv-gojsonpointer
Skipping repository .go/pkg/dep/sources/https---github.com-Azure-azure--sdk--for--go
Skipping repository .go/pkg/dep/sources/https---github.com-moby-tool
Skipping repository .go/pkg/dep/sources/https---github.com-Azure-go--ansiterm
Skipping repository .go/pkg/dep/sources/https---github.com-moby-vpnkit
Skipping repository .go/pkg/dep/sources/https---github.com-moul-anonuuid
Skipping repository .go/pkg/dep/sources/https---github.com-Azure-go--autorest
Skipping repository .go/pkg/dep/sources/https---github.com-moul-gotty--client
Skipping repository .go/pkg/dep/sources/https---github.com-Microsoft-go--winio
Skipping repository .go/pkg/dep/sources/https---github.com-agl-ed25519
Skipping repository .go/pkg/dep/sources/https---github.com-aws-aws--sdk--go
Skipping repository .go/pkg/dep/sources/https---github.com-containerd-containerd
Skipping repository .go/pkg/dep/sources/https---github.com-opencontainers-go--digest
Skipping repository .go/pkg/dep/sources/https---github.com-opencontainers-image--spec
Skipping repository .go/pkg/dep/sources/https---github.com-opencontainers-runtime--spec
Skipping repository .go/pkg/dep/sources/https---github.com-packethost-packngo
Skipping repository .go/pkg/dep/sources/https---github.com-pkg-errors
Skipping repository .go/pkg/dep/sources/https---github.com-radu--matei-azure--sdk--for--go
Skipping repository .go/pkg/dep/sources/https---github.com-radu--matei-azure--vhd--utils
Skipping repository .go/pkg/dep/sources/https---github.com-renstrom-fuzzysearch
Skipping repository .go/pkg/dep/sources/https---github.com-rn-iso9660wrap
Skipping repository .go/pkg/dep/sources/https---github.com-creack-goselect
Skipping repository .go/pkg/dep/sources/https---github.com-dgrijalva-jwt--go
Skipping repository .go/pkg/dep/sources/https---github.com-docker-distribution
Skipping repository .go/pkg/dep/sources/https---github.com-docker-docker
Skipping repository .go/pkg/dep/sources/https---github.com-docker-go
Skipping repository .go/pkg/dep/sources/https---github.com-docker-go--connections
Skipping repository .go/pkg/dep/sources/https---github.com-docker-go--units
Skipping repository .go/pkg/dep/sources/https---github.com-jmespath-go--jmespath
Skipping repository .go/pkg/dep/sources/https---github.com-scaleway-go--scaleway
Skipping repository .go/pkg/dep/sources/https---github.com-go--ini-ini
Skipping repository .go/pkg/dep/sources/https---github.com-gorilla-mux
Skipping repository .go/pkg/dep/sources/https---github.com-gogo-protobuf
Skipping repository .go/pkg/dep/sources/https---github.com-gorilla-websocket
Skipping repository .go/pkg/dep/sources/https---github.com-vmware-govmomi
Skipping repository .go/pkg/dep/sources/https---github.com-sirupsen-logrus
Skipping repository .go/pkg/dep/sources/https---gopkg.in-yaml.v2
Skipping repository .go/pkg/dep/sources/https---github.com-golang-protobuf
Skipping repository .go/pkg/dep/sources/https---github.com-docker-go--p9p
Skipping repository .go/pkg/dep/sources/https---github.com-google-uuid
Skipping repository .go/pkg/dep/sources/https---github.com-gophercloud-gophercloud
Skipping repository .go/pkg/dep/sources/https---github.com-xeipuuv-gojsonreference
Skipping repository .go/pkg/dep/sources/https---github.com-moby-datakit
Skipping repository .go/pkg/dep/sources/https---github.com-surma-gocpio
Skipping repository .go/pkg/dep/sources/https---github.com-miekg-pkcs11
Skipping repository .go/pkg/dep/sources/https---go.googlesource.com-sync
Skipping repository .go/pkg/dep/sources/https---go.googlesource.com-oauth2
Skipping repository .go/pkg/dep/sources/https---code.googlesource.com-gocloud
Skipping repository .go/pkg/dep/sources/https---go.googlesource.com-sys
Skipping repository .go/pkg/dep/sources/https---go.googlesource.com-crypto
Skipping repository .go/pkg/dep/sources/https---code.googlesource.com-google--api--go--client
Skipping repository .go/pkg/dep/sources/https---github.com-census--instrumentation-opencensus--go
Skipping repository .go/pkg/dep/sources/https---github.com-googleapis-gax--go
Skipping repository .go/pkg/dep/sources/https---github.com-grpc-grpc--go
Skipping repository .go/pkg/dep/sources/https---github.com-konsorten-go--windows--terminal--sequences
Skipping repository .go/pkg/dep/sources/https---github.com-golang-groupcache
Skipping repository .go/pkg/dep/sources/https---github.com-google-go--genproto
Skipping repository .go/pkg/dep/sources/https---go.googlesource.com-text
Removing .go/src
Removing .go/bin
Removing build-tools/bin/linuxkit
Removing build-tools/bin/manifest-tool
Removing dist/
HEAD is now at 36f50ae7 update consumers to use proper interface funcs
Creating go builder image for user zededa-ci
eve-build-zededa-ci docker container is ready to use
Done building /home/zededa-ci/src/eve/build-tools/bin/linuxkit
Building and pushing "lfedge/eve-acrn:4671ddb5582e8c788d6953ce113ca1f53af81fe8"
4671ddb5582e8c788d6953ce113ca1f53af81fe8: Pulling from lfedge/eve-acrn
no matching manifest for linux/arm64 in the manifest list entries
No image pulled, continuing with build
Sending build context to Docker daemon  28.16kB
Step 1/19 : FROM lfedge/eve-alpine:9cf408427ca05cd7795e92ca827cc678e3c295cc as kernel-build
9cf408427ca05cd7795e92ca827cc678e3c295cc: Pulling from lfedge/eve-alpine
no matching manifest for linux/arm64 in the manifest list entries
exit status 1
Makefile:330: recipe for target 'eve-acrn' failed
make: *** [eve-acrn] Error 1
Creating go builder image for user zededa-ci
eve-build-zededa-ci docker container is ready to use
mkdir -p /home/zededa-ci/src/eve/dist/arm64
cd /home/zededa-ci/src/eve/dist/arm64 ; _() { C=`docker create $1 fake` ; shift ; docker export $C | tar -xf - "$@" ; docker rm $C ; } ; _ lfedge/eve-uefi:fdf6300a5eeb9257e9aea002dbe40d01a70ea5fa-arm64 OVMF.fd
15234042ab334de06c46e825fac192352f6b017981f0a91458a078a1e32b493f
mkdir -p /home/zededa-ci/src/eve/dist/arm64/installer
./tools/makeconfig.sh conf /home/zededa-ci/src/eve/dist/arm64/installer/config.img
/conf/eve.dtb: Warning (unit_address_vs_reg): Node /regulator@1 has a unit name, but no reg property
/conf/eve.dtb: Warning (unit_address_vs_reg): Node /soc/i2c@f7102000/adv7533@39/ports/port@0 has a unit name, but no reg property
/conf/eve.dtb: Warning (unit_address_vs_reg): Node /soc/thermal-zones/cls0/trips/trip-point@0 has a unit name, but no reg property
/conf/eve.dtb: Warning (unit_address_vs_reg): Node /soc/thermal-zones/cls0/trips/trip-point@1 has a unit name, but no reg property
/conf/eve.dtb: Warning (unit_address_vs_reg): Node /soc/dsi@f4107800/ports/port@1/endpoint@0 has a unit name, but no reg property
/conf/eve.dtb: Warning (unit_address_vs_reg): Node /soc/i2s@f7118000/ports/port@0 has a unit name, but no reg property
/conf/eve.dtb: Warning (unit_address_vs_reg): Node /regulator@2 has a unit name, but no reg property
/conf/eve.dtb: Warning (unit_address_vs_reg): Node /regulator@0 has a unit name, but no reg property
1024+0 records in
1024+0 records out
mkfs.fat 4.1 (2017-01-24)
/config.img has 64 heads and 32 sectors per track,
hidden sectors 0x0000;
logical sector size is 512,
using 0xf8 media descriptor, with 2048 sectors;
drive number 0x80;
filesystem has 2 12-bit FATs and 4 sectors per cluster.
FAT size is 2 sectors, and provides 502 clusters.
There is 1 reserved sector.
Root directory contains 512 slots and uses 32 sectors.
Volume ID is a4e128d2, volume label EVE        .
cd /home/zededa-ci/src/eve/dist/arm64/installer ; _() { C=`docker create $1 fake` ; shift ; docker export $C | tar -xf - "$@" ; docker rm $C ; } ; _ lfedge/eve-grub:6ba90a37e6f4d81a8a0c1d58f8eca99e72e19fdb-arm64 EFI
Unable to find image 'lfedge/eve-grub:6ba90a37e6f4d81a8a0c1d58f8eca99e72e19fdb-arm64' locally
Error response from daemon: manifest for lfedge/eve-grub:6ba90a37e6f4d81a8a0c1d58f8eca99e72e19fdb-arm64 not found
"docker export" requires exactly 1 argument.
See 'docker export --help'.

Usage:  docker export [OPTIONS] CONTAINER

Export a container's filesystem as a tar archive
tar: This does not look like a tar archive
tar: EFI: Not found in archive
tar: Exiting with failure status due to previous errors
"docker rm" requires at least 1 argument.
See 'docker rm --help'.

Usage:  docker rm [OPTIONS] CONTAINER [CONTAINER...]

Remove one or more containers
Makefile:181: recipe for target '/home/zededa-ci/src/eve/dist/arm64/installer/EFI' failed
make: *** [/home/zededa-ci/src/eve/dist/arm64/installer/EFI] Error 1
FINISHED
