From https://github.com/lf-edge/eve
   e82557a4..8097c462  master     -> origin/master
 * [new tag]           4.10.0     -> 4.10.0
 * [new tag]           5.0.0      -> 5.0.0
 * [new tag]           5.0.1      -> 5.0.1
 * [new tag]           5.1.0      -> 5.1.0
 * [new tag]           5.1.1      -> 5.1.1
 * [new tag]           5.1.10     -> 5.1.10
 * [new tag]           5.1.11     -> 5.1.11
 * [new tag]           5.2.0      -> 5.2.0
 * [new tag]           5.2.1      -> 5.2.1
 * [new tag]           5.2.2      -> 5.2.2
 * [new tag]           5.2.3      -> 5.2.3
 * [new tag]           5.2.4      -> 5.2.4
 * [new tag]           5.3.0      -> 5.3.0
 * [new tag]           5.4.0      -> 5.4.0
 * [new tag]           5.4.1      -> 5.4.1
 * [new tag]           5.5.0      -> 5.5.0
Building the following tags:  origin/master (latest tag is 5.5.0)
Skipping repository .go/pkg/dep/sources/https---github.com-linuxkit-linuxkit
Skipping repository .go/pkg/dep/sources/https---github.com-moby-hyperkit
Skipping repository .go/pkg/dep/sources/https---github.com-gorilla-context
Skipping repository .go/pkg/dep/sources/https---github.com-theupdateframework-notary
Skipping repository .go/pkg/dep/sources/https---github.com-mitchellh-go--ps
Skipping repository .go/pkg/dep/sources/https---github.com-golang-appengine
Skipping repository .go/pkg/dep/sources/https---github.com-xeipuuv-gojsonschema
Skipping repository .go/pkg/dep/sources/https---go.googlesource.com-net
Skipping repository .go/pkg/dep/sources/https---github.com-xeipuuv-gojsonpointer
Skipping repository .go/pkg/dep/sources/https---github.com-Azure-azure--sdk--for--go
Skipping repository .go/pkg/dep/sources/https---github.com-moby-tool
Skipping repository .go/pkg/dep/sources/https---github.com-Azure-go--ansiterm
Skipping repository .go/pkg/dep/sources/https---github.com-moby-vpnkit
Skipping repository .go/pkg/dep/sources/https---github.com-moul-anonuuid
Skipping repository .go/pkg/dep/sources/https---github.com-Azure-go--autorest
Skipping repository .go/pkg/dep/sources/https---github.com-moul-gotty--client
Skipping repository .go/pkg/dep/sources/https---github.com-Microsoft-go--winio
Skipping repository .go/pkg/dep/sources/https---github.com-agl-ed25519
Skipping repository .go/pkg/dep/sources/https---github.com-aws-aws--sdk--go
Skipping repository .go/pkg/dep/sources/https---github.com-containerd-containerd
Skipping repository .go/pkg/dep/sources/https---github.com-opencontainers-go--digest
Skipping repository .go/pkg/dep/sources/https---github.com-opencontainers-image--spec
Skipping repository .go/pkg/dep/sources/https---github.com-opencontainers-runtime--spec
Skipping repository .go/pkg/dep/sources/https---github.com-packethost-packngo
Skipping repository .go/pkg/dep/sources/https---github.com-pkg-errors
Skipping repository .go/pkg/dep/sources/https---github.com-radu--matei-azure--sdk--for--go
Skipping repository .go/pkg/dep/sources/https---github.com-radu--matei-azure--vhd--utils
Skipping repository .go/pkg/dep/sources/https---github.com-renstrom-fuzzysearch
Skipping repository .go/pkg/dep/sources/https---github.com-rn-iso9660wrap
Skipping repository .go/pkg/dep/sources/https---github.com-creack-goselect
Skipping repository .go/pkg/dep/sources/https---github.com-dgrijalva-jwt--go
Skipping repository .go/pkg/dep/sources/https---github.com-docker-distribution
Skipping repository .go/pkg/dep/sources/https---github.com-docker-docker
Skipping repository .go/pkg/dep/sources/https---github.com-docker-go
Skipping repository .go/pkg/dep/sources/https---github.com-docker-go--connections
Skipping repository .go/pkg/dep/sources/https---github.com-docker-go--units
Skipping repository .go/pkg/dep/sources/https---github.com-jmespath-go--jmespath
Skipping repository .go/pkg/dep/sources/https---github.com-scaleway-go--scaleway
Skipping repository .go/pkg/dep/sources/https---github.com-go--ini-ini
Skipping repository .go/pkg/dep/sources/https---github.com-gorilla-mux
Skipping repository .go/pkg/dep/sources/https---github.com-gogo-protobuf
Skipping repository .go/pkg/dep/sources/https---github.com-gorilla-websocket
Skipping repository .go/pkg/dep/sources/https---github.com-vmware-govmomi
Skipping repository .go/pkg/dep/sources/https---github.com-sirupsen-logrus
Skipping repository .go/pkg/dep/sources/https---gopkg.in-yaml.v2
Skipping repository .go/pkg/dep/sources/https---github.com-golang-protobuf
Skipping repository .go/pkg/dep/sources/https---github.com-docker-go--p9p
Skipping repository .go/pkg/dep/sources/https---github.com-google-uuid
Skipping repository .go/pkg/dep/sources/https---github.com-gophercloud-gophercloud
Skipping repository .go/pkg/dep/sources/https---github.com-xeipuuv-gojsonreference
Skipping repository .go/pkg/dep/sources/https---github.com-moby-datakit
Skipping repository .go/pkg/dep/sources/https---github.com-surma-gocpio
Skipping repository .go/pkg/dep/sources/https---github.com-miekg-pkcs11
Skipping repository warning: failed to remove pkg/new-kernel/files/arch/arm/xen/mm.c: Permission denied
warning: failed to remove pkg/new-kernel/files/drivers/xen/swiotlb-xen.c: Permission denied
warning: failed to remove pkg/new-kernel/files/include/xen/swiotlb-xen.h: Permission denied
.go/pkg/dep/sources/https---go.googlesource.com-sync
Skipping repository .go/pkg/dep/sources/https---go.googlesource.com-oauth2
Skipping repository .go/pkg/dep/sources/https---code.googlesource.com-gocloud
Skipping repository .go/pkg/dep/sources/https---go.googlesource.com-sys
Skipping repository .go/pkg/dep/sources/https---go.googlesource.com-crypto
Skipping repository .go/pkg/dep/sources/https---code.googlesource.com-google--api--go--client
Skipping repository .go/pkg/dep/sources/https---github.com-census--instrumentation-opencensus--go
Skipping repository .go/pkg/dep/sources/https---github.com-googleapis-gax--go
Skipping repository .go/pkg/dep/sources/https---github.com-grpc-grpc--go
Skipping repository .go/pkg/dep/sources/https---github.com-konsorten-go--windows--terminal--sequences
Skipping repository .go/pkg/dep/sources/https---github.com-golang-groupcache
Skipping repository .go/pkg/dep/sources/https---github.com-google-go--genproto
Skipping repository .go/pkg/dep/sources/https---go.googlesource.com-text
Removing .go/src
Removing .go/bin
Removing build-tools/bin/linuxkit
Removing build-tools/bin/manifest-tool
Removing build-tools/src/scripts/.build-all-tags.sh.swp
Removing dist/
HEAD is now at 8097c462 app container stats collect, part 2, pub/upload part
Creating go builder image for user zededa-ci
eve-build-zededa-ci docker container is ready to use
Done building /home/zededa-ci/src/eve/build-tools/bin/linuxkit
Building and pushing "lfedge/eve-acrn:4671ddb5582e8c788d6953ce113ca1f53af81fe8"
4671ddb5582e8c788d6953ce113ca1f53af81fe8: Pulling from lfedge/eve-acrn
Digest: sha256:7d8badd1ec2a820dd5c442f6e9ee0a369d786609f4c029e300efb9065a88e944
Status: Image is up to date for lfedge/eve-acrn:4671ddb5582e8c788d6953ce113ca1f53af81fe8
Building and pushing "lfedge/eve-acrn-kernel:1dcbb693d67ce409e081bf5fdaa3b3c6cd1cf7c9"
1dcbb693d67ce409e081bf5fdaa3b3c6cd1cf7c9: Pulling from lfedge/eve-acrn-kernel
Digest: sha256:4e919dabba56fe57cea76b45a0e81a6c0b964b5f4d622e8f38f9e989d78cd6a2
Status: Image is up to date for lfedge/eve-acrn-kernel:1dcbb693d67ce409e081bf5fdaa3b3c6cd1cf7c9
Building and pushing "lfedge/eve-alpine:ac1dc159510afa61334222cedf085c7730e4583c"
ac1dc159510afa61334222cedf085c7730e4583c: Pulling from lfedge/eve-alpine
Digest: sha256:11acfecd7d2baf8c6b9b369db7c57f805db63901eaba796f59d755daa0212ed6
Status: Image is up to date for lfedge/eve-alpine:ac1dc159510afa61334222cedf085c7730e4583c
Building and pushing "lfedge/eve-debug:2ff5b19ea565a13fa93a634abdef20e04276b73b"
2ff5b19ea565a13fa93a634abdef20e04276b73b: Pulling from lfedge/eve-debug
Digest: sha256:5635f14ff52bd253d475322d9082e33364662ab71b14717dd67a9bf7e3eb84ea
Status: Image is up to date for lfedge/eve-debug:2ff5b19ea565a13fa93a634abdef20e04276b73b
Building and pushing "lfedge/eve-dnsmasq:daf64b1cfa970979aa461faf7024beea9b5d6ded"
daf64b1cfa970979aa461faf7024beea9b5d6ded: Pulling from lfedge/eve-dnsmasq
Digest: sha256:154f733a60bc10438f9e6125442bb0f4424995d099b830385371c3430e1813f7
Status: Image is up to date for lfedge/eve-dnsmasq:daf64b1cfa970979aa461faf7024beea9b5d6ded
Building and pushing "lfedge/eve-dom0-ztools:5450ed24dca591ec67c2a7465df5b203e7e92479"
5450ed24dca591ec67c2a7465df5b203e7e92479: Pulling from lfedge/eve-dom0-ztools
Digest: sha256:948f14182f26680b7428d2cea334a30c57f595faf640c78078a6fb75e2d451ee
Status: Image is up to date for lfedge/eve-dom0-ztools:5450ed24dca591ec67c2a7465df5b203e7e92479
Building and pushing "lfedge/eve-fw:60af30b13b43cdc50b6cbb6e30a5e4d1feb154e0"
60af30b13b43cdc50b6cbb6e30a5e4d1feb154e0: Pulling from lfedge/eve-fw
Digest: sha256:66ab18a572b7e443201cfc837ac02d97b4006ade3c8e2791ccee30576556327e
Status: Image is up to date for lfedge/eve-fw:60af30b13b43cdc50b6cbb6e30a5e4d1feb154e0
Building and pushing "lfedge/eve-gpt-tools:e378abea66b77fb7e9587b798a8caf5c78f440c1"
e378abea66b77fb7e9587b798a8caf5c78f440c1: Pulling from lfedge/eve-gpt-tools
Digest: sha256:5ab0097ee02c29d030203bd8abd8bcff401b987d5d009db75c8ac051e147210b
Status: Image is up to date for lfedge/eve-gpt-tools:e378abea66b77fb7e9587b798a8caf5c78f440c1
Building and pushing "lfedge/eve-grub:aa6b2e431670cf3859b1a3d683b9e0e238e30655"
aa6b2e431670cf3859b1a3d683b9e0e238e30655: Pulling from lfedge/eve-grub
Digest: sha256:7c1df25cdc9e40faa207f38b6fbeb34014badea188cc928b185d1c614c60bacb
Status: Image is up to date for lfedge/eve-grub:aa6b2e431670cf3859b1a3d683b9e0e238e30655
Building and pushing "lfedge/eve-guacd:f1f08a0fcadd35320f5d03fe0f0a1a318e8449be"
f1f08a0fcadd35320f5d03fe0f0a1a318e8449be: Pulling from lfedge/eve-guacd
Digest: sha256:c63eaa48b06670e26a257eff3264a87bf0117effb2bb63ba5609b89ec4dcdc1c
Status: Image is up to date for lfedge/eve-guacd:f1f08a0fcadd35320f5d03fe0f0a1a318e8449be
Building and pushing "lfedge/eve-kernel:70e2491f33de2fb09b61287b8a5b4570249750fe"
70e2491f33de2fb09b61287b8a5b4570249750fe: Pulling from lfedge/eve-kernel
Digest: sha256:ce7f94289e9654769a097d6339ef2fe063b64789570cbf7fd4544785d18d0026
Status: Image is up to date for lfedge/eve-kernel:70e2491f33de2fb09b61287b8a5b4570249750fe
Building and pushing "lfedge/eve-lisp:6fe9cf905fb0fc657f646a82b42aa95e4f68f5e5"
6fe9cf905fb0fc657f646a82b42aa95e4f68f5e5: Pulling from lfedge/eve-lisp
Digest: sha256:ffd1e627f758962b57ccab772aa0bfb1e60704574a4b7795008da1fce6315dd0
Status: Image is up to date for lfedge/eve-lisp:6fe9cf905fb0fc657f646a82b42aa95e4f68f5e5
Building and pushing "lfedge/eve-mkconf:b9a89148618d45bd26a93a68701f5d0588e501a9"
b9a89148618d45bd26a93a68701f5d0588e501a9: Pulling from lfedge/eve-mkconf
Digest: sha256:62bd4b02798c2ee42a4bb295dcb67c8a25dfe731466327ac11b163a4928d716d
Status: Image is up to date for lfedge/eve-mkconf:b9a89148618d45bd26a93a68701f5d0588e501a9
Building and pushing "lfedge/eve-mkimage-iso-efi:e0cc637b8d693c6718d31dc1cbab1f7557823c0b"
e0cc637b8d693c6718d31dc1cbab1f7557823c0b: Pulling from lfedge/eve-mkimage-iso-efi
Digest: sha256:c36b9380912751ad210224f1b46b633b6c21371261f03d29dfdbc007b91c4673
Status: Image is up to date for lfedge/eve-mkimage-iso-efi:e0cc637b8d693c6718d31dc1cbab1f7557823c0b
Building and pushing "lfedge/eve-mkimage-raw-efi:5b9c8a3bc15353352a7462b508c9f379e9fcea32"
5b9c8a3bc15353352a7462b508c9f379e9fcea32: Pulling from lfedge/eve-mkimage-raw-efi
Digest: sha256:b950b096c66ef17283e886ed9d7653883968310d610501e00f8fdc3cf78c72d0
Status: Image is up to date for lfedge/eve-mkimage-raw-efi:5b9c8a3bc15353352a7462b508c9f379e9fcea32
Building and pushing "lfedge/eve-mkrootfs-ext4:17ec5bda58c7f6d3717b88d3da55df4516cdb6f3"
17ec5bda58c7f6d3717b88d3da55df4516cdb6f3: Pulling from lfedge/eve-mkrootfs-ext4
Digest: sha256:b867059462b3864d19c8f185331bc5ea7c351a90f69b4f7b97d925ec294d03eb
Status: Image is up to date for lfedge/eve-mkrootfs-ext4:17ec5bda58c7f6d3717b88d3da55df4516cdb6f3
Building and pushing "lfedge/eve-mkrootfs-squash:70b1faff4c3b512c91a1b7157fbddabbd41992f0"
70b1faff4c3b512c91a1b7157fbddabbd41992f0: Pulling from lfedge/eve-mkrootfs-squash
Digest: sha256:bd251f51068e34d09a6b0aad4162484fe8dc09a2a3ca14b57134e49a4838e9b8
Status: Image is up to date for lfedge/eve-mkrootfs-squash:70b1faff4c3b512c91a1b7157fbddabbd41992f0
Building and pushing "lfedge/eve-new-kernel:4b153538089b315f3a37125fa686b34ec17836a6"
4b153538089b315f3a37125fa686b34ec17836a6: Pulling from lfedge/eve-new-kernel
Digest: sha256:a1cf2e704e4f0923bf5f3fe17abe952740e637d59c3fa630b11469d7f5f21324
Status: Downloaded newer image for lfedge/eve-new-kernel:4b153538089b315f3a37125fa686b34ec17836a6
Building and pushing "lfedge/eve-strongswan:6dda5ee56b295a0115e7c09a0ca23aa925426252"
6dda5ee56b295a0115e7c09a0ca23aa925426252: Pulling from lfedge/eve-strongswan
Digest: sha256:981b13f775e13852c196038eee1fb7163340e9281a5b8a017bf75e1ad10ba8c3
Status: Image is up to date for lfedge/eve-strongswan:6dda5ee56b295a0115e7c09a0ca23aa925426252
Building and pushing "lfedge/eve-pillar:f33829776b6d50be12c58cdf6742d88a02aa66f7"
f33829776b6d50be12c58cdf6742d88a02aa66f7: Pulling from lfedge/eve-pillar
no matching manifest for linux/arm64 in the manifest list entries
No image pulled, continuing with build
Sending build context to Docker daemon  32.09MB
Step 1/45 : ARG GOVER=1.12.4
 ---> 
Step 2/45 : FROM lfedge/eve-alpine:ac1dc159510afa61334222cedf085c7730e4583c as fscrypt-build
 ---> 71f89e1f36c5
Step 3/45 : RUN apk add --no-cache git=2.20.2-r0 gcc=8.3.0-r0 linux-headers=4.18.13-r1                        libc-dev=0.7.1-r0 make=4.2.1-r2 linux-pam-dev=1.3.0-r0                        m4=1.4.18-r1 findutils=4.6.0-r1 go=1.11.5-r0
 ---> Running in 31ff3798a307
(1/36) Installing findutils (4.6.0-r1)
(2/36) Installing binutils (2.31.1-r2)
(3/36) Installing gmp (6.1.2-r1)
(4/36) Installing isl (0.18-r0)
(5/36) Installing libgomp (8.3.0-r0)
(6/36) Installing libatomic (8.3.0-r0)
(7/36) Installing libgcc (8.3.0-r0)
(8/36) Installing mpfr3 (3.1.5-r1)
(9/36) Installing mpc1 (1.0.3-r1)
(10/36) Installing libstdc++ (8.3.0-r0)
(11/36) Installing gcc (8.3.0-r0)
(12/36) Installing ca-certificates (20190108-r0)
(13/36) Installing nghttp2-libs (1.35.1-r1)
(14/36) Installing libssh2 (1.9.0-r1)
(15/36) Installing libcurl (7.64.0-r3)
(16/36) Installing expat (2.2.8-r0)
(17/36) Installing pcre2 (10.32-r1)
(18/36) Installing git (2.20.2-r0)
(19/36) Installing go (1.11.5-r0)
(20/36) Installing musl-dev (1.1.20-r5)
(21/36) Installing libc-dev (0.7.1-r0)
(22/36) Installing linux-headers (4.18.13-r1)
(23/36) Installing gettext-asprintf (0.19.8.1-r4)
(24/36) Installing libintl (0.19.8.1-r4)
(25/36) Installing libunistring (0.9.10-r0)
(26/36) Installing gettext-libs (0.19.8.1-r4)
(27/36) Installing ncurses-terminfo-base (6.1_p20190105-r0)
(28/36) Installing ncurses-terminfo (6.1_p20190105-r0)
(29/36) Installing ncurses-libs (6.1_p20190105-r0)
(30/36) Installing libxml2 (2.9.9-r2)
(31/36) Installing gettext (0.19.8.1-r4)
(32/36) Installing gettext-dev (0.19.8.1-r4)
(33/36) Installing linux-pam (1.3.0-r0)
(34/36) Installing linux-pam-dev (1.3.0-r0)
(35/36) Installing m4 (1.4.18-r1)
(36/36) Installing make (4.2.1-r2)
Executing busybox-1.29.3-r10.trigger
Executing ca-certificates-20190108-r0.trigger
OK: 375 MiB in 50 packages
 ---> 1fa01a85219f
Removing intermediate container 31ff3798a307
Step 4/45 : RUN mkdir -p /go/src/github.com/google
 ---> Running in 1d122ab561f1
 ---> f2e986f9664f
Removing intermediate container 1d122ab561f1
Step 5/45 : WORKDIR /go/src/github.com/google
 ---> dc61dc1e4586
Removing intermediate container 24b666e9fb05
Step 6/45 : RUN git clone https://github.com/google/fscrypt
 ---> Running in 1142d84333d9
[91mCloning into 'fscrypt'...
[0m ---> 006d4ea85dc4
Removing intermediate container 1142d84333d9
Step 7/45 : WORKDIR /go/src/github.com/google/fscrypt
 ---> f89667406a67
Removing intermediate container 094ad71363ee
Step 8/45 : RUN git reset --hard b41569d397d3e66099cde07d8eef36b2f42dd0ec
 ---> Running in 6bbb3913b462
HEAD is now at b41569d README.md: improve documentation for moving files into encrypted dirs (#138)
 ---> 3f4da3bdc0d5
Removing intermediate container 6bbb3913b462
Step 9/45 : COPY fscrypt/* ./
 ---> f4f08bd8c9a9
Step 10/45 : RUN patch -p1 < patch01-no-pam.diff &&     patch -p1 < patch02-rotate-raw-key.diff &&     make && make install
 ---> Running in 4945acccf91b
patching file actions/callback.go
patching file cmd/fscrypt/keys.go
patching file cmd/fscrypt/commands.go
patching file cmd/fscrypt/flags.go
patching file cmd/fscrypt/keys.go
patching file cmd/fscrypt/prompt.go
go build --ldflags '-s -w -X "main.version=v0.2.4-29-gb41569d" -X "main.buildTime=Fri Jun 12 06:07:41 UTC 2020" -extldflags ""' -o bin/fscrypt ./cmd/fscrypt
[91mgo: finding github.com/urfave/cli v1.20.0
[0m[91mgo: finding github.com/pkg/errors v0.8.0
go: finding github.com/golang/protobuf v1.2.0
[0m[91mgo: finding golang.org/x/crypto v0.0.0-20180820150726-614d502a4dac
[0m[91mgo: finding golang.org/x/sys v0.0.0-20180828065106-d99a578cf41b
[0m[91mgo: finding golang.org/x/sync v0.0.0-20180314180146-1d60e4601c6f
[0m[91mgo: finding golang.org/x/net v0.0.0-20180826012351-8a410e7b638d
[0m[91mgo: downloading golang.org/x/crypto v0.0.0-20180820150726-614d502a4dac
[0m[91mgo: downloading github.com/urfave/cli v1.20.0
[0m[91mgo: downloading github.com/pkg/errors v0.8.0
[0m[91mgo: downloading golang.org/x/sys v0.0.0-20180828065106-d99a578cf41b
[0m[91mgo: downloading github.com/golang/protobuf v1.2.0
[0mgo build -buildmode=c-shared --ldflags '-s -w -X "main.version=v0.2.4-29-gb41569d" -X "main.buildTime=Fri Jun 12 06:07:41 UTC 2020" -extldflags ""' -o bin/pam_fscrypt.so ./pam_fscrypt
rm -f bin/pam_fscrypt.h
install -d /usr/local/bin
install bin/fscrypt /usr/local/bin
install -d /usr/local/lib/security
install bin/pam_fscrypt.so /usr/local/lib/security
m4 --define=PAM_INSTALL_PATH=/usr/local/lib/security/pam_fscrypt.so < pam_fscrypt/config > bin/config
install -d /usr/local/share/pam-configs
install bin/config /usr/local/share/pam-configs/fscrypt
 ---> f76efece10a5
Removing intermediate container 4945acccf91b
Step 11/45 : ARG GOVER=1.12.4
 ---> Running in b36af516386e
 ---> 0fe201285273
Removing intermediate container b36af516386e
Step 12/45 : FROM golang:${GOVER}-alpine as build
 ---> 7701ec5e84de
Step 13/45 : RUN apk update
 ---> Running in 51606cb7a258
fetch http://dl-cdn.alpinelinux.org/alpine/v3.9/main/aarch64/APKINDEX.tar.gz
fetch http://dl-cdn.alpinelinux.org/alpine/v3.9/community/aarch64/APKINDEX.tar.gz
v3.9.6-36-g8bb1a68c68 [http://dl-cdn.alpinelinux.org/alpine/v3.9/main]
v3.9.6-13-gfbfc29c6a0 [http://dl-cdn.alpinelinux.org/alpine/v3.9/community]
OK: 9567 distinct packages available
 ---> 91ba76c0f2a8
Removing intermediate container 51606cb7a258
Step 14/45 : RUN apk add --no-cache git gcc linux-headers libc-dev util-linux make
 ---> Running in d8e5bf9e8419
fetch http://dl-cdn.alpinelinux.org/alpine/v3.9/main/aarch64/APKINDEX.tar.gz
fetch http://dl-cdn.alpinelinux.org/alpine/v3.9/community/aarch64/APKINDEX.tar.gz
(1/32) Upgrading musl (1.1.20-r4 -> 1.1.20-r5)
(2/32) Installing binutils (2.31.1-r2)
(3/32) Installing gmp (6.1.2-r1)
(4/32) Installing isl (0.18-r0)
(5/32) Installing libgomp (8.3.0-r0)
(6/32) Installing libatomic (8.3.0-r0)
(7/32) Installing libgcc (8.3.0-r0)
(8/32) Installing mpfr3 (3.1.5-r1)
(9/32) Installing mpc1 (1.0.3-r1)
(10/32) Installing libstdc++ (8.3.0-r0)
(11/32) Installing gcc (8.3.0-r0)
(12/32) Installing nghttp2-libs (1.35.1-r2)
(13/32) Installing libssh2 (1.9.0-r1)
(14/32) Installing libcurl (7.64.0-r3)
(15/32) Installing expat (2.2.8-r0)
(16/32) Installing pcre2 (10.32-r1)
(17/32) Installing git (2.20.4-r0)
(18/32) Installing musl-dev (1.1.20-r5)
(19/32) Installing libc-dev (0.7.1-r0)
(20/32) Upgrading musl-utils (1.1.20-r4 -> 1.1.20-r5)
(21/32) Installing linux-headers (4.18.13-r1)
(22/32) Installing make (4.2.1-r2)
(23/32) Installing libuuid (2.33-r0)
(24/32) Installing libblkid (2.33-r0)
(25/32) Installing libmount (2.33-r0)
(26/32) Installing libsmartcols (2.33-r0)
(27/32) Installing findmnt (2.33-r0)
(28/32) Installing libfdisk (2.33-r0)
(29/32) Installing ncurses-terminfo-base (6.1_p20190105-r0)
(30/32) Installing ncurses-terminfo (6.1_p20190105-r0)
(31/32) Installing ncurses-libs (6.1_p20190105-r0)
(32/32) Installing util-linux (2.33-r0)
Executing busybox-1.29.3-r10.trigger
OK: 124 MiB in 45 packages
 ---> 5b048247e2b4
Removing intermediate container d8e5bf9e8419
Step 15/45 : ENV GOFLAGS -mod=vendor
 ---> Running in eaa487263b24
 ---> ea4d1d426fb2
Removing intermediate container eaa487263b24
Step 16/45 : ENV GO111MODULE on
 ---> Running in 7ec1f05fe4d3
 ---> 374e57ae0511
Removing intermediate container 7ec1f05fe4d3
Step 17/45 : ENV CGO_ENABLED 1
 ---> Running in a74a99d5d49c
 ---> 2a664883ceb6
Removing intermediate container a74a99d5d49c
Step 18/45 : ARG GOARCH=
 ---> Running in 991bd30834b3
 ---> 310b4ea4d861
Removing intermediate container 991bd30834b3
Step 19/45 : ARG CROSS_GCC=https://musl.cc/aarch64-linux-musleabi-cross.tgz
 ---> Running in b1bd92849499
 ---> 088a4843b9fe
Removing intermediate container b1bd92849499
Step 20/45 : RUN [ -z "$GOARCH" ] || (cd / ; apk add --no-cache wget && wget -O - $CROSS_GCC | tar xzvf -)
 ---> Running in 70ece4ab245a
 ---> 5f03d7c754d2
Removing intermediate container 70ece4ab245a
Step 21/45 : ADD ./ /pillar/
 ---> 050c7fd1dd02
Step 22/45 : WORKDIR /pillar
 ---> 156a7f1d46b5
Removing intermediate container 6b24676cf2a5
Step 23/45 : RUN [ -z "$GOARCH" ] || export CC=$(echo /*-cross/bin/*-gcc) ;    echo "Running go vet" && go vet ./... &&     echo "Running go fmt" && ERR=$(gofmt -e -l -s $(find . -name \*.go | grep -v /vendor/)) &&        if [ -n "$ERR" ] ; then echo "go fmt Failed - ERR: "$ERR ; exit 1 ; fi &&     make DISTDIR=/dist build
 ---> Running in b361ea2a4684
Running go vet
Running go fmt
mkdir -p /dist
Building /dist/zedbox
GO111MODULE=on GOOS=linux CGO_ENABLED=0 go build -mod=vendor -ldflags -X=main.Version=---2020-06-12.06.12 -o /dist/zedbox ./zedbox
hardwaremodel
executor
conntrack
downloader
zedagent
volumemgr
identitymgr
logmanager
command
tpmmgr
ipcmonitor
zedmanager
baseosmgr
diag
verifier
zedrouter
vaultmgr
domainmgr
ledmanager
nim
nodeagent
waitforaddr
client
upgradeconverter
wstunnelclient
 ---> 3dcfd1f3490e
Removing intermediate container b361ea2a4684
Step 24/45 : FROM lfedge/eve-dnsmasq:daf64b1cfa970979aa461faf7024beea9b5d6ded-arm64 as dnsmasq
 ---> 124a58947cdf
Step 25/45 : FROM lfedge/eve-strongswan:6dda5ee56b295a0115e7c09a0ca23aa925426252-arm64 as strongswan
 ---> 3af01b66dac2
Step 26/45 : FROM lfedge/eve-gpt-tools:e378abea66b77fb7e9587b798a8caf5c78f440c1-arm64 as gpttools
 ---> 0fe0518a147a
Step 27/45 : FROM alpine:3.8
 ---> b22edbe95d11
Step 28/45 : SHELL /bin/ash -eo pipefail -c
 ---> Running in 67771dac112f
 ---> 64519566b57c
Removing intermediate container 67771dac112f
Step 29/45 : RUN apk add --no-cache     yajl xz bash openssl iptables ip6tables iproute2 dhcpcd          coreutils dmidecode libbz2 libuuid ipset           curl radvd ethtool     util-linux e2fsprogs libcrypto1.0 xorriso qemu-img     jq e2fsprogs-extra keyutils ca-certificates
 ---> Running in 459f62717d87
fetch http://dl-cdn.alpinelinux.org/alpine/v3.8/main/aarch64/APKINDEX.tar.gz
fetch http://dl-cdn.alpinelinux.org/alpine/v3.8/community/aarch64/APKINDEX.tar.gz
(1/65) Installing ncurses-terminfo-base (6.1_p20180818-r1)
(2/65) Installing ncurses-terminfo (6.1_p20180818-r1)
(3/65) Installing ncurses-libs (6.1_p20180818-r1)
(4/65) Installing readline (7.0.003-r0)
(5/65) Installing bash (4.4.19-r1)
Executing bash-4.4.19-r1.post-install
(6/65) Installing ca-certificates (20191127-r0)
(7/65) Installing libattr (2.4.47-r7)
(8/65) Installing libacl (2.2.52-r5)
(9/65) Installing coreutils (8.29-r2)
(10/65) Installing nghttp2-libs (1.39.2-r0)
(11/65) Installing libssh2 (1.9.0-r1)
(12/65) Installing libcurl (7.61.1-r3)
(13/65) Installing curl (7.61.1-r3)
(14/65) Installing dhcpcd (7.0.7-r0)
(15/65) Installing dmidecode (3.1-r0)
(16/65) Installing libuuid (2.32-r0)
(17/65) Installing libblkid (2.32-r0)
(18/65) Installing libcom_err (1.44.2-r2)
(19/65) Installing e2fsprogs-libs (1.44.2-r2)
(20/65) Installing e2fsprogs (1.44.2-r2)
(21/65) Installing e2fsprogs-extra (1.44.2-r2)
(22/65) Installing ethtool (4.16-r0)
(23/65) Installing libmnl (1.0.4-r0)
(24/65) Installing jansson (2.11-r0)
(25/65) Installing libnftnl-libs (1.1.1-r0)
(26/65) Installing iptables (1.6.2-r0)
(27/65) Installing ip6tables (1.6.2-r0)
(28/65) Installing libelf (0.8.13-r3)
(29/65) Installing iproute2 (4.13.0-r0)
Executing iproute2-4.13.0-r0.post-install
(30/65) Installing ipset (6.38-r1)
(31/65) Installing oniguruma (6.9.4-r0)
(32/65) Installing jq (1.6_rc1-r1)
(33/65) Installing keyutils-libs (1.5.10-r0)
(34/65) Installing keyutils (1.5.10-r0)
(35/65) Installing libbz2 (1.0.6-r7)
(36/65) Installing libcrypto1.0 (1.0.2u-r0)
(37/65) Installing libssl1.0 (1.0.2u-r0)
(38/65) Installing openssl (1.0.2u-r0)
(39/65) Installing libaio (0.3.111-r0)
(40/65) Installing libgcc (6.4.0-r9)
(41/65) Installing libffi (3.2.1-r4)
(42/65) Installing libintl (0.19.8.1-r2)
(43/65) Installing libmount (2.32-r0)
(44/65) Installing pcre (8.42-r0)
(45/65) Installing glib (2.56.1-r1)
(46/65) Installing gmp (6.1.2-r1)
(47/65) Installing nettle (3.4.1-r0)
(48/65) Installing p11-kit (0.23.10-r0)
(49/65) Installing libtasn1 (4.14-r0)
(50/65) Installing libunistring (0.9.7-r0)
(51/65) Installing gnutls (3.6.7-r1)
(52/65) Installing qemu-img (2.12.0-r3)
(53/65) Installing radvd (2.17-r2)
Executing radvd-2.17-r2.pre-install
(54/65) Installing libsmartcols (2.32-r0)
(55/65) Installing findmnt (2.32-r0)
(56/65) Installing libfdisk (2.32-r0)
(57/65) Installing util-linux (2.32-r0)
(58/65) Installing libburn (1.4.8-r0)
(59/65) Installing libedit (20170329.3.1-r3)
(60/65) Installing libisofs (1.4.8-r0)
(61/65) Installing libisoburn (1.4.8-r0)
(62/65) Installing xorriso (1.4.8-r0)
(63/65) Installing xz-libs (5.2.4-r0)
(64/65) Installing xz (5.2.4-r0)
(65/65) Installing yajl (2.1.0-r0)
Executing busybox-1.28.4-r3.trigger
Executing ca-certificates-20191127-r0.trigger
Executing glib-2.56.1-r1.trigger
OK: 44 MiB in 78 packages
 ---> f5830626e5ea
Removing intermediate container 459f62717d87
Step 30/45 : ADD conf/root-certificate.pem conf/server conf/server.production /opt/zededa/examples/config/
 ---> 1d84edbefc4b
Step 31/45 : ADD scripts/device-steps.sh scripts/generate-device.sh scripts/generate-self-signed.sh scripts/handlezedserverconfig.sh scripts/veth.sh /opt/zededa/bin/
 ---> 396ae51fb63c
Step 32/45 : ADD conf/lisp.config.base /var/tmp/zededa/lisp.config.base
 ---> 2063e2e6d241
Step 33/45 : COPY patches/* /patches/
 ---> 65a6cb3c86bc
Step 34/45 : RUN set -e && for patch in ../patches/*.patch; do         echo "Applying $patch";         patch -p1 < "$patch";     done
 ---> Running in f620164b5f8a
Applying ../patches/001-dhcpcd-no-resolv-conf.patch
patching file usr/lib/dhcpcd/dhcpcd-hooks/20-resolv.conf
 ---> f3fd68d070b4
Removing intermediate container f620164b5f8a
Step 35/45 : COPY --from=build /dist /opt/zededa/bin
 ---> e2e0687b407d
Step 36/45 : COPY --from=gpttools / /
 ---> 99f45ebdd1b7
Step 37/45 : COPY --from=dnsmasq /usr/sbin/dnsmasq /opt/zededa/bin/dnsmasq
 ---> 78ee01e19b80
Step 38/45 : COPY --from=strongswan / /
 ---> 83de57955793
Step 39/45 : COPY --from=fscrypt-build /usr/local/bin/fscrypt /opt/zededa/bin/fscrypt
 ---> 009f004e54ed
Step 40/45 : COPY rootfs/ /
 ---> b8ecf3d475aa
Step 41/45 : RUN if [ "$(uname -m)" = "aarch64" ] ; then                                                    apk add --no-cache findutils=4.6.0-r1 binutils=2.30-r6 file=5.32-r2             ;       find / -type f -executable -exec file {} \; | grep 'not stripped' | cut -f1 -d: |       xargs strip                                                                     ;       apk del findutils binutils file                                                 ;    fi
 ---> Running in 777e4d3913ad
fetch http://dl-cdn.alpinelinux.org/alpine/v3.8/main/aarch64/APKINDEX.tar.gz
fetch http://dl-cdn.alpinelinux.org/alpine/v3.8/community/aarch64/APKINDEX.tar.gz
(1/4) Installing binutils (2.30-r6)
(2/4) Installing libmagic (5.32-r2)
(3/4) Installing file (5.32-r2)
(4/4) Installing findutils (4.6.0-r1)
Executing busybox-1.28.4-r3.trigger
OK: 60 MiB in 82 packages
[91mWARNING: Ignoring APKINDEX.adfa7ceb.tar.gz: No such file or directory
WARNING: Ignoring APKINDEX.efaa1f73.tar.gz: No such file or directory
[0m(1/4) Purging binutils (2.30-r6)
(2/4) Purging file (5.32-r2)
(3/4) Purging findutils (4.6.0-r1)
(4/4) Purging libmagic (5.32-r2)
Executing busybox-1.28.4-r3.trigger
OK: 44 MiB in 78 packages
 ---> e1e82911a109
Removing intermediate container 777e4d3913ad
Step 42/45 : SHELL /bin/sh -c
 ---> Running in fd054ad4469c
 ---> 9dd10cdb380b
Removing intermediate container fd054ad4469c
Step 43/45 : WORKDIR /
 ---> 1bf46488772e
Removing intermediate container 27977477590b
Step 44/45 : CMD /init.sh
 ---> Running in b2482ced8c45
 ---> 7abb3812d4c3
Removing intermediate container b2482ced8c45
Step 45/45 : LABEL org.mobyproject.config '{"capabilities":["all"],"binds":["/lib/modules:/lib/modules","/dev:/dev","/etc/resolv.conf:/etc/resolv.conf","/run:/run","/var/config:/config","/:/hostfs","/var/persist:/persist:rshared,rbind"],"net":"host","pid":"host","rootfsPropagation":"shared"}' org.mobyproject.linuxkit.revision 'unknown' org.mobyproject.linuxkit.version 'unknown' org.opencontainers.image.revision '8097c462bd7443f1d9d1fcfa21ec498c986120ad' org.opencontainers.image.source 'https://github.com/linuxkit/linuxkit'
 ---> Running in b3785c8e427b
 ---> 69275ca2c330
Removing intermediate container b3785c8e427b
Successfully built 69275ca2c330
Successfully tagged lfedge/eve-pillar:f33829776b6d50be12c58cdf6742d88a02aa66f7-arm64
Pushing lfedge/eve-pillar:f33829776b6d50be12c58cdf6742d88a02aa66f7-arm64
The push refers to a repository [docker.io/lfedge/eve-pillar]
9d30a65ba61d: Preparing
428d7ddc5b68: Preparing
0ebb269909fd: Preparing
38aedf6f6dd7: Preparing
31756cc10097: Preparing
e5f2ddad2c4e: Preparing
05774d927328: Preparing
405d60ffe289: Preparing
2b698f0c6aff: Preparing
81134e58ed3a: Preparing
6654af2c4a47: Preparing
55b2b248f5e6: Preparing
c8f81be77688: Preparing
7207ab4ea143: Preparing
405d60ffe289: Waiting
2b698f0c6aff: Waiting
81134e58ed3a: Waiting
6654af2c4a47: Waiting
55b2b248f5e6: Waiting
c8f81be77688: Waiting
7207ab4ea143: Waiting
e5f2ddad2c4e: Waiting
05774d927328: Waiting
38aedf6f6dd7: Layer already exists
428d7ddc5b68: Layer already exists
e5f2ddad2c4e: Layer already exists
31756cc10097: Pushed
405d60ffe289: Pushed
0ebb269909fd: Pushed
2b698f0c6aff: Pushed
6654af2c4a47: Pushed
9d30a65ba61d: Pushed
7207ab4ea143: Layer already exists
05774d927328: Pushed
81134e58ed3a: Pushed
55b2b248f5e6: Pushed
c8f81be77688: Pushed
f33829776b6d50be12c58cdf6742d88a02aa66f7-arm64: digest: sha256:f6ef9077717b14e212a058e3b16168f83ea56182d8a52297e49178ad5d273534 size: 3255
Pushing lfedge/eve-pillar:f33829776b6d50be12c58cdf6742d88a02aa66f7-arm64 to manifest lfedge/eve-pillar:f33829776b6d50be12c58cdf6742d88a02aa66f7
time="2020-06-12T08:15:44+02:00" level=warning msg="Couldn't find or access image reference \"lfedge/eve-pillar:f33829776b6d50be12c58cdf6742d88a02aa66f7-s390x\". Skipping image."
Digest: sha256:5709987170a9f7b88d91163f89f02eb3710bc38498552714bc4de72025dce403 743
Not signing lfedge/eve-pillar:f33829776b6d50be12c58cdf6742d88a02aa66f7
Tagging lfedge/eve-pillar:f33829776b6d50be12c58cdf6742d88a02aa66f7-arm64 as lfedge/eve-pillar:snapshot-arm64
Pushing lfedge/eve-pillar:snapshot-arm64
The push refers to a repository [docker.io/lfedge/eve-pillar]
9d30a65ba61d: Preparing
428d7ddc5b68: Preparing
0ebb269909fd: Preparing
38aedf6f6dd7: Preparing
31756cc10097: Preparing
e5f2ddad2c4e: Preparing
05774d927328: Preparing
405d60ffe289: Preparing
2b698f0c6aff: Preparing
81134e58ed3a: Preparing
6654af2c4a47: Preparing
55b2b248f5e6: Preparing
c8f81be77688: Preparing
7207ab4ea143: Preparing
2b698f0c6aff: Waiting
81134e58ed3a: Waiting
6654af2c4a47: Waiting
55b2b248f5e6: Waiting
c8f81be77688: Waiting
7207ab4ea143: Waiting
e5f2ddad2c4e: Waiting
405d60ffe289: Waiting
05774d927328: Waiting
31756cc10097: Layer already exists
9d30a65ba61d: Layer already exists
0ebb269909fd: Layer already exists
38aedf6f6dd7: Layer already exists
428d7ddc5b68: Layer already exists
e5f2ddad2c4e: Layer already exists
05774d927328: Layer already exists
2b698f0c6aff: Layer already exists
405d60ffe289: Layer already exists
81134e58ed3a: Layer already exists
6654af2c4a47: Layer already exists
55b2b248f5e6: Layer already exists
c8f81be77688: Layer already exists
7207ab4ea143: Layer already exists
snapshot-arm64: digest: sha256:f6ef9077717b14e212a058e3b16168f83ea56182d8a52297e49178ad5d273534 size: 3255
Pushing lfedge/eve-pillar:snapshot-arm64 to manifest lfedge/eve-pillar:snapshot
time="2020-06-12T08:16:07+02:00" level=warning msg="Couldn't find or access image reference \"lfedge/eve-pillar:snapshot-s390x\". Skipping image."
Digest: sha256:5709987170a9f7b88d91163f89f02eb3710bc38498552714bc4de72025dce403 743
Not signing lfedge/eve-pillar:snapshot
Build, push and release of "snapshot" complete, all done.
Building and pushing "lfedge/eve-uefi:5c00deeac0b200565fee599905f5346ffaafc10b"
5c00deeac0b200565fee599905f5346ffaafc10b: Pulling from lfedge/eve-uefi
Digest: sha256:ab6885d4cf29e33b9097cd2d51844591c46204c49f053297d2653fa6be2ec576
Status: Image is up to date for lfedge/eve-uefi:5c00deeac0b200565fee599905f5346ffaafc10b
Building and pushing "lfedge/eve-xen-tools:955c1a053b125fc78467091618d8d1e6cfa80c08"
955c1a053b125fc78467091618d8d1e6cfa80c08: Pulling from lfedge/eve-xen-tools
Digest: sha256:aa0ebe1c87164aa1620092960210305c4071fb03c838bf0740709703d3ec780f
Status: Image is up to date for lfedge/eve-xen-tools:955c1a053b125fc78467091618d8d1e6cfa80c08
Building and pushing "lfedge/eve-qrexec-lib:b0fb86eb752be7884d4d83c1dbbb025e75c5c466"
b0fb86eb752be7884d4d83c1dbbb025e75c5c466: Pulling from lfedge/eve-qrexec-lib
Digest: sha256:abd39f4a76686a94b422d935bc9a3f194250bc5bdfe1ca0a2d129490060011d4
Status: Image is up to date for lfedge/eve-qrexec-lib:b0fb86eb752be7884d4d83c1dbbb025e75c5c466
Building and pushing "lfedge/eve-qrexec-dom0:29024a9e04a96b4baede4f474dcf85c1cef98607"
29024a9e04a96b4baede4f474dcf85c1cef98607: Pulling from lfedge/eve-qrexec-dom0
Digest: sha256:c9c1e1021d32a2ceae4c0c3ac06fea559a447165f9a1400456d8fd05d7cfd2d6
Status: Image is up to date for lfedge/eve-qrexec-dom0:29024a9e04a96b4baede4f474dcf85c1cef98607
Building and pushing "lfedge/eve-rngd:6e16dad8553a6c2939854abfa9f34a5f2604bce7"
6e16dad8553a6c2939854abfa9f34a5f2604bce7: Pulling from lfedge/eve-rngd
Digest: sha256:d18f87ec9e50c7a996e1a9c78589b5dba52e53d59c81998503e782d65875a6dc
Status: Image is up to date for lfedge/eve-rngd:6e16dad8553a6c2939854abfa9f34a5f2604bce7
Building and pushing "lfedge/eve-rsyslog:49556e27198614b57d70e76f8bfcca3068056cfc"
49556e27198614b57d70e76f8bfcca3068056cfc: Pulling from lfedge/eve-rsyslog
Digest: sha256:88ab77ddfd593bb7b59c2fd1cdc03ad4f133f7e1bb20aecfeb0102a7bfe59f95
Status: Image is up to date for lfedge/eve-rsyslog:49556e27198614b57d70e76f8bfcca3068056cfc
Building and pushing "lfedge/eve-storage-init:31ed12195e31e7f4b118cbcc2cecfce815e5c4ed"
31ed12195e31e7f4b118cbcc2cecfce815e5c4ed: Pulling from lfedge/eve-storage-init
Digest: sha256:9a9d0ee33bd1f163f68926cfca523480d7a4501147112709796e86f62829ae1e
Status: Image is up to date for lfedge/eve-storage-init:31ed12195e31e7f4b118cbcc2cecfce815e5c4ed
Building and pushing "lfedge/eve-u-boot:e9cd5b3c4f7e457b100430c8c1c60d1404faf8c6"
e9cd5b3c4f7e457b100430c8c1c60d1404faf8c6: Pulling from lfedge/eve-u-boot
Digest: sha256:46f68ed23394fbd3b4e2da34de6f7d3aa413a654b92147258c9756b7172aaf54
Status: Image is up to date for lfedge/eve-u-boot:e9cd5b3c4f7e457b100430c8c1c60d1404faf8c6
Building and pushing "lfedge/eve-vtpm:11365a20a21fa000e9d48614e9303c8f0e81477f"
11365a20a21fa000e9d48614e9303c8f0e81477f: Pulling from lfedge/eve-vtpm
Digest: sha256:04a0292c68d3e35c25320befcb19735faa248b4ecd7211d84eb03f6ce3659bef
Status: Image is up to date for lfedge/eve-vtpm:11365a20a21fa000e9d48614e9303c8f0e81477f
Building and pushing "lfedge/eve-watchdog:288a4129631e73aad6a9e5c01f229205f5dbc9be"
288a4129631e73aad6a9e5c01f229205f5dbc9be: Pulling from lfedge/eve-watchdog
Digest: sha256:bac09ff8ba45c195bde56ace1a04c084ee074eff30eef7e7cd6e5e6b69c8edf7
Status: Image is up to date for lfedge/eve-watchdog:288a4129631e73aad6a9e5c01f229205f5dbc9be
Building and pushing "lfedge/eve-wlan:ac31bb78810451ef1333b3970f29bebc0a6c9c44"
ac31bb78810451ef1333b3970f29bebc0a6c9c44: Pulling from lfedge/eve-wlan
Digest: sha256:c3d7e2a6b381a6bdd4c1a1d1e44b46bb348990777cc828cb575f79a515d35830
Status: Image is up to date for lfedge/eve-wlan:ac31bb78810451ef1333b3970f29bebc0a6c9c44
Building and pushing "lfedge/eve-wwan:31a3911c7aa7e5c44e19406d6277173b494c6f35"
31a3911c7aa7e5c44e19406d6277173b494c6f35: Pulling from lfedge/eve-wwan
Digest: sha256:e0dfd4fb011f186f726453825cac33899766425c382a747dcd46c5d83f6946f6
Status: Image is up to date for lfedge/eve-wwan:31a3911c7aa7e5c44e19406d6277173b494c6f35
Building and pushing "lfedge/eve-xen:92959f50dff5b1a5b6ab8fbc9014369f3e3a493c"
92959f50dff5b1a5b6ab8fbc9014369f3e3a493c: Pulling from lfedge/eve-xen
Digest: sha256:2fa872b1b6c982821db90f74ca4772a3c1ad293205558bfef9a229be0f783bdc
Status: Downloaded newer image for lfedge/eve-xen:92959f50dff5b1a5b6ab8fbc9014369f3e3a493c
Done building packages
rm pkg/qrexec-dom0/Dockerfile pkg/xen-tools/Dockerfile pkg/qrexec-lib/Dockerfile pkg/pillar/Dockerfile
Creating go builder image for user zededa-ci
eve-build-zededa-ci docker container is ready to use
mkdir -p /home/zededa-ci/src/eve/dist/arm64
cd /home/zededa-ci/src/eve/dist/arm64 ; _() { C=`docker create $1 fake` ; shift ; docker export $C | tar -xf - "$@" ; docker rm $C ; } ; _ lfedge/eve-uefi:5c00deeac0b200565fee599905f5346ffaafc10b-arm64 OVMF.fd
3e601ba03a19e13b0061c7d339c8ba7fae3d11f6d6972328b7ac163bba375806
cd /home/zededa-ci/src/eve/dist/arm64 ; _() { C=`docker create $1 fake` ; shift ; docker export $C | tar -xf - "$@" ; docker rm $C ; } ; _ lfedge/eve-uefi:5c00deeac0b200565fee599905f5346ffaafc10b-arm64 OVMF_CODE.fd
tar: OVMF_CODE.fd: Not found in archive
tar: Exiting with failure status due to previous errors
a47160454cde29cfed129d0c5d4a50aa7810091ecf7eac8ecfe1aa514234ab95
cd /home/zededa-ci/src/eve/dist/arm64 ; _() { C=`docker create $1 fake` ; shift ; docker export $C | tar -xf - "$@" ; docker rm $C ; } ; _ lfedge/eve-uefi:5c00deeac0b200565fee599905f5346ffaafc10b-arm64 OVMF_VARS.fd
fc823dfa3c7a972a82d9388b94162a16d7f8b75fa46c920dc7e156574920df73
mkdir -p /home/zededa-ci/src/eve/dist/arm64/installer
cd /home/zededa-ci/src/eve/dist/arm64/installer ; _() { C=`docker create $1 fake` ; shift ; docker export $C | tar -xf - "$@" ; docker rm $C ; } ; _ lfedge/eve-grub:aa6b2e431670cf3859b1a3d683b9e0e238e30655-arm64 EFI
7a4e12a59c0fd3a8fd19b3f8a5180d63efc3836a5856fa9f0aca49ad049728b2
./tools/makeconfig.sh /home/zededa-ci/src/eve/dist/arm64/installer/config.img conf/authorized_keys conf/DevicePortConfig conf/grub.cfg conf/onboard.cert.pem conf/onboard.key.pem conf/root-certificate.pem conf/server conf/v2tlsbaseroot-certificates.pem
1024+0 records in
1024+0 records out
mkfs.fat 4.1 (2017-01-24)
/config.img has 64 heads and 32 sectors per track,
hidden sectors 0x0000;
logical sector size is 512,
using 0xf8 media descriptor, with 2048 sectors;
drive number 0x80;
filesystem has 2 12-bit FATs and 4 sectors per cluster.
FAT size is 2 sectors, and provides 502 clusters.
There is 1 reserved sector.
Root directory contains 512 slots and uses 32 sectors.
Volume ID is e77ce075, volume label EVE        .
cd /home/zededa-ci/src/eve/dist/arm64/installer ; _() { C=`docker create $1 fake` ; shift ; docker export $C | tar -xf - "$@" ; docker rm $C ; } ; _ lfedge/eve-mkimage-raw-efi:5b9c8a3bc15353352a7462b508c9f379e9fcea32-arm64 initrd.img EFI
2bab9e7068eecfd7128990e540caa67ac3609a01abc189283973ba1455c2eaa9
Done building /home/zededa-ci/src/eve/build-tools/bin/linuxkit
./tools/makerootfs.sh images/rootfs-kvm.yml /home/zededa-ci/src/eve/dist/arm64/installer/rootfs-0.0.0-HEAD-8097c462-2020-06-12.06.19-kvm-arm64.squash squash
Extract kernel image: lfedge/eve-kernel:70e2491f33de2fb09b61287b8a5b4570249750fe-arm64
Add init containers:
Process init image: linuxkit/init:v0.5-arm64
time="2020-06-12T08:19:56+02:00" level=warning msg="targets metadata is nearing expiry, you should re-sign the role metadata"
Process init image: linuxkit/runc:f79954950022fea76b8b6f10de58cb48e4fb3878-arm64
time="2020-06-12T08:20:15+02:00" level=error msg="Metadata for targets/riyaz expired"
time="2020-06-12T08:20:16+02:00" level=error msg="Metadata for targets/riyaz expired"
time="2020-06-12T08:20:16+02:00" level=warning msg="Error getting targets/riyaz: targets/riyaz expired at Mon May 25 15:32:34 -0700 2020"
time="2020-06-12T08:20:16+02:00" level=warning msg="targets metadata is nearing expiry, you should re-sign the role metadata"
time="2020-06-12T08:20:16+02:00" level=warning msg="targets/justin metadata is nearing expiry, you should re-sign the role metadata"
Process init image: linuxkit/containerd:6ef473a228db6f6ee163f9b9a051102a1552a4ef-arm64
time="2020-06-12T08:20:33+02:00" level=error msg="Metadata for targets/riyaz expired"
time="2020-06-12T08:20:33+02:00" level=error msg="Metadata for targets/riyaz expired"
time="2020-06-12T08:20:33+02:00" level=warning msg="Error getting targets/riyaz: targets/riyaz expired at Sat Jun 6 08:35:43 -0700 2020"
time="2020-06-12T08:20:33+02:00" level=warning msg="targets/justin metadata is nearing expiry, you should re-sign the role metadata"
time="2020-06-12T08:20:33+02:00" level=warning msg="targets metadata is nearing expiry, you should re-sign the role metadata"
Process init image: linuxkit/getty:v0.5-arm64
time="2020-06-12T08:20:51+02:00" level=warning msg="targets/justin metadata is nearing expiry, you should re-sign the role metadata"
time="2020-06-12T08:20:51+02:00" level=warning msg="targets/riyaz metadata is nearing expiry, you should re-sign the role metadata"
time="2020-06-12T08:20:51+02:00" level=warning msg="targets metadata is nearing expiry, you should re-sign the role metadata"
Process init image: linuxkit/memlogd:v0.5-arm64
Process init image: lfedge/eve-grub:aa6b2e431670cf3859b1a3d683b9e0e238e30655-arm64
Process init image: lfedge/eve-fw:60af30b13b43cdc50b6cbb6e30a5e4d1feb154e0-arm64
Process init image: lfedge/eve-xen:92959f50dff5b1a5b6ab8fbc9014369f3e3a493c-arm64
Process init image: lfedge/eve-gpt-tools:e378abea66b77fb7e9587b798a8caf5c78f440c1-arm64
Process init image: lfedge/eve-dom0-ztools:5450ed24dca591ec67c2a7465df5b203e7e92479-arm64
Add onboot containers:
  Create OCI config for lfedge/eve-storage-init:31ed12195e31e7f4b118cbcc2cecfce815e5c4ed-arm64
  Create OCI config for linuxkit/sysctl:v0.5-arm64
time="2020-06-12T08:21:45+02:00" level=warning msg="targets/ian metadata is nearing expiry, you should re-sign the role metadata"
time="2020-06-12T08:21:45+02:00" level=warning msg="targets metadata is nearing expiry, you should re-sign the role metadata"
  Create OCI config for lfedge/eve-rngd:6e16dad8553a6c2939854abfa9f34a5f2604bce7-arm64
  Create OCI config for linuxkit/modprobe:v0.5-arm64
time="2020-06-12T08:22:03+02:00" level=warning msg="targets/ian metadata is nearing expiry, you should re-sign the role metadata"
time="2020-06-12T08:22:03+02:00" level=warning msg="targets metadata is nearing expiry, you should re-sign the role metadata"
Add service containers:
  Create OCI config for lfedge/eve-rsyslog:49556e27198614b57d70e76f8bfcca3068056cfc-arm64
  Create OCI config for linuxkit/openntpd:v0.5-arm64
time="2020-06-12T08:22:23+02:00" level=error msg="Metadata for targets/riyaz expired"
time="2020-06-12T08:22:23+02:00" level=error msg="Metadata for targets/riyaz expired"
time="2020-06-12T08:22:23+02:00" level=warning msg="Error getting targets/riyaz: targets/riyaz expired at Mon May 25 15:06:33 -0700 2020"
time="2020-06-12T08:22:23+02:00" level=warning msg="targets metadata is nearing expiry, you should re-sign the role metadata"
time="2020-06-12T08:22:23+02:00" level=warning msg="targets/justin metadata is nearing expiry, you should re-sign the role metadata"
time="2020-06-12T08:22:23+02:00" level=warning msg="targets/ian metadata is nearing expiry, you should re-sign the role metadata"
  Create OCI config for linuxkit/sshd:v0.5-arm64
time="2020-06-12T08:22:40+02:00" level=error msg="Metadata for targets/justin expired"
time="2020-06-12T08:22:40+02:00" level=error msg="Metadata for targets/justin expired"
time="2020-06-12T08:22:40+02:00" level=warning msg="Error getting targets/justin: targets/justin expired at Fri May 29 15:28:54 +0100 2020"
time="2020-06-12T08:22:40+02:00" level=warning msg="targets metadata is nearing expiry, you should re-sign the role metadata"
time="2020-06-12T08:22:40+02:00" level=warning msg="targets/riyaz metadata is nearing expiry, you should re-sign the role metadata"
  Create OCI config for lfedge/eve-wwan:31a3911c7aa7e5c44e19406d6277173b494c6f35-arm64
  Create OCI config for lfedge/eve-wlan:ac31bb78810451ef1333b3970f29bebc0a6c9c44-arm64
  Create OCI config for lfedge/eve-lisp:6fe9cf905fb0fc657f646a82b42aa95e4f68f5e5-arm64
  Create OCI config for lfedge/eve-guacd:f1f08a0fcadd35320f5d03fe0f0a1a318e8449be-arm64
  Create OCI config for lfedge/eve-pillar:f33829776b6d50be12c58cdf6742d88a02aa66f7-arm64
  Create OCI config for lfedge/eve-vtpm:11365a20a21fa000e9d48614e9303c8f0e81477f-arm64
  Create OCI config for lfedge/eve-watchdog:288a4129631e73aad6a9e5c01f229205f5dbc9be-arm64
  Create OCI config for lfedge/eve-xen-tools:955c1a053b125fc78467091618d8d1e6cfa80c08-arm64
Add files:
  /etc/eve-release
Parallel mksquashfs: Using 4 processors
Creating 4.0 filesystem on /rootfs.img, block size 131072.
[=====================/                                      ]  7800/21363  36%[===========================================================-] 21363/21363 100%

Exportable Squashfs 4.0 filesystem, gzip compressed, data block size 131072
	compressed data, compressed metadata, compressed fragments, compressed xattrs
	duplicates are removed
Filesystem size 248269.43 Kbytes (242.45 Mbytes)
	33.30% of uncompressed filesystem size (745451.79 Kbytes)
Inode table size 241269 bytes (235.61 Kbytes)
	25.09% of uncompressed inode table size (961591 bytes)
Directory table size 260940 bytes (254.82 Kbytes)
	45.60% of uncompressed directory table size (572273 bytes)
Number of duplicate files found 8682
Number of inodes 24623
Number of files 16684
Number of fragments 677
Number of symbolic links  5903
Number of device nodes 4
Number of fifo nodes 0
Number of socket nodes 0
Number of directories 2032
Number of ids (unique uids + gids) 4
Number of uids 2
	root (0)
	unknown (1000)
Number of gids 4
	root (0)
	shadow (42)
	tty (5)
	unknown (1000)
cp pkg/eve/build.yml pkg/eve/runme.sh images/*.yml /home/zededa-ci/src/eve/dist/arm64
DOCKER_ARCH_TAG=arm64 ./tools/parse-pkgs.sh pkg/eve/Dockerfile.in > /home/zededa-ci/src/eve/dist/arm64/Dockerfile
/home/zededa-ci/src/eve/build-tools/bin/linuxkit pkg push --disable-content-trust --hash-path /home/zededa-ci/src/eve --hash 0.0.0-HEAD-8097c462-2020-06-12.06.19-kvm --release snapshot --force --disable-cache /home/zededa-ci/src/eve/dist/arm64
Building and pushing "lfedge/eve:0.0.0-HEAD-8097c462-2020-06-12.06.19-kvm"
Sending build context to Docker daemon  266.9MB
Step 1/17 : FROM alpine:3.9.4 as tools
 ---> ce544de9ee2c
Step 2/17 : RUN mkdir -p /out/etc/apk /out/boot && cp -r /etc/apk/* /out/etc/apk/
 ---> Running in 66e42a4d4a05
 ---> 446e8c93cf6c
Removing intermediate container 66e42a4d4a05
Step 3/17 : RUN apk add --no-cache --initdb -p /out qemu-img=3.1.0-r3 tar=1.32-r0
 ---> Running in 871cd293540e
fetch http://dl-cdn.alpinelinux.org/alpine/v3.9/main/aarch64/APKINDEX.tar.gz
fetch http://dl-cdn.alpinelinux.org/alpine/v3.9/community/aarch64/APKINDEX.tar.gz
(1/19) Installing libaio (0.3.111-r0)
(2/19) Installing musl (1.1.20-r5)
(3/19) Installing busybox (1.29.3-r10)
Executing busybox-1.29.3-r10.post-install
(4/19) Installing libffi (3.2.1-r6)
(5/19) Installing libintl (0.19.8.1-r4)
(6/19) Installing libuuid (2.33-r0)
(7/19) Installing libblkid (2.33-r0)
(8/19) Installing libmount (2.33-r0)
(9/19) Installing pcre (8.42-r1)
(10/19) Installing zlib (1.2.11-r1)
(11/19) Installing glib (2.58.1-r3)
(12/19) Installing gmp (6.1.2-r1)
(13/19) Installing nettle (3.4.1-r0)
(14/19) Installing p11-kit (0.23.14-r0)
(15/19) Installing libtasn1 (4.14-r0)
(16/19) Installing libunistring (0.9.10-r0)
(17/19) Installing gnutls (3.6.14-r0)
(18/19) Installing qemu-img (3.1.0-r3)
(19/19) Installing tar (1.32-r0)
Executing busybox-1.29.3-r10.trigger
Executing glib-2.58.1-r3.trigger
OK: 16 MiB in 19 packages
 ---> 494f7de46f02
Removing intermediate container 871cd293540e
Step 4/17 : FROM lfedge/eve-mkimage-iso-efi:e0cc637b8d693c6718d31dc1cbab1f7557823c0b-arm64 as iso
 ---> 74679271e526
Step 5/17 : FROM lfedge/eve-mkimage-raw-efi:5b9c8a3bc15353352a7462b508c9f379e9fcea32-arm64 as raw
 ---> c3f4b6a57b32
Step 6/17 : RUN rm /initrd.img
 ---> Running in e7c03717769c
 ---> 77532050291e
Removing intermediate container e7c03717769c
Step 7/17 : FROM lfedge/eve-mkconf:b9a89148618d45bd26a93a68701f5d0588e501a9-arm64 as conf
 ---> ac9fa4d52a61
Step 8/17 : COPY --from=iso / /
 ---> 2f80e5a72c06
Step 9/17 : COPY --from=raw / /
 ---> c10ae33fcd86
Step 10/17 : COPY --from=tools /out/ /
 ---> 0e6b8c8604f0
Step 11/17 : COPY installer /bits
 ---> 6c0353084d9f
Step 12/17 : COPY OVMF* /firmware/
 ---> 0b6083c62248
Step 13/17 : COPY runme.sh /
 ---> e4b9fa023cb8
Step 14/17 : RUN mkdir /in /out
 ---> Running in 3ca2d248a245
 ---> 8c2b7c8f8e57
Removing intermediate container 3ca2d248a245
Step 15/17 : WORKDIR /bits
 ---> 54d19a423bd9
Removing intermediate container d63a141ad35c
Step 16/17 : ENTRYPOINT /runme.sh
 ---> Running in 1bd67ffd158c
 ---> 06af4c20db6f
Removing intermediate container 1bd67ffd158c
Step 17/17 : LABEL org.mobyproject.linuxkit.revision 'unknown' org.mobyproject.linuxkit.version 'unknown' org.opencontainers.image.revision '8097c462bd7443f1d9d1fcfa21ec498c986120ad' org.opencontainers.image.source 'https://github.com/linuxkit/linuxkit'
 ---> Running in 61000343e566
 ---> 1262cc70f9a9
Removing intermediate container 61000343e566
Successfully built 1262cc70f9a9
Successfully tagged lfedge/eve:0.0.0-HEAD-8097c462-2020-06-12.06.19-kvm-arm64
Pushing lfedge/eve:0.0.0-HEAD-8097c462-2020-06-12.06.19-kvm-arm64
The push refers to a repository [docker.io/lfedge/eve]
77c11f6c5871: Preparing
7f9bc45203bd: Preparing
e1266c0e0736: Preparing
fcf36d06c6ce: Preparing
e645775dc41c: Preparing
1c1d76e314ab: Preparing
9a50430de2c7: Preparing
41396e0b608d: Preparing
1c1d76e314ab: Waiting
9a50430de2c7: Waiting
41396e0b608d: Waiting
77c11f6c5871: Pushed
7f9bc45203bd: Pushed
1c1d76e314ab: Layer already exists
9a50430de2c7: Layer already exists
e1266c0e0736: Pushed
41396e0b608d: Layer already exists
e645775dc41c: Pushed
fcf36d06c6ce: Pushed
0.0.0-HEAD-8097c462-2020-06-12.06.19-kvm-arm64: digest: sha256:61862a45063e3c13114d3c35a28f9ca905c50198127db485480fd7f533ef3300 size: 1999
Pushing lfedge/eve:0.0.0-HEAD-8097c462-2020-06-12.06.19-kvm-arm64 to manifest lfedge/eve:0.0.0-HEAD-8097c462-2020-06-12.06.19-kvm
time="2020-06-12T08:27:21+02:00" level=warning msg="Couldn't find or access image reference \"lfedge/eve:0.0.0-HEAD-8097c462-2020-06-12.06.19-kvm-amd64\". Skipping image."
time="2020-06-12T08:27:25+02:00" level=warning msg="Couldn't find or access image reference \"lfedge/eve:0.0.0-HEAD-8097c462-2020-06-12.06.19-kvm-s390x\". Skipping image."
Digest: sha256:1de816356e1d949b03062fc3b5bb91eae415df3b0a99a10d7f9efee85135b474 434
Not signing lfedge/eve:0.0.0-HEAD-8097c462-2020-06-12.06.19-kvm
Tagging lfedge/eve:0.0.0-HEAD-8097c462-2020-06-12.06.19-kvm-arm64 as lfedge/eve:snapshot-arm64
Pushing lfedge/eve:snapshot-arm64
The push refers to a repository [docker.io/lfedge/eve]
77c11f6c5871: Preparing
7f9bc45203bd: Preparing
e1266c0e0736: Preparing
fcf36d06c6ce: Preparing
e645775dc41c: Preparing
1c1d76e314ab: Preparing
9a50430de2c7: Preparing
41396e0b608d: Preparing
1c1d76e314ab: Waiting
9a50430de2c7: Waiting
41396e0b608d: Waiting
e1266c0e0736: Layer already exists
77c11f6c5871: Layer already exists
e645775dc41c: Layer already exists
7f9bc45203bd: Layer already exists
fcf36d06c6ce: Layer already exists
1c1d76e314ab: Layer already exists
9a50430de2c7: Layer already exists
41396e0b608d: Layer already exists
snapshot-arm64: digest: sha256:61862a45063e3c13114d3c35a28f9ca905c50198127db485480fd7f533ef3300 size: 1999
Pushing lfedge/eve:snapshot-arm64 to manifest lfedge/eve:snapshot
time="2020-06-12T08:27:46+02:00" level=warning msg="Couldn't find or access image reference \"lfedge/eve:snapshot-s390x\". Skipping image."
Digest: sha256:71bc6310701ce6d98517325925b440784a821a42278c44788f7e99b95576e8d4 743
Not signing lfedge/eve:snapshot
Build, push and release of "snapshot" complete, all done.
rm images/rootfs-kvm.yml images/rootfs-kvm.yml.in
Creating go builder image for user zededa-ci
eve-build-zededa-ci docker container is ready to use
mkdir -p /home/zededa-ci/src/eve/dist/arm64
cd /home/zededa-ci/src/eve/dist/arm64 ; _() { C=`docker create $1 fake` ; shift ; docker export $C | tar -xf - "$@" ; docker rm $C ; } ; _ lfedge/eve-uefi:5c00deeac0b200565fee599905f5346ffaafc10b-arm64 OVMF.fd
81a819c2903146be3d5491704a33b81398567926effd97ee57493f41b63f585d
cd /home/zededa-ci/src/eve/dist/arm64 ; _() { C=`docker create $1 fake` ; shift ; docker export $C | tar -xf - "$@" ; docker rm $C ; } ; _ lfedge/eve-uefi:5c00deeac0b200565fee599905f5346ffaafc10b-arm64 OVMF_CODE.fd
tar: OVMF_CODE.fd: Not found in archive
tar: Exiting with failure status due to previous errors
e4591db54e1d1e92f8464ddee0ef1ae64ecb8bfffe24702d17501903f6ed3c1e
cd /home/zededa-ci/src/eve/dist/arm64 ; _() { C=`docker create $1 fake` ; shift ; docker export $C | tar -xf - "$@" ; docker rm $C ; } ; _ lfedge/eve-uefi:5c00deeac0b200565fee599905f5346ffaafc10b-arm64 OVMF_VARS.fd
0d0ccdeafdb6f2d988f3dc0cec29a4a215df2dfa157b0cc658826349cde6e46d
mkdir -p /home/zededa-ci/src/eve/dist/arm64/installer
cd /home/zededa-ci/src/eve/dist/arm64/installer ; _() { C=`docker create $1 fake` ; shift ; docker export $C | tar -xf - "$@" ; docker rm $C ; } ; _ lfedge/eve-grub:aa6b2e431670cf3859b1a3d683b9e0e238e30655-arm64 EFI
91bede16ea36ff4ccefb4fb039a1d554a45ca8f4ac55465bd0ec817f2f31c62f
./tools/makeconfig.sh /home/zededa-ci/src/eve/dist/arm64/installer/config.img conf/authorized_keys conf/DevicePortConfig conf/grub.cfg conf/onboard.cert.pem conf/onboard.key.pem conf/root-certificate.pem conf/server conf/v2tlsbaseroot-certificates.pem
1024+0 records in
1024+0 records out
mkfs.fat 4.1 (2017-01-24)
/config.img has 64 heads and 32 sectors per track,
hidden sectors 0x0000;
logical sector size is 512,
using 0xf8 media descriptor, with 2048 sectors;
drive number 0x80;
filesystem has 2 12-bit FATs and 4 sectors per cluster.
FAT size is 2 sectors, and provides 502 clusters.
There is 1 reserved sector.
Root directory contains 512 slots and uses 32 sectors.
Volume ID is 06c9cb2a, volume label EVE        .
cd /home/zededa-ci/src/eve/dist/arm64/installer ; _() { C=`docker create $1 fake` ; shift ; docker export $C | tar -xf - "$@" ; docker rm $C ; } ; _ lfedge/eve-mkimage-raw-efi:5b9c8a3bc15353352a7462b508c9f379e9fcea32-arm64 initrd.img EFI
e9f76215823467f4a66fc76ecd2f0d8f45876ff01cdf7417561ef5306db89d6f
Done building /home/zededa-ci/src/eve/build-tools/bin/linuxkit
./tools/makerootfs.sh images/rootfs-xen.yml /home/zededa-ci/src/eve/dist/arm64/installer/rootfs-0.0.0-HEAD-8097c462-2020-06-12.06.27-xen-arm64.squash squash
Extract kernel image: lfedge/eve-kernel:70e2491f33de2fb09b61287b8a5b4570249750fe-arm64
Add init containers:
Process init image: linuxkit/init:v0.5-arm64
time="2020-06-12T08:28:12+02:00" level=warning msg="targets metadata is nearing expiry, you should re-sign the role metadata"
Process init image: linuxkit/runc:f79954950022fea76b8b6f10de58cb48e4fb3878-arm64
time="2020-06-12T08:28:29+02:00" level=error msg="Metadata for targets/riyaz expired"
time="2020-06-12T08:28:29+02:00" level=error msg="Metadata for targets/riyaz expired"
time="2020-06-12T08:28:29+02:00" level=warning msg="Error getting targets/riyaz: targets/riyaz expired at Mon May 25 15:32:34 -0700 2020"
time="2020-06-12T08:28:29+02:00" level=warning msg="targets metadata is nearing expiry, you should re-sign the role metadata"
time="2020-06-12T08:28:29+02:00" level=warning msg="targets/justin metadata is nearing expiry, you should re-sign the role metadata"
Process init image: linuxkit/containerd:6ef473a228db6f6ee163f9b9a051102a1552a4ef-arm64
time="2020-06-12T08:28:46+02:00" level=error msg="Metadata for targets/riyaz expired"
time="2020-06-12T08:28:46+02:00" level=error msg="Metadata for targets/riyaz expired"
time="2020-06-12T08:28:46+02:00" level=warning msg="Error getting targets/riyaz: targets/riyaz expired at Sat Jun 6 08:35:43 -0700 2020"
time="2020-06-12T08:28:46+02:00" level=warning msg="targets metadata is nearing expiry, you should re-sign the role metadata"
time="2020-06-12T08:28:46+02:00" level=warning msg="targets/justin metadata is nearing expiry, you should re-sign the role metadata"
Process init image: linuxkit/getty:v0.5-arm64
time="2020-06-12T08:29:03+02:00" level=warning msg="targets/justin metadata is nearing expiry, you should re-sign the role metadata"
time="2020-06-12T08:29:03+02:00" level=warning msg="targets/riyaz metadata is nearing expiry, you should re-sign the role metadata"
time="2020-06-12T08:29:03+02:00" level=warning msg="targets metadata is nearing expiry, you should re-sign the role metadata"
Process init image: linuxkit/memlogd:v0.5-arm64
Process init image: lfedge/eve-grub:aa6b2e431670cf3859b1a3d683b9e0e238e30655-arm64
Process init image: lfedge/eve-fw:60af30b13b43cdc50b6cbb6e30a5e4d1feb154e0-arm64
Process init image: lfedge/eve-xen:92959f50dff5b1a5b6ab8fbc9014369f3e3a493c-arm64
Process init image: lfedge/eve-gpt-tools:e378abea66b77fb7e9587b798a8caf5c78f440c1-arm64
Process init image: lfedge/eve-dom0-ztools:5450ed24dca591ec67c2a7465df5b203e7e92479-arm64
Add onboot containers:
  Create OCI config for lfedge/eve-storage-init:31ed12195e31e7f4b118cbcc2cecfce815e5c4ed-arm64
  Create OCI config for linuxkit/sysctl:v0.5-arm64
time="2020-06-12T08:29:47+02:00" level=warning msg="targets metadata is nearing expiry, you should re-sign the role metadata"
time="2020-06-12T08:29:47+02:00" level=warning msg="targets/ian metadata is nearing expiry, you should re-sign the role metadata"
  Create OCI config for lfedge/eve-rngd:6e16dad8553a6c2939854abfa9f34a5f2604bce7-arm64
  Create OCI config for linuxkit/modprobe:v0.5-arm64
time="2020-06-12T08:30:04+02:00" level=warning msg="targets metadata is nearing expiry, you should re-sign the role metadata"
time="2020-06-12T08:30:04+02:00" level=warning msg="targets/ian metadata is nearing expiry, you should re-sign the role metadata"
Add service containers:
  Create OCI config for lfedge/eve-rsyslog:49556e27198614b57d70e76f8bfcca3068056cfc-arm64
  Create OCI config for linuxkit/openntpd:v0.5-arm64
time="2020-06-12T08:30:23+02:00" level=error msg="Metadata for targets/riyaz expired"
time="2020-06-12T08:30:23+02:00" level=error msg="Metadata for targets/riyaz expired"
time="2020-06-12T08:30:23+02:00" level=warning msg="Error getting targets/riyaz: targets/riyaz expired at Mon May 25 15:06:33 -0700 2020"
time="2020-06-12T08:30:23+02:00" level=warning msg="targets metadata is nearing expiry, you should re-sign the role metadata"
time="2020-06-12T08:30:23+02:00" level=warning msg="targets/justin metadata is nearing expiry, you should re-sign the role metadata"
time="2020-06-12T08:30:23+02:00" level=warning msg="targets/ian metadata is nearing expiry, you should re-sign the role metadata"
  Create OCI config for linuxkit/sshd:v0.5-arm64
time="2020-06-12T08:30:39+02:00" level=error msg="Metadata for targets/justin expired"
time="2020-06-12T08:30:39+02:00" level=error msg="Metadata for targets/justin expired"
time="2020-06-12T08:30:39+02:00" level=warning msg="Error getting targets/justin: targets/justin expired at Fri May 29 15:28:54 +0100 2020"
time="2020-06-12T08:30:40+02:00" level=warning msg="targets/riyaz metadata is nearing expiry, you should re-sign the role metadata"
time="2020-06-12T08:30:40+02:00" level=warning msg="targets metadata is nearing expiry, you should re-sign the role metadata"
  Create OCI config for lfedge/eve-wwan:31a3911c7aa7e5c44e19406d6277173b494c6f35-arm64
  Create OCI config for lfedge/eve-wlan:ac31bb78810451ef1333b3970f29bebc0a6c9c44-arm64
  Create OCI config for lfedge/eve-lisp:6fe9cf905fb0fc657f646a82b42aa95e4f68f5e5-arm64
  Create OCI config for lfedge/eve-guacd:f1f08a0fcadd35320f5d03fe0f0a1a318e8449be-arm64
  Create OCI config for lfedge/eve-pillar:f33829776b6d50be12c58cdf6742d88a02aa66f7-arm64
  Create OCI config for lfedge/eve-vtpm:11365a20a21fa000e9d48614e9303c8f0e81477f-arm64
  Create OCI config for lfedge/eve-watchdog:288a4129631e73aad6a9e5c01f229205f5dbc9be-arm64
  Create OCI config for lfedge/eve-xen-tools:955c1a053b125fc78467091618d8d1e6cfa80c08-arm64
Add files:
  /etc/eve-release
Parallel mksquashfs: Using 4 processors
Creating 4.0 filesystem on /rootfs.img, block size 131072.
[==================================================\         ] 18300/21363  85%[===========================================================/] 21363/21363 100%

Exportable Squashfs 4.0 filesystem, gzip compressed, data block size 131072
	compressed data, compressed metadata, compressed fragments, compressed xattrs
	duplicates are removed
Filesystem size 248269.42 Kbytes (242.45 Mbytes)
	33.30% of uncompressed filesystem size (745451.79 Kbytes)
Inode table size 241268 bytes (235.61 Kbytes)
	25.09% of uncompressed inode table size (961591 bytes)
Directory table size 260938 bytes (254.82 Kbytes)
	45.60% of uncompressed directory table size (572273 bytes)
Number of duplicate files found 8682
Number of inodes 24623
Number of files 16684
Number of fragments 677
Number of symbolic links  5903
Number of device nodes 4
Number of fifo nodes 0
Number of socket nodes 0
Number of directories 2032
Number of ids (unique uids + gids) 4
Number of uids 2
	root (0)
	unknown (1000)
Number of gids 4
	root (0)
	shadow (42)
	tty (5)
	unknown (1000)
cp pkg/eve/build.yml pkg/eve/runme.sh images/*.yml /home/zededa-ci/src/eve/dist/arm64
DOCKER_ARCH_TAG=arm64 ./tools/parse-pkgs.sh pkg/eve/Dockerfile.in > /home/zededa-ci/src/eve/dist/arm64/Dockerfile
/home/zededa-ci/src/eve/build-tools/bin/linuxkit pkg push --disable-content-trust --hash-path /home/zededa-ci/src/eve --hash 0.0.0-HEAD-8097c462-2020-06-12.06.27-xen --release snapshot --force --disable-cache /home/zededa-ci/src/eve/dist/arm64
Building and pushing "lfedge/eve:0.0.0-HEAD-8097c462-2020-06-12.06.27-xen"
Sending build context to Docker daemon  266.9MB
Step 1/17 : FROM alpine:3.9.4 as tools
 ---> ce544de9ee2c
Step 2/17 : RUN mkdir -p /out/etc/apk /out/boot && cp -r /etc/apk/* /out/etc/apk/
 ---> Running in c093ccf6bdce
 ---> 303356ff8d2d
Removing intermediate container c093ccf6bdce
Step 3/17 : RUN apk add --no-cache --initdb -p /out qemu-img=3.1.0-r3 tar=1.32-r0
 ---> Running in 0369a8359c04
fetch http://dl-cdn.alpinelinux.org/alpine/v3.9/main/aarch64/APKINDEX.tar.gz
fetch http://dl-cdn.alpinelinux.org/alpine/v3.9/community/aarch64/APKINDEX.tar.gz
(1/19) Installing libaio (0.3.111-r0)
(2/19) Installing musl (1.1.20-r5)
(3/19) Installing busybox (1.29.3-r10)
Executing busybox-1.29.3-r10.post-install
(4/19) Installing libffi (3.2.1-r6)
(5/19) Installing libintl (0.19.8.1-r4)
(6/19) Installing libuuid (2.33-r0)
(7/19) Installing libblkid (2.33-r0)
(8/19) Installing libmount (2.33-r0)
(9/19) Installing pcre (8.42-r1)
(10/19) Installing zlib (1.2.11-r1)
(11/19) Installing glib (2.58.1-r3)
(12/19) Installing gmp (6.1.2-r1)
(13/19) Installing nettle (3.4.1-r0)
(14/19) Installing p11-kit (0.23.14-r0)
(15/19) Installing libtasn1 (4.14-r0)
(16/19) Installing libunistring (0.9.10-r0)
(17/19) Installing gnutls (3.6.14-r0)
(18/19) Installing qemu-img (3.1.0-r3)
(19/19) Installing tar (1.32-r0)
Executing busybox-1.29.3-r10.trigger
Executing glib-2.58.1-r3.trigger
OK: 16 MiB in 19 packages
 ---> 4883354edbf8
Removing intermediate container 0369a8359c04
Step 4/17 : FROM lfedge/eve-mkimage-iso-efi:e0cc637b8d693c6718d31dc1cbab1f7557823c0b-arm64 as iso
 ---> 74679271e526
Step 5/17 : FROM lfedge/eve-mkimage-raw-efi:5b9c8a3bc15353352a7462b508c9f379e9fcea32-arm64 as raw
 ---> c3f4b6a57b32
Step 6/17 : RUN rm /initrd.img
 ---> Running in 7ed089d37735
 ---> 005592760d1f
Removing intermediate container 7ed089d37735
Step 7/17 : FROM lfedge/eve-mkconf:b9a89148618d45bd26a93a68701f5d0588e501a9-arm64 as conf
 ---> ac9fa4d52a61
Step 8/17 : COPY --from=iso / /
 ---> 65b905f406c6
Step 9/17 : COPY --from=raw / /
 ---> f326c76c5126
Step 10/17 : COPY --from=tools /out/ /
 ---> c2a5dc49f6f0
Step 11/17 : COPY installer /bits
 ---> 83c19bab909d
Step 12/17 : COPY OVMF* /firmware/
 ---> c3b6cd188514
Step 13/17 : COPY runme.sh /
 ---> 54760ad07b74
Step 14/17 : RUN mkdir /in /out
 ---> Running in bbc8541e5fe2
 ---> 6c8791390936
Removing intermediate container bbc8541e5fe2
Step 15/17 : WORKDIR /bits
 ---> d16fc380ad72
Removing intermediate container 38f82f4062dc
Step 16/17 : ENTRYPOINT /runme.sh
 ---> Running in f7f1cee9dbb0
 ---> efe1f8a70398
Removing intermediate container f7f1cee9dbb0
Step 17/17 : LABEL org.mobyproject.linuxkit.revision 'unknown' org.mobyproject.linuxkit.version 'unknown' org.opencontainers.image.revision '8097c462bd7443f1d9d1fcfa21ec498c986120ad' org.opencontainers.image.source 'https://github.com/linuxkit/linuxkit'
 ---> Running in 38f376e44d39
 ---> f2a863ae3f92
Removing intermediate container 38f376e44d39
Successfully built f2a863ae3f92
Successfully tagged lfedge/eve:0.0.0-HEAD-8097c462-2020-06-12.06.27-xen-arm64
Pushing lfedge/eve:0.0.0-HEAD-8097c462-2020-06-12.06.27-xen-arm64
The push refers to a repository [docker.io/lfedge/eve]
cd4c4af7f415: Preparing
f576096648c9: Preparing
eacc0c5b2551: Preparing
d0d1f903df1e: Preparing
8799bbf2b621: Preparing
1c1d76e314ab: Preparing
9a50430de2c7: Preparing
41396e0b608d: Preparing
1c1d76e314ab: Waiting
9a50430de2c7: Waiting
41396e0b608d: Waiting
cd4c4af7f415: Pushed
f576096648c9: Pushed
1c1d76e314ab: Layer already exists
eacc0c5b2551: Pushed
9a50430de2c7: Layer already exists
41396e0b608d: Layer already exists
8799bbf2b621: Pushed
d0d1f903df1e: Pushed
0.0.0-HEAD-8097c462-2020-06-12.06.27-xen-arm64: digest: sha256:f6240526535738de2bcebdab6638c97f942f7e91bf52677b9bccaa68f216bdb9 size: 1999
Pushing lfedge/eve:0.0.0-HEAD-8097c462-2020-06-12.06.27-xen-arm64 to manifest lfedge/eve:0.0.0-HEAD-8097c462-2020-06-12.06.27-xen
time="2020-06-12T08:36:26+02:00" level=warning msg="Couldn't find or access image reference \"lfedge/eve:0.0.0-HEAD-8097c462-2020-06-12.06.27-xen-amd64\". Skipping image."
time="2020-06-12T08:36:29+02:00" level=warning msg="Couldn't find or access image reference \"lfedge/eve:0.0.0-HEAD-8097c462-2020-06-12.06.27-xen-s390x\". Skipping image."
Digest: sha256:3ba728316b361958e3bdb8e602167144fdbd8faa5d6e53bf1e7a4bb1e04e4da3 434
Not signing lfedge/eve:0.0.0-HEAD-8097c462-2020-06-12.06.27-xen
Tagging lfedge/eve:0.0.0-HEAD-8097c462-2020-06-12.06.27-xen-arm64 as lfedge/eve:snapshot-arm64
Pushing lfedge/eve:snapshot-arm64
The push refers to a repository [docker.io/lfedge/eve]
cd4c4af7f415: Preparing
f576096648c9: Preparing
eacc0c5b2551: Preparing
d0d1f903df1e: Preparing
8799bbf2b621: Preparing
1c1d76e314ab: Preparing
9a50430de2c7: Preparing
41396e0b608d: Preparing
41396e0b608d: Waiting
9a50430de2c7: Waiting
1c1d76e314ab: Waiting
cd4c4af7f415: Layer already exists
d0d1f903df1e: Layer already exists
8799bbf2b621: Layer already exists
eacc0c5b2551: Layer already exists
f576096648c9: Layer already exists
1c1d76e314ab: Layer already exists
9a50430de2c7: Layer already exists
41396e0b608d: Layer already exists
snapshot-arm64: digest: sha256:f6240526535738de2bcebdab6638c97f942f7e91bf52677b9bccaa68f216bdb9 size: 1999
Pushing lfedge/eve:snapshot-arm64 to manifest lfedge/eve:snapshot
time="2020-06-12T08:36:50+02:00" level=warning msg="Couldn't find or access image reference \"lfedge/eve:snapshot-s390x\". Skipping image."
Digest: sha256:5fee1c7602c47438ce99412a3c3b8af9b35f2921d33491397fc5957d2c58ed84 743
Not signing lfedge/eve:snapshot
Build, push and release of "snapshot" complete, all done.
rm images/rootfs-xen.yml images/rootfs-xen.yml.in
FINISHED
