From https://github.com/lf-edge/eve
   f5873850..f8b4cbb2  master     -> origin/master
 * [new tag]           4.10.0     -> 4.10.0
 * [new tag]           5.0.0      -> 5.0.0
 * [new tag]           5.0.1      -> 5.0.1
 * [new tag]           5.1.0      -> 5.1.0
 * [new tag]           5.1.1      -> 5.1.1
 * [new tag]           5.1.10     -> 5.1.10
 * [new tag]           5.1.11     -> 5.1.11
 * [new tag]           5.2.0      -> 5.2.0
 * [new tag]           5.2.1      -> 5.2.1
 * [new tag]           5.2.2      -> 5.2.2
 * [new tag]           5.2.3      -> 5.2.3
 * [new tag]           5.2.4      -> 5.2.4
 * [new tag]           5.3.0      -> 5.3.0
 * [new tag]           5.4.0      -> 5.4.0
 * [new tag]           5.4.1      -> 5.4.1
 * [new tag]           5.5.0      -> 5.5.0
 * [new tag]           5.6.0      -> 5.6.0
 * [new tag]           5.6.1      -> 5.6.1
 * [new tag]           5.6.2      -> 5.6.2
 * [new tag]           5.7.0      -> 5.7.0
 * [new tag]           5.7.1      -> 5.7.1
 * [new tag]           5.8.0      -> 5.8.0
 * [new tag]           5.8.1      -> 5.8.1
Building the following tags: 5.8.1 origin/master (latest tag is 5.8.1)
Skipping repository .go/pkg/dep/sources/https---github.com-linuxkit-linuxkit
Skipping repository .go/pkg/dep/sources/https---github.com-moby-hyperkit
Skipping repository .go/pkg/dep/sources/https---github.com-gorilla-context
Skipping repository .go/pkg/dep/sources/https---github.com-theupdateframework-notary
Skipping repository .go/pkg/dep/sources/https---github.com-mitchellh-go--ps
Skipping repository .go/pkg/dep/sources/https---github.com-golang-appengine
Skipping repository .go/pkg/dep/sources/https---github.com-xeipuuv-gojsonschema
Skipping repository .go/pkg/dep/sources/https---go.googlesource.com-net
Skipping repository .go/pkg/dep/sources/https---github.com-xeipuuv-gojsonpointer
Skipping repository .go/pkg/dep/sources/https---github.com-Azure-azure--sdk--for--go
Skipping repository .go/pkg/dep/sources/https---github.com-moby-tool
Skipping repository .go/pkg/dep/sources/https---github.com-Azure-go--ansiterm
Skipping repository .go/pkg/dep/sources/https---github.com-moby-vpnkit
Skipping repository .go/pkg/dep/sources/https---github.com-moul-anonuuid
Skipping repository .go/pkg/dep/sources/https---github.com-Azure-go--autorest
Skipping repository .go/pkg/dep/sources/https---github.com-moul-gotty--client
Skipping repository .go/pkg/dep/sources/https---github.com-Microsoft-go--winio
Skipping repository .go/pkg/dep/sources/https---github.com-agl-ed25519
Skipping repository .go/pkg/dep/sources/https---github.com-aws-aws--sdk--go
Skipping repository .go/pkg/dep/sources/https---github.com-containerd-containerd
Skipping repository .go/pkg/dep/sources/https---github.com-opencontainers-go--digest
Skipping repository .go/pkg/dep/sources/https---github.com-opencontainers-image--spec
Skipping repository .go/pkg/dep/sources/https---github.com-opencontainers-runtime--spec
Skipping repository .go/pkg/dep/sources/https---github.com-packethost-packngo
Skipping repository .go/pkg/dep/sources/https---github.com-pkg-errors
Skipping repository .go/pkg/dep/sources/https---github.com-radu--matei-azure--sdk--for--go
Skipping repository .go/pkg/dep/sources/https---github.com-radu--matei-azure--vhd--utils
Skipping repository .go/pkg/dep/sources/https---github.com-renstrom-fuzzysearch
Skipping repository .go/pkg/dep/sources/https---github.com-rn-iso9660wrap
Skipping repository .go/pkg/dep/sources/https---github.com-creack-goselect
Skipping repository .go/pkg/dep/sources/https---github.com-dgrijalva-jwt--go
Skipping repository .go/pkg/dep/sources/https---github.com-docker-distribution
Skipping repository .go/pkg/dep/sources/https---github.com-docker-docker
Skipping repository .go/pkg/dep/sources/https---github.com-docker-go
Skipping repository .go/pkg/dep/sources/https---github.com-docker-go--connections
Skipping repository .go/pkg/dep/sources/https---github.com-docker-go--units
Skipping repository .go/pkg/dep/sources/https---github.com-jmespath-go--jmespath
Skipping repository .go/pkg/dep/sources/https---github.com-scaleway-go--scaleway
Skipping repository .go/pkg/dep/sources/https---github.com-go--ini-ini
Skipping repository .go/pkg/dep/sources/https---github.com-gorilla-mux
Skipping repository .go/pkg/dep/sources/https---github.com-gogo-protobuf
Skipping repository .go/pkg/dep/sources/https---github.com-gorilla-websocket
Skipping repository .go/pkg/dep/sources/https---github.com-vmware-govmomi
Skipping repository .go/pkg/dep/sources/https---github.com-sirupsen-logrus
Skipping repository .go/pkg/dep/sources/https---gopkg.in-yaml.v2
Skipping repository .go/pkg/dep/sources/https---github.com-golang-protobuf
Skipping repository .go/pkg/dep/sources/https---github.com-docker-go--p9p
Skipping repository .go/pkg/dep/sources/https---github.com-google-uuid
Skipping repository .go/pkg/dep/sources/https---github.com-gophercloud-gophercloud
Skipping repository .go/pkg/dep/sources/https---github.com-xeipuuv-gojsonreference
Skipping repository .go/pkg/dep/sources/https---github.com-moby-datakit
Skipping repository .go/pkg/dep/sources/https---github.com-surma-gocpio
Skipping repository .go/pkg/dep/sources/https---github.com-miekg-pkcs11
Skipping repository .go/pkg/dep/sources/https---go.googlesource.com-sync
Skipping repository .go/pkg/dep/sources/https---go.googlesource.com-oauth2
Skipping repository .go/pkg/dep/sources/https---code.googlesource.com-gocloud
Skipping repository .go/pkg/dep/sources/https---go.googlesource.com-sys
Skipping repository .go/pkg/dep/sources/https---go.googlesource.com-crypto
Skipping repository .go/pkg/dep/sources/https---code.googlesource.com-google--api--go--client
Skipping repository .go/pkg/dep/sources/https---github.com-census--instrumentation-opencensus--go
Skipping repository .go/pkg/dep/sources/https---github.com-googleapis-gax--go
Skipping repository .go/pkg/dep/sources/https---github.com-grpc-grpc--go
Skipping repository .go/pkg/dep/sources/https---github.com-konsorten-go--windows--terminal--sequences
Skipping repository .go/pkg/dep/sources/https---github.com-golang-groupcache
Skipping repository .go/pkg/dep/sources/https---github.com-google-go--genproto
Skipping repository .go/pkg/dep/sources/https---go.googlesource.com-text
Removing .go/src
Removing .go/bin
Removing build-tools/bin/manifest-tool
HEAD is now at dd6da477 dtb sync
Creating go builder image for user zededa-ci
eve-build-zededa-ci docker container is ready to use
go build vendor/github.com/linuxkit/linuxkit/src/cmd/linuxkit: copying /tmp/go-build508275989/b001/exe/a.out to /go/bin/linuxkit: write /go/bin/linuxkit: no space left on device
Makefile:385: recipe for target '/home/zededa-ci/src/eve/build-tools/bin/linuxkit' failed
make: *** [/home/zededa-ci/src/eve/build-tools/bin/linuxkit] Error 1
Creating go builder image for user zededa-ci
eve-build-zededa-ci docker container is ready to use
go build vendor/github.com/linuxkit/linuxkit/src/cmd/linuxkit: copying /tmp/go-build450360294/b001/exe/a.out to /go/bin/linuxkit: write /go/bin/linuxkit: no space left on device
Makefile:385: recipe for target '/home/zededa-ci/src/eve/build-tools/bin/linuxkit' failed
make: *** [/home/zededa-ci/src/eve/build-tools/bin/linuxkit] Error 1
Creating go builder image for user zededa-ci
eve-build-zededa-ci docker container is ready to use
go build vendor/github.com/linuxkit/linuxkit/src/cmd/linuxkit: copying /tmp/go-build839089699/b001/exe/a.out to /go/bin/linuxkit: write /go/bin/linuxkit: no space left on device
Makefile:385: recipe for target '/home/zededa-ci/src/eve/build-tools/bin/linuxkit' failed
make: *** [/home/zededa-ci/src/eve/build-tools/bin/linuxkit] Error 1
Creating go builder image for user zededa-ci
eve-build-zededa-ci docker container is ready to use
go build vendor/github.com/linuxkit/linuxkit/src/cmd/linuxkit: copying /tmp/go-build051920538/b001/exe/a.out to /go/bin/linuxkit: write /go/bin/linuxkit: no space left on device
Makefile:385: recipe for target '/home/zededa-ci/src/eve/build-tools/bin/linuxkit' failed
make: *** [/home/zededa-ci/src/eve/build-tools/bin/linuxkit] Error 1
Creating go builder image for user zededa-ci
eve-build-zededa-ci docker container is ready to use
go build vendor/github.com/linuxkit/linuxkit/src/cmd/linuxkit: copying /tmp/go-build746471105/b001/exe/a.out to /go/bin/linuxkit: write /go/bin/linuxkit: no space left on device
Makefile:385: recipe for target '/home/zededa-ci/src/eve/build-tools/bin/linuxkit' failed
make: *** [/home/zededa-ci/src/eve/build-tools/bin/linuxkit] Error 1
Skipping repository .go/pkg/dep/sources/https---github.com-linuxkit-linuxkit
Skipping repository .go/pkg/dep/sources/https---github.com-moby-hyperkit
Skipping repository .go/pkg/dep/sources/https---github.com-gorilla-context
Skipping repository .go/pkg/dep/sources/https---github.com-theupdateframework-notary
Skipping repository .go/pkg/dep/sources/https---github.com-mitchellh-go--ps
Skipping repository .go/pkg/dep/sources/https---github.com-golang-appengine
Skipping repository .go/pkg/dep/sources/https---github.com-xeipuuv-gojsonschema
Skipping repository .go/pkg/dep/sources/https---go.googlesource.com-net
Skipping repository .go/pkg/dep/sources/https---github.com-xeipuuv-gojsonpointer
Skipping repository .go/pkg/dep/sources/https---github.com-Azure-azure--sdk--for--go
Skipping repository .go/pkg/dep/sources/https---github.com-moby-tool
Skipping repository .go/pkg/dep/sources/https---github.com-Azure-go--ansiterm
Skipping repository .go/pkg/dep/sources/https---github.com-moby-vpnkit
Skipping repository .go/pkg/dep/sources/https---github.com-moul-anonuuid
Skipping repository .go/pkg/dep/sources/https---github.com-Azure-go--autorest
Skipping repository .go/pkg/dep/sources/https---github.com-moul-gotty--client
Skipping repository .go/pkg/dep/sources/https---github.com-Microsoft-go--winio
Skipping repository .go/pkg/dep/sources/https---github.com-agl-ed25519
Skipping repository .go/pkg/dep/sources/https---github.com-aws-aws--sdk--go
Skipping repository .go/pkg/dep/sources/https---github.com-containerd-containerd
Skipping repository .go/pkg/dep/sources/https---github.com-opencontainers-go--digest
Skipping repository .go/pkg/dep/sources/https---github.com-opencontainers-image--spec
Skipping repository .go/pkg/dep/sources/https---github.com-opencontainers-runtime--spec
Skipping repository .go/pkg/dep/sources/https---github.com-packethost-packngo
Skipping repository .go/pkg/dep/sources/https---github.com-pkg-errors
Skipping repository .go/pkg/dep/sources/https---github.com-radu--matei-azure--sdk--for--go
Skipping repository .go/pkg/dep/sources/https---github.com-radu--matei-azure--vhd--utils
Skipping repository .go/pkg/dep/sources/https---github.com-renstrom-fuzzysearch
Skipping repository .go/pkg/dep/sources/https---github.com-rn-iso9660wrap
Skipping repository .go/pkg/dep/sources/https---github.com-creack-goselect
Skipping repository .go/pkg/dep/sources/https---github.com-dgrijalva-jwt--go
Skipping repository .go/pkg/dep/sources/https---github.com-docker-distribution
Skipping repository .go/pkg/dep/sources/https---github.com-docker-docker
Skipping repository .go/pkg/dep/sources/https---github.com-docker-go
Skipping repository .go/pkg/dep/sources/https---github.com-docker-go--connections
Skipping repository .go/pkg/dep/sources/https---github.com-docker-go--units
Skipping repository .go/pkg/dep/sources/https---github.com-jmespath-go--jmespath
Skipping repository .go/pkg/dep/sources/https---github.com-scaleway-go--scaleway
Skipping repository .go/pkg/dep/sources/https---github.com-go--ini-ini
Skipping repository .go/pkg/dep/sources/https---github.com-gorilla-mux
Skipping repository .go/pkg/dep/sources/https---github.com-gogo-protobuf
Skipping repository .go/pkg/dep/sources/https---github.com-gorilla-websocket
Skipping repository .go/pkg/dep/sources/https---github.com-vmware-govmomi
Skipping repository .go/pkg/dep/sources/https---github.com-sirupsen-logrus
Skipping repository .go/pkg/dep/sources/https---gopkg.in-yaml.v2
Skipping repository .go/pkg/dep/sources/https---github.com-golang-protobuf
Skipping repository .go/pkg/dep/sources/https---github.com-docker-go--p9p
Skipping repository .go/pkg/dep/sources/https---github.com-google-uuid
Skipping repository .go/pkg/dep/sources/https---github.com-gophercloud-gophercloud
Skipping repository .go/pkg/dep/sources/https---github.com-xeipuuv-gojsonreference
Skipping repository .go/pkg/dep/sources/https---github.com-moby-datakit
Skipping repository .go/pkg/dep/sources/https---github.com-surma-gocpio
Skipping repository .go/pkg/dep/sources/https---github.com-miekg-pkcs11
Skipping repository .go/pkg/dep/sources/https---go.googlesource.com-sync
Skipping repository .go/pkg/dep/sources/https---go.googlesource.com-oauth2
Skipping repository .go/pkg/dep/sources/https---code.googlesource.com-gocloud
Skipping repository .go/pkg/dep/sources/https---go.googlesource.com-sys
Skipping repository .go/pkg/dep/sources/https---go.googlesource.com-crypto
Skipping repository .go/pkg/dep/sources/https---code.googlesource.com-google--api--go--client
Skipping repository .go/pkg/dep/sources/https---github.com-census--instrumentation-opencensus--go
Skipping repository .go/pkg/dep/sources/https---github.com-googleapis-gax--go
Skipping repository .go/pkg/dep/sources/https---github.com-grpc-grpc--go
Skipping repository .go/pkg/dep/sources/https---github.com-konsorten-go--windows--terminal--sequences
Skipping repository .go/pkg/dep/sources/https---github.com-golang-groupcache
Skipping repository .go/pkg/dep/sources/https---github.com-google-go--genproto
Skipping repository .go/pkg/dep/sources/https---go.googlesource.com-text
Removing .go/src
Removing .go/bin
Removing build-tools/bin/manifest-tool
HEAD is now at f8b4cbb2 Adding support for qcow2 volumes
Creating go builder image for user zededa-ci
eve-build-zededa-ci docker container is ready to use
go build vendor/github.com/linuxkit/linuxkit/src/cmd/linuxkit: copying /tmp/go-build374375793/b001/exe/a.out to /go/bin/linuxkit: write /go/bin/linuxkit: no space left on device
Makefile:385: recipe for target '/home/zededa-ci/src/eve/build-tools/bin/linuxkit' failed
make: *** [/home/zededa-ci/src/eve/build-tools/bin/linuxkit] Error 1
Creating go builder image for user zededa-ci
eve-build-zededa-ci docker container is ready to use
go build vendor/github.com/linuxkit/linuxkit/src/cmd/linuxkit: copying /tmp/go-build623099844/b001/exe/a.out to /go/bin/linuxkit: write /go/bin/linuxkit: no space left on device
Makefile:385: recipe for target '/home/zededa-ci/src/eve/build-tools/bin/linuxkit' failed
make: *** [/home/zededa-ci/src/eve/build-tools/bin/linuxkit] Error 1
Creating go builder image for user zededa-ci
eve-build-zededa-ci docker container is ready to use
go build vendor/github.com/linuxkit/linuxkit/src/cmd/linuxkit: copying /tmp/go-build876350266/b001/exe/a.out to /go/bin/linuxkit: write /go/bin/linuxkit: no space left on device
Makefile:385: recipe for target '/home/zededa-ci/src/eve/build-tools/bin/linuxkit' failed
make: *** [/home/zededa-ci/src/eve/build-tools/bin/linuxkit] Error 1
Creating go builder image for user zededa-ci
eve-build-zededa-ci docker container is ready to use
go build vendor/github.com/linuxkit/linuxkit/src/cmd/linuxkit: copying /tmp/go-build902273762/b001/exe/a.out to /go/bin/linuxkit: write /go/bin/linuxkit: no space left on device
Makefile:385: recipe for target '/home/zededa-ci/src/eve/build-tools/bin/linuxkit' failed
make: *** [/home/zededa-ci/src/eve/build-tools/bin/linuxkit] Error 1
Creating go builder image for user zededa-ci
eve-build-zededa-ci docker container is ready to use
go build vendor/github.com/linuxkit/linuxkit/src/cmd/linuxkit: copying /tmp/go-build395198065/b001/exe/a.out to /go/bin/linuxkit: write /go/bin/linuxkit: no space left on device
Makefile:385: recipe for target '/home/zededa-ci/src/eve/build-tools/bin/linuxkit' failed
make: *** [/home/zededa-ci/src/eve/build-tools/bin/linuxkit] Error 1
FINISHED
