From https://github.com/lf-edge/eve
   8ed16428a..8b5a29ce2  master     -> origin/master
   0cab9a545..669d95634  5.12       -> origin/5.12
 * [new tag]             5.10.2     -> 5.10.2
 * [new tag]             5.10.3     -> 5.10.3
 * [new tag]             5.10.4     -> 5.10.4
 * [new tag]             5.12.0     -> 5.12.0
 * [new tag]             5.12.1     -> 5.12.1
 * [new tag]             5.12.2     -> 5.12.2
 * [new tag]             5.12.3     -> 5.12.3
 * [new tag]             5.12.4     -> 5.12.4
Building the following tags: 5.12.3
5.12.4 origin/master (latest tag is 5.12.4)
Skipping repository .go/pkg/dep/sources/https---github.com-linuxkit-linuxkit
Skipping repository .go/pkg/dep/sources/https---github.com-moby-hyperkit
Skipping repository .go/pkg/dep/sources/https---github.com-gorilla-context
Skipping repository .go/pkg/dep/sources/https---github.com-theupdateframework-notary
Skipping repository .go/pkg/dep/sources/https---github.com-mitchellh-go--ps
Skipping repository .go/pkg/dep/sources/https---github.com-golang-appengine
Skipping repository .go/pkg/dep/sources/https---github.com-xeipuuv-gojsonschema
Skipping repository .go/pkg/dep/sources/https---go.googlesource.com-net
Skipping repository .go/pkg/dep/sources/https---github.com-xeipuuv-gojsonpointer
Skipping repository .go/pkg/dep/sources/https---github.com-Azure-azure--sdk--for--go
Skipping repository .go/pkg/dep/sources/https---github.com-moby-tool
Skipping repository .go/pkg/dep/sources/https---github.com-Azure-go--ansiterm
Skipping repository .go/pkg/dep/sources/https---github.com-moby-vpnkit
Skipping repository .go/pkg/dep/sources/https---github.com-moul-anonuuid
Skipping repository .go/pkg/dep/sources/https---github.com-Azure-go--autorest
Skipping repository .go/pkg/dep/sources/https---github.com-moul-gotty--client
Skipping repository .go/pkg/dep/sources/https---github.com-Microsoft-go--winio
Skipping repository .go/pkg/dep/sources/https---github.com-agl-ed25519
Skipping repository .go/pkg/dep/sources/https---github.com-aws-aws--sdk--go
Skipping repository .go/pkg/dep/sources/https---github.com-containerd-containerd
Skipping repository .go/pkg/dep/sources/https---github.com-opencontainers-go--digest
Skipping repository .go/pkg/dep/sources/https---github.com-opencontainers-image--spec
Skipping repository .go/pkg/dep/sources/https---github.com-opencontainers-runtime--spec
Skipping repository .go/pkg/dep/sources/https---github.com-packethost-packngo
Skipping repository .go/pkg/dep/sources/https---github.com-pkg-errors
Skipping repository .go/pkg/dep/sources/https---github.com-radu--matei-azure--sdk--for--go
Skipping repository .go/pkg/dep/sources/https---github.com-radu--matei-azure--vhd--utils
Skipping repository .go/pkg/dep/sources/https---github.com-renstrom-fuzzysearch
Skipping repository .go/pkg/dep/sources/https---github.com-rn-iso9660wrap
Skipping repository .go/pkg/dep/sources/https---github.com-creack-goselect
Skipping repository .go/pkg/dep/sources/https---github.com-dgrijalva-jwt--go
Skipping repository .go/pkg/dep/sources/https---github.com-docker-distribution
Skipping repository .go/pkg/dep/sources/https---github.com-docker-docker
Skipping repository .go/pkg/dep/sources/https---github.com-docker-go
Skipping repository .go/pkg/dep/sources/https---github.com-docker-go--connections
Skipping repository .go/pkg/dep/sources/https---github.com-docker-go--units
Skipping repository .go/pkg/dep/sources/https---github.com-jmespath-go--jmespath
Skipping repository .go/pkg/dep/sources/https---github.com-scaleway-go--scaleway
Skipping repository .go/pkg/dep/sources/https---github.com-go--ini-ini
Skipping repository .go/pkg/dep/sources/https---github.com-gorilla-mux
Skipping repository .go/pkg/dep/sources/https---github.com-gogo-protobuf
Skipping repository .go/pkg/dep/sources/https---github.com-gorilla-websocket
Skipping repository .go/pkg/dep/sources/https---github.com-vmware-govmomi
Skipping repository .go/pkg/dep/sources/https---github.com-sirupsen-logrus
Skipping repository .go/pkg/dep/sources/https---gopkg.in-yaml.v2
Skipping repository .go/pkg/dep/sources/https---github.com-golang-protobuf
Skipping repository .go/pkg/dep/sources/https---github.com-docker-go--p9p
Skipping repository .go/pkg/dep/sources/https---github.com-google-uuid
Skipping repository .go/pkg/dep/sources/https---github.com-gophercloud-gophercloud
Skipping repository .go/pkg/dep/sources/https---github.com-xeipuuv-gojsonreference
Skipping repository .go/pkg/dep/sources/https---github.com-moby-datakit
Skipping repository .go/pkg/dep/sources/https---github.com-surma-gocpio
Skipping repository .go/pkg/dep/sources/https---github.com-miekg-pkcs11
Skipping repository .go/pkg/dep/sources/https---go.googlesource.com-sync
Skipping repository .go/pkg/dep/sources/https---go.googlesource.com-oauth2
Skipping repository .go/pkg/dep/sources/https---code.googlesource.com-gocloud
Skipping repository .go/pkg/dep/sources/https---go.googlesource.com-sys
Skipping repository .go/pkg/dep/sources/https---go.googlesource.com-crypto
Skipping repository .go/pkg/dep/sources/https---code.googlesource.com-google--api--go--client
Skipping repository .go/pkg/dep/sources/https---github.com-census--instrumentation-opencensus--go
Skipping repository .go/pkg/dep/sources/https---github.com-googleapis-gax--go
Skipping repository .go/pkg/dep/sources/https---github.com-grpc-grpc--go
Skipping repository .go/pkg/dep/sources/https---github.com-konsorten-go--windows--terminal--sequences
Skipping repository .go/pkg/dep/sources/https---github.com-golang-groupcache
Skipping repository .go/pkg/dep/sources/https---github.com-google-go--genproto
Skipping repository .go/pkg/dep/sources/https---go.googlesource.com-text
Removing .go/src
Removing .go/bin
Removing build-tools/bin/linuxkit
Removing build-tools/bin/manifest-tool
HEAD is now at 0cab9a545 Merge remote-tracking branch 'origin/master' into 5.12
Creating go builder image for user zededa-ci
eve-build-zededa-ci docker container is ready to use
docker: Error response from daemon: stat /var/lib/docker/btrfs/subvolumes/6d14c011e75c825fb5273508825b002d2baef46fb33180c1d7bd156ea2b52484: no such file or directory.
See 'docker run --help'.
Makefile:390: recipe for target '/home/zededa-ci/src/eve/build-tools/bin/manifest-tool' failed
make: *** [/home/zededa-ci/src/eve/build-tools/bin/manifest-tool] Error 127
Creating go builder image for user zededa-ci
eve-build-zededa-ci docker container is ready to use
docker: Error response from daemon: stat /var/lib/docker/btrfs/subvolumes/6d14c011e75c825fb5273508825b002d2baef46fb33180c1d7bd156ea2b52484: no such file or directory.
See 'docker run --help'.
Makefile:390: recipe for target '/home/zededa-ci/src/eve/build-tools/bin/manifest-tool' failed
make: *** [/home/zededa-ci/src/eve/build-tools/bin/manifest-tool] Error 127
Creating go builder image for user zededa-ci
eve-build-zededa-ci docker container is ready to use
docker: Error response from daemon: stat /var/lib/docker/btrfs/subvolumes/6d14c011e75c825fb5273508825b002d2baef46fb33180c1d7bd156ea2b52484: no such file or directory.
See 'docker run --help'.
Makefile:390: recipe for target '/home/zededa-ci/src/eve/build-tools/bin/manifest-tool' failed
make: *** [/home/zededa-ci/src/eve/build-tools/bin/manifest-tool] Error 127
Creating go builder image for user zededa-ci
eve-build-zededa-ci docker container is ready to use
docker: Error response from daemon: stat /var/lib/docker/btrfs/subvolumes/6d14c011e75c825fb5273508825b002d2baef46fb33180c1d7bd156ea2b52484: no such file or directory.
See 'docker run --help'.
Makefile:390: recipe for target '/home/zededa-ci/src/eve/build-tools/bin/manifest-tool' failed
make: *** [/home/zededa-ci/src/eve/build-tools/bin/manifest-tool] Error 127
Creating go builder image for user zededa-ci
eve-build-zededa-ci docker container is ready to use
docker: Error response from daemon: stat /var/lib/docker/btrfs/subvolumes/6d14c011e75c825fb5273508825b002d2baef46fb33180c1d7bd156ea2b52484: no such file or directory.
See 'docker run --help'.
Makefile:390: recipe for target '/home/zededa-ci/src/eve/build-tools/bin/manifest-tool' failed
make: *** [/home/zededa-ci/src/eve/build-tools/bin/manifest-tool] Error 127
Skipping repository .go/pkg/dep/sources/https---github.com-linuxkit-linuxkit
Skipping repository .go/pkg/dep/sources/https---github.com-moby-hyperkit
Skipping repository .go/pkg/dep/sources/https---github.com-gorilla-context
Skipping repository .go/pkg/dep/sources/https---github.com-theupdateframework-notary
Skipping repository .go/pkg/dep/sources/https---github.com-mitchellh-go--ps
Skipping repository .go/pkg/dep/sources/https---github.com-golang-appengine
Skipping repository .go/pkg/dep/sources/https---github.com-xeipuuv-gojsonschema
Skipping repository .go/pkg/dep/sources/https---go.googlesource.com-net
Skipping repository .go/pkg/dep/sources/https---github.com-xeipuuv-gojsonpointer
Skipping repository .go/pkg/dep/sources/https---github.com-Azure-azure--sdk--for--go
Skipping repository .go/pkg/dep/sources/https---github.com-moby-tool
Skipping repository .go/pkg/dep/sources/https---github.com-Azure-go--ansiterm
Skipping repository .go/pkg/dep/sources/https---github.com-moby-vpnkit
Skipping repository .go/pkg/dep/sources/https---github.com-moul-anonuuid
Skipping repository .go/pkg/dep/sources/https---github.com-Azure-go--autorest
Skipping repository .go/pkg/dep/sources/https---github.com-moul-gotty--client
Skipping repository .go/pkg/dep/sources/https---github.com-Microsoft-go--winio
Skipping repository .go/pkg/dep/sources/https---github.com-agl-ed25519
Skipping repository .go/pkg/dep/sources/https---github.com-aws-aws--sdk--go
Skipping repository .go/pkg/dep/sources/https---github.com-containerd-containerd
Skipping repository .go/pkg/dep/sources/https---github.com-opencontainers-go--digest
Skipping repository .go/pkg/dep/sources/https---github.com-opencontainers-image--spec
Skipping repository .go/pkg/dep/sources/https---github.com-opencontainers-runtime--spec
Skipping repository .go/pkg/dep/sources/https---github.com-packethost-packngo
Skipping repository .go/pkg/dep/sources/https---github.com-pkg-errors
Skipping repository .go/pkg/dep/sources/https---github.com-radu--matei-azure--sdk--for--go
Skipping repository .go/pkg/dep/sources/https---github.com-radu--matei-azure--vhd--utils
Skipping repository .go/pkg/dep/sources/https---github.com-renstrom-fuzzysearch
Skipping repository .go/pkg/dep/sources/https---github.com-rn-iso9660wrap
Skipping repository .go/pkg/dep/sources/https---github.com-creack-goselect
Skipping repository .go/pkg/dep/sources/https---github.com-dgrijalva-jwt--go
Skipping repository .go/pkg/dep/sources/https---github.com-docker-distribution
Skipping repository .go/pkg/dep/sources/https---github.com-docker-docker
Skipping repository .go/pkg/dep/sources/https---github.com-docker-go
Skipping repository .go/pkg/dep/sources/https---github.com-docker-go--connections
Skipping repository .go/pkg/dep/sources/https---github.com-docker-go--units
Skipping repository .go/pkg/dep/sources/https---github.com-jmespath-go--jmespath
Skipping repository .go/pkg/dep/sources/https---github.com-scaleway-go--scaleway
Skipping repository .go/pkg/dep/sources/https---github.com-go--ini-ini
Skipping repository .go/pkg/dep/sources/https---github.com-gorilla-mux
Skipping repository .go/pkg/dep/sources/https---github.com-gogo-protobuf
Skipping repository .go/pkg/dep/sources/https---github.com-gorilla-websocket
Skipping repository .go/pkg/dep/sources/https---github.com-vmware-govmomi
Skipping repository .go/pkg/dep/sources/https---github.com-sirupsen-logrus
Skipping repository .go/pkg/dep/sources/https---gopkg.in-yaml.v2
Skipping repository .go/pkg/dep/sources/https---github.com-golang-protobuf
Skipping repository .go/pkg/dep/sources/https---github.com-docker-go--p9p
Skipping repository .go/pkg/dep/sources/https---github.com-google-uuid
Skipping repository .go/pkg/dep/sources/https---github.com-gophercloud-gophercloud
Skipping repository .go/pkg/dep/sources/https---github.com-xeipuuv-gojsonreference
Skipping repository .go/pkg/dep/sources/https---github.com-moby-datakit
Skipping repository .go/pkg/dep/sources/https---github.com-surma-gocpio
Skipping repository .go/pkg/dep/sources/https---github.com-miekg-pkcs11
Skipping repository .go/pkg/dep/sources/https---go.googlesource.com-sync
Skipping repository .go/pkg/dep/sources/https---go.googlesource.com-oauth2
Skipping repository .go/pkg/dep/sources/https---code.googlesource.com-gocloud
Skipping repository .go/pkg/dep/sources/https---go.googlesource.com-sys
Skipping repository .go/pkg/dep/sources/https---go.googlesource.com-crypto
Skipping repository .go/pkg/dep/sources/https---code.googlesource.com-google--api--go--client
Skipping repository .go/pkg/dep/sources/https---github.com-census--instrumentation-opencensus--go
Skipping repository .go/pkg/dep/sources/https---github.com-googleapis-gax--go
Skipping repository .go/pkg/dep/sources/https---github.com-grpc-grpc--go
Skipping repository .go/pkg/dep/sources/https---github.com-konsorten-go--windows--terminal--sequences
Skipping repository .go/pkg/dep/sources/https---github.com-golang-groupcache
Skipping repository .go/pkg/dep/sources/https---github.com-google-go--genproto
Skipping repository .go/pkg/dep/sources/https---go.googlesource.com-text
Removing .go/src
Removing .go/bin
HEAD is now at 669d95634 Merge remote-tracking branch 'origin/master' into 5.12
Creating go builder image for user zededa-ci
eve-build-zededa-ci docker container is ready to use
docker: Error response from daemon: stat /var/lib/docker/btrfs/subvolumes/6d14c011e75c825fb5273508825b002d2baef46fb33180c1d7bd156ea2b52484: no such file or directory.
See 'docker run --help'.
Makefile:390: recipe for target '/home/zededa-ci/src/eve/build-tools/bin/manifest-tool' failed
make: *** [/home/zededa-ci/src/eve/build-tools/bin/manifest-tool] Error 127
Creating go builder image for user zededa-ci
eve-build-zededa-ci docker container is ready to use
docker: Error response from daemon: stat /var/lib/docker/btrfs/subvolumes/6d14c011e75c825fb5273508825b002d2baef46fb33180c1d7bd156ea2b52484: no such file or directory.
See 'docker run --help'.
Makefile:390: recipe for target '/home/zededa-ci/src/eve/build-tools/bin/manifest-tool' failed
make: *** [/home/zededa-ci/src/eve/build-tools/bin/manifest-tool] Error 127
Creating go builder image for user zededa-ci
eve-build-zededa-ci docker container is ready to use
docker: Error response from daemon: stat /var/lib/docker/btrfs/subvolumes/6d14c011e75c825fb5273508825b002d2baef46fb33180c1d7bd156ea2b52484: no such file or directory.
See 'docker run --help'.
Makefile:390: recipe for target '/home/zededa-ci/src/eve/build-tools/bin/manifest-tool' failed
make: *** [/home/zededa-ci/src/eve/build-tools/bin/manifest-tool] Error 127
Creating go builder image for user zededa-ci
eve-build-zededa-ci docker container is ready to use
docker: Error response from daemon: stat /var/lib/docker/btrfs/subvolumes/6d14c011e75c825fb5273508825b002d2baef46fb33180c1d7bd156ea2b52484: no such file or directory.
See 'docker run --help'.
Makefile:390: recipe for target '/home/zededa-ci/src/eve/build-tools/bin/manifest-tool' failed
make: *** [/home/zededa-ci/src/eve/build-tools/bin/manifest-tool] Error 127
Creating go builder image for user zededa-ci
eve-build-zededa-ci docker container is ready to use
docker: Error response from daemon: stat /var/lib/docker/btrfs/subvolumes/6d14c011e75c825fb5273508825b002d2baef46fb33180c1d7bd156ea2b52484: no such file or directory.
See 'docker run --help'.
Makefile:390: recipe for target '/home/zededa-ci/src/eve/build-tools/bin/manifest-tool' failed
make: *** [/home/zededa-ci/src/eve/build-tools/bin/manifest-tool] Error 127
Skipping repository .go/pkg/dep/sources/https---github.com-linuxkit-linuxkit
Skipping repository .go/pkg/dep/sources/https---github.com-moby-hyperkit
Skipping repository .go/pkg/dep/sources/https---github.com-gorilla-context
Skipping repository .go/pkg/dep/sources/https---github.com-theupdateframework-notary
Skipping repository .go/pkg/dep/sources/https---github.com-mitchellh-go--ps
Skipping repository .go/pkg/dep/sources/https---github.com-golang-appengine
Skipping repository .go/pkg/dep/sources/https---github.com-xeipuuv-gojsonschema
Skipping repository .go/pkg/dep/sources/https---go.googlesource.com-net
Skipping repository .go/pkg/dep/sources/https---github.com-xeipuuv-gojsonpointer
Skipping repository .go/pkg/dep/sources/https---github.com-Azure-azure--sdk--for--go
Skipping repository .go/pkg/dep/sources/https---github.com-moby-tool
Skipping repository .go/pkg/dep/sources/https---github.com-Azure-go--ansiterm
Skipping repository .go/pkg/dep/sources/https---github.com-moby-vpnkit
Skipping repository .go/pkg/dep/sources/https---github.com-moul-anonuuid
Skipping repository .go/pkg/dep/sources/https---github.com-Azure-go--autorest
Skipping repository .go/pkg/dep/sources/https---github.com-moul-gotty--client
Skipping repository .go/pkg/dep/sources/https---github.com-Microsoft-go--winio
Skipping repository .go/pkg/dep/sources/https---github.com-agl-ed25519
Skipping repository .go/pkg/dep/sources/https---github.com-aws-aws--sdk--go
Skipping repository .go/pkg/dep/sources/https---github.com-containerd-containerd
Skipping repository .go/pkg/dep/sources/https---github.com-opencontainers-go--digest
Skipping repository .go/pkg/dep/sources/https---github.com-opencontainers-image--spec
Skipping repository .go/pkg/dep/sources/https---github.com-opencontainers-runtime--spec
Skipping repository .go/pkg/dep/sources/https---github.com-packethost-packngo
Skipping repository .go/pkg/dep/sources/https---github.com-pkg-errors
Skipping repository .go/pkg/dep/sources/https---github.com-radu--matei-azure--sdk--for--go
Skipping repository .go/pkg/dep/sources/https---github.com-radu--matei-azure--vhd--utils
Skipping repository .go/pkg/dep/sources/https---github.com-renstrom-fuzzysearch
Skipping repository .go/pkg/dep/sources/https---github.com-rn-iso9660wrap
Skipping repository .go/pkg/dep/sources/https---github.com-creack-goselect
Skipping repository .go/pkg/dep/sources/https---github.com-dgrijalva-jwt--go
Skipping repository .go/pkg/dep/sources/https---github.com-docker-distribution
Skipping repository .go/pkg/dep/sources/https---github.com-docker-docker
Skipping repository .go/pkg/dep/sources/https---github.com-docker-go
Skipping repository .go/pkg/dep/sources/https---github.com-docker-go--connections
Skipping repository .go/pkg/dep/sources/https---github.com-docker-go--units
Skipping repository .go/pkg/dep/sources/https---github.com-jmespath-go--jmespath
Skipping repository .go/pkg/dep/sources/https---github.com-scaleway-go--scaleway
Skipping repository .go/pkg/dep/sources/https---github.com-go--ini-ini
Skipping repository .go/pkg/dep/sources/https---github.com-gorilla-mux
Skipping repository .go/pkg/dep/sources/https---github.com-gogo-protobuf
Skipping repository .go/pkg/dep/sources/https---github.com-gorilla-websocket
Skipping repository .go/pkg/dep/sources/https---github.com-vmware-govmomi
Skipping repository .go/pkg/dep/sources/https---github.com-sirupsen-logrus
Skipping repository .go/pkg/dep/sources/https---gopkg.in-yaml.v2
Skipping repository .go/pkg/dep/sources/https---github.com-golang-protobuf
Skipping repository .go/pkg/dep/sources/https---github.com-docker-go--p9p
Skipping repository .go/pkg/dep/sources/https---github.com-google-uuid
Skipping repository .go/pkg/dep/sources/https---github.com-gophercloud-gophercloud
Skipping repository .go/pkg/dep/sources/https---github.com-xeipuuv-gojsonreference
Skipping repository .go/pkg/dep/sources/https---github.com-moby-datakit
Skipping repository .go/pkg/dep/sources/https---github.com-surma-gocpio
Skipping repository .go/pkg/dep/sources/https---github.com-miekg-pkcs11
Skipping repository .go/pkg/dep/sources/https---go.googlesource.com-sync
Skipping repository .go/pkg/dep/sources/https---go.googlesource.com-oauth2
Skipping repository .go/pkg/dep/sources/https---code.googlesource.com-gocloud
Skipping repository .go/pkg/dep/sources/https---go.googlesource.com-sys
Skipping repository .go/pkg/dep/sources/https---go.googlesource.com-crypto
Skipping repository .go/pkg/dep/sources/https---code.googlesource.com-google--api--go--client
Skipping repository .go/pkg/dep/sources/https---github.com-census--instrumentation-opencensus--go
Skipping repository .go/pkg/dep/sources/https---github.com-googleapis-gax--go
Skipping repository .go/pkg/dep/sources/https---github.com-grpc-grpc--go
Skipping repository .go/pkg/dep/sources/https---github.com-konsorten-go--windows--terminal--sequences
Skipping repository .go/pkg/dep/sources/https---github.com-golang-groupcache
Skipping repository .go/pkg/dep/sources/https---github.com-google-go--genproto
Skipping repository .go/pkg/dep/sources/https---go.googlesource.com-text
Removing .go/src
Removing .go/bin
HEAD is now at 8b5a29ce2 Change app-container log to noticef
Creating go builder image for user zededa-ci
eve-build-zededa-ci docker container is ready to use
docker: Error response from daemon: stat /var/lib/docker/btrfs/subvolumes/6d14c011e75c825fb5273508825b002d2baef46fb33180c1d7bd156ea2b52484: no such file or directory.
See 'docker run --help'.
Makefile:390: recipe for target '/home/zededa-ci/src/eve/build-tools/bin/manifest-tool' failed
make: *** [/home/zededa-ci/src/eve/build-tools/bin/manifest-tool] Error 127
Creating go builder image for user zededa-ci
eve-build-zededa-ci docker container is ready to use
docker: Error response from daemon: stat /var/lib/docker/btrfs/subvolumes/6d14c011e75c825fb5273508825b002d2baef46fb33180c1d7bd156ea2b52484: no such file or directory.
See 'docker run --help'.
Makefile:390: recipe for target '/home/zededa-ci/src/eve/build-tools/bin/manifest-tool' failed
make: *** [/home/zededa-ci/src/eve/build-tools/bin/manifest-tool] Error 127
Creating go builder image for user zededa-ci
eve-build-zededa-ci docker container is ready to use
docker: Error response from daemon: stat /var/lib/docker/btrfs/subvolumes/6d14c011e75c825fb5273508825b002d2baef46fb33180c1d7bd156ea2b52484: no such file or directory.
See 'docker run --help'.
Makefile:390: recipe for target '/home/zededa-ci/src/eve/build-tools/bin/manifest-tool' failed
make: *** [/home/zededa-ci/src/eve/build-tools/bin/manifest-tool] Error 127
Creating go builder image for user zededa-ci
eve-build-zededa-ci docker container is ready to use
docker: Error response from daemon: stat /var/lib/docker/btrfs/subvolumes/6d14c011e75c825fb5273508825b002d2baef46fb33180c1d7bd156ea2b52484: no such file or directory.
See 'docker run --help'.
Makefile:390: recipe for target '/home/zededa-ci/src/eve/build-tools/bin/manifest-tool' failed
make: *** [/home/zededa-ci/src/eve/build-tools/bin/manifest-tool] Error 127
Creating go builder image for user zededa-ci
eve-build-zededa-ci docker container is ready to use
docker: Error response from daemon: stat /var/lib/docker/btrfs/subvolumes/6d14c011e75c825fb5273508825b002d2baef46fb33180c1d7bd156ea2b52484: no such file or directory.
See 'docker run --help'.
Makefile:390: recipe for target '/home/zededa-ci/src/eve/build-tools/bin/manifest-tool' failed
make: *** [/home/zededa-ci/src/eve/build-tools/bin/manifest-tool] Error 127
FINISHED
