From https://github.com/lf-edge/eve
   64aa8424..0d2a8f31  master     -> origin/master
 * [new tag]           4.10.0     -> 4.10.0
 * [new tag]           5.0.0      -> 5.0.0
 * [new tag]           5.0.1      -> 5.0.1
 * [new tag]           5.1.0      -> 5.1.0
 * [new tag]           5.1.1      -> 5.1.1
 * [new tag]           5.1.10     -> 5.1.10
 * [new tag]           5.1.11     -> 5.1.11
 * [new tag]           5.2.0      -> 5.2.0
 * [new tag]           5.2.1      -> 5.2.1
 * [new tag]           5.2.2      -> 5.2.2
 * [new tag]           5.2.3      -> 5.2.3
 * [new tag]           5.2.4      -> 5.2.4
 * [new tag]           5.3.0      -> 5.3.0
 * [new tag]           5.4.0      -> 5.4.0
 * [new tag]           5.4.1      -> 5.4.1
 * [new tag]           5.5.0      -> 5.5.0
 * [new tag]           5.6.0      -> 5.6.0
 * [new tag]           5.6.1      -> 5.6.1
 * [new tag]           5.6.2      -> 5.6.2
 * [new tag]           5.7.0      -> 5.7.0
 * [new tag]           5.7.1      -> 5.7.1
 * [new tag]           5.8.0      -> 5.8.0
 * [new tag]           5.8.1      -> 5.8.1
 * [new tag]           5.8.2      -> 5.8.2
 * [new tag]           5.9.0      -> 5.9.0
Building the following tags: 5.9.0 origin/master (latest tag is 5.9.0)
Skipping repository .go/pkg/dep/sources/https---github.com-linuxkit-linuxkit
Skipping repository .go/pkg/dep/sources/https---github.com-moby-hyperkit
Skipping repository .go/pkg/dep/sources/https---github.com-gorilla-context
Skipping repository .go/pkg/dep/sources/https---github.com-theupdateframework-notary
Skipping repository .go/pkg/dep/sources/https---github.com-mitchellh-go--ps
Skipping repository .go/pkg/dep/sources/https---github.com-golang-appengine
Skipping repository .go/pkg/dep/sources/https---github.com-xeipuuv-gojsonschema
Skipping repository .go/pkg/dep/sources/https---go.googlesource.com-net
Skipping repository .go/pkg/dep/sources/https---github.com-xeipuuv-gojsonpointer
Skipping repository .go/pkg/dep/sources/https---github.com-Azure-azure--sdk--for--go
Skipping repository .go/pkg/dep/sources/https---github.com-moby-tool
Skipping repository .go/pkg/dep/sources/https---github.com-Azure-go--ansiterm
Skipping repository .go/pkg/dep/sources/https---github.com-moby-vpnkit
Skipping repository .go/pkg/dep/sources/https---github.com-moul-anonuuid
Skipping repository .go/pkg/dep/sources/https---github.com-Azure-go--autorest
Skipping repository .go/pkg/dep/sources/https---github.com-moul-gotty--client
Skipping repository .go/pkg/dep/sources/https---github.com-Microsoft-go--winio
Skipping repository .go/pkg/dep/sources/https---github.com-agl-ed25519
Skipping repository .go/pkg/dep/sources/https---github.com-aws-aws--sdk--go
Skipping repository .go/pkg/dep/sources/https---github.com-containerd-containerd
Skipping repository .go/pkg/dep/sources/https---github.com-opencontainers-go--digest
Skipping repository .go/pkg/dep/sources/https---github.com-opencontainers-image--spec
Skipping repository .go/pkg/dep/sources/https---github.com-opencontainers-runtime--spec
Skipping repository .go/pkg/dep/sources/https---github.com-packethost-packngo
Skipping repository .go/pkg/dep/sources/https---github.com-pkg-errors
Skipping repository .go/pkg/dep/sources/https---github.com-radu--matei-azure--sdk--for--go
Skipping repository .go/pkg/dep/sources/https---github.com-radu--matei-azure--vhd--utils
Skipping repository .go/pkg/dep/sources/https---github.com-renstrom-fuzzysearch
Skipping repository .go/pkg/dep/sources/https---github.com-rn-iso9660wrap
Skipping repository .go/pkg/dep/sources/https---github.com-creack-goselect
Skipping repository .go/pkg/dep/sources/https---github.com-dgrijalva-jwt--go
Skipping repository .go/pkg/dep/sources/https---github.com-docker-distribution
Skipping repository .go/pkg/dep/sources/https---github.com-docker-docker
Skipping repository .go/pkg/dep/sources/https---github.com-docker-go
Skipping repository .go/pkg/dep/sources/https---github.com-docker-go--connections
Skipping repository .go/pkg/dep/sources/https---github.com-docker-go--units
Skipping repository .go/pkg/dep/sources/https---github.com-jmespath-go--jmespath
Skipping repository .go/pkg/dep/sources/https---github.com-scaleway-go--scaleway
Skipping repository .go/pkg/dep/sources/https---github.com-go--ini-ini
Skipping repository .go/pkg/dep/sources/https---github.com-gorilla-mux
Skipping repository .go/pkg/dep/sources/https---github.com-gogo-protobuf
Skipping repository .go/pkg/dep/sources/https---github.com-gorilla-websocket
Skipping repository .go/pkg/dep/sources/https---github.com-vmware-govmomi
Skipping repository .go/pkg/dep/sources/https---github.com-sirupsen-logrus
Skipping repository .go/pkg/dep/sources/https---gopkg.in-yaml.v2
Skipping repository .go/pkg/dep/sources/https---github.com-golang-protobuf
Skipping repository .go/pkg/dep/sources/https---github.com-docker-go--p9p
Skipping repository .go/pkg/dep/sources/https---github.com-google-uuid
Skipping repository .go/pkg/dep/sources/https---github.com-gophercloud-gophercloud
Skipping repository .go/pkg/dep/sources/https---github.com-xeipuuv-gojsonreference
Skipping repository .go/pkg/dep/sources/https---github.com-moby-datakit
Skipping repository .go/pkg/dep/sources/https---github.com-surma-gocpio
Skipping repository .go/pkg/dep/sources/https---github.com-miekg-pkcs11
Skipping repository .go/pkg/dep/sources/https---go.googlesource.com-sync
Skipping repository .go/pkg/dep/sources/https---go.googlesource.com-oauth2
Skipping repository .go/pkg/dep/sources/https---code.googlesource.com-gocloud
Skipping repository .go/pkg/dep/sources/https---go.googlesource.com-sys
Skipping repository .go/pkg/dep/sources/https---go.googlesource.com-crypto
Skipping repository .go/pkg/dep/sources/https---code.googlesource.com-google--api--go--client
Skipping repository .go/pkg/dep/sources/https---github.com-census--instrumentation-opencensus--go
Skipping repository .go/pkg/dep/sources/https---github.com-googleapis-gax--go
Skipping repository .go/pkg/dep/sources/https---github.com-grpc-grpc--go
Skipping repository .go/pkg/dep/sources/https---github.com-konsorten-go--windows--terminal--sequences
Skipping repository .go/pkg/dep/sources/https---github.com-golang-groupcache
Skipping repository .go/pkg/dep/sources/https---github.com-google-go--genproto
Skipping repository .go/pkg/dep/sources/https---go.googlesource.com-text
HEAD is now at 5d02bd95 Setting default server to prod
Creating go builder image for user zededa-ci
eve-build-zededa-ci docker container is ready to use
Done building /home/zededa-ci/src/eve/build-tools/bin/linuxkit
Building and pushing "lfedge/eve-acrn:5.9.0"
5.9.0: Pulling from lfedge/eve-acrn
Digest: sha256:f934e752b6ba5f123cd96b3196a1d27e95e575138474455c3b487661003fbf84
Status: Image is up to date for lfedge/eve-acrn:5.9.0
Building and pushing "lfedge/eve-acrn-kernel:5.9.0"
5.9.0: Pulling from lfedge/eve-acrn-kernel
Digest: sha256:2322a8264b570edbb10b268bbad8ae88ba3e2731a3df3f2f7dfef08f88924231
Status: Image is up to date for lfedge/eve-acrn-kernel:5.9.0
Building and pushing "lfedge/eve-alpine:5.9.0"
5.9.0: Pulling from lfedge/eve-alpine
Digest: sha256:02d09fdb2e3236bfbc2167193d021a610968170a33edc1d6b95c628677c666fc
Status: Image is up to date for lfedge/eve-alpine:5.9.0
Building and pushing "lfedge/eve-debug:5.9.0"
5.9.0: Pulling from lfedge/eve-debug
Digest: sha256:a8f04ba639c32a95974024f8fe71c567754ebf32cf579d064cff0523252056ef
Status: Image is up to date for lfedge/eve-debug:5.9.0
Building and pushing "lfedge/eve-dnsmasq:5.9.0"
5.9.0: Pulling from lfedge/eve-dnsmasq
Digest: sha256:ac7a1132c57d8c1e1c56194c021355bd889ed1f702f3bd105520f51f7cf4da03
Status: Image is up to date for lfedge/eve-dnsmasq:5.9.0
Building and pushing "lfedge/eve-dom0-ztools:5.9.0"
5.9.0: Pulling from lfedge/eve-dom0-ztools
Digest: sha256:0ee73366cc60d30d7f1e75b8bf677647a5e00e4a00d556c3d20cf8207b6afd46
Status: Image is up to date for lfedge/eve-dom0-ztools:5.9.0
Building and pushing "lfedge/eve-fw:5.9.0"
5.9.0: Pulling from lfedge/eve-fw
Digest: sha256:28c1eac90004b8b107be6b461e4a332c9ff79452de18cce1bdafcb434d203621
Status: Image is up to date for lfedge/eve-fw:5.9.0
Building and pushing "lfedge/eve-gpt-tools:5.9.0"
5.9.0: Pulling from lfedge/eve-gpt-tools
Digest: sha256:4a54552de7b55ab3559508b280d69e35084c433ad32d6281512aabd38d61d0a0
Status: Image is up to date for lfedge/eve-gpt-tools:5.9.0
Building and pushing "lfedge/eve-grub:5.9.0"
5.9.0: Pulling from lfedge/eve-grub
Digest: sha256:1193c0da5691f2ca7738267182446fb024c175c4adbe0abf856eb6389c869127
Status: Image is up to date for lfedge/eve-grub:5.9.0
Building and pushing "lfedge/eve-guacd:5.9.0"
5.9.0: Pulling from lfedge/eve-guacd
Digest: sha256:79afff348b6ae49856874c50f3e3d6db00b31a1fa923b9c06c72448048b01fb1
Status: Image is up to date for lfedge/eve-guacd:5.9.0
Building and pushing "lfedge/eve-k3s:5.9.0"
5.9.0: Pulling from lfedge/eve-k3s
Digest: sha256:878feeee4e4026b8ab4611e1c8bb3b097f5623508b5f45e24098e5b0cd0ffe09
Status: Image is up to date for lfedge/eve-k3s:5.9.0
Building and pushing "lfedge/eve-kernel:5.9.0"
5.9.0: Pulling from lfedge/eve-kernel
Digest: sha256:a4ae8c8d45bdab4d4d644591834ae07e7b68d6e58ce8657c248819bdc9697b37
Status: Image is up to date for lfedge/eve-kernel:5.9.0
Building and pushing "lfedge/eve-lisp:5.9.0"
5.9.0: Pulling from lfedge/eve-lisp
Digest: sha256:7010b8393bc1a56d0ee3e7b372edc311f0dc743aec01440a037a7354acf65a35
Status: Image is up to date for lfedge/eve-lisp:5.9.0
Building and pushing "lfedge/eve-mkconf:5.9.0"
5.9.0: Pulling from lfedge/eve-mkconf
Digest: sha256:374d51146d13d77b04c08c01cad0696111d6dee87e2e809148b95c4a16801dcb
Status: Image is up to date for lfedge/eve-mkconf:5.9.0
Building and pushing "lfedge/eve-mkimage-iso-efi:5.9.0"
5.9.0: Pulling from lfedge/eve-mkimage-iso-efi
Digest: sha256:5345adb8a77244945d8a4570527020ad329e3481e224f9a90069312e461f4b6d
Status: Image is up to date for lfedge/eve-mkimage-iso-efi:5.9.0
Building and pushing "lfedge/eve-mkimage-raw-efi:5.9.0"
5.9.0: Pulling from lfedge/eve-mkimage-raw-efi
Digest: sha256:c163d1c04137edc524d7a94aa6001792ca79b85419ebe35b15637dba03f14606
Status: Image is up to date for lfedge/eve-mkimage-raw-efi:5.9.0
Building and pushing "lfedge/eve-mkrootfs-ext4:5.9.0"
5.9.0: Pulling from lfedge/eve-mkrootfs-ext4
Digest: sha256:27d76266ed4766e7ea8cbc1e4236a0e1ca090bbd8bcbc911d53df4efefa330cb
Status: Image is up to date for lfedge/eve-mkrootfs-ext4:5.9.0
Building and pushing "lfedge/eve-mkrootfs-squash:5.9.0"
5.9.0: Pulling from lfedge/eve-mkrootfs-squash
Digest: sha256:302f850b06741c8216668250b856e64e651c9cfc11ce8e41c6d9370b79ddbcbe
Status: Image is up to date for lfedge/eve-mkrootfs-squash:5.9.0
Building and pushing "lfedge/eve-new-kernel:5.9.0"
5.9.0: Pulling from lfedge/eve-new-kernel
Digest: sha256:e7c41bb0a7428a89638c1d81c9f3c7833dec6b11b5cafa54560a4e89fb64380f
Status: Image is up to date for lfedge/eve-new-kernel:5.9.0
Building and pushing "lfedge/eve-strongswan:5.9.0"
5.9.0: Pulling from lfedge/eve-strongswan
Digest: sha256:0df3963ee1fd18b0ef0606a943090f366da31e4e2e33c98cae28839777af870f
Status: Image is up to date for lfedge/eve-strongswan:5.9.0
Building and pushing "lfedge/eve-pillar:5.9.0"
5.9.0: Pulling from lfedge/eve-pillar
Digest: sha256:2fe321c597b84728fffb67f978f06bdf83dd18d777ae719f978abd2ca9298278
Status: Image is up to date for lfedge/eve-pillar:5.9.0
Building and pushing "lfedge/eve-uefi:5.9.0"
5.9.0: Pulling from lfedge/eve-uefi
Digest: sha256:ebbc3291d16987dcb9ab5cd03d73cfbedacfe29d25ccc57a251a64192b719756
Status: Image is up to date for lfedge/eve-uefi:5.9.0
Building and pushing "lfedge/eve-xen-tools:5.9.0"
5.9.0: Pulling from lfedge/eve-xen-tools
Digest: sha256:aeb7307e00247c9b16a0930dd9d0e264bca6bb862c8288687741cece682deb28
Status: Image is up to date for lfedge/eve-xen-tools:5.9.0
Building and pushing "lfedge/eve-qrexec-lib:5.9.0"
5.9.0: Pulling from lfedge/eve-qrexec-lib
Digest: sha256:7a5b7a5f9d53a4acab5b6c281e0478783a85a069693fc773258f8ae0095e48e6
Status: Image is up to date for lfedge/eve-qrexec-lib:5.9.0
Building and pushing "lfedge/eve-qrexec-dom0:5.9.0"
5.9.0: Pulling from lfedge/eve-qrexec-dom0
Digest: sha256:1b68b0400e243f4214140213a3759a826778afc11244427c6ed28e15a7a04787
Status: Image is up to date for lfedge/eve-qrexec-dom0:5.9.0
Building and pushing "lfedge/eve-rngd:5.9.0"
5.9.0: Pulling from lfedge/eve-rngd
Digest: sha256:1385af3815787190db5fbc42cfc6ed1fd4358f1dc265655c38fb34d750beb71f
Status: Image is up to date for lfedge/eve-rngd:5.9.0
Building and pushing "lfedge/eve-rsyslog:5.9.0"
5.9.0: Pulling from lfedge/eve-rsyslog
Digest: sha256:05762e9c6343f745300fe8665dabed8c4f6c3603744b49ff53e012baca8361b2
Status: Image is up to date for lfedge/eve-rsyslog:5.9.0
Building and pushing "lfedge/eve-storage-init:5.9.0"
5.9.0: Pulling from lfedge/eve-storage-init
Digest: sha256:fb945840316379b3601ee93a0f4d87a0885d2dd668268697251c341e4b601fce
Status: Image is up to date for lfedge/eve-storage-init:5.9.0
Building and pushing "lfedge/eve-u-boot:5.9.0"
5.9.0: Pulling from lfedge/eve-u-boot
Digest: sha256:c4dc40ee13c1e5d45a77f8e7b03c03387bf580a6f2a2a05cc143fdb602f10c8c
Status: Image is up to date for lfedge/eve-u-boot:5.9.0
Building and pushing "lfedge/eve-vtpm:5.9.0"
5.9.0: Pulling from lfedge/eve-vtpm
Digest: sha256:5609724a317e5a9b1540ec0f23bedb07831247d7772867784644ab049fd128a1
Status: Image is up to date for lfedge/eve-vtpm:5.9.0
Building and pushing "lfedge/eve-watchdog:5.9.0"
5.9.0: Pulling from lfedge/eve-watchdog
Digest: sha256:54bac7a833525bc1034e4bf0970a445ec1f1956ac954e0751354e362a8811183
Status: Image is up to date for lfedge/eve-watchdog:5.9.0
Building and pushing "lfedge/eve-wlan:5.9.0"
5.9.0: Pulling from lfedge/eve-wlan
Digest: sha256:8f3e4edc9972c65b012e07026efaa98c5121394796c3cbb99b932c61b554aa37
Status: Image is up to date for lfedge/eve-wlan:5.9.0
Building and pushing "lfedge/eve-wwan:5.9.0"
5.9.0: Pulling from lfedge/eve-wwan
Digest: sha256:b233b0cf72c9dd7ed05a7490b3f953ed4df043cf82f478a4b22aef01e92ea908
Status: Image is up to date for lfedge/eve-wwan:5.9.0
Building and pushing "lfedge/eve-xen:5.9.0"
5.9.0: Pulling from lfedge/eve-xen
Digest: sha256:8b61e4955ead4cef3cbdb9f926ce4a2bfe60557ec6eae1d4e0b74f0d7e40776e
Status: Image is up to date for lfedge/eve-xen:5.9.0
Done building packages
rm pkg/qrexec-dom0/Dockerfile pkg/xen-tools/Dockerfile pkg/qrexec-lib/Dockerfile pkg/pillar/Dockerfile
Creating go builder image for user zededa-ci
eve-build-zededa-ci docker container is ready to use
mkdir -p /home/zededa-ci/src/eve/dist/arm64
cd /home/zededa-ci/src/eve/dist/arm64 ; _() { C=`docker create $1 fake` ; shift ; docker export $C | tar -xf - "$@" ; docker rm $C ; } ; _ lfedge/eve-uefi:279fad09317f1f87099e91ab2dac7c0ecfad5410-arm64 OVMF.fd
5e883a184f2d08d41ac9fcd6104eb23e600cc3a12cb86e89dda54f46eb5cb390
cd /home/zededa-ci/src/eve/dist/arm64 ; _() { C=`docker create $1 fake` ; shift ; docker export $C | tar -xf - "$@" ; docker rm $C ; } ; _ lfedge/eve-uefi:279fad09317f1f87099e91ab2dac7c0ecfad5410-arm64 OVMF_CODE.fd
tar: OVMF_CODE.fd: Not found in archive
tar: Exiting with failure status due to previous errors
d6d24214ebacbb3afc80d1757950094e3ecf672f916d706a987bb8286ae63c86
cd /home/zededa-ci/src/eve/dist/arm64 ; _() { C=`docker create $1 fake` ; shift ; docker export $C | tar -xf - "$@" ; docker rm $C ; } ; _ lfedge/eve-uefi:279fad09317f1f87099e91ab2dac7c0ecfad5410-arm64 OVMF_VARS.fd
ddea6891edee94120a4d1033d0c6bb403850371b31cb4d4841040ede2cf07789
mkdir -p /home/zededa-ci/src/eve/dist/arm64/installer
cd /home/zededa-ci/src/eve/dist/arm64/installer ; _() { C=`docker create $1 fake` ; shift ; docker export $C | tar -xf - "$@" ; docker rm $C ; } ; _ lfedge/eve-grub:ff333a29ed1c22b0161d2230f8275a741496362c-arm64 EFI
782b1a83c00055aaaaf52d1821138fc097b6a1179564ed2c4335b0d6553806db
./tools/makeconfig.sh /home/zededa-ci/src/eve/dist/arm64/installer/config.img conf/authorized_keys conf/DevicePortConfig conf/grub.cfg conf/onboard.cert.pem conf/onboard.key.pem conf/root-certificate.pem conf/server conf/v2tlsbaseroot-certificates.pem
1024+0 records in
1024+0 records out
mkfs.fat 4.1 (2017-01-24)
/config.img has 64 heads and 32 sectors per track,
hidden sectors 0x0000;
logical sector size is 512,
using 0xf8 media descriptor, with 2048 sectors;
drive number 0x80;
filesystem has 2 12-bit FATs and 4 sectors per cluster.
FAT size is 2 sectors, and provides 502 clusters.
There is 1 reserved sector.
Root directory contains 512 slots and uses 32 sectors.
Volume ID is c3f74497, volume label EVE        .
cd /home/zededa-ci/src/eve/dist/arm64/installer ; _() { C=`docker create $1 fake` ; shift ; docker export $C | tar -xf - "$@" ; docker rm $C ; } ; _ lfedge/eve-mkimage-raw-efi:73d534381d5d3df4fb08cacb03022ce4754efda8-arm64 initrd.img EFI
020aae714f993f93f1205ab973a2f14b5342183b1c7dec0e724f07e9b435233c
Done building /home/zededa-ci/src/eve/build-tools/bin/linuxkit
patching file images/rootfs-rpi-xen.yml.in.sed (read from images/rootfs.yml.in)
./tools/makerootfs.sh images/rootfs-rpi-xen.yml /home/zededa-ci/src/eve/dist/arm64/installer/rootfs-5.9.0-rpi-xen-arm64.squash squash
Extract kernel image: lfedge/eve-new-kernel:5.9.0-arm64
Add init containers:
Process init image: linuxkit/init:v0.5-arm64
time="2020-08-16T08:04:01+02:00" level=warning msg="targets metadata is nearing expiry, you should re-sign the role metadata"
time="2020-08-16T08:04:01+02:00" level=warning msg="targets/justin metadata is nearing expiry, you should re-sign the role metadata"
Process init image: linuxkit/runc:f79954950022fea76b8b6f10de58cb48e4fb3878-arm64
time="2020-08-16T08:04:09+02:00" level=error msg="Metadata for targets/riyaz expired"
time="2020-08-16T08:04:09+02:00" level=error msg="Metadata for targets/riyaz expired"
time="2020-08-16T08:04:09+02:00" level=warning msg="Error getting targets/riyaz: targets/riyaz expired at Mon May 25 15:32:34 -0700 2020"
time="2020-08-16T08:04:09+02:00" level=warning msg="targets metadata is nearing expiry, you should re-sign the role metadata"
time="2020-08-16T08:04:09+02:00" level=warning msg="targets/justin metadata is nearing expiry, you should re-sign the role metadata"
Process init image: linuxkit/containerd:6ef473a228db6f6ee163f9b9a051102a1552a4ef-arm64
time="2020-08-16T08:04:17+02:00" level=error msg="Metadata for targets/riyaz expired"
time="2020-08-16T08:04:17+02:00" level=error msg="Metadata for targets/riyaz expired"
time="2020-08-16T08:04:17+02:00" level=warning msg="Error getting targets/riyaz: targets/riyaz expired at Sat Jun 6 08:35:43 -0700 2020"
time="2020-08-16T08:04:17+02:00" level=warning msg="targets metadata is nearing expiry, you should re-sign the role metadata"
time="2020-08-16T08:04:17+02:00" level=warning msg="targets/justin metadata is nearing expiry, you should re-sign the role metadata"
Process init image: linuxkit/getty:v0.5-arm64
time="2020-08-16T08:04:25+02:00" level=error msg="Metadata for targets/justin expired"
time="2020-08-16T08:04:25+02:00" level=error msg="Metadata for targets/justin expired"
time="2020-08-16T08:04:25+02:00" level=warning msg="Error getting targets/justin: targets/justin expired at Thu Jul 30 20:41:57 +0100 2020"
time="2020-08-16T08:04:25+02:00" level=warning msg="targets metadata is nearing expiry, you should re-sign the role metadata"
time="2020-08-16T08:04:25+02:00" level=warning msg="targets/riyaz metadata is nearing expiry, you should re-sign the role metadata"
Process init image: linuxkit/memlogd:v0.5-arm64
Process init image: lfedge/eve-grub:5.9.0-arm64
Process init image: lfedge/eve-fw:5.9.0-arm64
Process init image: lfedge/eve-xen:5.9.0-arm64
Process init image: lfedge/eve-gpt-tools:5.9.0-arm64
Process init image: lfedge/eve-dom0-ztools:5.9.0-arm64
Add onboot containers:
  Create OCI config for lfedge/eve-storage-init:5.9.0-arm64
  Create OCI config for linuxkit/sysctl:v0.5-arm64
time="2020-08-16T08:04:55+02:00" level=warning msg="targets metadata is nearing expiry, you should re-sign the role metadata"
time="2020-08-16T08:04:55+02:00" level=warning msg="targets/justin metadata is nearing expiry, you should re-sign the role metadata"
time="2020-08-16T08:04:55+02:00" level=warning msg="targets/ian metadata is nearing expiry, you should re-sign the role metadata"
  Create OCI config for lfedge/eve-rngd:5.9.0-arm64
  Create OCI config for linuxkit/modprobe:v0.5-arm64
time="2020-08-16T08:05:03+02:00" level=warning msg="targets metadata is nearing expiry, you should re-sign the role metadata"
time="2020-08-16T08:05:03+02:00" level=warning msg="targets/ian metadata is nearing expiry, you should re-sign the role metadata"
Add service containers:
  Create OCI config for lfedge/eve-rsyslog:5.9.0-arm64
  Create OCI config for linuxkit/openntpd:v0.5-arm64
time="2020-08-16T08:05:12+02:00" level=error msg="Metadata for targets/justin expired"
time="2020-08-16T08:05:13+02:00" level=error msg="Metadata for targets/justin expired"
time="2020-08-16T08:05:13+02:00" level=warning msg="Error getting targets/justin: targets/justin expired at Fri Jul 24 16:25:30 +0100 2020"
time="2020-08-16T08:05:13+02:00" level=error msg="Metadata for targets/riyaz expired"
time="2020-08-16T08:05:13+02:00" level=error msg="Metadata for targets/riyaz expired"
time="2020-08-16T08:05:13+02:00" level=warning msg="Error getting targets/riyaz: targets/riyaz expired at Mon May 25 15:06:33 -0700 2020"
time="2020-08-16T08:05:13+02:00" level=warning msg="targets metadata is nearing expiry, you should re-sign the role metadata"
time="2020-08-16T08:05:13+02:00" level=warning msg="targets/ian metadata is nearing expiry, you should re-sign the role metadata"
  Create OCI config for linuxkit/sshd:v0.5-arm64
time="2020-08-16T08:05:19+02:00" level=error msg="Metadata for targets/justin expired"
time="2020-08-16T08:05:19+02:00" level=error msg="Metadata for targets/justin expired"
time="2020-08-16T08:05:19+02:00" level=warning msg="Error getting targets/justin: targets/justin expired at Fri May 29 15:28:54 +0100 2020"
time="2020-08-16T08:05:19+02:00" level=error msg="Metadata for targets/riyaz expired"
time="2020-08-16T08:05:20+02:00" level=error msg="Metadata for targets/riyaz expired"
time="2020-08-16T08:05:20+02:00" level=warning msg="Error getting targets/riyaz: targets/riyaz expired at Sun Jul 19 14:46:17 -0700 2020"
time="2020-08-16T08:05:20+02:00" level=warning msg="targets metadata is nearing expiry, you should re-sign the role metadata"
  Create OCI config for lfedge/eve-wwan:5.9.0-arm64
  Create OCI config for lfedge/eve-wlan:5.9.0-arm64
  Create OCI config for lfedge/eve-lisp:5.9.0-arm64
  Create OCI config for lfedge/eve-guacd:5.9.0-arm64
  Create OCI config for lfedge/eve-pillar:5.9.0-arm64
  Create OCI config for lfedge/eve-vtpm:5.9.0-arm64
  Create OCI config for lfedge/eve-watchdog:5.9.0-arm64
  Create OCI config for lfedge/eve-xen-tools:5.9.0-arm64
Add files:
  /etc/eve-release
Parallel mksquashfs: Using 4 processors
Creating 4.0 filesystem on /rootfs.img, block size 131072.
[======================-                                     ]  8300/21872  37%[=======================\                                    ]  8600/21872  39%[================================================|           ] 17800/21872  81%[===========================================================|] 21872/21872 100%

Exportable Squashfs 4.0 filesystem, gzip compressed, data block size 131072
	compressed data, compressed metadata, compressed fragments, compressed xattrs
	duplicates are removed
Filesystem size 245680.56 Kbytes (239.92 Mbytes)
	33.23% of uncompressed filesystem size (739364.92 Kbytes)
Inode table size 247486 bytes (241.69 Kbytes)
	25.10% of uncompressed inode table size (986068 bytes)
Directory table size 269418 bytes (263.10 Kbytes)
	45.64% of uncompressed directory table size (590267 bytes)
Number of duplicate files found 8734
Number of inodes 25357
Number of files 17280
Number of fragments 749
Number of symbolic links  5980
Number of device nodes 4
Number of fifo nodes 0
Number of socket nodes 0
Number of directories 2093
Number of ids (unique uids + gids) 3
Number of uids 1
	root (0)
Number of gids 3
	root (0)
	shadow (42)
	tty (5)
cd /home/zededa-ci/src/eve/dist/arm64/installer ; _() { C=`docker create $1 fake` ; shift ; docker export $C | tar -xf - "$@" ; docker rm $C ; } ; _ lfedge/eve-u-boot:d4c47072ebe9022d8bfd9e41077b755afd7520d8-arm64 boot
afe03f9a289f41ca61c1bf91695797b60416a467261fd2567c2ad2026426d4d0
cp pkg/eve/build.yml pkg/eve/runme.sh images/*.yml /home/zededa-ci/src/eve/dist/arm64
EVE_HASH=5.9.0 DOCKER_ARCH_TAG=arm64 ./tools/parse-pkgs.sh pkg/eve/Dockerfile.in > /home/zededa-ci/src/eve/dist/arm64/Dockerfile
/home/zededa-ci/src/eve/build-tools/bin/linuxkit pkg push --disable-content-trust --hash-path /home/zededa-ci/src/eve --hash 5.9.0-rpi-xen --release latest --force --disable-cache /home/zededa-ci/src/eve/dist/arm64
Building and pushing "lfedge/eve:5.9.0-rpi-xen"
Sending build context to Docker daemon  267.2MB
Step 1/17 : FROM alpine:3.9.4 as tools
 ---> ce544de9ee2c
Step 2/17 : RUN mkdir -p /out/etc/apk /out/boot && cp -r /etc/apk/* /out/etc/apk/
 ---> Running in 1419dd28942f
 ---> 9596c273c82f
Removing intermediate container 1419dd28942f
Step 3/17 : RUN apk add --no-cache --initdb -p /out qemu-img=3.1.0-r3 tar=1.32-r0
 ---> Running in efce7a9afd5e
fetch http://dl-cdn.alpinelinux.org/alpine/v3.9/main/aarch64/APKINDEX.tar.gz
fetch http://dl-cdn.alpinelinux.org/alpine/v3.9/community/aarch64/APKINDEX.tar.gz
(1/19) Installing libaio (0.3.111-r0)
(2/19) Installing musl (1.1.20-r5)
(3/19) Installing busybox (1.29.3-r10)
Executing busybox-1.29.3-r10.post-install
(4/19) Installing libffi (3.2.1-r6)
(5/19) Installing libintl (0.19.8.1-r4)
(6/19) Installing libuuid (2.33-r0)
(7/19) Installing libblkid (2.33-r0)
(8/19) Installing libmount (2.33-r0)
(9/19) Installing pcre (8.42-r1)
(10/19) Installing zlib (1.2.11-r1)
(11/19) Installing glib (2.58.1-r3)
(12/19) Installing gmp (6.1.2-r1)
(13/19) Installing nettle (3.4.1-r0)
(14/19) Installing p11-kit (0.23.14-r0)
(15/19) Installing libtasn1 (4.14-r0)
(16/19) Installing libunistring (0.9.10-r0)
(17/19) Installing gnutls (3.6.14-r0)
(18/19) Installing qemu-img (3.1.0-r3)
(19/19) Installing tar (1.32-r0)
Executing busybox-1.29.3-r10.trigger
Executing glib-2.58.1-r3.trigger
OK: 16 MiB in 19 packages
 ---> 5cf6335e6ea8
Removing intermediate container efce7a9afd5e
Step 4/17 : FROM lfedge/eve-mkimage-iso-efi:5.9.0-arm64 as iso
 ---> 00c4193078ca
Step 5/17 : FROM lfedge/eve-mkimage-raw-efi:5.9.0-arm64 as raw
 ---> 75615f648e48
Step 6/17 : RUN rm /initrd.img
 ---> Running in 5d36e274bd33
 ---> 3ee57902515d
Removing intermediate container 5d36e274bd33
Step 7/17 : FROM lfedge/eve-mkconf:5.9.0-arm64 as conf
 ---> 01c4d3e1f9a4
Step 8/17 : COPY --from=iso / /
 ---> d10b2200196a
Step 9/17 : COPY --from=raw / /
 ---> 8643a4418463
Step 10/17 : COPY --from=tools /out/ /
 ---> 56392866a3bf
Step 11/17 : COPY installer /bits
 ---> e2e72c5a3396
Step 12/17 : COPY OVMF* /firmware/
 ---> 4582ab2e672a
Step 13/17 : COPY runme.sh /
 ---> b2a377616ff1
Step 14/17 : RUN mkdir /in /out
 ---> Running in 44860b49a788
 ---> dbf56b50f974
Removing intermediate container 44860b49a788
Step 15/17 : WORKDIR /bits
 ---> f46a0fbac9ba
Removing intermediate container e13d0397fa0d
Step 16/17 : ENTRYPOINT /runme.sh
 ---> Running in 8a98b594fb06
 ---> 272427a09734
Removing intermediate container 8a98b594fb06
Step 17/17 : LABEL org.mobyproject.linuxkit.revision 'unknown' org.mobyproject.linuxkit.version 'unknown' org.opencontainers.image.revision '5d02bd951273aa5dc44a6fcddfa43326cf44bedd' org.opencontainers.image.source 'https://github.com/linuxkit/linuxkit'
 ---> Running in 0697a9bb69e5
 ---> 560118af7e02
Removing intermediate container 0697a9bb69e5
Successfully built 560118af7e02
Successfully tagged lfedge/eve:5.9.0-rpi-xen-arm64
Pushing lfedge/eve:5.9.0-rpi-xen-arm64
The push refers to a repository [docker.io/lfedge/eve]
7262ef0ea4c0: Preparing
818342c6bd29: Preparing
757f689563fb: Preparing
6248e1e61403: Preparing
d41e6b86cb96: Preparing
79d91e14d8af: Preparing
5c1764b243b5: Preparing
4cf08b7b18c4: Preparing
79d91e14d8af: Waiting
5c1764b243b5: Waiting
4cf08b7b18c4: Waiting
818342c6bd29: Pushed
7262ef0ea4c0: Pushed
79d91e14d8af: Layer already exists
5c1764b243b5: Layer already exists
4cf08b7b18c4: Layer already exists
757f689563fb: Pushed
d41e6b86cb96: Pushed
6248e1e61403: Pushed
5.9.0-rpi-xen-arm64: digest: sha256:89ec164e1d328801b0886ac1d98ab08d1e102146feb33d99819f2855ff693e36 size: 1999
Pushing lfedge/eve:5.9.0-rpi-xen-arm64 to manifest lfedge/eve:5.9.0-rpi-xen
time="2020-08-16T08:09:49+02:00" level=warning msg="Couldn't find or access image reference \"lfedge/eve:5.9.0-rpi-xen-amd64\". Skipping image."
time="2020-08-16T08:09:52+02:00" level=warning msg="Couldn't find or access image reference \"lfedge/eve:5.9.0-rpi-xen-s390x\". Skipping image."
Digest: sha256:e6e3fc54f9d29b59b33d7195d48f2b2c2583beae492382d6883a28d58f89189e 434
Not signing lfedge/eve:5.9.0-rpi-xen
Tagging lfedge/eve:5.9.0-rpi-xen-arm64 as lfedge/eve:latest-arm64
Pushing lfedge/eve:latest-arm64
The push refers to a repository [docker.io/lfedge/eve]
7262ef0ea4c0: Preparing
818342c6bd29: Preparing
757f689563fb: Preparing
6248e1e61403: Preparing
d41e6b86cb96: Preparing
79d91e14d8af: Preparing
5c1764b243b5: Preparing
4cf08b7b18c4: Preparing
79d91e14d8af: Waiting
5c1764b243b5: Waiting
4cf08b7b18c4: Waiting
6248e1e61403: Layer already exists
818342c6bd29: Layer already exists
7262ef0ea4c0: Layer already exists
757f689563fb: Layer already exists
d41e6b86cb96: Layer already exists
79d91e14d8af: Layer already exists
4cf08b7b18c4: Layer already exists
5c1764b243b5: Layer already exists
latest-arm64: digest: sha256:89ec164e1d328801b0886ac1d98ab08d1e102146feb33d99819f2855ff693e36 size: 1999
Pushing lfedge/eve:latest-arm64 to manifest lfedge/eve:latest
time="2020-08-16T08:10:05+02:00" level=warning msg="Couldn't find or access image reference \"lfedge/eve:latest-s390x\". Skipping image."
Digest: sha256:b2a4a98d9e46c6e115fc8a517c06d766c7ea72714aef36b3aec2d1d7abe0e3c1 743
Not signing lfedge/eve:latest
Build, push and release of "latest" complete, all done.
rm images/rootfs-rpi-xen.yml.in images/rootfs-rpi-xen.yml
Creating go builder image for user zededa-ci
eve-build-zededa-ci docker container is ready to use
mkdir -p /home/zededa-ci/src/eve/dist/arm64
cd /home/zededa-ci/src/eve/dist/arm64 ; _() { C=`docker create $1 fake` ; shift ; docker export $C | tar -xf - "$@" ; docker rm $C ; } ; _ lfedge/eve-uefi:279fad09317f1f87099e91ab2dac7c0ecfad5410-arm64 OVMF.fd
6e0b0d76dd159f6b52533e7683c8b85e983630865734989e29ce6c6e229b0f73
cd /home/zededa-ci/src/eve/dist/arm64 ; _() { C=`docker create $1 fake` ; shift ; docker export $C | tar -xf - "$@" ; docker rm $C ; } ; _ lfedge/eve-uefi:279fad09317f1f87099e91ab2dac7c0ecfad5410-arm64 OVMF_CODE.fd
tar: OVMF_CODE.fd: Not found in archive
tar: Exiting with failure status due to previous errors
5c111bb7a842b09c9b58ff811af0d0e21710c1ce2eaded2782f3c08885e17337
cd /home/zededa-ci/src/eve/dist/arm64 ; _() { C=`docker create $1 fake` ; shift ; docker export $C | tar -xf - "$@" ; docker rm $C ; } ; _ lfedge/eve-uefi:279fad09317f1f87099e91ab2dac7c0ecfad5410-arm64 OVMF_VARS.fd
553437c6a0fa44d956f4e647c6aa807eb58c943fc664746f48386e1eacc16f5a
mkdir -p /home/zededa-ci/src/eve/dist/arm64/installer
cd /home/zededa-ci/src/eve/dist/arm64/installer ; _() { C=`docker create $1 fake` ; shift ; docker export $C | tar -xf - "$@" ; docker rm $C ; } ; _ lfedge/eve-grub:ff333a29ed1c22b0161d2230f8275a741496362c-arm64 EFI
b9009c5c3e02932960a6bcd581d268db30613432060a551ac8eb6d3cd7756922
./tools/makeconfig.sh /home/zededa-ci/src/eve/dist/arm64/installer/config.img conf/authorized_keys conf/DevicePortConfig conf/grub.cfg conf/onboard.cert.pem conf/onboard.key.pem conf/root-certificate.pem conf/server conf/v2tlsbaseroot-certificates.pem
1024+0 records in
1024+0 records out
mkfs.fat 4.1 (2017-01-24)
/config.img has 64 heads and 32 sectors per track,
hidden sectors 0x0000;
logical sector size is 512,
using 0xf8 media descriptor, with 2048 sectors;
drive number 0x80;
filesystem has 2 12-bit FATs and 4 sectors per cluster.
FAT size is 2 sectors, and provides 502 clusters.
There is 1 reserved sector.
Root directory contains 512 slots and uses 32 sectors.
Volume ID is dca1e42f, volume label EVE        .
cd /home/zededa-ci/src/eve/dist/arm64/installer ; _() { C=`docker create $1 fake` ; shift ; docker export $C | tar -xf - "$@" ; docker rm $C ; } ; _ lfedge/eve-mkimage-raw-efi:73d534381d5d3df4fb08cacb03022ce4754efda8-arm64 initrd.img EFI
47028b01cd1a60a4dffd6eaa67f51974742019725fa7536be76d0209d2917ae0
Done building /home/zededa-ci/src/eve/build-tools/bin/linuxkit
patching file images/rootfs-rpi-kvm.yml.in.sed (read from images/rootfs.yml.in)
./tools/makerootfs.sh images/rootfs-rpi-kvm.yml /home/zededa-ci/src/eve/dist/arm64/installer/rootfs-5.9.0-rpi-kvm-arm64.squash squash
Extract kernel image: lfedge/eve-new-kernel:5.9.0-arm64
Add init containers:
Process init image: linuxkit/init:v0.5-arm64
time="2020-08-16T08:10:38+02:00" level=warning msg="targets/justin metadata is nearing expiry, you should re-sign the role metadata"
time="2020-08-16T08:10:38+02:00" level=warning msg="targets metadata is nearing expiry, you should re-sign the role metadata"
Process init image: linuxkit/runc:f79954950022fea76b8b6f10de58cb48e4fb3878-arm64
time="2020-08-16T08:10:44+02:00" level=error msg="Metadata for targets/riyaz expired"
time="2020-08-16T08:10:44+02:00" level=error msg="Metadata for targets/riyaz expired"
time="2020-08-16T08:10:44+02:00" level=warning msg="Error getting targets/riyaz: targets/riyaz expired at Mon May 25 15:32:34 -0700 2020"
time="2020-08-16T08:10:44+02:00" level=warning msg="targets metadata is nearing expiry, you should re-sign the role metadata"
time="2020-08-16T08:10:44+02:00" level=warning msg="targets/justin metadata is nearing expiry, you should re-sign the role metadata"
Process init image: linuxkit/containerd:6ef473a228db6f6ee163f9b9a051102a1552a4ef-arm64
time="2020-08-16T08:10:51+02:00" level=error msg="Metadata for targets/riyaz expired"
time="2020-08-16T08:10:51+02:00" level=error msg="Metadata for targets/riyaz expired"
time="2020-08-16T08:10:51+02:00" level=warning msg="Error getting targets/riyaz: targets/riyaz expired at Sat Jun 6 08:35:43 -0700 2020"
time="2020-08-16T08:10:51+02:00" level=warning msg="targets metadata is nearing expiry, you should re-sign the role metadata"
time="2020-08-16T08:10:51+02:00" level=warning msg="targets/justin metadata is nearing expiry, you should re-sign the role metadata"
Process init image: linuxkit/getty:v0.5-arm64
time="2020-08-16T08:10:58+02:00" level=error msg="Metadata for targets/justin expired"
time="2020-08-16T08:10:58+02:00" level=error msg="Metadata for targets/justin expired"
time="2020-08-16T08:10:58+02:00" level=warning msg="Error getting targets/justin: targets/justin expired at Thu Jul 30 20:41:57 +0100 2020"
time="2020-08-16T08:10:58+02:00" level=warning msg="targets/riyaz metadata is nearing expiry, you should re-sign the role metadata"
time="2020-08-16T08:10:58+02:00" level=warning msg="targets metadata is nearing expiry, you should re-sign the role metadata"
Process init image: linuxkit/memlogd:v0.5-arm64
Process init image: lfedge/eve-grub:5.9.0-arm64
Process init image: lfedge/eve-fw:5.9.0-arm64
Process init image: lfedge/eve-xen:5.9.0-arm64
Process init image: lfedge/eve-gpt-tools:5.9.0-arm64
Process init image: lfedge/eve-dom0-ztools:5.9.0-arm64
Add onboot containers:
  Create OCI config for lfedge/eve-storage-init:5.9.0-arm64
  Create OCI config for linuxkit/sysctl:v0.5-arm64
time="2020-08-16T08:11:27+02:00" level=warning msg="targets metadata is nearing expiry, you should re-sign the role metadata"
time="2020-08-16T08:11:27+02:00" level=warning msg="targets/justin metadata is nearing expiry, you should re-sign the role metadata"
time="2020-08-16T08:11:27+02:00" level=warning msg="targets/ian metadata is nearing expiry, you should re-sign the role metadata"
  Create OCI config for lfedge/eve-rngd:5.9.0-arm64
  Create OCI config for linuxkit/modprobe:v0.5-arm64
time="2020-08-16T08:11:34+02:00" level=warning msg="targets metadata is nearing expiry, you should re-sign the role metadata"
time="2020-08-16T08:11:34+02:00" level=warning msg="targets/ian metadata is nearing expiry, you should re-sign the role metadata"
Add service containers:
  Create OCI config for lfedge/eve-rsyslog:5.9.0-arm64
  Create OCI config for linuxkit/openntpd:v0.5-arm64
time="2020-08-16T08:11:42+02:00" level=error msg="Metadata for targets/justin expired"
time="2020-08-16T08:11:42+02:00" level=error msg="Metadata for targets/justin expired"
time="2020-08-16T08:11:42+02:00" level=warning msg="Error getting targets/justin: targets/justin expired at Fri Jul 24 16:25:30 +0100 2020"
time="2020-08-16T08:11:42+02:00" level=error msg="Metadata for targets/riyaz expired"
time="2020-08-16T08:11:42+02:00" level=error msg="Metadata for targets/riyaz expired"
time="2020-08-16T08:11:42+02:00" level=warning msg="Error getting targets/riyaz: targets/riyaz expired at Mon May 25 15:06:33 -0700 2020"
time="2020-08-16T08:11:42+02:00" level=warning msg="targets metadata is nearing expiry, you should re-sign the role metadata"
time="2020-08-16T08:11:42+02:00" level=warning msg="targets/ian metadata is nearing expiry, you should re-sign the role metadata"
  Create OCI config for linuxkit/sshd:v0.5-arm64
time="2020-08-16T08:11:48+02:00" level=error msg="Metadata for targets/justin expired"
time="2020-08-16T08:11:48+02:00" level=error msg="Metadata for targets/justin expired"
time="2020-08-16T08:11:48+02:00" level=warning msg="Error getting targets/justin: targets/justin expired at Fri May 29 15:28:54 +0100 2020"
time="2020-08-16T08:11:48+02:00" level=error msg="Metadata for targets/riyaz expired"
time="2020-08-16T08:11:48+02:00" level=error msg="Metadata for targets/riyaz expired"
time="2020-08-16T08:11:48+02:00" level=warning msg="Error getting targets/riyaz: targets/riyaz expired at Sun Jul 19 14:46:17 -0700 2020"
time="2020-08-16T08:11:48+02:00" level=warning msg="targets metadata is nearing expiry, you should re-sign the role metadata"
  Create OCI config for lfedge/eve-wwan:5.9.0-arm64
  Create OCI config for lfedge/eve-wlan:5.9.0-arm64
  Create OCI config for lfedge/eve-lisp:5.9.0-arm64
  Create OCI config for lfedge/eve-guacd:5.9.0-arm64
  Create OCI config for lfedge/eve-pillar:5.9.0-arm64
  Create OCI config for lfedge/eve-vtpm:5.9.0-arm64
  Create OCI config for lfedge/eve-watchdog:5.9.0-arm64
  Create OCI config for lfedge/eve-xen-tools:5.9.0-arm64
Add files:
  /etc/eve-release
Parallel mksquashfs: Using 4 processors
Creating 4.0 filesystem on /rootfs.img, block size 131072.
[======================-                                     ]  8300/21872  37%[===============================================|            ] 17500/21872  80%[===========================================================/] 21872/21872 100%

Exportable Squashfs 4.0 filesystem, gzip compressed, data block size 131072
	compressed data, compressed metadata, compressed fragments, compressed xattrs
	duplicates are removed
Filesystem size 245680.56 Kbytes (239.92 Mbytes)
	33.23% of uncompressed filesystem size (739364.92 Kbytes)
Inode table size 247473 bytes (241.67 Kbytes)
	25.10% of uncompressed inode table size (986068 bytes)
Directory table size 269442 bytes (263.13 Kbytes)
	45.65% of uncompressed directory table size (590267 bytes)
Number of duplicate files found 8734
Number of inodes 25357
Number of files 17280
Number of fragments 749
Number of symbolic links  5980
Number of device nodes 4
Number of fifo nodes 0
Number of socket nodes 0
Number of directories 2093
Number of ids (unique uids + gids) 3
Number of uids 1
	root (0)
Number of gids 3
	root (0)
	shadow (42)
	tty (5)
cd /home/zededa-ci/src/eve/dist/arm64/installer ; _() { C=`docker create $1 fake` ; shift ; docker export $C | tar -xf - "$@" ; docker rm $C ; } ; _ lfedge/eve-u-boot:d4c47072ebe9022d8bfd9e41077b755afd7520d8-arm64 boot
cec86c90b9e5e2b0ac679b258de061603d547d8fa741694bfd410682e23ebb1e
cp pkg/eve/build.yml pkg/eve/runme.sh images/*.yml /home/zededa-ci/src/eve/dist/arm64
EVE_HASH=5.9.0 DOCKER_ARCH_TAG=arm64 ./tools/parse-pkgs.sh pkg/eve/Dockerfile.in > /home/zededa-ci/src/eve/dist/arm64/Dockerfile
/home/zededa-ci/src/eve/build-tools/bin/linuxkit pkg push --disable-content-trust --hash-path /home/zededa-ci/src/eve --hash 5.9.0-rpi-kvm --release latest --force --disable-cache /home/zededa-ci/src/eve/dist/arm64
Building and pushing "lfedge/eve:5.9.0-rpi-kvm"
Sending build context to Docker daemon  267.2MB
Step 1/17 : FROM alpine:3.9.4 as tools
 ---> ce544de9ee2c
Step 2/17 : RUN mkdir -p /out/etc/apk /out/boot && cp -r /etc/apk/* /out/etc/apk/
 ---> Running in baf0a45d180d
 ---> 61ebf2ccfbe0
Removing intermediate container baf0a45d180d
Step 3/17 : RUN apk add --no-cache --initdb -p /out qemu-img=3.1.0-r3 tar=1.32-r0
 ---> Running in 492e6ad419b2
fetch http://dl-cdn.alpinelinux.org/alpine/v3.9/main/aarch64/APKINDEX.tar.gz
fetch http://dl-cdn.alpinelinux.org/alpine/v3.9/community/aarch64/APKINDEX.tar.gz
(1/19) Installing libaio (0.3.111-r0)
(2/19) Installing musl (1.1.20-r5)
(3/19) Installing busybox (1.29.3-r10)
Executing busybox-1.29.3-r10.post-install
(4/19) Installing libffi (3.2.1-r6)
(5/19) Installing libintl (0.19.8.1-r4)
(6/19) Installing libuuid (2.33-r0)
(7/19) Installing libblkid (2.33-r0)
(8/19) Installing libmount (2.33-r0)
(9/19) Installing pcre (8.42-r1)
(10/19) Installing zlib (1.2.11-r1)
(11/19) Installing glib (2.58.1-r3)
(12/19) Installing gmp (6.1.2-r1)
(13/19) Installing nettle (3.4.1-r0)
(14/19) Installing p11-kit (0.23.14-r0)
(15/19) Installing libtasn1 (4.14-r0)
(16/19) Installing libunistring (0.9.10-r0)
(17/19) Installing gnutls (3.6.14-r0)
(18/19) Installing qemu-img (3.1.0-r3)
(19/19) Installing tar (1.32-r0)
Executing busybox-1.29.3-r10.trigger
Executing glib-2.58.1-r3.trigger
OK: 16 MiB in 19 packages
 ---> 3eea8fb8e9d9
Removing intermediate container 492e6ad419b2
Step 4/17 : FROM lfedge/eve-mkimage-iso-efi:5.9.0-arm64 as iso
 ---> 00c4193078ca
Step 5/17 : FROM lfedge/eve-mkimage-raw-efi:5.9.0-arm64 as raw
 ---> 75615f648e48
Step 6/17 : RUN rm /initrd.img
 ---> Running in 3ba64b2a3bd3
 ---> 56a716906d13
Removing intermediate container 3ba64b2a3bd3
Step 7/17 : FROM lfedge/eve-mkconf:5.9.0-arm64 as conf
 ---> 01c4d3e1f9a4
Step 8/17 : COPY --from=iso / /
 ---> 1ccf1e451e07
Step 9/17 : COPY --from=raw / /
 ---> 517364da9f79
Step 10/17 : COPY --from=tools /out/ /
 ---> 718ae2471765
Step 11/17 : COPY installer /bits
 ---> bd2099778c4c
Step 12/17 : COPY OVMF* /firmware/
 ---> d16724a573d3
Step 13/17 : COPY runme.sh /
 ---> dffcd679ae65
Step 14/17 : RUN mkdir /in /out
 ---> Running in 1a09ee31fd71
 ---> 939576141bc9
Removing intermediate container 1a09ee31fd71
Step 15/17 : WORKDIR /bits
 ---> edbf6e1ebdca
Removing intermediate container c2a440abf9c6
Step 16/17 : ENTRYPOINT /runme.sh
 ---> Running in 3f44014e0846
 ---> 26fb4624102f
Removing intermediate container 3f44014e0846
Step 17/17 : LABEL org.mobyproject.linuxkit.revision 'unknown' org.mobyproject.linuxkit.version 'unknown' org.opencontainers.image.revision '5d02bd951273aa5dc44a6fcddfa43326cf44bedd' org.opencontainers.image.source 'https://github.com/linuxkit/linuxkit'
 ---> Running in a3d3c85d285b
 ---> 7a8c35fe5ec7
Removing intermediate container a3d3c85d285b
Successfully built 7a8c35fe5ec7
Successfully tagged lfedge/eve:5.9.0-rpi-kvm-arm64
Pushing lfedge/eve:5.9.0-rpi-kvm-arm64
The push refers to a repository [docker.io/lfedge/eve]
44cf08c50ebf: Preparing
f7b805496277: Preparing
2e9a52f3a24a: Preparing
c56ea2ed737b: Preparing
d4b65dda331d: Preparing
79d91e14d8af: Preparing
5c1764b243b5: Preparing
4cf08b7b18c4: Preparing
5c1764b243b5: Waiting
79d91e14d8af: Waiting
4cf08b7b18c4: Waiting
44cf08c50ebf: Pushed
f7b805496277: Pushed
2e9a52f3a24a: Pushed
79d91e14d8af: Layer already exists
5c1764b243b5: Layer already exists
4cf08b7b18c4: Layer already exists
d4b65dda331d: Pushed
c56ea2ed737b: Pushed
5.9.0-rpi-kvm-arm64: digest: sha256:088ef47c6c5f345231add4257549e9762bfbad435fa1f3ef6aa41ffed3884ac7 size: 1999
Pushing lfedge/eve:5.9.0-rpi-kvm-arm64 to manifest lfedge/eve:5.9.0-rpi-kvm
time="2020-08-16T08:16:53+02:00" level=warning msg="Couldn't find or access image reference \"lfedge/eve:5.9.0-rpi-kvm-amd64\". Skipping image."
time="2020-08-16T08:16:57+02:00" level=warning msg="Couldn't find or access image reference \"lfedge/eve:5.9.0-rpi-kvm-s390x\". Skipping image."
Digest: sha256:0415bd1084ab48f24f02bff5ddc2005246b0625a755cbe83d5aa7e5829b2d6f0 434
Not signing lfedge/eve:5.9.0-rpi-kvm
Tagging lfedge/eve:5.9.0-rpi-kvm-arm64 as lfedge/eve:latest-arm64
Pushing lfedge/eve:latest-arm64
The push refers to a repository [docker.io/lfedge/eve]
44cf08c50ebf: Preparing
f7b805496277: Preparing
2e9a52f3a24a: Preparing
c56ea2ed737b: Preparing
d4b65dda331d: Preparing
79d91e14d8af: Preparing
5c1764b243b5: Preparing
4cf08b7b18c4: Preparing
79d91e14d8af: Waiting
f7b805496277: Layer already exists
44cf08c50ebf: Layer already exists
d4b65dda331d: Layer already exists
79d91e14d8af: Layer already exists
5c1764b243b5: Layer already exists
4cf08b7b18c4: Layer already exists
2e9a52f3a24a: Pushed
c56ea2ed737b: Pushed
latest-arm64: digest: sha256:088ef47c6c5f345231add4257549e9762bfbad435fa1f3ef6aa41ffed3884ac7 size: 1999
Pushing lfedge/eve:latest-arm64 to manifest lfedge/eve:latest
time="2020-08-16T08:17:46+02:00" level=warning msg="Couldn't find or access image reference \"lfedge/eve:latest-s390x\". Skipping image."
Digest: sha256:69dd71498522549446f1927bfbbcc0d3d820faa6b0ff67fe5b535a389b479345 743
Not signing lfedge/eve:latest
Build, push and release of "latest" complete, all done.
rm images/rootfs-rpi-kvm.yml images/rootfs-rpi-kvm.yml.in
Creating go builder image for user zededa-ci
eve-build-zededa-ci docker container is ready to use
mkdir -p /home/zededa-ci/src/eve/dist/arm64
cd /home/zededa-ci/src/eve/dist/arm64 ; _() { C=`docker create $1 fake` ; shift ; docker export $C | tar -xf - "$@" ; docker rm $C ; } ; _ lfedge/eve-uefi:279fad09317f1f87099e91ab2dac7c0ecfad5410-arm64 OVMF.fd
4d8fd35df7da5e4bf958ca7092059e5aef14f93f7d77307eeff3c331dca3184a
cd /home/zededa-ci/src/eve/dist/arm64 ; _() { C=`docker create $1 fake` ; shift ; docker export $C | tar -xf - "$@" ; docker rm $C ; } ; _ lfedge/eve-uefi:279fad09317f1f87099e91ab2dac7c0ecfad5410-arm64 OVMF_CODE.fd
tar: OVMF_CODE.fd: Not found in archive
tar: Exiting with failure status due to previous errors
b82e9bdfc2f88a97acb2221a5be98b76531951e41887c3d828d15d53e9442a17
cd /home/zededa-ci/src/eve/dist/arm64 ; _() { C=`docker create $1 fake` ; shift ; docker export $C | tar -xf - "$@" ; docker rm $C ; } ; _ lfedge/eve-uefi:279fad09317f1f87099e91ab2dac7c0ecfad5410-arm64 OVMF_VARS.fd
da284839e394f8ee083715635d9178561178061c2c73cb69e9a6a1cd4448d49d
mkdir -p /home/zededa-ci/src/eve/dist/arm64/installer
cd /home/zededa-ci/src/eve/dist/arm64/installer ; _() { C=`docker create $1 fake` ; shift ; docker export $C | tar -xf - "$@" ; docker rm $C ; } ; _ lfedge/eve-grub:ff333a29ed1c22b0161d2230f8275a741496362c-arm64 EFI
d770a2d1fabaf2413e421990f773db220e8a727358383b4ea1a9e5ed154397fb
./tools/makeconfig.sh /home/zededa-ci/src/eve/dist/arm64/installer/config.img conf/authorized_keys conf/DevicePortConfig conf/grub.cfg conf/onboard.cert.pem conf/onboard.key.pem conf/root-certificate.pem conf/server conf/v2tlsbaseroot-certificates.pem
1024+0 records in
1024+0 records out
mkfs.fat 4.1 (2017-01-24)
/config.img has 64 heads and 32 sectors per track,
hidden sectors 0x0000;
logical sector size is 512,
using 0xf8 media descriptor, with 2048 sectors;
drive number 0x80;
filesystem has 2 12-bit FATs and 4 sectors per cluster.
FAT size is 2 sectors, and provides 502 clusters.
There is 1 reserved sector.
Root directory contains 512 slots and uses 32 sectors.
Volume ID is f9577590, volume label EVE        .
cd /home/zededa-ci/src/eve/dist/arm64/installer ; _() { C=`docker create $1 fake` ; shift ; docker export $C | tar -xf - "$@" ; docker rm $C ; } ; _ lfedge/eve-mkimage-raw-efi:73d534381d5d3df4fb08cacb03022ce4754efda8-arm64 initrd.img EFI
098ef61fcdac8cc43f824039764659135468b3b398757cdac181648f1e302c9e
Done building /home/zededa-ci/src/eve/build-tools/bin/linuxkit
./tools/makerootfs.sh images/rootfs-kvm.yml /home/zededa-ci/src/eve/dist/arm64/installer/rootfs-5.9.0-kvm-arm64.squash squash
Extract kernel image: lfedge/eve-kernel:5.9.0-arm64
Add init containers:
Process init image: linuxkit/init:v0.5-arm64
time="2020-08-16T08:18:12+02:00" level=warning msg="targets metadata is nearing expiry, you should re-sign the role metadata"
time="2020-08-16T08:18:12+02:00" level=warning msg="targets/justin metadata is nearing expiry, you should re-sign the role metadata"
Process init image: linuxkit/runc:f79954950022fea76b8b6f10de58cb48e4fb3878-arm64
time="2020-08-16T08:18:17+02:00" level=error msg="Metadata for targets/riyaz expired"
time="2020-08-16T08:18:17+02:00" level=error msg="Metadata for targets/riyaz expired"
time="2020-08-16T08:18:17+02:00" level=warning msg="Error getting targets/riyaz: targets/riyaz expired at Mon May 25 15:32:34 -0700 2020"
time="2020-08-16T08:18:17+02:00" level=warning msg="targets/justin metadata is nearing expiry, you should re-sign the role metadata"
time="2020-08-16T08:18:17+02:00" level=warning msg="targets metadata is nearing expiry, you should re-sign the role metadata"
Process init image: linuxkit/containerd:6ef473a228db6f6ee163f9b9a051102a1552a4ef-arm64
time="2020-08-16T08:18:22+02:00" level=error msg="Metadata for targets/riyaz expired"
time="2020-08-16T08:18:22+02:00" level=error msg="Metadata for targets/riyaz expired"
time="2020-08-16T08:18:22+02:00" level=warning msg="Error getting targets/riyaz: targets/riyaz expired at Sat Jun 6 08:35:43 -0700 2020"
time="2020-08-16T08:18:22+02:00" level=warning msg="targets metadata is nearing expiry, you should re-sign the role metadata"
time="2020-08-16T08:18:22+02:00" level=warning msg="targets/justin metadata is nearing expiry, you should re-sign the role metadata"
Process init image: linuxkit/getty:v0.5-arm64
time="2020-08-16T08:18:27+02:00" level=error msg="Metadata for targets/justin expired"
time="2020-08-16T08:18:27+02:00" level=error msg="Metadata for targets/justin expired"
time="2020-08-16T08:18:27+02:00" level=warning msg="Error getting targets/justin: targets/justin expired at Thu Jul 30 20:41:57 +0100 2020"
time="2020-08-16T08:18:27+02:00" level=warning msg="targets metadata is nearing expiry, you should re-sign the role metadata"
time="2020-08-16T08:18:27+02:00" level=warning msg="targets/riyaz metadata is nearing expiry, you should re-sign the role metadata"
Process init image: linuxkit/memlogd:v0.5-arm64
Process init image: lfedge/eve-grub:5.9.0-arm64
Process init image: lfedge/eve-fw:5.9.0-arm64
Process init image: lfedge/eve-xen:5.9.0-arm64
Process init image: lfedge/eve-gpt-tools:5.9.0-arm64
Process init image: lfedge/eve-dom0-ztools:5.9.0-arm64
Add onboot containers:
  Create OCI config for lfedge/eve-storage-init:5.9.0-arm64
  Create OCI config for linuxkit/sysctl:v0.5-arm64
time="2020-08-16T08:18:46+02:00" level=warning msg="targets metadata is nearing expiry, you should re-sign the role metadata"
time="2020-08-16T08:18:46+02:00" level=warning msg="targets/justin metadata is nearing expiry, you should re-sign the role metadata"
time="2020-08-16T08:18:46+02:00" level=warning msg="targets/ian metadata is nearing expiry, you should re-sign the role metadata"
  Create OCI config for lfedge/eve-rngd:5.9.0-arm64
  Create OCI config for linuxkit/modprobe:v0.5-arm64
time="2020-08-16T08:18:51+02:00" level=warning msg="targets metadata is nearing expiry, you should re-sign the role metadata"
time="2020-08-16T08:18:51+02:00" level=warning msg="targets/ian metadata is nearing expiry, you should re-sign the role metadata"
Add service containers:
  Create OCI config for lfedge/eve-rsyslog:5.9.0-arm64
  Create OCI config for linuxkit/openntpd:v0.5-arm64
time="2020-08-16T08:18:56+02:00" level=error msg="Metadata for targets/justin expired"
time="2020-08-16T08:18:56+02:00" level=error msg="Metadata for targets/justin expired"
time="2020-08-16T08:18:56+02:00" level=warning msg="Error getting targets/justin: targets/justin expired at Fri Jul 24 16:25:30 +0100 2020"
time="2020-08-16T08:18:56+02:00" level=error msg="Metadata for targets/riyaz expired"
time="2020-08-16T08:18:56+02:00" level=error msg="Metadata for targets/riyaz expired"
time="2020-08-16T08:18:56+02:00" level=warning msg="Error getting targets/riyaz: targets/riyaz expired at Mon May 25 15:06:33 -0700 2020"
time="2020-08-16T08:18:56+02:00" level=warning msg="targets metadata is nearing expiry, you should re-sign the role metadata"
time="2020-08-16T08:18:56+02:00" level=warning msg="targets/ian metadata is nearing expiry, you should re-sign the role metadata"
  Create OCI config for linuxkit/sshd:v0.5-arm64
time="2020-08-16T08:19:01+02:00" level=error msg="Metadata for targets/justin expired"
time="2020-08-16T08:19:01+02:00" level=error msg="Metadata for targets/justin expired"
time="2020-08-16T08:19:01+02:00" level=warning msg="Error getting targets/justin: targets/justin expired at Fri May 29 15:28:54 +0100 2020"
time="2020-08-16T08:19:01+02:00" level=error msg="Metadata for targets/riyaz expired"
time="2020-08-16T08:19:01+02:00" level=error msg="Metadata for targets/riyaz expired"
time="2020-08-16T08:19:01+02:00" level=warning msg="Error getting targets/riyaz: targets/riyaz expired at Sun Jul 19 14:46:17 -0700 2020"
time="2020-08-16T08:19:01+02:00" level=warning msg="targets metadata is nearing expiry, you should re-sign the role metadata"
  Create OCI config for lfedge/eve-wwan:5.9.0-arm64
  Create OCI config for lfedge/eve-wlan:5.9.0-arm64
  Create OCI config for lfedge/eve-lisp:5.9.0-arm64
  Create OCI config for lfedge/eve-guacd:5.9.0-arm64
  Create OCI config for lfedge/eve-pillar:5.9.0-arm64
  Create OCI config for lfedge/eve-vtpm:5.9.0-arm64
  Create OCI config for lfedge/eve-watchdog:5.9.0-arm64
  Create OCI config for lfedge/eve-xen-tools:5.9.0-arm64
Add files:
  /etc/eve-release
Parallel mksquashfs: Using 4 processors
Creating 4.0 filesystem on /rootfs.img, block size 131072.
[======================================\                     ] 14100/21355  66%[================================================/           ] 17500/21355  81%[===========================================================|] 21355/21355 100%

Exportable Squashfs 4.0 filesystem, gzip compressed, data block size 131072
	compressed data, compressed metadata, compressed fragments, compressed xattrs
	duplicates are removed
Filesystem size 241709.26 Kbytes (236.04 Mbytes)
	33.53% of uncompressed filesystem size (720821.28 Kbytes)
Inode table size 243765 bytes (238.05 Kbytes)
	25.06% of uncompressed inode table size (972570 bytes)
Directory table size 264105 bytes (257.92 Kbytes)
	45.62% of uncompressed directory table size (578932 bytes)
Number of duplicate files found 8734
Number of inodes 24943
Number of files 16893
Number of fragments 686
Number of symbolic links  5980
Number of device nodes 4
Number of fifo nodes 0
Number of socket nodes 0
Number of directories 2066
Number of ids (unique uids + gids) 3
Number of uids 1
	root (0)
Number of gids 3
	root (0)
	shadow (42)
	tty (5)
cp pkg/eve/build.yml pkg/eve/runme.sh images/*.yml /home/zededa-ci/src/eve/dist/arm64
EVE_HASH=5.9.0 DOCKER_ARCH_TAG=arm64 ./tools/parse-pkgs.sh pkg/eve/Dockerfile.in > /home/zededa-ci/src/eve/dist/arm64/Dockerfile
/home/zededa-ci/src/eve/build-tools/bin/linuxkit pkg push --disable-content-trust --hash-path /home/zededa-ci/src/eve --hash 5.9.0-kvm --release latest --force --disable-cache /home/zededa-ci/src/eve/dist/arm64
Building and pushing "lfedge/eve:5.9.0-kvm"
Sending build context to Docker daemon  260.2MB
Step 1/17 : FROM alpine:3.9.4 as tools
 ---> ce544de9ee2c
Step 2/17 : RUN mkdir -p /out/etc/apk /out/boot && cp -r /etc/apk/* /out/etc/apk/
 ---> Running in a2987a47c226
 ---> f5e3b7e553c5
Removing intermediate container a2987a47c226
Step 3/17 : RUN apk add --no-cache --initdb -p /out qemu-img=3.1.0-r3 tar=1.32-r0
 ---> Running in 32f219dab8e2
fetch http://dl-cdn.alpinelinux.org/alpine/v3.9/main/aarch64/APKINDEX.tar.gz
fetch http://dl-cdn.alpinelinux.org/alpine/v3.9/community/aarch64/APKINDEX.tar.gz
(1/19) Installing libaio (0.3.111-r0)
(2/19) Installing musl (1.1.20-r5)
(3/19) Installing busybox (1.29.3-r10)
Executing busybox-1.29.3-r10.post-install
(4/19) Installing libffi (3.2.1-r6)
(5/19) Installing libintl (0.19.8.1-r4)
(6/19) Installing libuuid (2.33-r0)
(7/19) Installing libblkid (2.33-r0)
(8/19) Installing libmount (2.33-r0)
(9/19) Installing pcre (8.42-r1)
(10/19) Installing zlib (1.2.11-r1)
(11/19) Installing glib (2.58.1-r3)
(12/19) Installing gmp (6.1.2-r1)
(13/19) Installing nettle (3.4.1-r0)
(14/19) Installing p11-kit (0.23.14-r0)
(15/19) Installing libtasn1 (4.14-r0)
(16/19) Installing libunistring (0.9.10-r0)
(17/19) Installing gnutls (3.6.14-r0)
(18/19) Installing qemu-img (3.1.0-r3)
(19/19) Installing tar (1.32-r0)
Executing busybox-1.29.3-r10.trigger
Executing glib-2.58.1-r3.trigger
OK: 16 MiB in 19 packages
 ---> d9407d37cac9
Removing intermediate container 32f219dab8e2
Step 4/17 : FROM lfedge/eve-mkimage-iso-efi:5.9.0-arm64 as iso
 ---> 00c4193078ca
Step 5/17 : FROM lfedge/eve-mkimage-raw-efi:5.9.0-arm64 as raw
 ---> 75615f648e48
Step 6/17 : RUN rm /initrd.img
 ---> Running in 412806fbf896
 ---> 95b498d74d4d
Removing intermediate container 412806fbf896
Step 7/17 : FROM lfedge/eve-mkconf:5.9.0-arm64 as conf
 ---> 01c4d3e1f9a4
Step 8/17 : COPY --from=iso / /
 ---> e24eb324d527
Step 9/17 : COPY --from=raw / /
 ---> 76f198ac1f14
Step 10/17 : COPY --from=tools /out/ /
 ---> ce4a3cafbec3
Step 11/17 : COPY installer /bits
 ---> 1cd9050b2bbb
Step 12/17 : COPY OVMF* /firmware/
 ---> b882eaec183c
Step 13/17 : COPY runme.sh /
 ---> 9e9fd66a887d
Step 14/17 : RUN mkdir /in /out
 ---> Running in 37abf76e24b1
 ---> 725b718d18c4
Removing intermediate container 37abf76e24b1
Step 15/17 : WORKDIR /bits
 ---> 619345ef69c8
Removing intermediate container b8776a5839b4
Step 16/17 : ENTRYPOINT /runme.sh
 ---> Running in 51c6ea4d0ad0
 ---> 27d69b31108f
Removing intermediate container 51c6ea4d0ad0
Step 17/17 : LABEL org.mobyproject.linuxkit.revision 'unknown' org.mobyproject.linuxkit.version 'unknown' org.opencontainers.image.revision '5d02bd951273aa5dc44a6fcddfa43326cf44bedd' org.opencontainers.image.source 'https://github.com/linuxkit/linuxkit'
 ---> Running in 65e7eca0fb23
 ---> 5b248200dc16
Removing intermediate container 65e7eca0fb23
Successfully built 5b248200dc16
Successfully tagged lfedge/eve:5.9.0-kvm-arm64
Pushing lfedge/eve:5.9.0-kvm-arm64
The push refers to a repository [docker.io/lfedge/eve]
9691f2c57ff4: Preparing
89a8df5c884c: Preparing
38251233f3b0: Preparing
7e625da68f2f: Preparing
e0f6f5d17cb1: Preparing
79d91e14d8af: Preparing
5c1764b243b5: Preparing
4cf08b7b18c4: Preparing
5c1764b243b5: Waiting
79d91e14d8af: Waiting
4cf08b7b18c4: Waiting
89a8df5c884c: Pushed
79d91e14d8af: Layer already exists
38251233f3b0: Pushed
5c1764b243b5: Layer already exists
4cf08b7b18c4: Layer already exists
e0f6f5d17cb1: Pushed
9691f2c57ff4: Pushed
7e625da68f2f: Pushed
5.9.0-kvm-arm64: digest: sha256:5ef5168a31bef2052b3fba817b1f09a5951a36fe9a3b5658a5a2c9c5d9eded55 size: 1999
Pushing lfedge/eve:5.9.0-kvm-arm64 to manifest lfedge/eve:5.9.0-kvm
time="2020-08-16T08:23:04+02:00" level=warning msg="Couldn't find or access image reference \"lfedge/eve:5.9.0-kvm-s390x\". Skipping image."
Digest: sha256:1bb1b06289454a6df4dd88cd8c5a482581375b98b30074001a1c9038397b320d 743
Not signing lfedge/eve:5.9.0-kvm
Tagging lfedge/eve:5.9.0-kvm-arm64 as lfedge/eve:latest-arm64
Pushing lfedge/eve:latest-arm64
The push refers to a repository [docker.io/lfedge/eve]
9691f2c57ff4: Preparing
89a8df5c884c: Preparing
38251233f3b0: Preparing
7e625da68f2f: Preparing
e0f6f5d17cb1: Preparing
79d91e14d8af: Preparing
5c1764b243b5: Preparing
4cf08b7b18c4: Preparing
79d91e14d8af: Waiting
5c1764b243b5: Waiting
4cf08b7b18c4: Waiting
38251233f3b0: Layer already exists
89a8df5c884c: Layer already exists
e0f6f5d17cb1: Layer already exists
7e625da68f2f: Layer already exists
9691f2c57ff4: Layer already exists
79d91e14d8af: Layer already exists
4cf08b7b18c4: Layer already exists
5c1764b243b5: Layer already exists
latest-arm64: digest: sha256:5ef5168a31bef2052b3fba817b1f09a5951a36fe9a3b5658a5a2c9c5d9eded55 size: 1999
Pushing lfedge/eve:latest-arm64 to manifest lfedge/eve:latest
time="2020-08-16T08:23:16+02:00" level=warning msg="Couldn't find or access image reference \"lfedge/eve:latest-s390x\". Skipping image."
Digest: sha256:1958f7e909f0352e85516cdc38c2b77d5392efece87621f91c9e43702b3f450f 743
Not signing lfedge/eve:latest
Build, push and release of "latest" complete, all done.
rm images/rootfs-kvm.yml images/rootfs-kvm.yml.in
Creating go builder image for user zededa-ci
eve-build-zededa-ci docker container is ready to use
mkdir -p /home/zededa-ci/src/eve/dist/arm64
cd /home/zededa-ci/src/eve/dist/arm64 ; _() { C=`docker create $1 fake` ; shift ; docker export $C | tar -xf - "$@" ; docker rm $C ; } ; _ lfedge/eve-uefi:279fad09317f1f87099e91ab2dac7c0ecfad5410-arm64 OVMF.fd
b3a49aeb983e9e6083681f1b12d15a153b182940f42cfed091bbb34faa978060
cd /home/zededa-ci/src/eve/dist/arm64 ; _() { C=`docker create $1 fake` ; shift ; docker export $C | tar -xf - "$@" ; docker rm $C ; } ; _ lfedge/eve-uefi:279fad09317f1f87099e91ab2dac7c0ecfad5410-arm64 OVMF_CODE.fd
tar: OVMF_CODE.fd: Not found in archive
tar: Exiting with failure status due to previous errors
74fef953ecf369908903a24c672b1a28cd8f595314060784dca606d82edcdb6a
cd /home/zededa-ci/src/eve/dist/arm64 ; _() { C=`docker create $1 fake` ; shift ; docker export $C | tar -xf - "$@" ; docker rm $C ; } ; _ lfedge/eve-uefi:279fad09317f1f87099e91ab2dac7c0ecfad5410-arm64 OVMF_VARS.fd
3fa7805560501bca2ae200b0a71f4f55e3213f9bc6f58310af730dc7a27cff8c
mkdir -p /home/zededa-ci/src/eve/dist/arm64/installer
cd /home/zededa-ci/src/eve/dist/arm64/installer ; _() { C=`docker create $1 fake` ; shift ; docker export $C | tar -xf - "$@" ; docker rm $C ; } ; _ lfedge/eve-grub:ff333a29ed1c22b0161d2230f8275a741496362c-arm64 EFI
9bad8ca3708b5b548b6fe04ce393f0a38f1bf1c5d08da4081010d36b4a7fc845
./tools/makeconfig.sh /home/zededa-ci/src/eve/dist/arm64/installer/config.img conf/authorized_keys conf/DevicePortConfig conf/grub.cfg conf/onboard.cert.pem conf/onboard.key.pem conf/root-certificate.pem conf/server conf/v2tlsbaseroot-certificates.pem
1024+0 records in
1024+0 records out
mkfs.fat 4.1 (2017-01-24)
/config.img has 64 heads and 32 sectors per track,
hidden sectors 0x0000;
logical sector size is 512,
using 0xf8 media descriptor, with 2048 sectors;
drive number 0x80;
filesystem has 2 12-bit FATs and 4 sectors per cluster.
FAT size is 2 sectors, and provides 502 clusters.
There is 1 reserved sector.
Root directory contains 512 slots and uses 32 sectors.
Volume ID is 0ddaf70f, volume label EVE        .
cd /home/zededa-ci/src/eve/dist/arm64/installer ; _() { C=`docker create $1 fake` ; shift ; docker export $C | tar -xf - "$@" ; docker rm $C ; } ; _ lfedge/eve-mkimage-raw-efi:73d534381d5d3df4fb08cacb03022ce4754efda8-arm64 initrd.img EFI
a4c509b4e1016cd0f945621f8594af8accea19d997d7b45efe7bc671ef72c6b2
Done building /home/zededa-ci/src/eve/build-tools/bin/linuxkit
./tools/makerootfs.sh images/rootfs-xen.yml /home/zededa-ci/src/eve/dist/arm64/installer/rootfs-5.9.0-xen-arm64.squash squash
Extract kernel image: lfedge/eve-kernel:5.9.0-arm64
Add init containers:
Process init image: linuxkit/init:v0.5-arm64
time="2020-08-16T08:23:38+02:00" level=warning msg="targets metadata is nearing expiry, you should re-sign the role metadata"
time="2020-08-16T08:23:38+02:00" level=warning msg="targets/justin metadata is nearing expiry, you should re-sign the role metadata"
Process init image: linuxkit/runc:f79954950022fea76b8b6f10de58cb48e4fb3878-arm64
time="2020-08-16T08:23:43+02:00" level=error msg="Metadata for targets/riyaz expired"
time="2020-08-16T08:23:43+02:00" level=error msg="Metadata for targets/riyaz expired"
time="2020-08-16T08:23:43+02:00" level=warning msg="Error getting targets/riyaz: targets/riyaz expired at Mon May 25 15:32:34 -0700 2020"
time="2020-08-16T08:23:43+02:00" level=warning msg="targets metadata is nearing expiry, you should re-sign the role metadata"
time="2020-08-16T08:23:43+02:00" level=warning msg="targets/justin metadata is nearing expiry, you should re-sign the role metadata"
Process init image: linuxkit/containerd:6ef473a228db6f6ee163f9b9a051102a1552a4ef-arm64
time="2020-08-16T08:23:48+02:00" level=error msg="Metadata for targets/riyaz expired"
time="2020-08-16T08:23:48+02:00" level=error msg="Metadata for targets/riyaz expired"
time="2020-08-16T08:23:48+02:00" level=warning msg="Error getting targets/riyaz: targets/riyaz expired at Sat Jun 6 08:35:43 -0700 2020"
time="2020-08-16T08:23:48+02:00" level=warning msg="targets/justin metadata is nearing expiry, you should re-sign the role metadata"
time="2020-08-16T08:23:48+02:00" level=warning msg="targets metadata is nearing expiry, you should re-sign the role metadata"
Process init image: linuxkit/getty:v0.5-arm64
time="2020-08-16T08:23:54+02:00" level=error msg="Metadata for targets/justin expired"
time="2020-08-16T08:23:54+02:00" level=error msg="Metadata for targets/justin expired"
time="2020-08-16T08:23:54+02:00" level=warning msg="Error getting targets/justin: targets/justin expired at Thu Jul 30 20:41:57 +0100 2020"
time="2020-08-16T08:23:54+02:00" level=warning msg="targets/riyaz metadata is nearing expiry, you should re-sign the role metadata"
time="2020-08-16T08:23:54+02:00" level=warning msg="targets metadata is nearing expiry, you should re-sign the role metadata"
Process init image: linuxkit/memlogd:v0.5-arm64
Process init image: lfedge/eve-grub:5.9.0-arm64
Process init image: lfedge/eve-fw:5.9.0-arm64
Process init image: lfedge/eve-xen:5.9.0-arm64
Process init image: lfedge/eve-gpt-tools:5.9.0-arm64
Process init image: lfedge/eve-dom0-ztools:5.9.0-arm64
Add onboot containers:
  Create OCI config for lfedge/eve-storage-init:5.9.0-arm64
  Create OCI config for linuxkit/sysctl:v0.5-arm64
time="2020-08-16T08:24:17+02:00" level=warning msg="targets metadata is nearing expiry, you should re-sign the role metadata"
time="2020-08-16T08:24:17+02:00" level=warning msg="targets/justin metadata is nearing expiry, you should re-sign the role metadata"
time="2020-08-16T08:24:17+02:00" level=warning msg="targets/ian metadata is nearing expiry, you should re-sign the role metadata"
  Create OCI config for lfedge/eve-rngd:5.9.0-arm64
  Create OCI config for linuxkit/modprobe:v0.5-arm64
time="2020-08-16T08:24:22+02:00" level=warning msg="targets/ian metadata is nearing expiry, you should re-sign the role metadata"
time="2020-08-16T08:24:22+02:00" level=warning msg="targets metadata is nearing expiry, you should re-sign the role metadata"
Add service containers:
  Create OCI config for lfedge/eve-rsyslog:5.9.0-arm64
  Create OCI config for linuxkit/openntpd:v0.5-arm64
time="2020-08-16T08:24:30+02:00" level=error msg="Metadata for targets/justin expired"
time="2020-08-16T08:24:30+02:00" level=error msg="Metadata for targets/justin expired"
time="2020-08-16T08:24:30+02:00" level=warning msg="Error getting targets/justin: targets/justin expired at Fri Jul 24 16:25:30 +0100 2020"
time="2020-08-16T08:24:30+02:00" level=error msg="Metadata for targets/riyaz expired"
time="2020-08-16T08:24:30+02:00" level=error msg="Metadata for targets/riyaz expired"
time="2020-08-16T08:24:30+02:00" level=warning msg="Error getting targets/riyaz: targets/riyaz expired at Mon May 25 15:06:33 -0700 2020"
time="2020-08-16T08:24:30+02:00" level=warning msg="targets metadata is nearing expiry, you should re-sign the role metadata"
time="2020-08-16T08:24:30+02:00" level=warning msg="targets/ian metadata is nearing expiry, you should re-sign the role metadata"
  Create OCI config for linuxkit/sshd:v0.5-arm64
time="2020-08-16T08:24:35+02:00" level=error msg="Metadata for targets/justin expired"
time="2020-08-16T08:24:35+02:00" level=error msg="Metadata for targets/justin expired"
time="2020-08-16T08:24:35+02:00" level=warning msg="Error getting targets/justin: targets/justin expired at Fri May 29 15:28:54 +0100 2020"
time="2020-08-16T08:24:35+02:00" level=error msg="Metadata for targets/riyaz expired"
time="2020-08-16T08:24:35+02:00" level=error msg="Metadata for targets/riyaz expired"
time="2020-08-16T08:24:35+02:00" level=warning msg="Error getting targets/riyaz: targets/riyaz expired at Sun Jul 19 14:46:17 -0700 2020"
time="2020-08-16T08:24:35+02:00" level=warning msg="targets metadata is nearing expiry, you should re-sign the role metadata"
  Create OCI config for lfedge/eve-wwan:5.9.0-arm64
  Create OCI config for lfedge/eve-wlan:5.9.0-arm64
  Create OCI config for lfedge/eve-lisp:5.9.0-arm64
  Create OCI config for lfedge/eve-guacd:5.9.0-arm64
  Create OCI config for lfedge/eve-pillar:5.9.0-arm64
  Create OCI config for lfedge/eve-vtpm:5.9.0-arm64
  Create OCI config for lfedge/eve-watchdog:5.9.0-arm64
  Create OCI config for lfedge/eve-xen-tools:5.9.0-arm64
Add files:
  /etc/eve-release
Parallel mksquashfs: Using 4 processors
Creating 4.0 filesystem on /rootfs.img, block size 131072.
[================================================|           ] 17500/21355  81%[===========================================================|] 21355/21355 100%

Exportable Squashfs 4.0 filesystem, gzip compressed, data block size 131072
	compressed data, compressed metadata, compressed fragments, compressed xattrs
	duplicates are removed
Filesystem size 241709.25 Kbytes (236.04 Mbytes)
	33.53% of uncompressed filesystem size (720821.28 Kbytes)
Inode table size 243758 bytes (238.04 Kbytes)
	25.06% of uncompressed inode table size (972570 bytes)
Directory table size 264093 bytes (257.90 Kbytes)
	45.62% of uncompressed directory table size (578932 bytes)
Number of duplicate files found 8734
Number of inodes 24943
Number of files 16893
Number of fragments 686
Number of symbolic links  5980
Number of device nodes 4
Number of fifo nodes 0
Number of socket nodes 0
Number of directories 2066
Number of ids (unique uids + gids) 3
Number of uids 1
	root (0)
Number of gids 3
	root (0)
	shadow (42)
	tty (5)
cp pkg/eve/build.yml pkg/eve/runme.sh images/*.yml /home/zededa-ci/src/eve/dist/arm64
EVE_HASH=5.9.0 DOCKER_ARCH_TAG=arm64 ./tools/parse-pkgs.sh pkg/eve/Dockerfile.in > /home/zededa-ci/src/eve/dist/arm64/Dockerfile
/home/zededa-ci/src/eve/build-tools/bin/linuxkit pkg push --disable-content-trust --hash-path /home/zededa-ci/src/eve --hash 5.9.0-xen --release latest --force --disable-cache /home/zededa-ci/src/eve/dist/arm64
Building and pushing "lfedge/eve:5.9.0-xen"
Sending build context to Docker daemon  260.2MB
Step 1/17 : FROM alpine:3.9.4 as tools
 ---> ce544de9ee2c
Step 2/17 : RUN mkdir -p /out/etc/apk /out/boot && cp -r /etc/apk/* /out/etc/apk/
 ---> Running in 64933778d41b
 ---> 68b72bd8d47c
Removing intermediate container 64933778d41b
Step 3/17 : RUN apk add --no-cache --initdb -p /out qemu-img=3.1.0-r3 tar=1.32-r0
 ---> Running in bf6d855d1fd2
fetch http://dl-cdn.alpinelinux.org/alpine/v3.9/main/aarch64/APKINDEX.tar.gz
fetch http://dl-cdn.alpinelinux.org/alpine/v3.9/community/aarch64/APKINDEX.tar.gz
(1/19) Installing libaio (0.3.111-r0)
(2/19) Installing musl (1.1.20-r5)
(3/19) Installing busybox (1.29.3-r10)
Executing busybox-1.29.3-r10.post-install
(4/19) Installing libffi (3.2.1-r6)
(5/19) Installing libintl (0.19.8.1-r4)
(6/19) Installing libuuid (2.33-r0)
(7/19) Installing libblkid (2.33-r0)
(8/19) Installing libmount (2.33-r0)
(9/19) Installing pcre (8.42-r1)
(10/19) Installing zlib (1.2.11-r1)
(11/19) Installing glib (2.58.1-r3)
(12/19) Installing gmp (6.1.2-r1)
(13/19) Installing nettle (3.4.1-r0)
(14/19) Installing p11-kit (0.23.14-r0)
(15/19) Installing libtasn1 (4.14-r0)
(16/19) Installing libunistring (0.9.10-r0)
(17/19) Installing gnutls (3.6.14-r0)
(18/19) Installing qemu-img (3.1.0-r3)
(19/19) Installing tar (1.32-r0)
Executing busybox-1.29.3-r10.trigger
Executing glib-2.58.1-r3.trigger
OK: 16 MiB in 19 packages
 ---> a4c4b66f7756
Removing intermediate container bf6d855d1fd2
Step 4/17 : FROM lfedge/eve-mkimage-iso-efi:5.9.0-arm64 as iso
 ---> 00c4193078ca
Step 5/17 : FROM lfedge/eve-mkimage-raw-efi:5.9.0-arm64 as raw
 ---> 75615f648e48
Step 6/17 : RUN rm /initrd.img
 ---> Running in 97d7f226abcc
 ---> fca47b99d468
Removing intermediate container 97d7f226abcc
Step 7/17 : FROM lfedge/eve-mkconf:5.9.0-arm64 as conf
 ---> 01c4d3e1f9a4
Step 8/17 : COPY --from=iso / /
 ---> 5b97fdd58eb4
Step 9/17 : COPY --from=raw / /
 ---> 41fa22e7c72a
Step 10/17 : COPY --from=tools /out/ /
 ---> afdff229df01
Step 11/17 : COPY installer /bits
failed to copy files: failed to copy directory: Error processing tar file(exit status 1): write /rootfs-5.9.0-xen-arm64.squash: no space left on device
exit status 1
Makefile:337: recipe for target 'eve' failed
make: *** [eve] Error 1
rm images/rootfs-xen.yml images/rootfs-xen.yml.in
Skipping repository .go/pkg/dep/sources/https---github.com-linuxkit-linuxkit
Skipping repository .go/pkg/dep/sources/https---github.com-moby-hyperkit
Skipping repository .go/pkg/dep/sources/https---github.com-gorilla-context
Skipping repository .go/pkg/dep/sources/https---github.com-theupdateframework-notary
Skipping repository .go/pkg/dep/sources/https---github.com-mitchellh-go--ps
Skipping repository .go/pkg/dep/sources/https---github.com-golang-appengine
Skipping repository .go/pkg/dep/sources/https---github.com-xeipuuv-gojsonschema
Skipping repository .go/pkg/dep/sources/https---go.googlesource.com-net
Skipping repository .go/pkg/dep/sources/https---github.com-xeipuuv-gojsonpointer
Skipping repository .go/pkg/dep/sources/https---github.com-Azure-azure--sdk--for--go
Skipping repository .go/pkg/dep/sources/https---github.com-moby-tool
Skipping repository .go/pkg/dep/sources/https---github.com-Azure-go--ansiterm
Skipping repository .go/pkg/dep/sources/https---github.com-moby-vpnkit
Skipping repository .go/pkg/dep/sources/https---github.com-moul-anonuuid
Skipping repository .go/pkg/dep/sources/https---github.com-Azure-go--autorest
Skipping repository .go/pkg/dep/sources/https---github.com-moul-gotty--client
Skipping repository .go/pkg/dep/sources/https---github.com-Microsoft-go--winio
Skipping repository .go/pkg/dep/sources/https---github.com-agl-ed25519
Skipping repository .go/pkg/dep/sources/https---github.com-aws-aws--sdk--go
Skipping repository .go/pkg/dep/sources/https---github.com-containerd-containerd
Skipping repository .go/pkg/dep/sources/https---github.com-opencontainers-go--digest
Skipping repository .go/pkg/dep/sources/https---github.com-opencontainers-image--spec
Skipping repository .go/pkg/dep/sources/https---github.com-opencontainers-runtime--spec
Skipping repository .go/pkg/dep/sources/https---github.com-packethost-packngo
Skipping repository .go/pkg/dep/sources/https---github.com-pkg-errors
Skipping repository .go/pkg/dep/sources/https---github.com-radu--matei-azure--sdk--for--go
Skipping repository .go/pkg/dep/sources/https---github.com-radu--matei-azure--vhd--utils
Skipping repository .go/pkg/dep/sources/https---github.com-renstrom-fuzzysearch
Skipping repository .go/pkg/dep/sources/https---github.com-rn-iso9660wrap
Skipping repository .go/pkg/dep/sources/https---github.com-creack-goselect
Skipping repository .go/pkg/dep/sources/https---github.com-dgrijalva-jwt--go
Skipping repository .go/pkg/dep/sources/https---github.com-docker-distribution
Skipping repository .go/pkg/dep/sources/https---github.com-docker-docker
Skipping repository .go/pkg/dep/sources/https---github.com-docker-go
Skipping repository .go/pkg/dep/sources/https---github.com-docker-go--connections
Skipping repository .go/pkg/dep/sources/https---github.com-docker-go--units
Skipping repository .go/pkg/dep/sources/https---github.com-jmespath-go--jmespath
Skipping repository .go/pkg/dep/sources/https---github.com-scaleway-go--scaleway
Skipping repository .go/pkg/dep/sources/https---github.com-go--ini-ini
Skipping repository .go/pkg/dep/sources/https---github.com-gorilla-mux
Skipping repository .go/pkg/dep/sources/https---github.com-gogo-protobuf
Skipping repository .go/pkg/dep/sources/https---github.com-gorilla-websocket
Skipping repository .go/pkg/dep/sources/https---github.com-vmware-govmomi
Skipping repository .go/pkg/dep/sources/https---github.com-sirupsen-logrus
Skipping repository .go/pkg/dep/sources/https---gopkg.in-yaml.v2
Skipping repository .go/pkg/dep/sources/https---github.com-golang-protobuf
Skipping repository .go/pkg/dep/sources/https---github.com-docker-go--p9p
Skipping repository .go/pkg/dep/sources/https---github.com-google-uuid
Skipping repository .go/pkg/dep/sources/https---github.com-gophercloud-gophercloud
Skipping repository .go/pkg/dep/sources/https---github.com-xeipuuv-gojsonreference
Skipping repository .go/pkg/dep/sources/https---github.com-moby-datakit
Skipping repository .go/pkg/dep/sources/https---github.com-surma-gocpio
Skipping repository .go/pkg/dep/sources/https---github.com-miekg-pkcs11
Skipping repository .go/pkg/dep/sources/https---go.googlesource.com-sync
Skipping repository .go/pkg/dep/sources/https---go.googlesource.com-oauth2
Skipping repository .go/pkg/dep/sources/https---code.googlesource.com-gocloud
Skipping repository .go/pkg/dep/sources/https---go.googlesource.com-sys
Skipping repository .go/pkg/dep/sources/https---go.googlesource.com-crypto
Skipping repository .go/pkg/dep/sources/https---code.googlesource.com-google--api--go--client
Skipping repository .go/pkg/dep/sources/https---github.com-census--instrumentation-opencensus--go
Skipping repository .go/pkg/dep/sources/https---github.com-googleapis-gax--go
Skipping repository .go/pkg/dep/sources/https---github.com-grpc-grpc--go
Skipping repository .go/pkg/dep/sources/https---github.com-konsorten-go--windows--terminal--sequences
Skipping repository .go/pkg/dep/sources/https---github.com-golang-groupcache
Skipping repository .go/pkg/dep/sources/https---github.com-google-go--genproto
Skipping repository .go/pkg/dep/sources/https---go.googlesource.com-text
Removing .go/src
Removing .go/bin
Removing build-tools/bin/linuxkit
Removing build-tools/bin/manifest-tool
Removing dist/
Checking out files:  20% (42/204)   Checking out files:  21% (43/204)   Checking out files:  22% (45/204)   Checking out files:  23% (47/204)   Checking out files:  24% (49/204)   Checking out files:  25% (51/204)   Checking out files:  26% (54/204)   Checking out files:  27% (56/204)   Checking out files:  28% (58/204)   Checking out files:  29% (60/204)   Checking out files:  30% (62/204)   Checking out files:  31% (64/204)   Checking out files:  32% (66/204)   Checking out files:  33% (68/204)   Checking out files:  34% (70/204)   Checking out files:  35% (72/204)   Checking out files:  36% (74/204)   Checking out files:  37% (76/204)   Checking out files:  38% (78/204)   Checking out files:  39% (80/204)   Checking out files:  40% (82/204)   Checking out files:  41% (84/204)   Checking out files:  42% (86/204)   Checking out files:  43% (88/204)   Checking out files:  44% (90/204)   Checking out files:  45% (92/204)   Checking out files:  46% (94/204)   Checking out files:  47% (96/204)   Checking out files:  48% (98/204)   Checking out files:  49% (100/204)   Checking out files:  50% (102/204)   Checking out files:  51% (105/204)   Checking out files:  52% (107/204)   Checking out files:  53% (109/204)   Checking out files:  54% (111/204)   Checking out files:  55% (113/204)   Checking out files:  56% (115/204)   Checking out files:  57% (117/204)   Checking out files:  58% (119/204)   Checking out files:  59% (121/204)   Checking out files:  60% (123/204)   Checking out files:  61% (125/204)   Checking out files:  62% (127/204)   Checking out files:  63% (129/204)   Checking out files:  64% (131/204)   Checking out files:  65% (133/204)   Checking out files:  66% (135/204)   Checking out files:  67% (137/204)   Checking out files:  68% (139/204)   Checking out files:  69% (141/204)   Checking out files:  70% (143/204)   Checking out files:  71% (145/204)   Checking out files:  72% (147/204)   Checking out files:  73% (149/204)   Checking out files:  74% (151/204)   Checking out files:  75% (153/204)   Checking out files:  76% (156/204)   Checking out files:  77% (158/204)   Checking out files:  78% (160/204)   Checking out files:  79% (162/204)   Checking out files:  80% (164/204)   Checking out files:  81% (166/204)   Checking out files:  82% (168/204)   Checking out files:  83% (170/204)   Checking out files:  84% (172/204)   Checking out files:  85% (174/204)   Checking out files:  86% (176/204)   Checking out files:  87% (178/204)   Checking out files:  88% (180/204)   Checking out files:  89% (182/204)   Checking out files:  90% (184/204)   Checking out files:  91% (186/204)   Checking out files:  92% (188/204)   Checking out files:  93% (190/204)   Checking out files:  94% (192/204)   Checking out files:  95% (194/204)   Checking out files:  96% (196/204)   Checking out files:  97% (198/204)   Checking out files:  98% (200/204)   Checking out files:  99% (202/204)   Checking out files: 100% (204/204)   Checking out files: 100% (204/204), done.
HEAD is now at 0d2a8f31 Adding Intel Compute Stick WiFi driver
Creating go builder image for user zededa-ci
The command '/bin/sh -c curl -L -s -o /usr/local/bin/protodot https://github.com/seamia/protodot/raw/master/binaries/protodot-linux-amd64 && chmod +x /usr/local/bin/protodot && protodot -install' returned a non-zero code: 2
Makefile:396: recipe for target 'eve-build-zededa-ci' failed
make: *** [eve-build-zededa-ci] Error 2
Creating go builder image for user zededa-ci
The command '/bin/sh -c curl -L -s -o /usr/local/bin/protodot https://github.com/seamia/protodot/raw/master/binaries/protodot-linux-amd64 && chmod +x /usr/local/bin/protodot && protodot -install' returned a non-zero code: 2
Makefile:396: recipe for target 'eve-build-zededa-ci' failed
make: *** [eve-build-zededa-ci] Error 2
Creating go builder image for user zededa-ci
The command '/bin/sh -c curl -L -s -o /usr/local/bin/protodot https://github.com/seamia/protodot/raw/master/binaries/protodot-linux-amd64 && chmod +x /usr/local/bin/protodot && protodot -install' returned a non-zero code: 2
Makefile:396: recipe for target 'eve-build-zededa-ci' failed
make: *** [eve-build-zededa-ci] Error 2
Creating go builder image for user zededa-ci
The command '/bin/sh -c curl -L -s -o /usr/local/bin/protodot https://github.com/seamia/protodot/raw/master/binaries/protodot-linux-amd64 && chmod +x /usr/local/bin/protodot && protodot -install' returned a non-zero code: 2
Makefile:396: recipe for target 'eve-build-zededa-ci' failed
make: *** [eve-build-zededa-ci] Error 2
Creating go builder image for user zededa-ci
The command '/bin/sh -c curl -L -s -o /usr/local/bin/protodot https://github.com/seamia/protodot/raw/master/binaries/protodot-linux-amd64 && chmod +x /usr/local/bin/protodot && protodot -install' returned a non-zero code: 2
Makefile:396: recipe for target 'eve-build-zededa-ci' failed
make: *** [eve-build-zededa-ci] Error 2
FINISHED
