From https://github.com/lf-edge/eve
   2ed2e31e..64aa8424  master     -> origin/master
 * [new tag]           4.10.0     -> 4.10.0
 * [new tag]           5.0.0      -> 5.0.0
 * [new tag]           5.0.1      -> 5.0.1
 * [new tag]           5.1.0      -> 5.1.0
 * [new tag]           5.1.1      -> 5.1.1
 * [new tag]           5.1.10     -> 5.1.10
 * [new tag]           5.1.11     -> 5.1.11
 * [new tag]           5.2.0      -> 5.2.0
 * [new tag]           5.2.1      -> 5.2.1
 * [new tag]           5.2.2      -> 5.2.2
 * [new tag]           5.2.3      -> 5.2.3
 * [new tag]           5.2.4      -> 5.2.4
 * [new tag]           5.3.0      -> 5.3.0
 * [new tag]           5.4.0      -> 5.4.0
 * [new tag]           5.4.1      -> 5.4.1
 * [new tag]           5.5.0      -> 5.5.0
 * [new tag]           5.6.0      -> 5.6.0
 * [new tag]           5.6.1      -> 5.6.1
 * [new tag]           5.6.2      -> 5.6.2
 * [new tag]           5.7.0      -> 5.7.0
 * [new tag]           5.7.1      -> 5.7.1
 * [new tag]           5.8.0      -> 5.8.0
 * [new tag]           5.8.1      -> 5.8.1
 * [new tag]           5.8.2      -> 5.8.2
 * [new tag]           5.9.0      -> 5.9.0
Building the following tags: 5.9.0 origin/master (latest tag is 5.9.0)
Skipping repository .go/pkg/dep/sources/https---github.com-linuxkit-linuxkit
Skipping repository .go/pkg/dep/sources/https---github.com-moby-hyperkit
Skipping repository .go/pkg/dep/sources/https---github.com-gorilla-context
Skipping repository .go/pkg/dep/sources/https---github.com-theupdateframework-notary
Skipping repository .go/pkg/dep/sources/https---github.com-mitchellh-go--ps
Skipping repository .go/pkg/dep/sources/https---github.com-golang-appengine
Skipping repository .go/pkg/dep/sources/https---github.com-xeipuuv-gojsonschema
Skipping repository .go/pkg/dep/sources/https---go.googlesource.com-net
Skipping repository .go/pkg/dep/sources/https---github.com-xeipuuv-gojsonpointer
Skipping repository .go/pkg/dep/sources/https---github.com-Azure-azure--sdk--for--go
Skipping repository .go/pkg/dep/sources/https---github.com-moby-tool
Skipping repository .go/pkg/dep/sources/https---github.com-Azure-go--ansiterm
Skipping repository .go/pkg/dep/sources/https---github.com-moby-vpnkit
Skipping repository .go/pkg/dep/sources/https---github.com-moul-anonuuid
Skipping repository .go/pkg/dep/sources/https---github.com-Azure-go--autorest
Skipping repository .go/pkg/dep/sources/https---github.com-moul-gotty--client
Skipping repository .go/pkg/dep/sources/https---github.com-Microsoft-go--winio
Skipping repository .go/pkg/dep/sources/https---github.com-agl-ed25519
Skipping repository .go/pkg/dep/sources/https---github.com-aws-aws--sdk--go
Skipping repository .go/pkg/dep/sources/https---github.com-containerd-containerd
Skipping repository .go/pkg/dep/sources/https---github.com-opencontainers-go--digest
Skipping repository .go/pkg/dep/sources/https---github.com-opencontainers-image--spec
Skipping repository .go/pkg/dep/sources/https---github.com-opencontainers-runtime--spec
Skipping repository .go/pkg/dep/sources/https---github.com-packethost-packngo
Skipping repository .go/pkg/dep/sources/https---github.com-pkg-errors
Skipping repository .go/pkg/dep/sources/https---github.com-radu--matei-azure--sdk--for--go
Skipping repository .go/pkg/dep/sources/https---github.com-radu--matei-azure--vhd--utils
Skipping repository .go/pkg/dep/sources/https---github.com-renstrom-fuzzysearch
Skipping repository .go/pkg/dep/sources/https---github.com-rn-iso9660wrap
Skipping repository .go/pkg/dep/sources/https---github.com-creack-goselect
Skipping repository .go/pkg/dep/sources/https---github.com-dgrijalva-jwt--go
Skipping repository .go/pkg/dep/sources/https---github.com-docker-distribution
Skipping repository .go/pkg/dep/sources/https---github.com-docker-docker
Skipping repository .go/pkg/dep/sources/https---github.com-docker-go
Skipping repository .go/pkg/dep/sources/https---github.com-docker-go--connections
Skipping repository .go/pkg/dep/sources/https---github.com-docker-go--units
Skipping repository .go/pkg/dep/sources/https---github.com-jmespath-go--jmespath
Skipping repository .go/pkg/dep/sources/https---github.com-scaleway-go--scaleway
Skipping repository .go/pkg/dep/sources/https---github.com-go--ini-ini
Skipping repository .go/pkg/dep/sources/https---github.com-gorilla-mux
Skipping repository .go/pkg/dep/sources/https---github.com-gogo-protobuf
Skipping repository .go/pkg/dep/sources/https---github.com-gorilla-websocket
Skipping repository .go/pkg/dep/sources/https---github.com-vmware-govmomi
Skipping repository .go/pkg/dep/sources/https---github.com-sirupsen-logrus
Skipping repository .go/pkg/dep/sources/https---gopkg.in-yaml.v2
Skipping repository .go/pkg/dep/sources/https---github.com-golang-protobuf
Skipping repository .go/pkg/dep/sources/https---github.com-docker-go--p9p
Skipping repository .go/pkg/dep/sources/https---github.com-google-uuid
Skipping repository .go/pkg/dep/sources/https---github.com-gophercloud-gophercloud
Skipping repository .go/pkg/dep/sources/https---github.com-xeipuuv-gojsonreference
Skipping repository .go/pkg/dep/sources/https---github.com-moby-datakit
Skipping repository .go/pkg/dep/sources/https---github.com-surma-gocpio
Skipping repository .go/pkg/dep/sources/https---github.com-miekg-pkcs11
Skipping repository .go/pkg/dep/sources/https---go.googlesource.com-sync
Skipping repository .go/pkg/dep/sources/https---go.googlesource.com-oauth2
Skipping repository .go/pkg/dep/sources/https---code.googlesource.com-gocloud
Skipping repository .go/pkg/dep/sources/https---go.googlesource.com-sys
Skipping repository .go/pkg/dep/sources/https---go.googlesource.com-crypto
Skipping repository .go/pkg/dep/sources/https---code.googlesource.com-google--api--go--client
Skipping repository .go/pkg/dep/sources/https---github.com-census--instrumentation-opencensus--go
Skipping repository .go/pkg/dep/sources/https---github.com-googleapis-gax--go
Skipping repository .go/pkg/dep/sources/https---github.com-grpc-grpc--go
Skipping repository .go/pkg/dep/sources/https---github.com-konsorten-go--windows--terminal--sequences
Skipping repository .go/pkg/dep/sources/https---github.com-golang-groupcache
Skipping repository .go/pkg/dep/sources/https---github.com-google-go--genproto
Skipping repository .go/pkg/dep/sources/https---go.googlesource.com-text
HEAD is now at 5d02bd95 Setting default server to prod
Creating go builder image for user zededa-ci
eve-build-zededa-ci docker container is ready to use
Done building /home/zededa-ci/src/eve/build-tools/bin/linuxkit
Building and pushing "lfedge/eve-acrn:5.9.0"
5.9.0: Pulling from lfedge/eve-acrn
Digest: sha256:f934e752b6ba5f123cd96b3196a1d27e95e575138474455c3b487661003fbf84
Status: Image is up to date for lfedge/eve-acrn:5.9.0
Building and pushing "lfedge/eve-acrn-kernel:5.9.0"
5.9.0: Pulling from lfedge/eve-acrn-kernel
Digest: sha256:2322a8264b570edbb10b268bbad8ae88ba3e2731a3df3f2f7dfef08f88924231
Status: Image is up to date for lfedge/eve-acrn-kernel:5.9.0
Building and pushing "lfedge/eve-alpine:5.9.0"
5.9.0: Pulling from lfedge/eve-alpine
Digest: sha256:02d09fdb2e3236bfbc2167193d021a610968170a33edc1d6b95c628677c666fc
Status: Image is up to date for lfedge/eve-alpine:5.9.0
Building and pushing "lfedge/eve-debug:5.9.0"
5.9.0: Pulling from lfedge/eve-debug
Digest: sha256:a8f04ba639c32a95974024f8fe71c567754ebf32cf579d064cff0523252056ef
Status: Image is up to date for lfedge/eve-debug:5.9.0
Building and pushing "lfedge/eve-dnsmasq:5.9.0"
5.9.0: Pulling from lfedge/eve-dnsmasq
Digest: sha256:ac7a1132c57d8c1e1c56194c021355bd889ed1f702f3bd105520f51f7cf4da03
Status: Image is up to date for lfedge/eve-dnsmasq:5.9.0
Building and pushing "lfedge/eve-dom0-ztools:5.9.0"
5.9.0: Pulling from lfedge/eve-dom0-ztools
Digest: sha256:0ee73366cc60d30d7f1e75b8bf677647a5e00e4a00d556c3d20cf8207b6afd46
Status: Image is up to date for lfedge/eve-dom0-ztools:5.9.0
Building and pushing "lfedge/eve-fw:5.9.0"
5.9.0: Pulling from lfedge/eve-fw
Digest: sha256:28c1eac90004b8b107be6b461e4a332c9ff79452de18cce1bdafcb434d203621
Status: Image is up to date for lfedge/eve-fw:5.9.0
Building and pushing "lfedge/eve-gpt-tools:5.9.0"
5.9.0: Pulling from lfedge/eve-gpt-tools
Digest: sha256:4a54552de7b55ab3559508b280d69e35084c433ad32d6281512aabd38d61d0a0
Status: Image is up to date for lfedge/eve-gpt-tools:5.9.0
Building and pushing "lfedge/eve-grub:5.9.0"
5.9.0: Pulling from lfedge/eve-grub
Digest: sha256:1193c0da5691f2ca7738267182446fb024c175c4adbe0abf856eb6389c869127
Status: Image is up to date for lfedge/eve-grub:5.9.0
Building and pushing "lfedge/eve-guacd:5.9.0"
5.9.0: Pulling from lfedge/eve-guacd
Digest: sha256:79afff348b6ae49856874c50f3e3d6db00b31a1fa923b9c06c72448048b01fb1
Status: Image is up to date for lfedge/eve-guacd:5.9.0
Building and pushing "lfedge/eve-k3s:5.9.0"
5.9.0: Pulling from lfedge/eve-k3s
Digest: sha256:878feeee4e4026b8ab4611e1c8bb3b097f5623508b5f45e24098e5b0cd0ffe09
Status: Image is up to date for lfedge/eve-k3s:5.9.0
Building and pushing "lfedge/eve-kernel:5.9.0"
5.9.0: Pulling from lfedge/eve-kernel
Digest: sha256:a4ae8c8d45bdab4d4d644591834ae07e7b68d6e58ce8657c248819bdc9697b37
Status: Image is up to date for lfedge/eve-kernel:5.9.0
Building and pushing "lfedge/eve-lisp:5.9.0"
5.9.0: Pulling from lfedge/eve-lisp
Digest: sha256:7010b8393bc1a56d0ee3e7b372edc311f0dc743aec01440a037a7354acf65a35
Status: Image is up to date for lfedge/eve-lisp:5.9.0
Building and pushing "lfedge/eve-mkconf:5.9.0"
5.9.0: Pulling from lfedge/eve-mkconf
Digest: sha256:374d51146d13d77b04c08c01cad0696111d6dee87e2e809148b95c4a16801dcb
Status: Image is up to date for lfedge/eve-mkconf:5.9.0
Building and pushing "lfedge/eve-mkimage-iso-efi:5.9.0"
5.9.0: Pulling from lfedge/eve-mkimage-iso-efi
Digest: sha256:5345adb8a77244945d8a4570527020ad329e3481e224f9a90069312e461f4b6d
Status: Image is up to date for lfedge/eve-mkimage-iso-efi:5.9.0
Building and pushing "lfedge/eve-mkimage-raw-efi:5.9.0"
5.9.0: Pulling from lfedge/eve-mkimage-raw-efi
Digest: sha256:c163d1c04137edc524d7a94aa6001792ca79b85419ebe35b15637dba03f14606
Status: Image is up to date for lfedge/eve-mkimage-raw-efi:5.9.0
Building and pushing "lfedge/eve-mkrootfs-ext4:5.9.0"
5.9.0: Pulling from lfedge/eve-mkrootfs-ext4
Digest: sha256:27d76266ed4766e7ea8cbc1e4236a0e1ca090bbd8bcbc911d53df4efefa330cb
Status: Image is up to date for lfedge/eve-mkrootfs-ext4:5.9.0
Building and pushing "lfedge/eve-mkrootfs-squash:5.9.0"
5.9.0: Pulling from lfedge/eve-mkrootfs-squash
Digest: sha256:302f850b06741c8216668250b856e64e651c9cfc11ce8e41c6d9370b79ddbcbe
Status: Image is up to date for lfedge/eve-mkrootfs-squash:5.9.0
Building and pushing "lfedge/eve-new-kernel:5.9.0"
5.9.0: Pulling from lfedge/eve-new-kernel
Digest: sha256:e7c41bb0a7428a89638c1d81c9f3c7833dec6b11b5cafa54560a4e89fb64380f
Status: Image is up to date for lfedge/eve-new-kernel:5.9.0
Building and pushing "lfedge/eve-strongswan:5.9.0"
5.9.0: Pulling from lfedge/eve-strongswan
Digest: sha256:0df3963ee1fd18b0ef0606a943090f366da31e4e2e33c98cae28839777af870f
Status: Image is up to date for lfedge/eve-strongswan:5.9.0
Building and pushing "lfedge/eve-pillar:5.9.0"
5.9.0: Pulling from lfedge/eve-pillar
Digest: sha256:2fe321c597b84728fffb67f978f06bdf83dd18d777ae719f978abd2ca9298278
Status: Image is up to date for lfedge/eve-pillar:5.9.0
Building and pushing "lfedge/eve-uefi:5.9.0"
5.9.0: Pulling from lfedge/eve-uefi
Digest: sha256:ebbc3291d16987dcb9ab5cd03d73cfbedacfe29d25ccc57a251a64192b719756
Status: Image is up to date for lfedge/eve-uefi:5.9.0
Building and pushing "lfedge/eve-xen-tools:5.9.0"
5.9.0: Pulling from lfedge/eve-xen-tools
Digest: sha256:aeb7307e00247c9b16a0930dd9d0e264bca6bb862c8288687741cece682deb28
Status: Image is up to date for lfedge/eve-xen-tools:5.9.0
Building and pushing "lfedge/eve-qrexec-lib:5.9.0"
5.9.0: Pulling from lfedge/eve-qrexec-lib
Digest: sha256:7a5b7a5f9d53a4acab5b6c281e0478783a85a069693fc773258f8ae0095e48e6
Status: Image is up to date for lfedge/eve-qrexec-lib:5.9.0
Building and pushing "lfedge/eve-qrexec-dom0:5.9.0"
5.9.0: Pulling from lfedge/eve-qrexec-dom0
Digest: sha256:1b68b0400e243f4214140213a3759a826778afc11244427c6ed28e15a7a04787
Status: Image is up to date for lfedge/eve-qrexec-dom0:5.9.0
Building and pushing "lfedge/eve-rngd:5.9.0"
5.9.0: Pulling from lfedge/eve-rngd
Digest: sha256:1385af3815787190db5fbc42cfc6ed1fd4358f1dc265655c38fb34d750beb71f
Status: Image is up to date for lfedge/eve-rngd:5.9.0
Building and pushing "lfedge/eve-rsyslog:5.9.0"
5.9.0: Pulling from lfedge/eve-rsyslog
Digest: sha256:05762e9c6343f745300fe8665dabed8c4f6c3603744b49ff53e012baca8361b2
Status: Image is up to date for lfedge/eve-rsyslog:5.9.0
Building and pushing "lfedge/eve-storage-init:5.9.0"
5.9.0: Pulling from lfedge/eve-storage-init
Digest: sha256:fb945840316379b3601ee93a0f4d87a0885d2dd668268697251c341e4b601fce
Status: Image is up to date for lfedge/eve-storage-init:5.9.0
Building and pushing "lfedge/eve-u-boot:5.9.0"
5.9.0: Pulling from lfedge/eve-u-boot
Digest: sha256:c4dc40ee13c1e5d45a77f8e7b03c03387bf580a6f2a2a05cc143fdb602f10c8c
Status: Image is up to date for lfedge/eve-u-boot:5.9.0
Building and pushing "lfedge/eve-vtpm:5.9.0"
5.9.0: Pulling from lfedge/eve-vtpm
Digest: sha256:5609724a317e5a9b1540ec0f23bedb07831247d7772867784644ab049fd128a1
Status: Image is up to date for lfedge/eve-vtpm:5.9.0
Building and pushing "lfedge/eve-watchdog:5.9.0"
5.9.0: Pulling from lfedge/eve-watchdog
Digest: sha256:54bac7a833525bc1034e4bf0970a445ec1f1956ac954e0751354e362a8811183
Status: Image is up to date for lfedge/eve-watchdog:5.9.0
Building and pushing "lfedge/eve-wlan:5.9.0"
5.9.0: Pulling from lfedge/eve-wlan
Digest: sha256:8f3e4edc9972c65b012e07026efaa98c5121394796c3cbb99b932c61b554aa37
Status: Image is up to date for lfedge/eve-wlan:5.9.0
Building and pushing "lfedge/eve-wwan:5.9.0"
5.9.0: Pulling from lfedge/eve-wwan
Digest: sha256:b233b0cf72c9dd7ed05a7490b3f953ed4df043cf82f478a4b22aef01e92ea908
Status: Image is up to date for lfedge/eve-wwan:5.9.0
Building and pushing "lfedge/eve-xen:5.9.0"
5.9.0: Pulling from lfedge/eve-xen
Digest: sha256:8b61e4955ead4cef3cbdb9f926ce4a2bfe60557ec6eae1d4e0b74f0d7e40776e
Status: Image is up to date for lfedge/eve-xen:5.9.0
Done building packages
rm pkg/qrexec-dom0/Dockerfile pkg/xen-tools/Dockerfile pkg/qrexec-lib/Dockerfile pkg/pillar/Dockerfile
Creating go builder image for user zededa-ci
eve-build-zededa-ci docker container is ready to use
mkdir -p /home/zededa-ci/src/eve/dist/arm64
cd /home/zededa-ci/src/eve/dist/arm64 ; _() { C=`docker create $1 fake` ; shift ; docker export $C | tar -xf - "$@" ; docker rm $C ; } ; _ lfedge/eve-uefi:279fad09317f1f87099e91ab2dac7c0ecfad5410-arm64 OVMF.fd
d43e404408e4c05037b7a8f567c29c780b5b6e028cf7ac88593bfb22b7776b9e
cd /home/zededa-ci/src/eve/dist/arm64 ; _() { C=`docker create $1 fake` ; shift ; docker export $C | tar -xf - "$@" ; docker rm $C ; } ; _ lfedge/eve-uefi:279fad09317f1f87099e91ab2dac7c0ecfad5410-arm64 OVMF_CODE.fd
tar: OVMF_CODE.fd: Not found in archive
tar: Exiting with failure status due to previous errors
4ff9482df97a349d8cfcaa40b3fcaae5db5fcac62b555efd4e6cacd128bcb665
cd /home/zededa-ci/src/eve/dist/arm64 ; _() { C=`docker create $1 fake` ; shift ; docker export $C | tar -xf - "$@" ; docker rm $C ; } ; _ lfedge/eve-uefi:279fad09317f1f87099e91ab2dac7c0ecfad5410-arm64 OVMF_VARS.fd
0424885a7241cb6e4ef23fb8f9c908b6897be5eb0967c63d68ab4d7c2eda0079
mkdir -p /home/zededa-ci/src/eve/dist/arm64/installer
cd /home/zededa-ci/src/eve/dist/arm64/installer ; _() { C=`docker create $1 fake` ; shift ; docker export $C | tar -xf - "$@" ; docker rm $C ; } ; _ lfedge/eve-grub:ff333a29ed1c22b0161d2230f8275a741496362c-arm64 EFI
34d036eaf525fcf59cd95bc544bbaf1779b610053a7e985e291325c1c177bd00
./tools/makeconfig.sh /home/zededa-ci/src/eve/dist/arm64/installer/config.img conf/authorized_keys conf/DevicePortConfig conf/grub.cfg conf/onboard.cert.pem conf/onboard.key.pem conf/root-certificate.pem conf/server conf/v2tlsbaseroot-certificates.pem
1024+0 records in
1024+0 records out
mkfs.fat 4.1 (2017-01-24)
/config.img has 64 heads and 32 sectors per track,
hidden sectors 0x0000;
logical sector size is 512,
using 0xf8 media descriptor, with 2048 sectors;
drive number 0x80;
filesystem has 2 12-bit FATs and 4 sectors per cluster.
FAT size is 2 sectors, and provides 502 clusters.
There is 1 reserved sector.
Root directory contains 512 slots and uses 32 sectors.
Volume ID is ad39f29e, volume label EVE        .
cd /home/zededa-ci/src/eve/dist/arm64/installer ; _() { C=`docker create $1 fake` ; shift ; docker export $C | tar -xf - "$@" ; docker rm $C ; } ; _ lfedge/eve-mkimage-raw-efi:73d534381d5d3df4fb08cacb03022ce4754efda8-arm64 initrd.img EFI
586002bc45f8c004812ff10b10b5f5da6e142c42ef8d71a6f85b7f82b9ac8ff8
Done building /home/zededa-ci/src/eve/build-tools/bin/linuxkit
patching file images/rootfs-rpi-xen.yml.in.sed (read from images/rootfs.yml.in)
./tools/makerootfs.sh images/rootfs-rpi-xen.yml /home/zededa-ci/src/eve/dist/arm64/installer/rootfs-5.9.0-rpi-xen-arm64.squash squash
Extract kernel image: lfedge/eve-new-kernel:5.9.0-arm64
Add init containers:
Process init image: linuxkit/init:v0.5-arm64
time="2020-08-15T08:04:25+02:00" level=warning msg="targets/justin metadata is nearing expiry, you should re-sign the role metadata"
time="2020-08-15T08:04:25+02:00" level=warning msg="targets metadata is nearing expiry, you should re-sign the role metadata"
Process init image: linuxkit/runc:f79954950022fea76b8b6f10de58cb48e4fb3878-arm64
time="2020-08-15T08:04:32+02:00" level=error msg="Metadata for targets/riyaz expired"
time="2020-08-15T08:04:32+02:00" level=error msg="Metadata for targets/riyaz expired"
time="2020-08-15T08:04:32+02:00" level=warning msg="Error getting targets/riyaz: targets/riyaz expired at Mon May 25 15:32:34 -0700 2020"
time="2020-08-15T08:04:32+02:00" level=warning msg="targets metadata is nearing expiry, you should re-sign the role metadata"
time="2020-08-15T08:04:32+02:00" level=warning msg="targets/justin metadata is nearing expiry, you should re-sign the role metadata"
Process init image: linuxkit/containerd:6ef473a228db6f6ee163f9b9a051102a1552a4ef-arm64
time="2020-08-15T08:04:38+02:00" level=error msg="Metadata for targets/riyaz expired"
time="2020-08-15T08:04:38+02:00" level=error msg="Metadata for targets/riyaz expired"
time="2020-08-15T08:04:38+02:00" level=warning msg="Error getting targets/riyaz: targets/riyaz expired at Sat Jun 6 08:35:43 -0700 2020"
time="2020-08-15T08:04:38+02:00" level=warning msg="targets metadata is nearing expiry, you should re-sign the role metadata"
time="2020-08-15T08:04:38+02:00" level=warning msg="targets/justin metadata is nearing expiry, you should re-sign the role metadata"
Process init image: linuxkit/getty:v0.5-arm64
time="2020-08-15T08:04:44+02:00" level=error msg="Metadata for targets/justin expired"
time="2020-08-15T08:04:45+02:00" level=error msg="Metadata for targets/justin expired"
time="2020-08-15T08:04:45+02:00" level=warning msg="Error getting targets/justin: targets/justin expired at Thu Jul 30 20:41:57 +0100 2020"
time="2020-08-15T08:04:45+02:00" level=warning msg="targets/riyaz metadata is nearing expiry, you should re-sign the role metadata"
time="2020-08-15T08:04:45+02:00" level=warning msg="targets metadata is nearing expiry, you should re-sign the role metadata"
Process init image: linuxkit/memlogd:v0.5-arm64
Process init image: lfedge/eve-grub:5.9.0-arm64
Process init image: lfedge/eve-fw:5.9.0-arm64
Process init image: lfedge/eve-xen:5.9.0-arm64
Process init image: lfedge/eve-gpt-tools:5.9.0-arm64
Process init image: lfedge/eve-dom0-ztools:5.9.0-arm64
Add onboot containers:
  Create OCI config for lfedge/eve-storage-init:5.9.0-arm64
  Create OCI config for linuxkit/sysctl:v0.5-arm64
time="2020-08-15T08:05:14+02:00" level=warning msg="targets metadata is nearing expiry, you should re-sign the role metadata"
time="2020-08-15T08:05:14+02:00" level=warning msg="targets/justin metadata is nearing expiry, you should re-sign the role metadata"
time="2020-08-15T08:05:14+02:00" level=warning msg="targets/ian metadata is nearing expiry, you should re-sign the role metadata"
  Create OCI config for lfedge/eve-rngd:5.9.0-arm64
  Create OCI config for linuxkit/modprobe:v0.5-arm64
time="2020-08-15T08:05:23+02:00" level=warning msg="targets metadata is nearing expiry, you should re-sign the role metadata"
time="2020-08-15T08:05:23+02:00" level=warning msg="targets/ian metadata is nearing expiry, you should re-sign the role metadata"
Add service containers:
  Create OCI config for lfedge/eve-rsyslog:5.9.0-arm64
  Create OCI config for linuxkit/openntpd:v0.5-arm64
time="2020-08-15T08:05:32+02:00" level=error msg="Metadata for targets/justin expired"
time="2020-08-15T08:05:32+02:00" level=error msg="Metadata for targets/justin expired"
time="2020-08-15T08:05:32+02:00" level=warning msg="Error getting targets/justin: targets/justin expired at Fri Jul 24 16:25:30 +0100 2020"
time="2020-08-15T08:05:32+02:00" level=error msg="Metadata for targets/riyaz expired"
time="2020-08-15T08:05:32+02:00" level=error msg="Metadata for targets/riyaz expired"
time="2020-08-15T08:05:32+02:00" level=warning msg="Error getting targets/riyaz: targets/riyaz expired at Mon May 25 15:06:33 -0700 2020"
time="2020-08-15T08:05:32+02:00" level=warning msg="targets metadata is nearing expiry, you should re-sign the role metadata"
time="2020-08-15T08:05:32+02:00" level=warning msg="targets/ian metadata is nearing expiry, you should re-sign the role metadata"
  Create OCI config for linuxkit/sshd:v0.5-arm64
time="2020-08-15T08:05:38+02:00" level=error msg="Metadata for targets/justin expired"
time="2020-08-15T08:05:38+02:00" level=error msg="Metadata for targets/justin expired"
time="2020-08-15T08:05:38+02:00" level=warning msg="Error getting targets/justin: targets/justin expired at Fri May 29 15:28:54 +0100 2020"
time="2020-08-15T08:05:38+02:00" level=error msg="Metadata for targets/riyaz expired"
time="2020-08-15T08:05:38+02:00" level=error msg="Metadata for targets/riyaz expired"
time="2020-08-15T08:05:38+02:00" level=warning msg="Error getting targets/riyaz: targets/riyaz expired at Sun Jul 19 14:46:17 -0700 2020"
time="2020-08-15T08:05:38+02:00" level=warning msg="targets metadata is nearing expiry, you should re-sign the role metadata"
  Create OCI config for lfedge/eve-wwan:5.9.0-arm64
  Create OCI config for lfedge/eve-wlan:5.9.0-arm64
  Create OCI config for lfedge/eve-lisp:5.9.0-arm64
  Create OCI config for lfedge/eve-guacd:5.9.0-arm64
  Create OCI config for lfedge/eve-pillar:5.9.0-arm64
  Create OCI config for lfedge/eve-vtpm:5.9.0-arm64
  Create OCI config for lfedge/eve-watchdog:5.9.0-arm64
  Create OCI config for lfedge/eve-xen-tools:5.9.0-arm64
Add files:
  /etc/eve-release
Parallel mksquashfs: Using 4 processors
Creating 4.0 filesystem on /rootfs.img, block size 131072.
[===-                                                        ]  1200/21872   5%[======================-                                     ]  8300/21872  37%[============================|                               ] 10400/21872  47%[===============================================/            ] 17700/21872  80%[================================================|           ] 17800/21872  81%[====================================================-       ] 19600/21872  89%[===========================================================|] 21872/21872 100%

Exportable Squashfs 4.0 filesystem, gzip compressed, data block size 131072
	compressed data, compressed metadata, compressed fragments, compressed xattrs
	duplicates are removed
Filesystem size 245680.59 Kbytes (239.92 Mbytes)
	33.23% of uncompressed filesystem size (739364.92 Kbytes)
Inode table size 247472 bytes (241.67 Kbytes)
	25.10% of uncompressed inode table size (986068 bytes)
Directory table size 269442 bytes (263.13 Kbytes)
	45.65% of uncompressed directory table size (590267 bytes)
Number of duplicate files found 8734
Number of inodes 25357
Number of files 17280
Number of fragments 749
Number of symbolic links  5980
Number of device nodes 4
Number of fifo nodes 0
Number of socket nodes 0
Number of directories 2093
Number of ids (unique uids + gids) 3
Number of uids 1
	root (0)
Number of gids 3
	root (0)
	shadow (42)
	tty (5)
cd /home/zededa-ci/src/eve/dist/arm64/installer ; _() { C=`docker create $1 fake` ; shift ; docker export $C | tar -xf - "$@" ; docker rm $C ; } ; _ lfedge/eve-u-boot:d4c47072ebe9022d8bfd9e41077b755afd7520d8-arm64 boot
061f86dad506760e35ce1f47be496e897510d4533e1932b29de0c0453a5e4b4f
cp pkg/eve/build.yml pkg/eve/runme.sh images/*.yml /home/zededa-ci/src/eve/dist/arm64
EVE_HASH=5.9.0 DOCKER_ARCH_TAG=arm64 ./tools/parse-pkgs.sh pkg/eve/Dockerfile.in > /home/zededa-ci/src/eve/dist/arm64/Dockerfile
/home/zededa-ci/src/eve/build-tools/bin/linuxkit pkg push --disable-content-trust --hash-path /home/zededa-ci/src/eve --hash 5.9.0-rpi-xen --release latest --force --disable-cache /home/zededa-ci/src/eve/dist/arm64
Building and pushing "lfedge/eve:5.9.0-rpi-xen"
Sending build context to Docker daemon  267.2MB
Step 1/17 : FROM alpine:3.9.4 as tools
 ---> ce544de9ee2c
Step 2/17 : RUN mkdir -p /out/etc/apk /out/boot && cp -r /etc/apk/* /out/etc/apk/
 ---> Running in 8578d07432dc
 ---> a8b228aadf2f
Removing intermediate container 8578d07432dc
Step 3/17 : RUN apk add --no-cache --initdb -p /out qemu-img=3.1.0-r3 tar=1.32-r0
 ---> Running in d26560493b0c
fetch http://dl-cdn.alpinelinux.org/alpine/v3.9/main/aarch64/APKINDEX.tar.gz
fetch http://dl-cdn.alpinelinux.org/alpine/v3.9/community/aarch64/APKINDEX.tar.gz
(1/19) Installing libaio (0.3.111-r0)
(2/19) Installing musl (1.1.20-r5)
(3/19) Installing busybox (1.29.3-r10)
Executing busybox-1.29.3-r10.post-install
(4/19) Installing libffi (3.2.1-r6)
(5/19) Installing libintl (0.19.8.1-r4)
(6/19) Installing libuuid (2.33-r0)
(7/19) Installing libblkid (2.33-r0)
(8/19) Installing libmount (2.33-r0)
(9/19) Installing pcre (8.42-r1)
(10/19) Installing zlib (1.2.11-r1)
(11/19) Installing glib (2.58.1-r3)
(12/19) Installing gmp (6.1.2-r1)
(13/19) Installing nettle (3.4.1-r0)
(14/19) Installing p11-kit (0.23.14-r0)
(15/19) Installing libtasn1 (4.14-r0)
(16/19) Installing libunistring (0.9.10-r0)
(17/19) Installing gnutls (3.6.14-r0)
(18/19) Installing qemu-img (3.1.0-r3)
(19/19) Installing tar (1.32-r0)
Executing busybox-1.29.3-r10.trigger
Executing glib-2.58.1-r3.trigger
OK: 16 MiB in 19 packages
 ---> bed33c9a8aa7
Removing intermediate container d26560493b0c
Step 4/17 : FROM lfedge/eve-mkimage-iso-efi:5.9.0-arm64 as iso
 ---> 00c4193078ca
Step 5/17 : FROM lfedge/eve-mkimage-raw-efi:5.9.0-arm64 as raw
 ---> 75615f648e48
Step 6/17 : RUN rm /initrd.img
 ---> Running in 02dacc47de09
 ---> c89e87619d01
Removing intermediate container 02dacc47de09
Step 7/17 : FROM lfedge/eve-mkconf:5.9.0-arm64 as conf
 ---> 01c4d3e1f9a4
Step 8/17 : COPY --from=iso / /
 ---> 29fbeb0d0e2a
Step 9/17 : COPY --from=raw / /
 ---> 1e64bc52028f
Step 10/17 : COPY --from=tools /out/ /
 ---> 7aa6aeec4911
Step 11/17 : COPY installer /bits
 ---> c4b1029f0220
Step 12/17 : COPY OVMF* /firmware/
 ---> c7dbabd542db
Step 13/17 : COPY runme.sh /
 ---> 007c23f7612b
Step 14/17 : RUN mkdir /in /out
 ---> Running in a372a346f3e7
 ---> f33ae5e2df28
Removing intermediate container a372a346f3e7
Step 15/17 : WORKDIR /bits
 ---> 7db997010808
Removing intermediate container c8ad6316712c
Step 16/17 : ENTRYPOINT /runme.sh
 ---> Running in e45d90c75558
 ---> 653216b30a75
Removing intermediate container e45d90c75558
Step 17/17 : LABEL org.mobyproject.linuxkit.revision 'unknown' org.mobyproject.linuxkit.version 'unknown' org.opencontainers.image.revision '5d02bd951273aa5dc44a6fcddfa43326cf44bedd' org.opencontainers.image.source 'https://github.com/linuxkit/linuxkit'
 ---> Running in 686c816f0158
 ---> 18bbf5237076
Removing intermediate container 686c816f0158
Successfully built 18bbf5237076
Successfully tagged lfedge/eve:5.9.0-rpi-xen-arm64
Pushing lfedge/eve:5.9.0-rpi-xen-arm64
The push refers to a repository [docker.io/lfedge/eve]
2f00b5417a47: Preparing
84fa41cc2b06: Preparing
bf639ec26497: Preparing
61d6e6acf3c5: Preparing
c7a0cd7fed77: Preparing
79d91e14d8af: Preparing
5c1764b243b5: Preparing
4cf08b7b18c4: Preparing
79d91e14d8af: Waiting
5c1764b243b5: Waiting
4cf08b7b18c4: Waiting
84fa41cc2b06: Pushed
79d91e14d8af: Layer already exists
2f00b5417a47: Pushed
bf639ec26497: Pushed
5c1764b243b5: Layer already exists
4cf08b7b18c4: Layer already exists
c7a0cd7fed77: Pushed
61d6e6acf3c5: Pushed
5.9.0-rpi-xen-arm64: digest: sha256:6845938539e5dca2cea992bbb4ad83753f252d7d9b89031d808970665320a395 size: 1999
Pushing lfedge/eve:5.9.0-rpi-xen-arm64 to manifest lfedge/eve:5.9.0-rpi-xen
time="2020-08-15T08:10:19+02:00" level=warning msg="Couldn't find or access image reference \"lfedge/eve:5.9.0-rpi-xen-amd64\". Skipping image."
time="2020-08-15T08:10:22+02:00" level=warning msg="Couldn't find or access image reference \"lfedge/eve:5.9.0-rpi-xen-s390x\". Skipping image."
Digest: sha256:db9cbf97f25dc26b70d520f6c2bce0831a037900d51508dd62e31fffe5b5aac4 434
Not signing lfedge/eve:5.9.0-rpi-xen
Tagging lfedge/eve:5.9.0-rpi-xen-arm64 as lfedge/eve:latest-arm64
Pushing lfedge/eve:latest-arm64
The push refers to a repository [docker.io/lfedge/eve]
2f00b5417a47: Preparing
84fa41cc2b06: Preparing
bf639ec26497: Preparing
61d6e6acf3c5: Preparing
c7a0cd7fed77: Preparing
79d91e14d8af: Preparing
5c1764b243b5: Preparing
4cf08b7b18c4: Preparing
79d91e14d8af: Waiting
5c1764b243b5: Waiting
4cf08b7b18c4: Waiting
84fa41cc2b06: Layer already exists
2f00b5417a47: Layer already exists
bf639ec26497: Layer already exists
61d6e6acf3c5: Layer already exists
c7a0cd7fed77: Layer already exists
5c1764b243b5: Layer already exists
79d91e14d8af: Layer already exists
4cf08b7b18c4: Layer already exists
latest-arm64: digest: sha256:6845938539e5dca2cea992bbb4ad83753f252d7d9b89031d808970665320a395 size: 1999
Pushing lfedge/eve:latest-arm64 to manifest lfedge/eve:latest
time="2020-08-15T08:10:33+02:00" level=warning msg="Couldn't find or access image reference \"lfedge/eve:latest-s390x\". Skipping image."
Digest: sha256:73f6eea070af46b7c6f69988e85e7657d61e1a38788307b0459b35dea9c63032 743
Not signing lfedge/eve:latest
Build, push and release of "latest" complete, all done.
rm images/rootfs-rpi-xen.yml.in images/rootfs-rpi-xen.yml
Creating go builder image for user zededa-ci
eve-build-zededa-ci docker container is ready to use
mkdir -p /home/zededa-ci/src/eve/dist/arm64
cd /home/zededa-ci/src/eve/dist/arm64 ; _() { C=`docker create $1 fake` ; shift ; docker export $C | tar -xf - "$@" ; docker rm $C ; } ; _ lfedge/eve-uefi:279fad09317f1f87099e91ab2dac7c0ecfad5410-arm64 OVMF.fd
20635a39811a37f5a1006103898a218982b30753aa555bcea5179759124d55c8
cd /home/zededa-ci/src/eve/dist/arm64 ; _() { C=`docker create $1 fake` ; shift ; docker export $C | tar -xf - "$@" ; docker rm $C ; } ; _ lfedge/eve-uefi:279fad09317f1f87099e91ab2dac7c0ecfad5410-arm64 OVMF_CODE.fd
tar: OVMF_CODE.fd: Not found in archive
tar: Exiting with failure status due to previous errors
46dc0e7f3762c2af2fe899f1b5628e6494c7f664815ace321e97e2dbe9ed09a1
cd /home/zededa-ci/src/eve/dist/arm64 ; _() { C=`docker create $1 fake` ; shift ; docker export $C | tar -xf - "$@" ; docker rm $C ; } ; _ lfedge/eve-uefi:279fad09317f1f87099e91ab2dac7c0ecfad5410-arm64 OVMF_VARS.fd
e199421c0d4d38f58d8f951f90dec611bbaf89f26d0728b11fef123af41ccdd9
mkdir -p /home/zededa-ci/src/eve/dist/arm64/installer
cd /home/zededa-ci/src/eve/dist/arm64/installer ; _() { C=`docker create $1 fake` ; shift ; docker export $C | tar -xf - "$@" ; docker rm $C ; } ; _ lfedge/eve-grub:ff333a29ed1c22b0161d2230f8275a741496362c-arm64 EFI
cfe1d165a75bf550635450b56a9a710bc62e07cf5f41538e70a6745f6f6166fa
./tools/makeconfig.sh /home/zededa-ci/src/eve/dist/arm64/installer/config.img conf/authorized_keys conf/DevicePortConfig conf/grub.cfg conf/onboard.cert.pem conf/onboard.key.pem conf/root-certificate.pem conf/server conf/v2tlsbaseroot-certificates.pem
1024+0 records in
1024+0 records out
mkfs.fat 4.1 (2017-01-24)
/config.img has 64 heads and 32 sectors per track,
hidden sectors 0x0000;
logical sector size is 512,
using 0xf8 media descriptor, with 2048 sectors;
drive number 0x80;
filesystem has 2 12-bit FATs and 4 sectors per cluster.
FAT size is 2 sectors, and provides 502 clusters.
There is 1 reserved sector.
Root directory contains 512 slots and uses 32 sectors.
Volume ID is c62dc149, volume label EVE        .
cd /home/zededa-ci/src/eve/dist/arm64/installer ; _() { C=`docker create $1 fake` ; shift ; docker export $C | tar -xf - "$@" ; docker rm $C ; } ; _ lfedge/eve-mkimage-raw-efi:73d534381d5d3df4fb08cacb03022ce4754efda8-arm64 initrd.img EFI
9e218b2643294b690ab6305a7e762c5b9fcfdc2a5c4cf04e0cc3928d3fe5bc86
Done building /home/zededa-ci/src/eve/build-tools/bin/linuxkit
patching file images/rootfs-rpi-kvm.yml.in.sed (read from images/rootfs.yml.in)
./tools/makerootfs.sh images/rootfs-rpi-kvm.yml /home/zededa-ci/src/eve/dist/arm64/installer/rootfs-5.9.0-rpi-kvm-arm64.squash squash
Extract kernel image: lfedge/eve-new-kernel:5.9.0-arm64
Add init containers:
Process init image: linuxkit/init:v0.5-arm64
time="2020-08-15T08:10:56+02:00" level=warning msg="targets metadata is nearing expiry, you should re-sign the role metadata"
time="2020-08-15T08:10:56+02:00" level=warning msg="targets/justin metadata is nearing expiry, you should re-sign the role metadata"
Process init image: linuxkit/runc:f79954950022fea76b8b6f10de58cb48e4fb3878-arm64
time="2020-08-15T08:11:01+02:00" level=error msg="Metadata for targets/riyaz expired"
time="2020-08-15T08:11:01+02:00" level=error msg="Metadata for targets/riyaz expired"
time="2020-08-15T08:11:01+02:00" level=warning msg="Error getting targets/riyaz: targets/riyaz expired at Mon May 25 15:32:34 -0700 2020"
time="2020-08-15T08:11:01+02:00" level=warning msg="targets metadata is nearing expiry, you should re-sign the role metadata"
time="2020-08-15T08:11:01+02:00" level=warning msg="targets/justin metadata is nearing expiry, you should re-sign the role metadata"
Process init image: linuxkit/containerd:6ef473a228db6f6ee163f9b9a051102a1552a4ef-arm64
time="2020-08-15T08:11:06+02:00" level=error msg="Metadata for targets/riyaz expired"
time="2020-08-15T08:11:06+02:00" level=error msg="Metadata for targets/riyaz expired"
time="2020-08-15T08:11:06+02:00" level=warning msg="Error getting targets/riyaz: targets/riyaz expired at Sat Jun 6 08:35:43 -0700 2020"
time="2020-08-15T08:11:06+02:00" level=warning msg="targets metadata is nearing expiry, you should re-sign the role metadata"
time="2020-08-15T08:11:06+02:00" level=warning msg="targets/justin metadata is nearing expiry, you should re-sign the role metadata"
Process init image: linuxkit/getty:v0.5-arm64
time="2020-08-15T08:11:11+02:00" level=error msg="Metadata for targets/justin expired"
time="2020-08-15T08:11:11+02:00" level=error msg="Metadata for targets/justin expired"
time="2020-08-15T08:11:11+02:00" level=warning msg="Error getting targets/justin: targets/justin expired at Thu Jul 30 20:41:57 +0100 2020"
time="2020-08-15T08:11:11+02:00" level=warning msg="targets/riyaz metadata is nearing expiry, you should re-sign the role metadata"
time="2020-08-15T08:11:11+02:00" level=warning msg="targets metadata is nearing expiry, you should re-sign the role metadata"
Process init image: linuxkit/memlogd:v0.5-arm64
Process init image: lfedge/eve-grub:5.9.0-arm64
Process init image: lfedge/eve-fw:5.9.0-arm64
Process init image: lfedge/eve-xen:5.9.0-arm64
Process init image: lfedge/eve-gpt-tools:5.9.0-arm64
Process init image: lfedge/eve-dom0-ztools:5.9.0-arm64
Add onboot containers:
  Create OCI config for lfedge/eve-storage-init:5.9.0-arm64
  Create OCI config for linuxkit/sysctl:v0.5-arm64
time="2020-08-15T08:11:31+02:00" level=warning msg="targets metadata is nearing expiry, you should re-sign the role metadata"
time="2020-08-15T08:11:31+02:00" level=warning msg="targets/justin metadata is nearing expiry, you should re-sign the role metadata"
time="2020-08-15T08:11:31+02:00" level=warning msg="targets/ian metadata is nearing expiry, you should re-sign the role metadata"
  Create OCI config for lfedge/eve-rngd:5.9.0-arm64
  Create OCI config for linuxkit/modprobe:v0.5-arm64
time="2020-08-15T08:11:36+02:00" level=warning msg="targets metadata is nearing expiry, you should re-sign the role metadata"
time="2020-08-15T08:11:36+02:00" level=warning msg="targets/ian metadata is nearing expiry, you should re-sign the role metadata"
Add service containers:
  Create OCI config for lfedge/eve-rsyslog:5.9.0-arm64
  Create OCI config for linuxkit/openntpd:v0.5-arm64
time="2020-08-15T08:11:42+02:00" level=error msg="Metadata for targets/justin expired"
time="2020-08-15T08:11:42+02:00" level=error msg="Metadata for targets/justin expired"
time="2020-08-15T08:11:42+02:00" level=warning msg="Error getting targets/justin: targets/justin expired at Fri Jul 24 16:25:30 +0100 2020"
time="2020-08-15T08:11:42+02:00" level=error msg="Metadata for targets/riyaz expired"
time="2020-08-15T08:11:42+02:00" level=error msg="Metadata for targets/riyaz expired"
time="2020-08-15T08:11:42+02:00" level=warning msg="Error getting targets/riyaz: targets/riyaz expired at Mon May 25 15:06:33 -0700 2020"
time="2020-08-15T08:11:42+02:00" level=warning msg="targets metadata is nearing expiry, you should re-sign the role metadata"
time="2020-08-15T08:11:42+02:00" level=warning msg="targets/ian metadata is nearing expiry, you should re-sign the role metadata"
  Create OCI config for linuxkit/sshd:v0.5-arm64
time="2020-08-15T08:11:47+02:00" level=error msg="Metadata for targets/justin expired"
time="2020-08-15T08:11:47+02:00" level=error msg="Metadata for targets/justin expired"
time="2020-08-15T08:11:47+02:00" level=warning msg="Error getting targets/justin: targets/justin expired at Fri May 29 15:28:54 +0100 2020"
time="2020-08-15T08:11:47+02:00" level=error msg="Metadata for targets/riyaz expired"
time="2020-08-15T08:11:47+02:00" level=error msg="Metadata for targets/riyaz expired"
time="2020-08-15T08:11:47+02:00" level=warning msg="Error getting targets/riyaz: targets/riyaz expired at Sun Jul 19 14:46:17 -0700 2020"
time="2020-08-15T08:11:47+02:00" level=warning msg="targets metadata is nearing expiry, you should re-sign the role metadata"
  Create OCI config for lfedge/eve-wwan:5.9.0-arm64
  Create OCI config for lfedge/eve-wlan:5.9.0-arm64
  Create OCI config for lfedge/eve-lisp:5.9.0-arm64
  Create OCI config for lfedge/eve-guacd:5.9.0-arm64
  Create OCI config for lfedge/eve-pillar:5.9.0-arm64
  Create OCI config for lfedge/eve-vtpm:5.9.0-arm64
  Create OCI config for lfedge/eve-watchdog:5.9.0-arm64
  Create OCI config for lfedge/eve-xen-tools:5.9.0-arm64
Add files:
  /etc/eve-release
Parallel mksquashfs: Using 4 processors
Creating 4.0 filesystem on /rootfs.img, block size 131072.
[======================-                                     ]  8300/21872  37%[======================\                                     ]  8400/21872  38%[===============================================/            ] 17700/21872  80%[==================================================-         ] 18600/21872  85%[==================================================/         ] 18800/21872  85%[==================================================|         ] 18900/21872  86%[====================================================/       ] 19400/21872  88%[===========================================================\] 21872/21872 100%

Exportable Squashfs 4.0 filesystem, gzip compressed, data block size 131072
	compressed data, compressed metadata, compressed fragments, compressed xattrs
	duplicates are removed
Filesystem size 245680.59 Kbytes (239.92 Mbytes)
	33.23% of uncompressed filesystem size (739364.92 Kbytes)
Inode table size 247483 bytes (241.68 Kbytes)
	25.10% of uncompressed inode table size (986068 bytes)
Directory table size 269459 bytes (263.14 Kbytes)
	45.65% of uncompressed directory table size (590267 bytes)
Number of duplicate files found 8734
Number of inodes 25357
Number of files 17280
Number of fragments 749
Number of symbolic links  5980
Number of device nodes 4
Number of fifo nodes 0
Number of socket nodes 0
Number of directories 2093
Number of ids (unique uids + gids) 3
Number of uids 1
	root (0)
Number of gids 3
	root (0)
	shadow (42)
	tty (5)
cd /home/zededa-ci/src/eve/dist/arm64/installer ; _() { C=`docker create $1 fake` ; shift ; docker export $C | tar -xf - "$@" ; docker rm $C ; } ; _ lfedge/eve-u-boot:d4c47072ebe9022d8bfd9e41077b755afd7520d8-arm64 boot
24e511458ce34f0545272e05eeda9335f64fb6326bbf1a7cd477a86735106a78
cp pkg/eve/build.yml pkg/eve/runme.sh images/*.yml /home/zededa-ci/src/eve/dist/arm64
EVE_HASH=5.9.0 DOCKER_ARCH_TAG=arm64 ./tools/parse-pkgs.sh pkg/eve/Dockerfile.in > /home/zededa-ci/src/eve/dist/arm64/Dockerfile
/home/zededa-ci/src/eve/build-tools/bin/linuxkit pkg push --disable-content-trust --hash-path /home/zededa-ci/src/eve --hash 5.9.0-rpi-kvm --release latest --force --disable-cache /home/zededa-ci/src/eve/dist/arm64
Building and pushing "lfedge/eve:5.9.0-rpi-kvm"
Sending build context to Docker daemon  267.2MB
Step 1/17 : FROM alpine:3.9.4 as tools
 ---> ce544de9ee2c
Step 2/17 : RUN mkdir -p /out/etc/apk /out/boot && cp -r /etc/apk/* /out/etc/apk/
 ---> Running in e84e38323bef
 ---> 8cbd9cc9fb7e
Removing intermediate container e84e38323bef
Step 3/17 : RUN apk add --no-cache --initdb -p /out qemu-img=3.1.0-r3 tar=1.32-r0
 ---> Running in e8c3a6321c39
fetch http://dl-cdn.alpinelinux.org/alpine/v3.9/main/aarch64/APKINDEX.tar.gz
fetch http://dl-cdn.alpinelinux.org/alpine/v3.9/community/aarch64/APKINDEX.tar.gz
(1/19) Installing libaio (0.3.111-r0)
(2/19) Installing musl (1.1.20-r5)
(3/19) Installing busybox (1.29.3-r10)
Executing busybox-1.29.3-r10.post-install
(4/19) Installing libffi (3.2.1-r6)
(5/19) Installing libintl (0.19.8.1-r4)
(6/19) Installing libuuid (2.33-r0)
(7/19) Installing libblkid (2.33-r0)
(8/19) Installing libmount (2.33-r0)
(9/19) Installing pcre (8.42-r1)
(10/19) Installing zlib (1.2.11-r1)
(11/19) Installing glib (2.58.1-r3)
(12/19) Installing gmp (6.1.2-r1)
(13/19) Installing nettle (3.4.1-r0)
(14/19) Installing p11-kit (0.23.14-r0)
(15/19) Installing libtasn1 (4.14-r0)
(16/19) Installing libunistring (0.9.10-r0)
(17/19) Installing gnutls (3.6.14-r0)
(18/19) Installing qemu-img (3.1.0-r3)
(19/19) Installing tar (1.32-r0)
Executing busybox-1.29.3-r10.trigger
Executing glib-2.58.1-r3.trigger
OK: 16 MiB in 19 packages
 ---> 98246d03f578
Removing intermediate container e8c3a6321c39
Step 4/17 : FROM lfedge/eve-mkimage-iso-efi:5.9.0-arm64 as iso
 ---> 00c4193078ca
Step 5/17 : FROM lfedge/eve-mkimage-raw-efi:5.9.0-arm64 as raw
 ---> 75615f648e48
Step 6/17 : RUN rm /initrd.img
 ---> Running in 1d5c758fd076
 ---> a0642e1a5d45
Removing intermediate container 1d5c758fd076
Step 7/17 : FROM lfedge/eve-mkconf:5.9.0-arm64 as conf
 ---> 01c4d3e1f9a4
Step 8/17 : COPY --from=iso / /
 ---> 88397975af38
Step 9/17 : COPY --from=raw / /
 ---> 5912470c8e7a
Step 10/17 : COPY --from=tools /out/ /
 ---> c4a146b729a2
Step 11/17 : COPY installer /bits
 ---> b5b0efa506ef
Step 12/17 : COPY OVMF* /firmware/
 ---> 538da5ec77fa
Step 13/17 : COPY runme.sh /
 ---> 79c9e40d913b
Step 14/17 : RUN mkdir /in /out
 ---> Running in 0df1e97eb541
 ---> 6998ca898773
Removing intermediate container 0df1e97eb541
Step 15/17 : WORKDIR /bits
 ---> ac3dcaa18c61
Removing intermediate container ca3e36218232
Step 16/17 : ENTRYPOINT /runme.sh
 ---> Running in 07d38b3dc163
 ---> f021abad2128
Removing intermediate container 07d38b3dc163
Step 17/17 : LABEL org.mobyproject.linuxkit.revision 'unknown' org.mobyproject.linuxkit.version 'unknown' org.opencontainers.image.revision '5d02bd951273aa5dc44a6fcddfa43326cf44bedd' org.opencontainers.image.source 'https://github.com/linuxkit/linuxkit'
 ---> Running in db471678890e
 ---> d65bb6238afd
Removing intermediate container db471678890e
Successfully built d65bb6238afd
Successfully tagged lfedge/eve:5.9.0-rpi-kvm-arm64
Pushing lfedge/eve:5.9.0-rpi-kvm-arm64
The push refers to a repository [docker.io/lfedge/eve]
806c25bfa22c: Preparing
7a9800e64822: Preparing
d4dd0c201c62: Preparing
82c89593e3e0: Preparing
a2d37710d3ab: Preparing
79d91e14d8af: Preparing
5c1764b243b5: Preparing
4cf08b7b18c4: Preparing
79d91e14d8af: Waiting
5c1764b243b5: Waiting
4cf08b7b18c4: Waiting
7a9800e64822: Pushed
806c25bfa22c: Pushed
79d91e14d8af: Layer already exists
d4dd0c201c62: Pushed
5c1764b243b5: Layer already exists
4cf08b7b18c4: Layer already exists
a2d37710d3ab: Pushed
82c89593e3e0: Pushed
5.9.0-rpi-kvm-arm64: digest: sha256:27adce1d5457c244e343c5a7eb89634841ae66127a1b732f92b69dddb9ae94a4 size: 1999
Pushing lfedge/eve:5.9.0-rpi-kvm-arm64 to manifest lfedge/eve:5.9.0-rpi-kvm
time="2020-08-15T08:16:04+02:00" level=warning msg="Couldn't find or access image reference \"lfedge/eve:5.9.0-rpi-kvm-amd64\". Skipping image."
time="2020-08-15T08:16:07+02:00" level=warning msg="Couldn't find or access image reference \"lfedge/eve:5.9.0-rpi-kvm-s390x\". Skipping image."
Digest: sha256:8172acdfca3aa587d23b2754ddce7e1af1d5e258f8305b4907b2a13d4b6b3efc 434
Not signing lfedge/eve:5.9.0-rpi-kvm
Tagging lfedge/eve:5.9.0-rpi-kvm-arm64 as lfedge/eve:latest-arm64
Pushing lfedge/eve:latest-arm64
The push refers to a repository [docker.io/lfedge/eve]
806c25bfa22c: Preparing
7a9800e64822: Preparing
d4dd0c201c62: Preparing
82c89593e3e0: Preparing
a2d37710d3ab: Preparing
79d91e14d8af: Preparing
5c1764b243b5: Preparing
4cf08b7b18c4: Preparing
79d91e14d8af: Waiting
5c1764b243b5: Waiting
4cf08b7b18c4: Waiting
806c25bfa22c: Layer already exists
82c89593e3e0: Layer already exists
d4dd0c201c62: Layer already exists
7a9800e64822: Layer already exists
a2d37710d3ab: Layer already exists
79d91e14d8af: Layer already exists
4cf08b7b18c4: Layer already exists
5c1764b243b5: Layer already exists
latest-arm64: digest: sha256:27adce1d5457c244e343c5a7eb89634841ae66127a1b732f92b69dddb9ae94a4 size: 1999
Pushing lfedge/eve:latest-arm64 to manifest lfedge/eve:latest
time="2020-08-15T08:16:19+02:00" level=warning msg="Couldn't find or access image reference \"lfedge/eve:latest-s390x\". Skipping image."
Digest: sha256:8ad79bb9b1bb842fd29cb549db81eab6deebfb07ee19ff7e7b0dd380902d318e 743
Not signing lfedge/eve:latest
Build, push and release of "latest" complete, all done.
rm images/rootfs-rpi-kvm.yml images/rootfs-rpi-kvm.yml.in
Creating go builder image for user zededa-ci
eve-build-zededa-ci docker container is ready to use
mkdir -p /home/zededa-ci/src/eve/dist/arm64
cd /home/zededa-ci/src/eve/dist/arm64 ; _() { C=`docker create $1 fake` ; shift ; docker export $C | tar -xf - "$@" ; docker rm $C ; } ; _ lfedge/eve-uefi:279fad09317f1f87099e91ab2dac7c0ecfad5410-arm64 OVMF.fd
02556f7ede502ef5ce4cfa062df2d03fcf3ef6329637dd213d19e132edebf693
cd /home/zededa-ci/src/eve/dist/arm64 ; _() { C=`docker create $1 fake` ; shift ; docker export $C | tar -xf - "$@" ; docker rm $C ; } ; _ lfedge/eve-uefi:279fad09317f1f87099e91ab2dac7c0ecfad5410-arm64 OVMF_CODE.fd
tar: OVMF_CODE.fd: Not found in archive
tar: Exiting with failure status due to previous errors
8700343c79e1699421cff0d8fb53ebe1baf96c50186ae10b8d11b9d19408370f
cd /home/zededa-ci/src/eve/dist/arm64 ; _() { C=`docker create $1 fake` ; shift ; docker export $C | tar -xf - "$@" ; docker rm $C ; } ; _ lfedge/eve-uefi:279fad09317f1f87099e91ab2dac7c0ecfad5410-arm64 OVMF_VARS.fd
d0e34d84943a397fb5a44b1b202a40ea748d47bc66515e546779828a80868cba
mkdir -p /home/zededa-ci/src/eve/dist/arm64/installer
cd /home/zededa-ci/src/eve/dist/arm64/installer ; _() { C=`docker create $1 fake` ; shift ; docker export $C | tar -xf - "$@" ; docker rm $C ; } ; _ lfedge/eve-grub:ff333a29ed1c22b0161d2230f8275a741496362c-arm64 EFI
3d3094babc7a6c335642226c6550451a69c801e08f1865abbeef24757c7635a9
./tools/makeconfig.sh /home/zededa-ci/src/eve/dist/arm64/installer/config.img conf/authorized_keys conf/DevicePortConfig conf/grub.cfg conf/onboard.cert.pem conf/onboard.key.pem conf/root-certificate.pem conf/server conf/v2tlsbaseroot-certificates.pem
1024+0 records in
1024+0 records out
mkfs.fat 4.1 (2017-01-24)
/config.img has 64 heads and 32 sectors per track,
hidden sectors 0x0000;
logical sector size is 512,
using 0xf8 media descriptor, with 2048 sectors;
drive number 0x80;
filesystem has 2 12-bit FATs and 4 sectors per cluster.
FAT size is 2 sectors, and provides 502 clusters.
There is 1 reserved sector.
Root directory contains 512 slots and uses 32 sectors.
Volume ID is dbd117b7, volume label EVE        .
cd /home/zededa-ci/src/eve/dist/arm64/installer ; _() { C=`docker create $1 fake` ; shift ; docker export $C | tar -xf - "$@" ; docker rm $C ; } ; _ lfedge/eve-mkimage-raw-efi:73d534381d5d3df4fb08cacb03022ce4754efda8-arm64 initrd.img EFI
ebef2234054fb53e6f7e5489683b844c4ee23a27a01dafec1d8e437ab0634195
Done building /home/zededa-ci/src/eve/build-tools/bin/linuxkit
./tools/makerootfs.sh images/rootfs-kvm.yml /home/zededa-ci/src/eve/dist/arm64/installer/rootfs-5.9.0-kvm-arm64.squash squash
Extract kernel image: lfedge/eve-kernel:5.9.0-arm64
Add init containers:
Process init image: linuxkit/init:v0.5-arm64
time="2020-08-15T08:16:42+02:00" level=warning msg="targets metadata is nearing expiry, you should re-sign the role metadata"
time="2020-08-15T08:16:42+02:00" level=warning msg="targets/justin metadata is nearing expiry, you should re-sign the role metadata"
Process init image: linuxkit/runc:f79954950022fea76b8b6f10de58cb48e4fb3878-arm64
time="2020-08-15T08:16:47+02:00" level=error msg="Metadata for targets/riyaz expired"
time="2020-08-15T08:16:47+02:00" level=error msg="Metadata for targets/riyaz expired"
time="2020-08-15T08:16:47+02:00" level=warning msg="Error getting targets/riyaz: targets/riyaz expired at Mon May 25 15:32:34 -0700 2020"
time="2020-08-15T08:16:47+02:00" level=warning msg="targets/justin metadata is nearing expiry, you should re-sign the role metadata"
time="2020-08-15T08:16:47+02:00" level=warning msg="targets metadata is nearing expiry, you should re-sign the role metadata"
Process init image: linuxkit/containerd:6ef473a228db6f6ee163f9b9a051102a1552a4ef-arm64
time="2020-08-15T08:16:52+02:00" level=error msg="Metadata for targets/riyaz expired"
time="2020-08-15T08:16:52+02:00" level=error msg="Metadata for targets/riyaz expired"
time="2020-08-15T08:16:52+02:00" level=warning msg="Error getting targets/riyaz: targets/riyaz expired at Sat Jun 6 08:35:43 -0700 2020"
time="2020-08-15T08:16:52+02:00" level=warning msg="targets metadata is nearing expiry, you should re-sign the role metadata"
time="2020-08-15T08:16:52+02:00" level=warning msg="targets/justin metadata is nearing expiry, you should re-sign the role metadata"
Process init image: linuxkit/getty:v0.5-arm64
time="2020-08-15T08:16:57+02:00" level=error msg="Metadata for targets/justin expired"
time="2020-08-15T08:16:57+02:00" level=error msg="Metadata for targets/justin expired"
time="2020-08-15T08:16:57+02:00" level=warning msg="Error getting targets/justin: targets/justin expired at Thu Jul 30 20:41:57 +0100 2020"
time="2020-08-15T08:16:57+02:00" level=warning msg="targets/riyaz metadata is nearing expiry, you should re-sign the role metadata"
time="2020-08-15T08:16:57+02:00" level=warning msg="targets metadata is nearing expiry, you should re-sign the role metadata"
Process init image: linuxkit/memlogd:v0.5-arm64
Process init image: lfedge/eve-grub:5.9.0-arm64
Process init image: lfedge/eve-fw:5.9.0-arm64
Process init image: lfedge/eve-xen:5.9.0-arm64
Process init image: lfedge/eve-gpt-tools:5.9.0-arm64
Process init image: lfedge/eve-dom0-ztools:5.9.0-arm64
Add onboot containers:
  Create OCI config for lfedge/eve-storage-init:5.9.0-arm64
  Create OCI config for linuxkit/sysctl:v0.5-arm64
time="2020-08-15T08:17:18+02:00" level=warning msg="targets metadata is nearing expiry, you should re-sign the role metadata"
time="2020-08-15T08:17:18+02:00" level=warning msg="targets/justin metadata is nearing expiry, you should re-sign the role metadata"
time="2020-08-15T08:17:18+02:00" level=warning msg="targets/ian metadata is nearing expiry, you should re-sign the role metadata"
  Create OCI config for lfedge/eve-rngd:5.9.0-arm64
  Create OCI config for linuxkit/modprobe:v0.5-arm64
time="2020-08-15T08:17:24+02:00" level=warning msg="targets metadata is nearing expiry, you should re-sign the role metadata"
time="2020-08-15T08:17:24+02:00" level=warning msg="targets/ian metadata is nearing expiry, you should re-sign the role metadata"
Add service containers:
  Create OCI config for lfedge/eve-rsyslog:5.9.0-arm64
  Create OCI config for linuxkit/openntpd:v0.5-arm64
time="2020-08-15T08:17:31+02:00" level=error msg="Metadata for targets/justin expired"
time="2020-08-15T08:17:31+02:00" level=error msg="Metadata for targets/justin expired"
time="2020-08-15T08:17:31+02:00" level=warning msg="Error getting targets/justin: targets/justin expired at Fri Jul 24 16:25:30 +0100 2020"
time="2020-08-15T08:17:31+02:00" level=error msg="Metadata for targets/riyaz expired"
time="2020-08-15T08:17:31+02:00" level=error msg="Metadata for targets/riyaz expired"
time="2020-08-15T08:17:31+02:00" level=warning msg="Error getting targets/riyaz: targets/riyaz expired at Mon May 25 15:06:33 -0700 2020"
time="2020-08-15T08:17:31+02:00" level=warning msg="targets metadata is nearing expiry, you should re-sign the role metadata"
time="2020-08-15T08:17:31+02:00" level=warning msg="targets/ian metadata is nearing expiry, you should re-sign the role metadata"
  Create OCI config for linuxkit/sshd:v0.5-arm64
time="2020-08-15T08:17:35+02:00" level=error msg="Metadata for targets/justin expired"
time="2020-08-15T08:17:36+02:00" level=error msg="Metadata for targets/justin expired"
time="2020-08-15T08:17:36+02:00" level=warning msg="Error getting targets/justin: targets/justin expired at Fri May 29 15:28:54 +0100 2020"
time="2020-08-15T08:17:36+02:00" level=error msg="Metadata for targets/riyaz expired"
time="2020-08-15T08:17:36+02:00" level=error msg="Metadata for targets/riyaz expired"
time="2020-08-15T08:17:36+02:00" level=warning msg="Error getting targets/riyaz: targets/riyaz expired at Sun Jul 19 14:46:17 -0700 2020"
time="2020-08-15T08:17:36+02:00" level=warning msg="targets metadata is nearing expiry, you should re-sign the role metadata"
  Create OCI config for lfedge/eve-wwan:5.9.0-arm64
  Create OCI config for lfedge/eve-wlan:5.9.0-arm64
  Create OCI config for lfedge/eve-lisp:5.9.0-arm64
  Create OCI config for lfedge/eve-guacd:5.9.0-arm64
  Create OCI config for lfedge/eve-pillar:5.9.0-arm64
  Create OCI config for lfedge/eve-vtpm:5.9.0-arm64
  Create OCI config for lfedge/eve-watchdog:5.9.0-arm64
  Create OCI config for lfedge/eve-xen-tools:5.9.0-arm64
Add files:
  /etc/eve-release
Parallel mksquashfs: Using 4 processors
Creating 4.0 filesystem on /rootfs.img, block size 131072.
[=====================================|                      ] 13600/21355  63%[===========================================================/] 21355/21355 100%

Exportable Squashfs 4.0 filesystem, gzip compressed, data block size 131072
	compressed data, compressed metadata, compressed fragments, compressed xattrs
	duplicates are removed
Filesystem size 241709.30 Kbytes (236.04 Mbytes)
	33.53% of uncompressed filesystem size (720821.28 Kbytes)
Inode table size 243801 bytes (238.09 Kbytes)
	25.07% of uncompressed inode table size (972570 bytes)
Directory table size 264111 bytes (257.92 Kbytes)
	45.62% of uncompressed directory table size (578932 bytes)
Number of duplicate files found 8734
Number of inodes 24943
Number of files 16893
Number of fragments 686
Number of symbolic links  5980
Number of device nodes 4
Number of fifo nodes 0
Number of socket nodes 0
Number of directories 2066
Number of ids (unique uids + gids) 3
Number of uids 1
	root (0)
Number of gids 3
	root (0)
	shadow (42)
	tty (5)
cp pkg/eve/build.yml pkg/eve/runme.sh images/*.yml /home/zededa-ci/src/eve/dist/arm64
EVE_HASH=5.9.0 DOCKER_ARCH_TAG=arm64 ./tools/parse-pkgs.sh pkg/eve/Dockerfile.in > /home/zededa-ci/src/eve/dist/arm64/Dockerfile
/home/zededa-ci/src/eve/build-tools/bin/linuxkit pkg push --disable-content-trust --hash-path /home/zededa-ci/src/eve --hash 5.9.0-kvm --release latest --force --disable-cache /home/zededa-ci/src/eve/dist/arm64
Building and pushing "lfedge/eve:5.9.0-kvm"
Sending build context to Docker daemon  260.2MB
Step 1/17 : FROM alpine:3.9.4 as tools
 ---> ce544de9ee2c
Step 2/17 : RUN mkdir -p /out/etc/apk /out/boot && cp -r /etc/apk/* /out/etc/apk/
 ---> Running in ed96fedb560b
 ---> 64081690455d
Removing intermediate container ed96fedb560b
Step 3/17 : RUN apk add --no-cache --initdb -p /out qemu-img=3.1.0-r3 tar=1.32-r0
 ---> Running in bea8e7f96ac5
fetch http://dl-cdn.alpinelinux.org/alpine/v3.9/main/aarch64/APKINDEX.tar.gz
fetch http://dl-cdn.alpinelinux.org/alpine/v3.9/community/aarch64/APKINDEX.tar.gz
(1/19) Installing libaio (0.3.111-r0)
(2/19) Installing musl (1.1.20-r5)
(3/19) Installing busybox (1.29.3-r10)
Executing busybox-1.29.3-r10.post-install
(4/19) Installing libffi (3.2.1-r6)
(5/19) Installing libintl (0.19.8.1-r4)
(6/19) Installing libuuid (2.33-r0)
(7/19) Installing libblkid (2.33-r0)
(8/19) Installing libmount (2.33-r0)
(9/19) Installing pcre (8.42-r1)
(10/19) Installing zlib (1.2.11-r1)
(11/19) Installing glib (2.58.1-r3)
(12/19) Installing gmp (6.1.2-r1)
(13/19) Installing nettle (3.4.1-r0)
(14/19) Installing p11-kit (0.23.14-r0)
(15/19) Installing libtasn1 (4.14-r0)
(16/19) Installing libunistring (0.9.10-r0)
(17/19) Installing gnutls (3.6.14-r0)
(18/19) Installing qemu-img (3.1.0-r3)
(19/19) Installing tar (1.32-r0)
Executing busybox-1.29.3-r10.trigger
Executing glib-2.58.1-r3.trigger
OK: 16 MiB in 19 packages
 ---> c67c88753303
Removing intermediate container bea8e7f96ac5
Step 4/17 : FROM lfedge/eve-mkimage-iso-efi:5.9.0-arm64 as iso
 ---> 00c4193078ca
Step 5/17 : FROM lfedge/eve-mkimage-raw-efi:5.9.0-arm64 as raw
 ---> 75615f648e48
Step 6/17 : RUN rm /initrd.img
 ---> Running in a1e6b59a3590
 ---> c89f1c061842
Removing intermediate container a1e6b59a3590
Step 7/17 : FROM lfedge/eve-mkconf:5.9.0-arm64 as conf
 ---> 01c4d3e1f9a4
Step 8/17 : COPY --from=iso / /
 ---> 3d4913e341bd
Step 9/17 : COPY --from=raw / /
 ---> 6bee841a56cc
Step 10/17 : COPY --from=tools /out/ /
 ---> 602f33ba975f
Step 11/17 : COPY installer /bits
 ---> ec680fffb908
Step 12/17 : COPY OVMF* /firmware/
 ---> 250a7ad724b2
Step 13/17 : COPY runme.sh /
 ---> b68b6511a02a
Step 14/17 : RUN mkdir /in /out
 ---> Running in 7fc999759208
 ---> 9fbfba8cab58
Removing intermediate container 7fc999759208
Step 15/17 : WORKDIR /bits
 ---> 381536c95a0a
Removing intermediate container 65054d69babb
Step 16/17 : ENTRYPOINT /runme.sh
 ---> Running in 59288cc92411
 ---> 55930d0d60fe
Removing intermediate container 59288cc92411
Step 17/17 : LABEL org.mobyproject.linuxkit.revision 'unknown' org.mobyproject.linuxkit.version 'unknown' org.opencontainers.image.revision '5d02bd951273aa5dc44a6fcddfa43326cf44bedd' org.opencontainers.image.source 'https://github.com/linuxkit/linuxkit'
 ---> Running in bdf8b0ddd5e4
 ---> 7495abfcffc5
Removing intermediate container bdf8b0ddd5e4
Successfully built 7495abfcffc5
Successfully tagged lfedge/eve:5.9.0-kvm-arm64
Pushing lfedge/eve:5.9.0-kvm-arm64
The push refers to a repository [docker.io/lfedge/eve]
3e1f345e2523: Preparing
c97b3aad519a: Preparing
d25516858a72: Preparing
a94adf97c6e3: Preparing
48fe26fbda0a: Preparing
79d91e14d8af: Preparing
5c1764b243b5: Preparing
4cf08b7b18c4: Preparing
5c1764b243b5: Waiting
79d91e14d8af: Waiting
4cf08b7b18c4: Waiting
c97b3aad519a: Pushed
3e1f345e2523: Pushed
79d91e14d8af: Layer already exists
5c1764b243b5: Layer already exists
4cf08b7b18c4: Layer already exists
d25516858a72: Pushed
48fe26fbda0a: Pushed
a94adf97c6e3: Pushed
5.9.0-kvm-arm64: digest: sha256:0ce8b9c84f17d89df08e5d8256eb1c07e1e2bd6cfd4de7eb90a6701914482b2c size: 1999
Pushing lfedge/eve:5.9.0-kvm-arm64 to manifest lfedge/eve:5.9.0-kvm
time="2020-08-15T08:21:49+02:00" level=warning msg="Couldn't find or access image reference \"lfedge/eve:5.9.0-kvm-s390x\". Skipping image."
Digest: sha256:a91482a096bfce498ec6e7aef2fd5e74744b537046413b27113c853b3463c31e 743
Not signing lfedge/eve:5.9.0-kvm
Tagging lfedge/eve:5.9.0-kvm-arm64 as lfedge/eve:latest-arm64
Pushing lfedge/eve:latest-arm64
The push refers to a repository [docker.io/lfedge/eve]
3e1f345e2523: Preparing
c97b3aad519a: Preparing
d25516858a72: Preparing
a94adf97c6e3: Preparing
48fe26fbda0a: Preparing
79d91e14d8af: Preparing
5c1764b243b5: Preparing
4cf08b7b18c4: Preparing
79d91e14d8af: Waiting
5c1764b243b5: Waiting
4cf08b7b18c4: Waiting
48fe26fbda0a: Layer already exists
3e1f345e2523: Layer already exists
d25516858a72: Layer already exists
a94adf97c6e3: Layer already exists
c97b3aad519a: Layer already exists
79d91e14d8af: Layer already exists
5c1764b243b5: Layer already exists
4cf08b7b18c4: Layer already exists
latest-arm64: digest: sha256:0ce8b9c84f17d89df08e5d8256eb1c07e1e2bd6cfd4de7eb90a6701914482b2c size: 1999
Pushing lfedge/eve:latest-arm64 to manifest lfedge/eve:latest
time="2020-08-15T08:22:00+02:00" level=warning msg="Couldn't find or access image reference \"lfedge/eve:latest-s390x\". Skipping image."
Digest: sha256:e6453636d820f205007a9b55c2a308c37b824df9a8f5f201064d8b694af91ade 743
Not signing lfedge/eve:latest
Build, push and release of "latest" complete, all done.
rm images/rootfs-kvm.yml images/rootfs-kvm.yml.in
Creating go builder image for user zededa-ci
eve-build-zededa-ci docker container is ready to use
mkdir -p /home/zededa-ci/src/eve/dist/arm64
cd /home/zededa-ci/src/eve/dist/arm64 ; _() { C=`docker create $1 fake` ; shift ; docker export $C | tar -xf - "$@" ; docker rm $C ; } ; _ lfedge/eve-uefi:279fad09317f1f87099e91ab2dac7c0ecfad5410-arm64 OVMF.fd
6818a20ef10fc2efd3a02c609fc4c2412e7ffffe6703ac2b45e26028a2208e4e
cd /home/zededa-ci/src/eve/dist/arm64 ; _() { C=`docker create $1 fake` ; shift ; docker export $C | tar -xf - "$@" ; docker rm $C ; } ; _ lfedge/eve-uefi:279fad09317f1f87099e91ab2dac7c0ecfad5410-arm64 OVMF_CODE.fd
tar: OVMF_CODE.fd: Not found in archive
tar: Exiting with failure status due to previous errors
7c3bb413d063e181828ef67dfb2a4709ce95b04dcf8f84e2af33cf8cb089252c
cd /home/zededa-ci/src/eve/dist/arm64 ; _() { C=`docker create $1 fake` ; shift ; docker export $C | tar -xf - "$@" ; docker rm $C ; } ; _ lfedge/eve-uefi:279fad09317f1f87099e91ab2dac7c0ecfad5410-arm64 OVMF_VARS.fd
8ccbf9324dc55645f37a7cf4d757625d9093790dd3923dce7533e2299c684ca0
mkdir -p /home/zededa-ci/src/eve/dist/arm64/installer
cd /home/zededa-ci/src/eve/dist/arm64/installer ; _() { C=`docker create $1 fake` ; shift ; docker export $C | tar -xf - "$@" ; docker rm $C ; } ; _ lfedge/eve-grub:ff333a29ed1c22b0161d2230f8275a741496362c-arm64 EFI
ad849158f537c47f1a0f4450cd963d967ff59636daaf84468f7aa418434bf72f
./tools/makeconfig.sh /home/zededa-ci/src/eve/dist/arm64/installer/config.img conf/authorized_keys conf/DevicePortConfig conf/grub.cfg conf/onboard.cert.pem conf/onboard.key.pem conf/root-certificate.pem conf/server conf/v2tlsbaseroot-certificates.pem
1024+0 records in
1024+0 records out
mkfs.fat 4.1 (2017-01-24)
/config.img has 64 heads and 32 sectors per track,
hidden sectors 0x0000;
logical sector size is 512,
using 0xf8 media descriptor, with 2048 sectors;
drive number 0x80;
filesystem has 2 12-bit FATs and 4 sectors per cluster.
FAT size is 2 sectors, and provides 502 clusters.
There is 1 reserved sector.
Root directory contains 512 slots and uses 32 sectors.
Volume ID is f131e24f, volume label EVE        .
cd /home/zededa-ci/src/eve/dist/arm64/installer ; _() { C=`docker create $1 fake` ; shift ; docker export $C | tar -xf - "$@" ; docker rm $C ; } ; _ lfedge/eve-mkimage-raw-efi:73d534381d5d3df4fb08cacb03022ce4754efda8-arm64 initrd.img EFI
f9bbd76a98e3fb7a3702d662bd5d7cdef6d1296b258fc26d7a92e17706f8ed3c
Done building /home/zededa-ci/src/eve/build-tools/bin/linuxkit
./tools/makerootfs.sh images/rootfs-xen.yml /home/zededa-ci/src/eve/dist/arm64/installer/rootfs-5.9.0-xen-arm64.squash squash
Extract kernel image: lfedge/eve-kernel:5.9.0-arm64
Add init containers:
Process init image: linuxkit/init:v0.5-arm64
time="2020-08-15T08:22:24+02:00" level=warning msg="targets metadata is nearing expiry, you should re-sign the role metadata"
time="2020-08-15T08:22:24+02:00" level=warning msg="targets/justin metadata is nearing expiry, you should re-sign the role metadata"
Process init image: linuxkit/runc:f79954950022fea76b8b6f10de58cb48e4fb3878-arm64
time="2020-08-15T08:22:30+02:00" level=error msg="Metadata for targets/riyaz expired"
time="2020-08-15T08:22:30+02:00" level=error msg="Metadata for targets/riyaz expired"
time="2020-08-15T08:22:30+02:00" level=warning msg="Error getting targets/riyaz: targets/riyaz expired at Mon May 25 15:32:34 -0700 2020"
time="2020-08-15T08:22:30+02:00" level=warning msg="targets metadata is nearing expiry, you should re-sign the role metadata"
time="2020-08-15T08:22:30+02:00" level=warning msg="targets/justin metadata is nearing expiry, you should re-sign the role metadata"
Process init image: linuxkit/containerd:6ef473a228db6f6ee163f9b9a051102a1552a4ef-arm64
time="2020-08-15T08:22:34+02:00" level=error msg="Metadata for targets/riyaz expired"
time="2020-08-15T08:22:34+02:00" level=error msg="Metadata for targets/riyaz expired"
time="2020-08-15T08:22:34+02:00" level=warning msg="Error getting targets/riyaz: targets/riyaz expired at Sat Jun 6 08:35:43 -0700 2020"
time="2020-08-15T08:22:35+02:00" level=warning msg="targets metadata is nearing expiry, you should re-sign the role metadata"
time="2020-08-15T08:22:35+02:00" level=warning msg="targets/justin metadata is nearing expiry, you should re-sign the role metadata"
Process init image: linuxkit/getty:v0.5-arm64
time="2020-08-15T08:22:40+02:00" level=error msg="Metadata for targets/justin expired"
time="2020-08-15T08:22:40+02:00" level=error msg="Metadata for targets/justin expired"
time="2020-08-15T08:22:40+02:00" level=warning msg="Error getting targets/justin: targets/justin expired at Thu Jul 30 20:41:57 +0100 2020"
time="2020-08-15T08:22:40+02:00" level=warning msg="targets metadata is nearing expiry, you should re-sign the role metadata"
time="2020-08-15T08:22:40+02:00" level=warning msg="targets/riyaz metadata is nearing expiry, you should re-sign the role metadata"
Process init image: linuxkit/memlogd:v0.5-arm64
Process init image: lfedge/eve-grub:5.9.0-arm64
Process init image: lfedge/eve-fw:5.9.0-arm64
Process init image: lfedge/eve-xen:5.9.0-arm64
Process init image: lfedge/eve-gpt-tools:5.9.0-arm64
Process init image: lfedge/eve-dom0-ztools:5.9.0-arm64
Add onboot containers:
  Create OCI config for lfedge/eve-storage-init:5.9.0-arm64
  Create OCI config for linuxkit/sysctl:v0.5-arm64
time="2020-08-15T08:23:02+02:00" level=warning msg="targets/ian metadata is nearing expiry, you should re-sign the role metadata"
time="2020-08-15T08:23:02+02:00" level=warning msg="targets metadata is nearing expiry, you should re-sign the role metadata"
time="2020-08-15T08:23:02+02:00" level=warning msg="targets/justin metadata is nearing expiry, you should re-sign the role metadata"
  Create OCI config for lfedge/eve-rngd:5.9.0-arm64
  Create OCI config for linuxkit/modprobe:v0.5-arm64
time="2020-08-15T08:23:07+02:00" level=warning msg="targets metadata is nearing expiry, you should re-sign the role metadata"
time="2020-08-15T08:23:07+02:00" level=warning msg="targets/ian metadata is nearing expiry, you should re-sign the role metadata"
Add service containers:
  Create OCI config for lfedge/eve-rsyslog:5.9.0-arm64
  Create OCI config for linuxkit/openntpd:v0.5-arm64
time="2020-08-15T08:23:13+02:00" level=error msg="Metadata for targets/justin expired"
time="2020-08-15T08:23:13+02:00" level=error msg="Metadata for targets/justin expired"
time="2020-08-15T08:23:13+02:00" level=warning msg="Error getting targets/justin: targets/justin expired at Fri Jul 24 16:25:30 +0100 2020"
time="2020-08-15T08:23:13+02:00" level=error msg="Metadata for targets/riyaz expired"
time="2020-08-15T08:23:13+02:00" level=error msg="Metadata for targets/riyaz expired"
time="2020-08-15T08:23:13+02:00" level=warning msg="Error getting targets/riyaz: targets/riyaz expired at Mon May 25 15:06:33 -0700 2020"
time="2020-08-15T08:23:13+02:00" level=warning msg="targets metadata is nearing expiry, you should re-sign the role metadata"
time="2020-08-15T08:23:13+02:00" level=warning msg="targets/ian metadata is nearing expiry, you should re-sign the role metadata"
  Create OCI config for linuxkit/sshd:v0.5-arm64
time="2020-08-15T08:23:17+02:00" level=error msg="Metadata for targets/justin expired"
time="2020-08-15T08:23:17+02:00" level=error msg="Metadata for targets/justin expired"
time="2020-08-15T08:23:17+02:00" level=warning msg="Error getting targets/justin: targets/justin expired at Fri May 29 15:28:54 +0100 2020"
time="2020-08-15T08:23:17+02:00" level=error msg="Metadata for targets/riyaz expired"
time="2020-08-15T08:23:17+02:00" level=error msg="Metadata for targets/riyaz expired"
time="2020-08-15T08:23:17+02:00" level=warning msg="Error getting targets/riyaz: targets/riyaz expired at Sun Jul 19 14:46:17 -0700 2020"
time="2020-08-15T08:23:17+02:00" level=warning msg="targets metadata is nearing expiry, you should re-sign the role metadata"
  Create OCI config for lfedge/eve-wwan:5.9.0-arm64
  Create OCI config for lfedge/eve-wlan:5.9.0-arm64
  Create OCI config for lfedge/eve-lisp:5.9.0-arm64
  Create OCI config for lfedge/eve-guacd:5.9.0-arm64
  Create OCI config for lfedge/eve-pillar:5.9.0-arm64
  Create OCI config for lfedge/eve-vtpm:5.9.0-arm64
  Create OCI config for lfedge/eve-watchdog:5.9.0-arm64
  Create OCI config for lfedge/eve-xen-tools:5.9.0-arm64
Add files:
  /etc/eve-release
Parallel mksquashfs: Using 4 processors
Creating 4.0 filesystem on /rootfs.img, block size 131072.
[=====================================\                      ] 13600/21355  63%[=======================================\                    ] 14300/21355  66%[================================================|           ] 17500/21355  81%[===========================================================|] 21355/21355 100%

Exportable Squashfs 4.0 filesystem, gzip compressed, data block size 131072
	compressed data, compressed metadata, compressed fragments, compressed xattrs
	duplicates are removed
Filesystem size 241709.24 Kbytes (236.04 Mbytes)
	33.53% of uncompressed filesystem size (720821.28 Kbytes)
Inode table size 243773 bytes (238.06 Kbytes)
	25.06% of uncompressed inode table size (972570 bytes)
Directory table size 264081 bytes (257.89 Kbytes)
	45.62% of uncompressed directory table size (578932 bytes)
Number of duplicate files found 8734
Number of inodes 24943
Number of files 16893
Number of fragments 686
Number of symbolic links  5980
Number of device nodes 4
Number of fifo nodes 0
Number of socket nodes 0
Number of directories 2066
Number of ids (unique uids + gids) 3
Number of uids 1
	root (0)
Number of gids 3
	root (0)
	shadow (42)
	tty (5)
cp pkg/eve/build.yml pkg/eve/runme.sh images/*.yml /home/zededa-ci/src/eve/dist/arm64
EVE_HASH=5.9.0 DOCKER_ARCH_TAG=arm64 ./tools/parse-pkgs.sh pkg/eve/Dockerfile.in > /home/zededa-ci/src/eve/dist/arm64/Dockerfile
/home/zededa-ci/src/eve/build-tools/bin/linuxkit pkg push --disable-content-trust --hash-path /home/zededa-ci/src/eve --hash 5.9.0-xen --release latest --force --disable-cache /home/zededa-ci/src/eve/dist/arm64
Building and pushing "lfedge/eve:5.9.0-xen"
Sending build context to Docker daemon  260.2MB
Step 1/17 : FROM alpine:3.9.4 as tools
 ---> ce544de9ee2c
Step 2/17 : RUN mkdir -p /out/etc/apk /out/boot && cp -r /etc/apk/* /out/etc/apk/
 ---> Running in 7f34c0300758
 ---> 2e94b94cc34f
Removing intermediate container 7f34c0300758
Step 3/17 : RUN apk add --no-cache --initdb -p /out qemu-img=3.1.0-r3 tar=1.32-r0
 ---> Running in 1b6c700f95a1
fetch http://dl-cdn.alpinelinux.org/alpine/v3.9/main/aarch64/APKINDEX.tar.gz
fetch http://dl-cdn.alpinelinux.org/alpine/v3.9/community/aarch64/APKINDEX.tar.gz
(1/19) Installing libaio (0.3.111-r0)
(2/19) Installing musl (1.1.20-r5)
(3/19) Installing busybox (1.29.3-r10)
Executing busybox-1.29.3-r10.post-install
(4/19) Installing libffi (3.2.1-r6)
(5/19) Installing libintl (0.19.8.1-r4)
(6/19) Installing libuuid (2.33-r0)
(7/19) Installing libblkid (2.33-r0)
(8/19) Installing libmount (2.33-r0)
(9/19) Installing pcre (8.42-r1)
(10/19) Installing zlib (1.2.11-r1)
(11/19) Installing glib (2.58.1-r3)
(12/19) Installing gmp (6.1.2-r1)
(13/19) Installing nettle (3.4.1-r0)
(14/19) Installing p11-kit (0.23.14-r0)
(15/19) Installing libtasn1 (4.14-r0)
(16/19) Installing libunistring (0.9.10-r0)
(17/19) Installing gnutls (3.6.14-r0)
(18/19) Installing qemu-img (3.1.0-r3)
(19/19) Installing tar (1.32-r0)
Executing busybox-1.29.3-r10.trigger
Executing glib-2.58.1-r3.trigger
OK: 16 MiB in 19 packages
 ---> e4a958d23c56
Removing intermediate container 1b6c700f95a1
Step 4/17 : FROM lfedge/eve-mkimage-iso-efi:5.9.0-arm64 as iso
 ---> 00c4193078ca
Step 5/17 : FROM lfedge/eve-mkimage-raw-efi:5.9.0-arm64 as raw
 ---> 75615f648e48
Step 6/17 : RUN rm /initrd.img
 ---> Running in f234f9685473
 ---> cc6948d66122
Removing intermediate container f234f9685473
Step 7/17 : FROM lfedge/eve-mkconf:5.9.0-arm64 as conf
 ---> 01c4d3e1f9a4
Step 8/17 : COPY --from=iso / /
 ---> 51cb2539507f
Step 9/17 : COPY --from=raw / /
 ---> 0fbe8cd99922
Step 10/17 : COPY --from=tools /out/ /
 ---> 7e6c2aae590c
Step 11/17 : COPY installer /bits
 ---> 073281990c55
Step 12/17 : COPY OVMF* /firmware/
 ---> f646abcd9206
Step 13/17 : COPY runme.sh /
 ---> 0fcf414fa47e
Step 14/17 : RUN mkdir /in /out
 ---> Running in 1008e534f2f7
 ---> 94195e07b284
Removing intermediate container 1008e534f2f7
Step 15/17 : WORKDIR /bits
 ---> 0f1d3737167b
Removing intermediate container cecc4663e51d
Step 16/17 : ENTRYPOINT /runme.sh
 ---> Running in 689afc13860f
 ---> 9437239e76b1
Removing intermediate container 689afc13860f
Step 17/17 : LABEL org.mobyproject.linuxkit.revision 'unknown' org.mobyproject.linuxkit.version 'unknown' org.opencontainers.image.revision '5d02bd951273aa5dc44a6fcddfa43326cf44bedd' org.opencontainers.image.source 'https://github.com/linuxkit/linuxkit'
 ---> Running in f696ad669544
 ---> 9df4a535c20a
Removing intermediate container f696ad669544
Successfully built 9df4a535c20a
Successfully tagged lfedge/eve:5.9.0-xen-arm64
Pushing lfedge/eve:5.9.0-xen-arm64
The push refers to a repository [docker.io/lfedge/eve]
8eb0bdbce247: Preparing
0d7e9f1b9bf7: Preparing
784370217f07: Preparing
6ba22ca92819: Preparing
0e20bf5b2fad: Preparing
79d91e14d8af: Preparing
5c1764b243b5: Preparing
4cf08b7b18c4: Preparing
5c1764b243b5: Waiting
4cf08b7b18c4: Waiting
8eb0bdbce247: Pushed
0d7e9f1b9bf7: Pushed
79d91e14d8af: Layer already exists
784370217f07: Pushed
5c1764b243b5: Layer already exists
4cf08b7b18c4: Layer already exists
0e20bf5b2fad: Pushed
6ba22ca92819: Retrying in 5 seconds
6ba22ca92819: Retrying in 4 seconds
6ba22ca92819: Retrying in 3 seconds
6ba22ca92819: Retrying in 2 seconds
6ba22ca92819: Retrying in 1 second
6ba22ca92819: Pushed
5.9.0-xen-arm64: digest: sha256:18324a525c8c0385ced1921550c8406732258ff6ce4d06eb602219be1cc36061 size: 1999
Pushing lfedge/eve:5.9.0-xen-arm64 to manifest lfedge/eve:5.9.0-xen
time="2020-08-15T08:27:55+02:00" level=warning msg="Couldn't find or access image reference \"lfedge/eve:5.9.0-xen-s390x\". Skipping image."
Digest: sha256:c73a4e852e5895fcf20c72eaab7d152d48e3fe69ee546f9e778387d4e38bbabf 743
Not signing lfedge/eve:5.9.0-xen
Tagging lfedge/eve:5.9.0-xen-arm64 as lfedge/eve:latest-arm64
Pushing lfedge/eve:latest-arm64
The push refers to a repository [docker.io/lfedge/eve]
8eb0bdbce247: Preparing
0d7e9f1b9bf7: Preparing
784370217f07: Preparing
6ba22ca92819: Preparing
0e20bf5b2fad: Preparing
79d91e14d8af: Preparing
5c1764b243b5: Preparing
4cf08b7b18c4: Preparing
5c1764b243b5: Waiting
4cf08b7b18c4: Waiting
79d91e14d8af: Waiting
0d7e9f1b9bf7: Layer already exists
784370217f07: Layer already exists
8eb0bdbce247: Layer already exists
6ba22ca92819: Layer already exists
0e20bf5b2fad: Layer already exists
79d91e14d8af: Layer already exists
5c1764b243b5: Layer already exists
4cf08b7b18c4: Layer already exists
latest-arm64: digest: sha256:18324a525c8c0385ced1921550c8406732258ff6ce4d06eb602219be1cc36061 size: 1999
Pushing lfedge/eve:latest-arm64 to manifest lfedge/eve:latest
time="2020-08-15T08:28:08+02:00" level=warning msg="Couldn't find or access image reference \"lfedge/eve:latest-s390x\". Skipping image."
Digest: sha256:c73a4e852e5895fcf20c72eaab7d152d48e3fe69ee546f9e778387d4e38bbabf 743
Not signing lfedge/eve:latest
Build, push and release of "latest" complete, all done.
rm images/rootfs-xen.yml images/rootfs-xen.yml.in
Skipping repository .go/pkg/dep/sources/https---github.com-linuxkit-linuxkit
Skipping repository .go/pkg/dep/sources/https---github.com-moby-hyperkit
Skipping repository .go/pkg/dep/sources/https---github.com-gorilla-context
Skipping repository .go/pkg/dep/sources/https---github.com-theupdateframework-notary
Skipping repository .go/pkg/dep/sources/https---github.com-mitchellh-go--ps
Skipping repository .go/pkg/dep/sources/https---github.com-golang-appengine
Skipping repository .go/pkg/dep/sources/https---github.com-xeipuuv-gojsonschema
Skipping repository .go/pkg/dep/sources/https---go.googlesource.com-net
Skipping repository .go/pkg/dep/sources/https---github.com-xeipuuv-gojsonpointer
Skipping repository .go/pkg/dep/sources/https---github.com-Azure-azure--sdk--for--go
Skipping repository .go/pkg/dep/sources/https---github.com-moby-tool
Skipping repository .go/pkg/dep/sources/https---github.com-Azure-go--ansiterm
Skipping repository .go/pkg/dep/sources/https---github.com-moby-vpnkit
Skipping repository .go/pkg/dep/sources/https---github.com-moul-anonuuid
Skipping repository .go/pkg/dep/sources/https---github.com-Azure-go--autorest
Skipping repository .go/pkg/dep/sources/https---github.com-moul-gotty--client
Skipping repository .go/pkg/dep/sources/https---github.com-Microsoft-go--winio
Skipping repository .go/pkg/dep/sources/https---github.com-agl-ed25519
Skipping repository .go/pkg/dep/sources/https---github.com-aws-aws--sdk--go
Skipping repository .go/pkg/dep/sources/https---github.com-containerd-containerd
Skipping repository .go/pkg/dep/sources/https---github.com-opencontainers-go--digest
Skipping repository .go/pkg/dep/sources/https---github.com-opencontainers-image--spec
Skipping repository .go/pkg/dep/sources/https---github.com-opencontainers-runtime--spec
Skipping repository .go/pkg/dep/sources/https---github.com-packethost-packngo
Skipping repository .go/pkg/dep/sources/https---github.com-pkg-errors
Skipping repository .go/pkg/dep/sources/https---github.com-radu--matei-azure--sdk--for--go
Skipping repository .go/pkg/dep/sources/https---github.com-radu--matei-azure--vhd--utils
Skipping repository .go/pkg/dep/sources/https---github.com-renstrom-fuzzysearch
Skipping repository .go/pkg/dep/sources/https---github.com-rn-iso9660wrap
Skipping repository .go/pkg/dep/sources/https---github.com-creack-goselect
Skipping repository .go/pkg/dep/sources/https---github.com-dgrijalva-jwt--go
Skipping repository .go/pkg/dep/sources/https---github.com-docker-distribution
Skipping repository .go/pkg/dep/sources/https---github.com-docker-docker
Skipping repository .go/pkg/dep/sources/https---github.com-docker-go
Skipping repository .go/pkg/dep/sources/https---github.com-docker-go--connections
Skipping repository .go/pkg/dep/sources/https---github.com-docker-go--units
Skipping repository .go/pkg/dep/sources/https---github.com-jmespath-go--jmespath
Skipping repository .go/pkg/dep/sources/https---github.com-scaleway-go--scaleway
Skipping repository .go/pkg/dep/sources/https---github.com-go--ini-ini
Skipping repository .go/pkg/dep/sources/https---github.com-gorilla-mux
Skipping repository .go/pkg/dep/sources/https---github.com-gogo-protobuf
Skipping repository .go/pkg/dep/sources/https---github.com-gorilla-websocket
Skipping repository .go/pkg/dep/sources/https---github.com-vmware-govmomi
Skipping repository .go/pkg/dep/sources/https---github.com-sirupsen-logrus
Skipping repository .go/pkg/dep/sources/https---gopkg.in-yaml.v2
Skipping repository .go/pkg/dep/sources/https---github.com-golang-protobuf
Skipping repository .go/pkg/dep/sources/https---github.com-docker-go--p9p
Skipping repository .go/pkg/dep/sources/https---github.com-google-uuid
Skipping repository .go/pkg/dep/sources/https---github.com-gophercloud-gophercloud
Skipping repository .go/pkg/dep/sources/https---github.com-xeipuuv-gojsonreference
Skipping repository .go/pkg/dep/sources/https---github.com-moby-datakit
Skipping repository .go/pkg/dep/sources/https---github.com-surma-gocpio
Skipping repository .go/pkg/dep/sources/https---github.com-miekg-pkcs11
Skipping repository .go/pkg/dep/sources/https---go.googlesource.com-sync
Skipping repository .go/pkg/dep/sources/https---go.googlesource.com-oauth2
Skipping repository .go/pkg/dep/sources/https---code.googlesource.com-gocloud
Skipping repository .go/pkg/dep/sources/https---go.googlesource.com-sys
Skipping repository .go/pkg/dep/sources/https---go.googlesource.com-crypto
Skipping repository .go/pkg/dep/sources/https---code.googlesource.com-google--api--go--client
Skipping repository .go/pkg/dep/sources/https---github.com-census--instrumentation-opencensus--go
Skipping repository .go/pkg/dep/sources/https---github.com-googleapis-gax--go
Skipping repository .go/pkg/dep/sources/https---github.com-grpc-grpc--go
Skipping repository .go/pkg/dep/sources/https---github.com-konsorten-go--windows--terminal--sequences
Skipping repository .go/pkg/dep/sources/https---github.com-golang-groupcache
Skipping repository .go/pkg/dep/sources/https---github.com-google-go--genproto
Skipping repository .go/pkg/dep/sources/https---go.googlesource.com-text
Removing .go/src
Removing .go/bin
Removing build-tools/bin/linuxkit
Removing build-tools/bin/manifest-tool
Removing dist/
HEAD is now at 64aa8424 Re-setting kernel_config-5.4.x from 4.19 .config and removing kernel_config-5.6.x
Creating go builder image for user zededa-ci
The command '/bin/sh -c curl -L -s -o /usr/local/bin/protodot https://github.com/seamia/protodot/raw/master/binaries/protodot-linux-amd64 && chmod +x /usr/local/bin/protodot && protodot -install' returned a non-zero code: 2
Makefile:396: recipe for target 'eve-build-zededa-ci' failed
make: *** [eve-build-zededa-ci] Error 2
Creating go builder image for user zededa-ci
The command '/bin/sh -c curl -L -s -o /usr/local/bin/protodot https://github.com/seamia/protodot/raw/master/binaries/protodot-linux-amd64 && chmod +x /usr/local/bin/protodot && protodot -install' returned a non-zero code: 2
Makefile:396: recipe for target 'eve-build-zededa-ci' failed
make: *** [eve-build-zededa-ci] Error 2
Creating go builder image for user zededa-ci
The command '/bin/sh -c curl -L -s -o /usr/local/bin/protodot https://github.com/seamia/protodot/raw/master/binaries/protodot-linux-amd64 && chmod +x /usr/local/bin/protodot && protodot -install' returned a non-zero code: 2
Makefile:396: recipe for target 'eve-build-zededa-ci' failed
make: *** [eve-build-zededa-ci] Error 2
Creating go builder image for user zededa-ci
The command '/bin/sh -c curl -L -s -o /usr/local/bin/protodot https://github.com/seamia/protodot/raw/master/binaries/protodot-linux-amd64 && chmod +x /usr/local/bin/protodot && protodot -install' returned a non-zero code: 2
Makefile:396: recipe for target 'eve-build-zededa-ci' failed
make: *** [eve-build-zededa-ci] Error 2
Creating go builder image for user zededa-ci
The command '/bin/sh -c curl -L -s -o /usr/local/bin/protodot https://github.com/seamia/protodot/raw/master/binaries/protodot-linux-amd64 && chmod +x /usr/local/bin/protodot && protodot -install' returned a non-zero code: 2
Makefile:396: recipe for target 'eve-build-zededa-ci' failed
make: *** [eve-build-zededa-ci] Error 2
FINISHED
