From https://github.com/lf-edge/eve
   2684e660..2ed2e31e  master     -> origin/master
 * [new tag]           4.10.0     -> 4.10.0
 * [new tag]           5.0.0      -> 5.0.0
 * [new tag]           5.0.1      -> 5.0.1
 * [new tag]           5.1.0      -> 5.1.0
 * [new tag]           5.1.1      -> 5.1.1
 * [new tag]           5.1.10     -> 5.1.10
 * [new tag]           5.1.11     -> 5.1.11
 * [new tag]           5.2.0      -> 5.2.0
 * [new tag]           5.2.1      -> 5.2.1
 * [new tag]           5.2.2      -> 5.2.2
 * [new tag]           5.2.3      -> 5.2.3
 * [new tag]           5.2.4      -> 5.2.4
 * [new tag]           5.3.0      -> 5.3.0
 * [new tag]           5.4.0      -> 5.4.0
 * [new tag]           5.4.1      -> 5.4.1
 * [new tag]           5.5.0      -> 5.5.0
 * [new tag]           5.6.0      -> 5.6.0
 * [new tag]           5.6.1      -> 5.6.1
 * [new tag]           5.6.2      -> 5.6.2
 * [new tag]           5.7.0      -> 5.7.0
 * [new tag]           5.7.1      -> 5.7.1
 * [new tag]           5.8.0      -> 5.8.0
 * [new tag]           5.8.1      -> 5.8.1
 * [new tag]           5.8.2      -> 5.8.2
 * [new tag]           5.9.0      -> 5.9.0
Building the following tags: 5.9.0 origin/master (latest tag is 5.9.0)
Skipping repository .go/pkg/dep/sources/https---github.com-linuxkit-linuxkit
Skipping repository .go/pkg/dep/sources/https---github.com-moby-hyperkit
Skipping repository .go/pkg/dep/sources/https---github.com-gorilla-context
Skipping repository .go/pkg/dep/sources/https---github.com-theupdateframework-notary
Skipping repository .go/pkg/dep/sources/https---github.com-mitchellh-go--ps
Skipping repository .go/pkg/dep/sources/https---github.com-golang-appengine
Skipping repository .go/pkg/dep/sources/https---github.com-xeipuuv-gojsonschema
Skipping repository .go/pkg/dep/sources/https---go.googlesource.com-net
Skipping repository .go/pkg/dep/sources/https---github.com-xeipuuv-gojsonpointer
Skipping repository .go/pkg/dep/sources/https---github.com-Azure-azure--sdk--for--go
Skipping repository .go/pkg/dep/sources/https---github.com-moby-tool
Skipping repository .go/pkg/dep/sources/https---github.com-Azure-go--ansiterm
Skipping repository .go/pkg/dep/sources/https---github.com-moby-vpnkit
Skipping repository .go/pkg/dep/sources/https---github.com-moul-anonuuid
Skipping repository .go/pkg/dep/sources/https---github.com-Azure-go--autorest
Skipping repository .go/pkg/dep/sources/https---github.com-moul-gotty--client
Skipping repository .go/pkg/dep/sources/https---github.com-Microsoft-go--winio
Skipping repository .go/pkg/dep/sources/https---github.com-agl-ed25519
Skipping repository .go/pkg/dep/sources/https---github.com-aws-aws--sdk--go
Skipping repository .go/pkg/dep/sources/https---github.com-containerd-containerd
Skipping repository .go/pkg/dep/sources/https---github.com-opencontainers-go--digest
Skipping repository .go/pkg/dep/sources/https---github.com-opencontainers-image--spec
Skipping repository .go/pkg/dep/sources/https---github.com-opencontainers-runtime--spec
Skipping repository .go/pkg/dep/sources/https---github.com-packethost-packngo
Skipping repository .go/pkg/dep/sources/https---github.com-pkg-errors
Skipping repository .go/pkg/dep/sources/https---github.com-radu--matei-azure--sdk--for--go
Skipping repository .go/pkg/dep/sources/https---github.com-radu--matei-azure--vhd--utils
Skipping repository .go/pkg/dep/sources/https---github.com-renstrom-fuzzysearch
Skipping repository .go/pkg/dep/sources/https---github.com-rn-iso9660wrap
Skipping repository .go/pkg/dep/sources/https---github.com-creack-goselect
Skipping repository .go/pkg/dep/sources/https---github.com-dgrijalva-jwt--go
Skipping repository .go/pkg/dep/sources/https---github.com-docker-distribution
Skipping repository .go/pkg/dep/sources/https---github.com-docker-docker
Skipping repository .go/pkg/dep/sources/https---github.com-docker-go
Skipping repository .go/pkg/dep/sources/https---github.com-docker-go--connections
Skipping repository .go/pkg/dep/sources/https---github.com-docker-go--units
Skipping repository .go/pkg/dep/sources/https---github.com-jmespath-go--jmespath
Skipping repository .go/pkg/dep/sources/https---github.com-scaleway-go--scaleway
Skipping repository .go/pkg/dep/sources/https---github.com-go--ini-ini
Skipping repository .go/pkg/dep/sources/https---github.com-gorilla-mux
Skipping repository .go/pkg/dep/sources/https---github.com-gogo-protobuf
Skipping repository .go/pkg/dep/sources/https---github.com-gorilla-websocket
Skipping repository .go/pkg/dep/sources/https---github.com-vmware-govmomi
Skipping repository .go/pkg/dep/sources/https---github.com-sirupsen-logrus
Skipping repository .go/pkg/dep/sources/https---gopkg.in-yaml.v2
Skipping repository .go/pkg/dep/sources/https---github.com-golang-protobuf
Skipping repository .go/pkg/dep/sources/https---github.com-docker-go--p9p
Skipping repository .go/pkg/dep/sources/https---github.com-google-uuid
Skipping repository .go/pkg/dep/sources/https---github.com-gophercloud-gophercloud
Skipping repository .go/pkg/dep/sources/https---github.com-xeipuuv-gojsonreference
Skipping repository .go/pkg/dep/sources/https---github.com-moby-datakit
Skipping repository .go/pkg/dep/sources/https---github.com-surma-gocpio
Skipping repository .go/pkg/dep/sources/https---github.com-miekg-pkcs11
Skipping repository .go/pkg/dep/sources/https---go.googlesource.com-sync
Skipping repository .go/pkg/dep/sources/https---go.googlesource.com-oauth2
Skipping repository .go/pkg/dep/sources/https---code.googlesource.com-gocloud
Skipping repository .go/pkg/dep/sources/https---go.googlesource.com-sys
Skipping repository .go/pkg/dep/sources/https---go.googlesource.com-crypto
Skipping repository .go/pkg/dep/sources/https---code.googlesource.com-google--api--go--client
Skipping repository .go/pkg/dep/sources/https---github.com-census--instrumentation-opencensus--go
Skipping repository .go/pkg/dep/sources/https---github.com-googleapis-gax--go
Skipping repository .go/pkg/dep/sources/https---github.com-grpc-grpc--go
Skipping repository .go/pkg/dep/sources/https---github.com-konsorten-go--windows--terminal--sequences
Skipping repository .go/pkg/dep/sources/https---github.com-golang-groupcache
Skipping repository .go/pkg/dep/sources/https---github.com-google-go--genproto
Skipping repository .go/pkg/dep/sources/https---go.googlesource.com-text
Removing .go/src
Removing .go/bin
Removing build-tools/bin/linuxkit
Removing build-tools/bin/manifest-tool
Removing dist/
HEAD is now at 5d02bd95 Setting default server to prod
Creating go builder image for user zededa-ci
eve-build-zededa-ci docker container is ready to use
Done building /home/zededa-ci/src/eve/build-tools/bin/linuxkit
Building and pushing "lfedge/eve-acrn:5.9.0"
5.9.0: Pulling from lfedge/eve-acrn
Digest: sha256:f934e752b6ba5f123cd96b3196a1d27e95e575138474455c3b487661003fbf84
Status: Image is up to date for lfedge/eve-acrn:5.9.0
Building and pushing "lfedge/eve-acrn-kernel:5.9.0"
5.9.0: Pulling from lfedge/eve-acrn-kernel
Digest: sha256:2322a8264b570edbb10b268bbad8ae88ba3e2731a3df3f2f7dfef08f88924231
Status: Image is up to date for lfedge/eve-acrn-kernel:5.9.0
Building and pushing "lfedge/eve-alpine:5.9.0"
5.9.0: Pulling from lfedge/eve-alpine
Digest: sha256:02d09fdb2e3236bfbc2167193d021a610968170a33edc1d6b95c628677c666fc
Status: Image is up to date for lfedge/eve-alpine:5.9.0
Building and pushing "lfedge/eve-debug:5.9.0"
5.9.0: Pulling from lfedge/eve-debug
Digest: sha256:a8f04ba639c32a95974024f8fe71c567754ebf32cf579d064cff0523252056ef
Status: Image is up to date for lfedge/eve-debug:5.9.0
Building and pushing "lfedge/eve-dnsmasq:5.9.0"
5.9.0: Pulling from lfedge/eve-dnsmasq
Digest: sha256:ac7a1132c57d8c1e1c56194c021355bd889ed1f702f3bd105520f51f7cf4da03
Status: Image is up to date for lfedge/eve-dnsmasq:5.9.0
Building and pushing "lfedge/eve-dom0-ztools:5.9.0"
5.9.0: Pulling from lfedge/eve-dom0-ztools
Digest: sha256:0ee73366cc60d30d7f1e75b8bf677647a5e00e4a00d556c3d20cf8207b6afd46
Status: Image is up to date for lfedge/eve-dom0-ztools:5.9.0
Building and pushing "lfedge/eve-fw:5.9.0"
5.9.0: Pulling from lfedge/eve-fw
Digest: sha256:28c1eac90004b8b107be6b461e4a332c9ff79452de18cce1bdafcb434d203621
Status: Image is up to date for lfedge/eve-fw:5.9.0
Building and pushing "lfedge/eve-gpt-tools:5.9.0"
5.9.0: Pulling from lfedge/eve-gpt-tools
Digest: sha256:4a54552de7b55ab3559508b280d69e35084c433ad32d6281512aabd38d61d0a0
Status: Image is up to date for lfedge/eve-gpt-tools:5.9.0
Building and pushing "lfedge/eve-grub:5.9.0"
5.9.0: Pulling from lfedge/eve-grub
Digest: sha256:1193c0da5691f2ca7738267182446fb024c175c4adbe0abf856eb6389c869127
Status: Image is up to date for lfedge/eve-grub:5.9.0
Building and pushing "lfedge/eve-guacd:5.9.0"
5.9.0: Pulling from lfedge/eve-guacd
Digest: sha256:79afff348b6ae49856874c50f3e3d6db00b31a1fa923b9c06c72448048b01fb1
Status: Image is up to date for lfedge/eve-guacd:5.9.0
Building and pushing "lfedge/eve-k3s:5.9.0"
5.9.0: Pulling from lfedge/eve-k3s
Digest: sha256:878feeee4e4026b8ab4611e1c8bb3b097f5623508b5f45e24098e5b0cd0ffe09
Status: Image is up to date for lfedge/eve-k3s:5.9.0
Building and pushing "lfedge/eve-kernel:5.9.0"
5.9.0: Pulling from lfedge/eve-kernel
Digest: sha256:a4ae8c8d45bdab4d4d644591834ae07e7b68d6e58ce8657c248819bdc9697b37
Status: Image is up to date for lfedge/eve-kernel:5.9.0
Building and pushing "lfedge/eve-lisp:5.9.0"
5.9.0: Pulling from lfedge/eve-lisp
Digest: sha256:7010b8393bc1a56d0ee3e7b372edc311f0dc743aec01440a037a7354acf65a35
Status: Image is up to date for lfedge/eve-lisp:5.9.0
Building and pushing "lfedge/eve-mkconf:5.9.0"
5.9.0: Pulling from lfedge/eve-mkconf
Digest: sha256:374d51146d13d77b04c08c01cad0696111d6dee87e2e809148b95c4a16801dcb
Status: Image is up to date for lfedge/eve-mkconf:5.9.0
Building and pushing "lfedge/eve-mkimage-iso-efi:5.9.0"
5.9.0: Pulling from lfedge/eve-mkimage-iso-efi
Digest: sha256:5345adb8a77244945d8a4570527020ad329e3481e224f9a90069312e461f4b6d
Status: Image is up to date for lfedge/eve-mkimage-iso-efi:5.9.0
Building and pushing "lfedge/eve-mkimage-raw-efi:5.9.0"
5.9.0: Pulling from lfedge/eve-mkimage-raw-efi
Digest: sha256:c163d1c04137edc524d7a94aa6001792ca79b85419ebe35b15637dba03f14606
Status: Image is up to date for lfedge/eve-mkimage-raw-efi:5.9.0
Building and pushing "lfedge/eve-mkrootfs-ext4:5.9.0"
5.9.0: Pulling from lfedge/eve-mkrootfs-ext4
Digest: sha256:27d76266ed4766e7ea8cbc1e4236a0e1ca090bbd8bcbc911d53df4efefa330cb
Status: Image is up to date for lfedge/eve-mkrootfs-ext4:5.9.0
Building and pushing "lfedge/eve-mkrootfs-squash:5.9.0"
5.9.0: Pulling from lfedge/eve-mkrootfs-squash
Digest: sha256:302f850b06741c8216668250b856e64e651c9cfc11ce8e41c6d9370b79ddbcbe
Status: Image is up to date for lfedge/eve-mkrootfs-squash:5.9.0
Building and pushing "lfedge/eve-new-kernel:5.9.0"
5.9.0: Pulling from lfedge/eve-new-kernel
Digest: sha256:e7c41bb0a7428a89638c1d81c9f3c7833dec6b11b5cafa54560a4e89fb64380f
Status: Image is up to date for lfedge/eve-new-kernel:5.9.0
Building and pushing "lfedge/eve-strongswan:5.9.0"
5.9.0: Pulling from lfedge/eve-strongswan
Digest: sha256:0df3963ee1fd18b0ef0606a943090f366da31e4e2e33c98cae28839777af870f
Status: Image is up to date for lfedge/eve-strongswan:5.9.0
Building and pushing "lfedge/eve-pillar:5.9.0"
5.9.0: Pulling from lfedge/eve-pillar
Digest: sha256:2fe321c597b84728fffb67f978f06bdf83dd18d777ae719f978abd2ca9298278
Status: Image is up to date for lfedge/eve-pillar:5.9.0
Building and pushing "lfedge/eve-uefi:5.9.0"
5.9.0: Pulling from lfedge/eve-uefi
Digest: sha256:ebbc3291d16987dcb9ab5cd03d73cfbedacfe29d25ccc57a251a64192b719756
Status: Image is up to date for lfedge/eve-uefi:5.9.0
Building and pushing "lfedge/eve-xen-tools:5.9.0"
5.9.0: Pulling from lfedge/eve-xen-tools
Digest: sha256:aeb7307e00247c9b16a0930dd9d0e264bca6bb862c8288687741cece682deb28
Status: Image is up to date for lfedge/eve-xen-tools:5.9.0
Building and pushing "lfedge/eve-qrexec-lib:5.9.0"
5.9.0: Pulling from lfedge/eve-qrexec-lib
Digest: sha256:7a5b7a5f9d53a4acab5b6c281e0478783a85a069693fc773258f8ae0095e48e6
Status: Image is up to date for lfedge/eve-qrexec-lib:5.9.0
Building and pushing "lfedge/eve-qrexec-dom0:5.9.0"
5.9.0: Pulling from lfedge/eve-qrexec-dom0
Digest: sha256:1b68b0400e243f4214140213a3759a826778afc11244427c6ed28e15a7a04787
Status: Image is up to date for lfedge/eve-qrexec-dom0:5.9.0
Building and pushing "lfedge/eve-rngd:5.9.0"
5.9.0: Pulling from lfedge/eve-rngd
Digest: sha256:1385af3815787190db5fbc42cfc6ed1fd4358f1dc265655c38fb34d750beb71f
Status: Image is up to date for lfedge/eve-rngd:5.9.0
Building and pushing "lfedge/eve-rsyslog:5.9.0"
5.9.0: Pulling from lfedge/eve-rsyslog
Digest: sha256:05762e9c6343f745300fe8665dabed8c4f6c3603744b49ff53e012baca8361b2
Status: Image is up to date for lfedge/eve-rsyslog:5.9.0
Building and pushing "lfedge/eve-storage-init:5.9.0"
5.9.0: Pulling from lfedge/eve-storage-init
Digest: sha256:fb945840316379b3601ee93a0f4d87a0885d2dd668268697251c341e4b601fce
Status: Image is up to date for lfedge/eve-storage-init:5.9.0
Building and pushing "lfedge/eve-u-boot:5.9.0"
5.9.0: Pulling from lfedge/eve-u-boot
Digest: sha256:c4dc40ee13c1e5d45a77f8e7b03c03387bf580a6f2a2a05cc143fdb602f10c8c
Status: Image is up to date for lfedge/eve-u-boot:5.9.0
Building and pushing "lfedge/eve-vtpm:5.9.0"
5.9.0: Pulling from lfedge/eve-vtpm
Digest: sha256:5609724a317e5a9b1540ec0f23bedb07831247d7772867784644ab049fd128a1
Status: Image is up to date for lfedge/eve-vtpm:5.9.0
Building and pushing "lfedge/eve-watchdog:5.9.0"
5.9.0: Pulling from lfedge/eve-watchdog
Digest: sha256:54bac7a833525bc1034e4bf0970a445ec1f1956ac954e0751354e362a8811183
Status: Image is up to date for lfedge/eve-watchdog:5.9.0
Building and pushing "lfedge/eve-wlan:5.9.0"
5.9.0: Pulling from lfedge/eve-wlan
Digest: sha256:8f3e4edc9972c65b012e07026efaa98c5121394796c3cbb99b932c61b554aa37
Status: Image is up to date for lfedge/eve-wlan:5.9.0
Building and pushing "lfedge/eve-wwan:5.9.0"
5.9.0: Pulling from lfedge/eve-wwan
Digest: sha256:b233b0cf72c9dd7ed05a7490b3f953ed4df043cf82f478a4b22aef01e92ea908
Status: Image is up to date for lfedge/eve-wwan:5.9.0
Building and pushing "lfedge/eve-xen:5.9.0"
5.9.0: Pulling from lfedge/eve-xen
Digest: sha256:8b61e4955ead4cef3cbdb9f926ce4a2bfe60557ec6eae1d4e0b74f0d7e40776e
Status: Image is up to date for lfedge/eve-xen:5.9.0
Done building packages
rm pkg/qrexec-dom0/Dockerfile pkg/xen-tools/Dockerfile pkg/qrexec-lib/Dockerfile pkg/pillar/Dockerfile
Creating go builder image for user zededa-ci
eve-build-zededa-ci docker container is ready to use
mkdir -p /home/zededa-ci/src/eve/dist/arm64
cd /home/zededa-ci/src/eve/dist/arm64 ; _() { C=`docker create $1 fake` ; shift ; docker export $C | tar -xf - "$@" ; docker rm $C ; } ; _ lfedge/eve-uefi:279fad09317f1f87099e91ab2dac7c0ecfad5410-arm64 OVMF.fd
199e0fd4b3f5280f9e3205372b1779ca83f9ea9807a80df98dedbe9e4ce36630
cd /home/zededa-ci/src/eve/dist/arm64 ; _() { C=`docker create $1 fake` ; shift ; docker export $C | tar -xf - "$@" ; docker rm $C ; } ; _ lfedge/eve-uefi:279fad09317f1f87099e91ab2dac7c0ecfad5410-arm64 OVMF_CODE.fd
tar: OVMF_CODE.fd: Not found in archive
tar: Exiting with failure status due to previous errors
de60099876d3d45ffb6477004c3875bd31d8edb66da4204b492e312cd1eaf62b
cd /home/zededa-ci/src/eve/dist/arm64 ; _() { C=`docker create $1 fake` ; shift ; docker export $C | tar -xf - "$@" ; docker rm $C ; } ; _ lfedge/eve-uefi:279fad09317f1f87099e91ab2dac7c0ecfad5410-arm64 OVMF_VARS.fd
ccab733614eca574f26764a2c895956a80ac4be20409d82b7abf8896e18ca1c0
mkdir -p /home/zededa-ci/src/eve/dist/arm64/installer
cd /home/zededa-ci/src/eve/dist/arm64/installer ; _() { C=`docker create $1 fake` ; shift ; docker export $C | tar -xf - "$@" ; docker rm $C ; } ; _ lfedge/eve-grub:ff333a29ed1c22b0161d2230f8275a741496362c-arm64 EFI
bd8c4872bc195577721c58ab6df8fdce802ee47af755ae44ddb27fc552de3ef3
./tools/makeconfig.sh /home/zededa-ci/src/eve/dist/arm64/installer/config.img conf/authorized_keys conf/DevicePortConfig conf/grub.cfg conf/onboard.cert.pem conf/onboard.key.pem conf/root-certificate.pem conf/server conf/v2tlsbaseroot-certificates.pem
1024+0 records in
1024+0 records out
mkfs.fat 4.1 (2017-01-24)
/config.img has 64 heads and 32 sectors per track,
hidden sectors 0x0000;
logical sector size is 512,
using 0xf8 media descriptor, with 2048 sectors;
drive number 0x80;
filesystem has 2 12-bit FATs and 4 sectors per cluster.
FAT size is 2 sectors, and provides 502 clusters.
There is 1 reserved sector.
Root directory contains 512 slots and uses 32 sectors.
Volume ID is 9340a07d, volume label EVE        .
cd /home/zededa-ci/src/eve/dist/arm64/installer ; _() { C=`docker create $1 fake` ; shift ; docker export $C | tar -xf - "$@" ; docker rm $C ; } ; _ lfedge/eve-mkimage-raw-efi:73d534381d5d3df4fb08cacb03022ce4754efda8-arm64 initrd.img EFI
2e0d5d170b860160e7b284c0521662dfb346f3fa54c5cb97b743d2bd0fd324b7
Done building /home/zededa-ci/src/eve/build-tools/bin/linuxkit
patching file images/rootfs-rpi-xen.yml.in.sed (read from images/rootfs.yml.in)
./tools/makerootfs.sh images/rootfs-rpi-xen.yml /home/zededa-ci/src/eve/dist/arm64/installer/rootfs-5.9.0-rpi-xen-arm64.squash squash
Extract kernel image: lfedge/eve-new-kernel:5.9.0-arm64
Add init containers:
Process init image: linuxkit/init:v0.5-arm64
time="2020-08-14T08:03:51+02:00" level=warning msg="targets metadata is nearing expiry, you should re-sign the role metadata"
time="2020-08-14T08:03:51+02:00" level=warning msg="targets/justin metadata is nearing expiry, you should re-sign the role metadata"
Process init image: linuxkit/runc:f79954950022fea76b8b6f10de58cb48e4fb3878-arm64
time="2020-08-14T08:03:59+02:00" level=error msg="Metadata for targets/riyaz expired"
time="2020-08-14T08:03:59+02:00" level=error msg="Metadata for targets/riyaz expired"
time="2020-08-14T08:03:59+02:00" level=warning msg="Error getting targets/riyaz: targets/riyaz expired at Mon May 25 15:32:34 -0700 2020"
time="2020-08-14T08:03:59+02:00" level=warning msg="targets/justin metadata is nearing expiry, you should re-sign the role metadata"
time="2020-08-14T08:03:59+02:00" level=warning msg="targets metadata is nearing expiry, you should re-sign the role metadata"
Process init image: linuxkit/containerd:6ef473a228db6f6ee163f9b9a051102a1552a4ef-arm64
time="2020-08-14T08:04:08+02:00" level=error msg="Metadata for targets/riyaz expired"
time="2020-08-14T08:04:08+02:00" level=error msg="Metadata for targets/riyaz expired"
time="2020-08-14T08:04:08+02:00" level=warning msg="Error getting targets/riyaz: targets/riyaz expired at Sat Jun 6 08:35:43 -0700 2020"
time="2020-08-14T08:04:08+02:00" level=warning msg="targets metadata is nearing expiry, you should re-sign the role metadata"
time="2020-08-14T08:04:08+02:00" level=warning msg="targets/justin metadata is nearing expiry, you should re-sign the role metadata"
Process init image: linuxkit/getty:v0.5-arm64
time="2020-08-14T08:04:15+02:00" level=error msg="Metadata for targets/justin expired"
time="2020-08-14T08:04:15+02:00" level=error msg="Metadata for targets/justin expired"
time="2020-08-14T08:04:15+02:00" level=warning msg="Error getting targets/justin: targets/justin expired at Thu Jul 30 20:41:57 +0100 2020"
time="2020-08-14T08:04:15+02:00" level=warning msg="targets/riyaz metadata is nearing expiry, you should re-sign the role metadata"
time="2020-08-14T08:04:15+02:00" level=warning msg="targets metadata is nearing expiry, you should re-sign the role metadata"
Process init image: linuxkit/memlogd:v0.5-arm64
Process init image: lfedge/eve-grub:5.9.0-arm64
Process init image: lfedge/eve-fw:5.9.0-arm64
Process init image: lfedge/eve-xen:5.9.0-arm64
Process init image: lfedge/eve-gpt-tools:5.9.0-arm64
Process init image: lfedge/eve-dom0-ztools:5.9.0-arm64
Add onboot containers:
  Create OCI config for lfedge/eve-storage-init:5.9.0-arm64
  Create OCI config for linuxkit/sysctl:v0.5-arm64
time="2020-08-14T08:04:41+02:00" level=warning msg="targets metadata is nearing expiry, you should re-sign the role metadata"
time="2020-08-14T08:04:41+02:00" level=warning msg="targets/justin metadata is nearing expiry, you should re-sign the role metadata"
time="2020-08-14T08:04:41+02:00" level=warning msg="targets/ian metadata is nearing expiry, you should re-sign the role metadata"
  Create OCI config for lfedge/eve-rngd:5.9.0-arm64
  Create OCI config for linuxkit/modprobe:v0.5-arm64
time="2020-08-14T08:04:50+02:00" level=warning msg="targets/ian metadata is nearing expiry, you should re-sign the role metadata"
time="2020-08-14T08:04:50+02:00" level=warning msg="targets metadata is nearing expiry, you should re-sign the role metadata"
Add service containers:
  Create OCI config for lfedge/eve-rsyslog:5.9.0-arm64
  Create OCI config for linuxkit/openntpd:v0.5-arm64
time="2020-08-14T08:05:01+02:00" level=error msg="Metadata for targets/justin expired"
time="2020-08-14T08:05:02+02:00" level=error msg="Metadata for targets/justin expired"
time="2020-08-14T08:05:02+02:00" level=warning msg="Error getting targets/justin: targets/justin expired at Fri Jul 24 16:25:30 +0100 2020"
time="2020-08-14T08:05:02+02:00" level=error msg="Metadata for targets/riyaz expired"
time="2020-08-14T08:05:02+02:00" level=error msg="Metadata for targets/riyaz expired"
time="2020-08-14T08:05:02+02:00" level=warning msg="Error getting targets/riyaz: targets/riyaz expired at Mon May 25 15:06:33 -0700 2020"
time="2020-08-14T08:05:02+02:00" level=warning msg="targets metadata is nearing expiry, you should re-sign the role metadata"
time="2020-08-14T08:05:02+02:00" level=warning msg="targets/ian metadata is nearing expiry, you should re-sign the role metadata"
  Create OCI config for linuxkit/sshd:v0.5-arm64
time="2020-08-14T08:05:12+02:00" level=error msg="Metadata for targets/justin expired"
time="2020-08-14T08:05:12+02:00" level=error msg="Metadata for targets/justin expired"
time="2020-08-14T08:05:12+02:00" level=warning msg="Error getting targets/justin: targets/justin expired at Fri May 29 15:28:54 +0100 2020"
time="2020-08-14T08:05:12+02:00" level=error msg="Metadata for targets/riyaz expired"
time="2020-08-14T08:05:13+02:00" level=error msg="Metadata for targets/riyaz expired"
time="2020-08-14T08:05:13+02:00" level=warning msg="Error getting targets/riyaz: targets/riyaz expired at Sun Jul 19 14:46:17 -0700 2020"
time="2020-08-14T08:05:13+02:00" level=warning msg="targets metadata is nearing expiry, you should re-sign the role metadata"
  Create OCI config for lfedge/eve-wwan:5.9.0-arm64
  Create OCI config for lfedge/eve-wlan:5.9.0-arm64
  Create OCI config for lfedge/eve-lisp:5.9.0-arm64
  Create OCI config for lfedge/eve-guacd:5.9.0-arm64
  Create OCI config for lfedge/eve-pillar:5.9.0-arm64
  Create OCI config for lfedge/eve-vtpm:5.9.0-arm64
  Create OCI config for lfedge/eve-watchdog:5.9.0-arm64
  Create OCI config for lfedge/eve-xen-tools:5.9.0-arm64
Add files:
  /etc/eve-release
Parallel mksquashfs: Using 4 processors
Creating 4.0 filesystem on /rootfs.img, block size 131072.
[======================/                                     ]  8300/21872  37%[==============================================/             ] 17100/21872  78%[===============================================/            ] 17700/21872  80%[==================================================-         ] 18600/21872  85%[====================================================/       ] 19400/21872  88%[===========================================================\] 21872/21872 100%

Exportable Squashfs 4.0 filesystem, gzip compressed, data block size 131072
	compressed data, compressed metadata, compressed fragments, compressed xattrs
	duplicates are removed
Filesystem size 245680.58 Kbytes (239.92 Mbytes)
	33.23% of uncompressed filesystem size (739364.92 Kbytes)
Inode table size 247487 bytes (241.69 Kbytes)
	25.10% of uncompressed inode table size (986068 bytes)
Directory table size 269427 bytes (263.11 Kbytes)
	45.64% of uncompressed directory table size (590267 bytes)
Number of duplicate files found 8734
Number of inodes 25357
Number of files 17280
Number of fragments 749
Number of symbolic links  5980
Number of device nodes 4
Number of fifo nodes 0
Number of socket nodes 0
Number of directories 2093
Number of ids (unique uids + gids) 3
Number of uids 1
	root (0)
Number of gids 3
	root (0)
	shadow (42)
	tty (5)
cd /home/zededa-ci/src/eve/dist/arm64/installer ; _() { C=`docker create $1 fake` ; shift ; docker export $C | tar -xf - "$@" ; docker rm $C ; } ; _ lfedge/eve-u-boot:d4c47072ebe9022d8bfd9e41077b755afd7520d8-arm64 boot
726f5f6ff331bce32beae50567948dcd91ab598018adc27d003c34262b0cda90
cp pkg/eve/build.yml pkg/eve/runme.sh images/*.yml /home/zededa-ci/src/eve/dist/arm64
EVE_HASH=5.9.0 DOCKER_ARCH_TAG=arm64 ./tools/parse-pkgs.sh pkg/eve/Dockerfile.in > /home/zededa-ci/src/eve/dist/arm64/Dockerfile
/home/zededa-ci/src/eve/build-tools/bin/linuxkit pkg push --disable-content-trust --hash-path /home/zededa-ci/src/eve --hash 5.9.0-rpi-xen --release latest --force --disable-cache /home/zededa-ci/src/eve/dist/arm64
Building and pushing "lfedge/eve:5.9.0-rpi-xen"
Sending build context to Docker daemon  267.2MB
Step 1/17 : FROM alpine:3.9.4 as tools
 ---> ce544de9ee2c
Step 2/17 : RUN mkdir -p /out/etc/apk /out/boot && cp -r /etc/apk/* /out/etc/apk/
 ---> Running in b4a5f17f1611
 ---> 8c928d9f8a36
Removing intermediate container b4a5f17f1611
Step 3/17 : RUN apk add --no-cache --initdb -p /out qemu-img=3.1.0-r3 tar=1.32-r0
 ---> Running in 9c020156e9d4
fetch http://dl-cdn.alpinelinux.org/alpine/v3.9/main/aarch64/APKINDEX.tar.gz
fetch http://dl-cdn.alpinelinux.org/alpine/v3.9/community/aarch64/APKINDEX.tar.gz
(1/19) Installing libaio (0.3.111-r0)
(2/19) Installing musl (1.1.20-r5)
(3/19) Installing busybox (1.29.3-r10)
Executing busybox-1.29.3-r10.post-install
(4/19) Installing libffi (3.2.1-r6)
(5/19) Installing libintl (0.19.8.1-r4)
(6/19) Installing libuuid (2.33-r0)
(7/19) Installing libblkid (2.33-r0)
(8/19) Installing libmount (2.33-r0)
(9/19) Installing pcre (8.42-r1)
(10/19) Installing zlib (1.2.11-r1)
(11/19) Installing glib (2.58.1-r3)
(12/19) Installing gmp (6.1.2-r1)
(13/19) Installing nettle (3.4.1-r0)
(14/19) Installing p11-kit (0.23.14-r0)
(15/19) Installing libtasn1 (4.14-r0)
(16/19) Installing libunistring (0.9.10-r0)
(17/19) Installing gnutls (3.6.14-r0)
(18/19) Installing qemu-img (3.1.0-r3)
(19/19) Installing tar (1.32-r0)
Executing busybox-1.29.3-r10.trigger
Executing glib-2.58.1-r3.trigger
OK: 16 MiB in 19 packages
 ---> 8cc66ce81ea9
Removing intermediate container 9c020156e9d4
Step 4/17 : FROM lfedge/eve-mkimage-iso-efi:5.9.0-arm64 as iso
 ---> 00c4193078ca
Step 5/17 : FROM lfedge/eve-mkimage-raw-efi:5.9.0-arm64 as raw
 ---> 75615f648e48
Step 6/17 : RUN rm /initrd.img
 ---> Running in 22bf60207df5
 ---> bd9435e2114a
Removing intermediate container 22bf60207df5
Step 7/17 : FROM lfedge/eve-mkconf:5.9.0-arm64 as conf
 ---> 01c4d3e1f9a4
Step 8/17 : COPY --from=iso / /
 ---> 1fdee8ca7a8b
Step 9/17 : COPY --from=raw / /
 ---> 0627596ff7c0
Step 10/17 : COPY --from=tools /out/ /
 ---> ca973d10f4a3
Step 11/17 : COPY installer /bits
 ---> b08b9643b5da
Step 12/17 : COPY OVMF* /firmware/
 ---> 26b85a68e1b5
Step 13/17 : COPY runme.sh /
 ---> 80f45c49b94f
Step 14/17 : RUN mkdir /in /out
 ---> Running in 2f051de31f7f
 ---> 0dbc31664e88
Removing intermediate container 2f051de31f7f
Step 15/17 : WORKDIR /bits
 ---> 63e48c066a0e
Removing intermediate container 34c6062bd327
Step 16/17 : ENTRYPOINT /runme.sh
 ---> Running in 8fd78d8b5bee
 ---> 5bd71322f4e9
Removing intermediate container 8fd78d8b5bee
Step 17/17 : LABEL org.mobyproject.linuxkit.revision 'unknown' org.mobyproject.linuxkit.version 'unknown' org.opencontainers.image.revision '5d02bd951273aa5dc44a6fcddfa43326cf44bedd' org.opencontainers.image.source 'https://github.com/linuxkit/linuxkit'
 ---> Running in c67398e115fe
 ---> ea57c333ee18
Removing intermediate container c67398e115fe
Successfully built ea57c333ee18
Successfully tagged lfedge/eve:5.9.0-rpi-xen-arm64
Pushing lfedge/eve:5.9.0-rpi-xen-arm64
The push refers to a repository [docker.io/lfedge/eve]
a72f4b4e3346: Preparing
c6d46f4f6c32: Preparing
0e949cabfe49: Preparing
c8f07b0e83e6: Preparing
63778f9ae7fb: Preparing
79d91e14d8af: Preparing
5c1764b243b5: Preparing
4cf08b7b18c4: Preparing
79d91e14d8af: Waiting
5c1764b243b5: Waiting
4cf08b7b18c4: Waiting
c6d46f4f6c32: Pushed
a72f4b4e3346: Pushed
0e949cabfe49: Pushed
5c1764b243b5: Layer already exists
79d91e14d8af: Layer already exists
4cf08b7b18c4: Layer already exists
63778f9ae7fb: Pushed
c8f07b0e83e6: Pushed
5.9.0-rpi-xen-arm64: digest: sha256:76edda99ff43f2145d613f757e83867eae738b3aaedb2e278b4d3962f7c7be9e size: 1999
Pushing lfedge/eve:5.9.0-rpi-xen-arm64 to manifest lfedge/eve:5.9.0-rpi-xen
time="2020-08-14T08:10:07+02:00" level=warning msg="Couldn't find or access image reference \"lfedge/eve:5.9.0-rpi-xen-amd64\". Skipping image."
time="2020-08-14T08:10:11+02:00" level=warning msg="Couldn't find or access image reference \"lfedge/eve:5.9.0-rpi-xen-s390x\". Skipping image."
Digest: sha256:4086d73a1ee34504e08684018b4390645696397414644daffad8dcfc4740984e 434
Not signing lfedge/eve:5.9.0-rpi-xen
Tagging lfedge/eve:5.9.0-rpi-xen-arm64 as lfedge/eve:latest-arm64
Pushing lfedge/eve:latest-arm64
The push refers to a repository [docker.io/lfedge/eve]
a72f4b4e3346: Preparing
c6d46f4f6c32: Preparing
0e949cabfe49: Preparing
c8f07b0e83e6: Preparing
63778f9ae7fb: Preparing
79d91e14d8af: Preparing
5c1764b243b5: Preparing
4cf08b7b18c4: Preparing
5c1764b243b5: Waiting
79d91e14d8af: Waiting
c8f07b0e83e6: Layer already exists
0e949cabfe49: Layer already exists
c6d46f4f6c32: Layer already exists
a72f4b4e3346: Layer already exists
63778f9ae7fb: Layer already exists
79d91e14d8af: Layer already exists
5c1764b243b5: Layer already exists
4cf08b7b18c4: Layer already exists
latest-arm64: digest: sha256:76edda99ff43f2145d613f757e83867eae738b3aaedb2e278b4d3962f7c7be9e size: 1999
Pushing lfedge/eve:latest-arm64 to manifest lfedge/eve:latest
time="2020-08-14T08:10:22+02:00" level=warning msg="Couldn't find or access image reference \"lfedge/eve:latest-s390x\". Skipping image."
Digest: sha256:868b8b51275788a691c46420f58eedaf454f44edf8a302e21305e720eb907c29 743
Not signing lfedge/eve:latest
Build, push and release of "latest" complete, all done.
rm images/rootfs-rpi-xen.yml.in images/rootfs-rpi-xen.yml
Creating go builder image for user zededa-ci
eve-build-zededa-ci docker container is ready to use
mkdir -p /home/zededa-ci/src/eve/dist/arm64
cd /home/zededa-ci/src/eve/dist/arm64 ; _() { C=`docker create $1 fake` ; shift ; docker export $C | tar -xf - "$@" ; docker rm $C ; } ; _ lfedge/eve-uefi:279fad09317f1f87099e91ab2dac7c0ecfad5410-arm64 OVMF.fd
fe0ce4f53ecd4cd836a25cfe00affea454e13c33a3f5ae65d6d1107277d7e4a2
cd /home/zededa-ci/src/eve/dist/arm64 ; _() { C=`docker create $1 fake` ; shift ; docker export $C | tar -xf - "$@" ; docker rm $C ; } ; _ lfedge/eve-uefi:279fad09317f1f87099e91ab2dac7c0ecfad5410-arm64 OVMF_CODE.fd
tar: OVMF_CODE.fd: Not found in archive
tar: Exiting with failure status due to previous errors
9eae090165f72a19bf0b076dbf0695a0a82d7016b3f2aa00f57062863e5fd298
cd /home/zededa-ci/src/eve/dist/arm64 ; _() { C=`docker create $1 fake` ; shift ; docker export $C | tar -xf - "$@" ; docker rm $C ; } ; _ lfedge/eve-uefi:279fad09317f1f87099e91ab2dac7c0ecfad5410-arm64 OVMF_VARS.fd
aad7f0019a8436986c5ba5ff5a731915c8f006ae7213f090b6673f6e7a77e312
mkdir -p /home/zededa-ci/src/eve/dist/arm64/installer
cd /home/zededa-ci/src/eve/dist/arm64/installer ; _() { C=`docker create $1 fake` ; shift ; docker export $C | tar -xf - "$@" ; docker rm $C ; } ; _ lfedge/eve-grub:ff333a29ed1c22b0161d2230f8275a741496362c-arm64 EFI
f8fc3c94083bb6f1def68f74e530b922b55ae31d60271cfe06c9adf8f14be9e3
./tools/makeconfig.sh /home/zededa-ci/src/eve/dist/arm64/installer/config.img conf/authorized_keys conf/DevicePortConfig conf/grub.cfg conf/onboard.cert.pem conf/onboard.key.pem conf/root-certificate.pem conf/server conf/v2tlsbaseroot-certificates.pem
1024+0 records in
1024+0 records out
mkfs.fat 4.1 (2017-01-24)
/config.img has 64 heads and 32 sectors per track,
hidden sectors 0x0000;
logical sector size is 512,
using 0xf8 media descriptor, with 2048 sectors;
drive number 0x80;
filesystem has 2 12-bit FATs and 4 sectors per cluster.
FAT size is 2 sectors, and provides 502 clusters.
There is 1 reserved sector.
Root directory contains 512 slots and uses 32 sectors.
Volume ID is ad8a8a25, volume label EVE        .
cd /home/zededa-ci/src/eve/dist/arm64/installer ; _() { C=`docker create $1 fake` ; shift ; docker export $C | tar -xf - "$@" ; docker rm $C ; } ; _ lfedge/eve-mkimage-raw-efi:73d534381d5d3df4fb08cacb03022ce4754efda8-arm64 initrd.img EFI
080c54fd6171fadb5324f915b8352bbd2421fe4ee785117020600edb9d64168d
Done building /home/zededa-ci/src/eve/build-tools/bin/linuxkit
patching file images/rootfs-rpi-kvm.yml.in.sed (read from images/rootfs.yml.in)
./tools/makerootfs.sh images/rootfs-rpi-kvm.yml /home/zededa-ci/src/eve/dist/arm64/installer/rootfs-5.9.0-rpi-kvm-arm64.squash squash
Extract kernel image: lfedge/eve-new-kernel:5.9.0-arm64
Add init containers:
Process init image: linuxkit/init:v0.5-arm64
time="2020-08-14T08:10:48+02:00" level=warning msg="targets metadata is nearing expiry, you should re-sign the role metadata"
time="2020-08-14T08:10:48+02:00" level=warning msg="targets/justin metadata is nearing expiry, you should re-sign the role metadata"
Process init image: linuxkit/runc:f79954950022fea76b8b6f10de58cb48e4fb3878-arm64
time="2020-08-14T08:10:53+02:00" level=error msg="Metadata for targets/riyaz expired"
time="2020-08-14T08:10:53+02:00" level=error msg="Metadata for targets/riyaz expired"
time="2020-08-14T08:10:53+02:00" level=warning msg="Error getting targets/riyaz: targets/riyaz expired at Mon May 25 15:32:34 -0700 2020"
time="2020-08-14T08:10:53+02:00" level=warning msg="targets metadata is nearing expiry, you should re-sign the role metadata"
time="2020-08-14T08:10:53+02:00" level=warning msg="targets/justin metadata is nearing expiry, you should re-sign the role metadata"
Process init image: linuxkit/containerd:6ef473a228db6f6ee163f9b9a051102a1552a4ef-arm64
time="2020-08-14T08:10:58+02:00" level=error msg="Metadata for targets/riyaz expired"
time="2020-08-14T08:10:58+02:00" level=error msg="Metadata for targets/riyaz expired"
time="2020-08-14T08:10:58+02:00" level=warning msg="Error getting targets/riyaz: targets/riyaz expired at Sat Jun 6 08:35:43 -0700 2020"
time="2020-08-14T08:10:58+02:00" level=warning msg="targets/justin metadata is nearing expiry, you should re-sign the role metadata"
time="2020-08-14T08:10:58+02:00" level=warning msg="targets metadata is nearing expiry, you should re-sign the role metadata"
Process init image: linuxkit/getty:v0.5-arm64
time="2020-08-14T08:11:03+02:00" level=error msg="Metadata for targets/justin expired"
time="2020-08-14T08:11:03+02:00" level=error msg="Metadata for targets/justin expired"
time="2020-08-14T08:11:03+02:00" level=warning msg="Error getting targets/justin: targets/justin expired at Thu Jul 30 20:41:57 +0100 2020"
time="2020-08-14T08:11:03+02:00" level=warning msg="targets/riyaz metadata is nearing expiry, you should re-sign the role metadata"
time="2020-08-14T08:11:03+02:00" level=warning msg="targets metadata is nearing expiry, you should re-sign the role metadata"
Process init image: linuxkit/memlogd:v0.5-arm64
Process init image: lfedge/eve-grub:5.9.0-arm64
Process init image: lfedge/eve-fw:5.9.0-arm64
Process init image: lfedge/eve-xen:5.9.0-arm64
Process init image: lfedge/eve-gpt-tools:5.9.0-arm64
Process init image: lfedge/eve-dom0-ztools:5.9.0-arm64
Add onboot containers:
  Create OCI config for lfedge/eve-storage-init:5.9.0-arm64
  Create OCI config for linuxkit/sysctl:v0.5-arm64
time="2020-08-14T08:11:24+02:00" level=warning msg="targets metadata is nearing expiry, you should re-sign the role metadata"
time="2020-08-14T08:11:24+02:00" level=warning msg="targets/justin metadata is nearing expiry, you should re-sign the role metadata"
time="2020-08-14T08:11:24+02:00" level=warning msg="targets/ian metadata is nearing expiry, you should re-sign the role metadata"
  Create OCI config for lfedge/eve-rngd:5.9.0-arm64
  Create OCI config for linuxkit/modprobe:v0.5-arm64
time="2020-08-14T08:11:29+02:00" level=warning msg="targets metadata is nearing expiry, you should re-sign the role metadata"
time="2020-08-14T08:11:29+02:00" level=warning msg="targets/ian metadata is nearing expiry, you should re-sign the role metadata"
Add service containers:
  Create OCI config for lfedge/eve-rsyslog:5.9.0-arm64
  Create OCI config for linuxkit/openntpd:v0.5-arm64
time="2020-08-14T08:11:35+02:00" level=error msg="Metadata for targets/justin expired"
time="2020-08-14T08:11:35+02:00" level=error msg="Metadata for targets/justin expired"
time="2020-08-14T08:11:35+02:00" level=warning msg="Error getting targets/justin: targets/justin expired at Fri Jul 24 16:25:30 +0100 2020"
time="2020-08-14T08:11:35+02:00" level=error msg="Metadata for targets/riyaz expired"
time="2020-08-14T08:11:35+02:00" level=error msg="Metadata for targets/riyaz expired"
time="2020-08-14T08:11:35+02:00" level=warning msg="Error getting targets/riyaz: targets/riyaz expired at Mon May 25 15:06:33 -0700 2020"
time="2020-08-14T08:11:35+02:00" level=warning msg="targets metadata is nearing expiry, you should re-sign the role metadata"
time="2020-08-14T08:11:35+02:00" level=warning msg="targets/ian metadata is nearing expiry, you should re-sign the role metadata"
  Create OCI config for linuxkit/sshd:v0.5-arm64
time="2020-08-14T08:11:40+02:00" level=error msg="Metadata for targets/justin expired"
time="2020-08-14T08:11:40+02:00" level=error msg="Metadata for targets/justin expired"
time="2020-08-14T08:11:40+02:00" level=warning msg="Error getting targets/justin: targets/justin expired at Fri May 29 15:28:54 +0100 2020"
time="2020-08-14T08:11:40+02:00" level=error msg="Metadata for targets/riyaz expired"
time="2020-08-14T08:11:40+02:00" level=error msg="Metadata for targets/riyaz expired"
time="2020-08-14T08:11:40+02:00" level=warning msg="Error getting targets/riyaz: targets/riyaz expired at Sun Jul 19 14:46:17 -0700 2020"
time="2020-08-14T08:11:40+02:00" level=warning msg="targets metadata is nearing expiry, you should re-sign the role metadata"
  Create OCI config for lfedge/eve-wwan:5.9.0-arm64
  Create OCI config for lfedge/eve-wlan:5.9.0-arm64
  Create OCI config for lfedge/eve-lisp:5.9.0-arm64
  Create OCI config for lfedge/eve-guacd:5.9.0-arm64
  Create OCI config for lfedge/eve-pillar:5.9.0-arm64
  Create OCI config for lfedge/eve-vtpm:5.9.0-arm64
  Create OCI config for lfedge/eve-watchdog:5.9.0-arm64
  Create OCI config for lfedge/eve-xen-tools:5.9.0-arm64
Add files:
  /etc/eve-release
Parallel mksquashfs: Using 4 processors
Creating 4.0 filesystem on /rootfs.img, block size 131072.
[======================-                                     ]  8300/21872  37%[=======================\                                    ]  8600/21872  39%[====================================\                       ] 13600/21872  62%[================================================\           ] 17800/21872  81%[===========================================================\] 21872/21872 100%

Exportable Squashfs 4.0 filesystem, gzip compressed, data block size 131072
	compressed data, compressed metadata, compressed fragments, compressed xattrs
	duplicates are removed
Filesystem size 245680.58 Kbytes (239.92 Mbytes)
	33.23% of uncompressed filesystem size (739364.92 Kbytes)
Inode table size 247495 bytes (241.69 Kbytes)
	25.10% of uncompressed inode table size (986068 bytes)
Directory table size 269429 bytes (263.11 Kbytes)
	45.65% of uncompressed directory table size (590267 bytes)
Number of duplicate files found 8734
Number of inodes 25357
Number of files 17280
Number of fragments 749
Number of symbolic links  5980
Number of device nodes 4
Number of fifo nodes 0
Number of socket nodes 0
Number of directories 2093
Number of ids (unique uids + gids) 3
Number of uids 1
	root (0)
Number of gids 3
	root (0)
	shadow (42)
	tty (5)
cd /home/zededa-ci/src/eve/dist/arm64/installer ; _() { C=`docker create $1 fake` ; shift ; docker export $C | tar -xf - "$@" ; docker rm $C ; } ; _ lfedge/eve-u-boot:d4c47072ebe9022d8bfd9e41077b755afd7520d8-arm64 boot
c7a01dafa45ad733508b9bc85da6b29e9934fa30bc14f20d7e508ea144342dd5
cp pkg/eve/build.yml pkg/eve/runme.sh images/*.yml /home/zededa-ci/src/eve/dist/arm64
EVE_HASH=5.9.0 DOCKER_ARCH_TAG=arm64 ./tools/parse-pkgs.sh pkg/eve/Dockerfile.in > /home/zededa-ci/src/eve/dist/arm64/Dockerfile
/home/zededa-ci/src/eve/build-tools/bin/linuxkit pkg push --disable-content-trust --hash-path /home/zededa-ci/src/eve --hash 5.9.0-rpi-kvm --release latest --force --disable-cache /home/zededa-ci/src/eve/dist/arm64
Building and pushing "lfedge/eve:5.9.0-rpi-kvm"
Sending build context to Docker daemon  267.2MB
Step 1/17 : FROM alpine:3.9.4 as tools
 ---> ce544de9ee2c
Step 2/17 : RUN mkdir -p /out/etc/apk /out/boot && cp -r /etc/apk/* /out/etc/apk/
 ---> Running in 7b7fc3f9ccc1
 ---> 70d0128605fe
Removing intermediate container 7b7fc3f9ccc1
Step 3/17 : RUN apk add --no-cache --initdb -p /out qemu-img=3.1.0-r3 tar=1.32-r0
 ---> Running in f984ca7c8594
fetch http://dl-cdn.alpinelinux.org/alpine/v3.9/main/aarch64/APKINDEX.tar.gz
fetch http://dl-cdn.alpinelinux.org/alpine/v3.9/community/aarch64/APKINDEX.tar.gz
(1/19) Installing libaio (0.3.111-r0)
(2/19) Installing musl (1.1.20-r5)
(3/19) Installing busybox (1.29.3-r10)
Executing busybox-1.29.3-r10.post-install
(4/19) Installing libffi (3.2.1-r6)
(5/19) Installing libintl (0.19.8.1-r4)
(6/19) Installing libuuid (2.33-r0)
(7/19) Installing libblkid (2.33-r0)
(8/19) Installing libmount (2.33-r0)
(9/19) Installing pcre (8.42-r1)
(10/19) Installing zlib (1.2.11-r1)
(11/19) Installing glib (2.58.1-r3)
(12/19) Installing gmp (6.1.2-r1)
(13/19) Installing nettle (3.4.1-r0)
(14/19) Installing p11-kit (0.23.14-r0)
(15/19) Installing libtasn1 (4.14-r0)
(16/19) Installing libunistring (0.9.10-r0)
(17/19) Installing gnutls (3.6.14-r0)
(18/19) Installing qemu-img (3.1.0-r3)
(19/19) Installing tar (1.32-r0)
Executing busybox-1.29.3-r10.trigger
Executing glib-2.58.1-r3.trigger
OK: 16 MiB in 19 packages
 ---> 19e366220379
Removing intermediate container f984ca7c8594
Step 4/17 : FROM lfedge/eve-mkimage-iso-efi:5.9.0-arm64 as iso
 ---> 00c4193078ca
Step 5/17 : FROM lfedge/eve-mkimage-raw-efi:5.9.0-arm64 as raw
 ---> 75615f648e48
Step 6/17 : RUN rm /initrd.img
 ---> Running in 4a887ee7f953
 ---> 107fd48a3ec8
Removing intermediate container 4a887ee7f953
Step 7/17 : FROM lfedge/eve-mkconf:5.9.0-arm64 as conf
 ---> 01c4d3e1f9a4
Step 8/17 : COPY --from=iso / /
 ---> 89884cf6b279
Step 9/17 : COPY --from=raw / /
 ---> 82862884c00d
Step 10/17 : COPY --from=tools /out/ /
 ---> 95682e6b8132
Step 11/17 : COPY installer /bits
 ---> 5d569ac05a23
Step 12/17 : COPY OVMF* /firmware/
 ---> 3ec930a189c5
Step 13/17 : COPY runme.sh /
 ---> 6ffe607d8d79
Step 14/17 : RUN mkdir /in /out
 ---> Running in ccb5c0037d9d
 ---> 5860bb8db1c3
Removing intermediate container ccb5c0037d9d
Step 15/17 : WORKDIR /bits
 ---> 764c3aa9150e
Removing intermediate container de4f521db2e3
Step 16/17 : ENTRYPOINT /runme.sh
 ---> Running in 332459bade44
 ---> 2d5e41d59b55
Removing intermediate container 332459bade44
Step 17/17 : LABEL org.mobyproject.linuxkit.revision 'unknown' org.mobyproject.linuxkit.version 'unknown' org.opencontainers.image.revision '5d02bd951273aa5dc44a6fcddfa43326cf44bedd' org.opencontainers.image.source 'https://github.com/linuxkit/linuxkit'
 ---> Running in 61311db18720
 ---> 4cc5fb3ad5d3
Removing intermediate container 61311db18720
Successfully built 4cc5fb3ad5d3
Successfully tagged lfedge/eve:5.9.0-rpi-kvm-arm64
Pushing lfedge/eve:5.9.0-rpi-kvm-arm64
The push refers to a repository [docker.io/lfedge/eve]
22285cca24e3: Preparing
fb0c44f8068a: Preparing
8cb9a6845e81: Preparing
2fd6012d0a6d: Preparing
f402b79dc87d: Preparing
79d91e14d8af: Preparing
5c1764b243b5: Preparing
4cf08b7b18c4: Preparing
79d91e14d8af: Waiting
5c1764b243b5: Waiting
4cf08b7b18c4: Waiting
fb0c44f8068a: Pushed
22285cca24e3: Pushed
79d91e14d8af: Layer already exists
8cb9a6845e81: Pushed
5c1764b243b5: Layer already exists
4cf08b7b18c4: Layer already exists
f402b79dc87d: Pushed
2fd6012d0a6d: Pushed
5.9.0-rpi-kvm-arm64: digest: sha256:70dbcf48dc22b4eeea41661aed076232133c0f230b11c085ed6155f0aee8a13e size: 1999
Pushing lfedge/eve:5.9.0-rpi-kvm-arm64 to manifest lfedge/eve:5.9.0-rpi-kvm
time="2020-08-14T08:15:50+02:00" level=warning msg="Couldn't find or access image reference \"lfedge/eve:5.9.0-rpi-kvm-amd64\". Skipping image."
time="2020-08-14T08:15:54+02:00" level=warning msg="Couldn't find or access image reference \"lfedge/eve:5.9.0-rpi-kvm-s390x\". Skipping image."
Digest: sha256:90a78da08c33352fb890ed4d48355781661e4b31bed0e5db182a94d709551ab3 434
Not signing lfedge/eve:5.9.0-rpi-kvm
Tagging lfedge/eve:5.9.0-rpi-kvm-arm64 as lfedge/eve:latest-arm64
Pushing lfedge/eve:latest-arm64
The push refers to a repository [docker.io/lfedge/eve]
22285cca24e3: Preparing
fb0c44f8068a: Preparing
8cb9a6845e81: Preparing
2fd6012d0a6d: Preparing
f402b79dc87d: Preparing
79d91e14d8af: Preparing
5c1764b243b5: Preparing
4cf08b7b18c4: Preparing
79d91e14d8af: Waiting
5c1764b243b5: Waiting
4cf08b7b18c4: Waiting
fb0c44f8068a: Layer already exists
2fd6012d0a6d: Layer already exists
8cb9a6845e81: Layer already exists
f402b79dc87d: Layer already exists
22285cca24e3: Layer already exists
79d91e14d8af: Layer already exists
5c1764b243b5: Layer already exists
4cf08b7b18c4: Layer already exists
latest-arm64: digest: sha256:70dbcf48dc22b4eeea41661aed076232133c0f230b11c085ed6155f0aee8a13e size: 1999
Pushing lfedge/eve:latest-arm64 to manifest lfedge/eve:latest
time="2020-08-14T08:16:06+02:00" level=warning msg="Couldn't find or access image reference \"lfedge/eve:latest-s390x\". Skipping image."
Digest: sha256:64788247c79777c39f70d2f3a510085d4a0edf8052693cddfd26cf14b5832037 743
Not signing lfedge/eve:latest
Build, push and release of "latest" complete, all done.
rm images/rootfs-rpi-kvm.yml images/rootfs-rpi-kvm.yml.in
Creating go builder image for user zededa-ci
eve-build-zededa-ci docker container is ready to use
mkdir -p /home/zededa-ci/src/eve/dist/arm64
cd /home/zededa-ci/src/eve/dist/arm64 ; _() { C=`docker create $1 fake` ; shift ; docker export $C | tar -xf - "$@" ; docker rm $C ; } ; _ lfedge/eve-uefi:279fad09317f1f87099e91ab2dac7c0ecfad5410-arm64 OVMF.fd
b49e9ed85028d1c4923689de206c91d79471f1e7f941208c1502bdf4b79dac2d
cd /home/zededa-ci/src/eve/dist/arm64 ; _() { C=`docker create $1 fake` ; shift ; docker export $C | tar -xf - "$@" ; docker rm $C ; } ; _ lfedge/eve-uefi:279fad09317f1f87099e91ab2dac7c0ecfad5410-arm64 OVMF_CODE.fd
tar: OVMF_CODE.fd: Not found in archive
tar: Exiting with failure status due to previous errors
f2b6562267d4813c232fe762d9df350cf4f2172a20cc88436665fa8c8b894928
cd /home/zededa-ci/src/eve/dist/arm64 ; _() { C=`docker create $1 fake` ; shift ; docker export $C | tar -xf - "$@" ; docker rm $C ; } ; _ lfedge/eve-uefi:279fad09317f1f87099e91ab2dac7c0ecfad5410-arm64 OVMF_VARS.fd
df8ad22fbcbbf632dc89089a29679500f429954ba45c42e15f88b01199bbe356
mkdir -p /home/zededa-ci/src/eve/dist/arm64/installer
cd /home/zededa-ci/src/eve/dist/arm64/installer ; _() { C=`docker create $1 fake` ; shift ; docker export $C | tar -xf - "$@" ; docker rm $C ; } ; _ lfedge/eve-grub:ff333a29ed1c22b0161d2230f8275a741496362c-arm64 EFI
6ba687e88f947c04ca2b1e8cf52bf82b47afc98cfebb89e53d8a90d11686ef91
./tools/makeconfig.sh /home/zededa-ci/src/eve/dist/arm64/installer/config.img conf/authorized_keys conf/DevicePortConfig conf/grub.cfg conf/onboard.cert.pem conf/onboard.key.pem conf/root-certificate.pem conf/server conf/v2tlsbaseroot-certificates.pem
1024+0 records in
1024+0 records out
mkfs.fat 4.1 (2017-01-24)
/config.img has 64 heads and 32 sectors per track,
hidden sectors 0x0000;
logical sector size is 512,
using 0xf8 media descriptor, with 2048 sectors;
drive number 0x80;
filesystem has 2 12-bit FATs and 4 sectors per cluster.
FAT size is 2 sectors, and provides 502 clusters.
There is 1 reserved sector.
Root directory contains 512 slots and uses 32 sectors.
Volume ID is c30de33a, volume label EVE        .
cd /home/zededa-ci/src/eve/dist/arm64/installer ; _() { C=`docker create $1 fake` ; shift ; docker export $C | tar -xf - "$@" ; docker rm $C ; } ; _ lfedge/eve-mkimage-raw-efi:73d534381d5d3df4fb08cacb03022ce4754efda8-arm64 initrd.img EFI
d5f98c2e5e7ced755928a6de753e5aead71d8616370098c739ebb7f152420c23
Done building /home/zededa-ci/src/eve/build-tools/bin/linuxkit
./tools/makerootfs.sh images/rootfs-kvm.yml /home/zededa-ci/src/eve/dist/arm64/installer/rootfs-5.9.0-kvm-arm64.squash squash
Extract kernel image: lfedge/eve-kernel:5.9.0-arm64
Add init containers:
Process init image: linuxkit/init:v0.5-arm64
time="2020-08-14T08:16:30+02:00" level=warning msg="targets metadata is nearing expiry, you should re-sign the role metadata"
time="2020-08-14T08:16:30+02:00" level=warning msg="targets/justin metadata is nearing expiry, you should re-sign the role metadata"
Process init image: linuxkit/runc:f79954950022fea76b8b6f10de58cb48e4fb3878-arm64
time="2020-08-14T08:16:35+02:00" level=error msg="Metadata for targets/riyaz expired"
time="2020-08-14T08:16:35+02:00" level=error msg="Metadata for targets/riyaz expired"
time="2020-08-14T08:16:35+02:00" level=warning msg="Error getting targets/riyaz: targets/riyaz expired at Mon May 25 15:32:34 -0700 2020"
time="2020-08-14T08:16:35+02:00" level=warning msg="targets metadata is nearing expiry, you should re-sign the role metadata"
time="2020-08-14T08:16:35+02:00" level=warning msg="targets/justin metadata is nearing expiry, you should re-sign the role metadata"
Process init image: linuxkit/containerd:6ef473a228db6f6ee163f9b9a051102a1552a4ef-arm64
time="2020-08-14T08:16:39+02:00" level=error msg="Metadata for targets/riyaz expired"
time="2020-08-14T08:16:39+02:00" level=error msg="Metadata for targets/riyaz expired"
time="2020-08-14T08:16:39+02:00" level=warning msg="Error getting targets/riyaz: targets/riyaz expired at Sat Jun 6 08:35:43 -0700 2020"
time="2020-08-14T08:16:39+02:00" level=warning msg="targets metadata is nearing expiry, you should re-sign the role metadata"
time="2020-08-14T08:16:39+02:00" level=warning msg="targets/justin metadata is nearing expiry, you should re-sign the role metadata"
Process init image: linuxkit/getty:v0.5-arm64
time="2020-08-14T08:16:44+02:00" level=error msg="Metadata for targets/justin expired"
time="2020-08-14T08:16:45+02:00" level=error msg="Metadata for targets/justin expired"
time="2020-08-14T08:16:45+02:00" level=warning msg="Error getting targets/justin: targets/justin expired at Thu Jul 30 20:41:57 +0100 2020"
time="2020-08-14T08:16:45+02:00" level=warning msg="targets metadata is nearing expiry, you should re-sign the role metadata"
time="2020-08-14T08:16:45+02:00" level=warning msg="targets/riyaz metadata is nearing expiry, you should re-sign the role metadata"
Process init image: linuxkit/memlogd:v0.5-arm64
Process init image: lfedge/eve-grub:5.9.0-arm64
Process init image: lfedge/eve-fw:5.9.0-arm64
Process init image: lfedge/eve-xen:5.9.0-arm64
Process init image: lfedge/eve-gpt-tools:5.9.0-arm64
Process init image: lfedge/eve-dom0-ztools:5.9.0-arm64
Add onboot containers:
  Create OCI config for lfedge/eve-storage-init:5.9.0-arm64
  Create OCI config for linuxkit/sysctl:v0.5-arm64
time="2020-08-14T08:17:03+02:00" level=warning msg="targets metadata is nearing expiry, you should re-sign the role metadata"
time="2020-08-14T08:17:03+02:00" level=warning msg="targets/justin metadata is nearing expiry, you should re-sign the role metadata"
time="2020-08-14T08:17:03+02:00" level=warning msg="targets/ian metadata is nearing expiry, you should re-sign the role metadata"
  Create OCI config for lfedge/eve-rngd:5.9.0-arm64
  Create OCI config for linuxkit/modprobe:v0.5-arm64
time="2020-08-14T08:17:08+02:00" level=warning msg="targets metadata is nearing expiry, you should re-sign the role metadata"
time="2020-08-14T08:17:08+02:00" level=warning msg="targets/ian metadata is nearing expiry, you should re-sign the role metadata"
Add service containers:
  Create OCI config for lfedge/eve-rsyslog:5.9.0-arm64
  Create OCI config for linuxkit/openntpd:v0.5-arm64
time="2020-08-14T08:17:14+02:00" level=error msg="Metadata for targets/justin expired"
time="2020-08-14T08:17:14+02:00" level=error msg="Metadata for targets/justin expired"
time="2020-08-14T08:17:14+02:00" level=warning msg="Error getting targets/justin: targets/justin expired at Fri Jul 24 16:25:30 +0100 2020"
time="2020-08-14T08:17:14+02:00" level=error msg="Metadata for targets/riyaz expired"
time="2020-08-14T08:17:14+02:00" level=error msg="Metadata for targets/riyaz expired"
time="2020-08-14T08:17:14+02:00" level=warning msg="Error getting targets/riyaz: targets/riyaz expired at Mon May 25 15:06:33 -0700 2020"
time="2020-08-14T08:17:14+02:00" level=warning msg="targets metadata is nearing expiry, you should re-sign the role metadata"
time="2020-08-14T08:17:14+02:00" level=warning msg="targets/ian metadata is nearing expiry, you should re-sign the role metadata"
  Create OCI config for linuxkit/sshd:v0.5-arm64
time="2020-08-14T08:17:19+02:00" level=error msg="Metadata for targets/justin expired"
time="2020-08-14T08:17:19+02:00" level=error msg="Metadata for targets/justin expired"
time="2020-08-14T08:17:19+02:00" level=warning msg="Error getting targets/justin: targets/justin expired at Fri May 29 15:28:54 +0100 2020"
time="2020-08-14T08:17:19+02:00" level=error msg="Metadata for targets/riyaz expired"
time="2020-08-14T08:17:19+02:00" level=error msg="Metadata for targets/riyaz expired"
time="2020-08-14T08:17:19+02:00" level=warning msg="Error getting targets/riyaz: targets/riyaz expired at Sun Jul 19 14:46:17 -0700 2020"
time="2020-08-14T08:17:19+02:00" level=warning msg="targets metadata is nearing expiry, you should re-sign the role metadata"
  Create OCI config for lfedge/eve-wwan:5.9.0-arm64
  Create OCI config for lfedge/eve-wlan:5.9.0-arm64
  Create OCI config for lfedge/eve-lisp:5.9.0-arm64
  Create OCI config for lfedge/eve-guacd:5.9.0-arm64
  Create OCI config for lfedge/eve-pillar:5.9.0-arm64
  Create OCI config for lfedge/eve-vtpm:5.9.0-arm64
  Create OCI config for lfedge/eve-watchdog:5.9.0-arm64
  Create OCI config for lfedge/eve-xen-tools:5.9.0-arm64
Add files:
  /etc/eve-release
Parallel mksquashfs: Using 4 processors
Creating 4.0 filesystem on /rootfs.img, block size 131072.
[=====================================/                      ] 13600/21355  63%[=============================================\              ] 16400/21355  76%[================================================/           ] 17500/21355  81%[===========================================================/] 21355/21355 100%

Exportable Squashfs 4.0 filesystem, gzip compressed, data block size 131072
	compressed data, compressed metadata, compressed fragments, compressed xattrs
	duplicates are removed
Filesystem size 241709.23 Kbytes (236.04 Mbytes)
	33.53% of uncompressed filesystem size (720821.28 Kbytes)
Inode table size 243761 bytes (238.05 Kbytes)
	25.06% of uncompressed inode table size (972570 bytes)
Directory table size 264094 bytes (257.90 Kbytes)
	45.62% of uncompressed directory table size (578932 bytes)
Number of duplicate files found 8734
Number of inodes 24943
Number of files 16893
Number of fragments 686
Number of symbolic links  5980
Number of device nodes 4
Number of fifo nodes 0
Number of socket nodes 0
Number of directories 2066
Number of ids (unique uids + gids) 3
Number of uids 1
	root (0)
Number of gids 3
	root (0)
	shadow (42)
	tty (5)
cp pkg/eve/build.yml pkg/eve/runme.sh images/*.yml /home/zededa-ci/src/eve/dist/arm64
EVE_HASH=5.9.0 DOCKER_ARCH_TAG=arm64 ./tools/parse-pkgs.sh pkg/eve/Dockerfile.in > /home/zededa-ci/src/eve/dist/arm64/Dockerfile
/home/zededa-ci/src/eve/build-tools/bin/linuxkit pkg push --disable-content-trust --hash-path /home/zededa-ci/src/eve --hash 5.9.0-kvm --release latest --force --disable-cache /home/zededa-ci/src/eve/dist/arm64
Building and pushing "lfedge/eve:5.9.0-kvm"
Sending build context to Docker daemon  260.2MB
Step 1/17 : FROM alpine:3.9.4 as tools
 ---> ce544de9ee2c
Step 2/17 : RUN mkdir -p /out/etc/apk /out/boot && cp -r /etc/apk/* /out/etc/apk/
 ---> Running in 1f60265ce8a2
 ---> d6cb565e200b
Removing intermediate container 1f60265ce8a2
Step 3/17 : RUN apk add --no-cache --initdb -p /out qemu-img=3.1.0-r3 tar=1.32-r0
 ---> Running in d61a56065e3d
fetch http://dl-cdn.alpinelinux.org/alpine/v3.9/main/aarch64/APKINDEX.tar.gz
fetch http://dl-cdn.alpinelinux.org/alpine/v3.9/community/aarch64/APKINDEX.tar.gz
(1/19) Installing libaio (0.3.111-r0)
(2/19) Installing musl (1.1.20-r5)
(3/19) Installing busybox (1.29.3-r10)
Executing busybox-1.29.3-r10.post-install
(4/19) Installing libffi (3.2.1-r6)
(5/19) Installing libintl (0.19.8.1-r4)
(6/19) Installing libuuid (2.33-r0)
(7/19) Installing libblkid (2.33-r0)
(8/19) Installing libmount (2.33-r0)
(9/19) Installing pcre (8.42-r1)
(10/19) Installing zlib (1.2.11-r1)
(11/19) Installing glib (2.58.1-r3)
(12/19) Installing gmp (6.1.2-r1)
(13/19) Installing nettle (3.4.1-r0)
(14/19) Installing p11-kit (0.23.14-r0)
(15/19) Installing libtasn1 (4.14-r0)
(16/19) Installing libunistring (0.9.10-r0)
(17/19) Installing gnutls (3.6.14-r0)
(18/19) Installing qemu-img (3.1.0-r3)
(19/19) Installing tar (1.32-r0)
Executing busybox-1.29.3-r10.trigger
Executing glib-2.58.1-r3.trigger
OK: 16 MiB in 19 packages
 ---> 5cfa35000e76
Removing intermediate container d61a56065e3d
Step 4/17 : FROM lfedge/eve-mkimage-iso-efi:5.9.0-arm64 as iso
 ---> 00c4193078ca
Step 5/17 : FROM lfedge/eve-mkimage-raw-efi:5.9.0-arm64 as raw
 ---> 75615f648e48
Step 6/17 : RUN rm /initrd.img
 ---> Running in 8987581e896d
 ---> 976d499c5ec8
Removing intermediate container 8987581e896d
Step 7/17 : FROM lfedge/eve-mkconf:5.9.0-arm64 as conf
 ---> 01c4d3e1f9a4
Step 8/17 : COPY --from=iso / /
 ---> 4b38ddd5b759
Step 9/17 : COPY --from=raw / /
 ---> d3fae784362f
Step 10/17 : COPY --from=tools /out/ /
 ---> 189f095220f6
Step 11/17 : COPY installer /bits
 ---> 95692e715447
Step 12/17 : COPY OVMF* /firmware/
 ---> d194d51fd586
Step 13/17 : COPY runme.sh /
 ---> 438bd6fc008d
Step 14/17 : RUN mkdir /in /out
 ---> Running in d7d39912d9f5
 ---> 7f2565de674e
Removing intermediate container d7d39912d9f5
Step 15/17 : WORKDIR /bits
 ---> 1d110be488d4
Removing intermediate container afcc3753dc31
Step 16/17 : ENTRYPOINT /runme.sh
 ---> Running in 6aa5315ae314
 ---> 32b96db82218
Removing intermediate container 6aa5315ae314
Step 17/17 : LABEL org.mobyproject.linuxkit.revision 'unknown' org.mobyproject.linuxkit.version 'unknown' org.opencontainers.image.revision '5d02bd951273aa5dc44a6fcddfa43326cf44bedd' org.opencontainers.image.source 'https://github.com/linuxkit/linuxkit'
 ---> Running in 425bc7142bb5
 ---> 42b6e94f4554
Removing intermediate container 425bc7142bb5
Successfully built 42b6e94f4554
Successfully tagged lfedge/eve:5.9.0-kvm-arm64
Pushing lfedge/eve:5.9.0-kvm-arm64
The push refers to a repository [docker.io/lfedge/eve]
72598442d2c7: Preparing
8ef9fea9c0fa: Preparing
943bd6ebc061: Preparing
6709118ee65a: Preparing
215fab033980: Preparing
79d91e14d8af: Preparing
5c1764b243b5: Preparing
4cf08b7b18c4: Preparing
79d91e14d8af: Waiting
5c1764b243b5: Waiting
4cf08b7b18c4: Waiting
8ef9fea9c0fa: Pushed
72598442d2c7: Pushed
79d91e14d8af: Layer already exists
5c1764b243b5: Layer already exists
943bd6ebc061: Pushed
4cf08b7b18c4: Layer already exists
215fab033980: Pushed
6709118ee65a: Retrying in 5 seconds
6709118ee65a: Retrying in 4 seconds
6709118ee65a: Retrying in 3 seconds
6709118ee65a: Retrying in 2 seconds
6709118ee65a: Retrying in 1 second
6709118ee65a: Pushed
5.9.0-kvm-arm64: digest: sha256:94be8df1ed51c2aec1395369b0a245ae4e311e4792438e10653393cbcfa3113f size: 1999
Pushing lfedge/eve:5.9.0-kvm-arm64 to manifest lfedge/eve:5.9.0-kvm
time="2020-08-14T08:21:58+02:00" level=warning msg="Couldn't find or access image reference \"lfedge/eve:5.9.0-kvm-s390x\". Skipping image."
Digest: sha256:425c86e97a0811c05b9013fd697dd583f4dba50a14ca9e3ccc3e1056a69497ef 743
Not signing lfedge/eve:5.9.0-kvm
Tagging lfedge/eve:5.9.0-kvm-arm64 as lfedge/eve:latest-arm64
Pushing lfedge/eve:latest-arm64
The push refers to a repository [docker.io/lfedge/eve]
72598442d2c7: Preparing
8ef9fea9c0fa: Preparing
943bd6ebc061: Preparing
6709118ee65a: Preparing
215fab033980: Preparing
79d91e14d8af: Preparing
5c1764b243b5: Preparing
4cf08b7b18c4: Preparing
79d91e14d8af: Waiting
5c1764b243b5: Waiting
4cf08b7b18c4: Waiting
943bd6ebc061: Layer already exists
215fab033980: Layer already exists
72598442d2c7: Layer already exists
8ef9fea9c0fa: Layer already exists
6709118ee65a: Layer already exists
79d91e14d8af: Layer already exists
4cf08b7b18c4: Layer already exists
5c1764b243b5: Layer already exists
latest-arm64: digest: sha256:94be8df1ed51c2aec1395369b0a245ae4e311e4792438e10653393cbcfa3113f size: 1999
Pushing lfedge/eve:latest-arm64 to manifest lfedge/eve:latest
time="2020-08-14T08:22:11+02:00" level=warning msg="Couldn't find or access image reference \"lfedge/eve:latest-s390x\". Skipping image."
Digest: sha256:1a9047329cd071ff35e9fa585e46fd776c21686731246f7fc2fb5b0faf61cec5 743
Not signing lfedge/eve:latest
Build, push and release of "latest" complete, all done.
rm images/rootfs-kvm.yml images/rootfs-kvm.yml.in
Creating go builder image for user zededa-ci
eve-build-zededa-ci docker container is ready to use
mkdir -p /home/zededa-ci/src/eve/dist/arm64
cd /home/zededa-ci/src/eve/dist/arm64 ; _() { C=`docker create $1 fake` ; shift ; docker export $C | tar -xf - "$@" ; docker rm $C ; } ; _ lfedge/eve-uefi:279fad09317f1f87099e91ab2dac7c0ecfad5410-arm64 OVMF.fd
c19abded96cfae1c0259312f7c174e33b59363e24df2a24ed573a8d0f72cb21e
cd /home/zededa-ci/src/eve/dist/arm64 ; _() { C=`docker create $1 fake` ; shift ; docker export $C | tar -xf - "$@" ; docker rm $C ; } ; _ lfedge/eve-uefi:279fad09317f1f87099e91ab2dac7c0ecfad5410-arm64 OVMF_CODE.fd
tar: OVMF_CODE.fd: Not found in archive
tar: Exiting with failure status due to previous errors
fed6141ed8de1fd42fd4128726314a80d95bc2616310816a263f67eede494c4f
cd /home/zededa-ci/src/eve/dist/arm64 ; _() { C=`docker create $1 fake` ; shift ; docker export $C | tar -xf - "$@" ; docker rm $C ; } ; _ lfedge/eve-uefi:279fad09317f1f87099e91ab2dac7c0ecfad5410-arm64 OVMF_VARS.fd
d4469f60ca9cf57f0c73b7a9ce466039ce339fc43cf2e05e73c06a2cd4d8c10b
mkdir -p /home/zededa-ci/src/eve/dist/arm64/installer
cd /home/zededa-ci/src/eve/dist/arm64/installer ; _() { C=`docker create $1 fake` ; shift ; docker export $C | tar -xf - "$@" ; docker rm $C ; } ; _ lfedge/eve-grub:ff333a29ed1c22b0161d2230f8275a741496362c-arm64 EFI
afb7fcfadc1bffd62274375576e58500eba0d376d088db9df5b40194c8e9e2cb
./tools/makeconfig.sh /home/zededa-ci/src/eve/dist/arm64/installer/config.img conf/authorized_keys conf/DevicePortConfig conf/grub.cfg conf/onboard.cert.pem conf/onboard.key.pem conf/root-certificate.pem conf/server conf/v2tlsbaseroot-certificates.pem
1024+0 records in
1024+0 records out
mkfs.fat 4.1 (2017-01-24)
/config.img has 64 heads and 32 sectors per track,
hidden sectors 0x0000;
logical sector size is 512,
using 0xf8 media descriptor, with 2048 sectors;
drive number 0x80;
filesystem has 2 12-bit FATs and 4 sectors per cluster.
FAT size is 2 sectors, and provides 502 clusters.
There is 1 reserved sector.
Root directory contains 512 slots and uses 32 sectors.
Volume ID is d9bece48, volume label EVE        .
cd /home/zededa-ci/src/eve/dist/arm64/installer ; _() { C=`docker create $1 fake` ; shift ; docker export $C | tar -xf - "$@" ; docker rm $C ; } ; _ lfedge/eve-mkimage-raw-efi:73d534381d5d3df4fb08cacb03022ce4754efda8-arm64 initrd.img EFI
8db77a994945e19d13db931503f32269b34eebd41aa505083830f2561af45732
Done building /home/zededa-ci/src/eve/build-tools/bin/linuxkit
./tools/makerootfs.sh images/rootfs-xen.yml /home/zededa-ci/src/eve/dist/arm64/installer/rootfs-5.9.0-xen-arm64.squash squash
Extract kernel image: lfedge/eve-kernel:5.9.0-arm64
Add init containers:
Process init image: linuxkit/init:v0.5-arm64
time="2020-08-14T08:22:33+02:00" level=warning msg="targets/justin metadata is nearing expiry, you should re-sign the role metadata"
time="2020-08-14T08:22:33+02:00" level=warning msg="targets metadata is nearing expiry, you should re-sign the role metadata"
Process init image: linuxkit/runc:f79954950022fea76b8b6f10de58cb48e4fb3878-arm64
time="2020-08-14T08:22:37+02:00" level=error msg="Metadata for targets/riyaz expired"
time="2020-08-14T08:22:38+02:00" level=error msg="Metadata for targets/riyaz expired"
time="2020-08-14T08:22:38+02:00" level=warning msg="Error getting targets/riyaz: targets/riyaz expired at Mon May 25 15:32:34 -0700 2020"
time="2020-08-14T08:22:38+02:00" level=warning msg="targets metadata is nearing expiry, you should re-sign the role metadata"
time="2020-08-14T08:22:38+02:00" level=warning msg="targets/justin metadata is nearing expiry, you should re-sign the role metadata"
Process init image: linuxkit/containerd:6ef473a228db6f6ee163f9b9a051102a1552a4ef-arm64
time="2020-08-14T08:22:42+02:00" level=error msg="Metadata for targets/riyaz expired"
time="2020-08-14T08:22:42+02:00" level=error msg="Metadata for targets/riyaz expired"
time="2020-08-14T08:22:42+02:00" level=warning msg="Error getting targets/riyaz: targets/riyaz expired at Sat Jun 6 08:35:43 -0700 2020"
time="2020-08-14T08:22:42+02:00" level=warning msg="targets metadata is nearing expiry, you should re-sign the role metadata"
time="2020-08-14T08:22:42+02:00" level=warning msg="targets/justin metadata is nearing expiry, you should re-sign the role metadata"
Process init image: linuxkit/getty:v0.5-arm64
time="2020-08-14T08:22:47+02:00" level=error msg="Metadata for targets/justin expired"
time="2020-08-14T08:22:48+02:00" level=error msg="Metadata for targets/justin expired"
time="2020-08-14T08:22:48+02:00" level=warning msg="Error getting targets/justin: targets/justin expired at Thu Jul 30 20:41:57 +0100 2020"
time="2020-08-14T08:22:48+02:00" level=warning msg="targets metadata is nearing expiry, you should re-sign the role metadata"
time="2020-08-14T08:22:48+02:00" level=warning msg="targets/riyaz metadata is nearing expiry, you should re-sign the role metadata"
Process init image: linuxkit/memlogd:v0.5-arm64
Process init image: lfedge/eve-grub:5.9.0-arm64
Process init image: lfedge/eve-fw:5.9.0-arm64
Process init image: lfedge/eve-xen:5.9.0-arm64
Process init image: lfedge/eve-gpt-tools:5.9.0-arm64
Process init image: lfedge/eve-dom0-ztools:5.9.0-arm64
Add onboot containers:
  Create OCI config for lfedge/eve-storage-init:5.9.0-arm64
  Create OCI config for linuxkit/sysctl:v0.5-arm64
time="2020-08-14T08:23:09+02:00" level=warning msg="targets/justin metadata is nearing expiry, you should re-sign the role metadata"
time="2020-08-14T08:23:09+02:00" level=warning msg="targets/ian metadata is nearing expiry, you should re-sign the role metadata"
time="2020-08-14T08:23:09+02:00" level=warning msg="targets metadata is nearing expiry, you should re-sign the role metadata"
  Create OCI config for lfedge/eve-rngd:5.9.0-arm64
  Create OCI config for linuxkit/modprobe:v0.5-arm64
time="2020-08-14T08:23:15+02:00" level=warning msg="targets metadata is nearing expiry, you should re-sign the role metadata"
time="2020-08-14T08:23:15+02:00" level=warning msg="targets/ian metadata is nearing expiry, you should re-sign the role metadata"
Add service containers:
  Create OCI config for lfedge/eve-rsyslog:5.9.0-arm64
  Create OCI config for linuxkit/openntpd:v0.5-arm64
time="2020-08-14T08:23:21+02:00" level=error msg="Metadata for targets/justin expired"
time="2020-08-14T08:23:21+02:00" level=error msg="Metadata for targets/justin expired"
time="2020-08-14T08:23:21+02:00" level=warning msg="Error getting targets/justin: targets/justin expired at Fri Jul 24 16:25:30 +0100 2020"
time="2020-08-14T08:23:21+02:00" level=error msg="Metadata for targets/riyaz expired"
time="2020-08-14T08:23:22+02:00" level=error msg="Metadata for targets/riyaz expired"
time="2020-08-14T08:23:22+02:00" level=warning msg="Error getting targets/riyaz: targets/riyaz expired at Mon May 25 15:06:33 -0700 2020"
time="2020-08-14T08:23:22+02:00" level=warning msg="targets metadata is nearing expiry, you should re-sign the role metadata"
time="2020-08-14T08:23:22+02:00" level=warning msg="targets/ian metadata is nearing expiry, you should re-sign the role metadata"
  Create OCI config for linuxkit/sshd:v0.5-arm64
time="2020-08-14T08:23:26+02:00" level=error msg="Metadata for targets/justin expired"
time="2020-08-14T08:23:26+02:00" level=error msg="Metadata for targets/justin expired"
time="2020-08-14T08:23:26+02:00" level=warning msg="Error getting targets/justin: targets/justin expired at Fri May 29 15:28:54 +0100 2020"
time="2020-08-14T08:23:26+02:00" level=error msg="Metadata for targets/riyaz expired"
time="2020-08-14T08:23:26+02:00" level=error msg="Metadata for targets/riyaz expired"
time="2020-08-14T08:23:26+02:00" level=warning msg="Error getting targets/riyaz: targets/riyaz expired at Sun Jul 19 14:46:17 -0700 2020"
time="2020-08-14T08:23:26+02:00" level=warning msg="targets metadata is nearing expiry, you should re-sign the role metadata"
  Create OCI config for lfedge/eve-wwan:5.9.0-arm64
  Create OCI config for lfedge/eve-wlan:5.9.0-arm64
  Create OCI config for lfedge/eve-lisp:5.9.0-arm64
  Create OCI config for lfedge/eve-guacd:5.9.0-arm64
  Create OCI config for lfedge/eve-pillar:5.9.0-arm64
  Create OCI config for lfedge/eve-vtpm:5.9.0-arm64
  Create OCI config for lfedge/eve-watchdog:5.9.0-arm64
  Create OCI config for lfedge/eve-xen-tools:5.9.0-arm64
Add files:
  /etc/eve-release
Parallel mksquashfs: Using 4 processors
Creating 4.0 filesystem on /rootfs.img, block size 131072.
[=================================================/          ] 17900/21355  83%[==================================================-         ] 18100/21355  84%[====================================================|       ] 19000/21355  88%[===========================================================|] 21355/21355 100%

Exportable Squashfs 4.0 filesystem, gzip compressed, data block size 131072
	compressed data, compressed metadata, compressed fragments, compressed xattrs
	duplicates are removed
Filesystem size 241709.26 Kbytes (236.04 Mbytes)
	33.53% of uncompressed filesystem size (720821.28 Kbytes)
Inode table size 243770 bytes (238.06 Kbytes)
	25.06% of uncompressed inode table size (972570 bytes)
Directory table size 264099 bytes (257.91 Kbytes)
	45.62% of uncompressed directory table size (578932 bytes)
Number of duplicate files found 8734
Number of inodes 24943
Number of files 16893
Number of fragments 686
Number of symbolic links  5980
Number of device nodes 4
Number of fifo nodes 0
Number of socket nodes 0
Number of directories 2066
Number of ids (unique uids + gids) 3
Number of uids 1
	root (0)
Number of gids 3
	root (0)
	shadow (42)
	tty (5)
cp pkg/eve/build.yml pkg/eve/runme.sh images/*.yml /home/zededa-ci/src/eve/dist/arm64
EVE_HASH=5.9.0 DOCKER_ARCH_TAG=arm64 ./tools/parse-pkgs.sh pkg/eve/Dockerfile.in > /home/zededa-ci/src/eve/dist/arm64/Dockerfile
/home/zededa-ci/src/eve/build-tools/bin/linuxkit pkg push --disable-content-trust --hash-path /home/zededa-ci/src/eve --hash 5.9.0-xen --release latest --force --disable-cache /home/zededa-ci/src/eve/dist/arm64
Building and pushing "lfedge/eve:5.9.0-xen"
Sending build context to Docker daemon  260.2MB
Step 1/17 : FROM alpine:3.9.4 as tools
 ---> ce544de9ee2c
Step 2/17 : RUN mkdir -p /out/etc/apk /out/boot && cp -r /etc/apk/* /out/etc/apk/
 ---> Running in 34dd41ea470c
 ---> 0b8bfb26bdf3
Removing intermediate container 34dd41ea470c
Step 3/17 : RUN apk add --no-cache --initdb -p /out qemu-img=3.1.0-r3 tar=1.32-r0
 ---> Running in e54cb2c2a10c
fetch http://dl-cdn.alpinelinux.org/alpine/v3.9/main/aarch64/APKINDEX.tar.gz
fetch http://dl-cdn.alpinelinux.org/alpine/v3.9/community/aarch64/APKINDEX.tar.gz
(1/19) Installing libaio (0.3.111-r0)
(2/19) Installing musl (1.1.20-r5)
(3/19) Installing busybox (1.29.3-r10)
Executing busybox-1.29.3-r10.post-install
(4/19) Installing libffi (3.2.1-r6)
(5/19) Installing libintl (0.19.8.1-r4)
(6/19) Installing libuuid (2.33-r0)
(7/19) Installing libblkid (2.33-r0)
(8/19) Installing libmount (2.33-r0)
(9/19) Installing pcre (8.42-r1)
(10/19) Installing zlib (1.2.11-r1)
(11/19) Installing glib (2.58.1-r3)
(12/19) Installing gmp (6.1.2-r1)
(13/19) Installing nettle (3.4.1-r0)
(14/19) Installing p11-kit (0.23.14-r0)
(15/19) Installing libtasn1 (4.14-r0)
(16/19) Installing libunistring (0.9.10-r0)
(17/19) Installing gnutls (3.6.14-r0)
(18/19) Installing qemu-img (3.1.0-r3)
(19/19) Installing tar (1.32-r0)
Executing busybox-1.29.3-r10.trigger
Executing glib-2.58.1-r3.trigger
OK: 16 MiB in 19 packages
 ---> 1f107aa57914
Removing intermediate container e54cb2c2a10c
Step 4/17 : FROM lfedge/eve-mkimage-iso-efi:5.9.0-arm64 as iso
 ---> 00c4193078ca
Step 5/17 : FROM lfedge/eve-mkimage-raw-efi:5.9.0-arm64 as raw
 ---> 75615f648e48
Step 6/17 : RUN rm /initrd.img
 ---> Running in 4a8067f2719b
 ---> abfc781ca608
Removing intermediate container 4a8067f2719b
Step 7/17 : FROM lfedge/eve-mkconf:5.9.0-arm64 as conf
 ---> 01c4d3e1f9a4
Step 8/17 : COPY --from=iso / /
 ---> 2a80b5c39468
Step 9/17 : COPY --from=raw / /
 ---> f67ec37c5639
Step 10/17 : COPY --from=tools /out/ /
 ---> e9d00be2e34a
Step 11/17 : COPY installer /bits
 ---> 4418d4153ef3
Step 12/17 : COPY OVMF* /firmware/
 ---> 6a5c4cae2f28
Step 13/17 : COPY runme.sh /
 ---> 49ad71cfff66
Step 14/17 : RUN mkdir /in /out
 ---> Running in 414a9839388e
 ---> caa3501f6261
Removing intermediate container 414a9839388e
Step 15/17 : WORKDIR /bits
 ---> 456d54e77803
Removing intermediate container 79304eb7208e
Step 16/17 : ENTRYPOINT /runme.sh
 ---> Running in e0b23ac49628
 ---> b4f5a70a34c6
Removing intermediate container e0b23ac49628
Step 17/17 : LABEL org.mobyproject.linuxkit.revision 'unknown' org.mobyproject.linuxkit.version 'unknown' org.opencontainers.image.revision '5d02bd951273aa5dc44a6fcddfa43326cf44bedd' org.opencontainers.image.source 'https://github.com/linuxkit/linuxkit'
 ---> Running in e740e799f4a3
 ---> ae935f9909e9
Removing intermediate container e740e799f4a3
Successfully built ae935f9909e9
Successfully tagged lfedge/eve:5.9.0-xen-arm64
Pushing lfedge/eve:5.9.0-xen-arm64
The push refers to a repository [docker.io/lfedge/eve]
b31a0aca5168: Preparing
b194d5d2f172: Preparing
e866e84f9b3d: Preparing
c3919dd55ce9: Preparing
61f782577b13: Preparing
79d91e14d8af: Preparing
5c1764b243b5: Preparing
4cf08b7b18c4: Preparing
79d91e14d8af: Waiting
5c1764b243b5: Waiting
4cf08b7b18c4: Waiting
b194d5d2f172: Pushed
b31a0aca5168: Pushed
79d91e14d8af: Layer already exists
5c1764b243b5: Layer already exists
e866e84f9b3d: Pushed
4cf08b7b18c4: Layer already exists
61f782577b13: Pushed
c3919dd55ce9: Pushed
5.9.0-xen-arm64: digest: sha256:95740d668c3ccbf80e9537deb71129b873893bedf792c154e31f439ff66140bf size: 1999
Pushing lfedge/eve:5.9.0-xen-arm64 to manifest lfedge/eve:5.9.0-xen
time="2020-08-14T08:27:43+02:00" level=warning msg="Couldn't find or access image reference \"lfedge/eve:5.9.0-xen-s390x\". Skipping image."
Digest: sha256:5fa3460e8bed281dea29ee131240b1b0e87b6f2dc7070c8f146330ed34cd2532 743
Not signing lfedge/eve:5.9.0-xen
Tagging lfedge/eve:5.9.0-xen-arm64 as lfedge/eve:latest-arm64
Pushing lfedge/eve:latest-arm64
The push refers to a repository [docker.io/lfedge/eve]
b31a0aca5168: Preparing
b194d5d2f172: Preparing
e866e84f9b3d: Preparing
c3919dd55ce9: Preparing
61f782577b13: Preparing
79d91e14d8af: Preparing
5c1764b243b5: Preparing
4cf08b7b18c4: Preparing
79d91e14d8af: Waiting
5c1764b243b5: Waiting
4cf08b7b18c4: Waiting
b194d5d2f172: Layer already exists
61f782577b13: Layer already exists
b31a0aca5168: Layer already exists
e866e84f9b3d: Layer already exists
c3919dd55ce9: Layer already exists
79d91e14d8af: Layer already exists
5c1764b243b5: Layer already exists
4cf08b7b18c4: Layer already exists
latest-arm64: digest: sha256:95740d668c3ccbf80e9537deb71129b873893bedf792c154e31f439ff66140bf size: 1999
Pushing lfedge/eve:latest-arm64 to manifest lfedge/eve:latest
time="2020-08-14T08:27:55+02:00" level=warning msg="Couldn't find or access image reference \"lfedge/eve:latest-s390x\". Skipping image."
Digest: sha256:5fa3460e8bed281dea29ee131240b1b0e87b6f2dc7070c8f146330ed34cd2532 743
Not signing lfedge/eve:latest
Build, push and release of "latest" complete, all done.
rm images/rootfs-xen.yml images/rootfs-xen.yml.in
Skipping repository .go/pkg/dep/sources/https---github.com-linuxkit-linuxkit
Skipping repository .go/pkg/dep/sources/https---github.com-moby-hyperkit
Skipping repository .go/pkg/dep/sources/https---github.com-gorilla-context
Skipping repository .go/pkg/dep/sources/https---github.com-theupdateframework-notary
Skipping repository .go/pkg/dep/sources/https---github.com-mitchellh-go--ps
Skipping repository .go/pkg/dep/sources/https---github.com-golang-appengine
Skipping repository .go/pkg/dep/sources/https---github.com-xeipuuv-gojsonschema
Skipping repository .go/pkg/dep/sources/https---go.googlesource.com-net
Skipping repository .go/pkg/dep/sources/https---github.com-xeipuuv-gojsonpointer
Skipping repository .go/pkg/dep/sources/https---github.com-Azure-azure--sdk--for--go
Skipping repository .go/pkg/dep/sources/https---github.com-moby-tool
Skipping repository .go/pkg/dep/sources/https---github.com-Azure-go--ansiterm
Skipping repository .go/pkg/dep/sources/https---github.com-moby-vpnkit
Skipping repository .go/pkg/dep/sources/https---github.com-moul-anonuuid
Skipping repository .go/pkg/dep/sources/https---github.com-Azure-go--autorest
Skipping repository .go/pkg/dep/sources/https---github.com-moul-gotty--client
Skipping repository .go/pkg/dep/sources/https---github.com-Microsoft-go--winio
Skipping repository .go/pkg/dep/sources/https---github.com-agl-ed25519
Skipping repository .go/pkg/dep/sources/https---github.com-aws-aws--sdk--go
Skipping repository .go/pkg/dep/sources/https---github.com-containerd-containerd
Skipping repository .go/pkg/dep/sources/https---github.com-opencontainers-go--digest
Skipping repository .go/pkg/dep/sources/https---github.com-opencontainers-image--spec
Skipping repository .go/pkg/dep/sources/https---github.com-opencontainers-runtime--spec
Skipping repository .go/pkg/dep/sources/https---github.com-packethost-packngo
Skipping repository .go/pkg/dep/sources/https---github.com-pkg-errors
Skipping repository .go/pkg/dep/sources/https---github.com-radu--matei-azure--sdk--for--go
Skipping repository .go/pkg/dep/sources/https---github.com-radu--matei-azure--vhd--utils
Skipping repository .go/pkg/dep/sources/https---github.com-renstrom-fuzzysearch
Skipping repository .go/pkg/dep/sources/https---github.com-rn-iso9660wrap
Skipping repository .go/pkg/dep/sources/https---github.com-creack-goselect
Skipping repository .go/pkg/dep/sources/https---github.com-dgrijalva-jwt--go
Skipping repository .go/pkg/dep/sources/https---github.com-docker-distribution
Skipping repository .go/pkg/dep/sources/https---github.com-docker-docker
Skipping repository .go/pkg/dep/sources/https---github.com-docker-go
Skipping repository .go/pkg/dep/sources/https---github.com-docker-go--connections
Skipping repository .go/pkg/dep/sources/https---github.com-docker-go--units
Skipping repository .go/pkg/dep/sources/https---github.com-jmespath-go--jmespath
Skipping repository .go/pkg/dep/sources/https---github.com-scaleway-go--scaleway
Skipping repository .go/pkg/dep/sources/https---github.com-go--ini-ini
Skipping repository .go/pkg/dep/sources/https---github.com-gorilla-mux
Skipping repository .go/pkg/dep/sources/https---github.com-gogo-protobuf
Skipping repository .go/pkg/dep/sources/https---github.com-gorilla-websocket
Skipping repository .go/pkg/dep/sources/https---github.com-vmware-govmomi
Skipping repository .go/pkg/dep/sources/https---github.com-sirupsen-logrus
Skipping repository .go/pkg/dep/sources/https---gopkg.in-yaml.v2
Skipping repository .go/pkg/dep/sources/https---github.com-golang-protobuf
Skipping repository .go/pkg/dep/sources/https---github.com-docker-go--p9p
Skipping repository .go/pkg/dep/sources/https---github.com-google-uuid
Skipping repository .go/pkg/dep/sources/https---github.com-gophercloud-gophercloud
Skipping repository .go/pkg/dep/sources/https---github.com-xeipuuv-gojsonreference
Skipping repository .go/pkg/dep/sources/https---github.com-moby-datakit
Skipping repository .go/pkg/dep/sources/https---github.com-surma-gocpio
Skipping repository .go/pkg/dep/sources/https---github.com-miekg-pkcs11
Skipping repository .go/pkg/dep/sources/https---go.googlesource.com-sync
Skipping repository .go/pkg/dep/sources/https---go.googlesource.com-oauth2
Skipping repository .go/pkg/dep/sources/https---code.googlesource.com-gocloud
Skipping repository .go/pkg/dep/sources/https---go.googlesource.com-sys
Skipping repository .go/pkg/dep/sources/https---go.googlesource.com-crypto
Skipping repository .go/pkg/dep/sources/https---code.googlesource.com-google--api--go--client
Skipping repository .go/pkg/dep/sources/https---github.com-census--instrumentation-opencensus--go
Skipping repository .go/pkg/dep/sources/https---github.com-googleapis-gax--go
Skipping repository .go/pkg/dep/sources/https---github.com-grpc-grpc--go
Skipping repository .go/pkg/dep/sources/https---github.com-konsorten-go--windows--terminal--sequences
Skipping repository .go/pkg/dep/sources/https---github.com-golang-groupcache
Skipping repository .go/pkg/dep/sources/https---github.com-google-go--genproto
Skipping repository .go/pkg/dep/sources/https---go.googlesource.com-text
Removing .go/src
Removing .go/bin
Removing build-tools/bin/linuxkit
Removing build-tools/bin/manifest-tool
Removing dist/
HEAD is now at 2ed2e31e fix environment variables parsing
Creating go builder image for user zededa-ci
The command '/bin/sh -c curl -L -s -o /usr/local/bin/protodot https://github.com/seamia/protodot/raw/master/binaries/protodot-linux-amd64 && chmod +x /usr/local/bin/protodot && protodot -install' returned a non-zero code: 2
Makefile:396: recipe for target 'eve-build-zededa-ci' failed
make: *** [eve-build-zededa-ci] Error 2
Creating go builder image for user zededa-ci
The command '/bin/sh -c curl -L -s -o /usr/local/bin/protodot https://github.com/seamia/protodot/raw/master/binaries/protodot-linux-amd64 && chmod +x /usr/local/bin/protodot && protodot -install' returned a non-zero code: 2
Makefile:396: recipe for target 'eve-build-zededa-ci' failed
make: *** [eve-build-zededa-ci] Error 2
Creating go builder image for user zededa-ci
The command '/bin/sh -c curl -L -s -o /usr/local/bin/protodot https://github.com/seamia/protodot/raw/master/binaries/protodot-linux-amd64 && chmod +x /usr/local/bin/protodot && protodot -install' returned a non-zero code: 2
Makefile:396: recipe for target 'eve-build-zededa-ci' failed
make: *** [eve-build-zededa-ci] Error 2
Creating go builder image for user zededa-ci
The command '/bin/sh -c curl -L -s -o /usr/local/bin/protodot https://github.com/seamia/protodot/raw/master/binaries/protodot-linux-amd64 && chmod +x /usr/local/bin/protodot && protodot -install' returned a non-zero code: 2
Makefile:396: recipe for target 'eve-build-zededa-ci' failed
make: *** [eve-build-zededa-ci] Error 2
Creating go builder image for user zededa-ci
The command '/bin/sh -c curl -L -s -o /usr/local/bin/protodot https://github.com/seamia/protodot/raw/master/binaries/protodot-linux-amd64 && chmod +x /usr/local/bin/protodot && protodot -install' returned a non-zero code: 2
Makefile:396: recipe for target 'eve-build-zededa-ci' failed
make: *** [eve-build-zededa-ci] Error 2
FINISHED
